
VVCSoftware: VTM Encoder Version 23.11 [Windows][VS 1944][64 bit] [SIMD=AVX2] 

TOOL CFG: IBD:1 HAD:1 RDQ:1 RDQTS:1 LQP:0 SQP:0 ASR:1 MinSearchWindow:96 RestrictMESampling:0 FEN:1 ECU:0 FDM:1 ESD:0 TransformSkip:1 TransformSkipFast:1 TransformSkipLog2MaxSize:5 ChromaTS:1 BDPCM:0 Tiles: 1x1 Slices: 1 MCTS:0 SAO:0 ALF:1 CCALF:1 MaxNumALFAPS 8 AlfapsIDShift 0 ConstantJointCbCrSignFlagWPP:0 WPB:0 PME:2  WaveFrontSynchro:0 WaveFrontSubstreams:1 ScalingList:0 TMVPMode:1  DQ:1  SignBitHidingFlag:0 RecalQP:0 
TOOL CFG: LFNST:1 MMVD:1 Affine:1 AffineType:1 AdaptBypassAffineMe:0 PROF:1 SbTMVP:1 DualITree:1 IMV:1 BIO:1 LMChroma:1 HorCollocatedChroma:1 VerCollocatedChroma:0 MTS:1(explicit intra) SBT:1 ISP:1 SMVD:1 CompositeLTReference:0 Bcw:1 BcwFast:1 LADF:0 CIIP:1 Geo:1 AllowDisFracMMVD:1 AffineAmvr:1 AffineAmvrEncOpt:1 AffineAmvp:1 DMVR:1 MmvdDisNum:6 JointCbCr:1 ACT:0 PLT:0 IBC:0 HashME:0 WrapAround:0 VirtualBoundariesEnabledFlag:0 VirtualBoundariesPresentInSPSFlag:1 vertical virtual boundaries:[ ] horizontal virtual boundaries:[ ] Reshape:1 (Signal:SDR Opt:0 CSoffset:6) MRL:1 MIP:1 EncDbOpt:1 AlfLambdaOpt:0 
FAST TOOL CFG: LCTUFast:1 FastMrg:1 MaxMergeRdCandNumTotal:7 MergeRdCandQuotaRegular:4 MergeRdCandQuotaRegularSmallBlk:4 MergeRdCandQuotaSubBlk:2 MergeRdCandQuotaCiip:1 MergeRdCandQuotaGpm:8 PBIntraFast:1 IMV4PelFast:1 MTSMaxCand: 4(intra) 4(inter) ISPFast:0 FastLFNST:0 AMaxBT:1 E0023FastEnc:1 ContentBasedFastQtbt:0 UseNonLinearAlfLuma:1 UseNonLinearAlfChroma:1 MaxNumAlfAlternativesChroma:8 FastMIP:0 TTFastSkip:31 TTFastSkipThr:1.075 FastLocalDualTree:1 RPR:0 TemporalFilter:4/4 SEI CTI:0 BIM:0 SEI FGC:0 SEI processing Order:0 DPF:0 


 started @ Mon Aug 18 17:34:19 2025
POC    0 LId:  0 TId: 0 ( IDR_N_LP, I-SLICE, QP 19 )     241280 bits [Y 42.5661 dB    U 44.3842 dB    V 46.4099 dB] [ET    35 ] [L0] [L1]
POC   32 LId:  0 TId: 0 ( TRAIL, B-SLICE, QP 21 )     150464 bits [Y 41.1001 dB    U 43.2671 dB    V 44.3664 dB] [ET    73 ] [L0 0] [L1 0c]
POC   16 LId:  0 TId: 1 ( STSA, B-SLICE, QP 22 )      93728 bits [Y 39.8645 dB    U 42.0050 dB    V 44.3835 dB] [ET    49 ] [L0 0 32] [L1 32c]
POC    8 LId:  0 TId: 2 ( TRAIL, B-SLICE, QP 23 )      58848 bits [Y 39.6953 dB    U 42.3523 dB    V 44.5239 dB] [ET    44 ] [L0 0 16 32] [L1 16c 32]
POC    4 LId:  0 TId: 3 ( TRAIL, B-SLICE, QP 26 )      25632 bits [Y 39.1087 dB    U 42.4905 dB    V 44.6921 dB] [ET    33 ] [L0 0 8 16] [L1 8c 16 32]
POC    2 LId:  0 TId: 4 ( TRAIL, B-SLICE, QP 28 )      11872 bits [Y 39.1304 dB    U 42.9810 dB    V 45.1353 dB] [ET    23 ] [L0 0 4 8] [L1 4c 8 16 32]
POC    1 LId:  0 TId: 5 ( TRAIL, B-SLICE, QP 29 )       4952 bits [Y 39.8003 dB    U 43.3002 dB    V 45.4690 dB] [ET     8 ] [L0 0] [L1 2c 4]
POC    3 LId:  0 TId: 5 ( TRAIL, B-SLICE, QP 29 )       5032 bits [Y 38.6577 dB    U 42.5425 dB    V 44.5853 dB] [ET     9 ] [L0 2c 0] [L1 4 8]
POC    6 LId:  0 TId: 4 ( TRAIL, B-SLICE, QP 28 )      10328 bits [Y 38.3286 dB    U 42.0317 dB    V 44.0606 dB] [ET    18 ] [L0 4c 2 0] [L1 8 16 32]
POC    5 LId:  0 TId: 5 ( TRAIL, B-SLICE, QP 29 )       4656 bits [Y 38.2828 dB    U 42.2385 dB    V 44.3336 dB] [ET     9 ] [L0 4 0] [L1 6c 8]
POC    7 LId:  0 TId: 5 ( TRAIL, B-SLICE, QP 29 )       4920 bits [Y 38.4496 dB    U 42.0970 dB    V 44.2204 dB] [ET    10 ] [L0 6c 4] [L1 8 16]
POC   12 LId:  0 TId: 3 ( TRAIL, B-SLICE, QP 26 )      27912 bits [Y 38.8463 dB    U 41.8183 dB    V 44.2429 dB] [ET    27 ] [L0 8c 4 0] [L1 16 32]
POC   10 LId:  0 TId: 4 ( TRAIL, B-SLICE, QP 28 )      11512 bits [Y 38.2688 dB    U 41.6456 dB    V 44.0799 dB] [ET    17 ] [L0 8 6 4 0] [L1 12c 16 32]
POC    9 LId:  0 TId: 5 ( TRAIL, B-SLICE, QP 29 )       5168 bits [Y 38.3540 dB    U 41.8911 dB    V 44.3107 dB] [ET    11 ] [L0 8 4] [L1 10c 12]
POC   11 LId:  0 TId: 5 ( TRAIL, B-SLICE, QP 29 )       5728 bits [Y 37.9552 dB    U 41.5798 dB    V 44.0630 dB] [ET    12 ] [L0 10c 8] [L1 12 16]
POC   14 LId:  0 TId: 4 ( TRAIL, B-SLICE, QP 28 )      12192 bits [Y 38.3233 dB    U 41.5553 dB    V 44.0249 dB] [ET    17 ] [L0 12c 10 8 0] [L1 16 32]
POC   13 LId:  0 TId: 5 ( TRAIL, B-SLICE, QP 29 )       6688 bits [Y 38.1006 dB    U 41.4603 dB    V 44.0140 dB] [ET    11 ] [L0 12 8] [L1 14c 16]
POC   15 LId:  0 TId: 5 ( TRAIL, B-SLICE, QP 29 )       5936 bits [Y 38.4105 dB    U 41.6664 dB    V 44.0517 dB] [ET    12 ] [L0 14c 12] [L1 16 32]
POC   24 LId:  0 TId: 2 ( TRAIL, B-SLICE, QP 23 )      69024 bits [Y 39.5218 dB    U 41.9510 dB    V 43.8070 dB] [ET    45 ] [L0 16c 8 0] [L1 32]
POC   20 LId:  0 TId: 3 ( TRAIL, B-SLICE, QP 26 )      34040 bits [Y 38.5938 dB    U 41.0437 dB    V 43.4997 dB] [ET    30 ] [L0 16 8 0] [L1 24c 32]
POC   18 LId:  0 TId: 4 ( TRAIL, B-SLICE, QP 28 )      13232 bits [Y 38.1720 dB    U 41.4437 dB    V 43.7927 dB] [ET    17 ] [L0 16 8 0] [L1 20c 24 32]
POC   17 LId:  0 TId: 5 ( TRAIL, B-SLICE, QP 29 )       5640 bits [Y 38.4063 dB    U 41.6682 dB    V 44.0976 dB] [ET    11 ] [L0 16 8] [L1 18c 20]
POC   19 LId:  0 TId: 5 ( TRAIL, B-SLICE, QP 29 )       6048 bits [Y 37.8571 dB    U 41.1498 dB    V 43.6044 dB] [ET    11 ] [L0 18c 16] [L1 20 24]
POC   22 LId:  0 TId: 4 ( TRAIL, B-SLICE, QP 28 )      15440 bits [Y 37.9287 dB    U 40.4774 dB    V 43.2328 dB] [ET    21 ] [L0 20c 16 0] [L1 24 32 18]
POC   21 LId:  0 TId: 5 ( TRAIL, B-SLICE, QP 29 )       5648 bits [Y 37.7458 dB    U 40.8511 dB    V 43.4532 dB] [ET    11 ] [L0 20 16] [L1 22c 24]
POC   23 LId:  0 TId: 5 ( TRAIL, B-SLICE, QP 29 )       7008 bits [Y 38.1107 dB    U 40.8861 dB    V 43.6079 dB] [ET    15 ] [L0 22c 20] [L1 24 32]
POC   28 LId:  0 TId: 3 ( TRAIL, B-SLICE, QP 26 )      43680 bits [Y 38.8992 dB    U 41.7416 dB    V 43.0396 dB] [ET    36 ] [L0 24c 20 16 0] [L1 32]
POC   26 LId:  0 TId: 4 ( TRAIL, B-SLICE, QP 28 )      21944 bits [Y 38.1597 dB    U 41.3430 dB    V 43.1898 dB] [ET    23 ] [L0 24 20 16 0] [L1 28c 32]
POC   25 LId:  0 TId: 5 ( TRAIL, B-SLICE, QP 29 )      10368 bits [Y 38.1787 dB    U 41.4380 dB    V 43.3308 dB] [ET    17 ] [L0 24 20] [L1 26c 28]
POC   27 LId:  0 TId: 5 ( TRAIL, B-SLICE, QP 29 )      14352 bits [Y 37.8344 dB    U 41.1986 dB    V 42.8927 dB] [ET    19 ] [L0 26c 24] [L1 28 32]
POC   30 LId:  0 TId: 4 ( TRAIL, B-SLICE, QP 28 )      26144 bits [Y 38.2108 dB    U 41.5700 dB    V 42.5193 dB] [ET    28 ] [L0 28c 24 16 0] [L1 32]
POC   29 LId:  0 TId: 5 ( TRAIL, B-SLICE, QP 29 )      17312 bits [Y 37.8786 dB    U 41.2649 dB    V 42.2980 dB] [ET    20 ] [L0 28 24] [L1 30c 32]
POC   31 LId:  0 TId: 5 ( TRAIL, B-SLICE, QP 29 )      16160 bits [Y 38.3305 dB    U 41.8054 dB    V 42.9117 dB] [ET    18 ] [L0 30c 28] [L1 32]

LayerId  0
	Total Frames |  Bitrate      Y-PSNR   U-PSNR   V-PSNR   YUV-PSNR 
	33           a  1504.3758    38.6991  41.8527  43.9468  39.5920  

 finished @ Mon Aug 18 17:46:38 2025
 Total Time:      738.685 sec. [user]      738.684 sec. [elapsed]
