
VVCSoftware: VTM Encoder Version 23.11 [Windows][VS 1944][64 bit] [SIMD=AVX2] 

TOOL CFG: IBD:1 HAD:1 RDQ:0 RDQTS:0 LQP:0 SQP:0 ASR:1 MinSearchWindow:96 RestrictMESampling:0 FEN:1 ECU:0 FDM:1 ESD:0 TransformSkip:1 TransformSkipFast:1 TransformSkipLog2MaxSize:5 ChromaTS:1 BDPCM:0 Tiles: 1x1 Slices: 1 MCTS:0 SAO:1 ALF:1 CCALF:1 MaxNumALFAPS 8 AlfapsIDShift 0 ConstantJointCbCrSignFlagWPP:0 WPB:0 PME:2  WaveFrontSynchro:0 WaveFrontSubstreams:1 ScalingList:0 TMVPMode:1  DQ:0  SignBitHidingFlag:0 RecalQP:0 
TOOL CFG: LFNST:1 MMVD:1 Affine:1 AffineType:1 AdaptBypassAffineMe:0 PROF:1 SbTMVP:1 DualITree:1 IMV:1 BIO:1 LMChroma:1 HorCollocatedChroma:1 VerCollocatedChroma:0 MTS:1(explicit intra) SBT:1 ISP:1 SMVD:1 CompositeLTReference:0 Bcw:1 BcwFast:1 LADF:0 CIIP:1 Geo:1 AllowDisFracMMVD:1 AffineAmvr:1 AffineAmvrEncOpt:1 AffineAmvp:1 DMVR:1 MmvdDisNum:6 JointCbCr:1 ACT:0 PLT:0 IBC:0 HashME:0 WrapAround:0 VirtualBoundariesEnabledFlag:0 VirtualBoundariesPresentInSPSFlag:1 vertical virtual boundaries:[ ] horizontal virtual boundaries:[ ] Reshape:1 (Signal:SDR Opt:0 CSoffset:6) MRL:1 MIP:1 EncDbOpt:1 AlfLambdaOpt:0 
FAST TOOL CFG: LCTUFast:1 FastMrg:1 MaxMergeRdCandNumTotal:7 MergeRdCandQuotaRegular:4 MergeRdCandQuotaRegularSmallBlk:4 MergeRdCandQuotaSubBlk:2 MergeRdCandQuotaCiip:1 MergeRdCandQuotaGpm:8 PBIntraFast:1 IMV4PelFast:1 MTSMaxCand: 4(intra) 4(inter) ISPFast:0 FastLFNST:0 AMaxBT:1 E0023FastEnc:1 ContentBasedFastQtbt:0 UseNonLinearAlfLuma:1 UseNonLinearAlfChroma:1 MaxNumAlfAlternativesChroma:8 FastMIP:0 TTFastSkip:31 TTFastSkipThr:1.075 FastLocalDualTree:1 RPR:0 TemporalFilter:4/4 SEI CTI:0 BIM:0 SEI FGC:0 SEI processing Order:0 DPF:0 


 started @ Mon Aug 18 18:40:27 2025
POC    0 LId:  0 TId: 0 ( IDR_N_LP, I-SLICE, QP 29 )     264768 bits [Y 38.9131 dB    U 43.9611 dB    V 44.9200 dB] [ET    90 ] [L0] [L1]
POC   32 LId:  0 TId: 0 ( TRAIL, B-SLICE, QP 31 )     197808 bits [Y 38.3505 dB    U 43.0346 dB    V 43.7621 dB] [ET   413 ] [L0 0] [L1 0c]
POC   16 LId:  0 TId: 1 ( STSA, B-SLICE, QP 34 )      88808 bits [Y 38.2189 dB    U 43.1584 dB    V 43.5453 dB] [ET   283 ] [L0 0 32] [L1 32c]
POC    8 LId:  0 TId: 2 ( TRAIL, B-SLICE, QP 35 )      65768 bits [Y 37.9952 dB    U 43.0937 dB    V 43.3312 dB] [ET   236 ] [L0 0 16 32] [L1 16c 32]
POC    4 LId:  0 TId: 3 ( TRAIL, B-SLICE, QP 38 )      39176 bits [Y 37.7473 dB    U 43.1869 dB    V 43.3571 dB] [ET   188 ] [L0 0 8 16] [L1 8c 16 32]
POC    2 LId:  0 TId: 4 ( TRAIL, B-SLICE, QP 40 )      24368 bits [Y 37.7133 dB    U 43.3874 dB    V 43.4911 dB] [ET   133 ] [L0 0 4 8] [L1 4c 8 16 32]
POC    1 LId:  0 TId: 5 ( TRAIL, B-SLICE, QP 41 )      13536 bits [Y 37.8080 dB    U 43.6219 dB    V 43.7505 dB] [ET    69 ] [L0 0] [L1 2c 4]
POC    3 LId:  0 TId: 5 ( TRAIL, B-SLICE, QP 41 )      14304 bits [Y 37.4430 dB    U 43.1976 dB    V 43.1068 dB] [ET    79 ] [L0 2c 0] [L1 4 8]
POC    6 LId:  0 TId: 4 ( TRAIL, B-SLICE, QP 40 )      26352 bits [Y 37.3390 dB    U 42.9784 dB    V 42.9190 dB] [ET   136 ] [L0 4c 2 0] [L1 8 16 32]
POC    5 LId:  0 TId: 5 ( TRAIL, B-SLICE, QP 41 )      15496 bits [Y 37.2810 dB    U 43.0856 dB    V 42.8655 dB] [ET    77 ] [L0 4 0] [L1 6c 8]
POC    7 LId:  0 TId: 5 ( TRAIL, B-SLICE, QP 41 )      14688 bits [Y 37.2988 dB    U 43.0151 dB    V 42.8355 dB] [ET    75 ] [L0 6c 4] [L1 8 16]
POC   12 LId:  0 TId: 3 ( TRAIL, B-SLICE, QP 38 )      35432 bits [Y 37.7580 dB    U 43.0585 dB    V 43.4425 dB] [ET   174 ] [L0 8c 4 0] [L1 16 32]
POC   10 LId:  0 TId: 4 ( TRAIL, B-SLICE, QP 40 )      22360 bits [Y 37.4529 dB    U 43.0678 dB    V 43.1134 dB] [ET   139 ] [L0 8 6 4 0] [L1 12c 16 32]
POC    9 LId:  0 TId: 5 ( TRAIL, B-SLICE, QP 41 )      13440 bits [Y 37.3780 dB    U 43.0291 dB    V 42.9470 dB] [ET    78 ] [L0 8 4] [L1 10c 12]
POC   11 LId:  0 TId: 5 ( TRAIL, B-SLICE, QP 41 )      10784 bits [Y 37.3850 dB    U 42.9915 dB    V 43.0165 dB] [ET    67 ] [L0 10c 8] [L1 12 16]
POC   14 LId:  0 TId: 4 ( TRAIL, B-SLICE, QP 40 )      18592 bits [Y 37.6316 dB    U 43.0422 dB    V 43.3971 dB] [ET   114 ] [L0 12c 10 8 0] [L1 16 32]
POC   13 LId:  0 TId: 5 ( TRAIL, B-SLICE, QP 41 )       9416 bits [Y 37.5175 dB    U 42.9651 dB    V 43.2090 dB] [ET    61 ] [L0 12 8] [L1 14c 16]
POC   15 LId:  0 TId: 5 ( TRAIL, B-SLICE, QP 41 )       9304 bits [Y 37.6557 dB    U 43.0764 dB    V 43.3463 dB] [ET    62 ] [L0 14c 12] [L1 16 32]
POC   24 LId:  0 TId: 2 ( TRAIL, B-SLICE, QP 35 )      73784 bits [Y 37.9530 dB    U 42.6752 dB    V 43.1243 dB] [ET   217 ] [L0 16c 8 0] [L1 32]
POC   20 LId:  0 TId: 3 ( TRAIL, B-SLICE, QP 38 )      36904 bits [Y 37.7667 dB    U 42.8870 dB    V 43.3231 dB] [ET   180 ] [L0 16 8 0] [L1 24c 32]
POC   18 LId:  0 TId: 4 ( TRAIL, B-SLICE, QP 40 )      19192 bits [Y 37.5859 dB    U 42.8743 dB    V 43.1653 dB] [ET   122 ] [L0 16 8 0] [L1 20c 24 32]
POC   17 LId:  0 TId: 5 ( TRAIL, B-SLICE, QP 41 )       8576 bits [Y 37.6287 dB    U 42.9920 dB    V 43.2298 dB] [ET    58 ] [L0 16 8] [L1 18c 20]
POC   19 LId:  0 TId: 5 ( TRAIL, B-SLICE, QP 41 )       9392 bits [Y 37.4650 dB    U 42.8012 dB    V 43.1769 dB] [ET    61 ] [L0 18c 16] [L1 20 24]
POC   22 LId:  0 TId: 4 ( TRAIL, B-SLICE, QP 40 )      21528 bits [Y 37.4745 dB    U 42.7409 dB    V 42.9968 dB] [ET   129 ] [L0 20c 16 0] [L1 24 32 18]
POC   21 LId:  0 TId: 5 ( TRAIL, B-SLICE, QP 41 )      10408 bits [Y 37.4184 dB    U 42.6713 dB    V 43.0161 dB] [ET    63 ] [L0 20 16] [L1 22c 24]
POC   23 LId:  0 TId: 5 ( TRAIL, B-SLICE, QP 41 )      11632 bits [Y 37.3868 dB    U 42.6236 dB    V 42.9445 dB] [ET    67 ] [L0 22c 20] [L1 24 32]
POC   28 LId:  0 TId: 3 ( TRAIL, B-SLICE, QP 38 )      50584 bits [Y 37.3219 dB    U 42.4639 dB    V 42.8818 dB] [ET   204 ] [L0 24c 20 16 0] [L1 32]
POC   26 LId:  0 TId: 4 ( TRAIL, B-SLICE, QP 40 )      25208 bits [Y 37.1350 dB    U 42.5301 dB    V 42.8846 dB] [ET   139 ] [L0 24 20 16 0] [L1 28c 32]
POC   25 LId:  0 TId: 5 ( TRAIL, B-SLICE, QP 41 )      12680 bits [Y 37.2016 dB    U 42.5592 dB    V 42.9258 dB] [ET    70 ] [L0 24 20] [L1 26c 28]
POC   27 LId:  0 TId: 5 ( TRAIL, B-SLICE, QP 41 )      13712 bits [Y 36.9181 dB    U 42.4480 dB    V 42.6949 dB] [ET    72 ] [L0 26c 24] [L1 28 32]
POC   30 LId:  0 TId: 4 ( TRAIL, B-SLICE, QP 40 )      25576 bits [Y 37.1437 dB    U 42.5838 dB    V 43.0122 dB] [ET   131 ] [L0 28c 24 16 0] [L1 32]
POC   29 LId:  0 TId: 5 ( TRAIL, B-SLICE, QP 41 )      13088 bits [Y 36.9013 dB    U 42.4797 dB    V 42.7833 dB] [ET    68 ] [L0 28 24] [L1 30c 32]
POC   31 LId:  0 TId: 5 ( TRAIL, B-SLICE, QP 41 )      12408 bits [Y 37.2906 dB    U 42.8283 dB    V 43.2063 dB] [ET    64 ] [L0 30c 28] [L1 32]

LayerId  0
	Total Frames |  Bitrate      Y-PSNR   U-PSNR   V-PSNR   YUV-PSNR 
	33           a  1862.2303    37.5599  42.9427  43.2037  38.7324  

 finished @ Mon Aug 18 19:49:08 2025
 Total Time:     4121.061 sec. [user]     4121.061 sec. [elapsed]
