
VVCSoftware: VTM Encoder Version 23.11 [Windows][VS 1944][64 bit] [SIMD=AVX2] 

TOOL CFG: IBD:1 HAD:1 RDQ:1 RDQTS:1 LQP:0 SQP:0 ASR:1 MinSearchWindow:96 RestrictMESampling:0 FEN:1 ECU:0 FDM:1 ESD:0 TransformSkip:1 TransformSkipFast:1 TransformSkipLog2MaxSize:5 ChromaTS:1 BDPCM:0 Tiles: 1x1 Slices: 1 MCTS:0 SAO:1 ALF:1 CCALF:1 MaxNumALFAPS 8 AlfapsIDShift 0 ConstantJointCbCrSignFlagWPP:0 WPB:0 PME:2  WaveFrontSynchro:0 WaveFrontSubstreams:1 ScalingList:0 TMVPMode:1  DQ:1  SignBitHidingFlag:0 RecalQP:0 
TOOL CFG: LFNST:1 MMVD:1 Affine:1 AffineType:1 AdaptBypassAffineMe:0 PROF:1 SbTMVP:1 DualITree:1 IMV:1 BIO:1 LMChroma:1 HorCollocatedChroma:1 VerCollocatedChroma:0 MTS:1(explicit intra) SBT:1 ISP:1 SMVD:1 CompositeLTReference:0 Bcw:1 BcwFast:1 LADF:0 CIIP:1 Geo:1 AllowDisFracMMVD:1 AffineAmvr:1 AffineAmvrEncOpt:1 AffineAmvp:1 DMVR:1 MmvdDisNum:6 JointCbCr:1 ACT:0 PLT:0 IBC:0 HashME:0 WrapAround:0 VirtualBoundariesEnabledFlag:0 VirtualBoundariesPresentInSPSFlag:1 vertical virtual boundaries:[ ] horizontal virtual boundaries:[ ] Reshape:1 (Signal:SDR Opt:0 CSoffset:6) MRL:1 MIP:1 EncDbOpt:1 AlfLambdaOpt:0 
FAST TOOL CFG: LCTUFast:1 FastMrg:1 MaxMergeRdCandNumTotal:7 MergeRdCandQuotaRegular:4 MergeRdCandQuotaRegularSmallBlk:4 MergeRdCandQuotaSubBlk:2 MergeRdCandQuotaCiip:1 MergeRdCandQuotaGpm:8 PBIntraFast:1 IMV4PelFast:1 MTSMaxCand: 4(intra) 4(inter) ISPFast:0 FastLFNST:0 AMaxBT:1 E0023FastEnc:1 ContentBasedFastQtbt:0 UseNonLinearAlfLuma:1 UseNonLinearAlfChroma:1 MaxNumAlfAlternativesChroma:8 FastMIP:0 TTFastSkip:31 TTFastSkipThr:1.075 FastLocalDualTree:1 RPR:0 TemporalFilter:4/4 SEI CTI:0 BIM:0 SEI FGC:0 SEI processing Order:0 DPF:0 


 started @ Wed Sep 24 05:49:53 2025
POC    0 LId:  0 TId: 0 ( IDR_N_LP, I-SLICE, QP 29 )      89968 bits [Y 36.3390 dB    U 38.7141 dB    V 40.7226 dB] [ET    26 ] [L0] [L1]
POC    8 LId:  0 TId: 2 ( STSA, B-SLICE, QP 35 )      12384 bits [Y 33.2308 dB    U 37.4021 dB    V 39.3426 dB] [ET    22 ] [L0 0] [L1 0c]
POC    4 LId:  0 TId: 3 ( TRAIL, B-SLICE, QP 38 )       3808 bits [Y 33.2332 dB    U 37.7588 dB    V 39.5980 dB] [ET    13 ] [L0 0 8] [L1 8c 0]
POC    2 LId:  0 TId: 4 ( TRAIL, B-SLICE, QP 40 )       1960 bits [Y 33.6189 dB    U 38.0236 dB    V 40.0858 dB] [ET     8 ] [L0 0 4 8] [L1 4c 8 0]
POC    1 LId:  0 TId: 5 ( TRAIL, B-SLICE, QP 41 )        744 bits [Y 34.4444 dB    U 38.1374 dB    V 40.2839 dB] [ET     3 ] [L0 0] [L1 2c 4]
POC    3 LId:  0 TId: 5 ( TRAIL, B-SLICE, QP 41 )        960 bits [Y 33.1545 dB    U 37.8630 dB    V 39.7735 dB] [ET     4 ] [L0 2c 0] [L1 4 8]
POC    6 LId:  0 TId: 4 ( TRAIL, B-SLICE, QP 40 )       1736 bits [Y 32.6796 dB    U 37.4492 dB    V 39.1919 dB] [ET     7 ] [L0 4c 2 0] [L1 8 4 2]
POC    5 LId:  0 TId: 5 ( TRAIL, B-SLICE, QP 41 )        696 bits [Y 32.8384 dB    U 37.5475 dB    V 39.3474 dB] [ET     4 ] [L0 4 0] [L1 6c 8]
POC    7 LId:  0 TId: 5 ( TRAIL, B-SLICE, QP 41 )        608 bits [Y 32.7434 dB    U 37.4389 dB    V 39.3200 dB] [ET     3 ] [L0 6c 4] [L1 8 6]
POC   12 LId:  0 TId: 3 ( TRAIL, B-SLICE, QP 38 )       5536 bits [Y 32.2955 dB    U 36.9697 dB    V 39.3309 dB] [ET    17 ] [L0 8 4 0] [L1 8c 4]
POC   10 LId:  0 TId: 4 ( TRAIL, B-SLICE, QP 40 )       1424 bits [Y 32.3179 dB    U 37.2078 dB    V 39.2965 dB] [ET     7 ] [L0 8 6 4 0] [L1 12c 8 6]
POC    9 LId:  0 TId: 5 ( TRAIL, B-SLICE, QP 41 )        472 bits [Y 32.6085 dB    U 37.2528 dB    V 39.3595 dB] [ET     4 ] [L0 8 4] [L1 10c 12]
POC   11 LId:  0 TId: 5 ( TRAIL, B-SLICE, QP 41 )        536 bits [Y 32.0938 dB    U 37.0529 dB    V 39.2928 dB] [ET     3 ] [L0 10c 8] [L1 12 10]
POC   14 LId:  0 TId: 4 ( TRAIL, B-SLICE, QP 40 )       3136 bits [Y 31.4080 dB    U 36.4360 dB    V 38.9339 dB] [ET    11 ] [L0 12 10 8 0] [L1 12c 10]
POC   13 LId:  0 TId: 5 ( TRAIL, B-SLICE, QP 41 )        704 bits [Y 31.8290 dB    U 36.6581 dB    V 39.1289 dB] [ET     3 ] [L0 12 8] [L1 14c 12]
POC   15 LId:  0 TId: 5 ( TRAIL, B-SLICE, QP 41 )       1720 bits [Y 30.8456 dB    U 36.2788 dB    V 38.7613 dB] [ET     5 ] [L0 14 12] [L1 14c 12]

LayerId  0
	Total Frames |  Bitrate      Y-PSNR   U-PSNR   V-PSNR   YUV-PSNR 
	16           a  394.9750     32.8550  37.3869  39.4856  33.8958  

 finished @ Wed Sep 24 05:52:13 2025
 Total Time:      139.751 sec. [user]      139.751 sec. [elapsed]
