
VVCSoftware: VTM Encoder Version 23.11 [Windows][VS 1944][64 bit] [SIMD=AVX2] 

TOOL CFG: IBD:1 HAD:1 RDQ:1 RDQTS:1 LQP:0 SQP:0 ASR:1 MinSearchWindow:96 RestrictMESampling:0 FEN:1 ECU:0 FDM:1 ESD:0 TransformSkip:1 TransformSkipFast:1 TransformSkipLog2MaxSize:5 ChromaTS:1 BDPCM:0 Tiles: 1x1 Slices: 1 MCTS:0 SAO:1 ALF:1 CCALF:1 MaxNumALFAPS 8 AlfapsIDShift 0 ConstantJointCbCrSignFlagWPP:0 WPB:0 PME:2  WaveFrontSynchro:0 WaveFrontSubstreams:1 ScalingList:0 TMVPMode:1  DQ:1  SignBitHidingFlag:0 RecalQP:0 
TOOL CFG: LFNST:1 MMVD:1 Affine:1 AffineType:1 AdaptBypassAffineMe:0 PROF:1 SbTMVP:1 DualITree:1 IMV:1 BIO:1 LMChroma:1 HorCollocatedChroma:1 VerCollocatedChroma:0 MTS:1(explicit intra) SBT:1 ISP:1 SMVD:1 CompositeLTReference:0 Bcw:1 BcwFast:1 LADF:0 CIIP:1 Geo:1 AllowDisFracMMVD:1 AffineAmvr:1 AffineAmvrEncOpt:1 AffineAmvp:1 DMVR:1 MmvdDisNum:6 JointCbCr:1 ACT:0 PLT:0 IBC:0 HashME:0 WrapAround:0 VirtualBoundariesEnabledFlag:0 VirtualBoundariesPresentInSPSFlag:1 vertical virtual boundaries:[ ] horizontal virtual boundaries:[ ] Reshape:1 (Signal:SDR Opt:0 CSoffset:6) MRL:1 MIP:1 EncDbOpt:1 AlfLambdaOpt:0 
FAST TOOL CFG: LCTUFast:0 FastMrg:1 MaxMergeRdCandNumTotal:7 MergeRdCandQuotaRegular:4 MergeRdCandQuotaRegularSmallBlk:4 MergeRdCandQuotaSubBlk:2 MergeRdCandQuotaCiip:1 MergeRdCandQuotaGpm:8 PBIntraFast:1 IMV4PelFast:1 MTSMaxCand: 4(intra) 4(inter) ISPFast:0 FastLFNST:0 AMaxBT:1 E0023FastEnc:1 ContentBasedFastQtbt:0 UseNonLinearAlfLuma:1 UseNonLinearAlfChroma:1 MaxNumAlfAlternativesChroma:8 FastMIP:0 TTFastSkip:31 TTFastSkipThr:1.075 FastLocalDualTree:1 RPR:0 TemporalFilter:4/4 SEI CTI:0 BIM:0 SEI FGC:0 SEI processing Order:0 DPF:0 


 started @ Tue Aug 19 01:38:09 2025
POC    0 LId:  0 TId: 0 ( IDR_N_LP, I-SLICE, QP 34 )     138752 bits [Y 37.5432 dB    U 42.1612 dB    V 42.3832 dB] [ET    68 ] [L0] [L1]
POC   32 LId:  0 TId: 0 ( TRAIL, B-SLICE, QP 36 )     114264 bits [Y 37.0976 dB    U 41.8202 dB    V 41.9182 dB] [ET   336 ] [L0 0] [L1 0c]
POC   16 LId:  0 TId: 1 ( STSA, B-SLICE, QP 40 )      44760 bits [Y 36.6441 dB    U 42.0448 dB    V 41.9293 dB] [ET   184 ] [L0 0 32] [L1 32c]
POC    8 LId:  0 TId: 2 ( TRAIL, B-SLICE, QP 41 )      33656 bits [Y 36.3691 dB    U 41.9632 dB    V 41.7240 dB] [ET   155 ] [L0 0 16 32] [L1 16c 32]
POC    4 LId:  0 TId: 3 ( TRAIL, B-SLICE, QP 43 )      22312 bits [Y 36.2690 dB    U 41.8421 dB    V 41.6453 dB] [ET   124 ] [L0 0 8 16] [L1 8c 16 32]
POC    2 LId:  0 TId: 4 ( TRAIL, B-SLICE, QP 45 )      12776 bits [Y 36.1181 dB    U 41.8047 dB    V 41.4288 dB] [ET    81 ] [L0 0 4 8] [L1 4c 8 16 32]
POC    1 LId:  0 TId: 5 ( TRAIL, B-SLICE, QP 46 )       6736 bits [Y 36.2485 dB    U 41.9093 dB    V 41.5482 dB] [ET    38 ] [L0 0] [L1 2c 4]
POC    3 LId:  0 TId: 5 ( TRAIL, B-SLICE, QP 46 )       7072 bits [Y 35.8522 dB    U 41.7468 dB    V 41.0640 dB] [ET    44 ] [L0 2c 0] [L1 4 8]
POC    6 LId:  0 TId: 4 ( TRAIL, B-SLICE, QP 45 )      14336 bits [Y 35.6970 dB    U 41.7723 dB    V 41.1046 dB] [ET    83 ] [L0 4c 2 0] [L1 8 16 32]
POC    5 LId:  0 TId: 5 ( TRAIL, B-SLICE, QP 46 )       7016 bits [Y 35.6097 dB    U 41.7291 dB    V 41.0337 dB] [ET    42 ] [L0 4 0] [L1 6c 8]
POC    7 LId:  0 TId: 5 ( TRAIL, B-SLICE, QP 46 )       6608 bits [Y 35.5724 dB    U 41.8663 dB    V 41.0657 dB] [ET    42 ] [L0 6c 4] [L1 8 16]
POC   12 LId:  0 TId: 3 ( TRAIL, B-SLICE, QP 43 )      19328 bits [Y 36.1803 dB    U 41.9281 dB    V 41.6726 dB] [ET   107 ] [L0 8c 4 0] [L1 16 32]
POC   10 LId:  0 TId: 4 ( TRAIL, B-SLICE, QP 45 )      11296 bits [Y 35.7760 dB    U 41.7842 dB    V 41.1173 dB] [ET    83 ] [L0 8 6 4 0] [L1 12c 16 32]
POC    9 LId:  0 TId: 5 ( TRAIL, B-SLICE, QP 46 )       6592 bits [Y 35.6619 dB    U 41.7863 dB    V 41.0998 dB] [ET    41 ] [L0 8 4] [L1 10c 12]
POC   11 LId:  0 TId: 5 ( TRAIL, B-SLICE, QP 46 )       4936 bits [Y 35.6913 dB    U 41.7558 dB    V 41.2427 dB] [ET    38 ] [L0 10c 8] [L1 12 16]
POC   14 LId:  0 TId: 4 ( TRAIL, B-SLICE, QP 45 )       9336 bits [Y 35.9737 dB    U 41.8268 dB    V 41.5213 dB] [ET    70 ] [L0 12c 10 8 0] [L1 16 32]
POC   13 LId:  0 TId: 5 ( TRAIL, B-SLICE, QP 46 )       4360 bits [Y 35.8551 dB    U 41.8389 dB    V 41.3072 dB] [ET    34 ] [L0 12 8] [L1 14c 16]
POC   15 LId:  0 TId: 5 ( TRAIL, B-SLICE, QP 46 )       3616 bits [Y 35.9606 dB    U 41.8896 dB    V 41.5359 dB] [ET    35 ] [L0 14c 12] [L1 16 32]
POC   24 LId:  0 TId: 2 ( TRAIL, B-SLICE, QP 41 )      36800 bits [Y 36.2528 dB    U 41.6045 dB    V 41.4778 dB] [ET   167 ] [L0 16c 8 0] [L1 32]
POC   20 LId:  0 TId: 3 ( TRAIL, B-SLICE, QP 43 )      20328 bits [Y 36.1357 dB    U 41.7796 dB    V 41.7328 dB] [ET   120 ] [L0 16 8 0] [L1 24c 32]
POC   18 LId:  0 TId: 4 ( TRAIL, B-SLICE, QP 45 )       9416 bits [Y 35.8691 dB    U 41.6641 dB    V 41.3773 dB] [ET    66 ] [L0 16 8 0] [L1 20c 24 32]
POC   17 LId:  0 TId: 5 ( TRAIL, B-SLICE, QP 46 )       3952 bits [Y 35.9657 dB    U 41.8201 dB    V 41.4666 dB] [ET    35 ] [L0 16 8] [L1 18c 20]
POC   19 LId:  0 TId: 5 ( TRAIL, B-SLICE, QP 46 )       4168 bits [Y 35.7683 dB    U 41.7013 dB    V 41.3829 dB] [ET    37 ] [L0 18c 16] [L1 20 24]
POC   22 LId:  0 TId: 4 ( TRAIL, B-SLICE, QP 45 )      10208 bits [Y 35.7308 dB    U 41.4759 dB    V 41.2123 dB] [ET    77 ] [L0 20c 16 0] [L1 24 32 18]
POC   21 LId:  0 TId: 5 ( TRAIL, B-SLICE, QP 46 )       4536 bits [Y 35.6682 dB    U 41.4922 dB    V 41.2072 dB] [ET    35 ] [L0 20 16] [L1 22c 24]
POC   23 LId:  0 TId: 5 ( TRAIL, B-SLICE, QP 46 )       5272 bits [Y 35.6554 dB    U 41.4402 dB    V 41.1996 dB] [ET    39 ] [L0 22c 20] [L1 24 32]
POC   28 LId:  0 TId: 3 ( TRAIL, B-SLICE, QP 43 )      26880 bits [Y 35.5967 dB    U 41.3129 dB    V 41.1178 dB] [ET   139 ] [L0 24c 20 16 0] [L1 32]
POC   26 LId:  0 TId: 4 ( TRAIL, B-SLICE, QP 45 )      12400 bits [Y 35.3431 dB    U 41.2591 dB    V 41.0302 dB] [ET    84 ] [L0 24 20 16 0] [L1 28c 32]
POC   25 LId:  0 TId: 5 ( TRAIL, B-SLICE, QP 46 )       5760 bits [Y 35.4058 dB    U 41.3463 dB    V 41.0975 dB] [ET    39 ] [L0 24 20] [L1 26c 28]
POC   27 LId:  0 TId: 5 ( TRAIL, B-SLICE, QP 46 )       6272 bits [Y 35.1017 dB    U 41.2710 dB    V 40.8977 dB] [ET    44 ] [L0 26c 24] [L1 28 32]
POC   30 LId:  0 TId: 4 ( TRAIL, B-SLICE, QP 45 )      12752 bits [Y 35.4399 dB    U 41.4356 dB    V 41.0521 dB] [ET    82 ] [L0 28c 24 16 0] [L1 32]
POC   29 LId:  0 TId: 5 ( TRAIL, B-SLICE, QP 46 )       5992 bits [Y 35.1567 dB    U 41.2904 dB    V 40.8522 dB] [ET    42 ] [L0 28 24] [L1 30c 32]
POC   31 LId:  0 TId: 5 ( TRAIL, B-SLICE, QP 46 )       5480 bits [Y 35.7289 dB    U 41.5939 dB    V 41.2661 dB] [ET    35 ] [L0 30c 28] [L1 32]

LayerId  0
	Total Frames |  Bitrate      Y-PSNR   U-PSNR   V-PSNR   YUV-PSNR 
	33           a  966.6182     35.9072  41.6957  41.3549  37.0849  

 finished @ Tue Aug 19 02:22:15 2025
 Total Time:     2646.655 sec. [user]     2646.654 sec. [elapsed]
