
VVCSoftware: VTM Encoder Version 23.11 [Windows][VS 1944][64 bit] [SIMD=AVX2] 

TOOL CFG: IBD:1 HAD:1 RDQ:1 RDQTS:1 LQP:0 SQP:0 ASR:1 MinSearchWindow:96 RestrictMESampling:0 FEN:0 ECU:0 FDM:1 ESD:0 TransformSkip:1 TransformSkipFast:1 TransformSkipLog2MaxSize:5 ChromaTS:1 BDPCM:0 Tiles: 1x1 Slices: 1 MCTS:0 SAO:1 ALF:1 CCALF:1 MaxNumALFAPS 8 AlfapsIDShift 0 ConstantJointCbCrSignFlagWPP:0 WPB:0 PME:2  WaveFrontSynchro:0 WaveFrontSubstreams:1 ScalingList:0 TMVPMode:1  DQ:1  SignBitHidingFlag:0 RecalQP:0 
TOOL CFG: LFNST:1 MMVD:1 Affine:1 AffineType:1 AdaptBypassAffineMe:0 PROF:1 SbTMVP:1 DualITree:1 IMV:1 BIO:1 LMChroma:1 HorCollocatedChroma:1 VerCollocatedChroma:0 MTS:1(explicit intra) SBT:1 ISP:1 SMVD:1 CompositeLTReference:0 Bcw:1 BcwFast:1 LADF:0 CIIP:1 Geo:1 AllowDisFracMMVD:1 AffineAmvr:1 AffineAmvrEncOpt:1 AffineAmvp:1 DMVR:1 MmvdDisNum:6 JointCbCr:1 ACT:0 PLT:0 IBC:0 HashME:0 WrapAround:0 VirtualBoundariesEnabledFlag:0 VirtualBoundariesPresentInSPSFlag:1 vertical virtual boundaries:[ ] horizontal virtual boundaries:[ ] Reshape:1 (Signal:SDR Opt:0 CSoffset:6) MRL:1 MIP:1 EncDbOpt:1 AlfLambdaOpt:0 
FAST TOOL CFG: LCTUFast:1 FastMrg:1 MaxMergeRdCandNumTotal:7 MergeRdCandQuotaRegular:4 MergeRdCandQuotaRegularSmallBlk:4 MergeRdCandQuotaSubBlk:2 MergeRdCandQuotaCiip:1 MergeRdCandQuotaGpm:8 PBIntraFast:1 IMV4PelFast:1 MTSMaxCand: 4(intra) 4(inter) ISPFast:0 FastLFNST:0 AMaxBT:1 E0023FastEnc:1 ContentBasedFastQtbt:0 UseNonLinearAlfLuma:1 UseNonLinearAlfChroma:1 MaxNumAlfAlternativesChroma:8 FastMIP:0 TTFastSkip:31 TTFastSkipThr:1.075 FastLocalDualTree:1 RPR:0 TemporalFilter:4/4 SEI CTI:0 BIM:0 SEI FGC:0 SEI processing Order:0 DPF:0 


 started @ Tue Aug 19 02:11:31 2025
POC    0 LId:  0 TId: 0 ( IDR_N_LP, I-SLICE, QP 29 )     245144 bits [Y 38.8432 dB    U 43.8226 dB    V 44.6787 dB] [ET   111 ] [L0] [L1]
POC   32 LId:  0 TId: 0 ( TRAIL, B-SLICE, QP 31 )     195336 bits [Y 38.5051 dB    U 43.2276 dB    V 44.0661 dB] [ET   489 ] [L0 0] [L1 0c]
POC   16 LId:  0 TId: 1 ( STSA, B-SLICE, QP 34 )      87344 bits [Y 38.3448 dB    U 43.2116 dB    V 43.7299 dB] [ET   373 ] [L0 0 32] [L1 32c]
POC    8 LId:  0 TId: 2 ( TRAIL, B-SLICE, QP 35 )      63776 bits [Y 38.0786 dB    U 43.1691 dB    V 43.5531 dB] [ET   311 ] [L0 0 16 32] [L1 16c 32]
POC    4 LId:  0 TId: 3 ( TRAIL, B-SLICE, QP 38 )      39368 bits [Y 37.8333 dB    U 43.1442 dB    V 43.5009 dB] [ET   253 ] [L0 0 8 16] [L1 8c 16 32]
POC    2 LId:  0 TId: 4 ( TRAIL, B-SLICE, QP 40 )      23880 bits [Y 37.7470 dB    U 43.2818 dB    V 43.5059 dB] [ET   177 ] [L0 0 4 8] [L1 4c 8 16 32]
POC    1 LId:  0 TId: 5 ( TRAIL, B-SLICE, QP 41 )      13200 bits [Y 37.8244 dB    U 43.4710 dB    V 43.7118 dB] [ET    83 ] [L0 0] [L1 2c 4]
POC    3 LId:  0 TId: 5 ( TRAIL, B-SLICE, QP 41 )      14048 bits [Y 37.4870 dB    U 43.2144 dB    V 43.1368 dB] [ET    94 ] [L0 2c 0] [L1 4 8]
POC    6 LId:  0 TId: 4 ( TRAIL, B-SLICE, QP 40 )      25848 bits [Y 37.3943 dB    U 43.0889 dB    V 43.1255 dB] [ET   180 ] [L0 4c 2 0] [L1 8 16 32]
POC    5 LId:  0 TId: 5 ( TRAIL, B-SLICE, QP 41 )      14480 bits [Y 37.3144 dB    U 43.0550 dB    V 42.8588 dB] [ET    95 ] [L0 4 0] [L1 6c 8]
POC    7 LId:  0 TId: 5 ( TRAIL, B-SLICE, QP 41 )      14520 bits [Y 37.3646 dB    U 43.0780 dB    V 43.1148 dB] [ET    96 ] [L0 6c 4] [L1 8 16]
POC   12 LId:  0 TId: 3 ( TRAIL, B-SLICE, QP 38 )      35112 bits [Y 37.8558 dB    U 43.1232 dB    V 43.5473 dB] [ET   218 ] [L0 8c 4 0] [L1 16 32]
POC   10 LId:  0 TId: 4 ( TRAIL, B-SLICE, QP 40 )      22384 bits [Y 37.5489 dB    U 43.0813 dB    V 43.2299 dB] [ET   182 ] [L0 8 6 4 0] [L1 12c 16 32]
POC    9 LId:  0 TId: 5 ( TRAIL, B-SLICE, QP 41 )      13264 bits [Y 37.4381 dB    U 43.0457 dB    V 43.0946 dB] [ET    96 ] [L0 8 4] [L1 10c 12]
POC   11 LId:  0 TId: 5 ( TRAIL, B-SLICE, QP 41 )      10808 bits [Y 37.4582 dB    U 43.0464 dB    V 43.1638 dB] [ET    82 ] [L0 10c 8] [L1 12 16]
POC   14 LId:  0 TId: 4 ( TRAIL, B-SLICE, QP 40 )      18024 bits [Y 37.7128 dB    U 43.0951 dB    V 43.3990 dB] [ET   144 ] [L0 12c 10 8 0] [L1 16 32]
POC   13 LId:  0 TId: 5 ( TRAIL, B-SLICE, QP 41 )       8944 bits [Y 37.5859 dB    U 42.9766 dB    V 43.2637 dB] [ET    65 ] [L0 12 8] [L1 14c 16]
POC   15 LId:  0 TId: 5 ( TRAIL, B-SLICE, QP 41 )       8664 bits [Y 37.7276 dB    U 43.1065 dB    V 43.3631 dB] [ET    59 ] [L0 14c 12] [L1 16 32]
POC   24 LId:  0 TId: 2 ( TRAIL, B-SLICE, QP 35 )      71888 bits [Y 38.0814 dB    U 42.7900 dB    V 43.3441 dB] [ET   299 ] [L0 16c 8 0] [L1 32]
POC   20 LId:  0 TId: 3 ( TRAIL, B-SLICE, QP 38 )      36272 bits [Y 37.8884 dB    U 42.9767 dB    V 43.4488 dB] [ET   224 ] [L0 16 8 0] [L1 24c 32]
POC   18 LId:  0 TId: 4 ( TRAIL, B-SLICE, QP 40 )      18608 bits [Y 37.6820 dB    U 42.9585 dB    V 43.2787 dB] [ET   147 ] [L0 16 8 0] [L1 20c 24 32]
POC   17 LId:  0 TId: 5 ( TRAIL, B-SLICE, QP 41 )       8680 bits [Y 37.7434 dB    U 43.0773 dB    V 43.2930 dB] [ET    68 ] [L0 16 8] [L1 18c 20]
POC   19 LId:  0 TId: 5 ( TRAIL, B-SLICE, QP 41 )       9160 bits [Y 37.5362 dB    U 42.9020 dB    V 43.1845 dB] [ET    78 ] [L0 18c 16] [L1 20 24]
POC   22 LId:  0 TId: 4 ( TRAIL, B-SLICE, QP 40 )      20480 bits [Y 37.5424 dB    U 42.7311 dB    V 43.1197 dB] [ET   162 ] [L0 20c 16 0] [L1 24 32 18]
POC   21 LId:  0 TId: 5 ( TRAIL, B-SLICE, QP 41 )      10136 bits [Y 37.4943 dB    U 42.7184 dB    V 43.1027 dB] [ET    75 ] [L0 20 16] [L1 22c 24]
POC   23 LId:  0 TId: 5 ( TRAIL, B-SLICE, QP 41 )      11264 bits [Y 37.4739 dB    U 42.6642 dB    V 42.9997 dB] [ET    87 ] [L0 22c 20] [L1 24 32]
POC   28 LId:  0 TId: 3 ( TRAIL, B-SLICE, QP 38 )      50368 bits [Y 37.4582 dB    U 42.5482 dB    V 42.9966 dB] [ET   266 ] [L0 24c 20 16 0] [L1 32]
POC   26 LId:  0 TId: 4 ( TRAIL, B-SLICE, QP 40 )      25000 bits [Y 37.2091 dB    U 42.5953 dB    V 43.0960 dB] [ET   186 ] [L0 24 20 16 0] [L1 28c 32]
POC   25 LId:  0 TId: 5 ( TRAIL, B-SLICE, QP 41 )      12360 bits [Y 37.2659 dB    U 42.6352 dB    V 42.9724 dB] [ET    82 ] [L0 24 20] [L1 26c 28]
POC   27 LId:  0 TId: 5 ( TRAIL, B-SLICE, QP 41 )      13648 bits [Y 36.9871 dB    U 42.4592 dB    V 42.8327 dB] [ET    90 ] [L0 26c 24] [L1 28 32]
POC   30 LId:  0 TId: 4 ( TRAIL, B-SLICE, QP 40 )      25552 bits [Y 37.2517 dB    U 42.7172 dB    V 43.1798 dB] [ET   176 ] [L0 28c 24 16 0] [L1 32]
POC   29 LId:  0 TId: 5 ( TRAIL, B-SLICE, QP 41 )      13112 bits [Y 36.9979 dB    U 42.5604 dB    V 42.9713 dB] [ET    86 ] [L0 28 24] [L1 30c 32]
POC   31 LId:  0 TId: 5 ( TRAIL, B-SLICE, QP 41 )      11928 bits [Y 37.3889 dB    U 42.8622 dB    V 43.4050 dB] [ET    77 ] [L0 30c 28] [L1 32]

LayerId  0
	Total Frames |  Bitrate      Y-PSNR   U-PSNR   V-PSNR   YUV-PSNR 
	33           a  1806.9697    37.6383  42.9829  43.3112  38.8108  

 finished @ Tue Aug 19 03:38:26 2025
 Total Time:     5215.604 sec. [user]     5215.605 sec. [elapsed]
