
VVCSoftware: VTM Encoder Version 23.11 [Windows][VS 1944][64 bit] [SIMD=AVX2] 

TOOL CFG: IBD:1 HAD:1 RDQ:1 RDQTS:1 LQP:0 SQP:0 ASR:1 MinSearchWindow:96 RestrictMESampling:0 FEN:1 ECU:0 FDM:0 ESD:0 TransformSkip:1 TransformSkipFast:1 TransformSkipLog2MaxSize:5 ChromaTS:1 BDPCM:0 Tiles: 1x1 Slices: 1 MCTS:0 SAO:1 ALF:1 CCALF:1 MaxNumALFAPS 8 AlfapsIDShift 0 ConstantJointCbCrSignFlagWPP:0 WPB:0 PME:2  WaveFrontSynchro:0 WaveFrontSubstreams:1 ScalingList:0 TMVPMode:1  DQ:1  SignBitHidingFlag:0 RecalQP:0 
TOOL CFG: LFNST:1 MMVD:1 Affine:1 AffineType:1 AdaptBypassAffineMe:0 PROF:1 SbTMVP:1 DualITree:1 IMV:1 BIO:1 LMChroma:1 HorCollocatedChroma:1 VerCollocatedChroma:0 MTS:1(explicit intra) SBT:1 ISP:1 SMVD:1 CompositeLTReference:0 Bcw:1 BcwFast:1 LADF:0 CIIP:1 Geo:1 AllowDisFracMMVD:1 AffineAmvr:1 AffineAmvrEncOpt:1 AffineAmvp:1 DMVR:1 MmvdDisNum:6 JointCbCr:1 ACT:0 PLT:0 IBC:0 HashME:0 WrapAround:0 VirtualBoundariesEnabledFlag:0 VirtualBoundariesPresentInSPSFlag:1 vertical virtual boundaries:[ ] horizontal virtual boundaries:[ ] Reshape:1 (Signal:SDR Opt:0 CSoffset:6) MRL:1 MIP:1 EncDbOpt:1 AlfLambdaOpt:0 
FAST TOOL CFG: LCTUFast:1 FastMrg:1 MaxMergeRdCandNumTotal:7 MergeRdCandQuotaRegular:4 MergeRdCandQuotaRegularSmallBlk:4 MergeRdCandQuotaSubBlk:2 MergeRdCandQuotaCiip:1 MergeRdCandQuotaGpm:8 PBIntraFast:1 IMV4PelFast:1 MTSMaxCand: 4(intra) 4(inter) ISPFast:0 FastLFNST:0 AMaxBT:1 E0023FastEnc:1 ContentBasedFastQtbt:0 UseNonLinearAlfLuma:1 UseNonLinearAlfChroma:1 MaxNumAlfAlternativesChroma:8 FastMIP:0 TTFastSkip:31 TTFastSkipThr:1.075 FastLocalDualTree:1 RPR:0 TemporalFilter:4/4 SEI CTI:0 BIM:0 SEI FGC:0 SEI processing Order:0 DPF:0 


 started @ Tue Aug 19 00:05:29 2025
POC    0 LId:  0 TId: 0 ( IDR_N_LP, I-SLICE, QP 24 )     512520 bits [Y 39.9053 dB    U 40.0326 dB    V 40.1987 dB] [ET   124 ] [L0] [L1]
POC   32 LId:  0 TId: 0 ( TRAIL, B-SLICE, QP 26 )     304968 bits [Y 38.9589 dB    U 39.3164 dB    V 39.6153 dB] [ET   195 ] [L0 0] [L1 0c]
POC   16 LId:  0 TId: 1 ( STSA, B-SLICE, QP 28 )     212792 bits [Y 38.1628 dB    U 38.4286 dB    V 38.9588 dB] [ET   180 ] [L0 0 32] [L1 32c]
POC    8 LId:  0 TId: 2 ( TRAIL, B-SLICE, QP 29 )     196216 bits [Y 37.8610 dB    U 38.0083 dB    V 38.5684 dB] [ET   174 ] [L0 0 16 32] [L1 16c 32]
POC    4 LId:  0 TId: 3 ( TRAIL, B-SLICE, QP 32 )     128600 bits [Y 37.5881 dB    U 37.0415 dB    V 37.3850 dB] [ET   135 ] [L0 0 8 16] [L1 8c 16 32]
POC    2 LId:  0 TId: 4 ( TRAIL, B-SLICE, QP 34 )      79840 bits [Y 37.0483 dB    U 36.5885 dB    V 37.1147 dB] [ET   109 ] [L0 0 4 8] [L1 4c 8 16 32]
POC    1 LId:  0 TId: 5 ( TRAIL, B-SLICE, QP 36 )      55760 bits [Y 36.2045 dB    U 36.0907 dB    V 36.7430 dB] [ET    73 ] [L0 0] [L1 2c 4]
POC    3 LId:  0 TId: 5 ( TRAIL, B-SLICE, QP 36 )      62696 bits [Y 35.9376 dB    U 35.9789 dB    V 36.0975 dB] [ET    73 ] [L0 2c 0] [L1 4 8]
POC    6 LId:  0 TId: 4 ( TRAIL, B-SLICE, QP 34 )     110728 bits [Y 36.2305 dB    U 35.8701 dB    V 36.0022 dB] [ET   123 ] [L0 4c 2 0] [L1 8 16 32]
POC    5 LId:  0 TId: 5 ( TRAIL, B-SLICE, QP 36 )      75344 bits [Y 35.4000 dB    U 35.3817 dB    V 35.4901 dB] [ET    82 ] [L0 4 0] [L1 6c 8]
POC    7 LId:  0 TId: 5 ( TRAIL, B-SLICE, QP 36 )      79144 bits [Y 35.1680 dB    U 35.3234 dB    V 35.4318 dB] [ET    92 ] [L0 6c 4] [L1 8 16]
POC   12 LId:  0 TId: 3 ( TRAIL, B-SLICE, QP 32 )     134208 bits [Y 37.2990 dB    U 36.8270 dB    V 37.2981 dB] [ET   126 ] [L0 8c 4 0] [L1 16 32]
POC   10 LId:  0 TId: 4 ( TRAIL, B-SLICE, QP 34 )      95008 bits [Y 36.5109 dB    U 35.7469 dB    V 36.4515 dB] [ET   112 ] [L0 8 6 4 0] [L1 12c 16 32]
POC    9 LId:  0 TId: 5 ( TRAIL, B-SLICE, QP 36 )      70424 bits [Y 35.4155 dB    U 35.5181 dB    V 35.8005 dB] [ET    84 ] [L0 8 4] [L1 10c 12]
POC   11 LId:  0 TId: 5 ( TRAIL, B-SLICE, QP 36 )      74496 bits [Y 35.4986 dB    U 35.5381 dB    V 35.7670 dB] [ET    83 ] [L0 10c 8] [L1 12 16]
POC   14 LId:  0 TId: 4 ( TRAIL, B-SLICE, QP 34 )     112104 bits [Y 36.2945 dB    U 35.8096 dB    V 36.1851 dB] [ET   114 ] [L0 12c 10 8 0] [L1 16 32]
POC   13 LId:  0 TId: 5 ( TRAIL, B-SLICE, QP 36 )      76480 bits [Y 35.2104 dB    U 35.0085 dB    V 35.3805 dB] [ET    85 ] [L0 12 8] [L1 14c 16]
POC   15 LId:  0 TId: 5 ( TRAIL, B-SLICE, QP 36 )      77768 bits [Y 35.4090 dB    U 35.1717 dB    V 35.5176 dB] [ET    86 ] [L0 14c 12] [L1 16 32]
POC   24 LId:  0 TId: 2 ( TRAIL, B-SLICE, QP 29 )     179608 bits [Y 38.0270 dB    U 38.1180 dB    V 38.3942 dB] [ET   149 ] [L0 16c 8 0] [L1 32]
POC   20 LId:  0 TId: 3 ( TRAIL, B-SLICE, QP 32 )     107536 bits [Y 37.6361 dB    U 36.4954 dB    V 37.5487 dB] [ET   117 ] [L0 16 8 0] [L1 24c 32]
POC   18 LId:  0 TId: 4 ( TRAIL, B-SLICE, QP 34 )      83744 bits [Y 37.0263 dB    U 36.3383 dB    V 36.8386 dB] [ET   100 ] [L0 16 8 0] [L1 20c 24 32]
POC   17 LId:  0 TId: 5 ( TRAIL, B-SLICE, QP 36 )      68528 bits [Y 35.7350 dB    U 35.6856 dB    V 35.9980 dB] [ET    79 ] [L0 16 8] [L1 18c 20]
POC   19 LId:  0 TId: 5 ( TRAIL, B-SLICE, QP 36 )      56808 bits [Y 36.1737 dB    U 35.9434 dB    V 36.2479 dB] [ET    69 ] [L0 18c 16] [L1 20 24]
POC   22 LId:  0 TId: 4 ( TRAIL, B-SLICE, QP 34 )      89728 bits [Y 36.0233 dB    U 35.4973 dB    V 36.1636 dB] [ET   110 ] [L0 20c 16 0] [L1 24 32 18]
POC   21 LId:  0 TId: 5 ( TRAIL, B-SLICE, QP 36 )      57392 bits [Y 35.8751 dB    U 35.8237 dB    V 35.9824 dB] [ET    72 ] [L0 20 16] [L1 22c 24]
POC   23 LId:  0 TId: 5 ( TRAIL, B-SLICE, QP 36 )      63912 bits [Y 35.6644 dB    U 35.4929 dB    V 35.6069 dB] [ET    75 ] [L0 22c 20] [L1 24 32]
POC   28 LId:  0 TId: 3 ( TRAIL, B-SLICE, QP 32 )     117208 bits [Y 37.4653 dB    U 37.1763 dB    V 37.4315 dB] [ET   122 ] [L0 24c 20 16 0] [L1 32]
POC   26 LId:  0 TId: 4 ( TRAIL, B-SLICE, QP 34 )     103440 bits [Y 36.2307 dB    U 36.1999 dB    V 36.1318 dB] [ET   114 ] [L0 24 20 16 0] [L1 28c 32]
POC   25 LId:  0 TId: 5 ( TRAIL, B-SLICE, QP 36 )      80104 bits [Y 35.2483 dB    U 35.4908 dB    V 35.2052 dB] [ET    91 ] [L0 24 20] [L1 26c 28]
POC   27 LId:  0 TId: 5 ( TRAIL, B-SLICE, QP 36 )      70560 bits [Y 35.5543 dB    U 35.7553 dB    V 35.7516 dB] [ET    81 ] [L0 26c 24] [L1 28 32]
POC   30 LId:  0 TId: 4 ( TRAIL, B-SLICE, QP 34 )     102600 bits [Y 36.3194 dB    U 35.7519 dB    V 36.0836 dB] [ET   106 ] [L0 28c 24 16 0] [L1 32]
POC   29 LId:  0 TId: 5 ( TRAIL, B-SLICE, QP 36 )      65752 bits [Y 35.8302 dB    U 35.3651 dB    V 35.7333 dB] [ET    76 ] [L0 28 24] [L1 30c 32]
POC   31 LId:  0 TId: 5 ( TRAIL, B-SLICE, QP 36 )      76832 bits [Y 35.3011 dB    U 35.3804 dB    V 35.5811 dB] [ET    82 ] [L0 30c 28] [L1 32]

LayerId  0
	Total Frames |  Bitrate      Y-PSNR   U-PSNR   V-PSNR   YUV-PSNR 
	33           a  5731.5879    36.4913  36.3089  36.6274  36.3386  

 finished @ Tue Aug 19 01:03:44 2025
 Total Time:     3494.864 sec. [user]     3494.865 sec. [elapsed]
