
VVCSoftware: VTM Encoder Version 23.11 [Windows][VS 1944][64 bit] [SIMD=AVX2] 

TOOL CFG: IBD:1 HAD:1 RDQ:1 RDQTS:1 LQP:0 SQP:0 ASR:0 MinSearchWindow:96 RestrictMESampling:0 FEN:1 ECU:0 FDM:1 ESD:0 TransformSkip:1 TransformSkipFast:1 TransformSkipLog2MaxSize:5 ChromaTS:1 BDPCM:0 Tiles: 1x1 Slices: 1 MCTS:0 SAO:1 ALF:1 CCALF:1 MaxNumALFAPS 8 AlfapsIDShift 0 ConstantJointCbCrSignFlagWPP:0 WPB:0 PME:2  WaveFrontSynchro:0 WaveFrontSubstreams:1 ScalingList:0 TMVPMode:1  DQ:1  SignBitHidingFlag:0 RecalQP:0 
TOOL CFG: LFNST:1 MMVD:1 Affine:1 AffineType:1 AdaptBypassAffineMe:0 PROF:1 SbTMVP:1 DualITree:1 IMV:1 BIO:1 LMChroma:1 HorCollocatedChroma:1 VerCollocatedChroma:0 MTS:1(explicit intra) SBT:1 ISP:1 SMVD:1 CompositeLTReference:0 Bcw:1 BcwFast:1 LADF:0 CIIP:1 Geo:1 AllowDisFracMMVD:1 AffineAmvr:1 AffineAmvrEncOpt:1 AffineAmvp:1 DMVR:1 MmvdDisNum:6 JointCbCr:1 ACT:0 PLT:0 IBC:0 HashME:0 WrapAround:0 VirtualBoundariesEnabledFlag:0 VirtualBoundariesPresentInSPSFlag:1 vertical virtual boundaries:[ ] horizontal virtual boundaries:[ ] Reshape:1 (Signal:SDR Opt:0 CSoffset:6) MRL:1 MIP:1 EncDbOpt:1 AlfLambdaOpt:0 
FAST TOOL CFG: LCTUFast:1 FastMrg:1 MaxMergeRdCandNumTotal:7 MergeRdCandQuotaRegular:4 MergeRdCandQuotaRegularSmallBlk:4 MergeRdCandQuotaSubBlk:2 MergeRdCandQuotaCiip:1 MergeRdCandQuotaGpm:8 PBIntraFast:1 IMV4PelFast:1 MTSMaxCand: 4(intra) 4(inter) ISPFast:0 FastLFNST:0 AMaxBT:1 E0023FastEnc:1 ContentBasedFastQtbt:0 UseNonLinearAlfLuma:1 UseNonLinearAlfChroma:1 MaxNumAlfAlternativesChroma:8 FastMIP:0 TTFastSkip:31 TTFastSkipThr:1.075 FastLocalDualTree:1 RPR:0 TemporalFilter:4/4 SEI CTI:0 BIM:0 SEI FGC:0 SEI processing Order:0 DPF:0 


 started @ Mon Aug 18 21:56:59 2025
POC    0 LId:  0 TId: 0 ( IDR_N_LP, I-SLICE, QP 19 )     143960 bits [Y 45.2791 dB    U 47.7721 dB    V 48.0001 dB] [ET    35 ] [L0] [L1]
POC   32 LId:  0 TId: 0 ( TRAIL, B-SLICE, QP 21 )      60312 bits [Y 44.6328 dB    U 46.9502 dB    V 47.0158 dB] [ET   467 ] [L0 0] [L1 0c]
POC   16 LId:  0 TId: 1 ( STSA, B-SLICE, QP 22 )      34728 bits [Y 44.1372 dB    U 46.4736 dB    V 46.5965 dB] [ET   581 ] [L0 0 32] [L1 32c]
POC    8 LId:  0 TId: 2 ( TRAIL, B-SLICE, QP 23 )      26032 bits [Y 43.9403 dB    U 46.4810 dB    V 46.4259 dB] [ET   704 ] [L0 0 16 32] [L1 16c 32]
POC    4 LId:  0 TId: 3 ( TRAIL, B-SLICE, QP 26 )      16160 bits [Y 43.1770 dB    U 46.2057 dB    V 45.7107 dB] [ET   779 ] [L0 0 8 16] [L1 8c 16 32]
POC    2 LId:  0 TId: 4 ( TRAIL, B-SLICE, QP 28 )       7440 bits [Y 42.8683 dB    U 46.4979 dB    V 45.7586 dB] [ET   709 ] [L0 0 4 8] [L1 4c 8 16 32]
POC    1 LId:  0 TId: 5 ( TRAIL, B-SLICE, QP 29 )       3200 bits [Y 42.9137 dB    U 46.8949 dB    V 46.5149 dB] [ET   239 ] [L0 0] [L1 2c 4]
POC    3 LId:  0 TId: 5 ( TRAIL, B-SLICE, QP 29 )       3240 bits [Y 42.3421 dB    U 46.1726 dB    V 45.4349 dB] [ET   324 ] [L0 2c 0] [L1 4 8]
POC    6 LId:  0 TId: 4 ( TRAIL, B-SLICE, QP 28 )       8368 bits [Y 42.2777 dB    U 45.9105 dB    V 45.3811 dB] [ET   902 ] [L0 4c 2 0] [L1 8 16 32]
POC    5 LId:  0 TId: 5 ( TRAIL, B-SLICE, QP 29 )       3000 bits [Y 42.2075 dB    U 45.8005 dB    V 45.2159 dB] [ET   270 ] [L0 4 0] [L1 6c 8]
POC    7 LId:  0 TId: 5 ( TRAIL, B-SLICE, QP 29 )       3640 bits [Y 42.3684 dB    U 45.9374 dB    V 45.4562 dB] [ET   266 ] [L0 6c 4] [L1 8 16]
POC   12 LId:  0 TId: 3 ( TRAIL, B-SLICE, QP 26 )      15280 bits [Y 43.1141 dB    U 45.9705 dB    V 45.5641 dB] [ET   618 ] [L0 8c 4 0] [L1 16 32]
POC   10 LId:  0 TId: 4 ( TRAIL, B-SLICE, QP 28 )       8080 bits [Y 42.5227 dB    U 45.9627 dB    V 45.4010 dB] [ET   730 ] [L0 8 6 4 0] [L1 12c 16 32]
POC    9 LId:  0 TId: 5 ( TRAIL, B-SLICE, QP 29 )       3616 bits [Y 42.2876 dB    U 46.0226 dB    V 45.6650 dB] [ET   204 ] [L0 8 4] [L1 10c 12]
POC   11 LId:  0 TId: 5 ( TRAIL, B-SLICE, QP 29 )       3744 bits [Y 42.2050 dB    U 45.8880 dB    V 45.3864 dB] [ET   212 ] [L0 10c 8] [L1 12 16]
POC   14 LId:  0 TId: 4 ( TRAIL, B-SLICE, QP 28 )       7040 bits [Y 42.6375 dB    U 46.0802 dB    V 45.7587 dB] [ET   572 ] [L0 12c 10 8 0] [L1 16 32]
POC   13 LId:  0 TId: 5 ( TRAIL, B-SLICE, QP 29 )       2632 bits [Y 42.3642 dB    U 45.8844 dB    V 45.3281 dB] [ET   166 ] [L0 12 8] [L1 14c 16]
POC   15 LId:  0 TId: 5 ( TRAIL, B-SLICE, QP 29 )       2016 bits [Y 42.7397 dB    U 46.1686 dB    V 45.8640 dB] [ET   144 ] [L0 14c 12] [L1 16 32]
POC   24 LId:  0 TId: 2 ( TRAIL, B-SLICE, QP 23 )      27440 bits [Y 43.7698 dB    U 46.3555 dB    V 46.1709 dB] [ET   468 ] [L0 16c 8 0] [L1 32]
POC   20 LId:  0 TId: 3 ( TRAIL, B-SLICE, QP 26 )      15088 bits [Y 43.0645 dB    U 45.9996 dB    V 45.4782 dB] [ET   536 ] [L0 16 8 0] [L1 24c 32]
POC   18 LId:  0 TId: 4 ( TRAIL, B-SLICE, QP 28 )       6824 bits [Y 42.4283 dB    U 46.0533 dB    V 45.5069 dB] [ET   509 ] [L0 16 8 0] [L1 20c 24 32]
POC   17 LId:  0 TId: 5 ( TRAIL, B-SLICE, QP 29 )       2208 bits [Y 42.5430 dB    U 46.1549 dB    V 45.6933 dB] [ET   155 ] [L0 16 8] [L1 18c 20]
POC   19 LId:  0 TId: 5 ( TRAIL, B-SLICE, QP 29 )       1976 bits [Y 42.2357 dB    U 46.0827 dB    V 45.1410 dB] [ET   138 ] [L0 18c 16] [L1 20 24]
POC   22 LId:  0 TId: 4 ( TRAIL, B-SLICE, QP 28 )       6712 bits [Y 42.3458 dB    U 45.9719 dB    V 45.0254 dB] [ET   467 ] [L0 20c 16 0] [L1 24 32 18]
POC   21 LId:  0 TId: 5 ( TRAIL, B-SLICE, QP 29 )       1976 bits [Y 42.1923 dB    U 46.0366 dB    V 45.0124 dB] [ET   165 ] [L0 20 16] [L1 22c 24]
POC   23 LId:  0 TId: 5 ( TRAIL, B-SLICE, QP 29 )       1840 bits [Y 42.3994 dB    U 46.2477 dB    V 45.2892 dB] [ET   131 ] [L0 22c 20] [L1 24 32]
POC   28 LId:  0 TId: 3 ( TRAIL, B-SLICE, QP 26 )      15128 bits [Y 43.0075 dB    U 46.2142 dB    V 45.5681 dB] [ET   490 ] [L0 24c 20 16 0] [L1 32]
POC   26 LId:  0 TId: 4 ( TRAIL, B-SLICE, QP 28 )       6456 bits [Y 42.3755 dB    U 46.0393 dB    V 44.9763 dB] [ET   456 ] [L0 24 20 16 0] [L1 28c 32]
POC   25 LId:  0 TId: 5 ( TRAIL, B-SLICE, QP 29 )       1936 bits [Y 42.3403 dB    U 46.3440 dB    V 45.4886 dB] [ET   127 ] [L0 24 20] [L1 26c 28]
POC   27 LId:  0 TId: 5 ( TRAIL, B-SLICE, QP 29 )       2320 bits [Y 42.1236 dB    U 46.1856 dB    V 44.8471 dB] [ET   164 ] [L0 26c 24] [L1 28 32]
POC   30 LId:  0 TId: 4 ( TRAIL, B-SLICE, QP 28 )       6960 bits [Y 42.5173 dB    U 46.1949 dB    V 45.2929 dB] [ET   390 ] [L0 28c 24 16 0] [L1 32]
POC   29 LId:  0 TId: 5 ( TRAIL, B-SLICE, QP 29 )       2576 bits [Y 42.1388 dB    U 46.1216 dB    V 45.1468 dB] [ET   162 ] [L0 28 24] [L1 30c 32]
POC   31 LId:  0 TId: 5 ( TRAIL, B-SLICE, QP 29 )       2744 bits [Y 42.5853 dB    U 46.3273 dB    V 45.4622 dB] [ET   117 ] [L0 30c 28] [L1 32]

LayerId  0
	Total Frames |  Bitrate      Y-PSNR   U-PSNR   V-PSNR   YUV-PSNR 
	33           a  688.8970     42.7904  46.2243  45.6538  43.5548  

 finished @ Tue Aug 19 01:23:38 2025
 Total Time:    12398.963 sec. [user]    12398.963 sec. [elapsed]
