
VVCSoftware: VTM Encoder Version 23.11 [Windows][VS 1944][64 bit] [SIMD=AVX2] 

TOOL CFG: IBD:1 HAD:1 RDQ:1 RDQTS:1 LQP:0 SQP:0 ASR:1 MinSearchWindow:96 RestrictMESampling:0 FEN:1 ECU:0 FDM:1 ESD:0 TransformSkip:1 TransformSkipFast:1 TransformSkipLog2MaxSize:5 ChromaTS:1 BDPCM:0 Tiles: 1x1 Slices: 1 MCTS:0 SAO:0 ALF:1 CCALF:1 MaxNumALFAPS 8 AlfapsIDShift 0 ConstantJointCbCrSignFlagWPP:0 WPB:0 PME:2  WaveFrontSynchro:0 WaveFrontSubstreams:1 ScalingList:0 TMVPMode:1  DQ:1  SignBitHidingFlag:0 RecalQP:0 
TOOL CFG: LFNST:1 MMVD:1 Affine:1 AffineType:1 AdaptBypassAffineMe:0 PROF:1 SbTMVP:1 DualITree:1 IMV:1 BIO:1 LMChroma:1 HorCollocatedChroma:1 VerCollocatedChroma:0 MTS:1(explicit intra) SBT:1 ISP:1 SMVD:1 CompositeLTReference:0 Bcw:1 BcwFast:1 LADF:0 CIIP:1 Geo:1 AllowDisFracMMVD:1 AffineAmvr:1 AffineAmvrEncOpt:1 AffineAmvp:1 DMVR:1 MmvdDisNum:6 JointCbCr:1 ACT:0 PLT:0 IBC:0 HashME:0 WrapAround:0 VirtualBoundariesEnabledFlag:0 VirtualBoundariesPresentInSPSFlag:1 vertical virtual boundaries:[ ] horizontal virtual boundaries:[ ] Reshape:1 (Signal:SDR Opt:0 CSoffset:6) MRL:1 MIP:1 EncDbOpt:1 AlfLambdaOpt:0 
FAST TOOL CFG: LCTUFast:1 FastMrg:1 MaxMergeRdCandNumTotal:7 MergeRdCandQuotaRegular:4 MergeRdCandQuotaRegularSmallBlk:4 MergeRdCandQuotaSubBlk:2 MergeRdCandQuotaCiip:1 MergeRdCandQuotaGpm:8 PBIntraFast:1 IMV4PelFast:1 MTSMaxCand: 4(intra) 4(inter) ISPFast:0 FastLFNST:0 AMaxBT:1 E0023FastEnc:1 ContentBasedFastQtbt:0 UseNonLinearAlfLuma:1 UseNonLinearAlfChroma:1 MaxNumAlfAlternativesChroma:8 FastMIP:0 TTFastSkip:31 TTFastSkipThr:1.075 FastLocalDualTree:1 RPR:0 TemporalFilter:4/4 SEI CTI:0 BIM:0 SEI FGC:0 SEI processing Order:0 DPF:0 


 started @ Mon Aug 18 18:53:24 2025
POC    0 LId:  0 TId: 0 ( IDR_N_LP, I-SLICE, QP 24 )     444096 bits [Y 39.8792 dB    U 44.9398 dB    V 46.4892 dB] [ET   208 ] [L0] [L1]
POC   32 LId:  0 TId: 0 ( TRAIL, B-SLICE, QP 26 )     344624 bits [Y 39.5333 dB    U 44.4581 dB    V 45.8920 dB] [ET   645 ] [L0 0] [L1 0c]
POC   16 LId:  0 TId: 1 ( STSA, B-SLICE, QP 28 )     176480 bits [Y 39.4877 dB    U 44.6696 dB    V 45.9413 dB] [ET   472 ] [L0 0 32] [L1 32c]
POC    8 LId:  0 TId: 2 ( TRAIL, B-SLICE, QP 29 )     131496 bits [Y 39.2367 dB    U 44.6242 dB    V 45.7614 dB] [ET   412 ] [L0 0 16 32] [L1 16c 32]
POC    4 LId:  0 TId: 3 ( TRAIL, B-SLICE, QP 32 )      80280 bits [Y 39.0859 dB    U 44.4080 dB    V 45.3691 dB] [ET   347 ] [L0 0 8 16] [L1 8c 16 32]
POC    2 LId:  0 TId: 4 ( TRAIL, B-SLICE, QP 34 )      47896 bits [Y 39.0432 dB    U 44.3604 dB    V 45.1496 dB] [ET   235 ] [L0 0 4 8] [L1 4c 8 16 32]
POC    1 LId:  0 TId: 5 ( TRAIL, B-SLICE, QP 36 )      25528 bits [Y 38.9949 dB    U 44.5547 dB    V 45.3488 dB] [ET   112 ] [L0 0] [L1 2c 4]
POC    3 LId:  0 TId: 5 ( TRAIL, B-SLICE, QP 36 )      27296 bits [Y 38.7727 dB    U 44.3136 dB    V 44.7821 dB] [ET   119 ] [L0 2c 0] [L1 4 8]
POC    6 LId:  0 TId: 4 ( TRAIL, B-SLICE, QP 34 )      52944 bits [Y 38.8214 dB    U 44.1919 dB    V 44.7143 dB] [ET   249 ] [L0 4c 2 0] [L1 8 16 32]
POC    5 LId:  0 TId: 5 ( TRAIL, B-SLICE, QP 36 )      28440 bits [Y 38.6207 dB    U 44.2052 dB    V 44.6055 dB] [ET   128 ] [L0 4 0] [L1 6c 8]
POC    7 LId:  0 TId: 5 ( TRAIL, B-SLICE, QP 36 )      27720 bits [Y 38.6569 dB    U 44.2609 dB    V 44.8396 dB] [ET   122 ] [L0 6c 4] [L1 8 16]
POC   12 LId:  0 TId: 3 ( TRAIL, B-SLICE, QP 32 )      71992 bits [Y 39.1231 dB    U 44.3499 dB    V 45.4435 dB] [ET   297 ] [L0 8c 4 0] [L1 16 32]
POC   10 LId:  0 TId: 4 ( TRAIL, B-SLICE, QP 34 )      45872 bits [Y 38.8925 dB    U 44.2671 dB    V 44.9448 dB] [ET   248 ] [L0 8 6 4 0] [L1 12c 16 32]
POC    9 LId:  0 TId: 5 ( TRAIL, B-SLICE, QP 36 )      25384 bits [Y 38.7065 dB    U 44.3034 dB    V 44.8695 dB] [ET   120 ] [L0 8 4] [L1 10c 12]
POC   11 LId:  0 TId: 5 ( TRAIL, B-SLICE, QP 36 )      21176 bits [Y 38.7476 dB    U 44.1941 dB    V 44.9097 dB] [ET   107 ] [L0 10c 8] [L1 12 16]
POC   14 LId:  0 TId: 4 ( TRAIL, B-SLICE, QP 34 )      37424 bits [Y 39.0413 dB    U 44.3234 dB    V 45.2027 dB] [ET   211 ] [L0 12c 10 8 0] [L1 16 32]
POC   13 LId:  0 TId: 5 ( TRAIL, B-SLICE, QP 36 )      18648 bits [Y 38.8538 dB    U 44.2313 dB    V 44.9465 dB] [ET    99 ] [L0 12 8] [L1 14c 16]
POC   15 LId:  0 TId: 5 ( TRAIL, B-SLICE, QP 36 )      18600 bits [Y 38.9764 dB    U 44.4101 dB    V 45.2555 dB] [ET   103 ] [L0 14c 12] [L1 16 32]
POC   24 LId:  0 TId: 2 ( TRAIL, B-SLICE, QP 29 )     147480 bits [Y 39.3836 dB    U 44.3247 dB    V 45.5901 dB] [ET   361 ] [L0 16c 8 0] [L1 32]
POC   20 LId:  0 TId: 3 ( TRAIL, B-SLICE, QP 32 )      75056 bits [Y 39.2767 dB    U 44.2770 dB    V 45.3802 dB] [ET   271 ] [L0 16 8 0] [L1 24c 32]
POC   18 LId:  0 TId: 4 ( TRAIL, B-SLICE, QP 34 )      40896 bits [Y 39.1321 dB    U 44.2254 dB    V 45.1250 dB] [ET   218 ] [L0 16 8 0] [L1 20c 24 32]
POC   17 LId:  0 TId: 5 ( TRAIL, B-SLICE, QP 36 )      17552 bits [Y 39.0257 dB    U 44.3750 dB    V 45.2209 dB] [ET    98 ] [L0 16 8] [L1 18c 20]
POC   19 LId:  0 TId: 5 ( TRAIL, B-SLICE, QP 36 )      18560 bits [Y 38.9255 dB    U 44.1594 dB    V 45.0800 dB] [ET   101 ] [L0 18c 16] [L1 20 24]
POC   22 LId:  0 TId: 4 ( TRAIL, B-SLICE, QP 34 )      44496 bits [Y 39.0453 dB    U 44.0315 dB    V 44.9634 dB] [ET   235 ] [L0 20c 16 0] [L1 24 32 18]
POC   21 LId:  0 TId: 5 ( TRAIL, B-SLICE, QP 36 )      19952 bits [Y 38.8663 dB    U 44.0353 dB    V 44.9215 dB] [ET   104 ] [L0 20 16] [L1 22c 24]
POC   23 LId:  0 TId: 5 ( TRAIL, B-SLICE, QP 36 )      22992 bits [Y 38.8746 dB    U 44.0312 dB    V 44.8849 dB] [ET   111 ] [L0 22c 20] [L1 24 32]
POC   28 LId:  0 TId: 3 ( TRAIL, B-SLICE, QP 32 )     106192 bits [Y 39.0448 dB    U 43.8625 dB    V 44.7972 dB] [ET   366 ] [L0 24c 20 16 0] [L1 32]
POC   26 LId:  0 TId: 4 ( TRAIL, B-SLICE, QP 34 )      55256 bits [Y 38.8579 dB    U 43.8261 dB    V 44.6799 dB] [ET   251 ] [L0 24 20 16 0] [L1 28c 32]
POC   25 LId:  0 TId: 5 ( TRAIL, B-SLICE, QP 36 )      25672 bits [Y 38.7396 dB    U 43.9371 dB    V 44.7851 dB] [ET   111 ] [L0 24 20] [L1 26c 28]
POC   27 LId:  0 TId: 5 ( TRAIL, B-SLICE, QP 36 )      27928 bits [Y 38.5441 dB    U 43.7620 dB    V 44.4909 dB] [ET   123 ] [L0 26c 24] [L1 28 32]
POC   30 LId:  0 TId: 4 ( TRAIL, B-SLICE, QP 34 )      54272 bits [Y 38.8298 dB    U 43.8321 dB    V 44.6826 dB] [ET   210 ] [L0 28c 24 16 0] [L1 32]
POC   29 LId:  0 TId: 5 ( TRAIL, B-SLICE, QP 36 )      26536 bits [Y 38.5173 dB    U 43.7358 dB    V 44.4305 dB] [ET   113 ] [L0 28 24] [L1 30c 32]
POC   31 LId:  0 TId: 5 ( TRAIL, B-SLICE, QP 36 )      25432 bits [Y 38.7240 dB    U 44.0215 dB    V 44.9608 dB] [ET   108 ] [L0 30c 28] [L1 32]

LayerId  0
	Total Frames |  Bitrate      Y-PSNR   U-PSNR   V-PSNR   YUV-PSNR 
	33           a  3536.6182    38.9776  44.2273  45.1048  40.1760  

 finished @ Mon Aug 18 20:50:19 2025
 Total Time:     7014.489 sec. [user]     7014.489 sec. [elapsed]
