
VVCSoftware: VTM Encoder Version 23.11 [Windows][VS 1944][64 bit] [SIMD=AVX2] 

TOOL CFG: IBD:1 HAD:1 RDQ:1 RDQTS:1 LQP:0 SQP:0 ASR:1 MinSearchWindow:96 RestrictMESampling:0 FEN:0 ECU:0 FDM:1 ESD:0 TransformSkip:1 TransformSkipFast:1 TransformSkipLog2MaxSize:5 ChromaTS:1 BDPCM:0 Tiles: 1x1 Slices: 1 MCTS:0 SAO:1 ALF:1 CCALF:1 MaxNumALFAPS 8 AlfapsIDShift 0 ConstantJointCbCrSignFlagWPP:0 WPB:0 PME:2  WaveFrontSynchro:0 WaveFrontSubstreams:1 ScalingList:0 TMVPMode:1  DQ:1  SignBitHidingFlag:0 RecalQP:0 
TOOL CFG: LFNST:1 MMVD:1 Affine:1 AffineType:1 AdaptBypassAffineMe:0 PROF:1 SbTMVP:1 DualITree:1 IMV:1 BIO:1 LMChroma:1 HorCollocatedChroma:1 VerCollocatedChroma:0 MTS:1(explicit intra) SBT:1 ISP:1 SMVD:1 CompositeLTReference:0 Bcw:1 BcwFast:1 LADF:0 CIIP:1 Geo:1 AllowDisFracMMVD:1 AffineAmvr:1 AffineAmvrEncOpt:1 AffineAmvp:1 DMVR:1 MmvdDisNum:6 JointCbCr:1 ACT:0 PLT:0 IBC:0 HashME:0 WrapAround:0 VirtualBoundariesEnabledFlag:0 VirtualBoundariesPresentInSPSFlag:1 vertical virtual boundaries:[ ] horizontal virtual boundaries:[ ] Reshape:1 (Signal:SDR Opt:0 CSoffset:6) MRL:1 MIP:1 EncDbOpt:1 AlfLambdaOpt:0 
FAST TOOL CFG: LCTUFast:1 FastMrg:1 MaxMergeRdCandNumTotal:7 MergeRdCandQuotaRegular:4 MergeRdCandQuotaRegularSmallBlk:4 MergeRdCandQuotaSubBlk:2 MergeRdCandQuotaCiip:1 MergeRdCandQuotaGpm:8 PBIntraFast:1 IMV4PelFast:1 MTSMaxCand: 4(intra) 4(inter) ISPFast:0 FastLFNST:0 AMaxBT:1 E0023FastEnc:1 ContentBasedFastQtbt:0 UseNonLinearAlfLuma:1 UseNonLinearAlfChroma:1 MaxNumAlfAlternativesChroma:8 FastMIP:0 TTFastSkip:31 TTFastSkipThr:1.075 FastLocalDualTree:1 RPR:0 TemporalFilter:4/4 SEI CTI:0 BIM:0 SEI FGC:0 SEI processing Order:0 DPF:0 


 started @ Mon Aug 18 23:49:26 2025
POC    0 LId:  0 TId: 0 ( IDR_N_LP, I-SLICE, QP 29 )     298160 bits [Y 36.5968 dB    U 36.7442 dB    V 37.2240 dB] [ET   101 ] [L0] [L1]
POC   32 LId:  0 TId: 0 ( TRAIL, B-SLICE, QP 31 )     176608 bits [Y 35.6830 dB    U 36.0159 dB    V 36.4420 dB] [ET   166 ] [L0 0] [L1 0c]
POC   16 LId:  0 TId: 1 ( STSA, B-SLICE, QP 34 )     105016 bits [Y 34.6265 dB    U 34.8180 dB    V 35.3680 dB] [ET   140 ] [L0 0 32] [L1 32c]
POC    8 LId:  0 TId: 2 ( TRAIL, B-SLICE, QP 35 )      97104 bits [Y 34.2879 dB    U 34.3072 dB    V 34.8637 dB] [ET   143 ] [L0 0 16 32] [L1 16c 32]
POC    4 LId:  0 TId: 3 ( TRAIL, B-SLICE, QP 38 )      68160 bits [Y 33.7007 dB    U 34.2277 dB    V 34.5829 dB] [ET   123 ] [L0 0 8 16] [L1 8c 16 32]
POC    2 LId:  0 TId: 4 ( TRAIL, B-SLICE, QP 40 )      41368 bits [Y 33.3320 dB    U 34.1601 dB    V 34.8389 dB] [ET   103 ] [L0 0 4 8] [L1 4c 8 16 32]
POC    1 LId:  0 TId: 5 ( TRAIL, B-SLICE, QP 41 )      29504 bits [Y 33.0559 dB    U 33.8969 dB    V 34.4824 dB] [ET    67 ] [L0 0] [L1 2c 4]
POC    3 LId:  0 TId: 5 ( TRAIL, B-SLICE, QP 41 )      33440 bits [Y 32.6500 dB    U 33.5748 dB    V 33.8977 dB] [ET    76 ] [L0 2c 0] [L1 4 8]
POC    6 LId:  0 TId: 4 ( TRAIL, B-SLICE, QP 40 )      55272 bits [Y 32.2737 dB    U 33.4404 dB    V 33.8686 dB] [ET   122 ] [L0 4c 2 0] [L1 8 16 32]
POC    5 LId:  0 TId: 5 ( TRAIL, B-SLICE, QP 41 )      39272 bits [Y 32.0457 dB    U 33.0585 dB    V 33.3713 dB] [ET    89 ] [L0 4 0] [L1 6c 8]
POC    7 LId:  0 TId: 5 ( TRAIL, B-SLICE, QP 41 )      41824 bits [Y 31.9407 dB    U 33.0364 dB    V 33.3275 dB] [ET    96 ] [L0 6c 4] [L1 8 16]
POC   12 LId:  0 TId: 3 ( TRAIL, B-SLICE, QP 38 )      69672 bits [Y 33.5160 dB    U 33.9127 dB    V 34.6257 dB] [ET    99 ] [L0 8c 4 0] [L1 16 32]
POC   10 LId:  0 TId: 4 ( TRAIL, B-SLICE, QP 40 )      48736 bits [Y 32.8477 dB    U 33.5817 dB    V 34.2933 dB] [ET    94 ] [L0 8 6 4 0] [L1 12c 16 32]
POC    9 LId:  0 TId: 5 ( TRAIL, B-SLICE, QP 41 )      37912 bits [Y 32.3000 dB    U 33.3514 dB    V 33.6093 dB] [ET    93 ] [L0 8 4] [L1 10c 12]
POC   11 LId:  0 TId: 5 ( TRAIL, B-SLICE, QP 41 )      40048 bits [Y 32.2772 dB    U 33.3088 dB    V 33.6653 dB] [ET    79 ] [L0 10c 8] [L1 12 16]
POC   14 LId:  0 TId: 4 ( TRAIL, B-SLICE, QP 40 )      58296 bits [Y 32.3925 dB    U 33.6014 dB    V 33.8195 dB] [ET    97 ] [L0 12c 10 8 0] [L1 16 32]
POC   13 LId:  0 TId: 5 ( TRAIL, B-SLICE, QP 41 )      40904 bits [Y 31.9193 dB    U 33.0510 dB    V 33.1446 dB] [ET    66 ] [L0 12 8] [L1 14c 16]
POC   15 LId:  0 TId: 5 ( TRAIL, B-SLICE, QP 41 )      42176 bits [Y 32.1707 dB    U 32.9880 dB    V 33.4108 dB] [ET    69 ] [L0 14c 12] [L1 16 32]
POC   24 LId:  0 TId: 2 ( TRAIL, B-SLICE, QP 35 )      86864 bits [Y 34.3521 dB    U 34.3516 dB    V 34.6344 dB] [ET   118 ] [L0 16c 8 0] [L1 32]
POC   20 LId:  0 TId: 3 ( TRAIL, B-SLICE, QP 38 )      53752 bits [Y 34.0182 dB    U 33.8237 dB    V 34.9114 dB] [ET    89 ] [L0 16 8 0] [L1 24c 32]
POC   18 LId:  0 TId: 4 ( TRAIL, B-SLICE, QP 40 )      44744 bits [Y 33.2423 dB    U 33.9650 dB    V 34.5534 dB] [ET    79 ] [L0 16 8 0] [L1 20c 24 32]
POC   17 LId:  0 TId: 5 ( TRAIL, B-SLICE, QP 41 )      37088 bits [Y 32.5180 dB    U 33.3344 dB    V 33.9345 dB] [ET    79 ] [L0 16 8] [L1 18c 20]
POC   19 LId:  0 TId: 5 ( TRAIL, B-SLICE, QP 41 )      30920 bits [Y 32.9482 dB    U 33.6467 dB    V 33.9559 dB] [ET    70 ] [L0 18c 16] [L1 20 24]
POC   22 LId:  0 TId: 4 ( TRAIL, B-SLICE, QP 40 )      44560 bits [Y 32.6382 dB    U 33.5380 dB    V 34.0810 dB] [ET    81 ] [L0 20c 16 0] [L1 24 32 18]
POC   21 LId:  0 TId: 5 ( TRAIL, B-SLICE, QP 41 )      29744 bits [Y 32.7551 dB    U 33.5712 dB    V 34.0529 dB] [ET    70 ] [L0 20 16] [L1 22c 24]
POC   23 LId:  0 TId: 5 ( TRAIL, B-SLICE, QP 41 )      33856 bits [Y 32.4918 dB    U 33.3192 dB    V 33.4502 dB] [ET    79 ] [L0 22c 20] [L1 24 32]
POC   28 LId:  0 TId: 3 ( TRAIL, B-SLICE, QP 38 )      58320 bits [Y 33.6771 dB    U 34.2598 dB    V 34.7523 dB] [ET    89 ] [L0 24c 20 16 0] [L1 32]
POC   26 LId:  0 TId: 4 ( TRAIL, B-SLICE, QP 40 )      52768 bits [Y 32.4037 dB    U 33.8826 dB    V 33.9803 dB] [ET    89 ] [L0 24 20 16 0] [L1 28c 32]
POC   25 LId:  0 TId: 5 ( TRAIL, B-SLICE, QP 41 )      41320 bits [Y 31.8793 dB    U 33.2758 dB    V 33.0623 dB] [ET    87 ] [L0 24 20] [L1 26c 28]
POC   27 LId:  0 TId: 5 ( TRAIL, B-SLICE, QP 41 )      38376 bits [Y 32.3731 dB    U 33.4085 dB    V 33.6427 dB] [ET    83 ] [L0 26c 24] [L1 28 32]
POC   30 LId:  0 TId: 4 ( TRAIL, B-SLICE, QP 40 )      52304 bits [Y 32.5334 dB    U 33.4245 dB    V 33.8545 dB] [ET    81 ] [L0 28c 24 16 0] [L1 32]
POC   29 LId:  0 TId: 5 ( TRAIL, B-SLICE, QP 41 )      35224 bits [Y 32.5618 dB    U 33.2832 dB    V 33.5731 dB] [ET    72 ] [L0 28 24] [L1 30c 32]
POC   31 LId:  0 TId: 5 ( TRAIL, B-SLICE, QP 41 )      40392 bits [Y 32.1627 dB    U 33.1142 dB    V 33.4945 dB] [ET    76 ] [L0 30c 28] [L1 32]

LayerId  0
	Total Frames |  Bitrate      Y-PSNR   U-PSNR   V-PSNR   YUV-PSNR 
	33           a  3035.9152    33.0355  33.7962  34.2051  33.2277  

 finished @ Tue Aug 19 00:40:30 2025
 Total Time:     3063.453 sec. [user]     3063.453 sec. [elapsed]
