
VVCSoftware: VTM Encoder Version 23.11 [Windows][VS 1944][64 bit] [SIMD=AVX2] 

TOOL CFG: IBD:1 HAD:1 RDQ:1 RDQTS:1 LQP:0 SQP:0 ASR:1 MinSearchWindow:96 RestrictMESampling:0 FEN:1 ECU:0 FDM:1 ESD:0 TransformSkip:1 TransformSkipFast:1 TransformSkipLog2MaxSize:5 ChromaTS:1 BDPCM:0 Tiles: 1x1 Slices: 1 MCTS:0 SAO:1 ALF:0 CCALF:0 MaxNumALFAPS 8 AlfapsIDShift 0 ConstantJointCbCrSignFlagWPP:0 WPB:0 PME:2  WaveFrontSynchro:0 WaveFrontSubstreams:1 ScalingList:0 TMVPMode:1  DQ:1  SignBitHidingFlag:0 RecalQP:0 
TOOL CFG: LFNST:1 MMVD:1 Affine:1 AffineType:1 AdaptBypassAffineMe:0 PROF:1 SbTMVP:1 DualITree:1 IMV:1 BIO:1 LMChroma:1 HorCollocatedChroma:1 VerCollocatedChroma:0 MTS:1(explicit intra) SBT:1 ISP:1 SMVD:1 CompositeLTReference:0 Bcw:1 BcwFast:1 LADF:0 CIIP:1 Geo:1 AllowDisFracMMVD:1 AffineAmvr:1 AffineAmvrEncOpt:1 AffineAmvp:1 DMVR:1 MmvdDisNum:6 JointCbCr:1 ACT:0 PLT:0 IBC:0 HashME:0 WrapAround:0 VirtualBoundariesEnabledFlag:0 VirtualBoundariesPresentInSPSFlag:1 vertical virtual boundaries:[ ] horizontal virtual boundaries:[ ] Reshape:1 (Signal:SDR Opt:0 CSoffset:6) MRL:1 MIP:1 EncDbOpt:1 AlfLambdaOpt:0 
FAST TOOL CFG: LCTUFast:1 FastMrg:1 MaxMergeRdCandNumTotal:7 MergeRdCandQuotaRegular:4 MergeRdCandQuotaRegularSmallBlk:4 MergeRdCandQuotaSubBlk:2 MergeRdCandQuotaCiip:1 MergeRdCandQuotaGpm:8 PBIntraFast:1 IMV4PelFast:1 MTSMaxCand: 4(intra) 4(inter) ISPFast:0 FastLFNST:0 AMaxBT:1 E0023FastEnc:1 ContentBasedFastQtbt:0 UseNonLinearAlfLuma:1 UseNonLinearAlfChroma:1 MaxNumAlfAlternativesChroma:8 FastMIP:0 TTFastSkip:31 TTFastSkipThr:1.075 FastLocalDualTree:1 RPR:0 TemporalFilter:4/4 SEI CTI:0 BIM:0 SEI FGC:0 SEI processing Order:0 DPF:0 


 started @ Mon Aug 18 17:30:45 2025
POC    0 LId:  0 TId: 0 ( IDR_N_LP, I-SLICE, QP 34 )      49704 bits [Y 33.0836 dB    U 35.7497 dB    V 37.9620 dB] [ET    16 ] [L0] [L1]
POC   32 LId:  0 TId: 0 ( TRAIL, B-SLICE, QP 36 )      23344 bits [Y 32.1084 dB    U 36.2216 dB    V 36.9561 dB] [ET    35 ] [L0 0] [L1 0c]
POC   16 LId:  0 TId: 1 ( STSA, B-SLICE, QP 40 )       6792 bits [Y 30.2426 dB    U 34.9537 dB    V 37.0854 dB] [ET    17 ] [L0 0 32] [L1 32c]
POC    8 LId:  0 TId: 2 ( TRAIL, B-SLICE, QP 41 )       4456 bits [Y 30.4895 dB    U 35.3212 dB    V 37.2989 dB] [ET    13 ] [L0 0 16 32] [L1 16c 32]
POC    4 LId:  0 TId: 3 ( TRAIL, B-SLICE, QP 43 )       1896 bits [Y 30.6123 dB    U 35.3791 dB    V 37.3721 dB] [ET     9 ] [L0 0 8 16] [L1 8c 16 32]
POC    2 LId:  0 TId: 4 ( TRAIL, B-SLICE, QP 45 )        936 bits [Y 31.0945 dB    U 35.5168 dB    V 37.7193 dB] [ET     3 ] [L0 0 4 8] [L1 4c 8 16 32]
POC    1 LId:  0 TId: 5 ( TRAIL, B-SLICE, QP 46 )        432 bits [Y 31.7951 dB    U 35.5517 dB    V 37.9111 dB] [ET     1 ] [L0 0] [L1 2c 4]
POC    3 LId:  0 TId: 5 ( TRAIL, B-SLICE, QP 46 )        352 bits [Y 30.6364 dB    U 35.4517 dB    V 37.6063 dB] [ET     1 ] [L0 2c 0] [L1 4 8]
POC    6 LId:  0 TId: 4 ( TRAIL, B-SLICE, QP 45 )        664 bits [Y 30.0523 dB    U 35.2011 dB    V 36.9997 dB] [ET     3 ] [L0 4c 2 0] [L1 8 16 32]
POC    5 LId:  0 TId: 5 ( TRAIL, B-SLICE, QP 46 )        256 bits [Y 30.1394 dB    U 35.2942 dB    V 37.1279 dB] [ET     1 ] [L0 4 0] [L1 6c 8]
POC    7 LId:  0 TId: 5 ( TRAIL, B-SLICE, QP 46 )        352 bits [Y 30.2074 dB    U 35.2840 dB    V 37.1598 dB] [ET     2 ] [L0 6c 4] [L1 8 16]
POC   12 LId:  0 TId: 3 ( TRAIL, B-SLICE, QP 43 )       1952 bits [Y 30.1540 dB    U 35.2413 dB    V 37.4339 dB] [ET     7 ] [L0 8c 4 0] [L1 16 32]
POC   10 LId:  0 TId: 4 ( TRAIL, B-SLICE, QP 45 )        456 bits [Y 29.9814 dB    U 35.2675 dB    V 37.3413 dB] [ET     3 ] [L0 8 6 4 0] [L1 12c 16 32]
POC    9 LId:  0 TId: 5 ( TRAIL, B-SLICE, QP 46 )        288 bits [Y 30.2206 dB    U 35.2865 dB    V 37.3907 dB] [ET     1 ] [L0 8 4] [L1 10c 12]
POC   11 LId:  0 TId: 5 ( TRAIL, B-SLICE, QP 46 )        216 bits [Y 29.9911 dB    U 35.2728 dB    V 37.3954 dB] [ET     1 ] [L0 10c 8] [L1 12 16]
POC   14 LId:  0 TId: 4 ( TRAIL, B-SLICE, QP 45 )        592 bits [Y 29.8853 dB    U 35.1301 dB    V 37.3083 dB] [ET     3 ] [L0 12c 10 8 0] [L1 16 32]
POC   13 LId:  0 TId: 5 ( TRAIL, B-SLICE, QP 46 )        344 bits [Y 30.0697 dB    U 35.0881 dB    V 37.3812 dB] [ET     1 ] [L0 12 8] [L1 14c 16]
POC   15 LId:  0 TId: 5 ( TRAIL, B-SLICE, QP 46 )        312 bits [Y 29.8755 dB    U 35.1005 dB    V 37.2338 dB] [ET     2 ] [L0 14c 12] [L1 16 32]
POC   24 LId:  0 TId: 2 ( TRAIL, B-SLICE, QP 41 )       5136 bits [Y 30.1030 dB    U 35.2175 dB    V 37.1870 dB] [ET    26 ] [L0 16c 8 0] [L1 32]
POC   20 LId:  0 TId: 3 ( TRAIL, B-SLICE, QP 43 )       2072 bits [Y 29.6058 dB    U 34.6325 dB    V 37.0663 dB] [ET    12 ] [L0 16 8 0] [L1 24c 32]
POC   18 LId:  0 TId: 4 ( TRAIL, B-SLICE, QP 45 )        672 bits [Y 29.7061 dB    U 34.9197 dB    V 37.1695 dB] [ET     3 ] [L0 16 8 0] [L1 20c 24 32]
POC   17 LId:  0 TId: 5 ( TRAIL, B-SLICE, QP 46 )        304 bits [Y 29.9553 dB    U 34.9330 dB    V 37.2512 dB] [ET     1 ] [L0 16 8] [L1 18c 20]
POC   19 LId:  0 TId: 5 ( TRAIL, B-SLICE, QP 46 )        336 bits [Y 29.5646 dB    U 34.7925 dB    V 37.1455 dB] [ET     1 ] [L0 18c 16] [L1 20 24]
POC   22 LId:  0 TId: 4 ( TRAIL, B-SLICE, QP 45 )        808 bits [Y 29.5034 dB    U 34.4657 dB    V 37.0346 dB] [ET     3 ] [L0 20c 16 0] [L1 24 32 18]
POC   21 LId:  0 TId: 5 ( TRAIL, B-SLICE, QP 46 )        288 bits [Y 29.4491 dB    U 34.6046 dB    V 37.1522 dB] [ET     1 ] [L0 20 16] [L1 22c 24]
POC   23 LId:  0 TId: 5 ( TRAIL, B-SLICE, QP 46 )        288 bits [Y 29.6735 dB    U 34.6557 dB    V 37.2103 dB] [ET     1 ] [L0 22c 20] [L1 24 32]
POC   28 LId:  0 TId: 3 ( TRAIL, B-SLICE, QP 43 )       3496 bits [Y 29.7211 dB    U 35.1984 dB    V 36.5004 dB] [ET    11 ] [L0 24c 20 16 0] [L1 32]
POC   26 LId:  0 TId: 4 ( TRAIL, B-SLICE, QP 45 )       1520 bits [Y 29.4089 dB    U 35.0972 dB    V 36.8871 dB] [ET     6 ] [L0 24 20 16 0] [L1 28c 32]
POC   25 LId:  0 TId: 5 ( TRAIL, B-SLICE, QP 46 )        712 bits [Y 29.5917 dB    U 35.2342 dB    V 37.2196 dB] [ET     2 ] [L0 24 20] [L1 26c 28]
POC   27 LId:  0 TId: 5 ( TRAIL, B-SLICE, QP 46 )       1008 bits [Y 29.3280 dB    U 35.1732 dB    V 36.7409 dB] [ET     4 ] [L0 26c 24] [L1 28 32]
POC   30 LId:  0 TId: 4 ( TRAIL, B-SLICE, QP 45 )       2088 bits [Y 29.6648 dB    U 35.4654 dB    V 36.4357 dB] [ET     7 ] [L0 28c 24 16 0] [L1 32]
POC   29 LId:  0 TId: 5 ( TRAIL, B-SLICE, QP 46 )       1192 bits [Y 29.2774 dB    U 35.3057 dB    V 36.4511 dB] [ET     5 ] [L0 28 24] [L1 30c 32]
POC   31 LId:  0 TId: 5 ( TRAIL, B-SLICE, QP 46 )       1248 bits [Y 30.0503 dB    U 35.7366 dB    V 36.4993 dB] [ET     4 ] [L0 30c 28] [L1 32]

LayerId  0
	Total Frames |  Bitrate      Y-PSNR   U-PSNR   V-PSNR   YUV-PSNR 
	33           a  173.5030     30.1589  35.2043  37.1707  31.3358  

 finished @ Mon Aug 18 17:34:16 2025
 Total Time:      207.293 sec. [user]      207.293 sec. [elapsed]
