
VVCSoftware: VTM Encoder Version 23.11 [Windows][VS 1944][64 bit] [SIMD=AVX2] 

TOOL CFG: IBD:1 HAD:1 RDQ:1 RDQTS:1 LQP:0 SQP:0 ASR:1 MinSearchWindow:96 RestrictMESampling:0 FEN:1 ECU:0 FDM:1 ESD:0 TransformSkip:1 TransformSkipFast:1 TransformSkipLog2MaxSize:5 ChromaTS:1 BDPCM:0 Tiles: 1x1 Slices: 1 MCTS:0 SAO:1 ALF:1 CCALF:1 MaxNumALFAPS 8 AlfapsIDShift 0 ConstantJointCbCrSignFlagWPP:0 WPB:0 PME:2  WaveFrontSynchro:0 WaveFrontSubstreams:1 ScalingList:0 TMVPMode:1  DQ:1  SignBitHidingFlag:0 RecalQP:0 
TOOL CFG: LFNST:1 MMVD:1 Affine:1 AffineType:1 AdaptBypassAffineMe:0 PROF:1 SbTMVP:1 DualITree:1 IMV:1 BIO:1 LMChroma:1 HorCollocatedChroma:1 VerCollocatedChroma:0 MTS:1(explicit intra) SBT:1 ISP:1 SMVD:1 CompositeLTReference:0 Bcw:1 BcwFast:1 LADF:0 CIIP:1 Geo:1 AllowDisFracMMVD:1 AffineAmvr:1 AffineAmvrEncOpt:1 AffineAmvp:1 DMVR:1 MmvdDisNum:6 JointCbCr:1 ACT:0 PLT:0 IBC:0 HashME:0 WrapAround:0 VirtualBoundariesEnabledFlag:0 VirtualBoundariesPresentInSPSFlag:1 vertical virtual boundaries:[ ] horizontal virtual boundaries:[ ] Reshape:1 (Signal:SDR Opt:0 CSoffset:6) MRL:1 MIP:1 EncDbOpt:1 AlfLambdaOpt:0 
FAST TOOL CFG: LCTUFast:0 FastMrg:1 MaxMergeRdCandNumTotal:7 MergeRdCandQuotaRegular:4 MergeRdCandQuotaRegularSmallBlk:4 MergeRdCandQuotaSubBlk:2 MergeRdCandQuotaCiip:1 MergeRdCandQuotaGpm:8 PBIntraFast:1 IMV4PelFast:1 MTSMaxCand: 4(intra) 4(inter) ISPFast:0 FastLFNST:0 AMaxBT:1 E0023FastEnc:1 ContentBasedFastQtbt:0 UseNonLinearAlfLuma:1 UseNonLinearAlfChroma:1 MaxNumAlfAlternativesChroma:8 FastMIP:0 TTFastSkip:31 TTFastSkipThr:1.075 FastLocalDualTree:1 RPR:0 TemporalFilter:4/4 SEI CTI:0 BIM:0 SEI FGC:0 SEI processing Order:0 DPF:0 


 started @ Tue Aug 19 01:01:58 2025
POC    0 LId:  0 TId: 0 ( IDR_N_LP, I-SLICE, QP 19 )     854520 bits [Y 43.5345 dB    U 43.7204 dB    V 43.8022 dB] [ET   142 ] [L0] [L1]
POC   32 LId:  0 TId: 0 ( TRAIL, B-SLICE, QP 21 )     495608 bits [Y 42.4835 dB    U 42.4320 dB    V 42.8163 dB] [ET   215 ] [L0 0] [L1 0c]
POC   16 LId:  0 TId: 1 ( STSA, B-SLICE, QP 22 )     399552 bits [Y 41.9661 dB    U 42.1394 dB    V 42.5640 dB] [ET   209 ] [L0 0 32] [L1 32c]
POC    8 LId:  0 TId: 2 ( TRAIL, B-SLICE, QP 23 )     364648 bits [Y 41.7276 dB    U 41.9228 dB    V 42.3842 dB] [ET   208 ] [L0 0 16 32] [L1 16c 32]
POC    4 LId:  0 TId: 3 ( TRAIL, B-SLICE, QP 26 )     239024 bits [Y 41.5528 dB    U 41.2868 dB    V 41.5709 dB] [ET   162 ] [L0 0 8 16] [L1 8c 16 32]
POC    2 LId:  0 TId: 4 ( TRAIL, B-SLICE, QP 28 )     155368 bits [Y 40.8940 dB    U 40.5826 dB    V 40.9790 dB] [ET   136 ] [L0 0 4 8] [L1 4c 8 16 32]
POC    1 LId:  0 TId: 5 ( TRAIL, B-SLICE, QP 29 )     133512 bits [Y 40.5685 dB    U 40.1543 dB    V 40.5607 dB] [ET   107 ] [L0 0] [L1 2c 4]
POC    3 LId:  0 TId: 5 ( TRAIL, B-SLICE, QP 29 )     142280 bits [Y 40.4398 dB    U 40.0511 dB    V 40.0175 dB] [ET   105 ] [L0 2c 0] [L1 4 8]
POC    6 LId:  0 TId: 4 ( TRAIL, B-SLICE, QP 28 )     217904 bits [Y 40.2668 dB    U 39.9309 dB    V 40.2035 dB] [ET   155 ] [L0 4c 2 0] [L1 8 16 32]
POC    5 LId:  0 TId: 5 ( TRAIL, B-SLICE, QP 29 )     172264 bits [Y 40.0626 dB    U 39.5084 dB    V 39.5681 dB] [ET   117 ] [L0 4 0] [L1 6c 8]
POC    7 LId:  0 TId: 5 ( TRAIL, B-SLICE, QP 29 )     186624 bits [Y 39.7902 dB    U 39.2623 dB    V 39.4273 dB] [ET   135 ] [L0 6c 4] [L1 8 16]
POC   12 LId:  0 TId: 3 ( TRAIL, B-SLICE, QP 26 )     258384 bits [Y 41.3638 dB    U 40.9252 dB    V 41.3386 dB] [ET   161 ] [L0 8c 4 0] [L1 16 32]
POC   10 LId:  0 TId: 4 ( TRAIL, B-SLICE, QP 28 )     193568 bits [Y 40.3828 dB    U 39.8050 dB    V 40.3603 dB] [ET   152 ] [L0 8 6 4 0] [L1 12c 16 32]
POC    9 LId:  0 TId: 5 ( TRAIL, B-SLICE, QP 29 )     167936 bits [Y 39.9521 dB    U 39.4689 dB    V 39.7080 dB] [ET   127 ] [L0 8 4] [L1 10c 12]
POC   11 LId:  0 TId: 5 ( TRAIL, B-SLICE, QP 29 )     170392 bits [Y 39.9279 dB    U 39.4940 dB    V 39.7009 dB] [ET   121 ] [L0 10c 8] [L1 12 16]
POC   14 LId:  0 TId: 4 ( TRAIL, B-SLICE, QP 28 )     219312 bits [Y 40.4948 dB    U 39.8608 dB    V 40.2442 dB] [ET   147 ] [L0 12c 10 8 0] [L1 16 32]
POC   13 LId:  0 TId: 5 ( TRAIL, B-SLICE, QP 29 )     178192 bits [Y 39.7915 dB    U 38.9924 dB    V 39.3681 dB] [ET   121 ] [L0 12 8] [L1 14c 16]
POC   15 LId:  0 TId: 5 ( TRAIL, B-SLICE, QP 29 )     178328 bits [Y 39.9509 dB    U 39.2723 dB    V 39.5705 dB] [ET   122 ] [L0 14c 12] [L1 16 32]
POC   24 LId:  0 TId: 2 ( TRAIL, B-SLICE, QP 23 )     338728 bits [Y 41.8585 dB    U 42.0172 dB    V 42.3307 dB] [ET   187 ] [L0 16c 8 0] [L1 32]
POC   20 LId:  0 TId: 3 ( TRAIL, B-SLICE, QP 26 )     219632 bits [Y 41.5101 dB    U 40.9725 dB    V 41.4782 dB] [ET   151 ] [L0 16 8 0] [L1 24c 32]
POC   18 LId:  0 TId: 4 ( TRAIL, B-SLICE, QP 28 )     162296 bits [Y 40.8968 dB    U 40.2159 dB    V 40.7105 dB] [ET   130 ] [L0 16 8 0] [L1 20c 24 32]
POC   17 LId:  0 TId: 5 ( TRAIL, B-SLICE, QP 29 )     155104 bits [Y 40.0882 dB    U 39.6846 dB    V 39.8445 dB] [ET   116 ] [L0 16 8] [L1 18c 20]
POC   19 LId:  0 TId: 5 ( TRAIL, B-SLICE, QP 29 )     128704 bits [Y 40.4406 dB    U 39.5306 dB    V 39.8364 dB] [ET   107 ] [L0 18c 16] [L1 20 24]
POC   22 LId:  0 TId: 4 ( TRAIL, B-SLICE, QP 28 )     203232 bits [Y 39.9555 dB    U 39.3293 dB    V 40.1744 dB] [ET   149 ] [L0 20c 16 0] [L1 24 32 18]
POC   21 LId:  0 TId: 5 ( TRAIL, B-SLICE, QP 29 )     137960 bits [Y 40.0648 dB    U 39.4915 dB    V 39.8482 dB] [ET   109 ] [L0 20 16] [L1 22c 24]
POC   23 LId:  0 TId: 5 ( TRAIL, B-SLICE, QP 29 )     150656 bits [Y 39.9091 dB    U 39.1364 dB    V 39.4751 dB] [ET   116 ] [L0 22c 20] [L1 24 32]
POC   28 LId:  0 TId: 3 ( TRAIL, B-SLICE, QP 26 )     230128 bits [Y 41.4929 dB    U 41.0610 dB    V 41.3926 dB] [ET   152 ] [L0 24c 20 16 0] [L1 32]
POC   26 LId:  0 TId: 4 ( TRAIL, B-SLICE, QP 28 )     204384 bits [Y 40.3195 dB    U 40.0671 dB    V 40.2218 dB] [ET   149 ] [L0 24 20 16 0] [L1 28c 32]
POC   25 LId:  0 TId: 5 ( TRAIL, B-SLICE, QP 29 )     181264 bits [Y 39.7783 dB    U 39.2344 dB    V 39.4251 dB] [ET   128 ] [L0 24 20] [L1 26c 28]
POC   27 LId:  0 TId: 5 ( TRAIL, B-SLICE, QP 29 )     159456 bits [Y 39.8661 dB    U 39.4274 dB    V 39.5081 dB] [ET   122 ] [L0 26c 24] [L1 28 32]
POC   30 LId:  0 TId: 4 ( TRAIL, B-SLICE, QP 28 )     205720 bits [Y 40.3689 dB    U 39.7295 dB    V 40.0668 dB] [ET   142 ] [L0 28c 24 16 0] [L1 32]
POC   29 LId:  0 TId: 5 ( TRAIL, B-SLICE, QP 29 )     150216 bits [Y 40.2392 dB    U 39.3711 dB    V 39.5999 dB] [ET   111 ] [L0 28 24] [L1 30c 32]
POC   31 LId:  0 TId: 5 ( TRAIL, B-SLICE, QP 29 )     180800 bits [Y 39.9296 dB    U 39.4748 dB    V 39.5647 dB] [ET   118 ] [L0 30c 28] [L1 32]

LayerId  0
	Total Frames |  Bitrate      Y-PSNR   U-PSNR   V-PSNR   YUV-PSNR 
	33           a  11417.7212   40.6627  40.2289  40.5352  40.4645  

 finished @ Tue Aug 19 02:19:08 2025
 Total Time:     4630.083 sec. [user]     4630.083 sec. [elapsed]
