
VVCSoftware: VTM Encoder Version 23.11 [Windows][VS 1944][64 bit] [SIMD=AVX2] 

TOOL CFG: IBD:1 HAD:1 RDQ:1 RDQTS:1 LQP:0 SQP:0 ASR:1 MinSearchWindow:96 RestrictMESampling:0 FEN:1 ECU:0 FDM:1 ESD:0 TransformSkip:1 TransformSkipFast:1 TransformSkipLog2MaxSize:5 ChromaTS:1 BDPCM:0 Tiles: 1x1 Slices: 1 MCTS:0 SAO:1 ALF:1 CCALF:1 MaxNumALFAPS 8 AlfapsIDShift 0 ConstantJointCbCrSignFlagWPP:0 WPB:0 PME:2  WaveFrontSynchro:0 WaveFrontSubstreams:1 ScalingList:0 TMVPMode:1  DQ:1  SignBitHidingFlag:0 RecalQP:0 
TOOL CFG: LFNST:1 MMVD:1 Affine:1 AffineType:1 AdaptBypassAffineMe:0 PROF:1 SbTMVP:1 DualITree:1 IMV:1 BIO:1 LMChroma:1 HorCollocatedChroma:1 VerCollocatedChroma:0 MTS:1(explicit intra) SBT:1 ISP:1 SMVD:1 CompositeLTReference:0 Bcw:1 BcwFast:1 LADF:0 CIIP:1 Geo:1 AllowDisFracMMVD:1 AffineAmvr:1 AffineAmvrEncOpt:1 AffineAmvp:1 DMVR:1 MmvdDisNum:6 JointCbCr:1 ACT:0 PLT:0 IBC:0 HashME:0 WrapAround:0 VirtualBoundariesEnabledFlag:0 VirtualBoundariesPresentInSPSFlag:1 vertical virtual boundaries:[ ] horizontal virtual boundaries:[ ] Reshape:1 (Signal:SDR Opt:0 CSoffset:6) MRL:1 MIP:1 EncDbOpt:1 AlfLambdaOpt:0 
FAST TOOL CFG: LCTUFast:0 FastMrg:1 MaxMergeRdCandNumTotal:7 MergeRdCandQuotaRegular:4 MergeRdCandQuotaRegularSmallBlk:4 MergeRdCandQuotaSubBlk:2 MergeRdCandQuotaCiip:1 MergeRdCandQuotaGpm:8 PBIntraFast:1 IMV4PelFast:1 MTSMaxCand: 4(intra) 4(inter) ISPFast:0 FastLFNST:0 AMaxBT:1 E0023FastEnc:1 ContentBasedFastQtbt:0 UseNonLinearAlfLuma:1 UseNonLinearAlfChroma:1 MaxNumAlfAlternativesChroma:8 FastMIP:0 TTFastSkip:31 TTFastSkipThr:1.075 FastLocalDualTree:1 RPR:0 TemporalFilter:4/4 SEI CTI:0 BIM:0 SEI FGC:0 SEI processing Order:0 DPF:0 


 started @ Mon Aug 18 23:20:52 2025
POC    0 LId:  0 TId: 0 ( IDR_N_LP, I-SLICE, QP 34 )     164120 bits [Y 33.4641 dB    U 33.3422 dB    V 34.2570 dB] [ET    65 ] [L0] [L1]
POC   32 LId:  0 TId: 0 ( TRAIL, B-SLICE, QP 36 )     101360 bits [Y 32.5249 dB    U 32.9892 dB    V 33.7993 dB] [ET   104 ] [L0 0] [L1 0c]
POC   16 LId:  0 TId: 1 ( STSA, B-SLICE, QP 40 )      55608 bits [Y 31.3056 dB    U 32.3593 dB    V 33.2271 dB] [ET    89 ] [L0 0 32] [L1 32c]
POC    8 LId:  0 TId: 2 ( TRAIL, B-SLICE, QP 41 )      49912 bits [Y 30.8199 dB    U 32.0409 dB    V 32.7499 dB] [ET    88 ] [L0 0 16 32] [L1 16c 32]
POC    4 LId:  0 TId: 3 ( TRAIL, B-SLICE, QP 43 )      37384 bits [Y 30.4523 dB    U 31.8422 dB    V 32.3738 dB] [ET    75 ] [L0 0 8 16] [L1 8c 16 32]
POC    2 LId:  0 TId: 4 ( TRAIL, B-SLICE, QP 45 )      20248 bits [Y 30.3351 dB    U 31.6209 dB    V 32.5232 dB] [ET    51 ] [L0 0 4 8] [L1 4c 8 16 32]
POC    1 LId:  0 TId: 5 ( TRAIL, B-SLICE, QP 46 )      15080 bits [Y 30.3989 dB    U 31.3276 dB    V 32.2400 dB] [ET    29 ] [L0 0] [L1 2c 4]
POC    3 LId:  0 TId: 5 ( TRAIL, B-SLICE, QP 46 )      16080 bits [Y 29.8691 dB    U 31.0488 dB    V 31.5567 dB] [ET    35 ] [L0 2c 0] [L1 4 8]
POC    6 LId:  0 TId: 4 ( TRAIL, B-SLICE, QP 45 )      27848 bits [Y 29.4423 dB    U 30.8633 dB    V 31.5910 dB] [ET    67 ] [L0 4c 2 0] [L1 8 16 32]
POC    5 LId:  0 TId: 5 ( TRAIL, B-SLICE, QP 46 )      18344 bits [Y 29.1587 dB    U 30.6535 dB    V 30.9850 dB] [ET    41 ] [L0 4 0] [L1 6c 8]
POC    7 LId:  0 TId: 5 ( TRAIL, B-SLICE, QP 46 )      20648 bits [Y 29.1211 dB    U 30.5965 dB    V 31.1119 dB] [ET    44 ] [L0 6c 4] [L1 8 16]
POC   12 LId:  0 TId: 3 ( TRAIL, B-SLICE, QP 43 )      36944 bits [Y 30.3467 dB    U 31.6881 dB    V 32.5064 dB] [ET    74 ] [L0 8c 4 0] [L1 16 32]
POC   10 LId:  0 TId: 4 ( TRAIL, B-SLICE, QP 45 )      24288 bits [Y 29.9187 dB    U 31.1931 dB    V 31.8940 dB] [ET    61 ] [L0 8 6 4 0] [L1 12c 16 32]
POC    9 LId:  0 TId: 5 ( TRAIL, B-SLICE, QP 46 )      18640 bits [Y 29.4497 dB    U 31.0200 dB    V 31.3251 dB] [ET    38 ] [L0 8 4] [L1 10c 12]
POC   11 LId:  0 TId: 5 ( TRAIL, B-SLICE, QP 46 )      18608 bits [Y 29.4056 dB    U 30.6804 dB    V 31.3059 dB] [ET    38 ] [L0 10c 8] [L1 12 16]
POC   14 LId:  0 TId: 4 ( TRAIL, B-SLICE, QP 45 )      29320 bits [Y 29.2907 dB    U 31.0939 dB    V 31.5528 dB] [ET    60 ] [L0 12c 10 8 0] [L1 16 32]
POC   13 LId:  0 TId: 5 ( TRAIL, B-SLICE, QP 46 )      18880 bits [Y 28.9765 dB    U 30.4452 dB    V 30.9197 dB] [ET    37 ] [L0 12 8] [L1 14c 16]
POC   15 LId:  0 TId: 5 ( TRAIL, B-SLICE, QP 46 )      20520 bits [Y 29.2251 dB    U 30.6024 dB    V 31.1704 dB] [ET    41 ] [L0 14c 12] [L1 16 32]
POC   24 LId:  0 TId: 2 ( TRAIL, B-SLICE, QP 41 )      45432 bits [Y 30.9784 dB    U 31.9572 dB    V 32.5154 dB] [ET    58 ] [L0 16c 8 0] [L1 32]
POC   20 LId:  0 TId: 3 ( TRAIL, B-SLICE, QP 43 )      28616 bits [Y 30.9864 dB    U 31.8025 dB    V 32.7811 dB] [ET    62 ] [L0 16 8 0] [L1 24c 32]
POC   18 LId:  0 TId: 4 ( TRAIL, B-SLICE, QP 45 )      22840 bits [Y 30.1768 dB    U 31.4636 dB    V 32.2195 dB] [ET    53 ] [L0 16 8 0] [L1 20c 24 32]
POC   17 LId:  0 TId: 5 ( TRAIL, B-SLICE, QP 46 )      18224 bits [Y 29.6625 dB    U 30.9637 dB    V 31.6219 dB] [ET    37 ] [L0 16 8] [L1 18c 20]
POC   19 LId:  0 TId: 5 ( TRAIL, B-SLICE, QP 46 )      15304 bits [Y 30.0705 dB    U 31.2298 dB    V 31.8206 dB] [ET    28 ] [L0 18c 16] [L1 20 24]
POC   22 LId:  0 TId: 4 ( TRAIL, B-SLICE, QP 45 )      22144 bits [Y 29.8854 dB    U 31.4557 dB    V 31.8133 dB] [ET    52 ] [L0 20c 16 0] [L1 24 32 18]
POC   21 LId:  0 TId: 5 ( TRAIL, B-SLICE, QP 46 )      13856 bits [Y 29.9814 dB    U 31.3128 dB    V 31.5864 dB] [ET    29 ] [L0 20 16] [L1 22c 24]
POC   23 LId:  0 TId: 5 ( TRAIL, B-SLICE, QP 46 )      16552 bits [Y 29.7658 dB    U 31.0712 dB    V 31.1914 dB] [ET    33 ] [L0 22c 20] [L1 24 32]
POC   28 LId:  0 TId: 3 ( TRAIL, B-SLICE, QP 43 )      31824 bits [Y 30.6421 dB    U 32.1610 dB    V 32.7424 dB] [ET    66 ] [L0 24c 20 16 0] [L1 32]
POC   26 LId:  0 TId: 4 ( TRAIL, B-SLICE, QP 45 )      27136 bits [Y 29.5385 dB    U 31.3255 dB    V 31.7039 dB] [ET    59 ] [L0 24 20 16 0] [L1 28c 32]
POC   25 LId:  0 TId: 5 ( TRAIL, B-SLICE, QP 46 )      19680 bits [Y 29.1323 dB    U 30.9024 dB    V 30.7862 dB] [ET    39 ] [L0 24 20] [L1 26c 28]
POC   27 LId:  0 TId: 5 ( TRAIL, B-SLICE, QP 46 )      18048 bits [Y 29.4930 dB    U 30.9653 dB    V 31.3946 dB] [ET    36 ] [L0 26c 24] [L1 28 32]
POC   30 LId:  0 TId: 4 ( TRAIL, B-SLICE, QP 45 )      26024 bits [Y 29.5880 dB    U 31.0793 dB    V 31.5779 dB] [ET    54 ] [L0 28c 24 16 0] [L1 32]
POC   29 LId:  0 TId: 5 ( TRAIL, B-SLICE, QP 46 )      17024 bits [Y 29.7705 dB    U 30.8659 dB    V 31.2907 dB] [ET    34 ] [L0 28 24] [L1 30c 32]
POC   31 LId:  0 TId: 5 ( TRAIL, B-SLICE, QP 46 )      18712 bits [Y 29.3976 dB    U 30.5840 dB    V 31.0864 dB] [ET    36 ] [L0 30c 28] [L1 32]

LayerId  0
	Total Frames |  Bitrate      Y-PSNR   U-PSNR   V-PSNR   YUV-PSNR 
	33           a  1568.5576    30.0780  31.3499  31.9158  30.4504  

 finished @ Mon Aug 18 23:49:26 2025
 Total Time:     1714.507 sec. [user]     1714.507 sec. [elapsed]
