
VVCSoftware: VTM Encoder Version 23.11 [Windows][VS 1944][64 bit] [SIMD=AVX2] 

TOOL CFG: IBD:1 HAD:1 RDQ:1 RDQTS:1 LQP:0 SQP:0 ASR:0 MinSearchWindow:96 RestrictMESampling:0 FEN:1 ECU:0 FDM:1 ESD:0 TransformSkip:1 TransformSkipFast:1 TransformSkipLog2MaxSize:5 ChromaTS:1 BDPCM:0 Tiles: 1x1 Slices: 1 MCTS:0 SAO:1 ALF:1 CCALF:1 MaxNumALFAPS 8 AlfapsIDShift 0 ConstantJointCbCrSignFlagWPP:0 WPB:0 PME:2  WaveFrontSynchro:0 WaveFrontSubstreams:1 ScalingList:0 TMVPMode:1  DQ:1  SignBitHidingFlag:0 RecalQP:0 
TOOL CFG: LFNST:1 MMVD:1 Affine:1 AffineType:1 AdaptBypassAffineMe:0 PROF:1 SbTMVP:1 DualITree:1 IMV:1 BIO:1 LMChroma:1 HorCollocatedChroma:1 VerCollocatedChroma:0 MTS:1(explicit intra) SBT:1 ISP:1 SMVD:1 CompositeLTReference:0 Bcw:1 BcwFast:1 LADF:0 CIIP:1 Geo:1 AllowDisFracMMVD:1 AffineAmvr:1 AffineAmvrEncOpt:1 AffineAmvp:1 DMVR:1 MmvdDisNum:6 JointCbCr:1 ACT:0 PLT:0 IBC:0 HashME:0 WrapAround:0 VirtualBoundariesEnabledFlag:0 VirtualBoundariesPresentInSPSFlag:1 vertical virtual boundaries:[ ] horizontal virtual boundaries:[ ] Reshape:1 (Signal:SDR Opt:0 CSoffset:6) MRL:1 MIP:1 EncDbOpt:1 AlfLambdaOpt:0 
FAST TOOL CFG: LCTUFast:1 FastMrg:1 MaxMergeRdCandNumTotal:7 MergeRdCandQuotaRegular:4 MergeRdCandQuotaRegularSmallBlk:4 MergeRdCandQuotaSubBlk:2 MergeRdCandQuotaCiip:1 MergeRdCandQuotaGpm:8 PBIntraFast:1 IMV4PelFast:1 MTSMaxCand: 4(intra) 4(inter) ISPFast:0 FastLFNST:0 AMaxBT:1 E0023FastEnc:1 ContentBasedFastQtbt:0 UseNonLinearAlfLuma:1 UseNonLinearAlfChroma:1 MaxNumAlfAlternativesChroma:8 FastMIP:0 TTFastSkip:31 TTFastSkipThr:1.075 FastLocalDualTree:1 RPR:0 TemporalFilter:4/4 SEI CTI:0 BIM:0 SEI FGC:0 SEI processing Order:0 DPF:0 


 started @ Mon Aug 18 21:48:46 2025
POC    0 LId:  0 TId: 0 ( IDR_N_LP, I-SLICE, QP 24 )      87928 bits [Y 42.0691 dB    U 44.4947 dB    V 44.7481 dB] [ET    27 ] [L0] [L1]
POC   32 LId:  0 TId: 0 ( TRAIL, B-SLICE, QP 26 )      37344 bits [Y 41.3153 dB    U 44.2671 dB    V 44.3428 dB] [ET   387 ] [L0 0] [L1 0c]
POC   16 LId:  0 TId: 1 ( STSA, B-SLICE, QP 28 )      19048 bits [Y 40.4236 dB    U 43.4593 dB    V 43.2700 dB] [ET   429 ] [L0 0 32] [L1 32c]
POC    8 LId:  0 TId: 2 ( TRAIL, B-SLICE, QP 29 )      13576 bits [Y 40.2354 dB    U 43.5058 dB    V 43.1065 dB] [ET   526 ] [L0 0 16 32] [L1 16c 32]
POC    4 LId:  0 TId: 3 ( TRAIL, B-SLICE, QP 32 )       7480 bits [Y 39.5127 dB    U 43.4576 dB    V 42.8024 dB] [ET   621 ] [L0 0 8 16] [L1 8c 16 32]
POC    2 LId:  0 TId: 4 ( TRAIL, B-SLICE, QP 34 )       3024 bits [Y 39.4673 dB    U 43.8063 dB    V 43.1909 dB] [ET   473 ] [L0 0 4 8] [L1 4c 8 16 32]
POC    1 LId:  0 TId: 5 ( TRAIL, B-SLICE, QP 36 )       1024 bits [Y 39.6989 dB    U 43.9519 dB    V 43.5099 dB] [ET   101 ] [L0 0] [L1 2c 4]
POC    3 LId:  0 TId: 5 ( TRAIL, B-SLICE, QP 36 )        968 bits [Y 38.7949 dB    U 43.3663 dB    V 42.7000 dB] [ET   135 ] [L0 2c 0] [L1 4 8]
POC    6 LId:  0 TId: 4 ( TRAIL, B-SLICE, QP 34 )       3480 bits [Y 38.7619 dB    U 43.3545 dB    V 42.6238 dB] [ET   636 ] [L0 4c 2 0] [L1 8 16 32]
POC    5 LId:  0 TId: 5 ( TRAIL, B-SLICE, QP 36 )        688 bits [Y 38.6018 dB    U 43.1657 dB    V 42.4748 dB] [ET   115 ] [L0 4 0] [L1 6c 8]
POC    7 LId:  0 TId: 5 ( TRAIL, B-SLICE, QP 36 )        856 bits [Y 38.6038 dB    U 43.1763 dB    V 42.6051 dB] [ET   144 ] [L0 6c 4] [L1 8 16]
POC   12 LId:  0 TId: 3 ( TRAIL, B-SLICE, QP 32 )       7504 bits [Y 39.2902 dB    U 43.0636 dB    V 42.4055 dB] [ET   691 ] [L0 8c 4 0] [L1 16 32]
POC   10 LId:  0 TId: 4 ( TRAIL, B-SLICE, QP 34 )       3288 bits [Y 38.8192 dB    U 43.1563 dB    V 42.4482 dB] [ET   704 ] [L0 8 6 4 0] [L1 12c 16 32]
POC    9 LId:  0 TId: 5 ( TRAIL, B-SLICE, QP 36 )       1008 bits [Y 38.6671 dB    U 43.3058 dB    V 42.6288 dB] [ET   156 ] [L0 8 4] [L1 10c 12]
POC   11 LId:  0 TId: 5 ( TRAIL, B-SLICE, QP 36 )       1104 bits [Y 38.4854 dB    U 43.0723 dB    V 42.1981 dB] [ET   169 ] [L0 10c 8] [L1 12 16]
POC   14 LId:  0 TId: 4 ( TRAIL, B-SLICE, QP 34 )       2552 bits [Y 38.8908 dB    U 43.2000 dB    V 42.5686 dB] [ET   492 ] [L0 12c 10 8 0] [L1 16 32]
POC   13 LId:  0 TId: 5 ( TRAIL, B-SLICE, QP 36 )        736 bits [Y 38.6155 dB    U 43.0914 dB    V 42.3172 dB] [ET   109 ] [L0 12 8] [L1 14c 16]
POC   15 LId:  0 TId: 5 ( TRAIL, B-SLICE, QP 36 )        584 bits [Y 39.0757 dB    U 43.3405 dB    V 42.7655 dB] [ET    80 ] [L0 14c 12] [L1 16 32]
POC   24 LId:  0 TId: 2 ( TRAIL, B-SLICE, QP 29 )      14304 bits [Y 39.9478 dB    U 43.5268 dB    V 42.8953 dB] [ET   496 ] [L0 16c 8 0] [L1 32]
POC   20 LId:  0 TId: 3 ( TRAIL, B-SLICE, QP 32 )       7240 bits [Y 39.1873 dB    U 43.4173 dB    V 42.4622 dB] [ET   479 ] [L0 16 8 0] [L1 24c 32]
POC   18 LId:  0 TId: 4 ( TRAIL, B-SLICE, QP 34 )       2672 bits [Y 38.8278 dB    U 43.3312 dB    V 42.4312 dB] [ET   416 ] [L0 16 8 0] [L1 20c 24 32]
POC   17 LId:  0 TId: 5 ( TRAIL, B-SLICE, QP 36 )        544 bits [Y 39.0140 dB    U 43.4007 dB    V 42.3679 dB] [ET    76 ] [L0 16 8] [L1 18c 20]
POC   19 LId:  0 TId: 5 ( TRAIL, B-SLICE, QP 36 )        496 bits [Y 38.5528 dB    U 43.3994 dB    V 42.3162 dB] [ET    69 ] [L0 18c 16] [L1 20 24]
POC   22 LId:  0 TId: 4 ( TRAIL, B-SLICE, QP 34 )       2768 bits [Y 38.6602 dB    U 43.4206 dB    V 42.2543 dB] [ET   416 ] [L0 20c 16 0] [L1 24 32 18]
POC   21 LId:  0 TId: 5 ( TRAIL, B-SLICE, QP 36 )        536 bits [Y 38.5869 dB    U 43.3911 dB    V 42.1863 dB] [ET    76 ] [L0 20 16] [L1 22c 24]
POC   23 LId:  0 TId: 5 ( TRAIL, B-SLICE, QP 36 )        488 bits [Y 38.8760 dB    U 43.5365 dB    V 42.3361 dB] [ET    83 ] [L0 22c 20] [L1 24 32]
POC   28 LId:  0 TId: 3 ( TRAIL, B-SLICE, QP 32 )       6752 bits [Y 39.1653 dB    U 43.6274 dB    V 42.7497 dB] [ET   423 ] [L0 24c 20 16 0] [L1 32]
POC   26 LId:  0 TId: 4 ( TRAIL, B-SLICE, QP 34 )       2304 bits [Y 38.6714 dB    U 43.4883 dB    V 42.4594 dB] [ET   358 ] [L0 24 20 16 0] [L1 28c 32]
POC   25 LId:  0 TId: 5 ( TRAIL, B-SLICE, QP 36 )        640 bits [Y 38.9220 dB    U 43.6543 dB    V 42.6256 dB] [ET    69 ] [L0 24 20] [L1 26c 28]
POC   27 LId:  0 TId: 5 ( TRAIL, B-SLICE, QP 36 )        504 bits [Y 38.4742 dB    U 43.5854 dB    V 42.3488 dB] [ET    64 ] [L0 26c 24] [L1 28 32]
POC   30 LId:  0 TId: 4 ( TRAIL, B-SLICE, QP 34 )       2592 bits [Y 38.9652 dB    U 43.8613 dB    V 42.8843 dB] [ET   310 ] [L0 28c 24 16 0] [L1 32]
POC   29 LId:  0 TId: 5 ( TRAIL, B-SLICE, QP 36 )        576 bits [Y 38.4679 dB    U 43.6960 dB    V 42.3198 dB] [ET    73 ] [L0 28 24] [L1 30c 32]
POC   31 LId:  0 TId: 5 ( TRAIL, B-SLICE, QP 36 )        840 bits [Y 39.3250 dB    U 43.9351 dB    V 42.9492 dB] [ET    63 ] [L0 30c 28] [L1 32]

LayerId  0
	Total Frames |  Bitrate      Y-PSNR   U-PSNR   V-PSNR   YUV-PSNR 
	33           a  356.7394     39.1810  43.5002  42.7361  40.0808  

 finished @ Tue Aug 19 00:26:32 2025
 Total Time:     9466.180 sec. [user]     9466.179 sec. [elapsed]
