
VVCSoftware: VTM Encoder Version 23.11 [Windows][VS 1944][64 bit] [SIMD=AVX2] 

TOOL CFG: IBD:1 HAD:1 RDQ:1 RDQTS:1 LQP:0 SQP:0 ASR:1 MinSearchWindow:96 RestrictMESampling:0 FEN:1 ECU:0 FDM:1 ESD:0 TransformSkip:1 TransformSkipFast:1 TransformSkipLog2MaxSize:5 ChromaTS:1 BDPCM:0 Tiles: 1x1 Slices: 1 MCTS:0 SAO:1 ALF:1 CCALF:1 MaxNumALFAPS 8 AlfapsIDShift 0 ConstantJointCbCrSignFlagWPP:0 WPB:0 PME:2  WaveFrontSynchro:0 WaveFrontSubstreams:1 ScalingList:0 TMVPMode:1  DQ:1  SignBitHidingFlag:0 RecalQP:0 
TOOL CFG: LFNST:1 MMVD:1 Affine:1 AffineType:1 AdaptBypassAffineMe:0 PROF:1 SbTMVP:1 DualITree:1 IMV:1 BIO:1 LMChroma:1 HorCollocatedChroma:1 VerCollocatedChroma:0 MTS:1(explicit intra) SBT:1 ISP:1 SMVD:1 CompositeLTReference:0 Bcw:1 BcwFast:1 LADF:0 CIIP:1 Geo:1 AllowDisFracMMVD:1 AffineAmvr:1 AffineAmvrEncOpt:1 AffineAmvp:1 DMVR:1 MmvdDisNum:6 JointCbCr:1 ACT:0 PLT:0 IBC:0 HashME:0 WrapAround:0 VirtualBoundariesEnabledFlag:0 VirtualBoundariesPresentInSPSFlag:1 vertical virtual boundaries:[ ] horizontal virtual boundaries:[ ] Reshape:1 (Signal:SDR Opt:0 CSoffset:6) MRL:1 MIP:1 EncDbOpt:1 AlfLambdaOpt:0 
FAST TOOL CFG: LCTUFast:1 FastMrg:0 MaxMergeRdCandNumTotal:7 MergeRdCandQuotaRegular:4 MergeRdCandQuotaRegularSmallBlk:4 MergeRdCandQuotaSubBlk:2 MergeRdCandQuotaCiip:1 MergeRdCandQuotaGpm:8 PBIntraFast:1 IMV4PelFast:1 MTSMaxCand: 4(intra) 4(inter) ISPFast:0 FastLFNST:0 AMaxBT:1 E0023FastEnc:1 ContentBasedFastQtbt:0 UseNonLinearAlfLuma:1 UseNonLinearAlfChroma:1 MaxNumAlfAlternativesChroma:8 FastMIP:0 TTFastSkip:31 TTFastSkipThr:1.075 FastLocalDualTree:1 RPR:0 TemporalFilter:4/4 SEI CTI:0 BIM:0 SEI FGC:0 SEI processing Order:0 DPF:0 


 started @ Tue Aug 19 02:19:09 2025
POC    0 LId:  0 TId: 0 ( IDR_N_LP, I-SLICE, QP 29 )     245144 bits [Y 38.8432 dB    U 43.8226 dB    V 44.6787 dB] [ET   111 ] [L0] [L1]
POC   32 LId:  0 TId: 0 ( TRAIL, B-SLICE, QP 31 )     194688 bits [Y 38.4950 dB    U 43.2357 dB    V 44.0423 dB] [ET   480 ] [L0 0] [L1 0c]
POC   16 LId:  0 TId: 1 ( STSA, B-SLICE, QP 34 )      87544 bits [Y 38.3264 dB    U 43.2309 dB    V 43.8081 dB] [ET   312 ] [L0 0 32] [L1 32c]
POC    8 LId:  0 TId: 2 ( TRAIL, B-SLICE, QP 35 )      64064 bits [Y 38.0580 dB    U 43.2041 dB    V 43.5514 dB] [ET   263 ] [L0 0 16 32] [L1 16c 32]
POC    4 LId:  0 TId: 3 ( TRAIL, B-SLICE, QP 38 )      39288 bits [Y 37.8143 dB    U 43.1819 dB    V 43.4907 dB] [ET   201 ] [L0 0 8 16] [L1 8c 16 32]
POC    2 LId:  0 TId: 4 ( TRAIL, B-SLICE, QP 40 )      24064 bits [Y 37.7476 dB    U 43.3059 dB    V 43.6002 dB] [ET   139 ] [L0 0 4 8] [L1 4c 8 16 32]
POC    1 LId:  0 TId: 5 ( TRAIL, B-SLICE, QP 41 )      13480 bits [Y 37.8558 dB    U 43.4652 dB    V 43.7472 dB] [ET    67 ] [L0 0] [L1 2c 4]
POC    3 LId:  0 TId: 5 ( TRAIL, B-SLICE, QP 41 )      14288 bits [Y 37.4970 dB    U 43.1370 dB    V 43.1736 dB] [ET    76 ] [L0 2c 0] [L1 4 8]
POC    6 LId:  0 TId: 4 ( TRAIL, B-SLICE, QP 40 )      26448 bits [Y 37.4029 dB    U 43.0662 dB    V 43.1685 dB] [ET   147 ] [L0 4c 2 0] [L1 8 16 32]
POC    5 LId:  0 TId: 5 ( TRAIL, B-SLICE, QP 41 )      14840 bits [Y 37.2862 dB    U 42.9782 dB    V 43.0076 dB] [ET    78 ] [L0 4 0] [L1 6c 8]
POC    7 LId:  0 TId: 5 ( TRAIL, B-SLICE, QP 41 )      14640 bits [Y 37.3646 dB    U 43.0746 dB    V 43.0147 dB] [ET    76 ] [L0 6c 4] [L1 8 16]
POC   12 LId:  0 TId: 3 ( TRAIL, B-SLICE, QP 38 )      35272 bits [Y 37.8451 dB    U 43.1082 dB    V 43.5958 dB] [ET   181 ] [L0 8c 4 0] [L1 16 32]
POC   10 LId:  0 TId: 4 ( TRAIL, B-SLICE, QP 40 )      21896 bits [Y 37.5105 dB    U 43.0409 dB    V 43.1146 dB] [ET   139 ] [L0 8 6 4 0] [L1 12c 16 32]
POC    9 LId:  0 TId: 5 ( TRAIL, B-SLICE, QP 41 )      13600 bits [Y 37.4230 dB    U 43.0181 dB    V 43.0195 dB] [ET    78 ] [L0 8 4] [L1 10c 12]
POC   11 LId:  0 TId: 5 ( TRAIL, B-SLICE, QP 41 )      10768 bits [Y 37.4454 dB    U 43.0489 dB    V 43.1873 dB] [ET    70 ] [L0 10c 8] [L1 12 16]
POC   14 LId:  0 TId: 4 ( TRAIL, B-SLICE, QP 40 )      17664 bits [Y 37.7005 dB    U 43.0973 dB    V 43.5008 dB] [ET   111 ] [L0 12c 10 8 0] [L1 16 32]
POC   13 LId:  0 TId: 5 ( TRAIL, B-SLICE, QP 41 )       9136 bits [Y 37.5735 dB    U 43.0459 dB    V 43.3573 dB] [ET    52 ] [L0 12 8] [L1 14c 16]
POC   15 LId:  0 TId: 5 ( TRAIL, B-SLICE, QP 41 )       8840 bits [Y 37.6993 dB    U 43.1690 dB    V 43.4603 dB] [ET    50 ] [L0 14c 12] [L1 16 32]
POC   24 LId:  0 TId: 2 ( TRAIL, B-SLICE, QP 35 )      72624 bits [Y 38.0902 dB    U 42.7778 dB    V 43.3423 dB] [ET   259 ] [L0 16c 8 0] [L1 32]
POC   20 LId:  0 TId: 3 ( TRAIL, B-SLICE, QP 38 )      36120 bits [Y 37.8735 dB    U 42.9759 dB    V 43.4906 dB] [ET   186 ] [L0 16 8 0] [L1 24c 32]
POC   18 LId:  0 TId: 4 ( TRAIL, B-SLICE, QP 40 )      18784 bits [Y 37.6588 dB    U 43.0051 dB    V 43.3191 dB] [ET   120 ] [L0 16 8 0] [L1 20c 24 32]
POC   17 LId:  0 TId: 5 ( TRAIL, B-SLICE, QP 41 )       8272 bits [Y 37.6881 dB    U 43.0898 dB    V 43.3096 dB] [ET    59 ] [L0 16 8] [L1 18c 20]
POC   19 LId:  0 TId: 5 ( TRAIL, B-SLICE, QP 41 )       9440 bits [Y 37.5471 dB    U 42.9529 dB    V 43.3260 dB] [ET    63 ] [L0 18c 16] [L1 20 24]
POC   22 LId:  0 TId: 4 ( TRAIL, B-SLICE, QP 40 )      21104 bits [Y 37.5550 dB    U 42.7438 dB    V 43.1145 dB] [ET   133 ] [L0 20c 16 0] [L1 24 32 18]
POC   21 LId:  0 TId: 5 ( TRAIL, B-SLICE, QP 41 )      10048 bits [Y 37.4794 dB    U 42.7203 dB    V 43.0908 dB] [ET    64 ] [L0 20 16] [L1 22c 24]
POC   23 LId:  0 TId: 5 ( TRAIL, B-SLICE, QP 41 )      11384 bits [Y 37.4995 dB    U 42.6627 dB    V 43.1052 dB] [ET    66 ] [L0 22c 20] [L1 24 32]
POC   28 LId:  0 TId: 3 ( TRAIL, B-SLICE, QP 38 )      50504 bits [Y 37.4637 dB    U 42.5418 dB    V 43.0465 dB] [ET   216 ] [L0 24c 20 16 0] [L1 32]
POC   26 LId:  0 TId: 4 ( TRAIL, B-SLICE, QP 40 )      25560 bits [Y 37.2302 dB    U 42.5326 dB    V 43.0639 dB] [ET   145 ] [L0 24 20 16 0] [L1 28c 32]
POC   25 LId:  0 TId: 5 ( TRAIL, B-SLICE, QP 41 )      12808 bits [Y 37.3007 dB    U 42.5753 dB    V 43.0489 dB] [ET    71 ] [L0 24 20] [L1 26c 28]
POC   27 LId:  0 TId: 5 ( TRAIL, B-SLICE, QP 41 )      13480 bits [Y 37.0035 dB    U 42.4324 dB    V 42.8491 dB] [ET    76 ] [L0 26c 24] [L1 28 32]
POC   30 LId:  0 TId: 4 ( TRAIL, B-SLICE, QP 40 )      25400 bits [Y 37.2648 dB    U 42.7006 dB    V 43.1535 dB] [ET   139 ] [L0 28c 24 16 0] [L1 32]
POC   29 LId:  0 TId: 5 ( TRAIL, B-SLICE, QP 41 )      13328 bits [Y 37.0031 dB    U 42.5581 dB    V 42.9292 dB] [ET    69 ] [L0 28 24] [L1 30c 32]
POC   31 LId:  0 TId: 5 ( TRAIL, B-SLICE, QP 41 )      11904 bits [Y 37.3786 dB    U 42.9342 dB    V 43.3922 dB] [ET    64 ] [L0 30c 28] [L1 32]

LayerId  0
	Total Frames |  Bitrate      Y-PSNR   U-PSNR   V-PSNR   YUV-PSNR 
	33           a  1812.7636    37.6341  42.9828  43.3364  38.8089  

 finished @ Tue Aug 19 03:31:52 2025
 Total Time:     4363.161 sec. [user]     4363.161 sec. [elapsed]
