
VVCSoftware: VTM Encoder Version 23.11 [Windows][VS 1944][64 bit] [SIMD=AVX2] 

TOOL CFG: IBD:1 HAD:1 RDQ:1 RDQTS:1 LQP:0 SQP:0 ASR:0 MinSearchWindow:96 RestrictMESampling:0 FEN:1 ECU:0 FDM:1 ESD:0 TransformSkip:1 TransformSkipFast:1 TransformSkipLog2MaxSize:5 ChromaTS:1 BDPCM:0 Tiles: 1x1 Slices: 1 MCTS:0 SAO:1 ALF:1 CCALF:1 MaxNumALFAPS 8 AlfapsIDShift 0 ConstantJointCbCrSignFlagWPP:0 WPB:0 PME:2  WaveFrontSynchro:0 WaveFrontSubstreams:1 ScalingList:0 TMVPMode:1  DQ:1  SignBitHidingFlag:0 RecalQP:0 
TOOL CFG: LFNST:1 MMVD:1 Affine:1 AffineType:1 AdaptBypassAffineMe:0 PROF:1 SbTMVP:1 DualITree:1 IMV:1 BIO:1 LMChroma:1 HorCollocatedChroma:1 VerCollocatedChroma:0 MTS:1(explicit intra) SBT:1 ISP:1 SMVD:1 CompositeLTReference:0 Bcw:1 BcwFast:1 LADF:0 CIIP:1 Geo:1 AllowDisFracMMVD:1 AffineAmvr:1 AffineAmvrEncOpt:1 AffineAmvp:1 DMVR:1 MmvdDisNum:6 JointCbCr:1 ACT:0 PLT:0 IBC:0 HashME:0 WrapAround:0 VirtualBoundariesEnabledFlag:0 VirtualBoundariesPresentInSPSFlag:1 vertical virtual boundaries:[ ] horizontal virtual boundaries:[ ] Reshape:1 (Signal:SDR Opt:0 CSoffset:6) MRL:1 MIP:1 EncDbOpt:1 AlfLambdaOpt:0 
FAST TOOL CFG: LCTUFast:1 FastMrg:1 MaxMergeRdCandNumTotal:7 MergeRdCandQuotaRegular:4 MergeRdCandQuotaRegularSmallBlk:4 MergeRdCandQuotaSubBlk:2 MergeRdCandQuotaCiip:1 MergeRdCandQuotaGpm:8 PBIntraFast:1 IMV4PelFast:1 MTSMaxCand: 4(intra) 4(inter) ISPFast:0 FastLFNST:0 AMaxBT:1 E0023FastEnc:1 ContentBasedFastQtbt:0 UseNonLinearAlfLuma:1 UseNonLinearAlfChroma:1 MaxNumAlfAlternativesChroma:8 FastMIP:0 TTFastSkip:31 TTFastSkipThr:1.075 FastLocalDualTree:1 RPR:0 TemporalFilter:4/4 SEI CTI:0 BIM:0 SEI FGC:0 SEI processing Order:0 DPF:0 


 started @ Mon Aug 18 22:33:43 2025
POC    0 LId:  0 TId: 0 ( IDR_N_LP, I-SLICE, QP 19 )     241472 bits [Y 42.5700 dB    U 44.3846 dB    V 46.4102 dB] [ET    40 ] [L0] [L1]
POC   32 LId:  0 TId: 0 ( TRAIL, B-SLICE, QP 21 )     150168 bits [Y 41.0832 dB    U 43.1848 dB    V 44.3834 dB] [ET   776 ] [L0 0] [L1 0c]
POC   16 LId:  0 TId: 1 ( STSA, B-SLICE, QP 22 )      94176 bits [Y 39.8607 dB    U 42.0320 dB    V 44.4580 dB] [ET  1097 ] [L0 0 32] [L1 32c]
POC    8 LId:  0 TId: 2 ( TRAIL, B-SLICE, QP 23 )      58960 bits [Y 39.6908 dB    U 42.3585 dB    V 44.4657 dB] [ET  1304 ] [L0 0 16 32] [L1 16c 32]
POC    4 LId:  0 TId: 3 ( TRAIL, B-SLICE, QP 26 )      25368 bits [Y 39.0744 dB    U 42.4284 dB    V 44.6507 dB] [ET  1192 ] [L0 0 8 16] [L1 8c 16 32]
POC    2 LId:  0 TId: 4 ( TRAIL, B-SLICE, QP 28 )      11920 bits [Y 39.1024 dB    U 42.9590 dB    V 45.0130 dB] [ET   952 ] [L0 0 4 8] [L1 4c 8 16 32]
POC    1 LId:  0 TId: 5 ( TRAIL, B-SLICE, QP 29 )       4960 bits [Y 39.7819 dB    U 43.3824 dB    V 45.4711 dB] [ET   205 ] [L0 0] [L1 2c 4]
POC    3 LId:  0 TId: 5 ( TRAIL, B-SLICE, QP 29 )       5152 bits [Y 38.6278 dB    U 42.4935 dB    V 44.6618 dB] [ET   315 ] [L0 2c 0] [L1 4 8]
POC    6 LId:  0 TId: 4 ( TRAIL, B-SLICE, QP 28 )      10608 bits [Y 38.3347 dB    U 42.0645 dB    V 44.0654 dB] [ET   930 ] [L0 4c 2 0] [L1 8 16 32]
POC    5 LId:  0 TId: 5 ( TRAIL, B-SLICE, QP 29 )       4560 bits [Y 38.2807 dB    U 42.1747 dB    V 44.2162 dB] [ET   281 ] [L0 4 0] [L1 6c 8]
POC    7 LId:  0 TId: 5 ( TRAIL, B-SLICE, QP 29 )       4656 bits [Y 38.4006 dB    U 42.0272 dB    V 44.2816 dB] [ET   270 ] [L0 6c 4] [L1 8 16]
POC   12 LId:  0 TId: 3 ( TRAIL, B-SLICE, QP 26 )      27672 bits [Y 38.8430 dB    U 41.7949 dB    V 44.1908 dB] [ET  1211 ] [L0 8c 4 0] [L1 16 32]
POC   10 LId:  0 TId: 4 ( TRAIL, B-SLICE, QP 28 )      11080 bits [Y 38.2450 dB    U 41.6723 dB    V 44.0727 dB] [ET  1166 ] [L0 8 6 4 0] [L1 12c 16 32]
POC    9 LId:  0 TId: 5 ( TRAIL, B-SLICE, QP 29 )       4920 bits [Y 38.2922 dB    U 41.8485 dB    V 44.2334 dB] [ET   266 ] [L0 8 4] [L1 10c 12]
POC   11 LId:  0 TId: 5 ( TRAIL, B-SLICE, QP 29 )       6184 bits [Y 37.9931 dB    U 41.5841 dB    V 44.0687 dB] [ET   346 ] [L0 10c 8] [L1 12 16]
POC   14 LId:  0 TId: 4 ( TRAIL, B-SLICE, QP 28 )      12504 bits [Y 38.3476 dB    U 41.5660 dB    V 44.0099 dB] [ET   943 ] [L0 12c 10 8 0] [L1 16 32]
POC   13 LId:  0 TId: 5 ( TRAIL, B-SLICE, QP 29 )       6376 bits [Y 38.0482 dB    U 41.4891 dB    V 44.0471 dB] [ET   345 ] [L0 12 8] [L1 14c 16]
POC   15 LId:  0 TId: 5 ( TRAIL, B-SLICE, QP 29 )       5840 bits [Y 38.4159 dB    U 41.6600 dB    V 44.1578 dB] [ET   358 ] [L0 14c 12] [L1 16 32]
POC   24 LId:  0 TId: 2 ( TRAIL, B-SLICE, QP 23 )      69216 bits [Y 39.5127 dB    U 41.9898 dB    V 43.7922 dB] [ET  1351 ] [L0 16c 8 0] [L1 32]
POC   20 LId:  0 TId: 3 ( TRAIL, B-SLICE, QP 26 )      34640 bits [Y 38.6413 dB    U 40.9662 dB    V 43.4562 dB] [ET  1335 ] [L0 16 8 0] [L1 24c 32]
POC   18 LId:  0 TId: 4 ( TRAIL, B-SLICE, QP 28 )      13064 bits [Y 38.1469 dB    U 41.4692 dB    V 43.8689 dB] [ET   919 ] [L0 16 8 0] [L1 20c 24 32]
POC   17 LId:  0 TId: 5 ( TRAIL, B-SLICE, QP 29 )       5560 bits [Y 38.3420 dB    U 41.6373 dB    V 44.1894 dB] [ET   327 ] [L0 16 8] [L1 18c 20]
POC   19 LId:  0 TId: 5 ( TRAIL, B-SLICE, QP 29 )       6288 bits [Y 37.8952 dB    U 41.1104 dB    V 43.6457 dB] [ET   417 ] [L0 18c 16] [L1 20 24]
POC   22 LId:  0 TId: 4 ( TRAIL, B-SLICE, QP 28 )      14776 bits [Y 37.8961 dB    U 40.4310 dB    V 43.3286 dB] [ET  1681 ] [L0 20c 16 0] [L1 24 32 18]
POC   21 LId:  0 TId: 5 ( TRAIL, B-SLICE, QP 29 )       5584 bits [Y 37.7504 dB    U 40.7872 dB    V 43.4927 dB] [ET   441 ] [L0 20 16] [L1 22c 24]
POC   23 LId:  0 TId: 5 ( TRAIL, B-SLICE, QP 29 )       6880 bits [Y 38.0776 dB    U 40.7417 dB    V 43.6761 dB] [ET   644 ] [L0 22c 20] [L1 24 32]
POC   28 LId:  0 TId: 3 ( TRAIL, B-SLICE, QP 26 )      43512 bits [Y 38.9146 dB    U 41.6479 dB    V 43.0995 dB] [ET  2248 ] [L0 24c 20 16 0] [L1 32]
POC   26 LId:  0 TId: 4 ( TRAIL, B-SLICE, QP 28 )      21264 bits [Y 38.0900 dB    U 41.2790 dB    V 43.2194 dB] [ET  1617 ] [L0 24 20 16 0] [L1 28c 32]
POC   25 LId:  0 TId: 5 ( TRAIL, B-SLICE, QP 29 )      10936 bits [Y 38.2051 dB    U 41.3951 dB    V 43.3687 dB] [ET   773 ] [L0 24 20] [L1 26c 28]
POC   27 LId:  0 TId: 5 ( TRAIL, B-SLICE, QP 29 )      14344 bits [Y 37.8200 dB    U 41.0898 dB    V 42.7756 dB] [ET   935 ] [L0 26c 24] [L1 28 32]
POC   30 LId:  0 TId: 4 ( TRAIL, B-SLICE, QP 28 )      26416 bits [Y 38.2168 dB    U 41.5267 dB    V 42.4731 dB] [ET  1743 ] [L0 28c 24 16 0] [L1 32]
POC   29 LId:  0 TId: 5 ( TRAIL, B-SLICE, QP 29 )      16976 bits [Y 37.8133 dB    U 41.2904 dB    V 42.3595 dB] [ET  1136 ] [L0 28 24] [L1 30c 32]
POC   31 LId:  0 TId: 5 ( TRAIL, B-SLICE, QP 29 )      15952 bits [Y 38.3126 dB    U 41.8430 dB    V 42.9561 dB] [ET   705 ] [L0 30c 28] [L1 32]

LayerId  0
	Total Frames |  Bitrate      Y-PSNR   U-PSNR   V-PSNR   YUV-PSNR 
	33           a  1503.0061    38.6857  41.8276  43.9563  39.5782  

 finished @ Tue Aug 19 06:24:50 2025
 Total Time:    28267.105 sec. [user]    28267.105 sec. [elapsed]
