
VVCSoftware: VTM Encoder Version 23.11 [Windows][VS 1944][64 bit] [SIMD=AVX2] 

TOOL CFG: IBD:1 HAD:1 RDQ:1 RDQTS:1 LQP:0 SQP:0 ASR:1 MinSearchWindow:96 RestrictMESampling:0 FEN:1 ECU:0 FDM:1 ESD:0 TransformSkip:1 TransformSkipFast:1 TransformSkipLog2MaxSize:5 ChromaTS:1 BDPCM:0 Tiles: 1x1 Slices: 1 MCTS:0 SAO:1 ALF:1 CCALF:1 MaxNumALFAPS 8 AlfapsIDShift 0 ConstantJointCbCrSignFlagWPP:0 WPB:0 PME:2  WaveFrontSynchro:0 WaveFrontSubstreams:1 ScalingList:0 TMVPMode:1  DQ:1  SignBitHidingFlag:0 RecalQP:0 
TOOL CFG: LFNST:1 MMVD:1 Affine:1 AffineType:1 AdaptBypassAffineMe:0 PROF:1 SbTMVP:1 DualITree:1 IMV:1 BIO:1 LMChroma:1 HorCollocatedChroma:1 VerCollocatedChroma:0 MTS:1(explicit intra) SBT:1 ISP:1 SMVD:1 CompositeLTReference:0 Bcw:1 BcwFast:1 LADF:0 CIIP:1 Geo:1 AllowDisFracMMVD:1 AffineAmvr:1 AffineAmvrEncOpt:1 AffineAmvp:1 DMVR:1 MmvdDisNum:6 JointCbCr:1 ACT:0 PLT:0 IBC:0 HashME:0 WrapAround:0 VirtualBoundariesEnabledFlag:0 VirtualBoundariesPresentInSPSFlag:1 vertical virtual boundaries:[ ] horizontal virtual boundaries:[ ] Reshape:1 (Signal:SDR Opt:0 CSoffset:6) MRL:1 MIP:1 EncDbOpt:1 AlfLambdaOpt:0 
FAST TOOL CFG: LCTUFast:0 FastMrg:1 MaxMergeRdCandNumTotal:7 MergeRdCandQuotaRegular:4 MergeRdCandQuotaRegularSmallBlk:4 MergeRdCandQuotaSubBlk:2 MergeRdCandQuotaCiip:1 MergeRdCandQuotaGpm:8 PBIntraFast:1 IMV4PelFast:1 MTSMaxCand: 4(intra) 4(inter) ISPFast:0 FastLFNST:0 AMaxBT:1 E0023FastEnc:1 ContentBasedFastQtbt:0 UseNonLinearAlfLuma:1 UseNonLinearAlfChroma:1 MaxNumAlfAlternativesChroma:8 FastMIP:0 TTFastSkip:31 TTFastSkipThr:1.075 FastLocalDualTree:1 RPR:0 TemporalFilter:4/4 SEI CTI:0 BIM:0 SEI FGC:0 SEI processing Order:0 DPF:0 


 started @ Tue Aug 19 02:15:15 2025
POC    0 LId:  0 TId: 0 ( IDR_N_LP, I-SLICE, QP 29 )     245680 bits [Y 38.8490 dB    U 43.8523 dB    V 44.7354 dB] [ET   112 ] [L0] [L1]
POC   32 LId:  0 TId: 0 ( TRAIL, B-SLICE, QP 31 )     195832 bits [Y 38.5086 dB    U 43.2356 dB    V 44.0015 dB] [ET   490 ] [L0 0] [L1 0c]
POC   16 LId:  0 TId: 1 ( STSA, B-SLICE, QP 34 )      88520 bits [Y 38.3405 dB    U 43.2457 dB    V 43.7281 dB] [ET   317 ] [L0 0 32] [L1 32c]
POC    8 LId:  0 TId: 2 ( TRAIL, B-SLICE, QP 35 )      64224 bits [Y 38.0649 dB    U 43.2252 dB    V 43.5015 dB] [ET   255 ] [L0 0 16 32] [L1 16c 32]
POC    4 LId:  0 TId: 3 ( TRAIL, B-SLICE, QP 38 )      39200 bits [Y 37.8156 dB    U 43.2008 dB    V 43.4469 dB] [ET   205 ] [L0 0 8 16] [L1 8c 16 32]
POC    2 LId:  0 TId: 4 ( TRAIL, B-SLICE, QP 40 )      23800 bits [Y 37.7369 dB    U 43.2950 dB    V 43.4092 dB] [ET   136 ] [L0 0 4 8] [L1 4c 8 16 32]
POC    1 LId:  0 TId: 5 ( TRAIL, B-SLICE, QP 41 )      13312 bits [Y 37.8353 dB    U 43.5051 dB    V 43.6113 dB] [ET    66 ] [L0 0] [L1 2c 4]
POC    3 LId:  0 TId: 5 ( TRAIL, B-SLICE, QP 41 )      14120 bits [Y 37.4746 dB    U 43.1798 dB    V 43.0669 dB] [ET    80 ] [L0 2c 0] [L1 4 8]
POC    6 LId:  0 TId: 4 ( TRAIL, B-SLICE, QP 40 )      26248 bits [Y 37.3941 dB    U 43.0939 dB    V 42.9986 dB] [ET   146 ] [L0 4c 2 0] [L1 8 16 32]
POC    5 LId:  0 TId: 5 ( TRAIL, B-SLICE, QP 41 )      14600 bits [Y 37.2909 dB    U 43.0737 dB    V 42.9157 dB] [ET    76 ] [L0 4 0] [L1 6c 8]
POC    7 LId:  0 TId: 5 ( TRAIL, B-SLICE, QP 41 )      14328 bits [Y 37.3538 dB    U 43.1199 dB    V 42.9105 dB] [ET    75 ] [L0 6c 4] [L1 8 16]
POC   12 LId:  0 TId: 3 ( TRAIL, B-SLICE, QP 38 )      34888 bits [Y 37.8462 dB    U 43.1376 dB    V 43.4514 dB] [ET   177 ] [L0 8c 4 0] [L1 16 32]
POC   10 LId:  0 TId: 4 ( TRAIL, B-SLICE, QP 40 )      22056 bits [Y 37.5112 dB    U 43.0829 dB    V 43.1113 dB] [ET   144 ] [L0 8 6 4 0] [L1 12c 16 32]
POC    9 LId:  0 TId: 5 ( TRAIL, B-SLICE, QP 41 )      12992 bits [Y 37.3831 dB    U 43.0236 dB    V 43.0423 dB] [ET    77 ] [L0 8 4] [L1 10c 12]
POC   11 LId:  0 TId: 5 ( TRAIL, B-SLICE, QP 41 )      10512 bits [Y 37.4323 dB    U 43.1313 dB    V 43.0755 dB] [ET    69 ] [L0 10c 8] [L1 12 16]
POC   14 LId:  0 TId: 4 ( TRAIL, B-SLICE, QP 40 )      18000 bits [Y 37.6982 dB    U 43.0836 dB    V 43.4035 dB] [ET   118 ] [L0 12c 10 8 0] [L1 16 32]
POC   13 LId:  0 TId: 5 ( TRAIL, B-SLICE, QP 41 )       9128 bits [Y 37.5655 dB    U 43.0823 dB    V 43.1678 dB] [ET    63 ] [L0 12 8] [L1 14c 16]
POC   15 LId:  0 TId: 5 ( TRAIL, B-SLICE, QP 41 )       8728 bits [Y 37.6936 dB    U 43.1514 dB    V 43.4151 dB] [ET    59 ] [L0 14c 12] [L1 16 32]
POC   24 LId:  0 TId: 2 ( TRAIL, B-SLICE, QP 35 )      73024 bits [Y 38.0784 dB    U 42.7877 dB    V 43.3919 dB] [ET   220 ] [L0 16c 8 0] [L1 32]
POC   20 LId:  0 TId: 3 ( TRAIL, B-SLICE, QP 38 )      36504 bits [Y 37.8795 dB    U 42.9938 dB    V 43.4644 dB] [ET   171 ] [L0 16 8 0] [L1 24c 32]
POC   18 LId:  0 TId: 4 ( TRAIL, B-SLICE, QP 40 )      18448 bits [Y 37.6634 dB    U 42.9904 dB    V 43.3031 dB] [ET   120 ] [L0 16 8 0] [L1 20c 24 32]
POC   17 LId:  0 TId: 5 ( TRAIL, B-SLICE, QP 41 )       8440 bits [Y 37.7074 dB    U 43.1032 dB    V 43.3166 dB] [ET    59 ] [L0 16 8] [L1 18c 20]
POC   19 LId:  0 TId: 5 ( TRAIL, B-SLICE, QP 41 )       9192 bits [Y 37.5504 dB    U 42.9314 dB    V 43.2910 dB] [ET    63 ] [L0 18c 16] [L1 20 24]
POC   22 LId:  0 TId: 4 ( TRAIL, B-SLICE, QP 40 )      20800 bits [Y 37.5554 dB    U 42.8213 dB    V 43.1287 dB] [ET   134 ] [L0 20c 16 0] [L1 24 32 18]
POC   21 LId:  0 TId: 5 ( TRAIL, B-SLICE, QP 41 )      10016 bits [Y 37.4640 dB    U 42.8129 dB    V 43.1798 dB] [ET    64 ] [L0 20 16] [L1 22c 24]
POC   23 LId:  0 TId: 5 ( TRAIL, B-SLICE, QP 41 )      11096 bits [Y 37.4586 dB    U 42.7493 dB    V 43.0674 dB] [ET    67 ] [L0 22c 20] [L1 24 32]
POC   28 LId:  0 TId: 3 ( TRAIL, B-SLICE, QP 38 )      49576 bits [Y 37.4500 dB    U 42.6385 dB    V 42.9410 dB] [ET   219 ] [L0 24c 20 16 0] [L1 32]
POC   26 LId:  0 TId: 4 ( TRAIL, B-SLICE, QP 40 )      24656 bits [Y 37.2039 dB    U 42.5969 dB    V 42.9829 dB] [ET   143 ] [L0 24 20 16 0] [L1 28c 32]
POC   25 LId:  0 TId: 5 ( TRAIL, B-SLICE, QP 41 )      12816 bits [Y 37.2761 dB    U 42.5516 dB    V 43.0808 dB] [ET    70 ] [L0 24 20] [L1 26c 28]
POC   27 LId:  0 TId: 5 ( TRAIL, B-SLICE, QP 41 )      13432 bits [Y 36.9962 dB    U 42.5676 dB    V 42.7682 dB] [ET    74 ] [L0 26c 24] [L1 28 32]
POC   30 LId:  0 TId: 4 ( TRAIL, B-SLICE, QP 40 )      25328 bits [Y 37.2719 dB    U 42.7646 dB    V 43.0663 dB] [ET   143 ] [L0 28c 24 16 0] [L1 32]
POC   29 LId:  0 TId: 5 ( TRAIL, B-SLICE, QP 41 )      12520 bits [Y 36.9793 dB    U 42.6391 dB    V 42.8428 dB] [ET    68 ] [L0 28 24] [L1 30c 32]
POC   31 LId:  0 TId: 5 ( TRAIL, B-SLICE, QP 41 )      13000 bits [Y 37.3684 dB    U 42.9386 dB    V 43.3114 dB] [ET    62 ] [L0 30c 28] [L1 32]

LayerId  0
	Total Frames |  Bitrate      Y-PSNR   U-PSNR   V-PSNR   YUV-PSNR 
	33           a  1810.6303    37.6272  43.0184  43.2766  38.8010  

 finished @ Tue Aug 19 03:27:40 2025
 Total Time:     4345.141 sec. [user]     4345.141 sec. [elapsed]
