
VVCSoftware: VTM Encoder Version 23.11 [Windows][VS 1944][64 bit] [SIMD=AVX2] 

TOOL CFG: IBD:1 HAD:1 RDQ:1 RDQTS:1 LQP:0 SQP:0 ASR:1 MinSearchWindow:96 RestrictMESampling:0 FEN:1 ECU:0 FDM:0 ESD:0 TransformSkip:1 TransformSkipFast:1 TransformSkipLog2MaxSize:5 ChromaTS:1 BDPCM:0 Tiles: 1x1 Slices: 1 MCTS:0 SAO:1 ALF:1 CCALF:1 MaxNumALFAPS 8 AlfapsIDShift 0 ConstantJointCbCrSignFlagWPP:0 WPB:0 PME:2  WaveFrontSynchro:0 WaveFrontSubstreams:1 ScalingList:0 TMVPMode:1  DQ:1  SignBitHidingFlag:0 RecalQP:0 
TOOL CFG: LFNST:1 MMVD:1 Affine:1 AffineType:1 AdaptBypassAffineMe:0 PROF:1 SbTMVP:1 DualITree:1 IMV:1 BIO:1 LMChroma:1 HorCollocatedChroma:1 VerCollocatedChroma:0 MTS:1(explicit intra) SBT:1 ISP:1 SMVD:1 CompositeLTReference:0 Bcw:1 BcwFast:1 LADF:0 CIIP:1 Geo:1 AllowDisFracMMVD:1 AffineAmvr:1 AffineAmvrEncOpt:1 AffineAmvp:1 DMVR:1 MmvdDisNum:6 JointCbCr:1 ACT:0 PLT:0 IBC:0 HashME:0 WrapAround:0 VirtualBoundariesEnabledFlag:0 VirtualBoundariesPresentInSPSFlag:1 vertical virtual boundaries:[ ] horizontal virtual boundaries:[ ] Reshape:1 (Signal:SDR Opt:0 CSoffset:6) MRL:1 MIP:1 EncDbOpt:1 AlfLambdaOpt:0 
FAST TOOL CFG: LCTUFast:1 FastMrg:1 MaxMergeRdCandNumTotal:7 MergeRdCandQuotaRegular:4 MergeRdCandQuotaRegularSmallBlk:4 MergeRdCandQuotaSubBlk:2 MergeRdCandQuotaCiip:1 MergeRdCandQuotaGpm:8 PBIntraFast:1 IMV4PelFast:1 MTSMaxCand: 4(intra) 4(inter) ISPFast:0 FastLFNST:0 AMaxBT:1 E0023FastEnc:1 ContentBasedFastQtbt:0 UseNonLinearAlfLuma:1 UseNonLinearAlfChroma:1 MaxNumAlfAlternativesChroma:8 FastMIP:0 TTFastSkip:31 TTFastSkipThr:1.075 FastLocalDualTree:1 RPR:0 TemporalFilter:4/4 SEI CTI:0 BIM:0 SEI FGC:0 SEI processing Order:0 DPF:0 


 started @ Tue Aug 19 06:59:33 2025
POC    0 LId:  0 TId: 0 ( IDR_N_LP, I-SLICE, QP 29 )    1004176 bits [Y 35.9125 dB    U 40.6226 dB    V 42.8984 dB] [ET   320 ] [L0] [L1]
POC   32 LId:  0 TId: 0 ( TRAIL, B-SLICE, QP 31 )     163728 bits [Y 34.9665 dB    U 40.5888 dB    V 43.0196 dB] [ET   275 ] [L0 0] [L1 0c]
POC   16 LId:  0 TId: 1 ( STSA, B-SLICE, QP 34 )      77224 bits [Y 34.4007 dB    U 40.4529 dB    V 42.9606 dB] [ET   200 ] [L0 0 32] [L1 32c]
POC    8 LId:  0 TId: 2 ( TRAIL, B-SLICE, QP 35 )      50264 bits [Y 34.2865 dB    U 40.4994 dB    V 42.9526 dB] [ET   171 ] [L0 0 16 32] [L1 16c 32]
POC    4 LId:  0 TId: 3 ( TRAIL, B-SLICE, QP 38 )      17760 bits [Y 34.1355 dB    U 40.5743 dB    V 42.9814 dB] [ET   106 ] [L0 0 8 16] [L1 8c 16 32]
POC    2 LId:  0 TId: 4 ( TRAIL, B-SLICE, QP 40 )       7640 bits [Y 34.2861 dB    U 40.6013 dB    V 42.9608 dB] [ET    64 ] [L0 0 4 8] [L1 4c 8 16 32]
POC    1 LId:  0 TId: 5 ( TRAIL, B-SLICE, QP 41 )       2776 bits [Y 34.7940 dB    U 40.6638 dB    V 42.9667 dB] [ET    35 ] [L0 0] [L1 2c 4]
POC    3 LId:  0 TId: 5 ( TRAIL, B-SLICE, QP 41 )       2720 bits [Y 34.0753 dB    U 40.5853 dB    V 42.9317 dB] [ET    38 ] [L0 2c 0] [L1 4 8]
POC    6 LId:  0 TId: 4 ( TRAIL, B-SLICE, QP 40 )       7256 bits [Y 34.2657 dB    U 40.5140 dB    V 42.8866 dB] [ET    65 ] [L0 4c 2 0] [L1 8 16 32]
POC    5 LId:  0 TId: 5 ( TRAIL, B-SLICE, QP 41 )       1992 bits [Y 34.0761 dB    U 40.5593 dB    V 42.9399 dB] [ET    36 ] [L0 4 0] [L1 6c 8]
POC    7 LId:  0 TId: 5 ( TRAIL, B-SLICE, QP 41 )       2312 bits [Y 34.1497 dB    U 40.5231 dB    V 42.9462 dB] [ET    38 ] [L0 6c 4] [L1 8 16]
POC   12 LId:  0 TId: 3 ( TRAIL, B-SLICE, QP 38 )      18312 bits [Y 34.2183 dB    U 40.4711 dB    V 42.9191 dB] [ET   105 ] [L0 8c 4 0] [L1 16 32]
POC   10 LId:  0 TId: 4 ( TRAIL, B-SLICE, QP 40 )       7144 bits [Y 33.9261 dB    U 40.4575 dB    V 42.8950 dB] [ET    69 ] [L0 8 6 4 0] [L1 12c 16 32]
POC    9 LId:  0 TId: 5 ( TRAIL, B-SLICE, QP 41 )       2592 bits [Y 34.0071 dB    U 40.4709 dB    V 42.9490 dB] [ET    38 ] [L0 8 4] [L1 10c 12]
POC   11 LId:  0 TId: 5 ( TRAIL, B-SLICE, QP 41 )       2104 bits [Y 33.9877 dB    U 40.4685 dB    V 42.9146 dB] [ET    37 ] [L0 10c 8] [L1 12 16]
POC   14 LId:  0 TId: 4 ( TRAIL, B-SLICE, QP 40 )       6344 bits [Y 34.0501 dB    U 40.4423 dB    V 42.9073 dB] [ET    61 ] [L0 12c 10 8 0] [L1 16 32]
POC   13 LId:  0 TId: 5 ( TRAIL, B-SLICE, QP 41 )       1768 bits [Y 34.0038 dB    U 40.4624 dB    V 42.9093 dB] [ET    36 ] [L0 12 8] [L1 14c 16]
POC   15 LId:  0 TId: 5 ( TRAIL, B-SLICE, QP 41 )       1952 bits [Y 34.1303 dB    U 40.4643 dB    V 42.9372 dB] [ET    36 ] [L0 14c 12] [L1 16 32]
POC   24 LId:  0 TId: 2 ( TRAIL, B-SLICE, QP 35 )      49144 bits [Y 34.4561 dB    U 40.5292 dB    V 42.9991 dB] [ET   148 ] [L0 16c 8 0] [L1 32]
POC   20 LId:  0 TId: 3 ( TRAIL, B-SLICE, QP 38 )      19040 bits [Y 34.1428 dB    U 40.4883 dB    V 42.8907 dB] [ET   109 ] [L0 16 8 0] [L1 24c 32]
POC   18 LId:  0 TId: 4 ( TRAIL, B-SLICE, QP 40 )       6696 bits [Y 34.0837 dB    U 40.4752 dB    V 42.9116 dB] [ET    64 ] [L0 16 8 0] [L1 20c 24 32]
POC   17 LId:  0 TId: 5 ( TRAIL, B-SLICE, QP 41 )       2488 bits [Y 34.1136 dB    U 40.5035 dB    V 42.9150 dB] [ET    38 ] [L0 16 8] [L1 18c 20]
POC   19 LId:  0 TId: 5 ( TRAIL, B-SLICE, QP 41 )       2296 bits [Y 33.9292 dB    U 40.4830 dB    V 42.9001 dB] [ET    37 ] [L0 18c 16] [L1 20 24]
POC   22 LId:  0 TId: 4 ( TRAIL, B-SLICE, QP 40 )       6528 bits [Y 34.0637 dB    U 40.4536 dB    V 42.8831 dB] [ET    64 ] [L0 20c 16 0] [L1 24 32 18]
POC   21 LId:  0 TId: 5 ( TRAIL, B-SLICE, QP 41 )       2216 bits [Y 33.9729 dB    U 40.5113 dB    V 42.9088 dB] [ET    38 ] [L0 20 16] [L1 22c 24]
POC   23 LId:  0 TId: 5 ( TRAIL, B-SLICE, QP 41 )       2152 bits [Y 34.1382 dB    U 40.4844 dB    V 42.8712 dB] [ET    38 ] [L0 22c 20] [L1 24 32]
POC   28 LId:  0 TId: 3 ( TRAIL, B-SLICE, QP 38 )      17808 bits [Y 34.3112 dB    U 40.5134 dB    V 42.9248 dB] [ET    99 ] [L0 24c 20 16 0] [L1 32]
POC   26 LId:  0 TId: 4 ( TRAIL, B-SLICE, QP 40 )       7608 bits [Y 33.9505 dB    U 40.4888 dB    V 42.8722 dB] [ET    69 ] [L0 24 20 16 0] [L1 28c 32]
POC   25 LId:  0 TId: 5 ( TRAIL, B-SLICE, QP 41 )       2072 bits [Y 34.1444 dB    U 40.5115 dB    V 42.9140 dB] [ET    37 ] [L0 24 20] [L1 26c 28]
POC   27 LId:  0 TId: 5 ( TRAIL, B-SLICE, QP 41 )       2688 bits [Y 33.9716 dB    U 40.4701 dB    V 42.8777 dB] [ET    39 ] [L0 26c 24] [L1 28 32]
POC   30 LId:  0 TId: 4 ( TRAIL, B-SLICE, QP 40 )       7352 bits [Y 34.1012 dB    U 40.5761 dB    V 42.9683 dB] [ET    64 ] [L0 28c 24 16 0] [L1 32]
POC   29 LId:  0 TId: 5 ( TRAIL, B-SLICE, QP 41 )       2168 bits [Y 34.0274 dB    U 40.5132 dB    V 42.8797 dB] [ET    38 ] [L0 28 24] [L1 30c 32]
POC   31 LId:  0 TId: 5 ( TRAIL, B-SLICE, QP 41 )       2160 bits [Y 34.3915 dB    U 40.5898 dB    V 42.9801 dB] [ET    34 ] [L0 30c 28] [L1 32]

LayerId  0
	Total Frames |  Bitrate      Y-PSNR   U-PSNR   V-PSNR   YUV-PSNR 
	33           a  2746.3273    34.2264  40.5155  42.9265  35.5896  

 finished @ Tue Aug 19 07:43:38 2025
 Total Time:     2645.424 sec. [user]     2645.425 sec. [elapsed]
