
VVCSoftware: VTM Encoder Version 23.11 [Windows][VS 1944][64 bit] [SIMD=AVX2] 

TOOL CFG: IBD:1 HAD:1 RDQ:0 RDQTS:0 LQP:0 SQP:0 ASR:1 MinSearchWindow:96 RestrictMESampling:0 FEN:1 ECU:0 FDM:1 ESD:0 TransformSkip:1 TransformSkipFast:1 TransformSkipLog2MaxSize:5 ChromaTS:1 BDPCM:0 Tiles: 1x1 Slices: 1 MCTS:0 SAO:1 ALF:1 CCALF:1 MaxNumALFAPS 8 AlfapsIDShift 0 ConstantJointCbCrSignFlagWPP:0 WPB:0 PME:2  WaveFrontSynchro:0 WaveFrontSubstreams:1 ScalingList:0 TMVPMode:1  DQ:0  SignBitHidingFlag:0 RecalQP:0 
TOOL CFG: LFNST:1 MMVD:1 Affine:1 AffineType:1 AdaptBypassAffineMe:0 PROF:1 SbTMVP:1 DualITree:1 IMV:1 BIO:1 LMChroma:1 HorCollocatedChroma:1 VerCollocatedChroma:0 MTS:1(explicit intra) SBT:1 ISP:1 SMVD:1 CompositeLTReference:0 Bcw:1 BcwFast:1 LADF:0 CIIP:1 Geo:1 AllowDisFracMMVD:1 AffineAmvr:1 AffineAmvrEncOpt:1 AffineAmvp:1 DMVR:1 MmvdDisNum:6 JointCbCr:1 ACT:0 PLT:0 IBC:0 HashME:0 WrapAround:0 VirtualBoundariesEnabledFlag:0 VirtualBoundariesPresentInSPSFlag:1 vertical virtual boundaries:[ ] horizontal virtual boundaries:[ ] Reshape:1 (Signal:SDR Opt:0 CSoffset:6) MRL:1 MIP:1 EncDbOpt:1 AlfLambdaOpt:0 
FAST TOOL CFG: LCTUFast:1 FastMrg:1 MaxMergeRdCandNumTotal:7 MergeRdCandQuotaRegular:4 MergeRdCandQuotaRegularSmallBlk:4 MergeRdCandQuotaSubBlk:2 MergeRdCandQuotaCiip:1 MergeRdCandQuotaGpm:8 PBIntraFast:1 IMV4PelFast:1 MTSMaxCand: 4(intra) 4(inter) ISPFast:0 FastLFNST:0 AMaxBT:1 E0023FastEnc:1 ContentBasedFastQtbt:0 UseNonLinearAlfLuma:1 UseNonLinearAlfChroma:1 MaxNumAlfAlternativesChroma:8 FastMIP:0 TTFastSkip:31 TTFastSkipThr:1.075 FastLocalDualTree:1 RPR:0 TemporalFilter:4/4 SEI CTI:0 BIM:0 SEI FGC:0 SEI processing Order:0 DPF:0 


 started @ Mon Aug 18 18:10:20 2025
POC    0 LId:  0 TId: 0 ( IDR_N_LP, I-SLICE, QP 19 )     901176 bits [Y 43.6000 dB    U 43.8318 dB    V 43.8973 dB] [ET    80 ] [L0] [L1]
POC   32 LId:  0 TId: 0 ( TRAIL, B-SLICE, QP 21 )     485592 bits [Y 41.9506 dB    U 41.6146 dB    V 41.9856 dB] [ET   131 ] [L0 0] [L1 0c]
POC   16 LId:  0 TId: 1 ( STSA, B-SLICE, QP 22 )     393008 bits [Y 41.4477 dB    U 41.3264 dB    V 41.6299 dB] [ET   135 ] [L0 0 32] [L1 32c]
POC    8 LId:  0 TId: 2 ( TRAIL, B-SLICE, QP 23 )     358800 bits [Y 41.1584 dB    U 40.9902 dB    V 41.3437 dB] [ET   140 ] [L0 0 16 32] [L1 16c 32]
POC    4 LId:  0 TId: 3 ( TRAIL, B-SLICE, QP 26 )     232288 bits [Y 41.0310 dB    U 40.3112 dB    V 40.4674 dB] [ET   119 ] [L0 0 8 16] [L1 8c 16 32]
POC    2 LId:  0 TId: 4 ( TRAIL, B-SLICE, QP 28 )     151720 bits [Y 40.4404 dB    U 39.6561 dB    V 40.1112 dB] [ET   101 ] [L0 0 4 8] [L1 4c 8 16 32]
POC    1 LId:  0 TId: 5 ( TRAIL, B-SLICE, QP 29 )     126976 bits [Y 40.1037 dB    U 39.2639 dB    V 39.7084 dB] [ET    77 ] [L0 0] [L1 2c 4]
POC    3 LId:  0 TId: 5 ( TRAIL, B-SLICE, QP 29 )     137224 bits [Y 39.9350 dB    U 39.1424 dB    V 39.1472 dB] [ET    78 ] [L0 2c 0] [L1 4 8]
POC    6 LId:  0 TId: 4 ( TRAIL, B-SLICE, QP 28 )     213200 bits [Y 39.7538 dB    U 38.9667 dB    V 39.0264 dB] [ET   115 ] [L0 4c 2 0] [L1 8 16 32]
POC    5 LId:  0 TId: 5 ( TRAIL, B-SLICE, QP 29 )     167144 bits [Y 39.5417 dB    U 38.5575 dB    V 38.5702 dB] [ET    87 ] [L0 4 0] [L1 6c 8]
POC    7 LId:  0 TId: 5 ( TRAIL, B-SLICE, QP 29 )     179720 bits [Y 39.2347 dB    U 38.3963 dB    V 38.5172 dB] [ET    96 ] [L0 6c 4] [L1 8 16]
POC   12 LId:  0 TId: 3 ( TRAIL, B-SLICE, QP 26 )     252504 bits [Y 40.8108 dB    U 40.0551 dB    V 40.3254 dB] [ET   117 ] [L0 8c 4 0] [L1 16 32]
POC   10 LId:  0 TId: 4 ( TRAIL, B-SLICE, QP 28 )     188720 bits [Y 39.9326 dB    U 39.0175 dB    V 39.3623 dB] [ET   111 ] [L0 8 6 4 0] [L1 12c 16 32]
POC    9 LId:  0 TId: 5 ( TRAIL, B-SLICE, QP 29 )     163512 bits [Y 39.5052 dB    U 38.7140 dB    V 38.7750 dB] [ET    92 ] [L0 8 4] [L1 10c 12]
POC   11 LId:  0 TId: 5 ( TRAIL, B-SLICE, QP 29 )     164232 bits [Y 39.4615 dB    U 38.5410 dB    V 38.7893 dB] [ET    92 ] [L0 10c 8] [L1 12 16]
POC   14 LId:  0 TId: 4 ( TRAIL, B-SLICE, QP 28 )     214744 bits [Y 39.9615 dB    U 38.9995 dB    V 39.2060 dB] [ET   111 ] [L0 12c 10 8 0] [L1 16 32]
POC   13 LId:  0 TId: 5 ( TRAIL, B-SLICE, QP 29 )     171928 bits [Y 39.2847 dB    U 38.2554 dB    V 38.4812 dB] [ET    91 ] [L0 12 8] [L1 14c 16]
POC   15 LId:  0 TId: 5 ( TRAIL, B-SLICE, QP 29 )     172024 bits [Y 39.4659 dB    U 38.3656 dB    V 38.7302 dB] [ET    89 ] [L0 14c 12] [L1 16 32]
POC   24 LId:  0 TId: 2 ( TRAIL, B-SLICE, QP 23 )     332752 bits [Y 41.3199 dB    U 41.2281 dB    V 41.2114 dB] [ET   122 ] [L0 16c 8 0] [L1 32]
POC   20 LId:  0 TId: 3 ( TRAIL, B-SLICE, QP 26 )     212760 bits [Y 41.0796 dB    U 40.0988 dB    V 40.4900 dB] [ET   110 ] [L0 16 8 0] [L1 24c 32]
POC   18 LId:  0 TId: 4 ( TRAIL, B-SLICE, QP 28 )     160520 bits [Y 40.4686 dB    U 39.4891 dB    V 39.7042 dB] [ET   100 ] [L0 16 8 0] [L1 20c 24 32]
POC   17 LId:  0 TId: 5 ( TRAIL, B-SLICE, QP 29 )     150912 bits [Y 39.6356 dB    U 38.8065 dB    V 38.9289 dB] [ET    88 ] [L0 16 8] [L1 18c 20]
POC   19 LId:  0 TId: 5 ( TRAIL, B-SLICE, QP 29 )     124872 bits [Y 40.0439 dB    U 38.9473 dB    V 39.0504 dB] [ET    81 ] [L0 18c 16] [L1 20 24]
POC   22 LId:  0 TId: 4 ( TRAIL, B-SLICE, QP 28 )     196424 bits [Y 39.4846 dB    U 38.5932 dB    V 39.1656 dB] [ET   113 ] [L0 20c 16 0] [L1 24 32 18]
POC   21 LId:  0 TId: 5 ( TRAIL, B-SLICE, QP 29 )     133184 bits [Y 39.6542 dB    U 38.9169 dB    V 38.9431 dB] [ET    82 ] [L0 20 16] [L1 22c 24]
POC   23 LId:  0 TId: 5 ( TRAIL, B-SLICE, QP 29 )     144168 bits [Y 39.5199 dB    U 38.4344 dB    V 38.4412 dB] [ET    85 ] [L0 22c 20] [L1 24 32]
POC   28 LId:  0 TId: 3 ( TRAIL, B-SLICE, QP 26 )     224248 bits [Y 40.9602 dB    U 40.3704 dB    V 40.4265 dB] [ET   110 ] [L0 24c 20 16 0] [L1 32]
POC   26 LId:  0 TId: 4 ( TRAIL, B-SLICE, QP 28 )     199800 bits [Y 39.8220 dB    U 39.1771 dB    V 39.1601 dB] [ET   111 ] [L0 24 20 16 0] [L1 28c 32]
POC   25 LId:  0 TId: 5 ( TRAIL, B-SLICE, QP 29 )     176608 bits [Y 39.3047 dB    U 38.5291 dB    V 38.3402 dB] [ET    95 ] [L0 24 20] [L1 26c 28]
POC   27 LId:  0 TId: 5 ( TRAIL, B-SLICE, QP 29 )     153936 bits [Y 39.3714 dB    U 38.7025 dB    V 38.6884 dB] [ET    92 ] [L0 26c 24] [L1 28 32]
POC   30 LId:  0 TId: 4 ( TRAIL, B-SLICE, QP 28 )     199336 bits [Y 39.8291 dB    U 38.8610 dB    V 39.1402 dB] [ET   105 ] [L0 28c 24 16 0] [L1 32]
POC   29 LId:  0 TId: 5 ( TRAIL, B-SLICE, QP 29 )     144944 bits [Y 39.7627 dB    U 38.5546 dB    V 38.7025 dB] [ET    85 ] [L0 28 24] [L1 30c 32]
POC   31 LId:  0 TId: 5 ( TRAIL, B-SLICE, QP 29 )     173144 bits [Y 39.3117 dB    U 38.6163 dB    V 38.5789 dB] [ET    86 ] [L0 30c 28] [L1 32]

LayerId  0
	Total Frames |  Bitrate      Y-PSNR   U-PSNR   V-PSNR   YUV-PSNR 
	33           a  11215.3333   40.1875  39.4343  39.6074  39.8409  

 finished @ Mon Aug 18 19:05:47 2025
 Total Time:     3326.969 sec. [user]     3326.970 sec. [elapsed]
