
VVCSoftware: VTM Encoder Version 23.11 [Windows][VS 1944][64 bit] [SIMD=AVX2] 

TOOL CFG: IBD:1 HAD:1 RDQ:1 RDQTS:1 LQP:0 SQP:0 ASR:1 MinSearchWindow:96 RestrictMESampling:0 FEN:1 ECU:0 FDM:0 ESD:0 TransformSkip:1 TransformSkipFast:1 TransformSkipLog2MaxSize:5 ChromaTS:1 BDPCM:0 Tiles: 1x1 Slices: 1 MCTS:0 SAO:1 ALF:1 CCALF:1 MaxNumALFAPS 8 AlfapsIDShift 0 ConstantJointCbCrSignFlagWPP:0 WPB:0 PME:2  WaveFrontSynchro:0 WaveFrontSubstreams:1 ScalingList:0 TMVPMode:1  DQ:1  SignBitHidingFlag:0 RecalQP:0 
TOOL CFG: LFNST:1 MMVD:1 Affine:1 AffineType:1 AdaptBypassAffineMe:0 PROF:1 SbTMVP:1 DualITree:1 IMV:1 BIO:1 LMChroma:1 HorCollocatedChroma:1 VerCollocatedChroma:0 MTS:1(explicit intra) SBT:1 ISP:1 SMVD:1 CompositeLTReference:0 Bcw:1 BcwFast:1 LADF:0 CIIP:1 Geo:1 AllowDisFracMMVD:1 AffineAmvr:1 AffineAmvrEncOpt:1 AffineAmvp:1 DMVR:1 MmvdDisNum:6 JointCbCr:1 ACT:0 PLT:0 IBC:0 HashME:0 WrapAround:0 VirtualBoundariesEnabledFlag:0 VirtualBoundariesPresentInSPSFlag:1 vertical virtual boundaries:[ ] horizontal virtual boundaries:[ ] Reshape:1 (Signal:SDR Opt:0 CSoffset:6) MRL:1 MIP:1 EncDbOpt:1 AlfLambdaOpt:0 
FAST TOOL CFG: LCTUFast:1 FastMrg:1 MaxMergeRdCandNumTotal:7 MergeRdCandQuotaRegular:4 MergeRdCandQuotaRegularSmallBlk:4 MergeRdCandQuotaSubBlk:2 MergeRdCandQuotaCiip:1 MergeRdCandQuotaGpm:8 PBIntraFast:1 IMV4PelFast:1 MTSMaxCand: 4(intra) 4(inter) ISPFast:0 FastLFNST:0 AMaxBT:1 E0023FastEnc:1 ContentBasedFastQtbt:0 UseNonLinearAlfLuma:1 UseNonLinearAlfChroma:1 MaxNumAlfAlternativesChroma:8 FastMIP:0 TTFastSkip:31 TTFastSkipThr:1.075 FastLocalDualTree:1 RPR:0 TemporalFilter:4/4 SEI CTI:0 BIM:0 SEI FGC:0 SEI processing Order:0 DPF:0 


 started @ Mon Aug 18 22:53:44 2025
POC    0 LId:  0 TId: 0 ( IDR_N_LP, I-SLICE, QP 34 )     164576 bits [Y 33.4367 dB    U 33.3287 dB    V 34.3082 dB] [ET    70 ] [L0] [L1]
POC   32 LId:  0 TId: 0 ( TRAIL, B-SLICE, QP 36 )     102072 bits [Y 32.5491 dB    U 33.0507 dB    V 33.8716 dB] [ET   118 ] [L0 0] [L1 0c]
POC   16 LId:  0 TId: 1 ( STSA, B-SLICE, QP 40 )      55360 bits [Y 31.2584 dB    U 32.4126 dB    V 33.3010 dB] [ET   107 ] [L0 0 32] [L1 32c]
POC    8 LId:  0 TId: 2 ( TRAIL, B-SLICE, QP 41 )      50264 bits [Y 30.8478 dB    U 32.1147 dB    V 32.7741 dB] [ET   103 ] [L0 0 16 32] [L1 16c 32]
POC    4 LId:  0 TId: 3 ( TRAIL, B-SLICE, QP 43 )      37904 bits [Y 30.5038 dB    U 31.8448 dB    V 32.5102 dB] [ET    84 ] [L0 0 8 16] [L1 8c 16 32]
POC    2 LId:  0 TId: 4 ( TRAIL, B-SLICE, QP 45 )      20072 bits [Y 30.3424 dB    U 31.6427 dB    V 32.6213 dB] [ET    59 ] [L0 0 4 8] [L1 4c 8 16 32]
POC    1 LId:  0 TId: 5 ( TRAIL, B-SLICE, QP 46 )      14968 bits [Y 30.3934 dB    U 31.3309 dB    V 32.2408 dB] [ET    37 ] [L0 0] [L1 2c 4]
POC    3 LId:  0 TId: 5 ( TRAIL, B-SLICE, QP 46 )      16280 bits [Y 29.8835 dB    U 31.0573 dB    V 31.5896 dB] [ET    43 ] [L0 2c 0] [L1 4 8]
POC    6 LId:  0 TId: 4 ( TRAIL, B-SLICE, QP 45 )      27752 bits [Y 29.4139 dB    U 30.9168 dB    V 31.5984 dB] [ET    78 ] [L0 4c 2 0] [L1 8 16 32]
POC    5 LId:  0 TId: 5 ( TRAIL, B-SLICE, QP 46 )      18568 bits [Y 29.2383 dB    U 30.6347 dB    V 31.0543 dB] [ET    47 ] [L0 4 0] [L1 6c 8]
POC    7 LId:  0 TId: 5 ( TRAIL, B-SLICE, QP 46 )      20456 bits [Y 29.1488 dB    U 30.6069 dB    V 31.1208 dB] [ET    52 ] [L0 6c 4] [L1 8 16]
POC   12 LId:  0 TId: 3 ( TRAIL, B-SLICE, QP 43 )      37328 bits [Y 30.3390 dB    U 31.7557 dB    V 32.5043 dB] [ET    86 ] [L0 8c 4 0] [L1 16 32]
POC   10 LId:  0 TId: 4 ( TRAIL, B-SLICE, QP 45 )      24144 bits [Y 29.9033 dB    U 31.1869 dB    V 31.9719 dB] [ET    69 ] [L0 8 6 4 0] [L1 12c 16 32]
POC    9 LId:  0 TId: 5 ( TRAIL, B-SLICE, QP 46 )      18488 bits [Y 29.4190 dB    U 30.9159 dB    V 31.3259 dB] [ET    47 ] [L0 8 4] [L1 10c 12]
POC   11 LId:  0 TId: 5 ( TRAIL, B-SLICE, QP 46 )      18608 bits [Y 29.4164 dB    U 30.8607 dB    V 31.1861 dB] [ET    46 ] [L0 10c 8] [L1 12 16]
POC   14 LId:  0 TId: 4 ( TRAIL, B-SLICE, QP 45 )      29328 bits [Y 29.3106 dB    U 31.1252 dB    V 31.6069 dB] [ET    72 ] [L0 12c 10 8 0] [L1 16 32]
POC   13 LId:  0 TId: 5 ( TRAIL, B-SLICE, QP 46 )      18976 bits [Y 28.9890 dB    U 30.4553 dB    V 30.9905 dB] [ET    50 ] [L0 12 8] [L1 14c 16]
POC   15 LId:  0 TId: 5 ( TRAIL, B-SLICE, QP 46 )      20672 bits [Y 29.2204 dB    U 30.7086 dB    V 31.2482 dB] [ET    51 ] [L0 14c 12] [L1 16 32]
POC   24 LId:  0 TId: 2 ( TRAIL, B-SLICE, QP 41 )      45904 bits [Y 31.0079 dB    U 32.0362 dB    V 32.5876 dB] [ET    75 ] [L0 16c 8 0] [L1 32]
POC   20 LId:  0 TId: 3 ( TRAIL, B-SLICE, QP 43 )      29048 bits [Y 31.0077 dB    U 31.8260 dB    V 32.8708 dB] [ET    79 ] [L0 16 8 0] [L1 24c 32]
POC   18 LId:  0 TId: 4 ( TRAIL, B-SLICE, QP 45 )      22720 bits [Y 30.1812 dB    U 31.3978 dB    V 32.2179 dB] [ET    66 ] [L0 16 8 0] [L1 20c 24 32]
POC   17 LId:  0 TId: 5 ( TRAIL, B-SLICE, QP 46 )      18304 bits [Y 29.6919 dB    U 31.0301 dB    V 31.4655 dB] [ET    48 ] [L0 16 8] [L1 18c 20]
POC   19 LId:  0 TId: 5 ( TRAIL, B-SLICE, QP 46 )      14592 bits [Y 29.9300 dB    U 31.2187 dB    V 31.8647 dB] [ET    39 ] [L0 18c 16] [L1 20 24]
POC   22 LId:  0 TId: 4 ( TRAIL, B-SLICE, QP 45 )      22464 bits [Y 29.9643 dB    U 31.3956 dB    V 31.8692 dB] [ET    60 ] [L0 20c 16 0] [L1 24 32 18]
POC   21 LId:  0 TId: 5 ( TRAIL, B-SLICE, QP 46 )      13928 bits [Y 30.0304 dB    U 31.3096 dB    V 31.5489 dB] [ET    32 ] [L0 20 16] [L1 22c 24]
POC   23 LId:  0 TId: 5 ( TRAIL, B-SLICE, QP 46 )      16192 bits [Y 29.7341 dB    U 31.0705 dB    V 31.1817 dB] [ET    40 ] [L0 22c 20] [L1 24 32]
POC   28 LId:  0 TId: 3 ( TRAIL, B-SLICE, QP 43 )      31648 bits [Y 30.6267 dB    U 32.1528 dB    V 32.7665 dB] [ET    74 ] [L0 24c 20 16 0] [L1 32]
POC   26 LId:  0 TId: 4 ( TRAIL, B-SLICE, QP 45 )      27048 bits [Y 29.4854 dB    U 31.4469 dB    V 31.7128 dB] [ET    64 ] [L0 24 20 16 0] [L1 28c 32]
POC   25 LId:  0 TId: 5 ( TRAIL, B-SLICE, QP 46 )      19808 bits [Y 29.1446 dB    U 31.0009 dB    V 30.7951 dB] [ET    43 ] [L0 24 20] [L1 26c 28]
POC   27 LId:  0 TId: 5 ( TRAIL, B-SLICE, QP 46 )      18528 bits [Y 29.5768 dB    U 30.8936 dB    V 31.4394 dB] [ET    41 ] [L0 26c 24] [L1 28 32]
POC   30 LId:  0 TId: 4 ( TRAIL, B-SLICE, QP 45 )      26128 bits [Y 29.6283 dB    U 31.0930 dB    V 31.6866 dB] [ET    61 ] [L0 28c 24 16 0] [L1 32]
POC   29 LId:  0 TId: 5 ( TRAIL, B-SLICE, QP 46 )      16640 bits [Y 29.7221 dB    U 30.8865 dB    V 31.2116 dB] [ET    37 ] [L0 28 24] [L1 30c 32]
POC   31 LId:  0 TId: 5 ( TRAIL, B-SLICE, QP 46 )      18904 bits [Y 29.3957 dB    U 30.6173 dB    V 31.1866 dB] [ET    38 ] [L0 30c 28] [L1 32]

LayerId  0
	Total Frames |  Bitrate      Y-PSNR   U-PSNR   V-PSNR   YUV-PSNR 
	33           a  1572.2303    30.0831  31.3735  31.9463  30.4613  

 finished @ Mon Aug 18 23:27:22 2025
 Total Time:     2017.527 sec. [user]     2017.527 sec. [elapsed]
