
VVCSoftware: VTM Encoder Version 23.11 [Windows][VS 1944][64 bit] [SIMD=AVX2] 

TOOL CFG: IBD:1 HAD:1 RDQ:0 RDQTS:0 LQP:0 SQP:0 ASR:0 MinSearchWindow:96 RestrictMESampling:0 FEN:0 ECU:0 FDM:0 ESD:0 TransformSkip:1 TransformSkipFast:1 TransformSkipLog2MaxSize:5 ChromaTS:1 BDPCM:0 Tiles: 1x1 Slices: 1 MCTS:0 SAO:0 ALF:1 CCALF:1 MaxNumALFAPS 8 AlfapsIDShift 0 ConstantJointCbCrSignFlagWPP:0 WPB:0 PME:2  WaveFrontSynchro:0 WaveFrontSubstreams:1 ScalingList:0 TMVPMode:1  DQ:0  SignBitHidingFlag:0 RecalQP:0 
TOOL CFG: LFNST:1 MMVD:1 Affine:1 AffineType:1 AdaptBypassAffineMe:0 PROF:1 SbTMVP:1 DualITree:1 IMV:1 BIO:1 LMChroma:1 HorCollocatedChroma:1 VerCollocatedChroma:0 MTS:1(explicit intra) SBT:1 ISP:1 SMVD:1 CompositeLTReference:0 Bcw:1 BcwFast:1 LADF:0 CIIP:1 Geo:1 AllowDisFracMMVD:1 AffineAmvr:1 AffineAmvrEncOpt:1 AffineAmvp:1 DMVR:1 MmvdDisNum:6 JointCbCr:1 ACT:0 PLT:0 IBC:0 HashME:0 WrapAround:0 VirtualBoundariesEnabledFlag:0 VirtualBoundariesPresentInSPSFlag:1 vertical virtual boundaries:[ ] horizontal virtual boundaries:[ ] Reshape:1 (Signal:SDR Opt:0 CSoffset:6) MRL:1 MIP:1 EncDbOpt:1 AlfLambdaOpt:0 
FAST TOOL CFG: LCTUFast:0 FastMrg:0 MaxMergeRdCandNumTotal:7 MergeRdCandQuotaRegular:4 MergeRdCandQuotaRegularSmallBlk:4 MergeRdCandQuotaSubBlk:2 MergeRdCandQuotaCiip:1 MergeRdCandQuotaGpm:8 PBIntraFast:1 IMV4PelFast:1 MTSMaxCand: 4(intra) 4(inter) ISPFast:0 FastLFNST:0 AMaxBT:1 E0023FastEnc:1 ContentBasedFastQtbt:0 UseNonLinearAlfLuma:1 UseNonLinearAlfChroma:1 MaxNumAlfAlternativesChroma:8 FastMIP:0 TTFastSkip:31 TTFastSkipThr:1.075 FastLocalDualTree:1 RPR:0 TemporalFilter:4/4 SEI CTI:0 BIM:0 SEI FGC:0 SEI processing Order:0 DPF:0 


 started @ Wed Aug 20 02:45:49 2025
POC    0 LId:  0 TId: 0 ( IDR_N_LP, I-SLICE, QP 19 )     151424 bits [Y 45.3923 dB    U 47.7244 dB    V 47.9590 dB] [ET    21 ] [L0] [L1]
POC   32 LId:  0 TId: 0 ( TRAIL, B-SLICE, QP 21 )      60456 bits [Y 44.2074 dB    U 46.7215 dB    V 46.6990 dB] [ET   530 ] [L0 0] [L1 0c]
POC   16 LId:  0 TId: 1 ( STSA, B-SLICE, QP 22 )      34640 bits [Y 43.6218 dB    U 46.1945 dB    V 46.1479 dB] [ET   675 ] [L0 0 32] [L1 32c]
POC    8 LId:  0 TId: 2 ( TRAIL, B-SLICE, QP 23 )      25624 bits [Y 43.4618 dB    U 46.1280 dB    V 46.1343 dB] [ET   793 ] [L0 0 16 32] [L1 16c 32]
POC    4 LId:  0 TId: 3 ( TRAIL, B-SLICE, QP 26 )      15728 bits [Y 42.7792 dB    U 45.9782 dB    V 45.4844 dB] [ET   939 ] [L0 0 8 16] [L1 8c 16 32]
POC    2 LId:  0 TId: 4 ( TRAIL, B-SLICE, QP 28 )       7184 bits [Y 42.5628 dB    U 46.4603 dB    V 45.8708 dB] [ET   940 ] [L0 0 4 8] [L1 4c 8 16 32]
POC    1 LId:  0 TId: 5 ( TRAIL, B-SLICE, QP 29 )       3384 bits [Y 42.9051 dB    U 46.9810 dB    V 46.4709 dB] [ET   302 ] [L0 0] [L1 2c 4]
POC    3 LId:  0 TId: 5 ( TRAIL, B-SLICE, QP 29 )       3248 bits [Y 42.0960 dB    U 46.0952 dB    V 45.3704 dB] [ET   468 ] [L0 2c 0] [L1 4 8]
POC    6 LId:  0 TId: 4 ( TRAIL, B-SLICE, QP 28 )       8288 bits [Y 41.9423 dB    U 45.7247 dB    V 45.2229 dB] [ET  1148 ] [L0 4c 2 0] [L1 8 16 32]
POC    5 LId:  0 TId: 5 ( TRAIL, B-SLICE, QP 29 )       3096 bits [Y 41.9417 dB    U 45.6552 dB    V 45.2765 dB] [ET   393 ] [L0 4 0] [L1 6c 8]
POC    7 LId:  0 TId: 5 ( TRAIL, B-SLICE, QP 29 )       3576 bits [Y 42.0475 dB    U 45.7245 dB    V 45.5287 dB] [ET   423 ] [L0 6c 4] [L1 8 16]
POC   12 LId:  0 TId: 3 ( TRAIL, B-SLICE, QP 26 )      14776 bits [Y 42.6330 dB    U 45.9559 dB    V 45.3061 dB] [ET   962 ] [L0 8c 4 0] [L1 16 32]
POC   10 LId:  0 TId: 4 ( TRAIL, B-SLICE, QP 28 )       7976 bits [Y 42.2114 dB    U 45.8623 dB    V 45.2792 dB] [ET  1106 ] [L0 8 6 4 0] [L1 12c 16 32]
POC    9 LId:  0 TId: 5 ( TRAIL, B-SLICE, QP 29 )       3904 bits [Y 42.1610 dB    U 45.9342 dB    V 45.5844 dB] [ET   395 ] [L0 8 4] [L1 10c 12]
POC   11 LId:  0 TId: 5 ( TRAIL, B-SLICE, QP 29 )       3696 bits [Y 41.9624 dB    U 45.8849 dB    V 45.2533 dB] [ET   397 ] [L0 10c 8] [L1 12 16]
POC   14 LId:  0 TId: 4 ( TRAIL, B-SLICE, QP 28 )       6472 bits [Y 42.1638 dB    U 45.9924 dB    V 45.3187 dB] [ET  1021 ] [L0 12c 10 8 0] [L1 16 32]
POC   13 LId:  0 TId: 5 ( TRAIL, B-SLICE, QP 29 )       2752 bits [Y 42.0662 dB    U 45.8811 dB    V 45.1878 dB] [ET   377 ] [L0 12 8] [L1 14c 16]
POC   15 LId:  0 TId: 5 ( TRAIL, B-SLICE, QP 29 )       2272 bits [Y 42.5000 dB    U 46.0693 dB    V 45.7785 dB] [ET   365 ] [L0 14c 12] [L1 16 32]
POC   24 LId:  0 TId: 2 ( TRAIL, B-SLICE, QP 23 )      26728 bits [Y 43.1977 dB    U 46.0994 dB    V 45.9787 dB] [ET   909 ] [L0 16c 8 0] [L1 32]
POC   20 LId:  0 TId: 3 ( TRAIL, B-SLICE, QP 26 )      14520 bits [Y 42.5209 dB    U 45.8086 dB    V 45.0210 dB] [ET   938 ] [L0 16 8 0] [L1 24c 32]
POC   18 LId:  0 TId: 4 ( TRAIL, B-SLICE, QP 28 )       6768 bits [Y 42.1025 dB    U 45.8061 dB    V 45.2997 dB] [ET  1070 ] [L0 16 8 0] [L1 20c 24 32]
POC   17 LId:  0 TId: 5 ( TRAIL, B-SLICE, QP 29 )       2376 bits [Y 42.3968 dB    U 46.0943 dB    V 45.6212 dB] [ET   350 ] [L0 16 8] [L1 18c 20]
POC   19 LId:  0 TId: 5 ( TRAIL, B-SLICE, QP 29 )       2184 bits [Y 41.9555 dB    U 45.9000 dB    V 44.9884 dB] [ET   287 ] [L0 18c 16] [L1 20 24]
POC   22 LId:  0 TId: 4 ( TRAIL, B-SLICE, QP 28 )       6664 bits [Y 42.0015 dB    U 45.8602 dB    V 44.8684 dB] [ET   876 ] [L0 20c 16 0] [L1 24 32 18]
POC   21 LId:  0 TId: 5 ( TRAIL, B-SLICE, QP 29 )       2200 bits [Y 41.9060 dB    U 45.8333 dB    V 44.9699 dB] [ET   332 ] [L0 20 16] [L1 22c 24]
POC   23 LId:  0 TId: 5 ( TRAIL, B-SLICE, QP 29 )       1968 bits [Y 42.0901 dB    U 46.0249 dB    V 45.1271 dB] [ET   285 ] [L0 22c 20] [L1 24 32]
POC   28 LId:  0 TId: 3 ( TRAIL, B-SLICE, QP 26 )      14600 bits [Y 42.4812 dB    U 46.0417 dB    V 45.3763 dB] [ET   886 ] [L0 24c 20 16 0] [L1 32]
POC   26 LId:  0 TId: 4 ( TRAIL, B-SLICE, QP 28 )       6360 bits [Y 41.9863 dB    U 45.8995 dB    V 45.1268 dB] [ET   923 ] [L0 24 20 16 0] [L1 28c 32]
POC   25 LId:  0 TId: 5 ( TRAIL, B-SLICE, QP 29 )       2080 bits [Y 42.0596 dB    U 46.1771 dB    V 45.4963 dB] [ET   311 ] [L0 24 20] [L1 26c 28]
POC   27 LId:  0 TId: 5 ( TRAIL, B-SLICE, QP 29 )       2320 bits [Y 41.8023 dB    U 46.0266 dB    V 45.0797 dB] [ET   337 ] [L0 26c 24] [L1 28 32]
POC   30 LId:  0 TId: 4 ( TRAIL, B-SLICE, QP 28 )       6800 bits [Y 42.2113 dB    U 46.0282 dB    V 45.1391 dB] [ET   723 ] [L0 28c 24 16 0] [L1 32]
POC   29 LId:  0 TId: 5 ( TRAIL, B-SLICE, QP 29 )       2888 bits [Y 41.9359 dB    U 46.0147 dB    V 45.1191 dB] [ET   377 ] [L0 28 24] [L1 30c 32]
POC   31 LId:  0 TId: 5 ( TRAIL, B-SLICE, QP 29 )       2752 bits [Y 42.3934 dB    U 46.2084 dB    V 45.1962 dB] [ET   273 ] [L0 30c 28] [L1 32]

LayerId  0
	Total Frames |  Bitrate      Y-PSNR   U-PSNR   V-PSNR   YUV-PSNR 
	33           a  696.5212     42.4757  46.0846  45.5237  43.2758  

 finished @ Wed Aug 20 08:21:23 2025
 Total Time:    20134.406 sec. [user]    20134.406 sec. [elapsed]
