
VVCSoftware: VTM Encoder Version 23.11 [Windows][VS 1944][64 bit] [SIMD=AVX2] 

TOOL CFG: IBD:1 HAD:1 RDQ:1 RDQTS:1 LQP:0 SQP:0 ASR:1 MinSearchWindow:96 RestrictMESampling:0 FEN:1 ECU:0 FDM:1 ESD:0 TransformSkip:1 TransformSkipFast:1 TransformSkipLog2MaxSize:5 ChromaTS:1 BDPCM:0 Tiles: 1x1 Slices: 1 MCTS:0 SAO:1 ALF:1 CCALF:1 MaxNumALFAPS 8 AlfapsIDShift 0 ConstantJointCbCrSignFlagWPP:0 WPB:0 PME:2  WaveFrontSynchro:0 WaveFrontSubstreams:1 ScalingList:0 TMVPMode:1  DQ:1  SignBitHidingFlag:0 RecalQP:0 
TOOL CFG: LFNST:1 MMVD:1 Affine:1 AffineType:1 AdaptBypassAffineMe:0 PROF:1 SbTMVP:1 DualITree:1 IMV:1 BIO:1 LMChroma:1 HorCollocatedChroma:1 VerCollocatedChroma:0 MTS:1(explicit intra) SBT:1 ISP:1 SMVD:1 CompositeLTReference:0 Bcw:1 BcwFast:1 LADF:0 CIIP:1 Geo:1 AllowDisFracMMVD:1 AffineAmvr:1 AffineAmvrEncOpt:1 AffineAmvp:1 DMVR:1 MmvdDisNum:6 JointCbCr:1 ACT:0 PLT:0 IBC:0 HashME:0 WrapAround:0 VirtualBoundariesEnabledFlag:0 VirtualBoundariesPresentInSPSFlag:1 vertical virtual boundaries:[ ] horizontal virtual boundaries:[ ] Reshape:1 (Signal:SDR Opt:0 CSoffset:6) MRL:1 MIP:1 EncDbOpt:1 AlfLambdaOpt:0 
FAST TOOL CFG: LCTUFast:1 FastMrg:1 MaxMergeRdCandNumTotal:7 MergeRdCandQuotaRegular:4 MergeRdCandQuotaRegularSmallBlk:4 MergeRdCandQuotaSubBlk:2 MergeRdCandQuotaCiip:1 MergeRdCandQuotaGpm:8 PBIntraFast:1 IMV4PelFast:1 MTSMaxCand: 4(intra) 4(inter) ISPFast:0 FastLFNST:0 AMaxBT:1 E0023FastEnc:1 ContentBasedFastQtbt:0 UseNonLinearAlfLuma:1 UseNonLinearAlfChroma:1 MaxNumAlfAlternativesChroma:8 FastMIP:0 TTFastSkip:31 TTFastSkipThr:1.075 FastLocalDualTree:1 RPR:0 TemporalFilter:4/4 SEI CTI:0 BIM:0 SEI FGC:0 SEI processing Order:0 DPF:0 


 started @ Mon Aug 18 17:41:23 2025
POC    0 LId:  0 TId: 0 ( IDR_N_LP, I-SLICE, QP 29 )     298096 bits [Y 36.5952 dB    U 36.7172 dB    V 37.1169 dB] [ET    87 ] [L0] [L1]
POC   32 LId:  0 TId: 0 ( TRAIL, B-SLICE, QP 31 )     175584 bits [Y 35.6481 dB    U 35.9583 dB    V 36.4621 dB] [ET   147 ] [L0 0] [L1 0c]
POC   16 LId:  0 TId: 1 ( STSA, B-SLICE, QP 34 )     106312 bits [Y 34.6443 dB    U 34.7812 dB    V 35.3061 dB] [ET   121 ] [L0 0 32] [L1 32c]
POC    8 LId:  0 TId: 2 ( TRAIL, B-SLICE, QP 35 )      97072 bits [Y 34.2751 dB    U 34.2866 dB    V 34.9048 dB] [ET   119 ] [L0 0 16 32] [L1 16c 32]
POC    4 LId:  0 TId: 3 ( TRAIL, B-SLICE, QP 38 )      67856 bits [Y 33.6953 dB    U 34.1939 dB    V 34.4955 dB] [ET   104 ] [L0 0 8 16] [L1 8c 16 32]
POC    2 LId:  0 TId: 4 ( TRAIL, B-SLICE, QP 40 )      41776 bits [Y 33.2701 dB    U 34.2471 dB    V 34.8057 dB] [ET    83 ] [L0 0 4 8] [L1 4c 8 16 32]
POC    1 LId:  0 TId: 5 ( TRAIL, B-SLICE, QP 41 )      30080 bits [Y 33.0481 dB    U 33.9114 dB    V 34.3670 dB] [ET    54 ] [L0 0] [L1 2c 4]
POC    3 LId:  0 TId: 5 ( TRAIL, B-SLICE, QP 41 )      33672 bits [Y 32.6554 dB    U 33.6363 dB    V 33.8070 dB] [ET    62 ] [L0 2c 0] [L1 4 8]
POC    6 LId:  0 TId: 4 ( TRAIL, B-SLICE, QP 40 )      55480 bits [Y 32.2752 dB    U 33.4492 dB    V 33.7552 dB] [ET   106 ] [L0 4c 2 0] [L1 8 16 32]
POC    5 LId:  0 TId: 5 ( TRAIL, B-SLICE, QP 41 )      39848 bits [Y 32.0321 dB    U 33.0201 dB    V 33.2825 dB] [ET    67 ] [L0 4 0] [L1 6c 8]
POC    7 LId:  0 TId: 5 ( TRAIL, B-SLICE, QP 41 )      42328 bits [Y 31.8943 dB    U 33.0405 dB    V 33.3664 dB] [ET    83 ] [L0 6c 4] [L1 8 16]
POC   12 LId:  0 TId: 3 ( TRAIL, B-SLICE, QP 38 )      69720 bits [Y 33.4780 dB    U 33.9730 dB    V 34.6146 dB] [ET    86 ] [L0 8c 4 0] [L1 16 32]
POC   10 LId:  0 TId: 4 ( TRAIL, B-SLICE, QP 40 )      48512 bits [Y 32.7938 dB    U 33.6165 dB    V 34.1797 dB] [ET    76 ] [L0 8 6 4 0] [L1 12c 16 32]
POC    9 LId:  0 TId: 5 ( TRAIL, B-SLICE, QP 41 )      38144 bits [Y 32.2683 dB    U 33.2986 dB    V 33.5045 dB] [ET    74 ] [L0 8 4] [L1 10c 12]
POC   11 LId:  0 TId: 5 ( TRAIL, B-SLICE, QP 41 )      40216 bits [Y 32.2301 dB    U 33.2692 dB    V 33.5799 dB] [ET    72 ] [L0 10c 8] [L1 12 16]
POC   14 LId:  0 TId: 4 ( TRAIL, B-SLICE, QP 40 )      59592 bits [Y 32.4084 dB    U 33.5675 dB    V 33.8706 dB] [ET    78 ] [L0 12c 10 8 0] [L1 16 32]
POC   13 LId:  0 TId: 5 ( TRAIL, B-SLICE, QP 41 )      40432 bits [Y 31.8440 dB    U 32.9316 dB    V 33.1621 dB] [ET    72 ] [L0 12 8] [L1 14c 16]
POC   15 LId:  0 TId: 5 ( TRAIL, B-SLICE, QP 41 )      42696 bits [Y 32.0971 dB    U 32.9909 dB    V 33.3389 dB] [ET    80 ] [L0 14c 12] [L1 16 32]
POC   24 LId:  0 TId: 2 ( TRAIL, B-SLICE, QP 35 )      87088 bits [Y 34.3616 dB    U 34.3026 dB    V 34.6153 dB] [ET   103 ] [L0 16c 8 0] [L1 32]
POC   20 LId:  0 TId: 3 ( TRAIL, B-SLICE, QP 38 )      53536 bits [Y 33.9899 dB    U 33.8054 dB    V 34.7417 dB] [ET    78 ] [L0 16 8 0] [L1 24c 32]
POC   18 LId:  0 TId: 4 ( TRAIL, B-SLICE, QP 40 )      44760 bits [Y 33.1921 dB    U 33.9118 dB    V 34.5238 dB] [ET    68 ] [L0 16 8 0] [L1 20c 24 32]
POC   17 LId:  0 TId: 5 ( TRAIL, B-SLICE, QP 41 )      37016 bits [Y 32.4655 dB    U 33.2248 dB    V 33.8208 dB] [ET    73 ] [L0 16 8] [L1 18c 20]
POC   19 LId:  0 TId: 5 ( TRAIL, B-SLICE, QP 41 )      30912 bits [Y 32.9320 dB    U 33.6574 dB    V 33.8927 dB] [ET    63 ] [L0 18c 16] [L1 20 24]
POC   22 LId:  0 TId: 4 ( TRAIL, B-SLICE, QP 40 )      44568 bits [Y 32.6437 dB    U 33.4512 dB    V 34.1944 dB] [ET    91 ] [L0 20c 16 0] [L1 24 32 18]
POC   21 LId:  0 TId: 5 ( TRAIL, B-SLICE, QP 41 )      30320 bits [Y 32.7910 dB    U 33.6985 dB    V 33.8500 dB] [ET    61 ] [L0 20 16] [L1 22c 24]
POC   23 LId:  0 TId: 5 ( TRAIL, B-SLICE, QP 41 )      33944 bits [Y 32.4874 dB    U 33.2929 dB    V 33.3851 dB] [ET    65 ] [L0 22c 20] [L1 24 32]
POC   28 LId:  0 TId: 3 ( TRAIL, B-SLICE, QP 38 )      59632 bits [Y 33.6871 dB    U 34.2363 dB    V 34.7701 dB] [ET    83 ] [L0 24c 20 16 0] [L1 32]
POC   26 LId:  0 TId: 4 ( TRAIL, B-SLICE, QP 40 )      52728 bits [Y 32.3985 dB    U 33.8173 dB    V 33.8985 dB] [ET    76 ] [L0 24 20 16 0] [L1 28c 32]
POC   25 LId:  0 TId: 5 ( TRAIL, B-SLICE, QP 41 )      41880 bits [Y 31.8907 dB    U 33.1687 dB    V 33.0795 dB] [ET    74 ] [L0 24 20] [L1 26c 28]
POC   27 LId:  0 TId: 5 ( TRAIL, B-SLICE, QP 41 )      37856 bits [Y 32.3380 dB    U 33.2924 dB    V 33.5312 dB] [ET    69 ] [L0 26c 24] [L1 28 32]
POC   30 LId:  0 TId: 4 ( TRAIL, B-SLICE, QP 40 )      52784 bits [Y 32.5381 dB    U 33.4217 dB    V 33.8253 dB] [ET    72 ] [L0 28c 24 16 0] [L1 32]
POC   29 LId:  0 TId: 5 ( TRAIL, B-SLICE, QP 41 )      35384 bits [Y 32.5544 dB    U 33.2144 dB    V 33.4659 dB] [ET    65 ] [L0 28 24] [L1 30c 32]
POC   31 LId:  0 TId: 5 ( TRAIL, B-SLICE, QP 41 )      40768 bits [Y 32.1659 dB    U 33.0571 dB    V 33.3982 dB] [ET    65 ] [L0 30c 28] [L1 32]

LayerId  0
	Total Frames |  Bitrate      Y-PSNR   U-PSNR   V-PSNR   YUV-PSNR 
	33           a  3046.3515    33.0178  33.7710  34.1488  33.2027  

 finished @ Mon Aug 18 18:26:01 2025
 Total Time:     2678.207 sec. [user]     2678.207 sec. [elapsed]
