
VVCSoftware: VTM Encoder Version 23.11 [Windows][VS 1944][64 bit] [SIMD=AVX2] 

TOOL CFG: IBD:1 HAD:1 RDQ:1 RDQTS:1 LQP:0 SQP:0 ASR:1 MinSearchWindow:96 RestrictMESampling:0 FEN:1 ECU:0 FDM:0 ESD:0 TransformSkip:1 TransformSkipFast:1 TransformSkipLog2MaxSize:5 ChromaTS:1 BDPCM:0 Tiles: 1x1 Slices: 1 MCTS:0 SAO:1 ALF:1 CCALF:1 MaxNumALFAPS 8 AlfapsIDShift 0 ConstantJointCbCrSignFlagWPP:0 WPB:0 PME:2  WaveFrontSynchro:0 WaveFrontSubstreams:1 ScalingList:0 TMVPMode:1  DQ:1  SignBitHidingFlag:0 RecalQP:0 
TOOL CFG: LFNST:1 MMVD:1 Affine:1 AffineType:1 AdaptBypassAffineMe:0 PROF:1 SbTMVP:1 DualITree:1 IMV:1 BIO:1 LMChroma:1 HorCollocatedChroma:1 VerCollocatedChroma:0 MTS:1(explicit intra) SBT:1 ISP:1 SMVD:1 CompositeLTReference:0 Bcw:1 BcwFast:1 LADF:0 CIIP:1 Geo:1 AllowDisFracMMVD:1 AffineAmvr:1 AffineAmvrEncOpt:1 AffineAmvp:1 DMVR:1 MmvdDisNum:6 JointCbCr:1 ACT:0 PLT:0 IBC:0 HashME:0 WrapAround:0 VirtualBoundariesEnabledFlag:0 VirtualBoundariesPresentInSPSFlag:1 vertical virtual boundaries:[ ] horizontal virtual boundaries:[ ] Reshape:1 (Signal:SDR Opt:0 CSoffset:6) MRL:1 MIP:1 EncDbOpt:1 AlfLambdaOpt:0 
FAST TOOL CFG: LCTUFast:1 FastMrg:1 MaxMergeRdCandNumTotal:7 MergeRdCandQuotaRegular:4 MergeRdCandQuotaRegularSmallBlk:4 MergeRdCandQuotaSubBlk:2 MergeRdCandQuotaCiip:1 MergeRdCandQuotaGpm:8 PBIntraFast:1 IMV4PelFast:1 MTSMaxCand: 4(intra) 4(inter) ISPFast:0 FastLFNST:0 AMaxBT:1 E0023FastEnc:1 ContentBasedFastQtbt:0 UseNonLinearAlfLuma:1 UseNonLinearAlfChroma:1 MaxNumAlfAlternativesChroma:8 FastMIP:0 TTFastSkip:31 TTFastSkipThr:1.075 FastLocalDualTree:1 RPR:0 TemporalFilter:4/4 SEI CTI:0 BIM:0 SEI FGC:0 SEI processing Order:0 DPF:0 


 started @ Tue Aug 19 01:23:38 2025
POC    0 LId:  0 TId: 0 ( IDR_N_LP, I-SLICE, QP 34 )     138984 bits [Y 37.5412 dB    U 42.1852 dB    V 42.4154 dB] [ET    68 ] [L0] [L1]
POC   32 LId:  0 TId: 0 ( TRAIL, B-SLICE, QP 36 )     114848 bits [Y 37.1154 dB    U 41.8515 dB    V 41.9409 dB] [ET   340 ] [L0 0] [L1 0c]
POC   16 LId:  0 TId: 1 ( STSA, B-SLICE, QP 40 )      44880 bits [Y 36.6411 dB    U 42.0937 dB    V 42.0400 dB] [ET   185 ] [L0 0 32] [L1 32c]
POC    8 LId:  0 TId: 2 ( TRAIL, B-SLICE, QP 41 )      34424 bits [Y 36.3894 dB    U 41.8860 dB    V 41.6845 dB] [ET   155 ] [L0 0 16 32] [L1 16c 32]
POC    4 LId:  0 TId: 3 ( TRAIL, B-SLICE, QP 43 )      22464 bits [Y 36.2796 dB    U 41.8030 dB    V 41.6802 dB] [ET   120 ] [L0 0 8 16] [L1 8c 16 32]
POC    2 LId:  0 TId: 4 ( TRAIL, B-SLICE, QP 45 )      12616 bits [Y 36.0897 dB    U 41.8058 dB    V 41.3718 dB] [ET    77 ] [L0 0 4 8] [L1 4c 8 16 32]
POC    1 LId:  0 TId: 5 ( TRAIL, B-SLICE, QP 46 )       6784 bits [Y 36.2409 dB    U 41.9388 dB    V 41.5509 dB] [ET    39 ] [L0 0] [L1 2c 4]
POC    3 LId:  0 TId: 5 ( TRAIL, B-SLICE, QP 46 )       7160 bits [Y 35.8637 dB    U 41.7544 dB    V 41.1064 dB] [ET    43 ] [L0 2c 0] [L1 4 8]
POC    6 LId:  0 TId: 4 ( TRAIL, B-SLICE, QP 45 )      13800 bits [Y 35.6722 dB    U 41.6736 dB    V 41.0349 dB] [ET    84 ] [L0 4c 2 0] [L1 8 16 32]
POC    5 LId:  0 TId: 5 ( TRAIL, B-SLICE, QP 46 )       6800 bits [Y 35.5700 dB    U 41.7253 dB    V 40.9466 dB] [ET    46 ] [L0 4 0] [L1 6c 8]
POC    7 LId:  0 TId: 5 ( TRAIL, B-SLICE, QP 46 )       6864 bits [Y 35.5826 dB    U 41.7226 dB    V 40.9951 dB] [ET    46 ] [L0 6c 4] [L1 8 16]
POC   12 LId:  0 TId: 3 ( TRAIL, B-SLICE, QP 43 )      19264 bits [Y 36.2095 dB    U 41.9270 dB    V 41.8043 dB] [ET   111 ] [L0 8c 4 0] [L1 16 32]
POC   10 LId:  0 TId: 4 ( TRAIL, B-SLICE, QP 45 )      11192 bits [Y 35.7889 dB    U 41.7585 dB    V 41.3056 dB] [ET    82 ] [L0 8 6 4 0] [L1 12c 16 32]
POC    9 LId:  0 TId: 5 ( TRAIL, B-SLICE, QP 46 )       6632 bits [Y 35.6694 dB    U 41.6881 dB    V 41.1482 dB] [ET    43 ] [L0 8 4] [L1 10c 12]
POC   11 LId:  0 TId: 5 ( TRAIL, B-SLICE, QP 46 )       5024 bits [Y 35.7228 dB    U 41.8062 dB    V 41.3113 dB] [ET    36 ] [L0 10c 8] [L1 12 16]
POC   14 LId:  0 TId: 4 ( TRAIL, B-SLICE, QP 45 )       9192 bits [Y 35.9827 dB    U 41.8614 dB    V 41.5462 dB] [ET    70 ] [L0 12c 10 8 0] [L1 16 32]
POC   13 LId:  0 TId: 5 ( TRAIL, B-SLICE, QP 46 )       4384 bits [Y 35.8890 dB    U 41.8261 dB    V 41.4792 dB] [ET    35 ] [L0 12 8] [L1 14c 16]
POC   15 LId:  0 TId: 5 ( TRAIL, B-SLICE, QP 46 )       3800 bits [Y 35.9973 dB    U 41.9261 dB    V 41.5713 dB] [ET    36 ] [L0 14c 12] [L1 16 32]
POC   24 LId:  0 TId: 2 ( TRAIL, B-SLICE, QP 41 )      37048 bits [Y 36.2644 dB    U 41.6304 dB    V 41.5796 dB] [ET   172 ] [L0 16c 8 0] [L1 32]
POC   20 LId:  0 TId: 3 ( TRAIL, B-SLICE, QP 43 )      19824 bits [Y 36.1030 dB    U 41.7303 dB    V 41.7303 dB] [ET   112 ] [L0 16 8 0] [L1 24c 32]
POC   18 LId:  0 TId: 4 ( TRAIL, B-SLICE, QP 45 )       9576 bits [Y 35.9006 dB    U 41.6622 dB    V 41.4020 dB] [ET    71 ] [L0 16 8 0] [L1 20c 24 32]
POC   17 LId:  0 TId: 5 ( TRAIL, B-SLICE, QP 46 )       3760 bits [Y 35.9614 dB    U 41.8345 dB    V 41.4912 dB] [ET    35 ] [L0 16 8] [L1 18c 20]
POC   19 LId:  0 TId: 5 ( TRAIL, B-SLICE, QP 46 )       4200 bits [Y 35.7486 dB    U 41.6306 dB    V 41.4019 dB] [ET    35 ] [L0 18c 16] [L1 20 24]
POC   22 LId:  0 TId: 4 ( TRAIL, B-SLICE, QP 45 )      10624 bits [Y 35.7664 dB    U 41.4672 dB    V 41.2860 dB] [ET    84 ] [L0 20c 16 0] [L1 24 32 18]
POC   21 LId:  0 TId: 5 ( TRAIL, B-SLICE, QP 46 )       4536 bits [Y 35.6430 dB    U 41.5084 dB    V 41.3142 dB] [ET    36 ] [L0 20 16] [L1 22c 24]
POC   23 LId:  0 TId: 5 ( TRAIL, B-SLICE, QP 46 )       5000 bits [Y 35.6494 dB    U 41.4662 dB    V 41.2357 dB] [ET    39 ] [L0 22c 20] [L1 24 32]
POC   28 LId:  0 TId: 3 ( TRAIL, B-SLICE, QP 43 )      26664 bits [Y 35.6180 dB    U 41.2915 dB    V 41.1149 dB] [ET   133 ] [L0 24c 20 16 0] [L1 32]
POC   26 LId:  0 TId: 4 ( TRAIL, B-SLICE, QP 45 )      12664 bits [Y 35.3425 dB    U 41.2954 dB    V 41.0829 dB] [ET    84 ] [L0 24 20 16 0] [L1 28c 32]
POC   25 LId:  0 TId: 5 ( TRAIL, B-SLICE, QP 46 )       5816 bits [Y 35.4189 dB    U 41.4170 dB    V 41.1605 dB] [ET    42 ] [L0 24 20] [L1 26c 28]
POC   27 LId:  0 TId: 5 ( TRAIL, B-SLICE, QP 46 )       6144 bits [Y 35.1172 dB    U 41.2229 dB    V 40.8782 dB] [ET    43 ] [L0 26c 24] [L1 28 32]
POC   30 LId:  0 TId: 4 ( TRAIL, B-SLICE, QP 45 )      12720 bits [Y 35.4369 dB    U 41.3732 dB    V 41.1688 dB] [ET    83 ] [L0 28c 24 16 0] [L1 32]
POC   29 LId:  0 TId: 5 ( TRAIL, B-SLICE, QP 46 )       6008 bits [Y 35.1497 dB    U 41.2966 dB    V 40.8551 dB] [ET    41 ] [L0 28 24] [L1 30c 32]
POC   31 LId:  0 TId: 5 ( TRAIL, B-SLICE, QP 46 )       5480 bits [Y 35.7264 dB    U 41.5677 dB    V 41.3722 dB] [ET    35 ] [L0 30c 28] [L1 32]

LayerId  0
	Total Frames |  Bitrate      Y-PSNR   U-PSNR   V-PSNR   YUV-PSNR 
	33           a  968.4485     35.9119  41.6857  41.3941  37.0906  

 finished @ Tue Aug 19 02:07:59 2025
 Total Time:     2661.342 sec. [user]     2661.342 sec. [elapsed]
