
VVCSoftware: VTM Encoder Version 23.11 [Windows][VS 1944][64 bit] [SIMD=AVX2] 

TOOL CFG: IBD:1 HAD:1 RDQ:1 RDQTS:1 LQP:0 SQP:0 ASR:1 MinSearchWindow:96 RestrictMESampling:0 FEN:1 ECU:0 FDM:1 ESD:0 TransformSkip:1 TransformSkipFast:1 TransformSkipLog2MaxSize:5 ChromaTS:1 BDPCM:0 Tiles: 1x1 Slices: 1 MCTS:0 SAO:1 ALF:0 CCALF:0 MaxNumALFAPS 8 AlfapsIDShift 0 ConstantJointCbCrSignFlagWPP:0 WPB:0 PME:2  WaveFrontSynchro:0 WaveFrontSubstreams:1 ScalingList:0 TMVPMode:1  DQ:1  SignBitHidingFlag:0 RecalQP:0 
TOOL CFG: LFNST:1 MMVD:1 Affine:1 AffineType:1 AdaptBypassAffineMe:0 PROF:1 SbTMVP:1 DualITree:1 IMV:1 BIO:1 LMChroma:1 HorCollocatedChroma:1 VerCollocatedChroma:0 MTS:1(explicit intra) SBT:1 ISP:1 SMVD:1 CompositeLTReference:0 Bcw:1 BcwFast:1 LADF:0 CIIP:1 Geo:1 AllowDisFracMMVD:1 AffineAmvr:1 AffineAmvrEncOpt:1 AffineAmvp:1 DMVR:1 MmvdDisNum:6 JointCbCr:1 ACT:0 PLT:0 IBC:0 HashME:0 WrapAround:0 VirtualBoundariesEnabledFlag:0 VirtualBoundariesPresentInSPSFlag:1 vertical virtual boundaries:[ ] horizontal virtual boundaries:[ ] Reshape:1 (Signal:SDR Opt:0 CSoffset:6) MRL:1 MIP:1 EncDbOpt:1 AlfLambdaOpt:0 
FAST TOOL CFG: LCTUFast:1 FastMrg:1 MaxMergeRdCandNumTotal:7 MergeRdCandQuotaRegular:4 MergeRdCandQuotaRegularSmallBlk:4 MergeRdCandQuotaSubBlk:2 MergeRdCandQuotaCiip:1 MergeRdCandQuotaGpm:8 PBIntraFast:1 IMV4PelFast:1 MTSMaxCand: 4(intra) 4(inter) ISPFast:0 FastLFNST:0 AMaxBT:1 E0023FastEnc:1 ContentBasedFastQtbt:0 UseNonLinearAlfLuma:1 UseNonLinearAlfChroma:1 MaxNumAlfAlternativesChroma:8 FastMIP:0 TTFastSkip:31 TTFastSkipThr:1.075 FastLocalDualTree:1 RPR:0 TemporalFilter:4/4 SEI CTI:0 BIM:0 SEI FGC:0 SEI processing Order:0 DPF:0 


 started @ Mon Aug 18 17:35:34 2025
POC    0 LId:  0 TId: 0 ( IDR_N_LP, I-SLICE, QP 19 )     240760 bits [Y 42.5057 dB    U 44.3024 dB    V 46.3689 dB] [ET    34 ] [L0] [L1]
POC   32 LId:  0 TId: 0 ( TRAIL, B-SLICE, QP 21 )     149360 bits [Y 40.9750 dB    U 43.1043 dB    V 44.3390 dB] [ET    75 ] [L0 0] [L1 0c]
POC   16 LId:  0 TId: 1 ( STSA, B-SLICE, QP 22 )      92760 bits [Y 39.6918 dB    U 41.9247 dB    V 44.2712 dB] [ET    50 ] [L0 0 32] [L1 32c]
POC    8 LId:  0 TId: 2 ( TRAIL, B-SLICE, QP 23 )      59040 bits [Y 39.5773 dB    U 42.2703 dB    V 44.3781 dB] [ET    40 ] [L0 0 16 32] [L1 16c 32]
POC    4 LId:  0 TId: 3 ( TRAIL, B-SLICE, QP 26 )      25920 bits [Y 39.0098 dB    U 42.2858 dB    V 44.4848 dB] [ET    32 ] [L0 0 8 16] [L1 8c 16 32]
POC    2 LId:  0 TId: 4 ( TRAIL, B-SLICE, QP 28 )      11784 bits [Y 38.9938 dB    U 42.8309 dB    V 45.0103 dB] [ET    20 ] [L0 0 4 8] [L1 4c 8 16 32]
POC    1 LId:  0 TId: 5 ( TRAIL, B-SLICE, QP 29 )       4960 bits [Y 39.5745 dB    U 43.2559 dB    V 45.4400 dB] [ET     7 ] [L0 0] [L1 2c 4]
POC    3 LId:  0 TId: 5 ( TRAIL, B-SLICE, QP 29 )       5216 bits [Y 38.4744 dB    U 42.3044 dB    V 44.4831 dB] [ET     7 ] [L0 2c 0] [L1 4 8]
POC    6 LId:  0 TId: 4 ( TRAIL, B-SLICE, QP 28 )      11040 bits [Y 38.2212 dB    U 41.7261 dB    V 43.7903 dB] [ET    15 ] [L0 4c 2 0] [L1 8 16 32]
POC    5 LId:  0 TId: 5 ( TRAIL, B-SLICE, QP 29 )       4552 bits [Y 38.0639 dB    U 41.7907 dB    V 43.9002 dB] [ET     8 ] [L0 4 0] [L1 6c 8]
POC    7 LId:  0 TId: 5 ( TRAIL, B-SLICE, QP 29 )       4720 bits [Y 38.2084 dB    U 41.7044 dB    V 43.8885 dB] [ET     8 ] [L0 6c 4] [L1 8 16]
POC   12 LId:  0 TId: 3 ( TRAIL, B-SLICE, QP 26 )      28416 bits [Y 38.7762 dB    U 41.6597 dB    V 44.1310 dB] [ET    25 ] [L0 8c 4 0] [L1 16 32]
POC   10 LId:  0 TId: 4 ( TRAIL, B-SLICE, QP 28 )      11584 bits [Y 38.1384 dB    U 41.2824 dB    V 43.7548 dB] [ET    17 ] [L0 8 6 4 0] [L1 12c 16 32]
POC    9 LId:  0 TId: 5 ( TRAIL, B-SLICE, QP 29 )       5128 bits [Y 38.1043 dB    U 41.4800 dB    V 43.9733 dB] [ET     9 ] [L0 8 4] [L1 10c 12]
POC   11 LId:  0 TId: 5 ( TRAIL, B-SLICE, QP 29 )       6112 bits [Y 37.7975 dB    U 41.2166 dB    V 43.7237 dB] [ET    10 ] [L0 10c 8] [L1 12 16]
POC   14 LId:  0 TId: 4 ( TRAIL, B-SLICE, QP 28 )      12488 bits [Y 38.1761 dB    U 41.3853 dB    V 43.8098 dB] [ET    15 ] [L0 12c 10 8 0] [L1 16 32]
POC   13 LId:  0 TId: 5 ( TRAIL, B-SLICE, QP 29 )       6552 bits [Y 37.8848 dB    U 41.1466 dB    V 43.7673 dB] [ET    10 ] [L0 12 8] [L1 14c 16]
POC   15 LId:  0 TId: 5 ( TRAIL, B-SLICE, QP 29 )       6008 bits [Y 38.2006 dB    U 41.4376 dB    V 43.8464 dB] [ET     9 ] [L0 14c 12] [L1 16 32]
POC   24 LId:  0 TId: 2 ( TRAIL, B-SLICE, QP 23 )      69424 bits [Y 39.4556 dB    U 41.7304 dB    V 43.7740 dB] [ET    42 ] [L0 16c 8 0] [L1 32]
POC   20 LId:  0 TId: 3 ( TRAIL, B-SLICE, QP 26 )      34792 bits [Y 38.5211 dB    U 40.7972 dB    V 43.4579 dB] [ET    29 ] [L0 16 8 0] [L1 24c 32]
POC   18 LId:  0 TId: 4 ( TRAIL, B-SLICE, QP 28 )      13368 bits [Y 37.9748 dB    U 41.2111 dB    V 43.7316 dB] [ET    15 ] [L0 16 8 0] [L1 20c 24 32]
POC   17 LId:  0 TId: 5 ( TRAIL, B-SLICE, QP 29 )       5696 bits [Y 38.1710 dB    U 41.4406 dB    V 43.9631 dB] [ET     8 ] [L0 16 8] [L1 18c 20]
POC   19 LId:  0 TId: 5 ( TRAIL, B-SLICE, QP 29 )       6680 bits [Y 37.7100 dB    U 40.8894 dB    V 43.5235 dB] [ET     9 ] [L0 18c 16] [L1 20 24]
POC   22 LId:  0 TId: 4 ( TRAIL, B-SLICE, QP 28 )      15024 bits [Y 37.7728 dB    U 40.2775 dB    V 43.2238 dB] [ET    19 ] [L0 20c 16 0] [L1 24 32 18]
POC   21 LId:  0 TId: 5 ( TRAIL, B-SLICE, QP 29 )       5824 bits [Y 37.5725 dB    U 40.5237 dB    V 43.2985 dB] [ET     9 ] [L0 20 16] [L1 22c 24]
POC   23 LId:  0 TId: 5 ( TRAIL, B-SLICE, QP 29 )       6936 bits [Y 37.9389 dB    U 40.5475 dB    V 43.5223 dB] [ET    12 ] [L0 22c 20] [L1 24 32]
POC   28 LId:  0 TId: 3 ( TRAIL, B-SLICE, QP 26 )      43304 bits [Y 38.8270 dB    U 41.5240 dB    V 42.9840 dB] [ET    35 ] [L0 24c 20 16 0] [L1 32]
POC   26 LId:  0 TId: 4 ( TRAIL, B-SLICE, QP 28 )      21504 bits [Y 38.0725 dB    U 41.0865 dB    V 43.1274 dB] [ET    20 ] [L0 24 20 16 0] [L1 28c 32]
POC   25 LId:  0 TId: 5 ( TRAIL, B-SLICE, QP 29 )      10520 bits [Y 38.0525 dB    U 41.1848 dB    V 43.2573 dB] [ET    14 ] [L0 24 20] [L1 26c 28]
POC   27 LId:  0 TId: 5 ( TRAIL, B-SLICE, QP 29 )      14736 bits [Y 37.7349 dB    U 40.9672 dB    V 42.7914 dB] [ET    17 ] [L0 26c 24] [L1 28 32]
POC   30 LId:  0 TId: 4 ( TRAIL, B-SLICE, QP 28 )      26264 bits [Y 38.1335 dB    U 41.2698 dB    V 42.5203 dB] [ET    24 ] [L0 28c 24 16 0] [L1 32]
POC   29 LId:  0 TId: 5 ( TRAIL, B-SLICE, QP 29 )      17168 bits [Y 37.7575 dB    U 41.0536 dB    V 42.3726 dB] [ET    16 ] [L0 28 24] [L1 30c 32]
POC   31 LId:  0 TId: 5 ( TRAIL, B-SLICE, QP 29 )      16008 bits [Y 38.1903 dB    U 41.5702 dB    V 42.9169 dB] [ET    15 ] [L0 30c 28] [L1 32]

LayerId  0
	Total Frames |  Bitrate      Y-PSNR   U-PSNR   V-PSNR   YUV-PSNR 
	33           a  1505.5273    38.5533  41.6116  43.8129  39.4344  

 finished @ Mon Aug 18 17:46:48 2025
 Total Time:      674.068 sec. [user]      674.067 sec. [elapsed]
