
VVCSoftware: VTM Encoder Version 23.11 [Windows][VS 1944][64 bit] [SIMD=AVX2] 

TOOL CFG: IBD:1 HAD:1 RDQ:0 RDQTS:0 LQP:0 SQP:0 ASR:0 MinSearchWindow:96 RestrictMESampling:0 FEN:0 ECU:0 FDM:0 ESD:0 TransformSkip:1 TransformSkipFast:1 TransformSkipLog2MaxSize:5 ChromaTS:1 BDPCM:0 Tiles: 1x1 Slices: 1 MCTS:0 SAO:0 ALF:0 CCALF:0 MaxNumALFAPS 8 AlfapsIDShift 0 ConstantJointCbCrSignFlagWPP:0 WPB:0 PME:2  WaveFrontSynchro:0 WaveFrontSubstreams:1 ScalingList:0 TMVPMode:1  DQ:0  SignBitHidingFlag:0 RecalQP:0 
TOOL CFG: LFNST:1 MMVD:1 Affine:1 AffineType:1 AdaptBypassAffineMe:0 PROF:1 SbTMVP:1 DualITree:1 IMV:1 BIO:1 LMChroma:1 HorCollocatedChroma:1 VerCollocatedChroma:0 MTS:1(explicit intra) SBT:1 ISP:1 SMVD:1 CompositeLTReference:0 Bcw:1 BcwFast:1 LADF:0 CIIP:1 Geo:1 AllowDisFracMMVD:1 AffineAmvr:1 AffineAmvrEncOpt:1 AffineAmvp:1 DMVR:1 MmvdDisNum:6 JointCbCr:1 ACT:0 PLT:0 IBC:0 HashME:0 WrapAround:0 VirtualBoundariesEnabledFlag:0 VirtualBoundariesPresentInSPSFlag:1 vertical virtual boundaries:[ ] horizontal virtual boundaries:[ ] Reshape:1 (Signal:SDR Opt:0 CSoffset:6) MRL:1 MIP:1 EncDbOpt:1 AlfLambdaOpt:0 
FAST TOOL CFG: LCTUFast:0 FastMrg:0 MaxMergeRdCandNumTotal:7 MergeRdCandQuotaRegular:4 MergeRdCandQuotaRegularSmallBlk:4 MergeRdCandQuotaSubBlk:2 MergeRdCandQuotaCiip:1 MergeRdCandQuotaGpm:8 PBIntraFast:1 IMV4PelFast:1 MTSMaxCand: 4(intra) 4(inter) ISPFast:0 FastLFNST:0 AMaxBT:1 E0023FastEnc:1 ContentBasedFastQtbt:0 UseNonLinearAlfLuma:1 UseNonLinearAlfChroma:1 MaxNumAlfAlternativesChroma:8 FastMIP:0 TTFastSkip:31 TTFastSkipThr:1.075 FastLocalDualTree:1 RPR:0 TemporalFilter:4/4 SEI CTI:0 BIM:0 SEI FGC:0 SEI processing Order:0 DPF:0 


 started @ Tue Aug 19 13:16:18 2025
POC    0 LId:  0 TId: 0 ( IDR_N_LP, I-SLICE, QP 34 )      31672 bits [Y 35.7770 dB    U 39.3125 dB    V 38.9087 dB] [ET    10 ] [L0] [L1]
POC   32 LId:  0 TId: 0 ( TRAIL, B-SLICE, QP 36 )      12208 bits [Y 34.6339 dB    U 39.2340 dB    V 38.7121 dB] [ET   311 ] [L0 0] [L1 0c]
POC   16 LId:  0 TId: 1 ( STSA, B-SLICE, QP 40 )       4584 bits [Y 33.2082 dB    U 39.0849 dB    V 38.3036 dB] [ET   332 ] [L0 0 32] [L1 32c]
POC    8 LId:  0 TId: 2 ( TRAIL, B-SLICE, QP 41 )       3016 bits [Y 33.3474 dB    U 38.9090 dB    V 38.0416 dB] [ET   439 ] [L0 0 16 32] [L1 16c 32]
POC    4 LId:  0 TId: 3 ( TRAIL, B-SLICE, QP 43 )       1632 bits [Y 33.2972 dB    U 38.9043 dB    V 38.3181 dB] [ET   401 ] [L0 0 8 16] [L1 8c 16 32]
POC    2 LId:  0 TId: 4 ( TRAIL, B-SLICE, QP 45 )        696 bits [Y 33.7121 dB    U 39.0769 dB    V 38.2082 dB] [ET   278 ] [L0 0 4 8] [L1 4c 8 16 32]
POC    1 LId:  0 TId: 5 ( TRAIL, B-SLICE, QP 46 )        200 bits [Y 34.1910 dB    U 39.1786 dB    V 38.3685 dB] [ET    69 ] [L0 0] [L1 2c 4]
POC    3 LId:  0 TId: 5 ( TRAIL, B-SLICE, QP 46 )        184 bits [Y 33.2100 dB    U 39.0052 dB    V 38.1805 dB] [ET    94 ] [L0 2c 0] [L1 4 8]
POC    6 LId:  0 TId: 4 ( TRAIL, B-SLICE, QP 45 )        592 bits [Y 32.8915 dB    U 38.8071 dB    V 37.9788 dB] [ET   363 ] [L0 4c 2 0] [L1 8 16 32]
POC    5 LId:  0 TId: 5 ( TRAIL, B-SLICE, QP 46 )        184 bits [Y 33.0560 dB    U 38.8143 dB    V 38.1564 dB] [ET    94 ] [L0 4 0] [L1 6c 8]
POC    7 LId:  0 TId: 5 ( TRAIL, B-SLICE, QP 46 )        200 bits [Y 32.8833 dB    U 38.8213 dB    V 37.9866 dB] [ET    80 ] [L0 6c 4] [L1 8 16]
POC   12 LId:  0 TId: 3 ( TRAIL, B-SLICE, QP 43 )       1744 bits [Y 32.7272 dB    U 38.9778 dB    V 38.0404 dB] [ET   535 ] [L0 8c 4 0] [L1 16 32]
POC   10 LId:  0 TId: 4 ( TRAIL, B-SLICE, QP 45 )        784 bits [Y 32.7864 dB    U 39.1161 dB    V 38.2109 dB] [ET   368 ] [L0 8 6 4 0] [L1 12c 16 32]
POC    9 LId:  0 TId: 5 ( TRAIL, B-SLICE, QP 46 )        256 bits [Y 32.8304 dB    U 39.0385 dB    V 38.2373 dB] [ET    85 ] [L0 8 4] [L1 10c 12]
POC   11 LId:  0 TId: 5 ( TRAIL, B-SLICE, QP 46 )        352 bits [Y 32.5590 dB    U 38.9852 dB    V 38.0873 dB] [ET   108 ] [L0 10c 8] [L1 12 16]
POC   14 LId:  0 TId: 4 ( TRAIL, B-SLICE, QP 45 )        520 bits [Y 32.5771 dB    U 39.0976 dB    V 38.1451 dB] [ET   275 ] [L0 12c 10 8 0] [L1 16 32]
POC   13 LId:  0 TId: 5 ( TRAIL, B-SLICE, QP 46 )        248 bits [Y 32.5520 dB    U 39.0526 dB    V 38.1665 dB] [ET    85 ] [L0 12 8] [L1 14c 16]
POC   15 LId:  0 TId: 5 ( TRAIL, B-SLICE, QP 46 )        184 bits [Y 32.7943 dB    U 39.1015 dB    V 38.3223 dB] [ET    78 ] [L0 14c 12] [L1 16 32]
POC   24 LId:  0 TId: 2 ( TRAIL, B-SLICE, QP 41 )       2808 bits [Y 32.7601 dB    U 38.8655 dB    V 37.7955 dB] [ET   472 ] [L0 16c 8 0] [L1 32]
POC   20 LId:  0 TId: 3 ( TRAIL, B-SLICE, QP 43 )       1520 bits [Y 32.4664 dB    U 39.0723 dB    V 38.0088 dB] [ET   420 ] [L0 16 8 0] [L1 24c 32]
POC   18 LId:  0 TId: 4 ( TRAIL, B-SLICE, QP 45 )        480 bits [Y 32.4239 dB    U 39.1188 dB    V 38.0361 dB] [ET   267 ] [L0 16 8 0] [L1 20c 24 32]
POC   17 LId:  0 TId: 5 ( TRAIL, B-SLICE, QP 46 )        232 bits [Y 32.8704 dB    U 39.1032 dB    V 38.1648 dB] [ET    80 ] [L0 16 8] [L1 18c 20]
POC   19 LId:  0 TId: 5 ( TRAIL, B-SLICE, QP 46 )        128 bits [Y 32.4911 dB    U 39.1412 dB    V 38.0656 dB] [ET    73 ] [L0 18c 16] [L1 20 24]
POC   22 LId:  0 TId: 4 ( TRAIL, B-SLICE, QP 45 )        536 bits [Y 32.2876 dB    U 38.9967 dB    V 37.9476 dB] [ET   325 ] [L0 20c 16 0] [L1 24 32 18]
POC   21 LId:  0 TId: 5 ( TRAIL, B-SLICE, QP 46 )        144 bits [Y 32.3663 dB    U 39.0155 dB    V 37.9186 dB] [ET    74 ] [L0 20 16] [L1 22c 24]
POC   23 LId:  0 TId: 5 ( TRAIL, B-SLICE, QP 46 )        136 bits [Y 32.5099 dB    U 38.9627 dB    V 37.8844 dB] [ET    66 ] [L0 22c 20] [L1 24 32]
POC   28 LId:  0 TId: 3 ( TRAIL, B-SLICE, QP 43 )       1488 bits [Y 32.8937 dB    U 39.0159 dB    V 38.2602 dB] [ET   324 ] [L0 24c 20 16 0] [L1 32]
POC   26 LId:  0 TId: 4 ( TRAIL, B-SLICE, QP 45 )        352 bits [Y 32.5691 dB    U 38.9827 dB    V 37.8838 dB] [ET   166 ] [L0 24 20 16 0] [L1 28c 32]
POC   25 LId:  0 TId: 5 ( TRAIL, B-SLICE, QP 46 )        128 bits [Y 32.7324 dB    U 38.9854 dB    V 37.9104 dB] [ET    65 ] [L0 24 20] [L1 26c 28]
POC   27 LId:  0 TId: 5 ( TRAIL, B-SLICE, QP 46 )        152 bits [Y 32.5864 dB    U 39.0164 dB    V 37.9603 dB] [ET    64 ] [L0 26c 24] [L1 28 32]
POC   30 LId:  0 TId: 4 ( TRAIL, B-SLICE, QP 45 )        520 bits [Y 33.0093 dB    U 39.1419 dB    V 38.4149 dB] [ET   204 ] [L0 28c 24 16 0] [L1 32]
POC   29 LId:  0 TId: 5 ( TRAIL, B-SLICE, QP 46 )        176 bits [Y 32.7966 dB    U 39.0493 dB    V 38.0895 dB] [ET    66 ] [L0 28 24] [L1 30c 32]
POC   31 LId:  0 TId: 5 ( TRAIL, B-SLICE, QP 46 )        216 bits [Y 33.6239 dB    U 39.1931 dB    V 38.4318 dB] [ET    47 ] [L0 30c 28] [L1 32]

LayerId  0
	Total Frames |  Bitrate      Y-PSNR   U-PSNR   V-PSNR   YUV-PSNR 
	33           a  103.4424     33.0128  39.0357  38.1559  34.1635  

 finished @ Tue Aug 19 15:08:15 2025
 Total Time:     6717.114 sec. [user]     6717.114 sec. [elapsed]
