
VVCSoftware: VTM Encoder Version 23.11 [Windows][VS 1944][64 bit] [SIMD=AVX2] 

TOOL CFG: IBD:1 HAD:1 RDQ:0 RDQTS:0 LQP:0 SQP:0 ASR:0 MinSearchWindow:96 RestrictMESampling:0 FEN:0 ECU:0 FDM:0 ESD:0 TransformSkip:1 TransformSkipFast:1 TransformSkipLog2MaxSize:5 ChromaTS:1 BDPCM:0 Tiles: 1x1 Slices: 1 MCTS:0 SAO:0 ALF:0 CCALF:0 MaxNumALFAPS 8 AlfapsIDShift 0 ConstantJointCbCrSignFlagWPP:0 WPB:0 PME:2  WaveFrontSynchro:0 WaveFrontSubstreams:1 ScalingList:0 TMVPMode:1  DQ:0  SignBitHidingFlag:0 RecalQP:0 
TOOL CFG: LFNST:1 MMVD:1 Affine:1 AffineType:1 AdaptBypassAffineMe:0 PROF:1 SbTMVP:1 DualITree:1 IMV:1 BIO:1 LMChroma:1 HorCollocatedChroma:1 VerCollocatedChroma:0 MTS:1(explicit intra) SBT:1 ISP:1 SMVD:1 CompositeLTReference:0 Bcw:1 BcwFast:1 LADF:0 CIIP:1 Geo:1 AllowDisFracMMVD:1 AffineAmvr:1 AffineAmvrEncOpt:1 AffineAmvp:1 DMVR:1 MmvdDisNum:6 JointCbCr:1 ACT:0 PLT:0 IBC:0 HashME:0 WrapAround:0 VirtualBoundariesEnabledFlag:0 VirtualBoundariesPresentInSPSFlag:1 vertical virtual boundaries:[ ] horizontal virtual boundaries:[ ] Reshape:1 (Signal:SDR Opt:0 CSoffset:6) MRL:1 MIP:1 EncDbOpt:1 AlfLambdaOpt:0 
FAST TOOL CFG: LCTUFast:0 FastMrg:0 MaxMergeRdCandNumTotal:7 MergeRdCandQuotaRegular:4 MergeRdCandQuotaRegularSmallBlk:4 MergeRdCandQuotaSubBlk:2 MergeRdCandQuotaCiip:1 MergeRdCandQuotaGpm:8 PBIntraFast:1 IMV4PelFast:1 MTSMaxCand: 4(intra) 4(inter) ISPFast:0 FastLFNST:0 AMaxBT:1 E0023FastEnc:1 ContentBasedFastQtbt:0 UseNonLinearAlfLuma:1 UseNonLinearAlfChroma:1 MaxNumAlfAlternativesChroma:8 FastMIP:0 TTFastSkip:31 TTFastSkipThr:1.075 FastLocalDualTree:1 RPR:0 TemporalFilter:4/4 SEI CTI:0 BIM:0 SEI FGC:0 SEI processing Order:0 DPF:0 


 started @ Tue Aug 19 17:17:30 2025
POC    0 LId:  0 TId: 0 ( IDR_N_LP, I-SLICE, QP 29 )      55656 bits [Y 38.9033 dB    U 41.9739 dB    V 41.9422 dB] [ET    10 ] [L0] [L1]
POC   32 LId:  0 TId: 0 ( TRAIL, B-SLICE, QP 31 )      21768 bits [Y 37.6994 dB    U 41.5653 dB    V 41.0052 dB] [ET   341 ] [L0 0] [L1 0c]
POC   16 LId:  0 TId: 1 ( STSA, B-SLICE, QP 34 )       9536 bits [Y 36.4991 dB    U 41.1403 dB    V 39.9524 dB] [ET   408 ] [L0 0 32] [L1 32c]
POC    8 LId:  0 TId: 2 ( TRAIL, B-SLICE, QP 35 )       6312 bits [Y 36.4835 dB    U 41.0240 dB    V 40.0552 dB] [ET   549 ] [L0 0 16 32] [L1 16c 32]
POC    4 LId:  0 TId: 3 ( TRAIL, B-SLICE, QP 38 )       3312 bits [Y 36.0672 dB    U 41.4109 dB    V 40.5639 dB] [ET   530 ] [L0 0 8 16] [L1 8c 16 32]
POC    2 LId:  0 TId: 4 ( TRAIL, B-SLICE, QP 40 )       1168 bits [Y 36.2837 dB    U 41.5884 dB    V 40.5449 dB] [ET   460 ] [L0 0 4 8] [L1 4c 8 16 32]
POC    1 LId:  0 TId: 5 ( TRAIL, B-SLICE, QP 41 )        416 bits [Y 36.7682 dB    U 41.7257 dB    V 40.9291 dB] [ET    77 ] [L0 0] [L1 2c 4]
POC    3 LId:  0 TId: 5 ( TRAIL, B-SLICE, QP 41 )        400 bits [Y 35.8170 dB    U 41.4605 dB    V 40.2977 dB] [ET   116 ] [L0 2c 0] [L1 4 8]
POC    6 LId:  0 TId: 4 ( TRAIL, B-SLICE, QP 40 )       1240 bits [Y 35.3790 dB    U 41.0617 dB    V 40.0958 dB] [ET   436 ] [L0 4c 2 0] [L1 8 16 32]
POC    5 LId:  0 TId: 5 ( TRAIL, B-SLICE, QP 41 )        320 bits [Y 35.5588 dB    U 41.1473 dB    V 40.2041 dB] [ET   109 ] [L0 4 0] [L1 6c 8]
POC    7 LId:  0 TId: 5 ( TRAIL, B-SLICE, QP 41 )        456 bits [Y 35.6783 dB    U 40.9699 dB    V 39.9214 dB] [ET   129 ] [L0 6c 4] [L1 8 16]
POC   12 LId:  0 TId: 3 ( TRAIL, B-SLICE, QP 38 )       3488 bits [Y 35.6776 dB    U 41.2723 dB    V 39.9023 dB] [ET   623 ] [L0 8c 4 0] [L1 16 32]
POC   10 LId:  0 TId: 4 ( TRAIL, B-SLICE, QP 40 )       1400 bits [Y 35.4157 dB    U 41.2360 dB    V 40.0154 dB] [ET   549 ] [L0 8 6 4 0] [L1 12c 16 32]
POC    9 LId:  0 TId: 5 ( TRAIL, B-SLICE, QP 41 )        560 bits [Y 35.6767 dB    U 41.0533 dB    V 40.0297 dB] [ET   147 ] [L0 8 4] [L1 10c 12]
POC   11 LId:  0 TId: 5 ( TRAIL, B-SLICE, QP 41 )        592 bits [Y 35.2071 dB    U 41.2027 dB    V 39.7998 dB] [ET   169 ] [L0 10c 8] [L1 12 16]
POC   14 LId:  0 TId: 4 ( TRAIL, B-SLICE, QP 40 )       1000 bits [Y 35.3678 dB    U 41.2658 dB    V 39.9932 dB] [ET   515 ] [L0 12c 10 8 0] [L1 16 32]
POC   13 LId:  0 TId: 5 ( TRAIL, B-SLICE, QP 41 )        368 bits [Y 35.2363 dB    U 41.2994 dB    V 39.8943 dB] [ET   133 ] [L0 12 8] [L1 14c 16]
POC   15 LId:  0 TId: 5 ( TRAIL, B-SLICE, QP 41 )        360 bits [Y 35.8382 dB    U 41.2255 dB    V 40.0838 dB] [ET   119 ] [L0 14c 12] [L1 16 32]
POC   24 LId:  0 TId: 2 ( TRAIL, B-SLICE, QP 35 )       6792 bits [Y 36.1336 dB    U 41.1402 dB    V 39.6307 dB] [ET   599 ] [L0 16c 8 0] [L1 32]
POC   20 LId:  0 TId: 3 ( TRAIL, B-SLICE, QP 38 )       3112 bits [Y 35.4878 dB    U 41.3683 dB    V 39.8736 dB] [ET   746 ] [L0 16 8 0] [L1 24c 32]
POC   18 LId:  0 TId: 4 ( TRAIL, B-SLICE, QP 40 )        968 bits [Y 35.2133 dB    U 41.3725 dB    V 39.6989 dB] [ET   470 ] [L0 16 8 0] [L1 20c 24 32]
POC   17 LId:  0 TId: 5 ( TRAIL, B-SLICE, QP 41 )        304 bits [Y 35.7197 dB    U 41.2812 dB    V 39.6171 dB] [ET   128 ] [L0 16 8] [L1 18c 20]
POC   19 LId:  0 TId: 5 ( TRAIL, B-SLICE, QP 41 )        224 bits [Y 35.2406 dB    U 41.4409 dB    V 39.5913 dB] [ET   108 ] [L0 18c 16] [L1 20 24]
POC   22 LId:  0 TId: 4 ( TRAIL, B-SLICE, QP 40 )        968 bits [Y 35.1853 dB    U 41.1975 dB    V 39.5707 dB] [ET   564 ] [L0 20c 16 0] [L1 24 32 18]
POC   21 LId:  0 TId: 5 ( TRAIL, B-SLICE, QP 41 )        248 bits [Y 35.2046 dB    U 41.3134 dB    V 39.5542 dB] [ET   131 ] [L0 20 16] [L1 22c 24]
POC   23 LId:  0 TId: 5 ( TRAIL, B-SLICE, QP 41 )        208 bits [Y 35.4574 dB    U 41.1786 dB    V 39.3838 dB] [ET   115 ] [L0 22c 20] [L1 24 32]
POC   28 LId:  0 TId: 3 ( TRAIL, B-SLICE, QP 38 )       2880 bits [Y 35.6506 dB    U 41.2936 dB    V 40.1184 dB] [ET   629 ] [L0 24c 20 16 0] [L1 32]
POC   26 LId:  0 TId: 4 ( TRAIL, B-SLICE, QP 40 )        920 bits [Y 35.3473 dB    U 41.2049 dB    V 39.6278 dB] [ET   465 ] [L0 24 20 16 0] [L1 28c 32]
POC   25 LId:  0 TId: 5 ( TRAIL, B-SLICE, QP 41 )        240 bits [Y 35.6522 dB    U 41.2800 dB    V 39.6987 dB] [ET   117 ] [L0 24 20] [L1 26c 28]
POC   27 LId:  0 TId: 5 ( TRAIL, B-SLICE, QP 41 )        344 bits [Y 35.4111 dB    U 41.2625 dB    V 39.7083 dB] [ET   120 ] [L0 26c 24] [L1 28 32]
POC   30 LId:  0 TId: 4 ( TRAIL, B-SLICE, QP 40 )        992 bits [Y 35.6928 dB    U 41.4376 dB    V 40.2687 dB] [ET   422 ] [L0 28c 24 16 0] [L1 32]
POC   29 LId:  0 TId: 5 ( TRAIL, B-SLICE, QP 41 )        336 bits [Y 35.4463 dB    U 41.3779 dB    V 39.7909 dB] [ET   120 ] [L0 28 24] [L1 30c 32]
POC   31 LId:  0 TId: 5 ( TRAIL, B-SLICE, QP 41 )        368 bits [Y 36.2614 dB    U 41.4658 dB    V 40.2528 dB] [ET    86 ] [L0 30c 28] [L1 32]

LayerId  0
	Total Frames |  Bitrate      Y-PSNR   U-PSNR   V-PSNR   YUV-PSNR 
	33           a  192.8121     35.8382  41.3102  40.0490  36.8805  

 finished @ Tue Aug 19 20:08:09 2025
 Total Time:    10238.495 sec. [user]    10238.495 sec. [elapsed]
