
VVCSoftware: VTM Encoder Version 23.11 [Windows][VS 1944][64 bit] [SIMD=AVX2] 

TOOL CFG: IBD:1 HAD:1 RDQ:1 RDQTS:1 LQP:0 SQP:0 ASR:1 MinSearchWindow:96 RestrictMESampling:0 FEN:1 ECU:0 FDM:1 ESD:0 TransformSkip:1 TransformSkipFast:1 TransformSkipLog2MaxSize:5 ChromaTS:1 BDPCM:0 Tiles: 1x1 Slices: 1 MCTS:0 SAO:1 ALF:1 CCALF:1 MaxNumALFAPS 8 AlfapsIDShift 0 ConstantJointCbCrSignFlagWPP:0 WPB:0 PME:2  WaveFrontSynchro:0 WaveFrontSubstreams:1 ScalingList:0 TMVPMode:1  DQ:1  SignBitHidingFlag:0 RecalQP:0 
TOOL CFG: LFNST:1 MMVD:1 Affine:1 AffineType:1 AdaptBypassAffineMe:0 PROF:1 SbTMVP:1 DualITree:1 IMV:1 BIO:1 LMChroma:1 HorCollocatedChroma:1 VerCollocatedChroma:0 MTS:1(explicit intra) SBT:1 ISP:1 SMVD:1 CompositeLTReference:0 Bcw:1 BcwFast:1 LADF:0 CIIP:1 Geo:1 AllowDisFracMMVD:1 AffineAmvr:1 AffineAmvrEncOpt:1 AffineAmvp:1 DMVR:1 MmvdDisNum:6 JointCbCr:1 ACT:0 PLT:0 IBC:0 HashME:0 WrapAround:0 VirtualBoundariesEnabledFlag:0 VirtualBoundariesPresentInSPSFlag:1 vertical virtual boundaries:[ ] horizontal virtual boundaries:[ ] Reshape:1 (Signal:SDR Opt:0 CSoffset:6) MRL:1 MIP:1 EncDbOpt:1 AlfLambdaOpt:0 
FAST TOOL CFG: LCTUFast:1 FastMrg:1 MaxMergeRdCandNumTotal:7 MergeRdCandQuotaRegular:4 MergeRdCandQuotaRegularSmallBlk:4 MergeRdCandQuotaSubBlk:2 MergeRdCandQuotaCiip:1 MergeRdCandQuotaGpm:8 PBIntraFast:1 IMV4PelFast:1 MTSMaxCand: 4(intra) 4(inter) ISPFast:0 FastLFNST:0 AMaxBT:1 E0023FastEnc:1 ContentBasedFastQtbt:0 UseNonLinearAlfLuma:1 UseNonLinearAlfChroma:1 MaxNumAlfAlternativesChroma:8 FastMIP:0 TTFastSkip:31 TTFastSkipThr:1.075 FastLocalDualTree:1 RPR:0 TemporalFilter:4/4 SEI CTI:0 BIM:0 SEI FGC:0 SEI processing Order:0 DPF:0 


 started @ Mon Aug 18 17:37:16 2025
POC    0 LId:  0 TId: 0 ( IDR_N_LP, I-SLICE, QP 34 )     162576 bits [Y 33.3921 dB    U 33.3431 dB    V 34.1927 dB] [ET    62 ] [L0] [L1]
POC   32 LId:  0 TId: 0 ( TRAIL, B-SLICE, QP 36 )     101152 bits [Y 32.4813 dB    U 32.9936 dB    V 33.8203 dB] [ET   115 ] [L0 0] [L1 0c]
POC   16 LId:  0 TId: 1 ( STSA, B-SLICE, QP 40 )      55928 bits [Y 31.2684 dB    U 32.4363 dB    V 33.2646 dB] [ET    96 ] [L0 0 32] [L1 32c]
POC    8 LId:  0 TId: 2 ( TRAIL, B-SLICE, QP 41 )      49544 bits [Y 30.7500 dB    U 32.0112 dB    V 32.7957 dB] [ET   101 ] [L0 0 16 32] [L1 16c 32]
POC    4 LId:  0 TId: 3 ( TRAIL, B-SLICE, QP 43 )      37832 bits [Y 30.4320 dB    U 31.8681 dB    V 32.4118 dB] [ET    81 ] [L0 0 8 16] [L1 8c 16 32]
POC    2 LId:  0 TId: 4 ( TRAIL, B-SLICE, QP 45 )      20184 bits [Y 30.2413 dB    U 31.5827 dB    V 32.4377 dB] [ET    57 ] [L0 0 4 8] [L1 4c 8 16 32]
POC    1 LId:  0 TId: 5 ( TRAIL, B-SLICE, QP 46 )      15184 bits [Y 30.3454 dB    U 31.2908 dB    V 32.1020 dB] [ET    33 ] [L0 0] [L1 2c 4]
POC    3 LId:  0 TId: 5 ( TRAIL, B-SLICE, QP 46 )      16392 bits [Y 29.7496 dB    U 31.0961 dB    V 31.5144 dB] [ET    37 ] [L0 2c 0] [L1 4 8]
POC    6 LId:  0 TId: 4 ( TRAIL, B-SLICE, QP 45 )      28160 bits [Y 29.3291 dB    U 30.8964 dB    V 31.4768 dB] [ET    76 ] [L0 4c 2 0] [L1 8 16 32]
POC    5 LId:  0 TId: 5 ( TRAIL, B-SLICE, QP 46 )      18744 bits [Y 29.1530 dB    U 30.5871 dB    V 30.9426 dB] [ET    45 ] [L0 4 0] [L1 6c 8]
POC    7 LId:  0 TId: 5 ( TRAIL, B-SLICE, QP 46 )      20752 bits [Y 28.9956 dB    U 30.6491 dB    V 30.9943 dB] [ET    50 ] [L0 6c 4] [L1 8 16]
POC   12 LId:  0 TId: 3 ( TRAIL, B-SLICE, QP 43 )      36824 bits [Y 30.2616 dB    U 31.6360 dB    V 32.3485 dB] [ET    83 ] [L0 8c 4 0] [L1 16 32]
POC   10 LId:  0 TId: 4 ( TRAIL, B-SLICE, QP 45 )      24280 bits [Y 29.8609 dB    U 31.0087 dB    V 31.8341 dB] [ET    66 ] [L0 8 6 4 0] [L1 12c 16 32]
POC    9 LId:  0 TId: 5 ( TRAIL, B-SLICE, QP 46 )      18624 bits [Y 29.4143 dB    U 30.8864 dB    V 31.1367 dB] [ET    44 ] [L0 8 4] [L1 10c 12]
POC   11 LId:  0 TId: 5 ( TRAIL, B-SLICE, QP 46 )      18472 bits [Y 29.3597 dB    U 30.6765 dB    V 31.1960 dB] [ET    44 ] [L0 10c 8] [L1 12 16]
POC   14 LId:  0 TId: 4 ( TRAIL, B-SLICE, QP 45 )      29240 bits [Y 29.2061 dB    U 31.0364 dB    V 31.4571 dB] [ET    71 ] [L0 12c 10 8 0] [L1 16 32]
POC   13 LId:  0 TId: 5 ( TRAIL, B-SLICE, QP 46 )      18624 bits [Y 28.9318 dB    U 30.3331 dB    V 30.7304 dB] [ET    43 ] [L0 12 8] [L1 14c 16]
POC   15 LId:  0 TId: 5 ( TRAIL, B-SLICE, QP 46 )      20616 bits [Y 29.1793 dB    U 30.4927 dB    V 31.1937 dB] [ET    45 ] [L0 14c 12] [L1 16 32]
POC   24 LId:  0 TId: 2 ( TRAIL, B-SLICE, QP 41 )      45128 bits [Y 30.8802 dB    U 32.0163 dB    V 32.5704 dB] [ET    71 ] [L0 16c 8 0] [L1 32]
POC   20 LId:  0 TId: 3 ( TRAIL, B-SLICE, QP 43 )      28624 bits [Y 30.9073 dB    U 31.7947 dB    V 32.7089 dB] [ET    73 ] [L0 16 8 0] [L1 24c 32]
POC   18 LId:  0 TId: 4 ( TRAIL, B-SLICE, QP 45 )      22632 bits [Y 30.0875 dB    U 31.4389 dB    V 32.1339 dB] [ET    61 ] [L0 16 8 0] [L1 20c 24 32]
POC   17 LId:  0 TId: 5 ( TRAIL, B-SLICE, QP 46 )      18472 bits [Y 29.6184 dB    U 30.9426 dB    V 31.6321 dB] [ET    46 ] [L0 16 8] [L1 18c 20]
POC   19 LId:  0 TId: 5 ( TRAIL, B-SLICE, QP 46 )      14656 bits [Y 29.9210 dB    U 31.2105 dB    V 31.6557 dB] [ET    34 ] [L0 18c 16] [L1 20 24]
POC   22 LId:  0 TId: 4 ( TRAIL, B-SLICE, QP 45 )      22296 bits [Y 29.8134 dB    U 31.3440 dB    V 31.7964 dB] [ET    62 ] [L0 20c 16 0] [L1 24 32 18]
POC   21 LId:  0 TId: 5 ( TRAIL, B-SLICE, QP 46 )      13752 bits [Y 29.9207 dB    U 31.2395 dB    V 31.6067 dB] [ET    35 ] [L0 20 16] [L1 22c 24]
POC   23 LId:  0 TId: 5 ( TRAIL, B-SLICE, QP 46 )      16752 bits [Y 29.6473 dB    U 31.0757 dB    V 31.1088 dB] [ET    40 ] [L0 22c 20] [L1 24 32]
POC   28 LId:  0 TId: 3 ( TRAIL, B-SLICE, QP 43 )      32032 bits [Y 30.5909 dB    U 32.0801 dB    V 32.7676 dB] [ET    79 ] [L0 24c 20 16 0] [L1 32]
POC   26 LId:  0 TId: 4 ( TRAIL, B-SLICE, QP 45 )      26840 bits [Y 29.4243 dB    U 31.2648 dB    V 31.5450 dB] [ET    71 ] [L0 24 20 16 0] [L1 28c 32]
POC   25 LId:  0 TId: 5 ( TRAIL, B-SLICE, QP 46 )      19912 bits [Y 29.0355 dB    U 30.7853 dB    V 30.7019 dB] [ET    49 ] [L0 24 20] [L1 26c 28]
POC   27 LId:  0 TId: 5 ( TRAIL, B-SLICE, QP 46 )      18144 bits [Y 29.4264 dB    U 30.9261 dB    V 31.1331 dB] [ET    44 ] [L0 26c 24] [L1 28 32]
POC   30 LId:  0 TId: 4 ( TRAIL, B-SLICE, QP 45 )      26240 bits [Y 29.5548 dB    U 31.0221 dB    V 31.5200 dB] [ET    66 ] [L0 28c 24 16 0] [L1 32]
POC   29 LId:  0 TId: 5 ( TRAIL, B-SLICE, QP 46 )      17184 bits [Y 29.6863 dB    U 30.8225 dB    V 31.1779 dB] [ET    41 ] [L0 28 24] [L1 30c 32]
POC   31 LId:  0 TId: 5 ( TRAIL, B-SLICE, QP 46 )      19152 bits [Y 29.3026 dB    U 30.6186 dB    V 31.0030 dB] [ET    42 ] [L0 30c 28] [L1 32]

LayerId  0
	Total Frames |  Bitrate      Y-PSNR   U-PSNR   V-PSNR   YUV-PSNR 
	33           a  1568.0970    30.0051  31.3153  31.8458  30.3815  

 finished @ Mon Aug 18 18:10:01 2025
 Total Time:     1965.213 sec. [user]     1965.212 sec. [elapsed]
