
VVCSoftware: VTM Encoder Version 23.11 [Windows][VS 1944][64 bit] [SIMD=AVX2] 

TOOL CFG: IBD:1 HAD:1 RDQ:1 RDQTS:1 LQP:0 SQP:0 ASR:1 MinSearchWindow:96 RestrictMESampling:0 FEN:1 ECU:0 FDM:0 ESD:0 TransformSkip:1 TransformSkipFast:1 TransformSkipLog2MaxSize:5 ChromaTS:1 BDPCM:0 Tiles: 1x1 Slices: 1 MCTS:0 SAO:1 ALF:1 CCALF:1 MaxNumALFAPS 8 AlfapsIDShift 0 ConstantJointCbCrSignFlagWPP:0 WPB:0 PME:2  WaveFrontSynchro:0 WaveFrontSubstreams:1 ScalingList:0 TMVPMode:1  DQ:1  SignBitHidingFlag:0 RecalQP:0 
TOOL CFG: LFNST:1 MMVD:1 Affine:1 AffineType:1 AdaptBypassAffineMe:0 PROF:1 SbTMVP:1 DualITree:1 IMV:1 BIO:1 LMChroma:1 HorCollocatedChroma:1 VerCollocatedChroma:0 MTS:1(explicit intra) SBT:1 ISP:1 SMVD:1 CompositeLTReference:0 Bcw:1 BcwFast:1 LADF:0 CIIP:1 Geo:1 AllowDisFracMMVD:1 AffineAmvr:1 AffineAmvrEncOpt:1 AffineAmvp:1 DMVR:1 MmvdDisNum:6 JointCbCr:1 ACT:0 PLT:0 IBC:0 HashME:0 WrapAround:0 VirtualBoundariesEnabledFlag:0 VirtualBoundariesPresentInSPSFlag:1 vertical virtual boundaries:[ ] horizontal virtual boundaries:[ ] Reshape:1 (Signal:SDR Opt:0 CSoffset:6) MRL:1 MIP:1 EncDbOpt:1 AlfLambdaOpt:0 
FAST TOOL CFG: LCTUFast:1 FastMrg:1 MaxMergeRdCandNumTotal:7 MergeRdCandQuotaRegular:4 MergeRdCandQuotaRegularSmallBlk:4 MergeRdCandQuotaSubBlk:2 MergeRdCandQuotaCiip:1 MergeRdCandQuotaGpm:8 PBIntraFast:1 IMV4PelFast:1 MTSMaxCand: 4(intra) 4(inter) ISPFast:0 FastLFNST:0 AMaxBT:1 E0023FastEnc:1 ContentBasedFastQtbt:0 UseNonLinearAlfLuma:1 UseNonLinearAlfChroma:1 MaxNumAlfAlternativesChroma:8 FastMIP:0 TTFastSkip:31 TTFastSkipThr:1.075 FastLocalDualTree:1 RPR:0 TemporalFilter:4/4 SEI CTI:0 BIM:0 SEI FGC:0 SEI processing Order:0 DPF:0 


 started @ Mon Aug 18 21:57:55 2025
POC    0 LId:  0 TId: 0 ( IDR_N_LP, I-SLICE, QP 19 )     143960 bits [Y 45.2791 dB    U 47.7721 dB    V 48.0001 dB] [ET    36 ] [L0] [L1]
POC   32 LId:  0 TId: 0 ( TRAIL, B-SLICE, QP 21 )      60968 bits [Y 44.6690 dB    U 47.0541 dB    V 46.9634 dB] [ET    38 ] [L0 0] [L1 0c]
POC   16 LId:  0 TId: 1 ( STSA, B-SLICE, QP 22 )      34560 bits [Y 44.1347 dB    U 46.4403 dB    V 46.6179 dB] [ET    23 ] [L0 0 32] [L1 32c]
POC    8 LId:  0 TId: 2 ( TRAIL, B-SLICE, QP 23 )      25816 bits [Y 43.9572 dB    U 46.4549 dB    V 46.4642 dB] [ET    19 ] [L0 0 16 32] [L1 16c 32]
POC    4 LId:  0 TId: 3 ( TRAIL, B-SLICE, QP 26 )      16008 bits [Y 43.1640 dB    U 46.1192 dB    V 45.5944 dB] [ET    17 ] [L0 0 8 16] [L1 8c 16 32]
POC    2 LId:  0 TId: 4 ( TRAIL, B-SLICE, QP 28 )       7408 bits [Y 42.7933 dB    U 46.4373 dB    V 45.8036 dB] [ET    11 ] [L0 0 4 8] [L1 4c 8 16 32]
POC    1 LId:  0 TId: 5 ( TRAIL, B-SLICE, QP 29 )       3112 bits [Y 42.8937 dB    U 46.7721 dB    V 46.4891 dB] [ET     6 ] [L0 0] [L1 2c 4]
POC    3 LId:  0 TId: 5 ( TRAIL, B-SLICE, QP 29 )       3136 bits [Y 42.2925 dB    U 45.9682 dB    V 45.1977 dB] [ET     6 ] [L0 2c 0] [L1 4 8]
POC    6 LId:  0 TId: 4 ( TRAIL, B-SLICE, QP 28 )       8600 bits [Y 42.3337 dB    U 45.9095 dB    V 45.2428 dB] [ET    11 ] [L0 4c 2 0] [L1 8 16 32]
POC    5 LId:  0 TId: 5 ( TRAIL, B-SLICE, QP 29 )       2864 bits [Y 42.1696 dB    U 45.8079 dB    V 45.1175 dB] [ET     7 ] [L0 4 0] [L1 6c 8]
POC    7 LId:  0 TId: 5 ( TRAIL, B-SLICE, QP 29 )       3552 bits [Y 42.3515 dB    U 45.8814 dB    V 45.4692 dB] [ET     6 ] [L0 6c 4] [L1 8 16]
POC   12 LId:  0 TId: 3 ( TRAIL, B-SLICE, QP 26 )      15768 bits [Y 43.1623 dB    U 46.0269 dB    V 45.7283 dB] [ET    14 ] [L0 8c 4 0] [L1 16 32]
POC   10 LId:  0 TId: 4 ( TRAIL, B-SLICE, QP 28 )       7928 bits [Y 42.5398 dB    U 45.9634 dB    V 45.4752 dB] [ET    11 ] [L0 8 6 4 0] [L1 12c 16 32]
POC    9 LId:  0 TId: 5 ( TRAIL, B-SLICE, QP 29 )       3856 bits [Y 42.3605 dB    U 46.0539 dB    V 45.8495 dB] [ET     6 ] [L0 8 4] [L1 10c 12]
POC   11 LId:  0 TId: 5 ( TRAIL, B-SLICE, QP 29 )       3608 bits [Y 42.1851 dB    U 45.8656 dB    V 45.5413 dB] [ET     5 ] [L0 10c 8] [L1 12 16]
POC   14 LId:  0 TId: 4 ( TRAIL, B-SLICE, QP 28 )       7040 bits [Y 42.6481 dB    U 46.0414 dB    V 45.8323 dB] [ET    10 ] [L0 12c 10 8 0] [L1 16 32]
POC   13 LId:  0 TId: 5 ( TRAIL, B-SLICE, QP 29 )       2720 bits [Y 42.3470 dB    U 45.9248 dB    V 45.5811 dB] [ET     6 ] [L0 12 8] [L1 14c 16]
POC   15 LId:  0 TId: 5 ( TRAIL, B-SLICE, QP 29 )       2176 bits [Y 42.7412 dB    U 46.1478 dB    V 46.0504 dB] [ET     5 ] [L0 14c 12] [L1 16 32]
POC   24 LId:  0 TId: 2 ( TRAIL, B-SLICE, QP 23 )      27288 bits [Y 43.7858 dB    U 46.2893 dB    V 46.3414 dB] [ET    14 ] [L0 16c 8 0] [L1 32]
POC   20 LId:  0 TId: 3 ( TRAIL, B-SLICE, QP 26 )      15096 bits [Y 43.0986 dB    U 45.9321 dB    V 45.4003 dB] [ET    13 ] [L0 16 8 0] [L1 24c 32]
POC   18 LId:  0 TId: 4 ( TRAIL, B-SLICE, QP 28 )       6800 bits [Y 42.4319 dB    U 45.9802 dB    V 45.5863 dB] [ET    11 ] [L0 16 8 0] [L1 20c 24 32]
POC   17 LId:  0 TId: 5 ( TRAIL, B-SLICE, QP 29 )       2096 bits [Y 42.5577 dB    U 46.1436 dB    V 45.6980 dB] [ET     6 ] [L0 16 8] [L1 18c 20]
POC   19 LId:  0 TId: 5 ( TRAIL, B-SLICE, QP 29 )       2016 bits [Y 42.2284 dB    U 45.9040 dB    V 45.2835 dB] [ET     6 ] [L0 18c 16] [L1 20 24]
POC   22 LId:  0 TId: 4 ( TRAIL, B-SLICE, QP 28 )       6736 bits [Y 42.4078 dB    U 45.8784 dB    V 45.2293 dB] [ET     9 ] [L0 20c 16 0] [L1 24 32 18]
POC   21 LId:  0 TId: 5 ( TRAIL, B-SLICE, QP 29 )       1856 bits [Y 42.1666 dB    U 45.8450 dB    V 45.2360 dB] [ET     7 ] [L0 20 16] [L1 22c 24]
POC   23 LId:  0 TId: 5 ( TRAIL, B-SLICE, QP 29 )       1936 bits [Y 42.4698 dB    U 46.0854 dB    V 45.4701 dB] [ET     6 ] [L0 22c 20] [L1 24 32]
POC   28 LId:  0 TId: 3 ( TRAIL, B-SLICE, QP 26 )      15544 bits [Y 43.0441 dB    U 46.2013 dB    V 45.6821 dB] [ET    14 ] [L0 24c 20 16 0] [L1 32]
POC   26 LId:  0 TId: 4 ( TRAIL, B-SLICE, QP 28 )       6336 bits [Y 42.3621 dB    U 46.0172 dB    V 45.2733 dB] [ET    10 ] [L0 24 20 16 0] [L1 28c 32]
POC   25 LId:  0 TId: 5 ( TRAIL, B-SLICE, QP 29 )       1968 bits [Y 42.3551 dB    U 46.2314 dB    V 45.6425 dB] [ET     5 ] [L0 24 20] [L1 26c 28]
POC   27 LId:  0 TId: 5 ( TRAIL, B-SLICE, QP 29 )       2336 bits [Y 42.1143 dB    U 46.0759 dB    V 44.9708 dB] [ET     7 ] [L0 26c 24] [L1 28 32]
POC   30 LId:  0 TId: 4 ( TRAIL, B-SLICE, QP 28 )       6832 bits [Y 42.5409 dB    U 46.2747 dB    V 45.3585 dB] [ET     9 ] [L0 28c 24 16 0] [L1 32]
POC   29 LId:  0 TId: 5 ( TRAIL, B-SLICE, QP 29 )       2808 bits [Y 42.2329 dB    U 46.1597 dB    V 45.2132 dB] [ET     7 ] [L0 28 24] [L1 30c 32]
POC   31 LId:  0 TId: 5 ( TRAIL, B-SLICE, QP 29 )       2888 bits [Y 42.7288 dB    U 46.4212 dB    V 45.5967 dB] [ET     6 ] [L0 30c 28] [L1 32]

LayerId  0
	Total Frames |  Bitrate      Y-PSNR   U-PSNR   V-PSNR   YUV-PSNR 
	33           a  690.3273     42.8045  46.1842  45.7273  43.5702  

 finished @ Mon Aug 18 22:04:05 2025
 Total Time:      369.872 sec. [user]      369.872 sec. [elapsed]
