
VVCSoftware: VTM Encoder Version 23.11 [Windows][VS 1944][64 bit] [SIMD=AVX2] 

TOOL CFG: IBD:1 HAD:1 RDQ:1 RDQTS:1 LQP:0 SQP:0 ASR:1 MinSearchWindow:96 RestrictMESampling:0 FEN:1 ECU:0 FDM:1 ESD:0 TransformSkip:1 TransformSkipFast:1 TransformSkipLog2MaxSize:5 ChromaTS:1 BDPCM:0 Tiles: 1x1 Slices: 1 MCTS:0 SAO:1 ALF:0 CCALF:0 MaxNumALFAPS 8 AlfapsIDShift 0 ConstantJointCbCrSignFlagWPP:0 WPB:0 PME:2  WaveFrontSynchro:0 WaveFrontSubstreams:1 ScalingList:0 TMVPMode:1  DQ:1  SignBitHidingFlag:0 RecalQP:0 
TOOL CFG: LFNST:1 MMVD:1 Affine:1 AffineType:1 AdaptBypassAffineMe:0 PROF:1 SbTMVP:1 DualITree:1 IMV:1 BIO:1 LMChroma:1 HorCollocatedChroma:1 VerCollocatedChroma:0 MTS:1(explicit intra) SBT:1 ISP:1 SMVD:1 CompositeLTReference:0 Bcw:1 BcwFast:1 LADF:0 CIIP:1 Geo:1 AllowDisFracMMVD:1 AffineAmvr:1 AffineAmvrEncOpt:1 AffineAmvp:1 DMVR:1 MmvdDisNum:6 JointCbCr:1 ACT:0 PLT:0 IBC:0 HashME:0 WrapAround:0 VirtualBoundariesEnabledFlag:0 VirtualBoundariesPresentInSPSFlag:1 vertical virtual boundaries:[ ] horizontal virtual boundaries:[ ] Reshape:1 (Signal:SDR Opt:0 CSoffset:6) MRL:1 MIP:1 EncDbOpt:1 AlfLambdaOpt:0 
FAST TOOL CFG: LCTUFast:1 FastMrg:1 MaxMergeRdCandNumTotal:7 MergeRdCandQuotaRegular:4 MergeRdCandQuotaRegularSmallBlk:4 MergeRdCandQuotaSubBlk:2 MergeRdCandQuotaCiip:1 MergeRdCandQuotaGpm:8 PBIntraFast:1 IMV4PelFast:1 MTSMaxCand: 4(intra) 4(inter) ISPFast:0 FastLFNST:0 AMaxBT:1 E0023FastEnc:1 ContentBasedFastQtbt:0 UseNonLinearAlfLuma:1 UseNonLinearAlfChroma:1 MaxNumAlfAlternativesChroma:8 FastMIP:0 TTFastSkip:31 TTFastSkipThr:1.075 FastLocalDualTree:1 RPR:0 TemporalFilter:4/4 SEI CTI:0 BIM:0 SEI FGC:0 SEI processing Order:0 DPF:0 


 started @ Mon Aug 18 17:32:05 2025
POC    0 LId:  0 TId: 0 ( IDR_N_LP, I-SLICE, QP 29 )      89696 bits [Y 36.2710 dB    U 38.4344 dB    V 40.5589 dB] [ET    22 ] [L0] [L1]
POC   32 LId:  0 TId: 0 ( TRAIL, B-SLICE, QP 31 )      46472 bits [Y 35.0316 dB    U 38.2707 dB    V 39.0979 dB] [ET    63 ] [L0 0] [L1 0c]
POC   16 LId:  0 TId: 1 ( STSA, B-SLICE, QP 34 )      16736 bits [Y 33.1831 dB    U 36.7753 dB    V 39.2429 dB] [ET    27 ] [L0 0 32] [L1 32c]
POC    8 LId:  0 TId: 2 ( TRAIL, B-SLICE, QP 35 )      10192 bits [Y 33.2550 dB    U 37.4811 dB    V 39.4924 dB] [ET    22 ] [L0 0 16 32] [L1 16c 32]
POC    4 LId:  0 TId: 3 ( TRAIL, B-SLICE, QP 38 )       3632 bits [Y 33.1096 dB    U 37.7362 dB    V 39.6975 dB] [ET    14 ] [L0 0 8 16] [L1 8c 16 32]
POC    2 LId:  0 TId: 4 ( TRAIL, B-SLICE, QP 40 )       1920 bits [Y 33.5404 dB    U 37.9785 dB    V 40.0146 dB] [ET     8 ] [L0 0 4 8] [L1 4c 8 16 32]
POC    1 LId:  0 TId: 5 ( TRAIL, B-SLICE, QP 41 )        784 bits [Y 34.4462 dB    U 38.0495 dB    V 40.2409 dB] [ET     2 ] [L0 0] [L1 2c 4]
POC    3 LId:  0 TId: 5 ( TRAIL, B-SLICE, QP 41 )        688 bits [Y 33.0327 dB    U 37.7550 dB    V 39.7655 dB] [ET     2 ] [L0 2c 0] [L1 4 8]
POC    6 LId:  0 TId: 4 ( TRAIL, B-SLICE, QP 40 )       1552 bits [Y 32.6034 dB    U 37.4022 dB    V 39.2118 dB] [ET     6 ] [L0 4c 2 0] [L1 8 16 32]
POC    5 LId:  0 TId: 5 ( TRAIL, B-SLICE, QP 41 )        608 bits [Y 32.6989 dB    U 37.5047 dB    V 39.3061 dB] [ET     2 ] [L0 4 0] [L1 6c 8]
POC    7 LId:  0 TId: 5 ( TRAIL, B-SLICE, QP 41 )        528 bits [Y 32.7133 dB    U 37.4006 dB    V 39.3748 dB] [ET     2 ] [L0 6c 4] [L1 8 16]
POC   12 LId:  0 TId: 3 ( TRAIL, B-SLICE, QP 38 )       3728 bits [Y 32.4937 dB    U 37.1905 dB    V 39.6861 dB] [ET    12 ] [L0 8c 4 0] [L1 16 32]
POC   10 LId:  0 TId: 4 ( TRAIL, B-SLICE, QP 40 )       1344 bits [Y 32.4075 dB    U 37.2493 dB    V 39.5794 dB] [ET     6 ] [L0 8 6 4 0] [L1 12c 16 32]
POC    9 LId:  0 TId: 5 ( TRAIL, B-SLICE, QP 41 )        464 bits [Y 32.6375 dB    U 37.3366 dB    V 39.5762 dB] [ET     2 ] [L0 8 4] [L1 10c 12]
POC   11 LId:  0 TId: 5 ( TRAIL, B-SLICE, QP 41 )        512 bits [Y 32.2268 dB    U 37.1775 dB    V 39.6039 dB] [ET     2 ] [L0 10c 8] [L1 12 16]
POC   14 LId:  0 TId: 4 ( TRAIL, B-SLICE, QP 40 )       1536 bits [Y 32.3099 dB    U 36.7971 dB    V 39.2949 dB] [ET     5 ] [L0 12c 10 8 0] [L1 16 32]
POC   13 LId:  0 TId: 5 ( TRAIL, B-SLICE, QP 41 )        592 bits [Y 32.2322 dB    U 36.8530 dB    V 39.4446 dB] [ET     2 ] [L0 12 8] [L1 14c 16]
POC   15 LId:  0 TId: 5 ( TRAIL, B-SLICE, QP 41 )        744 bits [Y 32.4929 dB    U 36.9255 dB    V 39.2650 dB] [ET     2 ] [L0 14c 12] [L1 16 32]
POC   24 LId:  0 TId: 2 ( TRAIL, B-SLICE, QP 35 )      12096 bits [Y 32.9173 dB    U 36.6256 dB    V 38.8794 dB] [ET    20 ] [L0 16c 8 0] [L1 32]
POC   20 LId:  0 TId: 3 ( TRAIL, B-SLICE, QP 38 )       4896 bits [Y 32.0868 dB    U 36.2137 dB    V 38.9541 dB] [ET    14 ] [L0 16 8 0] [L1 24c 32]
POC   18 LId:  0 TId: 4 ( TRAIL, B-SLICE, QP 40 )       1800 bits [Y 32.1844 dB    U 36.7197 dB    V 39.1988 dB] [ET     6 ] [L0 16 8 0] [L1 20c 24 32]
POC   17 LId:  0 TId: 5 ( TRAIL, B-SLICE, QP 41 )        632 bits [Y 32.4691 dB    U 36.8235 dB    V 39.3239 dB] [ET     2 ] [L0 16 8] [L1 18c 20]
POC   19 LId:  0 TId: 5 ( TRAIL, B-SLICE, QP 41 )        808 bits [Y 31.9079 dB    U 36.5241 dB    V 39.0850 dB] [ET     2 ] [L0 18c 16] [L1 20 24]
POC   22 LId:  0 TId: 4 ( TRAIL, B-SLICE, QP 40 )       1840 bits [Y 31.7560 dB    U 36.0932 dB    V 38.9466 dB] [ET     7 ] [L0 20c 16 0] [L1 24 32 18]
POC   21 LId:  0 TId: 5 ( TRAIL, B-SLICE, QP 41 )        656 bits [Y 31.6461 dB    U 36.2462 dB    V 39.0885 dB] [ET     2 ] [L0 20 16] [L1 22c 24]
POC   23 LId:  0 TId: 5 ( TRAIL, B-SLICE, QP 41 )        784 bits [Y 32.0538 dB    U 36.6300 dB    V 39.1796 dB] [ET     3 ] [L0 22c 20] [L1 24 32]
POC   28 LId:  0 TId: 3 ( TRAIL, B-SLICE, QP 38 )       7752 bits [Y 32.3566 dB    U 36.8141 dB    V 38.0921 dB] [ET    19 ] [L0 24c 20 16 0] [L1 32]
POC   26 LId:  0 TId: 4 ( TRAIL, B-SLICE, QP 40 )       3768 bits [Y 32.0053 dB    U 36.6568 dB    V 38.7709 dB] [ET    10 ] [L0 24 20 16 0] [L1 28c 32]
POC   25 LId:  0 TId: 5 ( TRAIL, B-SLICE, QP 41 )       1632 bits [Y 32.1267 dB    U 36.7816 dB    V 39.0688 dB] [ET     5 ] [L0 24 20] [L1 26c 28]
POC   27 LId:  0 TId: 5 ( TRAIL, B-SLICE, QP 41 )       2352 bits [Y 31.6827 dB    U 36.6515 dB    V 38.4600 dB] [ET     6 ] [L0 26c 24] [L1 28 32]
POC   30 LId:  0 TId: 4 ( TRAIL, B-SLICE, QP 40 )       4456 bits [Y 32.0472 dB    U 37.2805 dB    V 38.3390 dB] [ET    12 ] [L0 28c 24 16 0] [L1 32]
POC   29 LId:  0 TId: 5 ( TRAIL, B-SLICE, QP 41 )       2400 bits [Y 31.5505 dB    U 36.9838 dB    V 38.2844 dB] [ET     7 ] [L0 28 24] [L1 30c 32]
POC   31 LId:  0 TId: 5 ( TRAIL, B-SLICE, QP 41 )       2616 bits [Y 32.4366 dB    U 37.4813 dB    V 38.3326 dB] [ET     6 ] [L0 30c 28] [L1 32]

LayerId  0
	Total Frames |  Bitrate      Y-PSNR   U-PSNR   V-PSNR   YUV-PSNR 
	33           a  348.8121     32.6640  37.1165  39.2260  33.7508  

 finished @ Mon Aug 18 17:37:33 2025
 Total Time:      324.123 sec. [user]      324.124 sec. [elapsed]
