
VVCSoftware: VTM Encoder Version 23.11 [Windows][VS 1944][64 bit] [SIMD=AVX2] 

TOOL CFG: IBD:1 HAD:1 RDQ:0 RDQTS:0 LQP:0 SQP:0 ASR:1 MinSearchWindow:96 RestrictMESampling:0 FEN:1 ECU:0 FDM:1 ESD:0 TransformSkip:1 TransformSkipFast:1 TransformSkipLog2MaxSize:5 ChromaTS:1 BDPCM:0 Tiles: 1x1 Slices: 1 MCTS:0 SAO:1 ALF:1 CCALF:1 MaxNumALFAPS 8 AlfapsIDShift 0 ConstantJointCbCrSignFlagWPP:0 WPB:0 PME:2  WaveFrontSynchro:0 WaveFrontSubstreams:1 ScalingList:0 TMVPMode:1  DQ:0  SignBitHidingFlag:0 RecalQP:0 
TOOL CFG: LFNST:1 MMVD:1 Affine:1 AffineType:1 AdaptBypassAffineMe:0 PROF:1 SbTMVP:1 DualITree:1 IMV:1 BIO:1 LMChroma:1 HorCollocatedChroma:1 VerCollocatedChroma:0 MTS:1(explicit intra) SBT:1 ISP:1 SMVD:1 CompositeLTReference:0 Bcw:1 BcwFast:1 LADF:0 CIIP:1 Geo:1 AllowDisFracMMVD:1 AffineAmvr:1 AffineAmvrEncOpt:1 AffineAmvp:1 DMVR:1 MmvdDisNum:6 JointCbCr:1 ACT:0 PLT:0 IBC:0 HashME:0 WrapAround:0 VirtualBoundariesEnabledFlag:0 VirtualBoundariesPresentInSPSFlag:1 vertical virtual boundaries:[ ] horizontal virtual boundaries:[ ] Reshape:1 (Signal:SDR Opt:0 CSoffset:6) MRL:1 MIP:1 EncDbOpt:1 AlfLambdaOpt:0 
FAST TOOL CFG: LCTUFast:1 FastMrg:1 MaxMergeRdCandNumTotal:7 MergeRdCandQuotaRegular:4 MergeRdCandQuotaRegularSmallBlk:4 MergeRdCandQuotaSubBlk:2 MergeRdCandQuotaCiip:1 MergeRdCandQuotaGpm:8 PBIntraFast:1 IMV4PelFast:1 MTSMaxCand: 4(intra) 4(inter) ISPFast:0 FastLFNST:0 AMaxBT:1 E0023FastEnc:1 ContentBasedFastQtbt:0 UseNonLinearAlfLuma:1 UseNonLinearAlfChroma:1 MaxNumAlfAlternativesChroma:8 FastMIP:0 TTFastSkip:31 TTFastSkipThr:1.075 FastLocalDualTree:1 RPR:0 TemporalFilter:4/4 SEI CTI:0 BIM:0 SEI FGC:0 SEI processing Order:0 DPF:0 


 started @ Mon Aug 18 18:26:06 2025
POC    0 LId:  0 TId: 0 ( IDR_N_LP, I-SLICE, QP 34 )     150112 bits [Y 37.6475 dB    U 42.4344 dB    V 42.7293 dB] [ET    58 ] [L0] [L1]
POC   32 LId:  0 TId: 0 ( TRAIL, B-SLICE, QP 36 )     115904 bits [Y 36.9588 dB    U 41.6547 dB    V 41.6993 dB] [ET   294 ] [L0 0] [L1 0c]
POC   16 LId:  0 TId: 1 ( STSA, B-SLICE, QP 40 )      45648 bits [Y 36.5573 dB    U 42.0511 dB    V 41.8146 dB] [ET   171 ] [L0 0 32] [L1 32c]
POC    8 LId:  0 TId: 2 ( TRAIL, B-SLICE, QP 41 )      34968 bits [Y 36.3318 dB    U 41.9985 dB    V 41.6903 dB] [ET   149 ] [L0 0 16 32] [L1 16c 32]
POC    4 LId:  0 TId: 3 ( TRAIL, B-SLICE, QP 43 )      22720 bits [Y 36.2086 dB    U 41.9112 dB    V 41.6108 dB] [ET   119 ] [L0 0 8 16] [L1 8c 16 32]
POC    2 LId:  0 TId: 4 ( TRAIL, B-SLICE, QP 45 )      12808 bits [Y 36.1073 dB    U 41.9239 dB    V 41.4197 dB] [ET    81 ] [L0 0 4 8] [L1 4c 8 16 32]
POC    1 LId:  0 TId: 5 ( TRAIL, B-SLICE, QP 46 )       7008 bits [Y 36.3001 dB    U 42.1123 dB    V 41.7171 dB] [ET    37 ] [L0 0] [L1 2c 4]
POC    3 LId:  0 TId: 5 ( TRAIL, B-SLICE, QP 46 )       7288 bits [Y 35.8585 dB    U 41.8582 dB    V 41.0896 dB] [ET    40 ] [L0 2c 0] [L1 4 8]
POC    6 LId:  0 TId: 4 ( TRAIL, B-SLICE, QP 45 )      14152 bits [Y 35.6195 dB    U 41.7968 dB    V 41.0326 dB] [ET    81 ] [L0 4c 2 0] [L1 8 16 32]
POC    5 LId:  0 TId: 5 ( TRAIL, B-SLICE, QP 46 )       7240 bits [Y 35.5892 dB    U 41.8102 dB    V 40.9724 dB] [ET    42 ] [L0 4 0] [L1 6c 8]
POC    7 LId:  0 TId: 5 ( TRAIL, B-SLICE, QP 46 )       7048 bits [Y 35.5647 dB    U 41.8753 dB    V 41.0902 dB] [ET    45 ] [L0 6c 4] [L1 8 16]
POC   12 LId:  0 TId: 3 ( TRAIL, B-SLICE, QP 43 )      19616 bits [Y 36.1501 dB    U 41.9446 dB    V 41.6120 dB] [ET   103 ] [L0 8c 4 0] [L1 16 32]
POC   10 LId:  0 TId: 4 ( TRAIL, B-SLICE, QP 45 )      11624 bits [Y 35.7634 dB    U 41.8350 dB    V 41.1857 dB] [ET    83 ] [L0 8 6 4 0] [L1 12c 16 32]
POC    9 LId:  0 TId: 5 ( TRAIL, B-SLICE, QP 46 )       6704 bits [Y 35.6875 dB    U 41.8623 dB    V 41.0976 dB] [ET    43 ] [L0 8 4] [L1 10c 12]
POC   11 LId:  0 TId: 5 ( TRAIL, B-SLICE, QP 46 )       5416 bits [Y 35.7171 dB    U 41.8748 dB    V 41.2275 dB] [ET    42 ] [L0 10c 8] [L1 12 16]
POC   14 LId:  0 TId: 4 ( TRAIL, B-SLICE, QP 45 )       9304 bits [Y 35.9197 dB    U 41.8443 dB    V 41.4694 dB] [ET    67 ] [L0 12c 10 8 0] [L1 16 32]
POC   13 LId:  0 TId: 5 ( TRAIL, B-SLICE, QP 46 )       4248 bits [Y 35.7854 dB    U 41.8271 dB    V 41.4126 dB] [ET    34 ] [L0 12 8] [L1 14c 16]
POC   15 LId:  0 TId: 5 ( TRAIL, B-SLICE, QP 46 )       3976 bits [Y 35.9379 dB    U 41.9026 dB    V 41.4994 dB] [ET    36 ] [L0 14c 12] [L1 16 32]
POC   24 LId:  0 TId: 2 ( TRAIL, B-SLICE, QP 41 )      37640 bits [Y 36.1504 dB    U 41.4564 dB    V 41.4056 dB] [ET   159 ] [L0 16c 8 0] [L1 32]
POC   20 LId:  0 TId: 3 ( TRAIL, B-SLICE, QP 43 )      20408 bits [Y 36.0491 dB    U 41.7193 dB    V 41.6814 dB] [ET   115 ] [L0 16 8 0] [L1 24c 32]
POC   18 LId:  0 TId: 4 ( TRAIL, B-SLICE, QP 45 )       9592 bits [Y 35.8079 dB    U 41.6751 dB    V 41.3744 dB] [ET    69 ] [L0 16 8 0] [L1 20c 24 32]
POC   17 LId:  0 TId: 5 ( TRAIL, B-SLICE, QP 46 )       4208 bits [Y 35.9214 dB    U 41.8487 dB    V 41.3993 dB] [ET    33 ] [L0 16 8] [L1 18c 20]
POC   19 LId:  0 TId: 5 ( TRAIL, B-SLICE, QP 46 )       4088 bits [Y 35.6701 dB    U 41.5907 dB    V 41.3849 dB] [ET    33 ] [L0 18c 16] [L1 20 24]
POC   22 LId:  0 TId: 4 ( TRAIL, B-SLICE, QP 45 )      10848 bits [Y 35.6719 dB    U 41.4594 dB    V 41.2143 dB] [ET    80 ] [L0 20c 16 0] [L1 24 32 18]
POC   21 LId:  0 TId: 5 ( TRAIL, B-SLICE, QP 46 )       4752 bits [Y 35.5800 dB    U 41.4735 dB    V 41.2241 dB] [ET    37 ] [L0 20 16] [L1 22c 24]
POC   23 LId:  0 TId: 5 ( TRAIL, B-SLICE, QP 46 )       5392 bits [Y 35.6063 dB    U 41.3943 dB    V 41.2119 dB] [ET    39 ] [L0 22c 20] [L1 24 32]
POC   28 LId:  0 TId: 3 ( TRAIL, B-SLICE, QP 43 )      26888 bits [Y 35.5136 dB    U 41.2140 dB    V 40.9501 dB] [ET   132 ] [L0 24c 20 16 0] [L1 32]
POC   26 LId:  0 TId: 4 ( TRAIL, B-SLICE, QP 45 )      12664 bits [Y 35.2449 dB    U 41.1938 dB    V 40.9581 dB] [ET    82 ] [L0 24 20 16 0] [L1 28c 32]
POC   25 LId:  0 TId: 5 ( TRAIL, B-SLICE, QP 46 )       5856 bits [Y 35.3278 dB    U 41.3039 dB    V 41.0110 dB] [ET    39 ] [L0 24 20] [L1 26c 28]
POC   27 LId:  0 TId: 5 ( TRAIL, B-SLICE, QP 46 )       6336 bits [Y 35.0512 dB    U 41.1781 dB    V 40.7667 dB] [ET    44 ] [L0 26c 24] [L1 28 32]
POC   30 LId:  0 TId: 4 ( TRAIL, B-SLICE, QP 45 )      12832 bits [Y 35.3643 dB    U 41.3089 dB    V 41.0353 dB] [ET    78 ] [L0 28c 24 16 0] [L1 32]
POC   29 LId:  0 TId: 5 ( TRAIL, B-SLICE, QP 46 )       5920 bits [Y 35.0739 dB    U 41.2145 dB    V 40.6837 dB] [ET    40 ] [L0 28 24] [L1 30c 32]
POC   31 LId:  0 TId: 5 ( TRAIL, B-SLICE, QP 46 )       5712 bits [Y 35.6367 dB    U 41.4668 dB    V 41.2510 dB] [ET    34 ] [L0 30c 28] [L1 32]

LayerId  0
	Total Frames |  Bitrate      Y-PSNR   U-PSNR   V-PSNR   YUV-PSNR 
	33           a  998.3636     35.8598  41.6974  41.3310  37.0400  

 finished @ Mon Aug 18 19:08:27 2025
 Total Time:     2541.617 sec. [user]     2541.617 sec. [elapsed]
