
VVCSoftware: VTM Encoder Version 23.11 [Windows][VS 1944][64 bit] [SIMD=AVX2] 

TOOL CFG: IBD:1 HAD:1 RDQ:1 RDQTS:1 LQP:0 SQP:0 ASR:1 MinSearchWindow:96 RestrictMESampling:0 FEN:1 ECU:0 FDM:1 ESD:0 TransformSkip:1 TransformSkipFast:1 TransformSkipLog2MaxSize:5 ChromaTS:1 BDPCM:0 Tiles: 1x1 Slices: 1 MCTS:0 SAO:1 ALF:1 CCALF:1 MaxNumALFAPS 8 AlfapsIDShift 0 ConstantJointCbCrSignFlagWPP:0 WPB:0 PME:2  WaveFrontSynchro:0 WaveFrontSubstreams:1 ScalingList:0 TMVPMode:1  DQ:1  SignBitHidingFlag:0 RecalQP:0 
TOOL CFG: LFNST:1 MMVD:1 Affine:1 AffineType:1 AdaptBypassAffineMe:0 PROF:1 SbTMVP:1 DualITree:1 IMV:1 BIO:1 LMChroma:1 HorCollocatedChroma:1 VerCollocatedChroma:0 MTS:1(explicit intra) SBT:1 ISP:1 SMVD:1 CompositeLTReference:0 Bcw:1 BcwFast:1 LADF:0 CIIP:1 Geo:1 AllowDisFracMMVD:1 AffineAmvr:1 AffineAmvrEncOpt:1 AffineAmvp:1 DMVR:1 MmvdDisNum:6 JointCbCr:1 ACT:0 PLT:0 IBC:0 HashME:0 WrapAround:0 VirtualBoundariesEnabledFlag:0 VirtualBoundariesPresentInSPSFlag:1 vertical virtual boundaries:[ ] horizontal virtual boundaries:[ ] Reshape:1 (Signal:SDR Opt:0 CSoffset:6) MRL:1 MIP:1 EncDbOpt:1 AlfLambdaOpt:0 
FAST TOOL CFG: LCTUFast:0 FastMrg:1 MaxMergeRdCandNumTotal:7 MergeRdCandQuotaRegular:4 MergeRdCandQuotaRegularSmallBlk:4 MergeRdCandQuotaSubBlk:2 MergeRdCandQuotaCiip:1 MergeRdCandQuotaGpm:8 PBIntraFast:1 IMV4PelFast:1 MTSMaxCand: 4(intra) 4(inter) ISPFast:0 FastLFNST:0 AMaxBT:1 E0023FastEnc:1 ContentBasedFastQtbt:0 UseNonLinearAlfLuma:1 UseNonLinearAlfChroma:1 MaxNumAlfAlternativesChroma:8 FastMIP:0 TTFastSkip:31 TTFastSkipThr:1.075 FastLocalDualTree:1 RPR:0 TemporalFilter:4/4 SEI CTI:0 BIM:0 SEI FGC:0 SEI processing Order:0 DPF:0 


 started @ Tue Aug 19 00:22:20 2025
POC    0 LId:  0 TId: 0 ( IDR_N_LP, I-SLICE, QP 24 )     514608 bits [Y 39.9312 dB    U 40.0168 dB    V 40.1852 dB] [ET   120 ] [L0] [L1]
POC   32 LId:  0 TId: 0 ( TRAIL, B-SLICE, QP 26 )     302256 bits [Y 38.9450 dB    U 39.2904 dB    V 39.6431 dB] [ET   186 ] [L0 0] [L1 0c]
POC   16 LId:  0 TId: 1 ( STSA, B-SLICE, QP 28 )     212640 bits [Y 38.1572 dB    U 38.4986 dB    V 38.9571 dB] [ET   169 ] [L0 0 32] [L1 32c]
POC    8 LId:  0 TId: 2 ( TRAIL, B-SLICE, QP 29 )     195800 bits [Y 37.8536 dB    U 38.0504 dB    V 38.5266 dB] [ET   172 ] [L0 0 16 32] [L1 16c 32]
POC    4 LId:  0 TId: 3 ( TRAIL, B-SLICE, QP 32 )     128816 bits [Y 37.5469 dB    U 37.1557 dB    V 37.3834 dB] [ET   133 ] [L0 0 8 16] [L1 8c 16 32]
POC    2 LId:  0 TId: 4 ( TRAIL, B-SLICE, QP 34 )      79928 bits [Y 37.0195 dB    U 36.6878 dB    V 37.0918 dB] [ET   105 ] [L0 0 4 8] [L1 4c 8 16 32]
POC    1 LId:  0 TId: 5 ( TRAIL, B-SLICE, QP 36 )      55672 bits [Y 36.1584 dB    U 36.1250 dB    V 36.7639 dB] [ET    69 ] [L0 0] [L1 2c 4]
POC    3 LId:  0 TId: 5 ( TRAIL, B-SLICE, QP 36 )      63064 bits [Y 35.9748 dB    U 35.9950 dB    V 36.0600 dB] [ET    71 ] [L0 2c 0] [L1 4 8]
POC    6 LId:  0 TId: 4 ( TRAIL, B-SLICE, QP 34 )     110664 bits [Y 36.2369 dB    U 35.7979 dB    V 36.0152 dB] [ET   120 ] [L0 4c 2 0] [L1 8 16 32]
POC    5 LId:  0 TId: 5 ( TRAIL, B-SLICE, QP 36 )      75128 bits [Y 35.4215 dB    U 35.4283 dB    V 35.4893 dB] [ET    81 ] [L0 4 0] [L1 6c 8]
POC    7 LId:  0 TId: 5 ( TRAIL, B-SLICE, QP 36 )      78984 bits [Y 35.1524 dB    U 35.2336 dB    V 35.4075 dB] [ET    89 ] [L0 6c 4] [L1 8 16]
POC   12 LId:  0 TId: 3 ( TRAIL, B-SLICE, QP 32 )     135544 bits [Y 37.3061 dB    U 36.9308 dB    V 37.3524 dB] [ET   127 ] [L0 8c 4 0] [L1 16 32]
POC   10 LId:  0 TId: 4 ( TRAIL, B-SLICE, QP 34 )      94256 bits [Y 36.4609 dB    U 35.8119 dB    V 36.3849 dB] [ET   111 ] [L0 8 6 4 0] [L1 12c 16 32]
POC    9 LId:  0 TId: 5 ( TRAIL, B-SLICE, QP 36 )      71352 bits [Y 35.4249 dB    U 35.5592 dB    V 35.8146 dB] [ET    83 ] [L0 8 4] [L1 10c 12]
POC   11 LId:  0 TId: 5 ( TRAIL, B-SLICE, QP 36 )      75032 bits [Y 35.5545 dB    U 35.3884 dB    V 35.7474 dB] [ET    81 ] [L0 10c 8] [L1 12 16]
POC   14 LId:  0 TId: 4 ( TRAIL, B-SLICE, QP 34 )     111592 bits [Y 36.3016 dB    U 35.8380 dB    V 36.1073 dB] [ET   115 ] [L0 12c 10 8 0] [L1 16 32]
POC   13 LId:  0 TId: 5 ( TRAIL, B-SLICE, QP 36 )      76680 bits [Y 35.2240 dB    U 35.0531 dB    V 35.3308 dB] [ET    80 ] [L0 12 8] [L1 14c 16]
POC   15 LId:  0 TId: 5 ( TRAIL, B-SLICE, QP 36 )      77928 bits [Y 35.4136 dB    U 35.2435 dB    V 35.5814 dB] [ET    85 ] [L0 14c 12] [L1 16 32]
POC   24 LId:  0 TId: 2 ( TRAIL, B-SLICE, QP 29 )     178600 bits [Y 38.0087 dB    U 38.1582 dB    V 38.3743 dB] [ET   147 ] [L0 16c 8 0] [L1 32]
POC   20 LId:  0 TId: 3 ( TRAIL, B-SLICE, QP 32 )     107304 bits [Y 37.6334 dB    U 36.5936 dB    V 37.5218 dB] [ET   113 ] [L0 16 8 0] [L1 24c 32]
POC   18 LId:  0 TId: 4 ( TRAIL, B-SLICE, QP 34 )      83912 bits [Y 37.0362 dB    U 36.3436 dB    V 36.8192 dB] [ET    95 ] [L0 16 8 0] [L1 20c 24 32]
POC   17 LId:  0 TId: 5 ( TRAIL, B-SLICE, QP 36 )      67896 bits [Y 35.6792 dB    U 35.6345 dB    V 35.9735 dB] [ET    77 ] [L0 16 8] [L1 18c 20]
POC   19 LId:  0 TId: 5 ( TRAIL, B-SLICE, QP 36 )      56800 bits [Y 36.1672 dB    U 35.8870 dB    V 36.2275 dB] [ET    71 ] [L0 18c 16] [L1 20 24]
POC   22 LId:  0 TId: 4 ( TRAIL, B-SLICE, QP 34 )      90232 bits [Y 36.0251 dB    U 35.4193 dB    V 36.2355 dB] [ET   105 ] [L0 20c 16 0] [L1 24 32 18]
POC   21 LId:  0 TId: 5 ( TRAIL, B-SLICE, QP 36 )      56760 bits [Y 35.8246 dB    U 35.8575 dB    V 35.9495 dB] [ET    69 ] [L0 20 16] [L1 22c 24]
POC   23 LId:  0 TId: 5 ( TRAIL, B-SLICE, QP 36 )      63968 bits [Y 35.6677 dB    U 35.4683 dB    V 35.6317 dB] [ET    74 ] [L0 22c 20] [L1 24 32]
POC   28 LId:  0 TId: 3 ( TRAIL, B-SLICE, QP 32 )     117472 bits [Y 37.4869 dB    U 37.0324 dB    V 37.3918 dB] [ET   118 ] [L0 24c 20 16 0] [L1 32]
POC   26 LId:  0 TId: 4 ( TRAIL, B-SLICE, QP 34 )     102896 bits [Y 36.2021 dB    U 36.2264 dB    V 36.1474 dB] [ET   113 ] [L0 24 20 16 0] [L1 28c 32]
POC   25 LId:  0 TId: 5 ( TRAIL, B-SLICE, QP 36 )      80008 bits [Y 35.2127 dB    U 35.4514 dB    V 35.2430 dB] [ET    87 ] [L0 24 20] [L1 26c 28]
POC   27 LId:  0 TId: 5 ( TRAIL, B-SLICE, QP 36 )      70648 bits [Y 35.5264 dB    U 35.6252 dB    V 35.7350 dB] [ET    79 ] [L0 26c 24] [L1 28 32]
POC   30 LId:  0 TId: 4 ( TRAIL, B-SLICE, QP 34 )     101872 bits [Y 36.2886 dB    U 35.7395 dB    V 36.1085 dB] [ET   106 ] [L0 28c 24 16 0] [L1 32]
POC   29 LId:  0 TId: 5 ( TRAIL, B-SLICE, QP 36 )      65800 bits [Y 35.8381 dB    U 35.2807 dB    V 35.6057 dB] [ET    73 ] [L0 28 24] [L1 30c 32]
POC   31 LId:  0 TId: 5 ( TRAIL, B-SLICE, QP 36 )      76368 bits [Y 35.2734 dB    U 35.3220 dB    V 35.5197 dB] [ET    77 ] [L0 30c 28] [L1 32]

LayerId  0
	Total Frames |  Bitrate      Y-PSNR   U-PSNR   V-PSNR   YUV-PSNR 
	33           a  5728.0000    36.4834  36.3074  36.6159  36.3303  

 finished @ Tue Aug 19 01:19:01 2025
 Total Time:     3400.937 sec. [user]     3400.937 sec. [elapsed]
