
VVCSoftware: VTM Encoder Version 23.11 [Windows][VS 1944][64 bit] [SIMD=AVX2] 

TOOL CFG: IBD:1 HAD:1 RDQ:0 RDQTS:0 LQP:0 SQP:0 ASR:0 MinSearchWindow:96 RestrictMESampling:0 FEN:0 ECU:0 FDM:0 ESD:0 TransformSkip:1 TransformSkipFast:1 TransformSkipLog2MaxSize:5 ChromaTS:1 BDPCM:0 Tiles: 1x1 Slices: 1 MCTS:0 SAO:0 ALF:0 CCALF:0 MaxNumALFAPS 8 AlfapsIDShift 0 ConstantJointCbCrSignFlagWPP:0 WPB:0 PME:2  WaveFrontSynchro:0 WaveFrontSubstreams:1 ScalingList:0 TMVPMode:1  DQ:0  SignBitHidingFlag:0 RecalQP:0 
TOOL CFG: LFNST:1 MMVD:1 Affine:1 AffineType:1 AdaptBypassAffineMe:0 PROF:1 SbTMVP:1 DualITree:1 IMV:1 BIO:1 LMChroma:1 HorCollocatedChroma:1 VerCollocatedChroma:0 MTS:1(explicit intra) SBT:1 ISP:1 SMVD:1 CompositeLTReference:0 Bcw:1 BcwFast:1 LADF:0 CIIP:1 Geo:1 AllowDisFracMMVD:1 AffineAmvr:1 AffineAmvrEncOpt:1 AffineAmvp:1 DMVR:1 MmvdDisNum:6 JointCbCr:1 ACT:0 PLT:0 IBC:0 HashME:0 WrapAround:0 VirtualBoundariesEnabledFlag:0 VirtualBoundariesPresentInSPSFlag:1 vertical virtual boundaries:[ ] horizontal virtual boundaries:[ ] Reshape:1 (Signal:SDR Opt:0 CSoffset:6) MRL:1 MIP:1 EncDbOpt:1 AlfLambdaOpt:0 
FAST TOOL CFG: LCTUFast:0 FastMrg:0 MaxMergeRdCandNumTotal:7 MergeRdCandQuotaRegular:4 MergeRdCandQuotaRegularSmallBlk:4 MergeRdCandQuotaSubBlk:2 MergeRdCandQuotaCiip:1 MergeRdCandQuotaGpm:8 PBIntraFast:1 IMV4PelFast:1 MTSMaxCand: 4(intra) 4(inter) ISPFast:0 FastLFNST:0 AMaxBT:1 E0023FastEnc:1 ContentBasedFastQtbt:0 UseNonLinearAlfLuma:1 UseNonLinearAlfChroma:1 MaxNumAlfAlternativesChroma:8 FastMIP:0 TTFastSkip:31 TTFastSkipThr:1.075 FastLocalDualTree:1 RPR:0 TemporalFilter:4/4 SEI CTI:0 BIM:0 SEI FGC:0 SEI processing Order:0 DPF:0 


 started @ Wed Aug 20 01:21:46 2025
POC    0 LId:  0 TId: 0 ( IDR_N_LP, I-SLICE, QP 19 )     151536 bits [Y 45.2829 dB    U 47.4560 dB    V 47.8248 dB] [ET    21 ] [L0] [L1]
POC   32 LId:  0 TId: 0 ( TRAIL, B-SLICE, QP 21 )      59512 bits [Y 44.0705 dB    U 46.4782 dB    V 46.3350 dB] [ET   554 ] [L0 0] [L1 0c]
POC   16 LId:  0 TId: 1 ( STSA, B-SLICE, QP 22 )      34776 bits [Y 43.5657 dB    U 46.0089 dB    V 46.0644 dB] [ET   676 ] [L0 0 32] [L1 32c]
POC    8 LId:  0 TId: 2 ( TRAIL, B-SLICE, QP 23 )      25512 bits [Y 43.3443 dB    U 46.1409 dB    V 46.0423 dB] [ET   839 ] [L0 0 16 32] [L1 16c 32]
POC    4 LId:  0 TId: 3 ( TRAIL, B-SLICE, QP 26 )      15320 bits [Y 42.7149 dB    U 45.9727 dB    V 45.4734 dB] [ET   964 ] [L0 0 8 16] [L1 8c 16 32]
POC    2 LId:  0 TId: 4 ( TRAIL, B-SLICE, QP 28 )       6944 bits [Y 42.5043 dB    U 46.1300 dB    V 45.5133 dB] [ET   941 ] [L0 0 4 8] [L1 4c 8 16 32]
POC    1 LId:  0 TId: 5 ( TRAIL, B-SLICE, QP 29 )       3288 bits [Y 42.8740 dB    U 46.4639 dB    V 45.8813 dB] [ET   318 ] [L0 0] [L1 2c 4]
POC    3 LId:  0 TId: 5 ( TRAIL, B-SLICE, QP 29 )       3344 bits [Y 42.0844 dB    U 45.7438 dB    V 44.8257 dB] [ET   450 ] [L0 2c 0] [L1 4 8]
POC    6 LId:  0 TId: 4 ( TRAIL, B-SLICE, QP 28 )       8304 bits [Y 41.9365 dB    U 45.5862 dB    V 44.9547 dB] [ET  1108 ] [L0 4c 2 0] [L1 8 16 32]
POC    5 LId:  0 TId: 5 ( TRAIL, B-SLICE, QP 29 )       2960 bits [Y 41.9620 dB    U 45.4037 dB    V 44.7252 dB] [ET   367 ] [L0 4 0] [L1 6c 8]
POC    7 LId:  0 TId: 5 ( TRAIL, B-SLICE, QP 29 )       3560 bits [Y 41.9427 dB    U 45.5208 dB    V 45.0367 dB] [ET   395 ] [L0 6c 4] [L1 8 16]
POC   12 LId:  0 TId: 3 ( TRAIL, B-SLICE, QP 26 )      15368 bits [Y 42.6392 dB    U 45.8343 dB    V 45.3769 dB] [ET   944 ] [L0 8c 4 0] [L1 16 32]
POC   10 LId:  0 TId: 4 ( TRAIL, B-SLICE, QP 28 )       7976 bits [Y 42.1643 dB    U 45.5740 dB    V 45.0223 dB] [ET  1131 ] [L0 8 6 4 0] [L1 12c 16 32]
POC    9 LId:  0 TId: 5 ( TRAIL, B-SLICE, QP 29 )       3848 bits [Y 42.0568 dB    U 45.6609 dB    V 45.2009 dB] [ET   385 ] [L0 8 4] [L1 10c 12]
POC   11 LId:  0 TId: 5 ( TRAIL, B-SLICE, QP 29 )       3632 bits [Y 41.9550 dB    U 45.5904 dB    V 44.8760 dB] [ET   379 ] [L0 10c 8] [L1 12 16]
POC   14 LId:  0 TId: 4 ( TRAIL, B-SLICE, QP 28 )       6776 bits [Y 42.1995 dB    U 45.7436 dB    V 45.1190 dB] [ET   942 ] [L0 12c 10 8 0] [L1 16 32]
POC   13 LId:  0 TId: 5 ( TRAIL, B-SLICE, QP 29 )       2832 bits [Y 42.0296 dB    U 45.7103 dB    V 44.8749 dB] [ET   331 ] [L0 12 8] [L1 14c 16]
POC   15 LId:  0 TId: 5 ( TRAIL, B-SLICE, QP 29 )       2176 bits [Y 42.3759 dB    U 45.7843 dB    V 45.2658 dB] [ET   337 ] [L0 14c 12] [L1 16 32]
POC   24 LId:  0 TId: 2 ( TRAIL, B-SLICE, QP 23 )      27000 bits [Y 43.1267 dB    U 45.9872 dB    V 45.7722 dB] [ET   812 ] [L0 16c 8 0] [L1 32]
POC   20 LId:  0 TId: 3 ( TRAIL, B-SLICE, QP 26 )      14576 bits [Y 42.4751 dB    U 45.7135 dB    V 44.9452 dB] [ET   920 ] [L0 16 8 0] [L1 24c 32]
POC   18 LId:  0 TId: 4 ( TRAIL, B-SLICE, QP 28 )       6656 bits [Y 42.0036 dB    U 45.6634 dB    V 45.1025 dB] [ET  1054 ] [L0 16 8 0] [L1 20c 24 32]
POC   17 LId:  0 TId: 5 ( TRAIL, B-SLICE, QP 29 )       2272 bits [Y 42.2728 dB    U 45.7766 dB    V 44.9745 dB] [ET   321 ] [L0 16 8] [L1 18c 20]
POC   19 LId:  0 TId: 5 ( TRAIL, B-SLICE, QP 29 )       2256 bits [Y 41.8770 dB    U 45.7061 dB    V 44.5489 dB] [ET   327 ] [L0 18c 16] [L1 20 24]
POC   22 LId:  0 TId: 4 ( TRAIL, B-SLICE, QP 28 )       6496 bits [Y 41.9485 dB    U 45.7113 dB    V 44.6083 dB] [ET   869 ] [L0 20c 16 0] [L1 24 32 18]
POC   21 LId:  0 TId: 5 ( TRAIL, B-SLICE, QP 29 )       2152 bits [Y 41.8194 dB    U 45.7135 dB    V 44.5242 dB] [ET   316 ] [L0 20 16] [L1 22c 24]
POC   23 LId:  0 TId: 5 ( TRAIL, B-SLICE, QP 29 )       2088 bits [Y 42.0290 dB    U 45.8674 dB    V 44.6732 dB] [ET   305 ] [L0 22c 20] [L1 24 32]
POC   28 LId:  0 TId: 3 ( TRAIL, B-SLICE, QP 26 )      14584 bits [Y 42.4347 dB    U 45.9025 dB    V 45.1567 dB] [ET   852 ] [L0 24c 20 16 0] [L1 32]
POC   26 LId:  0 TId: 4 ( TRAIL, B-SLICE, QP 28 )       6624 bits [Y 41.9706 dB    U 45.7624 dB    V 44.8389 dB] [ET   918 ] [L0 24 20 16 0] [L1 28c 32]
POC   25 LId:  0 TId: 5 ( TRAIL, B-SLICE, QP 29 )       1968 bits [Y 41.9534 dB    U 45.9022 dB    V 44.9078 dB] [ET   319 ] [L0 24 20] [L1 26c 28]
POC   27 LId:  0 TId: 5 ( TRAIL, B-SLICE, QP 29 )       2400 bits [Y 41.7527 dB    U 45.8033 dB    V 44.5408 dB] [ET   359 ] [L0 26c 24] [L1 28 32]
POC   30 LId:  0 TId: 4 ( TRAIL, B-SLICE, QP 28 )       6912 bits [Y 42.1429 dB    U 45.7586 dB    V 45.0917 dB] [ET   711 ] [L0 28c 24 16 0] [L1 32]
POC   29 LId:  0 TId: 5 ( TRAIL, B-SLICE, QP 29 )       2744 bits [Y 41.8160 dB    U 45.6796 dB    V 44.3948 dB] [ET   365 ] [L0 28 24] [L1 30c 32]
POC   31 LId:  0 TId: 5 ( TRAIL, B-SLICE, QP 29 )       2824 bits [Y 42.2417 dB    U 45.8401 dB    V 44.6694 dB] [ET   242 ] [L0 30c 28] [L1 32]

LayerId  0
	Total Frames |  Bitrate      Y-PSNR   U-PSNR   V-PSNR   YUV-PSNR 
	33           a  695.7818     42.4111  45.8664  45.1867  43.1705  

 finished @ Wed Aug 20 06:51:17 2025
 Total Time:    19771.269 sec. [user]    19771.270 sec. [elapsed]
