
VVCSoftware: VTM Encoder Version 23.11 [Windows][VS 1944][64 bit] [SIMD=AVX2] 

TOOL CFG: IBD:1 HAD:1 RDQ:1 RDQTS:1 LQP:0 SQP:0 ASR:1 MinSearchWindow:96 RestrictMESampling:0 FEN:1 ECU:0 FDM:1 ESD:0 TransformSkip:1 TransformSkipFast:1 TransformSkipLog2MaxSize:5 ChromaTS:1 BDPCM:0 Tiles: 1x1 Slices: 1 MCTS:0 SAO:1 ALF:1 CCALF:1 MaxNumALFAPS 8 AlfapsIDShift 0 ConstantJointCbCrSignFlagWPP:0 WPB:0 PME:2  WaveFrontSynchro:0 WaveFrontSubstreams:1 ScalingList:0 TMVPMode:1  DQ:1  SignBitHidingFlag:0 RecalQP:0 
TOOL CFG: LFNST:1 MMVD:1 Affine:1 AffineType:1 AdaptBypassAffineMe:0 PROF:1 SbTMVP:1 DualITree:1 IMV:1 BIO:1 LMChroma:1 HorCollocatedChroma:1 VerCollocatedChroma:0 MTS:1(explicit intra) SBT:1 ISP:1 SMVD:1 CompositeLTReference:0 Bcw:1 BcwFast:1 LADF:0 CIIP:1 Geo:1 AllowDisFracMMVD:1 AffineAmvr:1 AffineAmvrEncOpt:1 AffineAmvp:1 DMVR:1 MmvdDisNum:6 JointCbCr:1 ACT:0 PLT:0 IBC:0 HashME:0 WrapAround:0 VirtualBoundariesEnabledFlag:0 VirtualBoundariesPresentInSPSFlag:1 vertical virtual boundaries:[ ] horizontal virtual boundaries:[ ] Reshape:1 (Signal:SDR Opt:0 CSoffset:6) MRL:1 MIP:1 EncDbOpt:1 AlfLambdaOpt:0 
FAST TOOL CFG: LCTUFast:0 FastMrg:1 MaxMergeRdCandNumTotal:7 MergeRdCandQuotaRegular:4 MergeRdCandQuotaRegularSmallBlk:4 MergeRdCandQuotaSubBlk:2 MergeRdCandQuotaCiip:1 MergeRdCandQuotaGpm:8 PBIntraFast:1 IMV4PelFast:1 MTSMaxCand: 4(intra) 4(inter) ISPFast:0 FastLFNST:0 AMaxBT:1 E0023FastEnc:1 ContentBasedFastQtbt:0 UseNonLinearAlfLuma:1 UseNonLinearAlfChroma:1 MaxNumAlfAlternativesChroma:8 FastMIP:0 TTFastSkip:31 TTFastSkipThr:1.075 FastLocalDualTree:1 RPR:0 TemporalFilter:4/4 SEI CTI:0 BIM:0 SEI FGC:0 SEI processing Order:0 DPF:0 


 started @ Tue Aug 19 06:24:51 2025
POC    0 LId:  0 TId: 0 ( IDR_N_LP, I-SLICE, QP 34 )     577072 bits [Y 33.5032 dB    U 38.4962 dB    V 40.7967 dB] [ET   240 ] [L0] [L1]
POC   32 LId:  0 TId: 0 ( TRAIL, B-SLICE, QP 36 )      71832 bits [Y 33.0379 dB    U 38.4370 dB    V 40.8275 dB] [ET   167 ] [L0 0] [L1 0c]
POC   16 LId:  0 TId: 1 ( STSA, B-SLICE, QP 40 )      27192 bits [Y 32.4512 dB    U 38.4081 dB    V 40.7574 dB] [ET   114 ] [L0 0 32] [L1 32c]
POC    8 LId:  0 TId: 2 ( TRAIL, B-SLICE, QP 41 )      14728 bits [Y 32.3566 dB    U 38.4171 dB    V 40.7240 dB] [ET    95 ] [L0 0 16 32] [L1 16c 32]
POC    4 LId:  0 TId: 3 ( TRAIL, B-SLICE, QP 43 )       5400 bits [Y 32.3781 dB    U 38.4831 dB    V 40.7730 dB] [ET    54 ] [L0 0 8 16] [L1 8c 16 32]
POC    2 LId:  0 TId: 4 ( TRAIL, B-SLICE, QP 45 )       2248 bits [Y 32.5317 dB    U 38.4867 dB    V 40.7561 dB] [ET    39 ] [L0 0 4 8] [L1 4c 8 16 32]
POC    1 LId:  0 TId: 5 ( TRAIL, B-SLICE, QP 46 )        960 bits [Y 32.9400 dB    U 38.4938 dB    V 40.7616 dB] [ET    24 ] [L0 0] [L1 2c 4]
POC    3 LId:  0 TId: 5 ( TRAIL, B-SLICE, QP 46 )        808 bits [Y 32.4348 dB    U 38.4590 dB    V 40.7556 dB] [ET    24 ] [L0 2c 0] [L1 4 8]
POC    6 LId:  0 TId: 4 ( TRAIL, B-SLICE, QP 45 )       2208 bits [Y 32.3965 dB    U 38.4266 dB    V 40.7345 dB] [ET    38 ] [L0 4c 2 0] [L1 8 16 32]
POC    5 LId:  0 TId: 5 ( TRAIL, B-SLICE, QP 46 )        560 bits [Y 32.3188 dB    U 38.4420 dB    V 40.7351 dB] [ET    24 ] [L0 4 0] [L1 6c 8]
POC    7 LId:  0 TId: 5 ( TRAIL, B-SLICE, QP 46 )        608 bits [Y 32.3348 dB    U 38.4099 dB    V 40.7229 dB] [ET    26 ] [L0 6c 4] [L1 8 16]
POC   12 LId:  0 TId: 3 ( TRAIL, B-SLICE, QP 43 )       5136 bits [Y 32.3294 dB    U 38.4048 dB    V 40.7496 dB] [ET    52 ] [L0 8c 4 0] [L1 16 32]
POC   10 LId:  0 TId: 4 ( TRAIL, B-SLICE, QP 45 )       1920 bits [Y 32.1291 dB    U 38.3925 dB    V 40.7145 dB] [ET    41 ] [L0 8 6 4 0] [L1 12c 16 32]
POC    9 LId:  0 TId: 5 ( TRAIL, B-SLICE, QP 46 )        768 bits [Y 32.2233 dB    U 38.3941 dB    V 40.7419 dB] [ET    27 ] [L0 8 4] [L1 10c 12]
POC   11 LId:  0 TId: 5 ( TRAIL, B-SLICE, QP 46 )        648 bits [Y 32.2015 dB    U 38.3788 dB    V 40.7240 dB] [ET    25 ] [L0 10c 8] [L1 12 16]
POC   14 LId:  0 TId: 4 ( TRAIL, B-SLICE, QP 45 )       1912 bits [Y 32.2726 dB    U 38.3774 dB    V 40.7323 dB] [ET    40 ] [L0 12c 10 8 0] [L1 16 32]
POC   13 LId:  0 TId: 5 ( TRAIL, B-SLICE, QP 46 )        512 bits [Y 32.2313 dB    U 38.3896 dB    V 40.7295 dB] [ET    25 ] [L0 12 8] [L1 14c 16]
POC   15 LId:  0 TId: 5 ( TRAIL, B-SLICE, QP 46 )        632 bits [Y 32.3303 dB    U 38.3746 dB    V 40.7441 dB] [ET    25 ] [L0 14c 12] [L1 16 32]
POC   24 LId:  0 TId: 2 ( TRAIL, B-SLICE, QP 41 )      14504 bits [Y 32.4854 dB    U 38.4229 dB    V 40.8138 dB] [ET    90 ] [L0 16c 8 0] [L1 32]
POC   20 LId:  0 TId: 3 ( TRAIL, B-SLICE, QP 43 )       5608 bits [Y 32.2836 dB    U 38.3699 dB    V 40.7426 dB] [ET    54 ] [L0 16 8 0] [L1 24c 32]
POC   18 LId:  0 TId: 4 ( TRAIL, B-SLICE, QP 45 )       2112 bits [Y 32.2949 dB    U 38.3819 dB    V 40.7382 dB] [ET    40 ] [L0 16 8 0] [L1 20c 24 32]
POC   17 LId:  0 TId: 5 ( TRAIL, B-SLICE, QP 46 )        744 bits [Y 32.3415 dB    U 38.3986 dB    V 40.7600 dB] [ET    26 ] [L0 16 8] [L1 18c 20]
POC   19 LId:  0 TId: 5 ( TRAIL, B-SLICE, QP 46 )        464 bits [Y 32.1767 dB    U 38.3814 dB    V 40.7316 dB] [ET    25 ] [L0 18c 16] [L1 20 24]
POC   22 LId:  0 TId: 4 ( TRAIL, B-SLICE, QP 45 )       1712 bits [Y 32.2181 dB    U 38.3650 dB    V 40.7477 dB] [ET    37 ] [L0 20c 16 0] [L1 24 32 18]
POC   21 LId:  0 TId: 5 ( TRAIL, B-SLICE, QP 46 )        384 bits [Y 32.1878 dB    U 38.3710 dB    V 40.7333 dB] [ET    25 ] [L0 20 16] [L1 22c 24]
POC   23 LId:  0 TId: 5 ( TRAIL, B-SLICE, QP 46 )        840 bits [Y 32.2923 dB    U 38.3881 dB    V 40.7567 dB] [ET    26 ] [L0 22c 20] [L1 24 32]
POC   28 LId:  0 TId: 3 ( TRAIL, B-SLICE, QP 43 )       5136 bits [Y 32.4425 dB    U 38.4158 dB    V 40.7751 dB] [ET    49 ] [L0 24c 20 16 0] [L1 32]
POC   26 LId:  0 TId: 4 ( TRAIL, B-SLICE, QP 45 )       2448 bits [Y 32.2105 dB    U 38.3997 dB    V 40.7758 dB] [ET    39 ] [L0 24 20 16 0] [L1 28c 32]
POC   25 LId:  0 TId: 5 ( TRAIL, B-SLICE, QP 46 )        760 bits [Y 32.3133 dB    U 38.4009 dB    V 40.7808 dB] [ET    25 ] [L0 24 20] [L1 26c 28]
POC   27 LId:  0 TId: 5 ( TRAIL, B-SLICE, QP 46 )        896 bits [Y 32.2451 dB    U 38.3998 dB    V 40.7436 dB] [ET    27 ] [L0 26c 24] [L1 28 32]
POC   30 LId:  0 TId: 4 ( TRAIL, B-SLICE, QP 45 )       1864 bits [Y 32.4220 dB    U 38.4524 dB    V 40.8148 dB] [ET    36 ] [L0 28c 24 16 0] [L1 32]
POC   29 LId:  0 TId: 5 ( TRAIL, B-SLICE, QP 46 )        656 bits [Y 32.3272 dB    U 38.4131 dB    V 40.7526 dB] [ET    27 ] [L0 28 24] [L1 30c 32]
POC   31 LId:  0 TId: 5 ( TRAIL, B-SLICE, QP 46 )        640 bits [Y 32.7132 dB    U 38.4537 dB    V 40.8061 dB] [ET    23 ] [L0 30c 28] [L1 32]

LayerId  0
	Total Frames |  Bitrate      Y-PSNR   U-PSNR   V-PSNR   YUV-PSNR 
	33           a  1370.7491    32.4047  38.4147  40.7561  33.7473  

 finished @ Tue Aug 19 06:51:58 2025
 Total Time:     1627.887 sec. [user]     1627.887 sec. [elapsed]
