
VVCSoftware: VTM Encoder Version 23.11 [Windows][VS 1944][64 bit] [SIMD=AVX2] 

TOOL CFG: IBD:1 HAD:1 RDQ:1 RDQTS:1 LQP:0 SQP:0 ASR:1 MinSearchWindow:96 RestrictMESampling:0 FEN:1 ECU:0 FDM:1 ESD:0 TransformSkip:1 TransformSkipFast:1 TransformSkipLog2MaxSize:5 ChromaTS:1 BDPCM:0 Tiles: 1x1 Slices: 1 MCTS:0 SAO:1 ALF:1 CCALF:1 MaxNumALFAPS 8 AlfapsIDShift 0 ConstantJointCbCrSignFlagWPP:0 WPB:0 PME:2  WaveFrontSynchro:0 WaveFrontSubstreams:1 ScalingList:0 TMVPMode:1  DQ:1  SignBitHidingFlag:0 RecalQP:0 
TOOL CFG: LFNST:1 MMVD:1 Affine:1 AffineType:1 AdaptBypassAffineMe:0 PROF:1 SbTMVP:1 DualITree:1 IMV:1 BIO:1 LMChroma:1 HorCollocatedChroma:1 VerCollocatedChroma:0 MTS:1(explicit intra) SBT:1 ISP:1 SMVD:1 CompositeLTReference:0 Bcw:1 BcwFast:1 LADF:0 CIIP:1 Geo:1 AllowDisFracMMVD:1 AffineAmvr:1 AffineAmvrEncOpt:1 AffineAmvp:1 DMVR:1 MmvdDisNum:6 JointCbCr:1 ACT:0 PLT:0 IBC:0 HashME:0 WrapAround:0 VirtualBoundariesEnabledFlag:0 VirtualBoundariesPresentInSPSFlag:1 vertical virtual boundaries:[ ] horizontal virtual boundaries:[ ] Reshape:1 (Signal:SDR Opt:0 CSoffset:6) MRL:1 MIP:1 EncDbOpt:1 AlfLambdaOpt:0 
FAST TOOL CFG: LCTUFast:0 FastMrg:1 MaxMergeRdCandNumTotal:7 MergeRdCandQuotaRegular:4 MergeRdCandQuotaRegularSmallBlk:4 MergeRdCandQuotaSubBlk:2 MergeRdCandQuotaCiip:1 MergeRdCandQuotaGpm:8 PBIntraFast:1 IMV4PelFast:1 MTSMaxCand: 4(intra) 4(inter) ISPFast:0 FastLFNST:0 AMaxBT:1 E0023FastEnc:1 ContentBasedFastQtbt:0 UseNonLinearAlfLuma:1 UseNonLinearAlfChroma:1 MaxNumAlfAlternativesChroma:8 FastMIP:0 TTFastSkip:31 TTFastSkipThr:1.075 FastLocalDualTree:1 RPR:0 TemporalFilter:4/4 SEI CTI:0 BIM:0 SEI FGC:0 SEI processing Order:0 DPF:0 


 started @ Tue Aug 19 04:29:56 2025
POC    0 LId:  0 TId: 0 ( IDR_N_LP, I-SLICE, QP 19 )     918272 bits [Y 41.1340 dB    U 45.8443 dB    V 47.9487 dB] [ET   402 ] [L0] [L1]
POC   32 LId:  0 TId: 0 ( TRAIL, B-SLICE, QP 21 )     620800 bits [Y 40.4134 dB    U 45.2625 dB    V 47.2614 dB] [ET   881 ] [L0 0] [L1 0c]
POC   16 LId:  0 TId: 1 ( STSA, B-SLICE, QP 22 )     382768 bits [Y 40.3636 dB    U 45.5642 dB    V 47.5733 dB] [ET   758 ] [L0 0 32] [L1 32c]
POC    8 LId:  0 TId: 2 ( TRAIL, B-SLICE, QP 23 )     319744 bits [Y 40.2602 dB    U 45.5027 dB    V 47.4046 dB] [ET   665 ] [L0 0 16 32] [L1 16c 32]
POC    4 LId:  0 TId: 3 ( TRAIL, B-SLICE, QP 26 )     224984 bits [Y 40.2201 dB    U 45.4150 dB    V 47.2368 dB] [ET   591 ] [L0 0 8 16] [L1 8c 16 32]
POC    2 LId:  0 TId: 4 ( TRAIL, B-SLICE, QP 28 )     108648 bits [Y 39.8990 dB    U 45.3855 dB    V 46.9907 dB] [ET   378 ] [L0 0 4 8] [L1 4c 8 16 32]
POC    1 LId:  0 TId: 5 ( TRAIL, B-SLICE, QP 29 )      64376 bits [Y 39.8505 dB    U 45.5087 dB    V 47.0694 dB] [ET   191 ] [L0 0] [L1 2c 4]
POC    3 LId:  0 TId: 5 ( TRAIL, B-SLICE, QP 29 )      66720 bits [Y 39.6731 dB    U 45.2486 dB    V 46.7004 dB] [ET   195 ] [L0 2c 0] [L1 4 8]
POC    6 LId:  0 TId: 4 ( TRAIL, B-SLICE, QP 28 )     117216 bits [Y 39.7028 dB    U 45.2453 dB    V 46.6939 dB] [ET   365 ] [L0 4c 2 0] [L1 8 16 32]
POC    5 LId:  0 TId: 5 ( TRAIL, B-SLICE, QP 29 )      72584 bits [Y 39.5671 dB    U 45.1942 dB    V 46.5763 dB] [ET   210 ] [L0 4 0] [L1 6c 8]
POC    7 LId:  0 TId: 5 ( TRAIL, B-SLICE, QP 29 )      70312 bits [Y 39.5981 dB    U 45.2757 dB    V 46.6881 dB] [ET   210 ] [L0 6c 4] [L1 8 16]
POC   12 LId:  0 TId: 3 ( TRAIL, B-SLICE, QP 26 )     205264 bits [Y 40.2071 dB    U 45.3714 dB    V 47.2174 dB] [ET   534 ] [L0 8c 4 0] [L1 16 32]
POC   10 LId:  0 TId: 4 ( TRAIL, B-SLICE, QP 28 )     102216 bits [Y 39.7196 dB    U 45.2489 dB    V 46.8605 dB] [ET   369 ] [L0 8 6 4 0] [L1 12c 16 32]
POC    9 LId:  0 TId: 5 ( TRAIL, B-SLICE, QP 29 )      65792 bits [Y 39.6195 dB    U 45.2715 dB    V 46.7729 dB] [ET   219 ] [L0 8 4] [L1 10c 12]
POC   11 LId:  0 TId: 5 ( TRAIL, B-SLICE, QP 29 )      55328 bits [Y 39.6496 dB    U 45.1722 dB    V 46.7807 dB] [ET   203 ] [L0 10c 8] [L1 12 16]
POC   14 LId:  0 TId: 4 ( TRAIL, B-SLICE, QP 28 )      86440 bits [Y 39.8805 dB    U 45.3182 dB    V 47.0345 dB] [ET   318 ] [L0 12c 10 8 0] [L1 16 32]
POC   13 LId:  0 TId: 5 ( TRAIL, B-SLICE, QP 29 )      48584 bits [Y 39.7221 dB    U 45.2091 dB    V 46.8361 dB] [ET   198 ] [L0 12 8] [L1 14c 16]
POC   15 LId:  0 TId: 5 ( TRAIL, B-SLICE, QP 29 )      49888 bits [Y 39.8456 dB    U 45.3202 dB    V 47.0337 dB] [ET   195 ] [L0 14c 12] [L1 16 32]
POC   24 LId:  0 TId: 2 ( TRAIL, B-SLICE, QP 23 )     309656 bits [Y 40.2932 dB    U 45.3377 dB    V 47.2355 dB] [ET   655 ] [L0 16c 8 0] [L1 32]
POC   20 LId:  0 TId: 3 ( TRAIL, B-SLICE, QP 26 )     177248 bits [Y 40.2468 dB    U 45.3573 dB    V 47.1874 dB] [ET   538 ] [L0 16 8 0] [L1 24c 32]
POC   18 LId:  0 TId: 4 ( TRAIL, B-SLICE, QP 28 )      87696 bits [Y 39.9880 dB    U 45.2413 dB    V 46.9215 dB] [ET   308 ] [L0 16 8 0] [L1 20c 24 32]
POC   17 LId:  0 TId: 5 ( TRAIL, B-SLICE, QP 29 )      48248 bits [Y 39.9272 dB    U 45.3466 dB    V 46.9686 dB] [ET   188 ] [L0 16 8] [L1 18c 20]
POC   19 LId:  0 TId: 5 ( TRAIL, B-SLICE, QP 29 )      50088 bits [Y 39.8918 dB    U 45.2170 dB    V 46.8023 dB] [ET   201 ] [L0 18c 16] [L1 20 24]
POC   22 LId:  0 TId: 4 ( TRAIL, B-SLICE, QP 28 )      96520 bits [Y 39.9503 dB    U 45.1405 dB    V 46.8084 dB] [ET   339 ] [L0 20c 16 0] [L1 24 32 18]
POC   21 LId:  0 TId: 5 ( TRAIL, B-SLICE, QP 29 )      53320 bits [Y 39.8676 dB    U 45.0893 dB    V 46.6951 dB] [ET   195 ] [L0 20 16] [L1 22c 24]
POC   23 LId:  0 TId: 5 ( TRAIL, B-SLICE, QP 29 )      59096 bits [Y 39.8726 dB    U 45.0851 dB    V 46.6749 dB] [ET   197 ] [L0 22c 20] [L1 24 32]
POC   28 LId:  0 TId: 3 ( TRAIL, B-SLICE, QP 26 )     236496 bits [Y 40.1236 dB    U 45.0280 dB    V 46.7353 dB] [ET   606 ] [L0 24c 20 16 0] [L1 32]
POC   26 LId:  0 TId: 4 ( TRAIL, B-SLICE, QP 28 )     117240 bits [Y 39.8507 dB    U 44.9584 dB    V 46.5749 dB] [ET   367 ] [L0 24 20 16 0] [L1 28c 32]
POC   25 LId:  0 TId: 5 ( TRAIL, B-SLICE, QP 29 )      68008 bits [Y 39.8061 dB    U 44.9973 dB    V 46.5867 dB] [ET   196 ] [L0 24 20] [L1 26c 28]
POC   27 LId:  0 TId: 5 ( TRAIL, B-SLICE, QP 29 )      73080 bits [Y 39.6971 dB    U 44.8494 dB    V 46.3456 dB] [ET   206 ] [L0 26c 24] [L1 28 32]
POC   30 LId:  0 TId: 4 ( TRAIL, B-SLICE, QP 28 )     118784 bits [Y 39.8063 dB    U 44.9080 dB    V 46.4934 dB] [ET   367 ] [L0 28c 24 16 0] [L1 32]
POC   29 LId:  0 TId: 5 ( TRAIL, B-SLICE, QP 29 )      72856 bits [Y 39.6573 dB    U 44.8198 dB    V 46.3105 dB] [ET   216 ] [L0 28 24] [L1 30c 32]
POC   31 LId:  0 TId: 5 ( TRAIL, B-SLICE, QP 29 )      67984 bits [Y 39.7288 dB    U 44.9568 dB    V 46.5852 dB] [ET   193 ] [L0 30c 28] [L1 32]

LayerId  0
	Total Frames |  Bitrate      Y-PSNR   U-PSNR   V-PSNR   YUV-PSNR 
	33           a  7903.4182    39.9404  45.2330  46.8971  41.1819  

 finished @ Tue Aug 19 07:44:12 2025
 Total Time:    11656.194 sec. [user]    11656.194 sec. [elapsed]
