
VVCSoftware: VTM Encoder Version 23.11 [Windows][VS 1944][64 bit] [SIMD=AVX2] 

TOOL CFG: IBD:1 HAD:1 RDQ:1 RDQTS:1 LQP:0 SQP:0 ASR:1 MinSearchWindow:96 RestrictMESampling:0 FEN:1 ECU:0 FDM:1 ESD:0 TransformSkip:1 TransformSkipFast:1 TransformSkipLog2MaxSize:5 ChromaTS:1 BDPCM:0 Tiles: 1x1 Slices: 1 MCTS:0 SAO:1 ALF:1 CCALF:1 MaxNumALFAPS 8 AlfapsIDShift 0 ConstantJointCbCrSignFlagWPP:0 WPB:0 PME:2  WaveFrontSynchro:0 WaveFrontSubstreams:1 ScalingList:0 TMVPMode:1  DQ:1  SignBitHidingFlag:0 RecalQP:0 
TOOL CFG: LFNST:1 MMVD:1 Affine:1 AffineType:1 AdaptBypassAffineMe:0 PROF:1 SbTMVP:1 DualITree:1 IMV:1 BIO:1 LMChroma:1 HorCollocatedChroma:1 VerCollocatedChroma:0 MTS:1(explicit intra) SBT:1 ISP:1 SMVD:1 CompositeLTReference:0 Bcw:1 BcwFast:1 LADF:0 CIIP:1 Geo:1 AllowDisFracMMVD:1 AffineAmvr:1 AffineAmvrEncOpt:1 AffineAmvp:1 DMVR:1 MmvdDisNum:6 JointCbCr:1 ACT:0 PLT:0 IBC:0 HashME:0 WrapAround:0 VirtualBoundariesEnabledFlag:0 VirtualBoundariesPresentInSPSFlag:1 vertical virtual boundaries:[ ] horizontal virtual boundaries:[ ] Reshape:1 (Signal:SDR Opt:0 CSoffset:6) MRL:1 MIP:1 EncDbOpt:1 AlfLambdaOpt:0 
FAST TOOL CFG: LCTUFast:1 FastMrg:1 MaxMergeRdCandNumTotal:7 MergeRdCandQuotaRegular:4 MergeRdCandQuotaRegularSmallBlk:4 MergeRdCandQuotaSubBlk:2 MergeRdCandQuotaCiip:1 MergeRdCandQuotaGpm:8 PBIntraFast:1 IMV4PelFast:1 MTSMaxCand: 4(intra) 4(inter) ISPFast:0 FastLFNST:0 AMaxBT:1 E0023FastEnc:1 ContentBasedFastQtbt:0 UseNonLinearAlfLuma:1 UseNonLinearAlfChroma:1 MaxNumAlfAlternativesChroma:8 FastMIP:0 TTFastSkip:31 TTFastSkipThr:1.075 FastLocalDualTree:1 RPR:0 TemporalFilter:4/4 SEI CTI:0 BIM:0 SEI FGC:0 SEI processing Order:0 DPF:0 


 started @ Mon Aug 18 20:06:33 2025
POC    0 LId:  0 TId: 0 ( IDR_N_LP, I-SLICE, QP 29 )    1000952 bits [Y 35.8985 dB    U 40.5954 dB    V 42.8835 dB] [ET   275 ] [L0] [L1]
POC   32 LId:  0 TId: 0 ( TRAIL, B-SLICE, QP 31 )     163592 bits [Y 34.9506 dB    U 40.5344 dB    V 42.9659 dB] [ET   235 ] [L0 0] [L1 0c]
POC   16 LId:  0 TId: 1 ( STSA, B-SLICE, QP 34 )      77536 bits [Y 34.3934 dB    U 40.3896 dB    V 42.9060 dB] [ET   183 ] [L0 0 32] [L1 32c]
POC    8 LId:  0 TId: 2 ( TRAIL, B-SLICE, QP 35 )      49744 bits [Y 34.2752 dB    U 40.4531 dB    V 42.8826 dB] [ET   158 ] [L0 0 16 32] [L1 16c 32]
POC    4 LId:  0 TId: 3 ( TRAIL, B-SLICE, QP 38 )      18952 bits [Y 34.1162 dB    U 40.5473 dB    V 42.8866 dB] [ET    98 ] [L0 0 8 16] [L1 8c 16 32]
POC    2 LId:  0 TId: 4 ( TRAIL, B-SLICE, QP 40 )       7352 bits [Y 34.2803 dB    U 40.5911 dB    V 42.8890 dB] [ET    59 ] [L0 0 4 8] [L1 4c 8 16 32]
POC    1 LId:  0 TId: 5 ( TRAIL, B-SLICE, QP 41 )       2472 bits [Y 34.7719 dB    U 40.6273 dB    V 42.9156 dB] [ET    31 ] [L0 0] [L1 2c 4]
POC    3 LId:  0 TId: 5 ( TRAIL, B-SLICE, QP 41 )       3032 bits [Y 34.0862 dB    U 40.5676 dB    V 42.8549 dB] [ET    35 ] [L0 2c 0] [L1 4 8]
POC    6 LId:  0 TId: 4 ( TRAIL, B-SLICE, QP 40 )       7040 bits [Y 34.2523 dB    U 40.4809 dB    V 42.8104 dB] [ET    59 ] [L0 4c 2 0] [L1 8 16 32]
POC    5 LId:  0 TId: 5 ( TRAIL, B-SLICE, QP 41 )       2200 bits [Y 34.0741 dB    U 40.5117 dB    V 42.8647 dB] [ET    33 ] [L0 4 0] [L1 6c 8]
POC    7 LId:  0 TId: 5 ( TRAIL, B-SLICE, QP 41 )       2472 bits [Y 34.1722 dB    U 40.4808 dB    V 42.8515 dB] [ET    34 ] [L0 6c 4] [L1 8 16]
POC   12 LId:  0 TId: 3 ( TRAIL, B-SLICE, QP 38 )      18224 bits [Y 34.2026 dB    U 40.4463 dB    V 42.8458 dB] [ET    90 ] [L0 8c 4 0] [L1 16 32]
POC   10 LId:  0 TId: 4 ( TRAIL, B-SLICE, QP 40 )       6464 bits [Y 33.9062 dB    U 40.4242 dB    V 42.8443 dB] [ET    64 ] [L0 8 6 4 0] [L1 12c 16 32]
POC    9 LId:  0 TId: 5 ( TRAIL, B-SLICE, QP 41 )       2712 bits [Y 34.0006 dB    U 40.4557 dB    V 42.8526 dB] [ET    34 ] [L0 8 4] [L1 10c 12]
POC   11 LId:  0 TId: 5 ( TRAIL, B-SLICE, QP 41 )       1960 bits [Y 33.9601 dB    U 40.4212 dB    V 42.8271 dB] [ET    34 ] [L0 10c 8] [L1 12 16]
POC   14 LId:  0 TId: 4 ( TRAIL, B-SLICE, QP 40 )       6528 bits [Y 34.0296 dB    U 40.4390 dB    V 42.8470 dB] [ET    56 ] [L0 12c 10 8 0] [L1 16 32]
POC   13 LId:  0 TId: 5 ( TRAIL, B-SLICE, QP 41 )       2024 bits [Y 33.9926 dB    U 40.4732 dB    V 42.8441 dB] [ET    34 ] [L0 12 8] [L1 14c 16]
POC   15 LId:  0 TId: 5 ( TRAIL, B-SLICE, QP 41 )       2136 bits [Y 34.1316 dB    U 40.4256 dB    V 42.8596 dB] [ET    33 ] [L0 14c 12] [L1 16 32]
POC   24 LId:  0 TId: 2 ( TRAIL, B-SLICE, QP 35 )      48960 bits [Y 34.4418 dB    U 40.4398 dB    V 42.9411 dB] [ET   137 ] [L0 16c 8 0] [L1 32]
POC   20 LId:  0 TId: 3 ( TRAIL, B-SLICE, QP 38 )      18456 bits [Y 34.1121 dB    U 40.4471 dB    V 42.8159 dB] [ET    98 ] [L0 16 8 0] [L1 24c 32]
POC   18 LId:  0 TId: 4 ( TRAIL, B-SLICE, QP 40 )       6952 bits [Y 34.0719 dB    U 40.4495 dB    V 42.9344 dB] [ET    59 ] [L0 16 8 0] [L1 20c 24 32]
POC   17 LId:  0 TId: 5 ( TRAIL, B-SLICE, QP 41 )       2376 bits [Y 34.0963 dB    U 40.4604 dB    V 42.9207 dB] [ET    35 ] [L0 16 8] [L1 18c 20]
POC   19 LId:  0 TId: 5 ( TRAIL, B-SLICE, QP 41 )       2192 bits [Y 33.9072 dB    U 40.4575 dB    V 42.8866 dB] [ET    34 ] [L0 18c 16] [L1 20 24]
POC   22 LId:  0 TId: 4 ( TRAIL, B-SLICE, QP 40 )       7024 bits [Y 34.0518 dB    U 40.4323 dB    V 42.8882 dB] [ET    59 ] [L0 20c 16 0] [L1 24 32 18]
POC   21 LId:  0 TId: 5 ( TRAIL, B-SLICE, QP 41 )       2264 bits [Y 33.9559 dB    U 40.4639 dB    V 42.8558 dB] [ET    34 ] [L0 20 16] [L1 22c 24]
POC   23 LId:  0 TId: 5 ( TRAIL, B-SLICE, QP 41 )       1880 bits [Y 34.1240 dB    U 40.4399 dB    V 42.8566 dB] [ET    34 ] [L0 22c 20] [L1 24 32]
POC   28 LId:  0 TId: 3 ( TRAIL, B-SLICE, QP 38 )      18256 bits [Y 34.2751 dB    U 40.4931 dB    V 42.9433 dB] [ET    91 ] [L0 24c 20 16 0] [L1 32]
POC   26 LId:  0 TId: 4 ( TRAIL, B-SLICE, QP 40 )       7896 bits [Y 33.9330 dB    U 40.4310 dB    V 42.8508 dB] [ET    63 ] [L0 24 20 16 0] [L1 28c 32]
POC   25 LId:  0 TId: 5 ( TRAIL, B-SLICE, QP 41 )       2336 bits [Y 34.1213 dB    U 40.4304 dB    V 42.8798 dB] [ET    34 ] [L0 24 20] [L1 26c 28]
POC   27 LId:  0 TId: 5 ( TRAIL, B-SLICE, QP 41 )       2784 bits [Y 33.9575 dB    U 40.4307 dB    V 42.8645 dB] [ET    35 ] [L0 26c 24] [L1 28 32]
POC   30 LId:  0 TId: 4 ( TRAIL, B-SLICE, QP 40 )       7392 bits [Y 34.0984 dB    U 40.5235 dB    V 42.9233 dB] [ET    56 ] [L0 28c 24 16 0] [L1 32]
POC   29 LId:  0 TId: 5 ( TRAIL, B-SLICE, QP 41 )       2280 bits [Y 34.0283 dB    U 40.4886 dB    V 42.8932 dB] [ET    35 ] [L0 28 24] [L1 30c 32]
POC   31 LId:  0 TId: 5 ( TRAIL, B-SLICE, QP 41 )       2096 bits [Y 34.3768 dB    U 40.5326 dB    V 42.9281 dB] [ET    32 ] [L0 30c 28] [L1 32]

LayerId  0
	Total Frames |  Bitrate      Y-PSNR   U-PSNR   V-PSNR   YUV-PSNR 
	33           a  2742.7927    34.2135  40.4783  42.8792  35.5744  

 finished @ Mon Aug 18 20:46:13 2025
 Total Time:     2380.745 sec. [user]     2380.745 sec. [elapsed]
