
VVCSoftware: VTM Encoder Version 23.11 [Windows][VS 1944][64 bit] [SIMD=AVX2] 

TOOL CFG: IBD:1 HAD:1 RDQ:1 RDQTS:1 LQP:0 SQP:0 ASR:1 MinSearchWindow:96 RestrictMESampling:0 FEN:1 ECU:0 FDM:1 ESD:0 TransformSkip:1 TransformSkipFast:1 TransformSkipLog2MaxSize:5 ChromaTS:1 BDPCM:0 Tiles: 1x1 Slices: 1 MCTS:0 SAO:1 ALF:1 CCALF:1 MaxNumALFAPS 8 AlfapsIDShift 0 ConstantJointCbCrSignFlagWPP:0 WPB:0 PME:2  WaveFrontSynchro:0 WaveFrontSubstreams:1 ScalingList:0 TMVPMode:1  DQ:1  SignBitHidingFlag:0 RecalQP:0 
TOOL CFG: LFNST:1 MMVD:1 Affine:1 AffineType:1 AdaptBypassAffineMe:0 PROF:1 SbTMVP:1 DualITree:1 IMV:1 BIO:1 LMChroma:1 HorCollocatedChroma:1 VerCollocatedChroma:0 MTS:1(explicit intra) SBT:1 ISP:1 SMVD:1 CompositeLTReference:0 Bcw:1 BcwFast:1 LADF:0 CIIP:1 Geo:1 AllowDisFracMMVD:1 AffineAmvr:1 AffineAmvrEncOpt:1 AffineAmvp:1 DMVR:1 MmvdDisNum:6 JointCbCr:1 ACT:0 PLT:0 IBC:0 HashME:0 WrapAround:0 VirtualBoundariesEnabledFlag:0 VirtualBoundariesPresentInSPSFlag:1 vertical virtual boundaries:[ ] horizontal virtual boundaries:[ ] Reshape:1 (Signal:SDR Opt:0 CSoffset:6) MRL:1 MIP:1 EncDbOpt:1 AlfLambdaOpt:0 
FAST TOOL CFG: LCTUFast:1 FastMrg:0 MaxMergeRdCandNumTotal:7 MergeRdCandQuotaRegular:4 MergeRdCandQuotaRegularSmallBlk:4 MergeRdCandQuotaSubBlk:2 MergeRdCandQuotaCiip:1 MergeRdCandQuotaGpm:8 PBIntraFast:1 IMV4PelFast:1 MTSMaxCand: 4(intra) 4(inter) ISPFast:0 FastLFNST:0 AMaxBT:1 E0023FastEnc:1 ContentBasedFastQtbt:0 UseNonLinearAlfLuma:1 UseNonLinearAlfChroma:1 MaxNumAlfAlternativesChroma:8 FastMIP:0 TTFastSkip:31 TTFastSkipThr:1.075 FastLocalDualTree:1 RPR:0 TemporalFilter:4/4 SEI CTI:0 BIM:0 SEI FGC:0 SEI processing Order:0 DPF:0 


 started @ Tue Aug 19 01:03:44 2025
POC    0 LId:  0 TId: 0 ( IDR_N_LP, I-SLICE, QP 19 )     857560 bits [Y 43.5688 dB    U 43.7127 dB    V 43.7968 dB] [ET   140 ] [L0] [L1]
POC   32 LId:  0 TId: 0 ( TRAIL, B-SLICE, QP 21 )     494736 bits [Y 42.4945 dB    U 42.4185 dB    V 42.8051 dB] [ET   217 ] [L0 0] [L1 0c]
POC   16 LId:  0 TId: 1 ( STSA, B-SLICE, QP 22 )     399192 bits [Y 41.9668 dB    U 42.0898 dB    V 42.5642 dB] [ET   210 ] [L0 0 32] [L1 32c]
POC    8 LId:  0 TId: 2 ( TRAIL, B-SLICE, QP 23 )     365096 bits [Y 41.7315 dB    U 41.8722 dB    V 42.3820 dB] [ET   211 ] [L0 0 16 32] [L1 16c 32]
POC    4 LId:  0 TId: 3 ( TRAIL, B-SLICE, QP 26 )     238160 bits [Y 41.5466 dB    U 41.2180 dB    V 41.5232 dB] [ET   164 ] [L0 0 8 16] [L1 8c 16 32]
POC    2 LId:  0 TId: 4 ( TRAIL, B-SLICE, QP 28 )     155864 bits [Y 40.9026 dB    U 40.5025 dB    V 40.9673 dB] [ET   137 ] [L0 0 4 8] [L1 4c 8 16 32]
POC    1 LId:  0 TId: 5 ( TRAIL, B-SLICE, QP 29 )     132872 bits [Y 40.5683 dB    U 40.0380 dB    V 40.4534 dB] [ET   109 ] [L0 0] [L1 2c 4]
POC    3 LId:  0 TId: 5 ( TRAIL, B-SLICE, QP 29 )     142160 bits [Y 40.4019 dB    U 39.9756 dB    V 40.0622 dB] [ET   107 ] [L0 2c 0] [L1 4 8]
POC    6 LId:  0 TId: 4 ( TRAIL, B-SLICE, QP 28 )     217784 bits [Y 40.2661 dB    U 39.8063 dB    V 40.1244 dB] [ET   158 ] [L0 4c 2 0] [L1 8 16 32]
POC    5 LId:  0 TId: 5 ( TRAIL, B-SLICE, QP 29 )     172288 bits [Y 40.0513 dB    U 39.5036 dB    V 39.5541 dB] [ET   116 ] [L0 4 0] [L1 6c 8]
POC    7 LId:  0 TId: 5 ( TRAIL, B-SLICE, QP 29 )     186592 bits [Y 39.7573 dB    U 39.2277 dB    V 39.4835 dB] [ET   133 ] [L0 6c 4] [L1 8 16]
POC   12 LId:  0 TId: 3 ( TRAIL, B-SLICE, QP 26 )     257976 bits [Y 41.3688 dB    U 40.9549 dB    V 41.3171 dB] [ET   162 ] [L0 8c 4 0] [L1 16 32]
POC   10 LId:  0 TId: 4 ( TRAIL, B-SLICE, QP 28 )     193784 bits [Y 40.3954 dB    U 39.8176 dB    V 40.3274 dB] [ET   148 ] [L0 8 6 4 0] [L1 12c 16 32]
POC    9 LId:  0 TId: 5 ( TRAIL, B-SLICE, QP 29 )     167688 bits [Y 39.9202 dB    U 39.4758 dB    V 39.6943 dB] [ET   126 ] [L0 8 4] [L1 10c 12]
POC   11 LId:  0 TId: 5 ( TRAIL, B-SLICE, QP 29 )     170192 bits [Y 39.9160 dB    U 39.4625 dB    V 39.6707 dB] [ET   123 ] [L0 10c 8] [L1 12 16]
POC   14 LId:  0 TId: 4 ( TRAIL, B-SLICE, QP 28 )     219144 bits [Y 40.4948 dB    U 39.8266 dB    V 40.3304 dB] [ET   151 ] [L0 12c 10 8 0] [L1 16 32]
POC   13 LId:  0 TId: 5 ( TRAIL, B-SLICE, QP 29 )     178616 bits [Y 39.7899 dB    U 39.0591 dB    V 39.3375 dB] [ET   122 ] [L0 12 8] [L1 14c 16]
POC   15 LId:  0 TId: 5 ( TRAIL, B-SLICE, QP 29 )     178856 bits [Y 39.9676 dB    U 39.2485 dB    V 39.5738 dB] [ET   122 ] [L0 14c 12] [L1 16 32]
POC   24 LId:  0 TId: 2 ( TRAIL, B-SLICE, QP 23 )     339952 bits [Y 41.8481 dB    U 42.0012 dB    V 42.3250 dB] [ET   184 ] [L0 16c 8 0] [L1 32]
POC   20 LId:  0 TId: 3 ( TRAIL, B-SLICE, QP 26 )     220088 bits [Y 41.5418 dB    U 41.0554 dB    V 41.4553 dB] [ET   152 ] [L0 16 8 0] [L1 24c 32]
POC   18 LId:  0 TId: 4 ( TRAIL, B-SLICE, QP 28 )     162976 bits [Y 40.9110 dB    U 40.2655 dB    V 40.7302 dB] [ET   130 ] [L0 16 8 0] [L1 20c 24 32]
POC   17 LId:  0 TId: 5 ( TRAIL, B-SLICE, QP 29 )     155096 bits [Y 40.0908 dB    U 39.6265 dB    V 39.8619 dB] [ET   117 ] [L0 16 8] [L1 18c 20]
POC   19 LId:  0 TId: 5 ( TRAIL, B-SLICE, QP 29 )     129512 bits [Y 40.4484 dB    U 39.6410 dB    V 39.8215 dB] [ET   105 ] [L0 18c 16] [L1 20 24]
POC   22 LId:  0 TId: 4 ( TRAIL, B-SLICE, QP 28 )     202544 bits [Y 39.9542 dB    U 39.3212 dB    V 40.0991 dB] [ET   150 ] [L0 20c 16 0] [L1 24 32 18]
POC   21 LId:  0 TId: 5 ( TRAIL, B-SLICE, QP 29 )     138152 bits [Y 40.0567 dB    U 39.5073 dB    V 39.8303 dB] [ET   109 ] [L0 20 16] [L1 22c 24]
POC   23 LId:  0 TId: 5 ( TRAIL, B-SLICE, QP 29 )     149920 bits [Y 39.8707 dB    U 39.1064 dB    V 39.5303 dB] [ET   116 ] [L0 22c 20] [L1 24 32]
POC   28 LId:  0 TId: 3 ( TRAIL, B-SLICE, QP 26 )     228832 bits [Y 41.5015 dB    U 41.0623 dB    V 41.3408 dB] [ET   152 ] [L0 24c 20 16 0] [L1 32]
POC   26 LId:  0 TId: 4 ( TRAIL, B-SLICE, QP 28 )     204352 bits [Y 40.3316 dB    U 40.0414 dB    V 40.2175 dB] [ET   149 ] [L0 24 20 16 0] [L1 28c 32]
POC   25 LId:  0 TId: 5 ( TRAIL, B-SLICE, QP 29 )     180936 bits [Y 39.7748 dB    U 39.3140 dB    V 39.3309 dB] [ET   125 ] [L0 24 20] [L1 26c 28]
POC   27 LId:  0 TId: 5 ( TRAIL, B-SLICE, QP 29 )     159264 bits [Y 39.8535 dB    U 39.4915 dB    V 39.5800 dB] [ET   121 ] [L0 26c 24] [L1 28 32]
POC   30 LId:  0 TId: 4 ( TRAIL, B-SLICE, QP 28 )     205640 bits [Y 40.3519 dB    U 39.7981 dB    V 40.0897 dB] [ET   144 ] [L0 28c 24 16 0] [L1 32]
POC   29 LId:  0 TId: 5 ( TRAIL, B-SLICE, QP 29 )     150192 bits [Y 40.2463 dB    U 39.3798 dB    V 39.5854 dB] [ET   113 ] [L0 28 24] [L1 30c 32]
POC   31 LId:  0 TId: 5 ( TRAIL, B-SLICE, QP 29 )     180648 bits [Y 39.9520 dB    U 39.3998 dB    V 39.5567 dB] [ET   117 ] [L0 30c 28] [L1 32]

LayerId  0
	Total Frames |  Bitrate      Y-PSNR   U-PSNR   V-PSNR   YUV-PSNR 
	33           a  11419.1879   40.6619  40.2188  40.5249  40.4600  

 finished @ Tue Aug 19 02:21:03 2025
 Total Time:     4638.737 sec. [user]     4638.738 sec. [elapsed]
