
VVCSoftware: VTM Encoder Version 23.11 [Windows][VS 1944][64 bit] [SIMD=AVX2] 

TOOL CFG: IBD:1 HAD:1 RDQ:0 RDQTS:0 LQP:0 SQP:0 ASR:0 MinSearchWindow:96 RestrictMESampling:0 FEN:0 ECU:0 FDM:0 ESD:0 TransformSkip:1 TransformSkipFast:1 TransformSkipLog2MaxSize:5 ChromaTS:1 BDPCM:0 Tiles: 1x1 Slices: 1 MCTS:0 SAO:0 ALF:0 CCALF:0 MaxNumALFAPS 8 AlfapsIDShift 0 ConstantJointCbCrSignFlagWPP:0 WPB:0 PME:2  WaveFrontSynchro:0 WaveFrontSubstreams:1 ScalingList:0 TMVPMode:1  DQ:0  SignBitHidingFlag:0 RecalQP:0 
TOOL CFG: LFNST:1 MMVD:1 Affine:1 AffineType:1 AdaptBypassAffineMe:0 PROF:1 SbTMVP:1 DualITree:1 IMV:1 BIO:1 LMChroma:1 HorCollocatedChroma:1 VerCollocatedChroma:0 MTS:1(explicit intra) SBT:1 ISP:1 SMVD:1 CompositeLTReference:0 Bcw:1 BcwFast:1 LADF:0 CIIP:1 Geo:1 AllowDisFracMMVD:1 AffineAmvr:1 AffineAmvrEncOpt:1 AffineAmvp:1 DMVR:1 MmvdDisNum:6 JointCbCr:1 ACT:0 PLT:0 IBC:0 HashME:0 WrapAround:0 VirtualBoundariesEnabledFlag:0 VirtualBoundariesPresentInSPSFlag:1 vertical virtual boundaries:[ ] horizontal virtual boundaries:[ ] Reshape:1 (Signal:SDR Opt:0 CSoffset:6) MRL:1 MIP:1 EncDbOpt:1 AlfLambdaOpt:0 
FAST TOOL CFG: LCTUFast:0 FastMrg:0 MaxMergeRdCandNumTotal:7 MergeRdCandQuotaRegular:4 MergeRdCandQuotaRegularSmallBlk:4 MergeRdCandQuotaSubBlk:2 MergeRdCandQuotaCiip:1 MergeRdCandQuotaGpm:8 PBIntraFast:1 IMV4PelFast:1 MTSMaxCand: 4(intra) 4(inter) ISPFast:0 FastLFNST:0 AMaxBT:1 E0023FastEnc:1 ContentBasedFastQtbt:0 UseNonLinearAlfLuma:1 UseNonLinearAlfChroma:1 MaxNumAlfAlternativesChroma:8 FastMIP:0 TTFastSkip:31 TTFastSkipThr:1.075 FastLocalDualTree:1 RPR:0 TemporalFilter:4/4 SEI CTI:0 BIM:0 SEI FGC:0 SEI processing Order:0 DPF:0 


 started @ Tue Aug 19 15:08:15 2025
POC    0 LId:  0 TId: 0 ( IDR_N_LP, I-SLICE, QP 29 )      55424 bits [Y 38.8496 dB    U 41.9413 dB    V 41.8363 dB] [ET    14 ] [L0] [L1]
POC   32 LId:  0 TId: 0 ( TRAIL, B-SLICE, QP 31 )      21824 bits [Y 37.6651 dB    U 41.5030 dB    V 40.7645 dB] [ET   426 ] [L0 0] [L1 0c]
POC   16 LId:  0 TId: 1 ( STSA, B-SLICE, QP 34 )       9392 bits [Y 36.4434 dB    U 40.9378 dB    V 39.5987 dB] [ET   441 ] [L0 0 32] [L1 32c]
POC    8 LId:  0 TId: 2 ( TRAIL, B-SLICE, QP 35 )       6376 bits [Y 36.3963 dB    U 41.0063 dB    V 39.9011 dB] [ET   664 ] [L0 0 16 32] [L1 16c 32]
POC    4 LId:  0 TId: 3 ( TRAIL, B-SLICE, QP 38 )       3144 bits [Y 35.7903 dB    U 41.5325 dB    V 40.7155 dB] [ET   691 ] [L0 0 8 16] [L1 8c 16 32]
POC    2 LId:  0 TId: 4 ( TRAIL, B-SLICE, QP 40 )       1272 bits [Y 36.2896 dB    U 41.6559 dB    V 40.6953 dB] [ET   525 ] [L0 0 4 8] [L1 4c 8 16 32]
POC    1 LId:  0 TId: 5 ( TRAIL, B-SLICE, QP 41 )        456 bits [Y 36.7707 dB    U 41.7801 dB    V 40.9848 dB] [ET   112 ] [L0 0] [L1 2c 4]
POC    3 LId:  0 TId: 5 ( TRAIL, B-SLICE, QP 41 )        408 bits [Y 35.7011 dB    U 41.6022 dB    V 40.6047 dB] [ET   168 ] [L0 2c 0] [L1 4 8]
POC    6 LId:  0 TId: 4 ( TRAIL, B-SLICE, QP 40 )       1336 bits [Y 35.3215 dB    U 41.1413 dB    V 40.1997 dB] [ET   670 ] [L0 4c 2 0] [L1 8 16 32]
POC    5 LId:  0 TId: 5 ( TRAIL, B-SLICE, QP 41 )        288 bits [Y 35.4039 dB    U 41.2736 dB    V 40.4294 dB] [ET   139 ] [L0 4 0] [L1 6c 8]
POC    7 LId:  0 TId: 5 ( TRAIL, B-SLICE, QP 41 )        480 bits [Y 35.6007 dB    U 40.9840 dB    V 40.0366 dB] [ET   177 ] [L0 6c 4] [L1 8 16]
POC   12 LId:  0 TId: 3 ( TRAIL, B-SLICE, QP 38 )       3576 bits [Y 35.5732 dB    U 41.0961 dB    V 39.8207 dB] [ET   787 ] [L0 8c 4 0] [L1 16 32]
POC   10 LId:  0 TId: 4 ( TRAIL, B-SLICE, QP 40 )       1448 bits [Y 35.4471 dB    U 41.1973 dB    V 40.0902 dB] [ET   624 ] [L0 8 6 4 0] [L1 12c 16 32]
POC    9 LId:  0 TId: 5 ( TRAIL, B-SLICE, QP 41 )        496 bits [Y 35.5190 dB    U 41.1315 dB    V 40.0820 dB] [ET   163 ] [L0 8 4] [L1 10c 12]
POC   11 LId:  0 TId: 5 ( TRAIL, B-SLICE, QP 41 )        624 bits [Y 35.2971 dB    U 41.2014 dB    V 39.8736 dB] [ET   176 ] [L0 10c 8] [L1 12 16]
POC   14 LId:  0 TId: 4 ( TRAIL, B-SLICE, QP 40 )       1048 bits [Y 35.3674 dB    U 41.2521 dB    V 39.8382 dB] [ET   517 ] [L0 12c 10 8 0] [L1 16 32]
POC   13 LId:  0 TId: 5 ( TRAIL, B-SLICE, QP 41 )        448 bits [Y 35.2749 dB    U 41.2345 dB    V 39.8065 dB] [ET   152 ] [L0 12 8] [L1 14c 16]
POC   15 LId:  0 TId: 5 ( TRAIL, B-SLICE, QP 41 )        296 bits [Y 35.7155 dB    U 41.1918 dB    V 39.8457 dB] [ET   128 ] [L0 14c 12] [L1 16 32]
POC   24 LId:  0 TId: 2 ( TRAIL, B-SLICE, QP 35 )       6808 bits [Y 36.0440 dB    U 41.0796 dB    V 39.6636 dB] [ET   696 ] [L0 16c 8 0] [L1 32]
POC   20 LId:  0 TId: 3 ( TRAIL, B-SLICE, QP 38 )       3096 bits [Y 35.4264 dB    U 41.3852 dB    V 39.7868 dB] [ET   761 ] [L0 16 8 0] [L1 24c 32]
POC   18 LId:  0 TId: 4 ( TRAIL, B-SLICE, QP 40 )       1008 bits [Y 35.2286 dB    U 41.3484 dB    V 39.5704 dB] [ET   494 ] [L0 16 8 0] [L1 20c 24 32]
POC   17 LId:  0 TId: 5 ( TRAIL, B-SLICE, QP 41 )        296 bits [Y 35.7265 dB    U 41.1763 dB    V 39.5197 dB] [ET   129 ] [L0 16 8] [L1 18c 20]
POC   19 LId:  0 TId: 5 ( TRAIL, B-SLICE, QP 41 )        232 bits [Y 35.2066 dB    U 41.4502 dB    V 39.5792 dB] [ET   113 ] [L0 18c 16] [L1 20 24]
POC   22 LId:  0 TId: 4 ( TRAIL, B-SLICE, QP 40 )        984 bits [Y 35.0932 dB    U 41.2748 dB    V 39.7689 dB] [ET   425 ] [L0 20c 16 0] [L1 24 32 18]
POC   21 LId:  0 TId: 5 ( TRAIL, B-SLICE, QP 41 )        240 bits [Y 35.1273 dB    U 41.3812 dB    V 39.7377 dB] [ET   106 ] [L0 20 16] [L1 22c 24]
POC   23 LId:  0 TId: 5 ( TRAIL, B-SLICE, QP 41 )        224 bits [Y 35.4660 dB    U 41.2729 dB    V 39.4821 dB] [ET    95 ] [L0 22c 20] [L1 24 32]
POC   28 LId:  0 TId: 3 ( TRAIL, B-SLICE, QP 38 )       3064 bits [Y 35.6242 dB    U 41.2563 dB    V 40.1174 dB] [ET   575 ] [L0 24c 20 16 0] [L1 32]
POC   26 LId:  0 TId: 4 ( TRAIL, B-SLICE, QP 40 )        992 bits [Y 35.2306 dB    U 41.3728 dB    V 40.0993 dB] [ET   397 ] [L0 24 20 16 0] [L1 28c 32]
POC   25 LId:  0 TId: 5 ( TRAIL, B-SLICE, QP 41 )        208 bits [Y 35.5770 dB    U 41.4027 dB    V 39.7797 dB] [ET    92 ] [L0 24 20] [L1 26c 28]
POC   27 LId:  0 TId: 5 ( TRAIL, B-SLICE, QP 41 )        248 bits [Y 35.2360 dB    U 41.3551 dB    V 39.8098 dB] [ET   102 ] [L0 26c 24] [L1 28 32]
POC   30 LId:  0 TId: 4 ( TRAIL, B-SLICE, QP 40 )       1144 bits [Y 35.7906 dB    U 41.4405 dB    V 40.3710 dB] [ET   372 ] [L0 28c 24 16 0] [L1 32]
POC   29 LId:  0 TId: 5 ( TRAIL, B-SLICE, QP 41 )        280 bits [Y 35.4294 dB    U 41.3811 dB    V 39.8447 dB] [ET    95 ] [L0 28 24] [L1 30c 32]
POC   31 LId:  0 TId: 5 ( TRAIL, B-SLICE, QP 41 )        384 bits [Y 36.2138 dB    U 41.4726 dB    V 40.2599 dB] [ET    92 ] [L0 30c 28] [L1 32]

LayerId  0
	Total Frames |  Bitrate      Y-PSNR   U-PSNR   V-PSNR   YUV-PSNR 
	33           a  193.2485     35.7832  41.3246  40.0762  36.8364  

 finished @ Tue Aug 19 18:13:35 2025
 Total Time:    11119.408 sec. [user]    11119.408 sec. [elapsed]
