
VVCSoftware: VTM Encoder Version 23.11 [Windows][VS 1944][64 bit] [SIMD=AVX2] 

TOOL CFG: IBD:1 HAD:1 RDQ:1 RDQTS:1 LQP:0 SQP:0 ASR:1 MinSearchWindow:96 RestrictMESampling:0 FEN:1 ECU:0 FDM:1 ESD:0 TransformSkip:1 TransformSkipFast:1 TransformSkipLog2MaxSize:5 ChromaTS:1 BDPCM:0 Tiles: 1x1 Slices: 1 MCTS:0 SAO:1 ALF:1 CCALF:1 MaxNumALFAPS 8 AlfapsIDShift 0 ConstantJointCbCrSignFlagWPP:0 WPB:0 PME:2  WaveFrontSynchro:0 WaveFrontSubstreams:1 ScalingList:0 TMVPMode:1  DQ:1  SignBitHidingFlag:0 RecalQP:0 
TOOL CFG: LFNST:1 MMVD:1 Affine:1 AffineType:1 AdaptBypassAffineMe:0 PROF:1 SbTMVP:1 DualITree:1 IMV:1 BIO:1 LMChroma:1 HorCollocatedChroma:1 VerCollocatedChroma:0 MTS:1(explicit intra) SBT:1 ISP:1 SMVD:1 CompositeLTReference:0 Bcw:1 BcwFast:1 LADF:0 CIIP:1 Geo:1 AllowDisFracMMVD:1 AffineAmvr:1 AffineAmvrEncOpt:1 AffineAmvp:1 DMVR:1 MmvdDisNum:6 JointCbCr:1 ACT:0 PLT:0 IBC:0 HashME:0 WrapAround:0 VirtualBoundariesEnabledFlag:0 VirtualBoundariesPresentInSPSFlag:1 vertical virtual boundaries:[ ] horizontal virtual boundaries:[ ] Reshape:1 (Signal:SDR Opt:0 CSoffset:6) MRL:1 MIP:1 EncDbOpt:1 AlfLambdaOpt:0 
FAST TOOL CFG: LCTUFast:1 FastMrg:1 MaxMergeRdCandNumTotal:7 MergeRdCandQuotaRegular:4 MergeRdCandQuotaRegularSmallBlk:4 MergeRdCandQuotaSubBlk:2 MergeRdCandQuotaCiip:1 MergeRdCandQuotaGpm:8 PBIntraFast:1 IMV4PelFast:1 MTSMaxCand: 4(intra) 4(inter) ISPFast:0 FastLFNST:0 AMaxBT:1 E0023FastEnc:1 ContentBasedFastQtbt:0 UseNonLinearAlfLuma:1 UseNonLinearAlfChroma:1 MaxNumAlfAlternativesChroma:8 FastMIP:0 TTFastSkip:31 TTFastSkipThr:1.075 FastLocalDualTree:1 RPR:0 TemporalFilter:4/4 SEI CTI:0 BIM:0 SEI FGC:0 SEI processing Order:0 DPF:0 


 started @ Wed Sep 24 04:23:42 2025
POC    0 LId:  0 TId: 0 ( IDR_N_LP, I-SLICE, QP 29 )      89720 bits [Y 36.3071 dB    U 38.6506 dB    V 40.3462 dB] [ET    27 ] [L0] [L1]
POC    8 LId:  0 TId: 2 ( STSA, B-SLICE, QP 35 )      12344 bits [Y 33.1785 dB    U 37.4106 dB    V 39.0752 dB] [ET    22 ] [L0 0] [L1 0c]
POC    4 LId:  0 TId: 3 ( TRAIL, B-SLICE, QP 38 )       3696 bits [Y 33.1378 dB    U 37.7473 dB    V 39.2675 dB] [ET    12 ] [L0 0 8] [L1 8c 0]
POC    2 LId:  0 TId: 4 ( TRAIL, B-SLICE, QP 40 )       1920 bits [Y 33.4949 dB    U 37.9363 dB    V 39.7641 dB] [ET     8 ] [L0 0 4 8] [L1 4c 8 0]
POC    1 LId:  0 TId: 5 ( TRAIL, B-SLICE, QP 41 )        712 bits [Y 34.4150 dB    U 38.1412 dB    V 39.9744 dB] [ET     3 ] [L0 0] [L1 2c 4]
POC    3 LId:  0 TId: 5 ( TRAIL, B-SLICE, QP 41 )        880 bits [Y 33.0749 dB    U 37.6362 dB    V 39.4742 dB] [ET     3 ] [L0 2c 0] [L1 4 8]
POC    6 LId:  0 TId: 4 ( TRAIL, B-SLICE, QP 40 )       1768 bits [Y 32.6256 dB    U 37.3456 dB    V 38.8724 dB] [ET     7 ] [L0 4c 2 0] [L1 8 4 2]
POC    5 LId:  0 TId: 5 ( TRAIL, B-SLICE, QP 41 )        720 bits [Y 32.7449 dB    U 37.5270 dB    V 39.0296 dB] [ET     3 ] [L0 4 0] [L1 6c 8]
POC    7 LId:  0 TId: 5 ( TRAIL, B-SLICE, QP 41 )        560 bits [Y 32.7193 dB    U 37.3800 dB    V 38.9973 dB] [ET     4 ] [L0 6c 4] [L1 8 6]
POC   12 LId:  0 TId: 3 ( TRAIL, B-SLICE, QP 38 )       5384 bits [Y 32.2073 dB    U 37.0333 dB    V 39.1689 dB] [ET    15 ] [L0 8 4 0] [L1 8c 4]
POC   10 LId:  0 TId: 4 ( TRAIL, B-SLICE, QP 40 )       1360 bits [Y 32.2105 dB    U 37.0893 dB    V 39.0893 dB] [ET     6 ] [L0 8 6 4 0] [L1 12c 8 6]
POC    9 LId:  0 TId: 5 ( TRAIL, B-SLICE, QP 41 )        456 bits [Y 32.5393 dB    U 37.1911 dB    V 39.1026 dB] [ET     4 ] [L0 8 4] [L1 10c 12]
POC   11 LId:  0 TId: 5 ( TRAIL, B-SLICE, QP 41 )        416 bits [Y 31.9539 dB    U 36.9976 dB    V 39.1219 dB] [ET     3 ] [L0 10c 8] [L1 12 10]
POC   14 LId:  0 TId: 4 ( TRAIL, B-SLICE, QP 40 )       3296 bits [Y 31.3700 dB    U 36.6144 dB    V 38.8679 dB] [ET    12 ] [L0 12 10 8 0] [L1 12c 10]
POC   13 LId:  0 TId: 5 ( TRAIL, B-SLICE, QP 41 )        616 bits [Y 31.7500 dB    U 36.7829 dB    V 39.0538 dB] [ET     3 ] [L0 12 8] [L1 14c 12]
POC   15 LId:  0 TId: 5 ( TRAIL, B-SLICE, QP 41 )       1768 bits [Y 30.8262 dB    U 36.4017 dB    V 38.7882 dB] [ET     5 ] [L0 14 12] [L1 14c 12]

LayerId  0
	Total Frames |  Bitrate      Y-PSNR   U-PSNR   V-PSNR   YUV-PSNR 
	16           a  392.5500     32.7847  37.3678  39.2496  33.8223  

 finished @ Wed Sep 24 04:26:00 2025
 Total Time:      138.320 sec. [user]      138.320 sec. [elapsed]
