
VVCSoftware: VTM Encoder Version 23.11 [Windows][VS 1944][64 bit] [SIMD=AVX2] 

TOOL CFG: IBD:1 HAD:1 RDQ:1 RDQTS:1 LQP:0 SQP:0 ASR:1 MinSearchWindow:96 RestrictMESampling:0 FEN:0 ECU:0 FDM:1 ESD:0 TransformSkip:1 TransformSkipFast:1 TransformSkipLog2MaxSize:5 ChromaTS:1 BDPCM:0 Tiles: 1x1 Slices: 1 MCTS:0 SAO:1 ALF:1 CCALF:1 MaxNumALFAPS 8 AlfapsIDShift 0 ConstantJointCbCrSignFlagWPP:0 WPB:0 PME:2  WaveFrontSynchro:0 WaveFrontSubstreams:1 ScalingList:0 TMVPMode:1  DQ:1  SignBitHidingFlag:0 RecalQP:0 
TOOL CFG: LFNST:1 MMVD:1 Affine:1 AffineType:1 AdaptBypassAffineMe:0 PROF:1 SbTMVP:1 DualITree:1 IMV:1 BIO:1 LMChroma:1 HorCollocatedChroma:1 VerCollocatedChroma:0 MTS:1(explicit intra) SBT:1 ISP:1 SMVD:1 CompositeLTReference:0 Bcw:1 BcwFast:1 LADF:0 CIIP:1 Geo:1 AllowDisFracMMVD:1 AffineAmvr:1 AffineAmvrEncOpt:1 AffineAmvp:1 DMVR:1 MmvdDisNum:6 JointCbCr:1 ACT:0 PLT:0 IBC:0 HashME:0 WrapAround:0 VirtualBoundariesEnabledFlag:0 VirtualBoundariesPresentInSPSFlag:1 vertical virtual boundaries:[ ] horizontal virtual boundaries:[ ] Reshape:1 (Signal:SDR Opt:0 CSoffset:6) MRL:1 MIP:1 EncDbOpt:1 AlfLambdaOpt:0 
FAST TOOL CFG: LCTUFast:1 FastMrg:1 MaxMergeRdCandNumTotal:7 MergeRdCandQuotaRegular:4 MergeRdCandQuotaRegularSmallBlk:4 MergeRdCandQuotaSubBlk:2 MergeRdCandQuotaCiip:1 MergeRdCandQuotaGpm:8 PBIntraFast:1 IMV4PelFast:1 MTSMaxCand: 4(intra) 4(inter) ISPFast:0 FastLFNST:0 AMaxBT:1 E0023FastEnc:1 ContentBasedFastQtbt:0 UseNonLinearAlfLuma:1 UseNonLinearAlfChroma:1 MaxNumAlfAlternativesChroma:8 FastMIP:0 TTFastSkip:31 TTFastSkipThr:1.075 FastLocalDualTree:1 RPR:0 TemporalFilter:4/4 SEI CTI:0 BIM:0 SEI FGC:0 SEI processing Order:0 DPF:0 


 started @ Tue Aug 19 01:23:49 2025
POC    0 LId:  0 TId: 0 ( IDR_N_LP, I-SLICE, QP 34 )     138984 bits [Y 37.5412 dB    U 42.1852 dB    V 42.4154 dB] [ET    69 ] [L0] [L1]
POC   32 LId:  0 TId: 0 ( TRAIL, B-SLICE, QP 36 )     115112 bits [Y 37.1144 dB    U 41.9109 dB    V 42.0075 dB] [ET   345 ] [L0 0] [L1 0c]
POC   16 LId:  0 TId: 1 ( STSA, B-SLICE, QP 40 )      44912 bits [Y 36.6452 dB    U 42.0625 dB    V 41.9990 dB] [ET   210 ] [L0 0 32] [L1 32c]
POC    8 LId:  0 TId: 2 ( TRAIL, B-SLICE, QP 41 )      34264 bits [Y 36.3940 dB    U 41.8826 dB    V 41.7521 dB] [ET   181 ] [L0 0 16 32] [L1 16c 32]
POC    4 LId:  0 TId: 3 ( TRAIL, B-SLICE, QP 43 )      22224 bits [Y 36.2497 dB    U 41.8450 dB    V 41.6841 dB] [ET   152 ] [L0 0 8 16] [L1 8c 16 32]
POC    2 LId:  0 TId: 4 ( TRAIL, B-SLICE, QP 45 )      12608 bits [Y 36.1280 dB    U 41.7585 dB    V 41.4138 dB] [ET    95 ] [L0 0 4 8] [L1 4c 8 16 32]
POC    1 LId:  0 TId: 5 ( TRAIL, B-SLICE, QP 46 )       6800 bits [Y 36.2475 dB    U 41.8967 dB    V 41.6502 dB] [ET    46 ] [L0 0] [L1 2c 4]
POC    3 LId:  0 TId: 5 ( TRAIL, B-SLICE, QP 46 )       7272 bits [Y 35.8540 dB    U 41.7695 dB    V 41.1767 dB] [ET    49 ] [L0 2c 0] [L1 4 8]
POC    6 LId:  0 TId: 4 ( TRAIL, B-SLICE, QP 45 )      14376 bits [Y 35.6884 dB    U 41.6832 dB    V 41.1987 dB] [ET   102 ] [L0 4c 2 0] [L1 8 16 32]
POC    5 LId:  0 TId: 5 ( TRAIL, B-SLICE, QP 46 )       7456 bits [Y 35.6246 dB    U 41.7848 dB    V 40.9980 dB] [ET    50 ] [L0 4 0] [L1 6c 8]
POC    7 LId:  0 TId: 5 ( TRAIL, B-SLICE, QP 46 )       6712 bits [Y 35.5598 dB    U 41.8085 dB    V 41.1223 dB] [ET    51 ] [L0 6c 4] [L1 8 16]
POC   12 LId:  0 TId: 3 ( TRAIL, B-SLICE, QP 43 )      19464 bits [Y 36.2182 dB    U 41.8796 dB    V 41.7538 dB] [ET   139 ] [L0 8c 4 0] [L1 16 32]
POC   10 LId:  0 TId: 4 ( TRAIL, B-SLICE, QP 45 )      11440 bits [Y 35.8097 dB    U 41.7501 dB    V 41.2569 dB] [ET    95 ] [L0 8 6 4 0] [L1 12c 16 32]
POC    9 LId:  0 TId: 5 ( TRAIL, B-SLICE, QP 46 )       6424 bits [Y 35.7028 dB    U 41.7334 dB    V 41.1902 dB] [ET    49 ] [L0 8 4] [L1 10c 12]
POC   11 LId:  0 TId: 5 ( TRAIL, B-SLICE, QP 46 )       5064 bits [Y 35.7239 dB    U 41.7913 dB    V 41.3102 dB] [ET    42 ] [L0 10c 8] [L1 12 16]
POC   14 LId:  0 TId: 4 ( TRAIL, B-SLICE, QP 45 )       9264 bits [Y 36.0113 dB    U 41.8266 dB    V 41.5197 dB] [ET    81 ] [L0 12c 10 8 0] [L1 16 32]
POC   13 LId:  0 TId: 5 ( TRAIL, B-SLICE, QP 46 )       4288 bits [Y 35.8617 dB    U 41.7919 dB    V 41.4587 dB] [ET    40 ] [L0 12 8] [L1 14c 16]
POC   15 LId:  0 TId: 5 ( TRAIL, B-SLICE, QP 46 )       3776 bits [Y 35.9920 dB    U 41.8922 dB    V 41.5915 dB] [ET    43 ] [L0 14c 12] [L1 16 32]
POC   24 LId:  0 TId: 2 ( TRAIL, B-SLICE, QP 41 )      37256 bits [Y 36.2790 dB    U 41.5306 dB    V 41.6648 dB] [ET   200 ] [L0 16c 8 0] [L1 32]
POC   20 LId:  0 TId: 3 ( TRAIL, B-SLICE, QP 43 )      19800 bits [Y 36.1191 dB    U 41.7861 dB    V 41.7930 dB] [ET   146 ] [L0 16 8 0] [L1 24c 32]
POC   18 LId:  0 TId: 4 ( TRAIL, B-SLICE, QP 45 )       9448 bits [Y 35.8689 dB    U 41.6778 dB    V 41.4349 dB] [ET    78 ] [L0 16 8 0] [L1 20c 24 32]
POC   17 LId:  0 TId: 5 ( TRAIL, B-SLICE, QP 46 )       3832 bits [Y 35.9423 dB    U 41.8470 dB    V 41.4765 dB] [ET    38 ] [L0 16 8] [L1 18c 20]
POC   19 LId:  0 TId: 5 ( TRAIL, B-SLICE, QP 46 )       4120 bits [Y 35.7437 dB    U 41.6512 dB    V 41.4507 dB] [ET    40 ] [L0 18c 16] [L1 20 24]
POC   22 LId:  0 TId: 4 ( TRAIL, B-SLICE, QP 45 )      10160 bits [Y 35.7117 dB    U 41.5380 dB    V 41.2709 dB] [ET    91 ] [L0 20c 16 0] [L1 24 32 18]
POC   21 LId:  0 TId: 5 ( TRAIL, B-SLICE, QP 46 )       4632 bits [Y 35.6339 dB    U 41.5308 dB    V 41.3059 dB] [ET    44 ] [L0 20 16] [L1 22c 24]
POC   23 LId:  0 TId: 5 ( TRAIL, B-SLICE, QP 46 )       5048 bits [Y 35.6404 dB    U 41.4662 dB    V 41.3011 dB] [ET    43 ] [L0 22c 20] [L1 24 32]
POC   28 LId:  0 TId: 3 ( TRAIL, B-SLICE, QP 43 )      27344 bits [Y 35.6440 dB    U 41.3225 dB    V 41.1664 dB] [ET   168 ] [L0 24c 20 16 0] [L1 32]
POC   26 LId:  0 TId: 4 ( TRAIL, B-SLICE, QP 45 )      12136 bits [Y 35.2977 dB    U 41.3340 dB    V 41.0974 dB] [ET   104 ] [L0 24 20 16 0] [L1 28c 32]
POC   25 LId:  0 TId: 5 ( TRAIL, B-SLICE, QP 46 )       5968 bits [Y 35.4158 dB    U 41.3997 dB    V 41.2410 dB] [ET    48 ] [L0 24 20] [L1 26c 28]
POC   27 LId:  0 TId: 5 ( TRAIL, B-SLICE, QP 46 )       5680 bits [Y 35.0669 dB    U 41.2841 dB    V 40.9665 dB] [ET    50 ] [L0 26c 24] [L1 28 32]
POC   30 LId:  0 TId: 4 ( TRAIL, B-SLICE, QP 45 )      12776 bits [Y 35.4443 dB    U 41.3827 dB    V 41.1642 dB] [ET   103 ] [L0 28c 24 16 0] [L1 32]
POC   29 LId:  0 TId: 5 ( TRAIL, B-SLICE, QP 46 )       5984 bits [Y 35.1647 dB    U 41.3348 dB    V 40.9147 dB] [ET    48 ] [L0 28 24] [L1 30c 32]
POC   31 LId:  0 TId: 5 ( TRAIL, B-SLICE, QP 46 )       5480 bits [Y 35.6918 dB    U 41.6158 dB    V 41.4451 dB] [ET    44 ] [L0 30c 28] [L1 32]

LayerId  0
	Total Frames |  Bitrate      Y-PSNR   U-PSNR   V-PSNR   YUV-PSNR 
	33           a  969.8545     35.9100  41.6956  41.4301  37.0915  

 finished @ Tue Aug 19 02:15:15 2025
 Total Time:     3085.692 sec. [user]     3085.692 sec. [elapsed]
