
VVCSoftware: VTM Encoder Version 23.11 [Windows][VS 1944][64 bit] [SIMD=AVX2] 

TOOL CFG: IBD:1 HAD:1 RDQ:1 RDQTS:1 LQP:0 SQP:0 ASR:1 MinSearchWindow:96 RestrictMESampling:0 FEN:1 ECU:0 FDM:1 ESD:0 TransformSkip:1 TransformSkipFast:1 TransformSkipLog2MaxSize:5 ChromaTS:1 BDPCM:0 Tiles: 1x1 Slices: 1 MCTS:0 SAO:1 ALF:1 CCALF:1 MaxNumALFAPS 8 AlfapsIDShift 0 ConstantJointCbCrSignFlagWPP:0 WPB:0 PME:2  WaveFrontSynchro:0 WaveFrontSubstreams:1 ScalingList:0 TMVPMode:1  DQ:1  SignBitHidingFlag:0 RecalQP:0 
TOOL CFG: LFNST:1 MMVD:1 Affine:1 AffineType:1 AdaptBypassAffineMe:0 PROF:1 SbTMVP:1 DualITree:1 IMV:1 BIO:1 LMChroma:1 HorCollocatedChroma:1 VerCollocatedChroma:0 MTS:1(explicit intra) SBT:1 ISP:1 SMVD:1 CompositeLTReference:0 Bcw:1 BcwFast:1 LADF:0 CIIP:1 Geo:1 AllowDisFracMMVD:1 AffineAmvr:1 AffineAmvrEncOpt:1 AffineAmvp:1 DMVR:1 MmvdDisNum:6 JointCbCr:1 ACT:0 PLT:0 IBC:0 HashME:0 WrapAround:0 VirtualBoundariesEnabledFlag:0 VirtualBoundariesPresentInSPSFlag:1 vertical virtual boundaries:[ ] horizontal virtual boundaries:[ ] Reshape:1 (Signal:SDR Opt:0 CSoffset:6) MRL:1 MIP:1 EncDbOpt:1 AlfLambdaOpt:0 
FAST TOOL CFG: LCTUFast:0 FastMrg:1 MaxMergeRdCandNumTotal:7 MergeRdCandQuotaRegular:4 MergeRdCandQuotaRegularSmallBlk:4 MergeRdCandQuotaSubBlk:2 MergeRdCandQuotaCiip:1 MergeRdCandQuotaGpm:8 PBIntraFast:1 IMV4PelFast:1 MTSMaxCand: 4(intra) 4(inter) ISPFast:0 FastLFNST:0 AMaxBT:1 E0023FastEnc:1 ContentBasedFastQtbt:0 UseNonLinearAlfLuma:1 UseNonLinearAlfChroma:1 MaxNumAlfAlternativesChroma:8 FastMIP:0 TTFastSkip:31 TTFastSkipThr:1.075 FastLocalDualTree:1 RPR:0 TemporalFilter:4/4 SEI CTI:0 BIM:0 SEI FGC:0 SEI processing Order:0 DPF:0 


 started @ Tue Aug 19 00:02:01 2025
POC    0 LId:  0 TId: 0 ( IDR_N_LP, I-SLICE, QP 29 )     298944 bits [Y 36.6112 dB    U 36.8042 dB    V 37.1807 dB] [ET   100 ] [L0] [L1]
POC   32 LId:  0 TId: 0 ( TRAIL, B-SLICE, QP 31 )     175872 bits [Y 35.6616 dB    U 36.0168 dB    V 36.4825 dB] [ET   165 ] [L0 0] [L1 0c]
POC   16 LId:  0 TId: 1 ( STSA, B-SLICE, QP 34 )     105584 bits [Y 34.6445 dB    U 34.8330 dB    V 35.3845 dB] [ET   130 ] [L0 0 32] [L1 32c]
POC    8 LId:  0 TId: 2 ( TRAIL, B-SLICE, QP 35 )      96544 bits [Y 34.2596 dB    U 34.3241 dB    V 34.8702 dB] [ET   130 ] [L0 0 16 32] [L1 16c 32]
POC    4 LId:  0 TId: 3 ( TRAIL, B-SLICE, QP 38 )      68528 bits [Y 33.7285 dB    U 34.1644 dB    V 34.5232 dB] [ET   110 ] [L0 0 8 16] [L1 8c 16 32]
POC    2 LId:  0 TId: 4 ( TRAIL, B-SLICE, QP 40 )      40728 bits [Y 33.2759 dB    U 34.1491 dB    V 34.7448 dB] [ET    90 ] [L0 0 4 8] [L1 4c 8 16 32]
POC    1 LId:  0 TId: 5 ( TRAIL, B-SLICE, QP 41 )      29904 bits [Y 33.0882 dB    U 33.9428 dB    V 34.4969 dB] [ET    56 ] [L0 0] [L1 2c 4]
POC    3 LId:  0 TId: 5 ( TRAIL, B-SLICE, QP 41 )      33368 bits [Y 32.6619 dB    U 33.5938 dB    V 33.8779 dB] [ET    67 ] [L0 2c 0] [L1 4 8]
POC    6 LId:  0 TId: 4 ( TRAIL, B-SLICE, QP 40 )      55688 bits [Y 32.2968 dB    U 33.4245 dB    V 33.8658 dB] [ET   117 ] [L0 4c 2 0] [L1 8 16 32]
POC    5 LId:  0 TId: 5 ( TRAIL, B-SLICE, QP 41 )      39528 bits [Y 32.0781 dB    U 33.0662 dB    V 33.3849 dB] [ET    77 ] [L0 4 0] [L1 6c 8]
POC    7 LId:  0 TId: 5 ( TRAIL, B-SLICE, QP 41 )      41928 bits [Y 31.8964 dB    U 33.0650 dB    V 33.3326 dB] [ET    85 ] [L0 6c 4] [L1 8 16]
POC   12 LId:  0 TId: 3 ( TRAIL, B-SLICE, QP 38 )      70208 bits [Y 33.5246 dB    U 34.0017 dB    V 34.6227 dB] [ET    93 ] [L0 8c 4 0] [L1 16 32]
POC   10 LId:  0 TId: 4 ( TRAIL, B-SLICE, QP 40 )      48240 bits [Y 32.8253 dB    U 33.5618 dB    V 34.3239 dB] [ET    81 ] [L0 8 6 4 0] [L1 12c 16 32]
POC    9 LId:  0 TId: 5 ( TRAIL, B-SLICE, QP 41 )      38448 bits [Y 32.3334 dB    U 33.3908 dB    V 33.5195 dB] [ET    78 ] [L0 8 4] [L1 10c 12]
POC   11 LId:  0 TId: 5 ( TRAIL, B-SLICE, QP 41 )      40792 bits [Y 32.3016 dB    U 33.3871 dB    V 33.7457 dB] [ET    75 ] [L0 10c 8] [L1 12 16]
POC   14 LId:  0 TId: 4 ( TRAIL, B-SLICE, QP 40 )      58816 bits [Y 32.3998 dB    U 33.6319 dB    V 33.9284 dB] [ET    81 ] [L0 12c 10 8 0] [L1 16 32]
POC   13 LId:  0 TId: 5 ( TRAIL, B-SLICE, QP 41 )      40480 bits [Y 31.8679 dB    U 32.9940 dB    V 33.1190 dB] [ET    75 ] [L0 12 8] [L1 14c 16]
POC   15 LId:  0 TId: 5 ( TRAIL, B-SLICE, QP 41 )      42696 bits [Y 32.1483 dB    U 33.0567 dB    V 33.6161 dB] [ET    77 ] [L0 14c 12] [L1 16 32]
POC   24 LId:  0 TId: 2 ( TRAIL, B-SLICE, QP 35 )      88464 bits [Y 34.3765 dB    U 34.4037 dB    V 34.6976 dB] [ET   110 ] [L0 16c 8 0] [L1 32]
POC   20 LId:  0 TId: 3 ( TRAIL, B-SLICE, QP 38 )      54096 bits [Y 34.0344 dB    U 33.8741 dB    V 34.8970 dB] [ET    82 ] [L0 16 8 0] [L1 24c 32]
POC   18 LId:  0 TId: 4 ( TRAIL, B-SLICE, QP 40 )      45104 bits [Y 33.2379 dB    U 34.0584 dB    V 34.5703 dB] [ET    72 ] [L0 16 8 0] [L1 20c 24 32]
POC   17 LId:  0 TId: 5 ( TRAIL, B-SLICE, QP 41 )      36552 bits [Y 32.4656 dB    U 33.3779 dB    V 33.9178 dB] [ET    79 ] [L0 16 8] [L1 18c 20]
POC   19 LId:  0 TId: 5 ( TRAIL, B-SLICE, QP 41 )      31232 bits [Y 32.9467 dB    U 33.7308 dB    V 34.0345 dB] [ET    66 ] [L0 18c 16] [L1 20 24]
POC   22 LId:  0 TId: 4 ( TRAIL, B-SLICE, QP 40 )      44904 bits [Y 32.6968 dB    U 33.6012 dB    V 34.0824 dB] [ET    72 ] [L0 20c 16 0] [L1 24 32 18]
POC   21 LId:  0 TId: 5 ( TRAIL, B-SLICE, QP 41 )      30160 bits [Y 32.7922 dB    U 33.6415 dB    V 33.9379 dB] [ET    61 ] [L0 20 16] [L1 22c 24]
POC   23 LId:  0 TId: 5 ( TRAIL, B-SLICE, QP 41 )      34112 bits [Y 32.4844 dB    U 33.3316 dB    V 33.5167 dB] [ET    69 ] [L0 22c 20] [L1 24 32]
POC   28 LId:  0 TId: 3 ( TRAIL, B-SLICE, QP 38 )      59128 bits [Y 33.6888 dB    U 34.2869 dB    V 34.7952 dB] [ET    86 ] [L0 24c 20 16 0] [L1 32]
POC   26 LId:  0 TId: 4 ( TRAIL, B-SLICE, QP 40 )      52712 bits [Y 32.4013 dB    U 33.8897 dB    V 33.8862 dB] [ET    83 ] [L0 24 20 16 0] [L1 28c 32]
POC   25 LId:  0 TId: 5 ( TRAIL, B-SLICE, QP 41 )      41888 bits [Y 31.9270 dB    U 33.2320 dB    V 33.1338 dB] [ET    78 ] [L0 24 20] [L1 26c 28]
POC   27 LId:  0 TId: 5 ( TRAIL, B-SLICE, QP 41 )      38664 bits [Y 32.4070 dB    U 33.4420 dB    V 33.6355 dB] [ET    79 ] [L0 26c 24] [L1 28 32]
POC   30 LId:  0 TId: 4 ( TRAIL, B-SLICE, QP 40 )      52968 bits [Y 32.5254 dB    U 33.4403 dB    V 33.9195 dB] [ET    78 ] [L0 28c 24 16 0] [L1 32]
POC   29 LId:  0 TId: 5 ( TRAIL, B-SLICE, QP 41 )      35104 bits [Y 32.5600 dB    U 33.1800 dB    V 33.5260 dB] [ET    68 ] [L0 28 24] [L1 30c 32]
POC   31 LId:  0 TId: 5 ( TRAIL, B-SLICE, QP 41 )      40328 bits [Y 32.1735 dB    U 33.0980 dB    V 33.4287 dB] [ET    72 ] [L0 30c 28] [L1 32]

LayerId  0
	Total Frames |  Bitrate      Y-PSNR   U-PSNR   V-PSNR   YUV-PSNR 
	33           a  3048.0485    33.0400  33.8181  34.2121  33.2350  

 finished @ Tue Aug 19 00:49:22 2025
 Total Time:     2840.826 sec. [user]     2840.827 sec. [elapsed]
