
VVCSoftware: VTM Encoder Version 23.11 [Windows][VS 1944][64 bit] [SIMD=AVX2] 

TOOL CFG: IBD:1 HAD:1 RDQ:1 RDQTS:1 LQP:0 SQP:0 ASR:1 MinSearchWindow:96 RestrictMESampling:0 FEN:1 ECU:0 FDM:1 ESD:0 TransformSkip:1 TransformSkipFast:1 TransformSkipLog2MaxSize:5 ChromaTS:1 BDPCM:0 Tiles: 1x1 Slices: 1 MCTS:0 SAO:1 ALF:1 CCALF:1 MaxNumALFAPS 8 AlfapsIDShift 0 ConstantJointCbCrSignFlagWPP:0 WPB:0 PME:2  WaveFrontSynchro:0 WaveFrontSubstreams:1 ScalingList:0 TMVPMode:1  DQ:1  SignBitHidingFlag:0 RecalQP:0 
TOOL CFG: LFNST:1 MMVD:1 Affine:1 AffineType:1 AdaptBypassAffineMe:0 PROF:1 SbTMVP:1 DualITree:1 IMV:1 BIO:1 LMChroma:1 HorCollocatedChroma:1 VerCollocatedChroma:0 MTS:1(explicit intra) SBT:1 ISP:1 SMVD:1 CompositeLTReference:0 Bcw:1 BcwFast:1 LADF:0 CIIP:1 Geo:1 AllowDisFracMMVD:1 AffineAmvr:1 AffineAmvrEncOpt:1 AffineAmvp:1 DMVR:1 MmvdDisNum:6 JointCbCr:1 ACT:0 PLT:0 IBC:0 HashME:0 WrapAround:0 VirtualBoundariesEnabledFlag:0 VirtualBoundariesPresentInSPSFlag:1 vertical virtual boundaries:[ ] horizontal virtual boundaries:[ ] Reshape:1 (Signal:SDR Opt:0 CSoffset:6) MRL:1 MIP:1 EncDbOpt:1 AlfLambdaOpt:0 
FAST TOOL CFG: LCTUFast:0 FastMrg:1 MaxMergeRdCandNumTotal:7 MergeRdCandQuotaRegular:4 MergeRdCandQuotaRegularSmallBlk:4 MergeRdCandQuotaSubBlk:2 MergeRdCandQuotaCiip:1 MergeRdCandQuotaGpm:8 PBIntraFast:1 IMV4PelFast:1 MTSMaxCand: 4(intra) 4(inter) ISPFast:0 FastLFNST:0 AMaxBT:1 E0023FastEnc:1 ContentBasedFastQtbt:0 UseNonLinearAlfLuma:1 UseNonLinearAlfChroma:1 MaxNumAlfAlternativesChroma:8 FastMIP:0 TTFastSkip:31 TTFastSkipThr:1.075 FastLocalDualTree:1 RPR:0 TemporalFilter:4/4 SEI CTI:0 BIM:0 SEI FGC:0 SEI processing Order:0 DPF:0 


 started @ Tue Aug 19 03:22:42 2025
POC    0 LId:  0 TId: 0 ( IDR_N_LP, I-SLICE, QP 24 )     443760 bits [Y 39.8767 dB    U 44.9419 dB    V 46.4461 dB] [ET   212 ] [L0] [L1]
POC   32 LId:  0 TId: 0 ( TRAIL, B-SLICE, QP 26 )     343272 bits [Y 39.5312 dB    U 44.4674 dB    V 45.9129 dB] [ET   644 ] [L0 0] [L1 0c]
POC   16 LId:  0 TId: 1 ( STSA, B-SLICE, QP 28 )     176664 bits [Y 39.4875 dB    U 44.6634 dB    V 45.9588 dB] [ET   474 ] [L0 0 32] [L1 32c]
POC    8 LId:  0 TId: 2 ( TRAIL, B-SLICE, QP 29 )     131416 bits [Y 39.2465 dB    U 44.5950 dB    V 45.7770 dB] [ET   424 ] [L0 0 16 32] [L1 16c 32]
POC    4 LId:  0 TId: 3 ( TRAIL, B-SLICE, QP 32 )      80192 bits [Y 39.0911 dB    U 44.3443 dB    V 45.2839 dB] [ET   352 ] [L0 0 8 16] [L1 8c 16 32]
POC    2 LId:  0 TId: 4 ( TRAIL, B-SLICE, QP 34 )      47880 bits [Y 39.0537 dB    U 44.3419 dB    V 45.0864 dB] [ET   237 ] [L0 0 4 8] [L1 4c 8 16 32]
POC    1 LId:  0 TId: 5 ( TRAIL, B-SLICE, QP 36 )      25824 bits [Y 38.9896 dB    U 44.5442 dB    V 45.2463 dB] [ET   109 ] [L0 0] [L1 2c 4]
POC    3 LId:  0 TId: 5 ( TRAIL, B-SLICE, QP 36 )      26512 bits [Y 38.7702 dB    U 44.1867 dB    V 44.7321 dB] [ET   121 ] [L0 2c 0] [L1 4 8]
POC    6 LId:  0 TId: 4 ( TRAIL, B-SLICE, QP 34 )      53552 bits [Y 38.8286 dB    U 44.1450 dB    V 44.7262 dB] [ET   247 ] [L0 4c 2 0] [L1 8 16 32]
POC    5 LId:  0 TId: 5 ( TRAIL, B-SLICE, QP 36 )      28728 bits [Y 38.6250 dB    U 44.0989 dB    V 44.5759 dB] [ET   130 ] [L0 4 0] [L1 6c 8]
POC    7 LId:  0 TId: 5 ( TRAIL, B-SLICE, QP 36 )      27584 bits [Y 38.6682 dB    U 44.2067 dB    V 44.8411 dB] [ET   126 ] [L0 6c 4] [L1 8 16]
POC   12 LId:  0 TId: 3 ( TRAIL, B-SLICE, QP 32 )      72208 bits [Y 39.1317 dB    U 44.3747 dB    V 45.3770 dB] [ET   300 ] [L0 8c 4 0] [L1 16 32]
POC   10 LId:  0 TId: 4 ( TRAIL, B-SLICE, QP 34 )      45816 bits [Y 38.8927 dB    U 44.2187 dB    V 44.9407 dB] [ET   249 ] [L0 8 6 4 0] [L1 12c 16 32]
POC    9 LId:  0 TId: 5 ( TRAIL, B-SLICE, QP 36 )      25816 bits [Y 38.7032 dB    U 44.2671 dB    V 44.8451 dB] [ET   124 ] [L0 8 4] [L1 10c 12]
POC   11 LId:  0 TId: 5 ( TRAIL, B-SLICE, QP 36 )      21128 bits [Y 38.7427 dB    U 44.1836 dB    V 44.9606 dB] [ET   112 ] [L0 10c 8] [L1 12 16]
POC   14 LId:  0 TId: 4 ( TRAIL, B-SLICE, QP 34 )      37784 bits [Y 39.0451 dB    U 44.2793 dB    V 45.1736 dB] [ET   214 ] [L0 12c 10 8 0] [L1 16 32]
POC   13 LId:  0 TId: 5 ( TRAIL, B-SLICE, QP 36 )      18464 bits [Y 38.8463 dB    U 44.2166 dB    V 44.9984 dB] [ET   101 ] [L0 12 8] [L1 14c 16]
POC   15 LId:  0 TId: 5 ( TRAIL, B-SLICE, QP 36 )      18504 bits [Y 38.9737 dB    U 44.3710 dB    V 45.2822 dB] [ET    97 ] [L0 14c 12] [L1 16 32]
POC   24 LId:  0 TId: 2 ( TRAIL, B-SLICE, QP 29 )     148144 bits [Y 39.3844 dB    U 44.3144 dB    V 45.5935 dB] [ET   397 ] [L0 16c 8 0] [L1 32]
POC   20 LId:  0 TId: 3 ( TRAIL, B-SLICE, QP 32 )      75688 bits [Y 39.2770 dB    U 44.3212 dB    V 45.4206 dB] [ET   301 ] [L0 16 8 0] [L1 24c 32]
POC   18 LId:  0 TId: 4 ( TRAIL, B-SLICE, QP 34 )      40304 bits [Y 39.1152 dB    U 44.2125 dB    V 45.1217 dB] [ET   219 ] [L0 16 8 0] [L1 20c 24 32]
POC   17 LId:  0 TId: 5 ( TRAIL, B-SLICE, QP 36 )      17584 bits [Y 39.0230 dB    U 44.3246 dB    V 45.1790 dB] [ET    95 ] [L0 16 8] [L1 18c 20]
POC   19 LId:  0 TId: 5 ( TRAIL, B-SLICE, QP 36 )      18512 bits [Y 38.9214 dB    U 44.1822 dB    V 45.0623 dB] [ET   100 ] [L0 18c 16] [L1 20 24]
POC   22 LId:  0 TId: 4 ( TRAIL, B-SLICE, QP 34 )      44320 bits [Y 39.0411 dB    U 44.0525 dB    V 44.9888 dB] [ET   228 ] [L0 20c 16 0] [L1 24 32 18]
POC   21 LId:  0 TId: 5 ( TRAIL, B-SLICE, QP 36 )      20160 bits [Y 38.8835 dB    U 44.0329 dB    V 44.9362 dB] [ET   101 ] [L0 20 16] [L1 22c 24]
POC   23 LId:  0 TId: 5 ( TRAIL, B-SLICE, QP 36 )      23040 bits [Y 38.8827 dB    U 43.9992 dB    V 44.8995 dB] [ET   114 ] [L0 22c 20] [L1 24 32]
POC   28 LId:  0 TId: 3 ( TRAIL, B-SLICE, QP 32 )     106512 bits [Y 39.0470 dB    U 43.8693 dB    V 44.9023 dB] [ET   357 ] [L0 24c 20 16 0] [L1 32]
POC   26 LId:  0 TId: 4 ( TRAIL, B-SLICE, QP 34 )      55128 bits [Y 38.8635 dB    U 43.7968 dB    V 44.7000 dB] [ET   233 ] [L0 24 20 16 0] [L1 28c 32]
POC   25 LId:  0 TId: 5 ( TRAIL, B-SLICE, QP 36 )      25616 bits [Y 38.7452 dB    U 43.9402 dB    V 44.8062 dB] [ET   113 ] [L0 24 20] [L1 26c 28]
POC   27 LId:  0 TId: 5 ( TRAIL, B-SLICE, QP 36 )      28064 bits [Y 38.5440 dB    U 43.7478 dB    V 44.5751 dB] [ET   118 ] [L0 26c 24] [L1 28 32]
POC   30 LId:  0 TId: 4 ( TRAIL, B-SLICE, QP 34 )      54856 bits [Y 38.8329 dB    U 43.8526 dB    V 44.7683 dB] [ET   214 ] [L0 28c 24 16 0] [L1 32]
POC   29 LId:  0 TId: 5 ( TRAIL, B-SLICE, QP 36 )      26648 bits [Y 38.5171 dB    U 43.7915 dB    V 44.5718 dB] [ET   116 ] [L0 28 24] [L1 30c 32]
POC   31 LId:  0 TId: 5 ( TRAIL, B-SLICE, QP 36 )      25496 bits [Y 38.7122 dB    U 44.0938 dB    V 45.0349 dB] [ET   102 ] [L0 30c 28] [L1 32]

LayerId  0
	Total Frames |  Bitrate      Y-PSNR   U-PSNR   V-PSNR   YUV-PSNR 
	33           a  3538.1455    38.9786  44.2115  45.1129  40.1764  

 finished @ Tue Aug 19 05:20:43 2025
 Total Time:     7080.535 sec. [user]     7080.536 sec. [elapsed]
