
VVCSoftware: VTM Encoder Version 23.11 [Windows][VS 1944][64 bit] [SIMD=AVX2] 

TOOL CFG: IBD:1 HAD:1 RDQ:1 RDQTS:1 LQP:0 SQP:0 ASR:1 MinSearchWindow:96 RestrictMESampling:0 FEN:1 ECU:0 FDM:1 ESD:0 TransformSkip:1 TransformSkipFast:1 TransformSkipLog2MaxSize:5 ChromaTS:1 BDPCM:0 Tiles: 1x1 Slices: 1 MCTS:0 SAO:0 ALF:1 CCALF:1 MaxNumALFAPS 8 AlfapsIDShift 0 ConstantJointCbCrSignFlagWPP:0 WPB:0 PME:2  WaveFrontSynchro:0 WaveFrontSubstreams:1 ScalingList:0 TMVPMode:1  DQ:1  SignBitHidingFlag:0 RecalQP:0 
TOOL CFG: LFNST:1 MMVD:1 Affine:1 AffineType:1 AdaptBypassAffineMe:0 PROF:1 SbTMVP:1 DualITree:1 IMV:1 BIO:1 LMChroma:1 HorCollocatedChroma:1 VerCollocatedChroma:0 MTS:1(explicit intra) SBT:1 ISP:1 SMVD:1 CompositeLTReference:0 Bcw:1 BcwFast:1 LADF:0 CIIP:1 Geo:1 AllowDisFracMMVD:1 AffineAmvr:1 AffineAmvrEncOpt:1 AffineAmvp:1 DMVR:1 MmvdDisNum:6 JointCbCr:1 ACT:0 PLT:0 IBC:0 HashME:0 WrapAround:0 VirtualBoundariesEnabledFlag:0 VirtualBoundariesPresentInSPSFlag:1 vertical virtual boundaries:[ ] horizontal virtual boundaries:[ ] Reshape:1 (Signal:SDR Opt:0 CSoffset:6) MRL:1 MIP:1 EncDbOpt:1 AlfLambdaOpt:0 
FAST TOOL CFG: LCTUFast:1 FastMrg:1 MaxMergeRdCandNumTotal:7 MergeRdCandQuotaRegular:4 MergeRdCandQuotaRegularSmallBlk:4 MergeRdCandQuotaSubBlk:2 MergeRdCandQuotaCiip:1 MergeRdCandQuotaGpm:8 PBIntraFast:1 IMV4PelFast:1 MTSMaxCand: 4(intra) 4(inter) ISPFast:0 FastLFNST:0 AMaxBT:1 E0023FastEnc:1 ContentBasedFastQtbt:0 UseNonLinearAlfLuma:1 UseNonLinearAlfChroma:1 MaxNumAlfAlternativesChroma:8 FastMIP:0 TTFastSkip:31 TTFastSkipThr:1.075 FastLocalDualTree:1 RPR:0 TemporalFilter:4/4 SEI CTI:0 BIM:0 SEI FGC:0 SEI processing Order:0 DPF:0 


 started @ Mon Aug 18 19:39:20 2025
POC    0 LId:  0 TId: 0 ( IDR_N_LP, I-SLICE, QP 34 )     575832 bits [Y 33.4738 dB    U 38.4859 dB    V 40.7935 dB] [ET   240 ] [L0] [L1]
POC   32 LId:  0 TId: 0 ( TRAIL, B-SLICE, QP 36 )      70656 bits [Y 32.9962 dB    U 38.4606 dB    V 40.8092 dB] [ET   168 ] [L0 0] [L1 0c]
POC   16 LId:  0 TId: 1 ( STSA, B-SLICE, QP 40 )      27472 bits [Y 32.4290 dB    U 38.4078 dB    V 40.7515 dB] [ET   112 ] [L0 0 32] [L1 32c]
POC    8 LId:  0 TId: 2 ( TRAIL, B-SLICE, QP 41 )      14488 bits [Y 32.3346 dB    U 38.4400 dB    V 40.7401 dB] [ET    93 ] [L0 0 16 32] [L1 16c 32]
POC    4 LId:  0 TId: 3 ( TRAIL, B-SLICE, QP 43 )       5552 bits [Y 32.3711 dB    U 38.4720 dB    V 40.7628 dB] [ET    54 ] [L0 0 8 16] [L1 8c 16 32]
POC    2 LId:  0 TId: 4 ( TRAIL, B-SLICE, QP 45 )       2000 bits [Y 32.5512 dB    U 38.4670 dB    V 40.7279 dB] [ET    40 ] [L0 0 4 8] [L1 4c 8 16 32]
POC    1 LId:  0 TId: 5 ( TRAIL, B-SLICE, QP 46 )        680 bits [Y 32.9089 dB    U 38.4744 dB    V 40.7442 dB] [ET    23 ] [L0 0] [L1 2c 4]
POC    3 LId:  0 TId: 5 ( TRAIL, B-SLICE, QP 46 )        912 bits [Y 32.3896 dB    U 38.4491 dB    V 40.7388 dB] [ET    26 ] [L0 2c 0] [L1 4 8]
POC    6 LId:  0 TId: 4 ( TRAIL, B-SLICE, QP 45 )       2264 bits [Y 32.3819 dB    U 38.4456 dB    V 40.7380 dB] [ET    39 ] [L0 4c 2 0] [L1 8 16 32]
POC    5 LId:  0 TId: 5 ( TRAIL, B-SLICE, QP 46 )        592 bits [Y 32.3215 dB    U 38.4489 dB    V 40.7318 dB] [ET    24 ] [L0 4 0] [L1 6c 8]
POC    7 LId:  0 TId: 5 ( TRAIL, B-SLICE, QP 46 )        728 bits [Y 32.3281 dB    U 38.4286 dB    V 40.7386 dB] [ET    27 ] [L0 6c 4] [L1 8 16]
POC   12 LId:  0 TId: 3 ( TRAIL, B-SLICE, QP 43 )       5320 bits [Y 32.3031 dB    U 38.4100 dB    V 40.7469 dB] [ET    49 ] [L0 8c 4 0] [L1 16 32]
POC   10 LId:  0 TId: 4 ( TRAIL, B-SLICE, QP 45 )       1920 bits [Y 32.1071 dB    U 38.4010 dB    V 40.6971 dB] [ET    41 ] [L0 8 6 4 0] [L1 12c 16 32]
POC    9 LId:  0 TId: 5 ( TRAIL, B-SLICE, QP 46 )        752 bits [Y 32.2051 dB    U 38.4151 dB    V 40.7334 dB] [ET    27 ] [L0 8 4] [L1 10c 12]
POC   11 LId:  0 TId: 5 ( TRAIL, B-SLICE, QP 46 )        544 bits [Y 32.1718 dB    U 38.3907 dB    V 40.7222 dB] [ET    27 ] [L0 10c 8] [L1 12 16]
POC   14 LId:  0 TId: 4 ( TRAIL, B-SLICE, QP 45 )       1872 bits [Y 32.2496 dB    U 38.3806 dB    V 40.7209 dB] [ET    40 ] [L0 12c 10 8 0] [L1 16 32]
POC   13 LId:  0 TId: 5 ( TRAIL, B-SLICE, QP 46 )        504 bits [Y 32.2145 dB    U 38.3895 dB    V 40.7177 dB] [ET    25 ] [L0 12 8] [L1 14c 16]
POC   15 LId:  0 TId: 5 ( TRAIL, B-SLICE, QP 46 )        632 bits [Y 32.3060 dB    U 38.3793 dB    V 40.7446 dB] [ET    25 ] [L0 14c 12] [L1 16 32]
POC   24 LId:  0 TId: 2 ( TRAIL, B-SLICE, QP 41 )      14720 bits [Y 32.4638 dB    U 38.4284 dB    V 40.8015 dB] [ET    91 ] [L0 16c 8 0] [L1 32]
POC   20 LId:  0 TId: 3 ( TRAIL, B-SLICE, QP 43 )       5376 bits [Y 32.2557 dB    U 38.3710 dB    V 40.7363 dB] [ET    54 ] [L0 16 8 0] [L1 24c 32]
POC   18 LId:  0 TId: 4 ( TRAIL, B-SLICE, QP 45 )       1728 bits [Y 32.2557 dB    U 38.3800 dB    V 40.7322 dB] [ET    39 ] [L0 16 8 0] [L1 20c 24 32]
POC   17 LId:  0 TId: 5 ( TRAIL, B-SLICE, QP 46 )        672 bits [Y 32.3139 dB    U 38.4011 dB    V 40.7536 dB] [ET    26 ] [L0 16 8] [L1 18c 20]
POC   19 LId:  0 TId: 5 ( TRAIL, B-SLICE, QP 46 )        456 bits [Y 32.1540 dB    U 38.3776 dB    V 40.7134 dB] [ET    26 ] [L0 18c 16] [L1 20 24]
POC   22 LId:  0 TId: 4 ( TRAIL, B-SLICE, QP 45 )       1776 bits [Y 32.2135 dB    U 38.3697 dB    V 40.7314 dB] [ET    38 ] [L0 20c 16 0] [L1 24 32 18]
POC   21 LId:  0 TId: 5 ( TRAIL, B-SLICE, QP 46 )        512 bits [Y 32.1787 dB    U 38.3687 dB    V 40.7153 dB] [ET    26 ] [L0 20 16] [L1 22c 24]
POC   23 LId:  0 TId: 5 ( TRAIL, B-SLICE, QP 46 )        712 bits [Y 32.2900 dB    U 38.3919 dB    V 40.7383 dB] [ET    26 ] [L0 22c 20] [L1 24 32]
POC   28 LId:  0 TId: 3 ( TRAIL, B-SLICE, QP 43 )       4888 bits [Y 32.4170 dB    U 38.4108 dB    V 40.7349 dB] [ET    52 ] [L0 24c 20 16 0] [L1 32]
POC   26 LId:  0 TId: 4 ( TRAIL, B-SLICE, QP 45 )       2192 bits [Y 32.1722 dB    U 38.3980 dB    V 40.7478 dB] [ET    38 ] [L0 24 20 16 0] [L1 28c 32]
POC   25 LId:  0 TId: 5 ( TRAIL, B-SLICE, QP 46 )        720 bits [Y 32.3104 dB    U 38.4008 dB    V 40.7601 dB] [ET    26 ] [L0 24 20] [L1 26c 28]
POC   27 LId:  0 TId: 5 ( TRAIL, B-SLICE, QP 46 )        776 bits [Y 32.2133 dB    U 38.3904 dB    V 40.7202 dB] [ET    27 ] [L0 26c 24] [L1 28 32]
POC   30 LId:  0 TId: 4 ( TRAIL, B-SLICE, QP 45 )       1720 bits [Y 32.4208 dB    U 38.4485 dB    V 40.7888 dB] [ET    36 ] [L0 28c 24 16 0] [L1 32]
POC   29 LId:  0 TId: 5 ( TRAIL, B-SLICE, QP 46 )        808 bits [Y 32.3378 dB    U 38.4070 dB    V 40.7384 dB] [ET    27 ] [L0 28 24] [L1 30c 32]
POC   31 LId:  0 TId: 5 ( TRAIL, B-SLICE, QP 46 )        528 bits [Y 32.6906 dB    U 38.4582 dB    V 40.7907 dB] [ET    22 ] [L0 30c 28] [L1 32]

LayerId  0
	Total Frames |  Bitrate      Y-PSNR   U-PSNR   V-PSNR   YUV-PSNR 
	33           a  1364.1891    32.3858  38.4166  40.7443  33.7300  

 finished @ Mon Aug 18 20:06:32 2025
 Total Time:     1632.563 sec. [user]     1632.563 sec. [elapsed]
