
VVCSoftware: VTM Encoder Version 23.11 [Windows][VS 1944][64 bit] [SIMD=AVX2] 

TOOL CFG: IBD:1 HAD:1 RDQ:0 RDQTS:0 LQP:0 SQP:0 ASR:0 MinSearchWindow:96 RestrictMESampling:0 FEN:0 ECU:0 FDM:0 ESD:0 TransformSkip:1 TransformSkipFast:1 TransformSkipLog2MaxSize:5 ChromaTS:1 BDPCM:0 Tiles: 1x1 Slices: 1 MCTS:0 SAO:1 ALF:0 CCALF:0 MaxNumALFAPS 8 AlfapsIDShift 0 ConstantJointCbCrSignFlagWPP:0 WPB:0 PME:2  WaveFrontSynchro:0 WaveFrontSubstreams:1 ScalingList:0 TMVPMode:1  DQ:0  SignBitHidingFlag:0 RecalQP:0 
TOOL CFG: LFNST:1 MMVD:1 Affine:1 AffineType:1 AdaptBypassAffineMe:0 PROF:1 SbTMVP:1 DualITree:1 IMV:1 BIO:1 LMChroma:1 HorCollocatedChroma:1 VerCollocatedChroma:0 MTS:1(explicit intra) SBT:1 ISP:1 SMVD:1 CompositeLTReference:0 Bcw:1 BcwFast:1 LADF:0 CIIP:1 Geo:1 AllowDisFracMMVD:1 AffineAmvr:1 AffineAmvrEncOpt:1 AffineAmvp:1 DMVR:1 MmvdDisNum:6 JointCbCr:1 ACT:0 PLT:0 IBC:0 HashME:0 WrapAround:0 VirtualBoundariesEnabledFlag:0 VirtualBoundariesPresentInSPSFlag:1 vertical virtual boundaries:[ ] horizontal virtual boundaries:[ ] Reshape:1 (Signal:SDR Opt:0 CSoffset:6) MRL:1 MIP:1 EncDbOpt:1 AlfLambdaOpt:0 
FAST TOOL CFG: LCTUFast:0 FastMrg:0 MaxMergeRdCandNumTotal:7 MergeRdCandQuotaRegular:4 MergeRdCandQuotaRegularSmallBlk:4 MergeRdCandQuotaSubBlk:2 MergeRdCandQuotaCiip:1 MergeRdCandQuotaGpm:8 PBIntraFast:1 IMV4PelFast:1 MTSMaxCand: 4(intra) 4(inter) ISPFast:0 FastLFNST:0 AMaxBT:1 E0023FastEnc:1 ContentBasedFastQtbt:0 UseNonLinearAlfLuma:1 UseNonLinearAlfChroma:1 MaxNumAlfAlternativesChroma:8 FastMIP:0 TTFastSkip:31 TTFastSkipThr:1.075 FastLocalDualTree:1 RPR:0 TemporalFilter:4/4 SEI CTI:0 BIM:0 SEI FGC:0 SEI processing Order:0 DPF:0 


 started @ Tue Aug 19 15:27:44 2025
POC    0 LId:  0 TId: 0 ( IDR_N_LP, I-SLICE, QP 29 )      55480 bits [Y 38.8680 dB    U 41.9700 dB    V 41.9006 dB] [ET    15 ] [L0] [L1]
POC   32 LId:  0 TId: 0 ( TRAIL, B-SLICE, QP 31 )      22048 bits [Y 37.6608 dB    U 41.4211 dB    V 40.9574 dB] [ET   434 ] [L0 0] [L1 0c]
POC   16 LId:  0 TId: 1 ( STSA, B-SLICE, QP 34 )       9296 bits [Y 36.4087 dB    U 40.8329 dB    V 39.7254 dB] [ET   448 ] [L0 0 32] [L1 32c]
POC    8 LId:  0 TId: 2 ( TRAIL, B-SLICE, QP 35 )       6352 bits [Y 36.3720 dB    U 40.8574 dB    V 39.9625 dB] [ET   643 ] [L0 0 16 32] [L1 16c 32]
POC    4 LId:  0 TId: 3 ( TRAIL, B-SLICE, QP 38 )       3328 bits [Y 35.9393 dB    U 41.4821 dB    V 40.7983 dB] [ET   704 ] [L0 0 8 16] [L1 8c 16 32]
POC    2 LId:  0 TId: 4 ( TRAIL, B-SLICE, QP 40 )       1248 bits [Y 36.2840 dB    U 41.6382 dB    V 40.9009 dB] [ET   609 ] [L0 0 4 8] [L1 4c 8 16 32]
POC    1 LId:  0 TId: 5 ( TRAIL, B-SLICE, QP 41 )        464 bits [Y 36.8126 dB    U 41.7338 dB    V 41.0290 dB] [ET   114 ] [L0 0] [L1 2c 4]
POC    3 LId:  0 TId: 5 ( TRAIL, B-SLICE, QP 41 )        416 bits [Y 35.8225 dB    U 41.5215 dB    V 40.5969 dB] [ET   133 ] [L0 2c 0] [L1 4 8]
POC    6 LId:  0 TId: 4 ( TRAIL, B-SLICE, QP 40 )       1368 bits [Y 35.3702 dB    U 41.1556 dB    V 40.3640 dB] [ET   570 ] [L0 4c 2 0] [L1 8 16 32]
POC    5 LId:  0 TId: 5 ( TRAIL, B-SLICE, QP 41 )        352 bits [Y 35.5756 dB    U 41.2900 dB    V 40.4974 dB] [ET   144 ] [L0 4 0] [L1 6c 8]
POC    7 LId:  0 TId: 5 ( TRAIL, B-SLICE, QP 41 )        464 bits [Y 35.6007 dB    U 40.9451 dB    V 40.1186 dB] [ET   169 ] [L0 6c 4] [L1 8 16]
POC   12 LId:  0 TId: 3 ( TRAIL, B-SLICE, QP 38 )       3400 bits [Y 35.5750 dB    U 40.9368 dB    V 39.8489 dB] [ET   788 ] [L0 8c 4 0] [L1 16 32]
POC   10 LId:  0 TId: 4 ( TRAIL, B-SLICE, QP 40 )       1400 bits [Y 35.3008 dB    U 41.0500 dB    V 40.1169 dB] [ET   530 ] [L0 8 6 4 0] [L1 12c 16 32]
POC    9 LId:  0 TId: 5 ( TRAIL, B-SLICE, QP 41 )        512 bits [Y 35.4975 dB    U 40.9891 dB    V 40.1082 dB] [ET   170 ] [L0 8 4] [L1 10c 12]
POC   11 LId:  0 TId: 5 ( TRAIL, B-SLICE, QP 41 )        592 bits [Y 35.2476 dB    U 41.0063 dB    V 39.8864 dB] [ET   176 ] [L0 10c 8] [L1 12 16]
POC   14 LId:  0 TId: 4 ( TRAIL, B-SLICE, QP 40 )        984 bits [Y 35.3341 dB    U 41.1195 dB    V 39.8133 dB] [ET   450 ] [L0 12c 10 8 0] [L1 16 32]
POC   13 LId:  0 TId: 5 ( TRAIL, B-SLICE, QP 41 )        392 bits [Y 35.2242 dB    U 41.0301 dB    V 39.7651 dB] [ET   158 ] [L0 12 8] [L1 14c 16]
POC   15 LId:  0 TId: 5 ( TRAIL, B-SLICE, QP 41 )        424 bits [Y 35.8278 dB    U 41.0663 dB    V 39.9248 dB] [ET   144 ] [L0 14c 12] [L1 16 32]
POC   24 LId:  0 TId: 2 ( TRAIL, B-SLICE, QP 35 )       6912 bits [Y 36.0789 dB    U 41.1064 dB    V 39.8034 dB] [ET   635 ] [L0 16c 8 0] [L1 32]
POC   20 LId:  0 TId: 3 ( TRAIL, B-SLICE, QP 38 )       3168 bits [Y 35.3988 dB    U 41.2086 dB    V 39.7888 dB] [ET   713 ] [L0 16 8 0] [L1 24c 32]
POC   18 LId:  0 TId: 4 ( TRAIL, B-SLICE, QP 40 )        992 bits [Y 35.2176 dB    U 41.2475 dB    V 39.5446 dB] [ET   476 ] [L0 16 8 0] [L1 20c 24 32]
POC   17 LId:  0 TId: 5 ( TRAIL, B-SLICE, QP 41 )        336 bits [Y 35.7339 dB    U 41.1231 dB    V 39.5950 dB] [ET   114 ] [L0 16 8] [L1 18c 20]
POC   19 LId:  0 TId: 5 ( TRAIL, B-SLICE, QP 41 )        256 bits [Y 35.2285 dB    U 41.3388 dB    V 39.5971 dB] [ET   103 ] [L0 18c 16] [L1 20 24]
POC   22 LId:  0 TId: 4 ( TRAIL, B-SLICE, QP 40 )        992 bits [Y 35.1255 dB    U 41.2436 dB    V 39.8277 dB] [ET   530 ] [L0 20c 16 0] [L1 24 32 18]
POC   21 LId:  0 TId: 5 ( TRAIL, B-SLICE, QP 41 )        224 bits [Y 35.1444 dB    U 41.2705 dB    V 39.6246 dB] [ET   103 ] [L0 20 16] [L1 22c 24]
POC   23 LId:  0 TId: 5 ( TRAIL, B-SLICE, QP 41 )        304 bits [Y 35.5586 dB    U 41.2352 dB    V 39.8006 dB] [ET   105 ] [L0 22c 20] [L1 24 32]
POC   28 LId:  0 TId: 3 ( TRAIL, B-SLICE, QP 38 )       2832 bits [Y 35.4963 dB    U 41.1290 dB    V 39.8931 dB] [ET   517 ] [L0 24c 20 16 0] [L1 32]
POC   26 LId:  0 TId: 4 ( TRAIL, B-SLICE, QP 40 )        984 bits [Y 35.3274 dB    U 41.1962 dB    V 39.8374 dB] [ET   437 ] [L0 24 20 16 0] [L1 28c 32]
POC   25 LId:  0 TId: 5 ( TRAIL, B-SLICE, QP 41 )        248 bits [Y 35.6769 dB    U 41.2753 dB    V 39.8171 dB] [ET   106 ] [L0 24 20] [L1 26c 28]
POC   27 LId:  0 TId: 5 ( TRAIL, B-SLICE, QP 41 )        296 bits [Y 35.2709 dB    U 41.2312 dB    V 39.6950 dB] [ET   109 ] [L0 26c 24] [L1 28 32]
POC   30 LId:  0 TId: 4 ( TRAIL, B-SLICE, QP 40 )       1216 bits [Y 35.8416 dB    U 41.3460 dB    V 40.0975 dB] [ET   423 ] [L0 28c 24 16 0] [L1 32]
POC   29 LId:  0 TId: 5 ( TRAIL, B-SLICE, QP 41 )        288 bits [Y 35.5058 dB    U 41.2694 dB    V 39.7552 dB] [ET   123 ] [L0 28 24] [L1 30c 32]
POC   31 LId:  0 TId: 5 ( TRAIL, B-SLICE, QP 41 )        400 bits [Y 36.3391 dB    U 41.3546 dB    V 40.1482 dB] [ET    87 ] [L0 30c 28] [L1 32]

LayerId  0
	Total Frames |  Bitrate      Y-PSNR   U-PSNR   V-PSNR   YUV-PSNR 
	33           a  193.8909     35.8081  41.2309  40.0951  36.8530  

 finished @ Tue Aug 19 18:30:44 2025
 Total Time:    10979.850 sec. [user]    10979.851 sec. [elapsed]
