
VVCSoftware: VTM Encoder Version 23.11 [Windows][VS 1944][64 bit] [SIMD=AVX2] 

TOOL CFG: IBD:1 HAD:1 RDQ:0 RDQTS:0 LQP:0 SQP:0 ASR:0 MinSearchWindow:96 RestrictMESampling:0 FEN:0 ECU:0 FDM:0 ESD:0 TransformSkip:1 TransformSkipFast:1 TransformSkipLog2MaxSize:5 ChromaTS:1 BDPCM:0 Tiles: 1x1 Slices: 1 MCTS:0 SAO:0 ALF:0 CCALF:0 MaxNumALFAPS 8 AlfapsIDShift 0 ConstantJointCbCrSignFlagWPP:0 WPB:0 PME:2  WaveFrontSynchro:0 WaveFrontSubstreams:1 ScalingList:0 TMVPMode:1  DQ:0  SignBitHidingFlag:0 RecalQP:0 
TOOL CFG: LFNST:1 MMVD:1 Affine:1 AffineType:1 AdaptBypassAffineMe:0 PROF:1 SbTMVP:1 DualITree:1 IMV:1 BIO:1 LMChroma:1 HorCollocatedChroma:1 VerCollocatedChroma:0 MTS:1(explicit intra) SBT:1 ISP:1 SMVD:1 CompositeLTReference:0 Bcw:1 BcwFast:1 LADF:0 CIIP:1 Geo:1 AllowDisFracMMVD:1 AffineAmvr:1 AffineAmvrEncOpt:1 AffineAmvp:1 DMVR:1 MmvdDisNum:6 JointCbCr:1 ACT:0 PLT:0 IBC:0 HashME:0 WrapAround:0 VirtualBoundariesEnabledFlag:0 VirtualBoundariesPresentInSPSFlag:1 vertical virtual boundaries:[ ] horizontal virtual boundaries:[ ] Reshape:1 (Signal:SDR Opt:0 CSoffset:6) MRL:1 MIP:1 EncDbOpt:1 AlfLambdaOpt:0 
FAST TOOL CFG: LCTUFast:0 FastMrg:0 MaxMergeRdCandNumTotal:7 MergeRdCandQuotaRegular:4 MergeRdCandQuotaRegularSmallBlk:4 MergeRdCandQuotaSubBlk:2 MergeRdCandQuotaCiip:1 MergeRdCandQuotaGpm:8 PBIntraFast:1 IMV4PelFast:1 MTSMaxCand: 4(intra) 4(inter) ISPFast:0 FastLFNST:0 AMaxBT:1 E0023FastEnc:1 ContentBasedFastQtbt:0 UseNonLinearAlfLuma:1 UseNonLinearAlfChroma:1 MaxNumAlfAlternativesChroma:8 FastMIP:0 TTFastSkip:31 TTFastSkipThr:1.075 FastLocalDualTree:1 RPR:0 TemporalFilter:4/4 SEI CTI:0 BIM:0 SEI FGC:0 SEI processing Order:0 DPF:0 


 started @ Tue Aug 19 18:30:44 2025
POC    0 LId:  0 TId: 0 ( IDR_N_LP, I-SLICE, QP 24 )      93024 bits [Y 42.0432 dB    U 44.5259 dB    V 44.6945 dB] [ET    13 ] [L0] [L1]
POC   32 LId:  0 TId: 0 ( TRAIL, B-SLICE, QP 26 )      36976 bits [Y 40.7805 dB    U 43.9636 dB    V 43.7170 dB] [ET   438 ] [L0 0] [L1 0c]
POC   16 LId:  0 TId: 1 ( STSA, B-SLICE, QP 28 )      18752 bits [Y 39.8776 dB    U 43.2475 dB    V 42.7565 dB] [ET   498 ] [L0 0 32] [L1 32c]
POC    8 LId:  0 TId: 2 ( TRAIL, B-SLICE, QP 29 )      13344 bits [Y 39.7618 dB    U 43.3946 dB    V 42.8811 dB] [ET   625 ] [L0 0 16 32] [L1 16c 32]
POC    4 LId:  0 TId: 3 ( TRAIL, B-SLICE, QP 32 )       7040 bits [Y 39.0840 dB    U 43.6210 dB    V 42.6010 dB] [ET   851 ] [L0 0 8 16] [L1 8c 16 32]
POC    2 LId:  0 TId: 4 ( TRAIL, B-SLICE, QP 34 )       2880 bits [Y 39.1375 dB    U 43.9505 dB    V 43.1276 dB] [ET   808 ] [L0 0 4 8] [L1 4c 8 16 32]
POC    1 LId:  0 TId: 5 ( TRAIL, B-SLICE, QP 36 )        992 bits [Y 39.4727 dB    U 44.1816 dB    V 43.3750 dB] [ET   179 ] [L0 0] [L1 2c 4]
POC    3 LId:  0 TId: 5 ( TRAIL, B-SLICE, QP 36 )       1040 bits [Y 38.6193 dB    U 43.6602 dB    V 42.6075 dB] [ET   265 ] [L0 2c 0] [L1 4 8]
POC    6 LId:  0 TId: 4 ( TRAIL, B-SLICE, QP 34 )       3496 bits [Y 38.5273 dB    U 43.2583 dB    V 42.2705 dB] [ET   877 ] [L0 4c 2 0] [L1 8 16 32]
POC    5 LId:  0 TId: 5 ( TRAIL, B-SLICE, QP 36 )        848 bits [Y 38.4306 dB    U 43.2930 dB    V 42.1970 dB] [ET   218 ] [L0 4 0] [L1 6c 8]
POC    7 LId:  0 TId: 5 ( TRAIL, B-SLICE, QP 36 )        944 bits [Y 38.4036 dB    U 43.1325 dB    V 42.2226 dB] [ET   250 ] [L0 6c 4] [L1 8 16]
POC   12 LId:  0 TId: 3 ( TRAIL, B-SLICE, QP 32 )       7440 bits [Y 38.9798 dB    U 43.1654 dB    V 42.2068 dB] [ET   846 ] [L0 8c 4 0] [L1 16 32]
POC   10 LId:  0 TId: 4 ( TRAIL, B-SLICE, QP 34 )       3288 bits [Y 38.5714 dB    U 43.2042 dB    V 42.3720 dB] [ET   927 ] [L0 8 6 4 0] [L1 12c 16 32]
POC    9 LId:  0 TId: 5 ( TRAIL, B-SLICE, QP 36 )       1152 bits [Y 38.4708 dB    U 43.3736 dB    V 42.5075 dB] [ET   246 ] [L0 8 4] [L1 10c 12]
POC   11 LId:  0 TId: 5 ( TRAIL, B-SLICE, QP 36 )       1192 bits [Y 38.3019 dB    U 43.2723 dB    V 42.1183 dB] [ET   278 ] [L0 10c 8] [L1 12 16]
POC   14 LId:  0 TId: 4 ( TRAIL, B-SLICE, QP 34 )       2784 bits [Y 38.6681 dB    U 43.4168 dB    V 42.4111 dB] [ET   825 ] [L0 12c 10 8 0] [L1 16 32]
POC   13 LId:  0 TId: 5 ( TRAIL, B-SLICE, QP 36 )        664 bits [Y 38.3455 dB    U 43.2930 dB    V 42.1614 dB] [ET   178 ] [L0 12 8] [L1 14c 16]
POC   15 LId:  0 TId: 5 ( TRAIL, B-SLICE, QP 36 )        616 bits [Y 38.8914 dB    U 43.3097 dB    V 42.5036 dB] [ET   176 ] [L0 14c 12] [L1 16 32]
POC   24 LId:  0 TId: 2 ( TRAIL, B-SLICE, QP 29 )      13552 bits [Y 39.3677 dB    U 43.5108 dB    V 42.4607 dB] [ET   708 ] [L0 16c 8 0] [L1 32]
POC   20 LId:  0 TId: 3 ( TRAIL, B-SLICE, QP 32 )       7032 bits [Y 38.7965 dB    U 43.4036 dB    V 42.0474 dB] [ET   842 ] [L0 16 8 0] [L1 24c 32]
POC   18 LId:  0 TId: 4 ( TRAIL, B-SLICE, QP 34 )       2400 bits [Y 38.3727 dB    U 43.3288 dB    V 42.2076 dB] [ET   703 ] [L0 16 8 0] [L1 20c 24 32]
POC   17 LId:  0 TId: 5 ( TRAIL, B-SLICE, QP 36 )        736 bits [Y 38.7304 dB    U 43.3347 dB    V 42.4320 dB] [ET   191 ] [L0 16 8] [L1 18c 20]
POC   19 LId:  0 TId: 5 ( TRAIL, B-SLICE, QP 36 )        528 bits [Y 38.3171 dB    U 43.3894 dB    V 41.8517 dB] [ET   156 ] [L0 18c 16] [L1 20 24]
POC   22 LId:  0 TId: 4 ( TRAIL, B-SLICE, QP 34 )       2680 bits [Y 38.3139 dB    U 43.4221 dB    V 42.0384 dB] [ET   650 ] [L0 20c 16 0] [L1 24 32 18]
POC   21 LId:  0 TId: 5 ( TRAIL, B-SLICE, QP 36 )        560 bits [Y 38.2979 dB    U 43.4111 dB    V 41.8697 dB] [ET   169 ] [L0 20 16] [L1 22c 24]
POC   23 LId:  0 TId: 5 ( TRAIL, B-SLICE, QP 36 )        496 bits [Y 38.4966 dB    U 43.5057 dB    V 41.9749 dB] [ET   168 ] [L0 22c 20] [L1 24 32]
POC   28 LId:  0 TId: 3 ( TRAIL, B-SLICE, QP 32 )       6664 bits [Y 38.8490 dB    U 43.6046 dB    V 42.2998 dB] [ET   805 ] [L0 24c 20 16 0] [L1 32]
POC   26 LId:  0 TId: 4 ( TRAIL, B-SLICE, QP 34 )       2488 bits [Y 38.4403 dB    U 43.5850 dB    V 41.9000 dB] [ET   778 ] [L0 24 20 16 0] [L1 28c 32]
POC   25 LId:  0 TId: 5 ( TRAIL, B-SLICE, QP 36 )        544 bits [Y 38.5308 dB    U 43.6694 dB    V 42.0188 dB] [ET   151 ] [L0 24 20] [L1 26c 28]
POC   27 LId:  0 TId: 5 ( TRAIL, B-SLICE, QP 36 )        544 bits [Y 38.3503 dB    U 43.6389 dB    V 41.8891 dB] [ET   157 ] [L0 26c 24] [L1 28 32]
POC   30 LId:  0 TId: 4 ( TRAIL, B-SLICE, QP 34 )       2712 bits [Y 38.7443 dB    U 43.7725 dB    V 42.6998 dB] [ET   579 ] [L0 28c 24 16 0] [L1 32]
POC   29 LId:  0 TId: 5 ( TRAIL, B-SLICE, QP 36 )        688 bits [Y 38.3081 dB    U 43.6583 dB    V 41.8287 dB] [ET   191 ] [L0 28 24] [L1 30c 32]
POC   31 LId:  0 TId: 5 ( TRAIL, B-SLICE, QP 36 )        800 bits [Y 39.0308 dB    U 43.7774 dB    V 42.1398 dB] [ET   149 ] [L0 30c 28] [L1 32]

LayerId  0
	Total Frames |  Bitrate      Y-PSNR   U-PSNR   V-PSNR   YUV-PSNR 
	33           a  361.9636     38.8883  43.5235  42.4360  39.8154  

 finished @ Tue Aug 19 22:38:58 2025
 Total Time:    14894.138 sec. [user]    14894.138 sec. [elapsed]
