
VVCSoftware: VTM Encoder Version 23.11 [Windows][VS 1944][64 bit] [SIMD=AVX2] 

TOOL CFG: IBD:1 HAD:1 RDQ:1 RDQTS:1 LQP:0 SQP:0 ASR:1 MinSearchWindow:96 RestrictMESampling:0 FEN:1 ECU:0 FDM:1 ESD:0 TransformSkip:1 TransformSkipFast:1 TransformSkipLog2MaxSize:5 ChromaTS:1 BDPCM:0 Tiles: 1x1 Slices: 1 MCTS:0 SAO:1 ALF:1 CCALF:1 MaxNumALFAPS 8 AlfapsIDShift 0 ConstantJointCbCrSignFlagWPP:0 WPB:0 PME:2  WaveFrontSynchro:0 WaveFrontSubstreams:1 ScalingList:0 TMVPMode:1  DQ:1  SignBitHidingFlag:0 RecalQP:0 
TOOL CFG: LFNST:1 MMVD:1 Affine:1 AffineType:1 AdaptBypassAffineMe:0 PROF:1 SbTMVP:1 DualITree:1 IMV:1 BIO:1 LMChroma:1 HorCollocatedChroma:1 VerCollocatedChroma:0 MTS:1(explicit intra) SBT:1 ISP:1 SMVD:1 CompositeLTReference:0 Bcw:1 BcwFast:1 LADF:0 CIIP:1 Geo:1 AllowDisFracMMVD:1 AffineAmvr:1 AffineAmvrEncOpt:1 AffineAmvp:1 DMVR:1 MmvdDisNum:6 JointCbCr:1 ACT:0 PLT:0 IBC:0 HashME:0 WrapAround:0 VirtualBoundariesEnabledFlag:0 VirtualBoundariesPresentInSPSFlag:1 vertical virtual boundaries:[ ] horizontal virtual boundaries:[ ] Reshape:1 (Signal:SDR Opt:0 CSoffset:6) MRL:1 MIP:1 EncDbOpt:1 AlfLambdaOpt:0 
FAST TOOL CFG: LCTUFast:1 FastMrg:1 MaxMergeRdCandNumTotal:7 MergeRdCandQuotaRegular:4 MergeRdCandQuotaRegularSmallBlk:4 MergeRdCandQuotaSubBlk:2 MergeRdCandQuotaCiip:1 MergeRdCandQuotaGpm:8 PBIntraFast:1 IMV4PelFast:1 MTSMaxCand: 4(intra) 4(inter) ISPFast:0 FastLFNST:0 AMaxBT:1 E0023FastEnc:1 ContentBasedFastQtbt:0 UseNonLinearAlfLuma:1 UseNonLinearAlfChroma:1 MaxNumAlfAlternativesChroma:8 FastMIP:0 TTFastSkip:31 TTFastSkipThr:1.075 FastLocalDualTree:1 RPR:0 TemporalFilter:4/4 SEI CTI:0 BIM:0 SEI FGC:0 SEI processing Order:0 DPF:0 


 started @ Mon Aug 18 19:42:46 2025
POC    0 LId:  0 TId: 0 ( IDR_N_LP, I-SLICE, QP 34 )     573928 bits [Y 33.4681 dB    U 38.4322 dB    V 40.7081 dB] [ET   227 ] [L0] [L1]
POC   32 LId:  0 TId: 0 ( TRAIL, B-SLICE, QP 36 )      71600 bits [Y 32.9924 dB    U 38.3813 dB    V 40.7427 dB] [ET   164 ] [L0 0] [L1 0c]
POC   16 LId:  0 TId: 1 ( STSA, B-SLICE, QP 40 )      27144 bits [Y 32.4065 dB    U 38.3293 dB    V 40.6736 dB] [ET   107 ] [L0 0 32] [L1 32c]
POC    8 LId:  0 TId: 2 ( TRAIL, B-SLICE, QP 41 )      14536 bits [Y 32.3119 dB    U 38.3701 dB    V 40.6570 dB] [ET    88 ] [L0 0 16 32] [L1 16c 32]
POC    4 LId:  0 TId: 3 ( TRAIL, B-SLICE, QP 43 )       5688 bits [Y 32.3456 dB    U 38.4162 dB    V 40.6730 dB] [ET    53 ] [L0 0 8 16] [L1 8c 16 32]
POC    2 LId:  0 TId: 4 ( TRAIL, B-SLICE, QP 45 )       2136 bits [Y 32.5130 dB    U 38.4181 dB    V 40.6588 dB] [ET    38 ] [L0 0 4 8] [L1 4c 8 16 32]
POC    1 LId:  0 TId: 5 ( TRAIL, B-SLICE, QP 46 )        600 bits [Y 32.8749 dB    U 38.4364 dB    V 40.6686 dB] [ET    24 ] [L0 0] [L1 2c 4]
POC    3 LId:  0 TId: 5 ( TRAIL, B-SLICE, QP 46 )        840 bits [Y 32.3779 dB    U 38.3997 dB    V 40.6595 dB] [ET    25 ] [L0 2c 0] [L1 4 8]
POC    6 LId:  0 TId: 4 ( TRAIL, B-SLICE, QP 45 )       1808 bits [Y 32.3376 dB    U 38.3736 dB    V 40.6379 dB] [ET    38 ] [L0 4c 2 0] [L1 8 16 32]
POC    5 LId:  0 TId: 5 ( TRAIL, B-SLICE, QP 46 )        568 bits [Y 32.3028 dB    U 38.3859 dB    V 40.6474 dB] [ET    24 ] [L0 4 0] [L1 6c 8]
POC    7 LId:  0 TId: 5 ( TRAIL, B-SLICE, QP 46 )        728 bits [Y 32.3119 dB    U 38.3554 dB    V 40.6549 dB] [ET    26 ] [L0 6c 4] [L1 8 16]
POC   12 LId:  0 TId: 3 ( TRAIL, B-SLICE, QP 43 )       5384 bits [Y 32.2945 dB    U 38.3418 dB    V 40.6666 dB] [ET    52 ] [L0 8c 4 0] [L1 16 32]
POC   10 LId:  0 TId: 4 ( TRAIL, B-SLICE, QP 45 )       1808 bits [Y 32.0866 dB    U 38.3380 dB    V 40.6418 dB] [ET    40 ] [L0 8 6 4 0] [L1 12c 16 32]
POC    9 LId:  0 TId: 5 ( TRAIL, B-SLICE, QP 46 )        784 bits [Y 32.1788 dB    U 38.3454 dB    V 40.6615 dB] [ET    25 ] [L0 8 4] [L1 10c 12]
POC   11 LId:  0 TId: 5 ( TRAIL, B-SLICE, QP 46 )        576 bits [Y 32.1686 dB    U 38.3254 dB    V 40.6527 dB] [ET    24 ] [L0 10c 8] [L1 12 16]
POC   14 LId:  0 TId: 4 ( TRAIL, B-SLICE, QP 45 )       1976 bits [Y 32.2410 dB    U 38.3002 dB    V 40.6564 dB] [ET    37 ] [L0 12c 10 8 0] [L1 16 32]
POC   13 LId:  0 TId: 5 ( TRAIL, B-SLICE, QP 46 )        456 bits [Y 32.2135 dB    U 38.3209 dB    V 40.6528 dB] [ET    24 ] [L0 12 8] [L1 14c 16]
POC   15 LId:  0 TId: 5 ( TRAIL, B-SLICE, QP 46 )        680 bits [Y 32.2875 dB    U 38.3150 dB    V 40.6664 dB] [ET    25 ] [L0 14c 12] [L1 16 32]
POC   24 LId:  0 TId: 2 ( TRAIL, B-SLICE, QP 41 )      14616 bits [Y 32.4533 dB    U 38.3587 dB    V 40.7190 dB] [ET    87 ] [L0 16c 8 0] [L1 32]
POC   20 LId:  0 TId: 3 ( TRAIL, B-SLICE, QP 43 )       5552 bits [Y 32.2604 dB    U 38.3086 dB    V 40.6615 dB] [ET    53 ] [L0 16 8 0] [L1 24c 32]
POC   18 LId:  0 TId: 4 ( TRAIL, B-SLICE, QP 45 )       1928 bits [Y 32.2467 dB    U 38.3105 dB    V 40.6603 dB] [ET    38 ] [L0 16 8 0] [L1 20c 24 32]
POC   17 LId:  0 TId: 5 ( TRAIL, B-SLICE, QP 46 )        768 bits [Y 32.2953 dB    U 38.3247 dB    V 40.6887 dB] [ET    26 ] [L0 16 8] [L1 18c 20]
POC   19 LId:  0 TId: 5 ( TRAIL, B-SLICE, QP 46 )        472 bits [Y 32.1434 dB    U 38.3129 dB    V 40.6524 dB] [ET    25 ] [L0 18c 16] [L1 20 24]
POC   22 LId:  0 TId: 4 ( TRAIL, B-SLICE, QP 45 )       1832 bits [Y 32.2108 dB    U 38.3038 dB    V 40.6539 dB] [ET    38 ] [L0 20c 16 0] [L1 24 32 18]
POC   21 LId:  0 TId: 5 ( TRAIL, B-SLICE, QP 46 )        384 bits [Y 32.1680 dB    U 38.2994 dB    V 40.6482 dB] [ET    25 ] [L0 20 16] [L1 22c 24]
POC   23 LId:  0 TId: 5 ( TRAIL, B-SLICE, QP 46 )        856 bits [Y 32.2877 dB    U 38.3272 dB    V 40.6691 dB] [ET    24 ] [L0 22c 20] [L1 24 32]
POC   28 LId:  0 TId: 3 ( TRAIL, B-SLICE, QP 43 )       5200 bits [Y 32.4334 dB    U 38.3512 dB    V 40.6841 dB] [ET    51 ] [L0 24c 20 16 0] [L1 32]
POC   26 LId:  0 TId: 4 ( TRAIL, B-SLICE, QP 45 )       2048 bits [Y 32.1772 dB    U 38.3405 dB    V 40.6763 dB] [ET    31 ] [L0 24 20 16 0] [L1 28c 32]
POC   25 LId:  0 TId: 5 ( TRAIL, B-SLICE, QP 46 )        848 bits [Y 32.3197 dB    U 38.3370 dB    V 40.6791 dB] [ET    22 ] [L0 24 20] [L1 26c 28]
POC   27 LId:  0 TId: 5 ( TRAIL, B-SLICE, QP 46 )        880 bits [Y 32.2347 dB    U 38.3370 dB    V 40.6571 dB] [ET    23 ] [L0 26c 24] [L1 28 32]
POC   30 LId:  0 TId: 4 ( TRAIL, B-SLICE, QP 45 )       1760 bits [Y 32.4192 dB    U 38.3797 dB    V 40.7308 dB] [ET    31 ] [L0 28c 24 16 0] [L1 32]
POC   29 LId:  0 TId: 5 ( TRAIL, B-SLICE, QP 46 )        784 bits [Y 32.3412 dB    U 38.3492 dB    V 40.6769 dB] [ET    22 ] [L0 28 24] [L1 30c 32]
POC   31 LId:  0 TId: 5 ( TRAIL, B-SLICE, QP 46 )        520 bits [Y 32.6898 dB    U 38.3826 dB    V 40.7253 dB] [ET    20 ] [L0 30c 28] [L1 32]

LayerId  0
	Total Frames |  Bitrate      Y-PSNR   U-PSNR   V-PSNR   YUV-PSNR 
	33           a  1363.0691    32.3756  38.3518  40.6716  33.7146  

 finished @ Mon Aug 18 20:08:45 2025
 Total Time:     1558.647 sec. [user]     1558.647 sec. [elapsed]
