
VVCSoftware: VTM Encoder Version 23.11 [Windows][VS 1944][64 bit] [SIMD=AVX2] 

TOOL CFG: IBD:1 HAD:1 RDQ:1 RDQTS:1 LQP:0 SQP:0 ASR:1 MinSearchWindow:96 RestrictMESampling:0 FEN:1 ECU:0 FDM:1 ESD:0 TransformSkip:1 TransformSkipFast:1 TransformSkipLog2MaxSize:5 ChromaTS:1 BDPCM:0 Tiles: 1x1 Slices: 1 MCTS:0 SAO:0 ALF:1 CCALF:1 MaxNumALFAPS 8 AlfapsIDShift 0 ConstantJointCbCrSignFlagWPP:0 WPB:0 PME:2  WaveFrontSynchro:0 WaveFrontSubstreams:1 ScalingList:0 TMVPMode:1  DQ:1  SignBitHidingFlag:0 RecalQP:0 
TOOL CFG: LFNST:1 MMVD:1 Affine:1 AffineType:1 AdaptBypassAffineMe:0 PROF:1 SbTMVP:1 DualITree:1 IMV:1 BIO:1 LMChroma:1 HorCollocatedChroma:1 VerCollocatedChroma:0 MTS:1(explicit intra) SBT:1 ISP:1 SMVD:1 CompositeLTReference:0 Bcw:1 BcwFast:1 LADF:0 CIIP:1 Geo:1 AllowDisFracMMVD:1 AffineAmvr:1 AffineAmvrEncOpt:1 AffineAmvp:1 DMVR:1 MmvdDisNum:6 JointCbCr:1 ACT:0 PLT:0 IBC:0 HashME:0 WrapAround:0 VirtualBoundariesEnabledFlag:0 VirtualBoundariesPresentInSPSFlag:1 vertical virtual boundaries:[ ] horizontal virtual boundaries:[ ] Reshape:1 (Signal:SDR Opt:0 CSoffset:6) MRL:1 MIP:1 EncDbOpt:1 AlfLambdaOpt:0 
FAST TOOL CFG: LCTUFast:1 FastMrg:1 MaxMergeRdCandNumTotal:7 MergeRdCandQuotaRegular:4 MergeRdCandQuotaRegularSmallBlk:4 MergeRdCandQuotaSubBlk:2 MergeRdCandQuotaCiip:1 MergeRdCandQuotaGpm:8 PBIntraFast:1 IMV4PelFast:1 MTSMaxCand: 4(intra) 4(inter) ISPFast:0 FastLFNST:0 AMaxBT:1 E0023FastEnc:1 ContentBasedFastQtbt:0 UseNonLinearAlfLuma:1 UseNonLinearAlfChroma:1 MaxNumAlfAlternativesChroma:8 FastMIP:0 TTFastSkip:31 TTFastSkipThr:1.075 FastLocalDualTree:1 RPR:0 TemporalFilter:4/4 SEI CTI:0 BIM:0 SEI FGC:0 SEI processing Order:0 DPF:0 


 started @ Mon Aug 18 18:18:06 2025
POC    0 LId:  0 TId: 0 ( IDR_N_LP, I-SLICE, QP 34 )     138720 bits [Y 37.5417 dB    U 42.1816 dB    V 42.4106 dB] [ET    65 ] [L0] [L1]
POC   32 LId:  0 TId: 0 ( TRAIL, B-SLICE, QP 36 )     114416 bits [Y 37.1021 dB    U 41.8132 dB    V 41.9914 dB] [ET   332 ] [L0 0] [L1 0c]
POC   16 LId:  0 TId: 1 ( STSA, B-SLICE, QP 40 )      45496 bits [Y 36.6558 dB    U 42.0483 dB    V 42.0587 dB] [ET   188 ] [L0 0 32] [L1 32c]
POC    8 LId:  0 TId: 2 ( TRAIL, B-SLICE, QP 41 )      34304 bits [Y 36.3986 dB    U 41.9270 dB    V 41.7235 dB] [ET   157 ] [L0 0 16 32] [L1 16c 32]
POC    4 LId:  0 TId: 3 ( TRAIL, B-SLICE, QP 43 )      22152 bits [Y 36.2141 dB    U 41.8552 dB    V 41.6131 dB] [ET   117 ] [L0 0 8 16] [L1 8c 16 32]
POC    2 LId:  0 TId: 4 ( TRAIL, B-SLICE, QP 45 )      12864 bits [Y 36.0912 dB    U 41.7662 dB    V 41.3986 dB] [ET    77 ] [L0 0 4 8] [L1 4c 8 16 32]
POC    1 LId:  0 TId: 5 ( TRAIL, B-SLICE, QP 46 )       6904 bits [Y 36.2654 dB    U 41.9276 dB    V 41.5778 dB] [ET    38 ] [L0 0] [L1 2c 4]
POC    3 LId:  0 TId: 5 ( TRAIL, B-SLICE, QP 46 )       7152 bits [Y 35.8337 dB    U 41.7875 dB    V 41.1703 dB] [ET    42 ] [L0 2c 0] [L1 4 8]
POC    6 LId:  0 TId: 4 ( TRAIL, B-SLICE, QP 45 )      14256 bits [Y 35.6709 dB    U 41.7076 dB    V 41.1286 dB] [ET    82 ] [L0 4c 2 0] [L1 8 16 32]
POC    5 LId:  0 TId: 5 ( TRAIL, B-SLICE, QP 46 )       7080 bits [Y 35.5890 dB    U 41.7026 dB    V 40.9875 dB] [ET    44 ] [L0 4 0] [L1 6c 8]
POC    7 LId:  0 TId: 5 ( TRAIL, B-SLICE, QP 46 )       7072 bits [Y 35.6264 dB    U 41.7635 dB    V 41.1319 dB] [ET    44 ] [L0 6c 4] [L1 8 16]
POC   12 LId:  0 TId: 3 ( TRAIL, B-SLICE, QP 43 )      19304 bits [Y 36.1990 dB    U 41.8888 dB    V 41.7504 dB] [ET   107 ] [L0 8c 4 0] [L1 16 32]
POC   10 LId:  0 TId: 4 ( TRAIL, B-SLICE, QP 45 )      11384 bits [Y 35.8050 dB    U 41.7242 dB    V 41.1854 dB] [ET    77 ] [L0 8 6 4 0] [L1 12c 16 32]
POC    9 LId:  0 TId: 5 ( TRAIL, B-SLICE, QP 46 )       6376 bits [Y 35.6943 dB    U 41.8114 dB    V 41.0999 dB] [ET    41 ] [L0 8 4] [L1 10c 12]
POC   11 LId:  0 TId: 5 ( TRAIL, B-SLICE, QP 46 )       5072 bits [Y 35.7595 dB    U 41.7909 dB    V 41.2733 dB] [ET    38 ] [L0 10c 8] [L1 12 16]
POC   14 LId:  0 TId: 4 ( TRAIL, B-SLICE, QP 45 )       9200 bits [Y 35.9759 dB    U 41.9190 dB    V 41.5728 dB] [ET    65 ] [L0 12c 10 8 0] [L1 16 32]
POC   13 LId:  0 TId: 5 ( TRAIL, B-SLICE, QP 46 )       4016 bits [Y 35.8561 dB    U 41.8185 dB    V 41.4404 dB] [ET    32 ] [L0 12 8] [L1 14c 16]
POC   15 LId:  0 TId: 5 ( TRAIL, B-SLICE, QP 46 )       3944 bits [Y 35.9920 dB    U 41.9639 dB    V 41.6161 dB] [ET    36 ] [L0 14c 12] [L1 16 32]
POC   24 LId:  0 TId: 2 ( TRAIL, B-SLICE, QP 41 )      37512 bits [Y 36.2759 dB    U 41.5898 dB    V 41.6123 dB] [ET   167 ] [L0 16c 8 0] [L1 32]
POC   20 LId:  0 TId: 3 ( TRAIL, B-SLICE, QP 43 )      19304 bits [Y 36.1434 dB    U 41.6846 dB    V 41.6785 dB] [ET   114 ] [L0 16 8 0] [L1 24c 32]
POC   18 LId:  0 TId: 4 ( TRAIL, B-SLICE, QP 45 )       9504 bits [Y 35.8879 dB    U 41.6710 dB    V 41.4400 dB] [ET    71 ] [L0 16 8 0] [L1 20c 24 32]
POC   17 LId:  0 TId: 5 ( TRAIL, B-SLICE, QP 46 )       3792 bits [Y 35.9619 dB    U 41.8691 dB    V 41.5459 dB] [ET    30 ] [L0 16 8] [L1 18c 20]
POC   19 LId:  0 TId: 5 ( TRAIL, B-SLICE, QP 46 )       4424 bits [Y 35.7869 dB    U 41.6353 dB    V 41.4024 dB] [ET    32 ] [L0 18c 16] [L1 20 24]
POC   22 LId:  0 TId: 4 ( TRAIL, B-SLICE, QP 45 )      10696 bits [Y 35.7443 dB    U 41.4715 dB    V 41.2357 dB] [ET    78 ] [L0 20c 16 0] [L1 24 32 18]
POC   21 LId:  0 TId: 5 ( TRAIL, B-SLICE, QP 46 )       4776 bits [Y 35.6707 dB    U 41.4968 dB    V 41.2637 dB] [ET    34 ] [L0 20 16] [L1 22c 24]
POC   23 LId:  0 TId: 5 ( TRAIL, B-SLICE, QP 46 )       5104 bits [Y 35.6311 dB    U 41.5211 dB    V 41.2367 dB] [ET    40 ] [L0 22c 20] [L1 24 32]
POC   28 LId:  0 TId: 3 ( TRAIL, B-SLICE, QP 43 )      27080 bits [Y 35.6259 dB    U 41.3089 dB    V 41.1676 dB] [ET   137 ] [L0 24c 20 16 0] [L1 32]
POC   26 LId:  0 TId: 4 ( TRAIL, B-SLICE, QP 45 )      12168 bits [Y 35.3021 dB    U 41.3084 dB    V 41.0698 dB] [ET    81 ] [L0 24 20 16 0] [L1 28c 32]
POC   25 LId:  0 TId: 5 ( TRAIL, B-SLICE, QP 46 )       5800 bits [Y 35.3948 dB    U 41.4248 dB    V 41.2333 dB] [ET    41 ] [L0 24 20] [L1 26c 28]
POC   27 LId:  0 TId: 5 ( TRAIL, B-SLICE, QP 46 )       5952 bits [Y 35.0857 dB    U 41.2408 dB    V 40.9027 dB] [ET    40 ] [L0 26c 24] [L1 28 32]
POC   30 LId:  0 TId: 4 ( TRAIL, B-SLICE, QP 45 )      12824 bits [Y 35.4682 dB    U 41.4047 dB    V 41.1966 dB] [ET    83 ] [L0 28c 24 16 0] [L1 32]
POC   29 LId:  0 TId: 5 ( TRAIL, B-SLICE, QP 46 )       5584 bits [Y 35.1206 dB    U 41.3235 dB    V 40.9173 dB] [ET    40 ] [L0 28 24] [L1 30c 32]
POC   31 LId:  0 TId: 5 ( TRAIL, B-SLICE, QP 46 )       5600 bits [Y 35.7465 dB    U 41.5433 dB    V 41.4445 dB] [ET    38 ] [L0 30c 28] [L1 32]

LayerId  0
	Total Frames |  Bitrate      Y-PSNR   U-PSNR   V-PSNR   YUV-PSNR 
	33           a  969.4424     35.9126  41.6936  41.4084  37.0925  

 finished @ Mon Aug 18 19:01:36 2025
 Total Time:     2609.915 sec. [user]     2609.915 sec. [elapsed]
