
VVCSoftware: VTM Encoder Version 23.11 [Windows][VS 1944][64 bit] [SIMD=AVX2] 

TOOL CFG: IBD:1 HAD:1 RDQ:1 RDQTS:1 LQP:0 SQP:0 ASR:1 MinSearchWindow:96 RestrictMESampling:0 FEN:0 ECU:0 FDM:1 ESD:0 TransformSkip:1 TransformSkipFast:1 TransformSkipLog2MaxSize:5 ChromaTS:1 BDPCM:0 Tiles: 1x1 Slices: 1 MCTS:0 SAO:1 ALF:1 CCALF:1 MaxNumALFAPS 8 AlfapsIDShift 0 ConstantJointCbCrSignFlagWPP:0 WPB:0 PME:2  WaveFrontSynchro:0 WaveFrontSubstreams:1 ScalingList:0 TMVPMode:1  DQ:1  SignBitHidingFlag:0 RecalQP:0 
TOOL CFG: LFNST:1 MMVD:1 Affine:1 AffineType:1 AdaptBypassAffineMe:0 PROF:1 SbTMVP:1 DualITree:1 IMV:1 BIO:1 LMChroma:1 HorCollocatedChroma:1 VerCollocatedChroma:0 MTS:1(explicit intra) SBT:1 ISP:1 SMVD:1 CompositeLTReference:0 Bcw:1 BcwFast:1 LADF:0 CIIP:1 Geo:1 AllowDisFracMMVD:1 AffineAmvr:1 AffineAmvrEncOpt:1 AffineAmvp:1 DMVR:1 MmvdDisNum:6 JointCbCr:1 ACT:0 PLT:0 IBC:0 HashME:0 WrapAround:0 VirtualBoundariesEnabledFlag:0 VirtualBoundariesPresentInSPSFlag:1 vertical virtual boundaries:[ ] horizontal virtual boundaries:[ ] Reshape:1 (Signal:SDR Opt:0 CSoffset:6) MRL:1 MIP:1 EncDbOpt:1 AlfLambdaOpt:0 
FAST TOOL CFG: LCTUFast:1 FastMrg:1 MaxMergeRdCandNumTotal:7 MergeRdCandQuotaRegular:4 MergeRdCandQuotaRegularSmallBlk:4 MergeRdCandQuotaSubBlk:2 MergeRdCandQuotaCiip:1 MergeRdCandQuotaGpm:8 PBIntraFast:1 IMV4PelFast:1 MTSMaxCand: 4(intra) 4(inter) ISPFast:0 FastLFNST:0 AMaxBT:1 E0023FastEnc:1 ContentBasedFastQtbt:0 UseNonLinearAlfLuma:1 UseNonLinearAlfChroma:1 MaxNumAlfAlternativesChroma:8 FastMIP:0 TTFastSkip:31 TTFastSkipThr:1.075 FastLocalDualTree:1 RPR:0 TemporalFilter:4/4 SEI CTI:0 BIM:0 SEI FGC:0 SEI processing Order:0 DPF:0 


 started @ Mon Aug 18 22:24:49 2025
POC    0 LId:  0 TId: 0 ( IDR_N_LP, I-SLICE, QP 24 )     150000 bits [Y 39.4914 dB    U 41.1643 dB    V 43.1869 dB] [ET    33 ] [L0] [L1]
POC   32 LId:  0 TId: 0 ( TRAIL, B-SLICE, QP 26 )      87192 bits [Y 38.0889 dB    U 40.8694 dB    V 41.8520 dB] [ET    61 ] [L0 0] [L1 0c]
POC   16 LId:  0 TId: 1 ( STSA, B-SLICE, QP 28 )      40920 bits [Y 36.4182 dB    U 39.3847 dB    V 41.5519 dB] [ET    44 ] [L0 0 32] [L1 32c]
POC    8 LId:  0 TId: 2 ( TRAIL, B-SLICE, QP 29 )      24048 bits [Y 36.2932 dB    U 39.7902 dB    V 41.7365 dB] [ET    34 ] [L0 0 16 32] [L1 16c 32]
POC    4 LId:  0 TId: 3 ( TRAIL, B-SLICE, QP 32 )       9128 bits [Y 36.0575 dB    U 39.9600 dB    V 41.8714 dB] [ET    29 ] [L0 0 8 16] [L1 8c 16 32]
POC    2 LId:  0 TId: 4 ( TRAIL, B-SLICE, QP 34 )       4496 bits [Y 36.4882 dB    U 40.2254 dB    V 42.4276 dB] [ET    17 ] [L0 0 4 8] [L1 4c 8 16 32]
POC    1 LId:  0 TId: 5 ( TRAIL, B-SLICE, QP 36 )       1816 bits [Y 37.1788 dB    U 40.5320 dB    V 42.6904 dB] [ET     6 ] [L0 0] [L1 2c 4]
POC    3 LId:  0 TId: 5 ( TRAIL, B-SLICE, QP 36 )       1736 bits [Y 35.8634 dB    U 40.0342 dB    V 42.1562 dB] [ET     6 ] [L0 2c 0] [L1 4 8]
POC    6 LId:  0 TId: 4 ( TRAIL, B-SLICE, QP 34 )       3648 bits [Y 35.4459 dB    U 39.6489 dB    V 41.5200 dB] [ET    14 ] [L0 4c 2 0] [L1 8 16 32]
POC    5 LId:  0 TId: 5 ( TRAIL, B-SLICE, QP 36 )       1552 bits [Y 35.4856 dB    U 39.6102 dB    V 41.5707 dB] [ET     6 ] [L0 4 0] [L1 6c 8]
POC    7 LId:  0 TId: 5 ( TRAIL, B-SLICE, QP 36 )       1216 bits [Y 35.4150 dB    U 39.6520 dB    V 41.6022 dB] [ET     6 ] [L0 6c 4] [L1 8 16]
POC   12 LId:  0 TId: 3 ( TRAIL, B-SLICE, QP 32 )      10168 bits [Y 35.5455 dB    U 39.4087 dB    V 41.6137 dB] [ET    19 ] [L0 8c 4 0] [L1 16 32]
POC   10 LId:  0 TId: 4 ( TRAIL, B-SLICE, QP 34 )       4024 bits [Y 35.3067 dB    U 39.4016 dB    V 41.6105 dB] [ET    16 ] [L0 8 6 4 0] [L1 12c 16 32]
POC    9 LId:  0 TId: 5 ( TRAIL, B-SLICE, QP 36 )       1184 bits [Y 35.3265 dB    U 39.5701 dB    V 41.7405 dB] [ET     6 ] [L0 8 4] [L1 10c 12]
POC   11 LId:  0 TId: 5 ( TRAIL, B-SLICE, QP 36 )       1048 bits [Y 34.8070 dB    U 39.4007 dB    V 41.5653 dB] [ET     6 ] [L0 10c 8] [L1 12 16]
POC   14 LId:  0 TId: 4 ( TRAIL, B-SLICE, QP 34 )       4496 bits [Y 35.3197 dB    U 39.2355 dB    V 41.4023 dB] [ET    17 ] [L0 12c 10 8 0] [L1 16 32]
POC   13 LId:  0 TId: 5 ( TRAIL, B-SLICE, QP 36 )       1456 bits [Y 34.8914 dB    U 39.2566 dB    V 41.4825 dB] [ET     7 ] [L0 12 8] [L1 14c 16]
POC   15 LId:  0 TId: 5 ( TRAIL, B-SLICE, QP 36 )       1624 bits [Y 35.3122 dB    U 39.1361 dB    V 41.3733 dB] [ET     8 ] [L0 14c 12] [L1 16 32]
POC   24 LId:  0 TId: 2 ( TRAIL, B-SLICE, QP 29 )      29184 bits [Y 36.0493 dB    U 39.3776 dB    V 41.2944 dB] [ET    33 ] [L0 16c 8 0] [L1 32]
POC   20 LId:  0 TId: 3 ( TRAIL, B-SLICE, QP 32 )      13232 bits [Y 35.2406 dB    U 38.3495 dB    V 40.9166 dB] [ET    22 ] [L0 16 8 0] [L1 24c 32]
POC   18 LId:  0 TId: 4 ( TRAIL, B-SLICE, QP 34 )       4896 bits [Y 35.1091 dB    U 38.9159 dB    V 41.2954 dB] [ET    17 ] [L0 16 8 0] [L1 20c 24 32]
POC   17 LId:  0 TId: 5 ( TRAIL, B-SLICE, QP 36 )       1552 bits [Y 35.2662 dB    U 39.0806 dB    V 41.4516 dB] [ET     6 ] [L0 16 8] [L1 18c 20]
POC   19 LId:  0 TId: 5 ( TRAIL, B-SLICE, QP 36 )       1904 bits [Y 34.7596 dB    U 38.6421 dB    V 41.0595 dB] [ET     7 ] [L0 18c 16] [L1 20 24]
POC   22 LId:  0 TId: 4 ( TRAIL, B-SLICE, QP 34 )       5344 bits [Y 34.8398 dB    U 37.9087 dB    V 40.8272 dB] [ET    22 ] [L0 20c 16 0] [L1 24 32 18]
POC   21 LId:  0 TId: 5 ( TRAIL, B-SLICE, QP 36 )       1688 bits [Y 34.6515 dB    U 38.2649 dB    V 40.9829 dB] [ET     7 ] [L0 20 16] [L1 22c 24]
POC   23 LId:  0 TId: 5 ( TRAIL, B-SLICE, QP 36 )       2168 bits [Y 34.9500 dB    U 38.4644 dB    V 41.2237 dB] [ET     8 ] [L0 22c 20] [L1 24 32]
POC   28 LId:  0 TId: 3 ( TRAIL, B-SLICE, QP 32 )      18712 bits [Y 35.6280 dB    U 39.1168 dB    V 40.4445 dB] [ET    27 ] [L0 24c 20 16 0] [L1 32]
POC   26 LId:  0 TId: 4 ( TRAIL, B-SLICE, QP 34 )       8536 bits [Y 34.9509 dB    U 38.8899 dB    V 40.7797 dB] [ET    23 ] [L0 24 20 16 0] [L1 28c 32]
POC   25 LId:  0 TId: 5 ( TRAIL, B-SLICE, QP 36 )       3480 bits [Y 34.8799 dB    U 38.9753 dB    V 41.0390 dB] [ET    11 ] [L0 24 20] [L1 26c 28]
POC   27 LId:  0 TId: 5 ( TRAIL, B-SLICE, QP 36 )       4944 bits [Y 34.4527 dB    U 38.7298 dB    V 40.3640 dB] [ET    15 ] [L0 26c 24] [L1 28 32]
POC   30 LId:  0 TId: 4 ( TRAIL, B-SLICE, QP 34 )      10896 bits [Y 35.1300 dB    U 39.0788 dB    V 40.1218 dB] [ET    30 ] [L0 28c 24 16 0] [L1 32]
POC   29 LId:  0 TId: 5 ( TRAIL, B-SLICE, QP 36 )       5656 bits [Y 34.3349 dB    U 38.8253 dB    V 39.8507 dB] [ET    18 ] [L0 28 24] [L1 30c 32]
POC   31 LId:  0 TId: 5 ( TRAIL, B-SLICE, QP 36 )       5712 bits [Y 35.0946 dB    U 39.5541 dB    V 40.3107 dB] [ET    14 ] [L0 30c 28] [L1 32]

LayerId  0
	Total Frames |  Bitrate      Y-PSNR   U-PSNR   V-PSNR   YUV-PSNR 
	33           a  708.5697     35.5780  39.3471  41.3611  36.5554  

 finished @ Mon Aug 18 22:34:41 2025
 Total Time:      591.557 sec. [user]      591.556 sec. [elapsed]
