
VVCSoftware: VTM Encoder Version 23.11 [Windows][VS 1944][64 bit] [SIMD=AVX2] 

TOOL CFG: IBD:1 HAD:1 RDQ:1 RDQTS:1 LQP:0 SQP:0 ASR:1 MinSearchWindow:96 RestrictMESampling:0 FEN:1 ECU:0 FDM:1 ESD:0 TransformSkip:1 TransformSkipFast:1 TransformSkipLog2MaxSize:5 ChromaTS:1 BDPCM:0 Tiles: 1x1 Slices: 1 MCTS:0 SAO:1 ALF:1 CCALF:1 MaxNumALFAPS 8 AlfapsIDShift 0 ConstantJointCbCrSignFlagWPP:0 WPB:0 PME:2  WaveFrontSynchro:0 WaveFrontSubstreams:1 ScalingList:0 TMVPMode:1  DQ:1  SignBitHidingFlag:0 RecalQP:0 
TOOL CFG: LFNST:1 MMVD:1 Affine:1 AffineType:1 AdaptBypassAffineMe:0 PROF:1 SbTMVP:1 DualITree:1 IMV:1 BIO:1 LMChroma:1 HorCollocatedChroma:1 VerCollocatedChroma:0 MTS:1(explicit intra) SBT:1 ISP:1 SMVD:1 CompositeLTReference:0 Bcw:1 BcwFast:1 LADF:0 CIIP:1 Geo:1 AllowDisFracMMVD:1 AffineAmvr:1 AffineAmvrEncOpt:1 AffineAmvp:1 DMVR:1 MmvdDisNum:6 JointCbCr:1 ACT:0 PLT:0 IBC:0 HashME:0 WrapAround:0 VirtualBoundariesEnabledFlag:0 VirtualBoundariesPresentInSPSFlag:1 vertical virtual boundaries:[ ] horizontal virtual boundaries:[ ] Reshape:1 (Signal:SDR Opt:0 CSoffset:6) MRL:1 MIP:1 EncDbOpt:1 AlfLambdaOpt:0 
FAST TOOL CFG: LCTUFast:1 FastMrg:1 MaxMergeRdCandNumTotal:7 MergeRdCandQuotaRegular:4 MergeRdCandQuotaRegularSmallBlk:4 MergeRdCandQuotaSubBlk:2 MergeRdCandQuotaCiip:1 MergeRdCandQuotaGpm:8 PBIntraFast:1 IMV4PelFast:1 MTSMaxCand: 4(intra) 4(inter) ISPFast:0 FastLFNST:0 AMaxBT:1 E0023FastEnc:1 ContentBasedFastQtbt:0 UseNonLinearAlfLuma:1 UseNonLinearAlfChroma:1 MaxNumAlfAlternativesChroma:8 FastMIP:0 TTFastSkip:31 TTFastSkipThr:1.075 FastLocalDualTree:1 RPR:0 TemporalFilter:4/4 SEI CTI:0 BIM:0 SEI FGC:0 SEI processing Order:0 DPF:0 


 started @ Tue Aug 19 03:27:40 2025
POC    0 LId:  0 TId: 0 ( IDR_N_LP, I-SLICE, QP 19 )     917312 bits [Y 41.1322 dB    U 45.8374 dB    V 47.9483 dB] [ET   404 ] [L0] [L1]
POC   32 LId:  0 TId: 0 ( TRAIL, B-SLICE, QP 21 )     620088 bits [Y 40.4131 dB    U 45.2515 dB    V 47.2178 dB] [ET   861 ] [L0 0] [L1 0c]
POC   16 LId:  0 TId: 1 ( STSA, B-SLICE, QP 22 )     381336 bits [Y 40.3581 dB    U 45.5629 dB    V 47.5695 dB] [ET   759 ] [L0 0 32] [L1 32c]
POC    8 LId:  0 TId: 2 ( TRAIL, B-SLICE, QP 23 )     318360 bits [Y 40.2580 dB    U 45.5145 dB    V 47.3890 dB] [ET   657 ] [L0 0 16 32] [L1 16c 32]
POC    4 LId:  0 TId: 3 ( TRAIL, B-SLICE, QP 26 )     225320 bits [Y 40.2235 dB    U 45.3910 dB    V 47.2084 dB] [ET   594 ] [L0 0 8 16] [L1 8c 16 32]
POC    2 LId:  0 TId: 4 ( TRAIL, B-SLICE, QP 28 )     110048 bits [Y 39.9073 dB    U 45.3655 dB    V 47.0042 dB] [ET   376 ] [L0 0 4 8] [L1 4c 8 16 32]
POC    1 LId:  0 TId: 5 ( TRAIL, B-SLICE, QP 29 )      65360 bits [Y 39.8606 dB    U 45.5012 dB    V 47.0663 dB] [ET   194 ] [L0 0] [L1 2c 4]
POC    3 LId:  0 TId: 5 ( TRAIL, B-SLICE, QP 29 )      67120 bits [Y 39.6821 dB    U 45.2523 dB    V 46.7185 dB] [ET   199 ] [L0 2c 0] [L1 4 8]
POC    6 LId:  0 TId: 4 ( TRAIL, B-SLICE, QP 28 )     118552 bits [Y 39.7046 dB    U 45.2374 dB    V 46.7015 dB] [ET   365 ] [L0 4c 2 0] [L1 8 16 32]
POC    5 LId:  0 TId: 5 ( TRAIL, B-SLICE, QP 29 )      72888 bits [Y 39.5718 dB    U 45.1534 dB    V 46.6113 dB] [ET   215 ] [L0 4 0] [L1 6c 8]
POC    7 LId:  0 TId: 5 ( TRAIL, B-SLICE, QP 29 )      70320 bits [Y 39.5977 dB    U 45.2638 dB    V 46.6572 dB] [ET   210 ] [L0 6c 4] [L1 8 16]
POC   12 LId:  0 TId: 3 ( TRAIL, B-SLICE, QP 26 )     205040 bits [Y 40.2077 dB    U 45.3777 dB    V 47.1879 dB] [ET   533 ] [L0 8c 4 0] [L1 16 32]
POC   10 LId:  0 TId: 4 ( TRAIL, B-SLICE, QP 28 )     102384 bits [Y 39.7185 dB    U 45.2674 dB    V 46.8008 dB] [ET   373 ] [L0 8 6 4 0] [L1 12c 16 32]
POC    9 LId:  0 TId: 5 ( TRAIL, B-SLICE, QP 29 )      65664 bits [Y 39.6214 dB    U 45.2789 dB    V 46.7091 dB] [ET   216 ] [L0 8 4] [L1 10c 12]
POC   11 LId:  0 TId: 5 ( TRAIL, B-SLICE, QP 29 )      56888 bits [Y 39.6494 dB    U 45.2069 dB    V 46.7481 dB] [ET   208 ] [L0 10c 8] [L1 12 16]
POC   14 LId:  0 TId: 4 ( TRAIL, B-SLICE, QP 28 )      85488 bits [Y 39.8697 dB    U 45.3057 dB    V 47.0248 dB] [ET   318 ] [L0 12c 10 8 0] [L1 16 32]
POC   13 LId:  0 TId: 5 ( TRAIL, B-SLICE, QP 29 )      49008 bits [Y 39.7198 dB    U 45.2242 dB    V 46.8448 dB] [ET   181 ] [L0 12 8] [L1 14c 16]
POC   15 LId:  0 TId: 5 ( TRAIL, B-SLICE, QP 29 )      49872 bits [Y 39.8418 dB    U 45.3448 dB    V 47.0193 dB] [ET   192 ] [L0 14c 12] [L1 16 32]
POC   24 LId:  0 TId: 2 ( TRAIL, B-SLICE, QP 23 )     311320 bits [Y 40.3010 dB    U 45.3154 dB    V 47.2443 dB] [ET   654 ] [L0 16c 8 0] [L1 32]
POC   20 LId:  0 TId: 3 ( TRAIL, B-SLICE, QP 26 )     176368 bits [Y 40.2394 dB    U 45.3714 dB    V 47.1907 dB] [ET   531 ] [L0 16 8 0] [L1 24c 32]
POC   18 LId:  0 TId: 4 ( TRAIL, B-SLICE, QP 28 )      88744 bits [Y 39.9933 dB    U 45.2604 dB    V 46.9599 dB] [ET   313 ] [L0 16 8 0] [L1 20c 24 32]
POC   17 LId:  0 TId: 5 ( TRAIL, B-SLICE, QP 29 )      48224 bits [Y 39.9247 dB    U 45.3399 dB    V 47.0149 dB] [ET   180 ] [L0 16 8] [L1 18c 20]
POC   19 LId:  0 TId: 5 ( TRAIL, B-SLICE, QP 29 )      49608 bits [Y 39.8860 dB    U 45.2268 dB    V 46.8189 dB] [ET   198 ] [L0 18c 16] [L1 20 24]
POC   22 LId:  0 TId: 4 ( TRAIL, B-SLICE, QP 28 )      95688 bits [Y 39.9444 dB    U 45.1423 dB    V 46.8046 dB] [ET   332 ] [L0 20c 16 0] [L1 24 32 18]
POC   21 LId:  0 TId: 5 ( TRAIL, B-SLICE, QP 29 )      52872 bits [Y 39.8630 dB    U 45.0936 dB    V 46.7063 dB] [ET   195 ] [L0 20 16] [L1 22c 24]
POC   23 LId:  0 TId: 5 ( TRAIL, B-SLICE, QP 29 )      60120 bits [Y 39.8742 dB    U 45.0751 dB    V 46.7234 dB] [ET   200 ] [L0 22c 20] [L1 24 32]
POC   28 LId:  0 TId: 3 ( TRAIL, B-SLICE, QP 26 )     235856 bits [Y 40.1191 dB    U 45.0094 dB    V 46.7115 dB] [ET   595 ] [L0 24c 20 16 0] [L1 32]
POC   26 LId:  0 TId: 4 ( TRAIL, B-SLICE, QP 28 )     117648 bits [Y 39.8540 dB    U 44.9269 dB    V 46.5412 dB] [ET   364 ] [L0 24 20 16 0] [L1 28c 32]
POC   25 LId:  0 TId: 5 ( TRAIL, B-SLICE, QP 29 )      67352 bits [Y 39.7993 dB    U 44.9872 dB    V 46.6060 dB] [ET   202 ] [L0 24 20] [L1 26c 28]
POC   27 LId:  0 TId: 5 ( TRAIL, B-SLICE, QP 29 )      74432 bits [Y 39.7026 dB    U 44.8182 dB    V 46.3236 dB] [ET   203 ] [L0 26c 24] [L1 28 32]
POC   30 LId:  0 TId: 4 ( TRAIL, B-SLICE, QP 28 )     118512 bits [Y 39.7988 dB    U 44.8837 dB    V 46.4598 dB] [ET   360 ] [L0 28c 24 16 0] [L1 32]
POC   29 LId:  0 TId: 5 ( TRAIL, B-SLICE, QP 29 )      72512 bits [Y 39.6508 dB    U 44.8040 dB    V 46.2996 dB] [ET   208 ] [L0 28 24] [L1 30c 32]
POC   31 LId:  0 TId: 5 ( TRAIL, B-SLICE, QP 29 )      68992 bits [Y 39.7280 dB    U 44.9818 dB    V 46.5629 dB] [ET   196 ] [L0 30c 28] [L1 32]

LayerId  0
	Total Frames |  Bitrate      Y-PSNR   U-PSNR   V-PSNR   YUV-PSNR 
	33           a  7908.0242    39.9399  45.2295  46.8907  41.1809  

 finished @ Tue Aug 19 06:40:42 2025
 Total Time:    11582.226 sec. [user]    11582.226 sec. [elapsed]
