
VVCSoftware: VTM Encoder Version 23.11 [Windows][VS 1944][64 bit] [SIMD=AVX2] 

TOOL CFG: IBD:1 HAD:1 RDQ:1 RDQTS:1 LQP:0 SQP:0 ASR:1 MinSearchWindow:96 RestrictMESampling:0 FEN:1 ECU:0 FDM:1 ESD:0 TransformSkip:1 TransformSkipFast:1 TransformSkipLog2MaxSize:5 ChromaTS:1 BDPCM:0 Tiles: 1x1 Slices: 1 MCTS:0 SAO:0 ALF:1 CCALF:1 MaxNumALFAPS 8 AlfapsIDShift 0 ConstantJointCbCrSignFlagWPP:0 WPB:0 PME:2  WaveFrontSynchro:0 WaveFrontSubstreams:1 ScalingList:0 TMVPMode:1  DQ:1  SignBitHidingFlag:0 RecalQP:0 
TOOL CFG: LFNST:1 MMVD:1 Affine:1 AffineType:1 AdaptBypassAffineMe:0 PROF:1 SbTMVP:1 DualITree:1 IMV:1 BIO:1 LMChroma:1 HorCollocatedChroma:1 VerCollocatedChroma:0 MTS:1(explicit intra) SBT:1 ISP:1 SMVD:1 CompositeLTReference:0 Bcw:1 BcwFast:1 LADF:0 CIIP:1 Geo:1 AllowDisFracMMVD:1 AffineAmvr:1 AffineAmvrEncOpt:1 AffineAmvp:1 DMVR:1 MmvdDisNum:6 JointCbCr:1 ACT:0 PLT:0 IBC:0 HashME:0 WrapAround:0 VirtualBoundariesEnabledFlag:0 VirtualBoundariesPresentInSPSFlag:1 vertical virtual boundaries:[ ] horizontal virtual boundaries:[ ] Reshape:1 (Signal:SDR Opt:0 CSoffset:6) MRL:1 MIP:1 EncDbOpt:1 AlfLambdaOpt:0 
FAST TOOL CFG: LCTUFast:1 FastMrg:1 MaxMergeRdCandNumTotal:7 MergeRdCandQuotaRegular:4 MergeRdCandQuotaRegularSmallBlk:4 MergeRdCandQuotaSubBlk:2 MergeRdCandQuotaCiip:1 MergeRdCandQuotaGpm:8 PBIntraFast:1 IMV4PelFast:1 MTSMaxCand: 4(intra) 4(inter) ISPFast:0 FastLFNST:0 AMaxBT:1 E0023FastEnc:1 ContentBasedFastQtbt:0 UseNonLinearAlfLuma:1 UseNonLinearAlfChroma:1 MaxNumAlfAlternativesChroma:8 FastMIP:0 TTFastSkip:31 TTFastSkipThr:1.075 FastLocalDualTree:1 RPR:0 TemporalFilter:4/4 SEI CTI:0 BIM:0 SEI FGC:0 SEI processing Order:0 DPF:0 


 started @ Mon Aug 18 17:36:53 2025
POC    0 LId:  0 TId: 0 ( IDR_N_LP, I-SLICE, QP 34 )     164416 bits [Y 33.4280 dB    U 33.3255 dB    V 34.2789 dB] [ET    64 ] [L0] [L1]
POC   32 LId:  0 TId: 0 ( TRAIL, B-SLICE, QP 36 )     102128 bits [Y 32.5563 dB    U 33.0514 dB    V 33.8599 dB] [ET   115 ] [L0 0] [L1 0c]
POC   16 LId:  0 TId: 1 ( STSA, B-SLICE, QP 40 )      55592 bits [Y 31.2929 dB    U 32.4175 dB    V 33.2943 dB] [ET   102 ] [L0 0 32] [L1 32c]
POC    8 LId:  0 TId: 2 ( TRAIL, B-SLICE, QP 41 )      49976 bits [Y 30.8064 dB    U 32.1179 dB    V 32.8472 dB] [ET    97 ] [L0 0 16 32] [L1 16c 32]
POC    4 LId:  0 TId: 3 ( TRAIL, B-SLICE, QP 43 )      38080 bits [Y 30.5194 dB    U 31.8475 dB    V 32.4068 dB] [ET    79 ] [L0 0 8 16] [L1 8c 16 32]
POC    2 LId:  0 TId: 4 ( TRAIL, B-SLICE, QP 45 )      20616 bits [Y 30.3642 dB    U 31.6620 dB    V 32.4891 dB] [ET    59 ] [L0 0 4 8] [L1 4c 8 16 32]
POC    1 LId:  0 TId: 5 ( TRAIL, B-SLICE, QP 46 )      14696 bits [Y 30.3671 dB    U 31.3328 dB    V 32.1951 dB] [ET    35 ] [L0 0] [L1 2c 4]
POC    3 LId:  0 TId: 5 ( TRAIL, B-SLICE, QP 46 )      16224 bits [Y 29.8551 dB    U 31.1287 dB    V 31.4529 dB] [ET    39 ] [L0 2c 0] [L1 4 8]
POC    6 LId:  0 TId: 4 ( TRAIL, B-SLICE, QP 45 )      27864 bits [Y 29.4248 dB    U 30.8924 dB    V 31.4679 dB] [ET    76 ] [L0 4c 2 0] [L1 8 16 32]
POC    5 LId:  0 TId: 5 ( TRAIL, B-SLICE, QP 46 )      18400 bits [Y 29.2292 dB    U 30.5775 dB    V 30.9766 dB] [ET    46 ] [L0 4 0] [L1 6c 8]
POC    7 LId:  0 TId: 5 ( TRAIL, B-SLICE, QP 46 )      20216 bits [Y 29.1026 dB    U 30.5601 dB    V 31.0557 dB] [ET    51 ] [L0 6c 4] [L1 8 16]
POC   12 LId:  0 TId: 3 ( TRAIL, B-SLICE, QP 43 )      37840 bits [Y 30.3518 dB    U 31.8099 dB    V 32.5168 dB] [ET    85 ] [L0 8c 4 0] [L1 16 32]
POC   10 LId:  0 TId: 4 ( TRAIL, B-SLICE, QP 45 )      24944 bits [Y 29.9839 dB    U 31.1364 dB    V 31.9117 dB] [ET    67 ] [L0 8 6 4 0] [L1 12c 16 32]
POC    9 LId:  0 TId: 5 ( TRAIL, B-SLICE, QP 46 )      18456 bits [Y 29.4038 dB    U 30.9704 dB    V 31.2741 dB] [ET    47 ] [L0 8 4] [L1 10c 12]
POC   11 LId:  0 TId: 5 ( TRAIL, B-SLICE, QP 46 )      18264 bits [Y 29.3762 dB    U 30.6786 dB    V 31.3252 dB] [ET    45 ] [L0 10c 8] [L1 12 16]
POC   14 LId:  0 TId: 4 ( TRAIL, B-SLICE, QP 45 )      28952 bits [Y 29.3011 dB    U 31.1342 dB    V 31.4398 dB] [ET    69 ] [L0 12c 10 8 0] [L1 16 32]
POC   13 LId:  0 TId: 5 ( TRAIL, B-SLICE, QP 46 )      18728 bits [Y 28.9732 dB    U 30.5598 dB    V 30.8173 dB] [ET    43 ] [L0 12 8] [L1 14c 16]
POC   15 LId:  0 TId: 5 ( TRAIL, B-SLICE, QP 46 )      20400 bits [Y 29.2100 dB    U 30.5881 dB    V 31.2111 dB] [ET    52 ] [L0 14c 12] [L1 16 32]
POC   24 LId:  0 TId: 2 ( TRAIL, B-SLICE, QP 41 )      45272 bits [Y 30.9597 dB    U 32.0061 dB    V 32.5298 dB] [ET    74 ] [L0 16c 8 0] [L1 32]
POC   20 LId:  0 TId: 3 ( TRAIL, B-SLICE, QP 43 )      29432 bits [Y 30.9880 dB    U 31.8922 dB    V 32.8514 dB] [ET    80 ] [L0 16 8 0] [L1 24c 32]
POC   18 LId:  0 TId: 4 ( TRAIL, B-SLICE, QP 45 )      22608 bits [Y 30.1816 dB    U 31.5259 dB    V 32.1358 dB] [ET    64 ] [L0 16 8 0] [L1 20c 24 32]
POC   17 LId:  0 TId: 5 ( TRAIL, B-SLICE, QP 46 )      18024 bits [Y 29.6543 dB    U 30.9416 dB    V 31.6568 dB] [ET    47 ] [L0 16 8] [L1 18c 20]
POC   19 LId:  0 TId: 5 ( TRAIL, B-SLICE, QP 46 )      14944 bits [Y 30.0388 dB    U 31.1827 dB    V 31.8166 dB] [ET    35 ] [L0 18c 16] [L1 20 24]
POC   22 LId:  0 TId: 4 ( TRAIL, B-SLICE, QP 45 )      22056 bits [Y 29.8872 dB    U 31.3957 dB    V 31.9020 dB] [ET    66 ] [L0 20c 16 0] [L1 24 32 18]
POC   21 LId:  0 TId: 5 ( TRAIL, B-SLICE, QP 46 )      13864 bits [Y 30.0061 dB    U 31.2963 dB    V 31.6796 dB] [ET    35 ] [L0 20 16] [L1 22c 24]
POC   23 LId:  0 TId: 5 ( TRAIL, B-SLICE, QP 46 )      16184 bits [Y 29.6695 dB    U 31.1496 dB    V 31.1743 dB] [ET    39 ] [L0 22c 20] [L1 24 32]
POC   28 LId:  0 TId: 3 ( TRAIL, B-SLICE, QP 43 )      32080 bits [Y 30.6593 dB    U 32.1321 dB    V 32.8228 dB] [ET    83 ] [L0 24c 20 16 0] [L1 32]
POC   26 LId:  0 TId: 4 ( TRAIL, B-SLICE, QP 45 )      27304 bits [Y 29.5796 dB    U 31.3392 dB    V 31.5695 dB] [ET    70 ] [L0 24 20 16 0] [L1 28c 32]
POC   25 LId:  0 TId: 5 ( TRAIL, B-SLICE, QP 46 )      19736 bits [Y 29.1447 dB    U 30.9336 dB    V 30.7434 dB] [ET    49 ] [L0 24 20] [L1 26c 28]
POC   27 LId:  0 TId: 5 ( TRAIL, B-SLICE, QP 46 )      18328 bits [Y 29.5610 dB    U 30.9095 dB    V 31.3067 dB] [ET    46 ] [L0 26c 24] [L1 28 32]
POC   30 LId:  0 TId: 4 ( TRAIL, B-SLICE, QP 45 )      26424 bits [Y 29.6594 dB    U 31.0360 dB    V 31.5550 dB] [ET    64 ] [L0 28c 24 16 0] [L1 32]
POC   29 LId:  0 TId: 5 ( TRAIL, B-SLICE, QP 46 )      16720 bits [Y 29.6665 dB    U 30.9564 dB    V 31.3022 dB] [ET    41 ] [L0 28 24] [L1 30c 32]
POC   31 LId:  0 TId: 5 ( TRAIL, B-SLICE, QP 46 )      18664 bits [Y 29.3929 dB    U 30.6106 dB    V 31.1027 dB] [ET    44 ] [L0 30c 28] [L1 32]

LayerId  0
	Total Frames |  Bitrate      Y-PSNR   U-PSNR   V-PSNR   YUV-PSNR 
	33           a  1571.8667    30.0786  31.3666  31.9082  30.4515  

 finished @ Mon Aug 18 18:10:19 2025
 Total Time:     2006.384 sec. [user]     2006.384 sec. [elapsed]
