
VVCSoftware: VTM Encoder Version 23.11 [Windows][VS 1944][64 bit] [SIMD=AVX2] 

TOOL CFG: IBD:1 HAD:1 RDQ:1 RDQTS:1 LQP:0 SQP:0 ASR:1 MinSearchWindow:96 RestrictMESampling:0 FEN:1 ECU:0 FDM:1 ESD:0 TransformSkip:1 TransformSkipFast:1 TransformSkipLog2MaxSize:5 ChromaTS:1 BDPCM:0 Tiles: 1x1 Slices: 1 MCTS:0 SAO:1 ALF:1 CCALF:1 MaxNumALFAPS 8 AlfapsIDShift 0 ConstantJointCbCrSignFlagWPP:0 WPB:0 PME:2  WaveFrontSynchro:0 WaveFrontSubstreams:1 ScalingList:0 TMVPMode:1  DQ:1  SignBitHidingFlag:0 RecalQP:0 
TOOL CFG: LFNST:1 MMVD:1 Affine:1 AffineType:1 AdaptBypassAffineMe:0 PROF:1 SbTMVP:1 DualITree:1 IMV:1 BIO:1 LMChroma:1 HorCollocatedChroma:1 VerCollocatedChroma:0 MTS:1(explicit intra) SBT:1 ISP:1 SMVD:1 CompositeLTReference:0 Bcw:1 BcwFast:1 LADF:0 CIIP:1 Geo:1 AllowDisFracMMVD:1 AffineAmvr:1 AffineAmvrEncOpt:1 AffineAmvp:1 DMVR:1 MmvdDisNum:6 JointCbCr:1 ACT:0 PLT:0 IBC:0 HashME:0 WrapAround:0 VirtualBoundariesEnabledFlag:0 VirtualBoundariesPresentInSPSFlag:1 vertical virtual boundaries:[ ] horizontal virtual boundaries:[ ] Reshape:1 (Signal:SDR Opt:0 CSoffset:6) MRL:1 MIP:1 EncDbOpt:1 AlfLambdaOpt:0 
FAST TOOL CFG: LCTUFast:1 FastMrg:0 MaxMergeRdCandNumTotal:7 MergeRdCandQuotaRegular:4 MergeRdCandQuotaRegularSmallBlk:4 MergeRdCandQuotaSubBlk:2 MergeRdCandQuotaCiip:1 MergeRdCandQuotaGpm:8 PBIntraFast:1 IMV4PelFast:1 MTSMaxCand: 4(intra) 4(inter) ISPFast:0 FastLFNST:0 AMaxBT:1 E0023FastEnc:1 ContentBasedFastQtbt:0 UseNonLinearAlfLuma:1 UseNonLinearAlfChroma:1 MaxNumAlfAlternativesChroma:8 FastMIP:0 TTFastSkip:31 TTFastSkipThr:1.075 FastLocalDualTree:1 RPR:0 TemporalFilter:4/4 SEI CTI:0 BIM:0 SEI FGC:0 SEI processing Order:0 DPF:0 


 started @ Mon Aug 18 23:27:22 2025
POC    0 LId:  0 TId: 0 ( IDR_N_LP, I-SLICE, QP 34 )     164576 bits [Y 33.4367 dB    U 33.3287 dB    V 34.3082 dB] [ET    74 ] [L0] [L1]
POC   32 LId:  0 TId: 0 ( TRAIL, B-SLICE, QP 36 )     101904 bits [Y 32.5469 dB    U 33.0649 dB    V 33.8724 dB] [ET   126 ] [L0 0] [L1 0c]
POC   16 LId:  0 TId: 1 ( STSA, B-SLICE, QP 40 )      55696 bits [Y 31.2821 dB    U 32.4165 dB    V 33.2594 dB] [ET   108 ] [L0 0 32] [L1 32c]
POC    8 LId:  0 TId: 2 ( TRAIL, B-SLICE, QP 41 )      50400 bits [Y 30.8636 dB    U 32.1040 dB    V 32.7940 dB] [ET   110 ] [L0 0 16 32] [L1 16c 32]
POC    4 LId:  0 TId: 3 ( TRAIL, B-SLICE, QP 43 )      37840 bits [Y 30.5034 dB    U 31.8420 dB    V 32.4499 dB] [ET    91 ] [L0 0 8 16] [L1 8c 16 32]
POC    2 LId:  0 TId: 4 ( TRAIL, B-SLICE, QP 45 )      20280 bits [Y 30.3834 dB    U 31.5480 dB    V 32.4250 dB] [ET    66 ] [L0 0 4 8] [L1 4c 8 16 32]
POC    1 LId:  0 TId: 5 ( TRAIL, B-SLICE, QP 46 )      15008 bits [Y 30.4037 dB    U 31.3096 dB    V 32.2221 dB] [ET    38 ] [L0 0] [L1 2c 4]
POC    3 LId:  0 TId: 5 ( TRAIL, B-SLICE, QP 46 )      16016 bits [Y 29.8356 dB    U 31.0790 dB    V 31.5706 dB] [ET    42 ] [L0 2c 0] [L1 4 8]
POC    6 LId:  0 TId: 4 ( TRAIL, B-SLICE, QP 45 )      28088 bits [Y 29.4520 dB    U 31.0013 dB    V 31.5597 dB] [ET    86 ] [L0 4c 2 0] [L1 8 16 32]
POC    5 LId:  0 TId: 5 ( TRAIL, B-SLICE, QP 46 )      18376 bits [Y 29.1889 dB    U 30.6855 dB    V 30.9592 dB] [ET    51 ] [L0 4 0] [L1 6c 8]
POC    7 LId:  0 TId: 5 ( TRAIL, B-SLICE, QP 46 )      20616 bits [Y 29.1169 dB    U 30.7639 dB    V 31.0236 dB] [ET    56 ] [L0 6c 4] [L1 8 16]
POC   12 LId:  0 TId: 3 ( TRAIL, B-SLICE, QP 43 )      37032 bits [Y 30.3355 dB    U 31.7532 dB    V 32.4422 dB] [ET    92 ] [L0 8c 4 0] [L1 16 32]
POC   10 LId:  0 TId: 4 ( TRAIL, B-SLICE, QP 45 )      24400 bits [Y 29.9099 dB    U 31.1377 dB    V 31.9986 dB] [ET    75 ] [L0 8 6 4 0] [L1 12c 16 32]
POC    9 LId:  0 TId: 5 ( TRAIL, B-SLICE, QP 46 )      18656 bits [Y 29.4834 dB    U 30.9897 dB    V 31.2584 dB] [ET    50 ] [L0 8 4] [L1 10c 12]
POC   11 LId:  0 TId: 5 ( TRAIL, B-SLICE, QP 46 )      18432 bits [Y 29.4499 dB    U 30.6558 dB    V 31.1759 dB] [ET    52 ] [L0 10c 8] [L1 12 16]
POC   14 LId:  0 TId: 4 ( TRAIL, B-SLICE, QP 45 )      29248 bits [Y 29.3240 dB    U 31.0835 dB    V 31.5523 dB] [ET    78 ] [L0 12c 10 8 0] [L1 16 32]
POC   13 LId:  0 TId: 5 ( TRAIL, B-SLICE, QP 46 )      18960 bits [Y 29.0347 dB    U 30.5721 dB    V 30.8676 dB] [ET    50 ] [L0 12 8] [L1 14c 16]
POC   15 LId:  0 TId: 5 ( TRAIL, B-SLICE, QP 46 )      20440 bits [Y 29.2219 dB    U 30.5816 dB    V 31.2307 dB] [ET    54 ] [L0 14c 12] [L1 16 32]
POC   24 LId:  0 TId: 2 ( TRAIL, B-SLICE, QP 41 )      45680 bits [Y 30.9958 dB    U 32.0816 dB    V 32.5479 dB] [ET    78 ] [L0 16c 8 0] [L1 32]
POC   20 LId:  0 TId: 3 ( TRAIL, B-SLICE, QP 43 )      29264 bits [Y 31.0096 dB    U 31.7195 dB    V 32.8363 dB] [ET    86 ] [L0 16 8 0] [L1 24c 32]
POC   18 LId:  0 TId: 4 ( TRAIL, B-SLICE, QP 45 )      22848 bits [Y 30.1574 dB    U 31.4319 dB    V 32.1960 dB] [ET    70 ] [L0 16 8 0] [L1 20c 24 32]
POC   17 LId:  0 TId: 5 ( TRAIL, B-SLICE, QP 46 )      18368 bits [Y 29.6883 dB    U 30.9500 dB    V 31.5952 dB] [ET    51 ] [L0 16 8] [L1 18c 20]
POC   19 LId:  0 TId: 5 ( TRAIL, B-SLICE, QP 46 )      14728 bits [Y 29.9899 dB    U 31.1863 dB    V 31.6728 dB] [ET    40 ] [L0 18c 16] [L1 20 24]
POC   22 LId:  0 TId: 4 ( TRAIL, B-SLICE, QP 45 )      22344 bits [Y 29.9263 dB    U 31.4041 dB    V 31.8942 dB] [ET    68 ] [L0 20c 16 0] [L1 24 32 18]
POC   21 LId:  0 TId: 5 ( TRAIL, B-SLICE, QP 46 )      14288 bits [Y 30.0378 dB    U 31.3559 dB    V 31.6316 dB] [ET    38 ] [L0 20 16] [L1 22c 24]
POC   23 LId:  0 TId: 5 ( TRAIL, B-SLICE, QP 46 )      16392 bits [Y 29.6738 dB    U 31.0818 dB    V 31.1347 dB] [ET    46 ] [L0 22c 20] [L1 24 32]
POC   28 LId:  0 TId: 3 ( TRAIL, B-SLICE, QP 43 )      31608 bits [Y 30.6350 dB    U 32.1682 dB    V 32.7508 dB] [ET    89 ] [L0 24c 20 16 0] [L1 32]
POC   26 LId:  0 TId: 4 ( TRAIL, B-SLICE, QP 45 )      26864 bits [Y 29.5108 dB    U 31.3289 dB    V 31.6763 dB] [ET    77 ] [L0 24 20 16 0] [L1 28c 32]
POC   25 LId:  0 TId: 5 ( TRAIL, B-SLICE, QP 46 )      19688 bits [Y 29.1460 dB    U 30.8824 dB    V 30.7220 dB] [ET    53 ] [L0 24 20] [L1 26c 28]
POC   27 LId:  0 TId: 5 ( TRAIL, B-SLICE, QP 46 )      18520 bits [Y 29.6006 dB    U 30.8564 dB    V 31.3025 dB] [ET    50 ] [L0 26c 24] [L1 28 32]
POC   30 LId:  0 TId: 4 ( TRAIL, B-SLICE, QP 45 )      26512 bits [Y 29.6295 dB    U 31.0836 dB    V 31.7148 dB] [ET    73 ] [L0 28c 24 16 0] [L1 32]
POC   29 LId:  0 TId: 5 ( TRAIL, B-SLICE, QP 46 )      17176 bits [Y 29.7639 dB    U 30.8885 dB    V 31.3880 dB] [ET    46 ] [L0 28 24] [L1 30c 32]
POC   31 LId:  0 TId: 5 ( TRAIL, B-SLICE, QP 46 )      19264 bits [Y 29.4439 dB    U 30.6169 dB    V 31.1835 dB] [ET    46 ] [L0 30c 28] [L1 32]

LayerId  0
	Total Frames |  Bitrate      Y-PSNR   U-PSNR   V-PSNR   YUV-PSNR 
	33           a  1575.0182    30.0903  31.3622  31.9156  30.4617  

 finished @ Tue Aug 19 00:04:12 2025
 Total Time:     2210.271 sec. [user]     2210.271 sec. [elapsed]
