
VVCSoftware: VTM Encoder Version 23.11 [Windows][VS 1944][64 bit] [SIMD=AVX2] 

TOOL CFG: IBD:1 HAD:1 RDQ:1 RDQTS:1 LQP:0 SQP:0 ASR:1 MinSearchWindow:96 RestrictMESampling:0 FEN:1 ECU:0 FDM:1 ESD:0 TransformSkip:1 TransformSkipFast:1 TransformSkipLog2MaxSize:5 ChromaTS:1 BDPCM:0 Tiles: 1x1 Slices: 1 MCTS:0 SAO:1 ALF:1 CCALF:1 MaxNumALFAPS 8 AlfapsIDShift 0 ConstantJointCbCrSignFlagWPP:0 WPB:0 PME:2  WaveFrontSynchro:0 WaveFrontSubstreams:1 ScalingList:0 TMVPMode:1  DQ:1  SignBitHidingFlag:0 RecalQP:0 
TOOL CFG: LFNST:1 MMVD:1 Affine:1 AffineType:1 AdaptBypassAffineMe:0 PROF:1 SbTMVP:1 DualITree:1 IMV:1 BIO:1 LMChroma:1 HorCollocatedChroma:1 VerCollocatedChroma:0 MTS:1(explicit intra) SBT:1 ISP:1 SMVD:1 CompositeLTReference:0 Bcw:1 BcwFast:1 LADF:0 CIIP:1 Geo:1 AllowDisFracMMVD:1 AffineAmvr:1 AffineAmvrEncOpt:1 AffineAmvp:1 DMVR:1 MmvdDisNum:6 JointCbCr:1 ACT:0 PLT:0 IBC:0 HashME:0 WrapAround:0 VirtualBoundariesEnabledFlag:0 VirtualBoundariesPresentInSPSFlag:1 vertical virtual boundaries:[ ] horizontal virtual boundaries:[ ] Reshape:1 (Signal:SDR Opt:0 CSoffset:6) MRL:1 MIP:1 EncDbOpt:1 AlfLambdaOpt:0 
FAST TOOL CFG: LCTUFast:1 FastMrg:1 MaxMergeRdCandNumTotal:7 MergeRdCandQuotaRegular:4 MergeRdCandQuotaRegularSmallBlk:4 MergeRdCandQuotaSubBlk:2 MergeRdCandQuotaCiip:1 MergeRdCandQuotaGpm:8 PBIntraFast:1 IMV4PelFast:1 MTSMaxCand: 4(intra) 4(inter) ISPFast:0 FastLFNST:0 AMaxBT:1 E0023FastEnc:1 ContentBasedFastQtbt:0 UseNonLinearAlfLuma:1 UseNonLinearAlfChroma:1 MaxNumAlfAlternativesChroma:8 FastMIP:0 TTFastSkip:31 TTFastSkipThr:1.075 FastLocalDualTree:1 RPR:0 TemporalFilter:4/4 SEI CTI:0 BIM:0 SEI FGC:0 SEI processing Order:0 DPF:0 


 started @ Wed Sep 24 05:52:13 2025
POC    0 LId:  0 TId: 0 ( IDR_N_LP, I-SLICE, QP 34 )     573928 bits [Y 33.4681 dB    U 38.4322 dB    V 40.7081 dB] [ET   242 ] [L0] [L1]
POC    8 LId:  0 TId: 2 ( STSA, B-SLICE, QP 41 )      21256 bits [Y 32.2042 dB    U 38.3278 dB    V 40.6510 dB] [ET    86 ] [L0 0] [L1 0c]
POC    4 LId:  0 TId: 3 ( TRAIL, B-SLICE, QP 43 )       5456 bits [Y 32.2720 dB    U 38.3723 dB    V 40.6596 dB] [ET    46 ] [L0 0 8] [L1 8c 0]
POC    2 LId:  0 TId: 4 ( TRAIL, B-SLICE, QP 45 )       2168 bits [Y 32.4645 dB    U 38.3978 dB    V 40.6593 dB] [ET    38 ] [L0 0 4 8] [L1 4c 8 0]
POC    1 LId:  0 TId: 5 ( TRAIL, B-SLICE, QP 46 )        792 bits [Y 32.8648 dB    U 38.4234 dB    V 40.6708 dB] [ET    24 ] [L0 0] [L1 2c 4]
POC    3 LId:  0 TId: 5 ( TRAIL, B-SLICE, QP 46 )        544 bits [Y 32.2831 dB    U 38.3657 dB    V 40.6508 dB] [ET    26 ] [L0 2c 0] [L1 4 8]
POC    6 LId:  0 TId: 4 ( TRAIL, B-SLICE, QP 45 )       2264 bits [Y 32.3373 dB    U 38.3296 dB    V 40.6195 dB] [ET    38 ] [L0 4c 2 0] [L1 8 4 2]
POC    5 LId:  0 TId: 5 ( TRAIL, B-SLICE, QP 46 )        416 bits [Y 32.2768 dB    U 38.3434 dB    V 40.6299 dB] [ET    26 ] [L0 4 0] [L1 6c 8]
POC    7 LId:  0 TId: 5 ( TRAIL, B-SLICE, QP 46 )        696 bits [Y 32.2420 dB    U 38.3129 dB    V 40.6326 dB] [ET    27 ] [L0 6c 4] [L1 8 6]
POC   12 LId:  0 TId: 3 ( TRAIL, B-SLICE, QP 43 )      10088 bits [Y 32.1259 dB    U 38.2777 dB    V 40.6330 dB] [ET    62 ] [L0 8 4 0] [L1 8c 4]
POC   10 LId:  0 TId: 4 ( TRAIL, B-SLICE, QP 45 )       1728 bits [Y 31.9750 dB    U 38.2844 dB    V 40.6191 dB] [ET    40 ] [L0 8 6 4 0] [L1 12c 8 6]
POC    9 LId:  0 TId: 5 ( TRAIL, B-SLICE, QP 46 )        768 bits [Y 32.0894 dB    U 38.2996 dB    V 40.6480 dB] [ET    27 ] [L0 8 4] [L1 10c 12]
POC   11 LId:  0 TId: 5 ( TRAIL, B-SLICE, QP 46 )        744 bits [Y 32.0518 dB    U 38.2678 dB    V 40.6118 dB] [ET    26 ] [L0 10c 8] [L1 12 10]
POC   14 LId:  0 TId: 4 ( TRAIL, B-SLICE, QP 45 )       3368 bits [Y 31.7438 dB    U 38.2476 dB    V 40.6143 dB] [ET    37 ] [L0 12 10 8 0] [L1 12c 10]
POC   13 LId:  0 TId: 5 ( TRAIL, B-SLICE, QP 46 )        512 bits [Y 31.9288 dB    U 38.2688 dB    V 40.6212 dB] [ET    26 ] [L0 12 8] [L1 14c 12]
POC   15 LId:  0 TId: 5 ( TRAIL, B-SLICE, QP 46 )       1264 bits [Y 31.5658 dB    U 38.2405 dB    V 40.6089 dB] [ET    23 ] [L0 14 12] [L1 14c 12]

LayerId  0
	Total Frames |  Bitrate      Y-PSNR   U-PSNR   V-PSNR   YUV-PSNR 
	16           a  2347.4700    32.2433  38.3245  40.6399  33.5807  

 finished @ Wed Sep 24 06:05:28 2025
 Total Time:      794.585 sec. [user]      794.585 sec. [elapsed]
