
VVCSoftware: VTM Encoder Version 23.11 [Windows][VS 1944][64 bit] [SIMD=AVX2] 

TOOL CFG: IBD:1 HAD:1 RDQ:1 RDQTS:1 LQP:0 SQP:0 ASR:1 MinSearchWindow:96 RestrictMESampling:0 FEN:1 ECU:0 FDM:1 ESD:0 TransformSkip:1 TransformSkipFast:1 TransformSkipLog2MaxSize:5 ChromaTS:1 BDPCM:0 Tiles: 1x1 Slices: 1 MCTS:0 SAO:1 ALF:1 CCALF:1 MaxNumALFAPS 8 AlfapsIDShift 0 ConstantJointCbCrSignFlagWPP:0 WPB:0 PME:2  WaveFrontSynchro:0 WaveFrontSubstreams:1 ScalingList:0 TMVPMode:1  DQ:1  SignBitHidingFlag:0 RecalQP:0 
TOOL CFG: LFNST:1 MMVD:1 Affine:1 AffineType:1 AdaptBypassAffineMe:0 PROF:1 SbTMVP:1 DualITree:1 IMV:1 BIO:1 LMChroma:1 HorCollocatedChroma:1 VerCollocatedChroma:0 MTS:1(explicit intra) SBT:1 ISP:1 SMVD:1 CompositeLTReference:0 Bcw:1 BcwFast:1 LADF:0 CIIP:1 Geo:1 AllowDisFracMMVD:1 AffineAmvr:1 AffineAmvrEncOpt:1 AffineAmvp:1 DMVR:1 MmvdDisNum:6 JointCbCr:1 ACT:0 PLT:0 IBC:0 HashME:0 WrapAround:0 VirtualBoundariesEnabledFlag:0 VirtualBoundariesPresentInSPSFlag:1 vertical virtual boundaries:[ ] horizontal virtual boundaries:[ ] Reshape:1 (Signal:SDR Opt:0 CSoffset:6) MRL:1 MIP:1 EncDbOpt:1 AlfLambdaOpt:0 
FAST TOOL CFG: LCTUFast:1 FastMrg:1 MaxMergeRdCandNumTotal:7 MergeRdCandQuotaRegular:4 MergeRdCandQuotaRegularSmallBlk:4 MergeRdCandQuotaSubBlk:2 MergeRdCandQuotaCiip:1 MergeRdCandQuotaGpm:8 PBIntraFast:1 IMV4PelFast:1 MTSMaxCand: 4(intra) 4(inter) ISPFast:0 FastLFNST:0 AMaxBT:1 E0023FastEnc:1 ContentBasedFastQtbt:0 UseNonLinearAlfLuma:1 UseNonLinearAlfChroma:1 MaxNumAlfAlternativesChroma:8 FastMIP:0 TTFastSkip:31 TTFastSkipThr:1.075 FastLocalDualTree:1 RPR:0 TemporalFilter:4/4 SEI CTI:0 BIM:0 SEI FGC:0 SEI processing Order:0 DPF:0 


 started @ Mon Aug 18 17:35:07 2025
POC    0 LId:  0 TId: 0 ( IDR_N_LP, I-SLICE, QP 19 )     242128 bits [Y 42.6130 dB    U 44.5359 dB    V 46.5239 dB] [ET    32 ] [L0] [L1]
POC   32 LId:  0 TId: 0 ( TRAIL, B-SLICE, QP 21 )     150776 bits [Y 41.1069 dB    U 43.1381 dB    V 44.2851 dB] [ET    70 ] [L0 0] [L1 0c]
POC   16 LId:  0 TId: 1 ( STSA, B-SLICE, QP 22 )      93872 bits [Y 39.8398 dB    U 42.0825 dB    V 44.2008 dB] [ET    52 ] [L0 0 32] [L1 32c]
POC    8 LId:  0 TId: 2 ( TRAIL, B-SLICE, QP 23 )      58392 bits [Y 39.6408 dB    U 42.4753 dB    V 44.4595 dB] [ET    40 ] [L0 0 16 32] [L1 16c 32]
POC    4 LId:  0 TId: 3 ( TRAIL, B-SLICE, QP 26 )      25120 bits [Y 39.0778 dB    U 42.5688 dB    V 44.7350 dB] [ET    30 ] [L0 0 8 16] [L1 8c 16 32]
POC    2 LId:  0 TId: 4 ( TRAIL, B-SLICE, QP 28 )      11936 bits [Y 39.1388 dB    U 43.1786 dB    V 45.1531 dB] [ET    23 ] [L0 0 4 8] [L1 4c 8 16 32]
POC    1 LId:  0 TId: 5 ( TRAIL, B-SLICE, QP 29 )       4928 bits [Y 39.7724 dB    U 43.6034 dB    V 45.5911 dB] [ET     9 ] [L0 0] [L1 2c 4]
POC    3 LId:  0 TId: 5 ( TRAIL, B-SLICE, QP 29 )       5056 bits [Y 38.6401 dB    U 42.6856 dB    V 44.7434 dB] [ET     9 ] [L0 2c 0] [L1 4 8]
POC    6 LId:  0 TId: 4 ( TRAIL, B-SLICE, QP 28 )      10528 bits [Y 38.3282 dB    U 42.0792 dB    V 44.0946 dB] [ET    16 ] [L0 4c 2 0] [L1 8 16 32]
POC    5 LId:  0 TId: 5 ( TRAIL, B-SLICE, QP 29 )       4440 bits [Y 38.2654 dB    U 42.3001 dB    V 44.3659 dB] [ET     9 ] [L0 4 0] [L1 6c 8]
POC    7 LId:  0 TId: 5 ( TRAIL, B-SLICE, QP 29 )       4736 bits [Y 38.3991 dB    U 42.1609 dB    V 44.3038 dB] [ET    10 ] [L0 6c 4] [L1 8 16]
POC   12 LId:  0 TId: 3 ( TRAIL, B-SLICE, QP 26 )      27840 bits [Y 38.8310 dB    U 41.8826 dB    V 44.1329 dB] [ET    25 ] [L0 8c 4 0] [L1 16 32]
POC   10 LId:  0 TId: 4 ( TRAIL, B-SLICE, QP 28 )      11200 bits [Y 38.2561 dB    U 41.6987 dB    V 44.0128 dB] [ET    18 ] [L0 8 6 4 0] [L1 12c 16 32]
POC    9 LId:  0 TId: 5 ( TRAIL, B-SLICE, QP 29 )       5080 bits [Y 38.3019 dB    U 41.9001 dB    V 44.2665 dB] [ET    10 ] [L0 8 4] [L1 10c 12]
POC   11 LId:  0 TId: 5 ( TRAIL, B-SLICE, QP 29 )       5816 bits [Y 37.9630 dB    U 41.6022 dB    V 43.9976 dB] [ET    11 ] [L0 10c 8] [L1 12 16]
POC   14 LId:  0 TId: 4 ( TRAIL, B-SLICE, QP 28 )      12616 bits [Y 38.3094 dB    U 41.6075 dB    V 43.8425 dB] [ET    18 ] [L0 12c 10 8 0] [L1 16 32]
POC   13 LId:  0 TId: 5 ( TRAIL, B-SLICE, QP 29 )       6504 bits [Y 38.0539 dB    U 41.5579 dB    V 43.9471 dB] [ET    12 ] [L0 12 8] [L1 14c 16]
POC   15 LId:  0 TId: 5 ( TRAIL, B-SLICE, QP 29 )       5880 bits [Y 38.4118 dB    U 41.7567 dB    V 43.9802 dB] [ET    11 ] [L0 14c 12] [L1 16 32]
POC   24 LId:  0 TId: 2 ( TRAIL, B-SLICE, QP 23 )      69672 bits [Y 39.5543 dB    U 41.9565 dB    V 43.7769 dB] [ET    43 ] [L0 16c 8 0] [L1 32]
POC   20 LId:  0 TId: 3 ( TRAIL, B-SLICE, QP 26 )      34200 bits [Y 38.5914 dB    U 40.9367 dB    V 43.4051 dB] [ET    29 ] [L0 16 8 0] [L1 24c 32]
POC   18 LId:  0 TId: 4 ( TRAIL, B-SLICE, QP 28 )      13480 bits [Y 38.1480 dB    U 41.4635 dB    V 43.7420 dB] [ET    18 ] [L0 16 8 0] [L1 20c 24 32]
POC   17 LId:  0 TId: 5 ( TRAIL, B-SLICE, QP 29 )       5592 bits [Y 38.3712 dB    U 41.6697 dB    V 44.1061 dB] [ET    10 ] [L0 16 8] [L1 18c 20]
POC   19 LId:  0 TId: 5 ( TRAIL, B-SLICE, QP 29 )       6184 bits [Y 37.8934 dB    U 41.0598 dB    V 43.5521 dB] [ET    11 ] [L0 18c 16] [L1 20 24]
POC   22 LId:  0 TId: 4 ( TRAIL, B-SLICE, QP 28 )      14784 bits [Y 37.9057 dB    U 40.4413 dB    V 43.2269 dB] [ET    21 ] [L0 20c 16 0] [L1 24 32 18]
POC   21 LId:  0 TId: 5 ( TRAIL, B-SLICE, QP 29 )       5640 bits [Y 37.7620 dB    U 40.8169 dB    V 43.4560 dB] [ET    10 ] [L0 20 16] [L1 22c 24]
POC   23 LId:  0 TId: 5 ( TRAIL, B-SLICE, QP 29 )       6952 bits [Y 38.1088 dB    U 40.7963 dB    V 43.6113 dB] [ET    14 ] [L0 22c 20] [L1 24 32]
POC   28 LId:  0 TId: 3 ( TRAIL, B-SLICE, QP 26 )      43600 bits [Y 38.8958 dB    U 41.6264 dB    V 43.0199 dB] [ET    35 ] [L0 24c 20 16 0] [L1 32]
POC   26 LId:  0 TId: 4 ( TRAIL, B-SLICE, QP 28 )      21328 bits [Y 38.0971 dB    U 41.1945 dB    V 43.0894 dB] [ET    22 ] [L0 24 20 16 0] [L1 28c 32]
POC   25 LId:  0 TId: 5 ( TRAIL, B-SLICE, QP 29 )      10760 bits [Y 38.1890 dB    U 41.3703 dB    V 43.3500 dB] [ET    16 ] [L0 24 20] [L1 26c 28]
POC   27 LId:  0 TId: 5 ( TRAIL, B-SLICE, QP 29 )      14088 bits [Y 37.7960 dB    U 40.9798 dB    V 42.7392 dB] [ET    19 ] [L0 26c 24] [L1 28 32]
POC   30 LId:  0 TId: 4 ( TRAIL, B-SLICE, QP 28 )      26544 bits [Y 38.1955 dB    U 41.4550 dB    V 42.4416 dB] [ET    26 ] [L0 28c 24 16 0] [L1 32]
POC   29 LId:  0 TId: 5 ( TRAIL, B-SLICE, QP 29 )      17016 bits [Y 37.7800 dB    U 41.2831 dB    V 42.2980 dB] [ET    18 ] [L0 28 24] [L1 30c 32]
POC   31 LId:  0 TId: 5 ( TRAIL, B-SLICE, QP 29 )      15560 bits [Y 38.1972 dB    U 41.7174 dB    V 42.8217 dB] [ET    18 ] [L0 30c 28] [L1 32]

LayerId  0
	Total Frames |  Bitrate      Y-PSNR   U-PSNR   V-PSNR   YUV-PSNR 
	33           a  1503.4061    38.6798  41.8661  43.9173  39.5722  

 finished @ Mon Aug 18 17:47:05 2025
 Total Time:      717.251 sec. [user]      717.251 sec. [elapsed]
