
VVCSoftware: VTM Encoder Version 23.11 [Windows][VS 1944][64 bit] [SIMD=AVX2] 

TOOL CFG: IBD:1 HAD:1 RDQ:1 RDQTS:1 LQP:0 SQP:0 ASR:1 MinSearchWindow:96 RestrictMESampling:0 FEN:1 ECU:0 FDM:1 ESD:0 TransformSkip:1 TransformSkipFast:1 TransformSkipLog2MaxSize:5 ChromaTS:1 BDPCM:0 Tiles: 1x1 Slices: 1 MCTS:0 SAO:0 ALF:1 CCALF:1 MaxNumALFAPS 8 AlfapsIDShift 0 ConstantJointCbCrSignFlagWPP:0 WPB:0 PME:2  WaveFrontSynchro:0 WaveFrontSubstreams:1 ScalingList:0 TMVPMode:1  DQ:1  SignBitHidingFlag:0 RecalQP:0 
TOOL CFG: LFNST:1 MMVD:1 Affine:1 AffineType:1 AdaptBypassAffineMe:0 PROF:1 SbTMVP:1 DualITree:1 IMV:1 BIO:1 LMChroma:1 HorCollocatedChroma:1 VerCollocatedChroma:0 MTS:1(explicit intra) SBT:1 ISP:1 SMVD:1 CompositeLTReference:0 Bcw:1 BcwFast:1 LADF:0 CIIP:1 Geo:1 AllowDisFracMMVD:1 AffineAmvr:1 AffineAmvrEncOpt:1 AffineAmvp:1 DMVR:1 MmvdDisNum:6 JointCbCr:1 ACT:0 PLT:0 IBC:0 HashME:0 WrapAround:0 VirtualBoundariesEnabledFlag:0 VirtualBoundariesPresentInSPSFlag:1 vertical virtual boundaries:[ ] horizontal virtual boundaries:[ ] Reshape:1 (Signal:SDR Opt:0 CSoffset:6) MRL:1 MIP:1 EncDbOpt:1 AlfLambdaOpt:0 
FAST TOOL CFG: LCTUFast:1 FastMrg:1 MaxMergeRdCandNumTotal:7 MergeRdCandQuotaRegular:4 MergeRdCandQuotaRegularSmallBlk:4 MergeRdCandQuotaSubBlk:2 MergeRdCandQuotaCiip:1 MergeRdCandQuotaGpm:8 PBIntraFast:1 IMV4PelFast:1 MTSMaxCand: 4(intra) 4(inter) ISPFast:0 FastLFNST:0 AMaxBT:1 E0023FastEnc:1 ContentBasedFastQtbt:0 UseNonLinearAlfLuma:1 UseNonLinearAlfChroma:1 MaxNumAlfAlternativesChroma:8 FastMIP:0 TTFastSkip:31 TTFastSkipThr:1.075 FastLocalDualTree:1 RPR:0 TemporalFilter:4/4 SEI CTI:0 BIM:0 SEI FGC:0 SEI processing Order:0 DPF:0 


 started @ Mon Aug 18 18:07:11 2025
POC    0 LId:  0 TId: 0 ( IDR_N_LP, I-SLICE, QP 19 )     856984 bits [Y 43.5619 dB    U 43.7002 dB    V 43.7839 dB] [ET   135 ] [L0] [L1]
POC   32 LId:  0 TId: 0 ( TRAIL, B-SLICE, QP 21 )     495360 bits [Y 42.5028 dB    U 42.3830 dB    V 42.8012 dB] [ET   208 ] [L0 0] [L1 0c]
POC   16 LId:  0 TId: 1 ( STSA, B-SLICE, QP 22 )     398360 bits [Y 41.9699 dB    U 42.0993 dB    V 42.5611 dB] [ET   200 ] [L0 0 32] [L1 32c]
POC    8 LId:  0 TId: 2 ( TRAIL, B-SLICE, QP 23 )     364856 bits [Y 41.7201 dB    U 41.8354 dB    V 42.3467 dB] [ET   202 ] [L0 0 16 32] [L1 16c 32]
POC    4 LId:  0 TId: 3 ( TRAIL, B-SLICE, QP 26 )     238816 bits [Y 41.5618 dB    U 41.1982 dB    V 41.5387 dB] [ET   164 ] [L0 0 8 16] [L1 8c 16 32]
POC    2 LId:  0 TId: 4 ( TRAIL, B-SLICE, QP 28 )     154448 bits [Y 40.8729 dB    U 40.4432 dB    V 40.9412 dB] [ET   131 ] [L0 0 4 8] [L1 4c 8 16 32]
POC    1 LId:  0 TId: 5 ( TRAIL, B-SLICE, QP 29 )     132496 bits [Y 40.5721 dB    U 40.0141 dB    V 40.4696 dB] [ET   101 ] [L0 0] [L1 2c 4]
POC    3 LId:  0 TId: 5 ( TRAIL, B-SLICE, QP 29 )     142760 bits [Y 40.4620 dB    U 39.9537 dB    V 40.0427 dB] [ET   104 ] [L0 2c 0] [L1 4 8]
POC    6 LId:  0 TId: 4 ( TRAIL, B-SLICE, QP 28 )     217856 bits [Y 40.2859 dB    U 39.8688 dB    V 40.1412 dB] [ET   148 ] [L0 4c 2 0] [L1 8 16 32]
POC    5 LId:  0 TId: 5 ( TRAIL, B-SLICE, QP 29 )     172416 bits [Y 40.0483 dB    U 39.5408 dB    V 39.5855 dB] [ET   113 ] [L0 4 0] [L1 6c 8]
POC    7 LId:  0 TId: 5 ( TRAIL, B-SLICE, QP 29 )     185784 bits [Y 39.7534 dB    U 39.2110 dB    V 39.4668 dB] [ET   131 ] [L0 6c 4] [L1 8 16]
POC   12 LId:  0 TId: 3 ( TRAIL, B-SLICE, QP 26 )     258632 bits [Y 41.3733 dB    U 40.8831 dB    V 41.3865 dB] [ET   161 ] [L0 8c 4 0] [L1 16 32]
POC   10 LId:  0 TId: 4 ( TRAIL, B-SLICE, QP 28 )     193360 bits [Y 40.3790 dB    U 39.8145 dB    V 40.4123 dB] [ET   148 ] [L0 8 6 4 0] [L1 12c 16 32]
POC    9 LId:  0 TId: 5 ( TRAIL, B-SLICE, QP 29 )     167720 bits [Y 39.9290 dB    U 39.5519 dB    V 39.6967 dB] [ET   125 ] [L0 8 4] [L1 10c 12]
POC   11 LId:  0 TId: 5 ( TRAIL, B-SLICE, QP 29 )     169648 bits [Y 39.8913 dB    U 39.4071 dB    V 39.6572 dB] [ET   120 ] [L0 10c 8] [L1 12 16]
POC   14 LId:  0 TId: 4 ( TRAIL, B-SLICE, QP 28 )     218952 bits [Y 40.4978 dB    U 39.8785 dB    V 40.2412 dB] [ET   145 ] [L0 12c 10 8 0] [L1 16 32]
POC   13 LId:  0 TId: 5 ( TRAIL, B-SLICE, QP 29 )     178544 bits [Y 39.7811 dB    U 39.0654 dB    V 39.3628 dB] [ET   117 ] [L0 12 8] [L1 14c 16]
POC   15 LId:  0 TId: 5 ( TRAIL, B-SLICE, QP 29 )     178192 bits [Y 39.9650 dB    U 39.2434 dB    V 39.5984 dB] [ET   119 ] [L0 14c 12] [L1 16 32]
POC   24 LId:  0 TId: 2 ( TRAIL, B-SLICE, QP 23 )     339744 bits [Y 41.8485 dB    U 41.9743 dB    V 42.3777 dB] [ET   178 ] [L0 16c 8 0] [L1 32]
POC   20 LId:  0 TId: 3 ( TRAIL, B-SLICE, QP 26 )     221056 bits [Y 41.5460 dB    U 41.0360 dB    V 41.4485 dB] [ET   147 ] [L0 16 8 0] [L1 24c 32]
POC   18 LId:  0 TId: 4 ( TRAIL, B-SLICE, QP 28 )     162616 bits [Y 40.9246 dB    U 40.2540 dB    V 40.7158 dB] [ET   128 ] [L0 16 8 0] [L1 20c 24 32]
POC   17 LId:  0 TId: 5 ( TRAIL, B-SLICE, QP 29 )     155096 bits [Y 40.1165 dB    U 39.6011 dB    V 39.8390 dB] [ET   115 ] [L0 16 8] [L1 18c 20]
POC   19 LId:  0 TId: 5 ( TRAIL, B-SLICE, QP 29 )     128400 bits [Y 40.4695 dB    U 39.6430 dB    V 39.8036 dB] [ET   102 ] [L0 18c 16] [L1 20 24]
POC   22 LId:  0 TId: 4 ( TRAIL, B-SLICE, QP 28 )     203456 bits [Y 39.9809 dB    U 39.3223 dB    V 40.0975 dB] [ET   141 ] [L0 20c 16 0] [L1 24 32 18]
POC   21 LId:  0 TId: 5 ( TRAIL, B-SLICE, QP 29 )     137344 bits [Y 40.0784 dB    U 39.4660 dB    V 39.7716 dB] [ET   107 ] [L0 20 16] [L1 22c 24]
POC   23 LId:  0 TId: 5 ( TRAIL, B-SLICE, QP 29 )     149880 bits [Y 39.8977 dB    U 39.1268 dB    V 39.5299 dB] [ET   112 ] [L0 22c 20] [L1 24 32]
POC   28 LId:  0 TId: 3 ( TRAIL, B-SLICE, QP 26 )     229336 bits [Y 41.4903 dB    U 41.0178 dB    V 41.3933 dB] [ET   152 ] [L0 24c 20 16 0] [L1 32]
POC   26 LId:  0 TId: 4 ( TRAIL, B-SLICE, QP 28 )     204104 bits [Y 40.3347 dB    U 40.0546 dB    V 40.1659 dB] [ET   142 ] [L0 24 20 16 0] [L1 28c 32]
POC   25 LId:  0 TId: 5 ( TRAIL, B-SLICE, QP 29 )     181024 bits [Y 39.8013 dB    U 39.3082 dB    V 39.3609 dB] [ET   122 ] [L0 24 20] [L1 26c 28]
POC   27 LId:  0 TId: 5 ( TRAIL, B-SLICE, QP 29 )     158920 bits [Y 39.8572 dB    U 39.5144 dB    V 39.5530 dB] [ET   119 ] [L0 26c 24] [L1 28 32]
POC   30 LId:  0 TId: 4 ( TRAIL, B-SLICE, QP 28 )     205056 bits [Y 40.3792 dB    U 39.7446 dB    V 40.1014 dB] [ET   139 ] [L0 28c 24 16 0] [L1 32]
POC   29 LId:  0 TId: 5 ( TRAIL, B-SLICE, QP 29 )     150280 bits [Y 40.2556 dB    U 39.3519 dB    V 39.5984 dB] [ET   110 ] [L0 28 24] [L1 30c 32]
POC   31 LId:  0 TId: 5 ( TRAIL, B-SLICE, QP 29 )     179400 bits [Y 39.8990 dB    U 39.4429 dB    V 39.5744 dB] [ET   117 ] [L0 30c 28] [L1 32]

LayerId  0
	Total Frames |  Bitrate      Y-PSNR   U-PSNR   V-PSNR   YUV-PSNR 
	33           a  11410.4485   40.6669  40.2106  40.5262  40.4626  

 finished @ Mon Aug 18 19:22:15 2025
 Total Time:     4504.293 sec. [user]     4504.293 sec. [elapsed]
