
VVCSoftware: VTM Encoder Version 23.11 [Windows][VS 1944][64 bit] [SIMD=AVX2] 

TOOL CFG: IBD:1 HAD:1 RDQ:1 RDQTS:1 LQP:0 SQP:0 ASR:1 MinSearchWindow:96 RestrictMESampling:0 FEN:1 ECU:0 FDM:1 ESD:0 TransformSkip:1 TransformSkipFast:1 TransformSkipLog2MaxSize:5 ChromaTS:1 BDPCM:0 Tiles: 1x1 Slices: 1 MCTS:0 SAO:1 ALF:0 CCALF:0 MaxNumALFAPS 8 AlfapsIDShift 0 ConstantJointCbCrSignFlagWPP:0 WPB:0 PME:2  WaveFrontSynchro:0 WaveFrontSubstreams:1 ScalingList:0 TMVPMode:1  DQ:1  SignBitHidingFlag:0 RecalQP:0 
TOOL CFG: LFNST:1 MMVD:1 Affine:1 AffineType:1 AdaptBypassAffineMe:0 PROF:1 SbTMVP:1 DualITree:1 IMV:1 BIO:1 LMChroma:1 HorCollocatedChroma:1 VerCollocatedChroma:0 MTS:1(explicit intra) SBT:1 ISP:1 SMVD:1 CompositeLTReference:0 Bcw:1 BcwFast:1 LADF:0 CIIP:1 Geo:1 AllowDisFracMMVD:1 AffineAmvr:1 AffineAmvrEncOpt:1 AffineAmvp:1 DMVR:1 MmvdDisNum:6 JointCbCr:1 ACT:0 PLT:0 IBC:0 HashME:0 WrapAround:0 VirtualBoundariesEnabledFlag:0 VirtualBoundariesPresentInSPSFlag:1 vertical virtual boundaries:[ ] horizontal virtual boundaries:[ ] Reshape:1 (Signal:SDR Opt:0 CSoffset:6) MRL:1 MIP:1 EncDbOpt:1 AlfLambdaOpt:0 
FAST TOOL CFG: LCTUFast:1 FastMrg:1 MaxMergeRdCandNumTotal:7 MergeRdCandQuotaRegular:4 MergeRdCandQuotaRegularSmallBlk:4 MergeRdCandQuotaSubBlk:2 MergeRdCandQuotaCiip:1 MergeRdCandQuotaGpm:8 PBIntraFast:1 IMV4PelFast:1 MTSMaxCand: 4(intra) 4(inter) ISPFast:0 FastLFNST:0 AMaxBT:1 E0023FastEnc:1 ContentBasedFastQtbt:0 UseNonLinearAlfLuma:1 UseNonLinearAlfChroma:1 MaxNumAlfAlternativesChroma:8 FastMIP:0 TTFastSkip:31 TTFastSkipThr:1.075 FastLocalDualTree:1 RPR:0 TemporalFilter:4/4 SEI CTI:0 BIM:0 SEI FGC:0 SEI processing Order:0 DPF:0 


 started @ Mon Aug 18 19:49:08 2025
POC    0 LId:  0 TId: 0 ( IDR_N_LP, I-SLICE, QP 34 )     575464 bits [Y 33.3746 dB    U 38.4494 dB    V 40.7787 dB] [ET   235 ] [L0] [L1]
POC   32 LId:  0 TId: 0 ( TRAIL, B-SLICE, QP 36 )      71456 bits [Y 32.9085 dB    U 38.4159 dB    V 40.7886 dB] [ET   162 ] [L0 0] [L1 0c]
POC   16 LId:  0 TId: 1 ( STSA, B-SLICE, QP 40 )      26680 bits [Y 32.2940 dB    U 38.3588 dB    V 40.7498 dB] [ET   110 ] [L0 0 32] [L1 32c]
POC    8 LId:  0 TId: 2 ( TRAIL, B-SLICE, QP 41 )      14320 bits [Y 32.1897 dB    U 38.3689 dB    V 40.7070 dB] [ET    89 ] [L0 0 16 32] [L1 16c 32]
POC    4 LId:  0 TId: 3 ( TRAIL, B-SLICE, QP 43 )       5104 bits [Y 32.2373 dB    U 38.4146 dB    V 40.7431 dB] [ET    49 ] [L0 0 8 16] [L1 8c 16 32]
POC    2 LId:  0 TId: 4 ( TRAIL, B-SLICE, QP 45 )       2136 bits [Y 32.3791 dB    U 38.4281 dB    V 40.7197 dB] [ET    31 ] [L0 0 4 8] [L1 4c 8 16 32]
POC    1 LId:  0 TId: 5 ( TRAIL, B-SLICE, QP 46 )        712 bits [Y 32.7908 dB    U 38.4419 dB    V 40.7380 dB] [ET    17 ] [L0 0] [L1 2c 4]
POC    3 LId:  0 TId: 5 ( TRAIL, B-SLICE, QP 46 )        640 bits [Y 32.2541 dB    U 38.4035 dB    V 40.7292 dB] [ET    19 ] [L0 2c 0] [L1 4 8]
POC    6 LId:  0 TId: 4 ( TRAIL, B-SLICE, QP 45 )       2120 bits [Y 32.2325 dB    U 38.3677 dB    V 40.7043 dB] [ET    33 ] [L0 4c 2 0] [L1 8 16 32]
POC    5 LId:  0 TId: 5 ( TRAIL, B-SLICE, QP 46 )        440 bits [Y 32.1855 dB    U 38.3799 dB    V 40.7130 dB] [ET    18 ] [L0 4 0] [L1 6c 8]
POC    7 LId:  0 TId: 5 ( TRAIL, B-SLICE, QP 46 )        760 bits [Y 32.1550 dB    U 38.3573 dB    V 40.7090 dB] [ET    20 ] [L0 6c 4] [L1 8 16]
POC   12 LId:  0 TId: 3 ( TRAIL, B-SLICE, QP 43 )       4896 bits [Y 32.1721 dB    U 38.3475 dB    V 40.7129 dB] [ET    45 ] [L0 8c 4 0] [L1 16 32]
POC   10 LId:  0 TId: 4 ( TRAIL, B-SLICE, QP 45 )       1888 bits [Y 31.9731 dB    U 38.3341 dB    V 40.6933 dB] [ET    35 ] [L0 8 6 4 0] [L1 12c 16 32]
POC    9 LId:  0 TId: 5 ( TRAIL, B-SLICE, QP 46 )        552 bits [Y 32.0349 dB    U 38.3420 dB    V 40.7095 dB] [ET    19 ] [L0 8 4] [L1 10c 12]
POC   11 LId:  0 TId: 5 ( TRAIL, B-SLICE, QP 46 )        616 bits [Y 32.0427 dB    U 38.3227 dB    V 40.7121 dB] [ET    20 ] [L0 10c 8] [L1 12 16]
POC   14 LId:  0 TId: 4 ( TRAIL, B-SLICE, QP 45 )       1512 bits [Y 32.1037 dB    U 38.3219 dB    V 40.7070 dB] [ET    32 ] [L0 12c 10 8 0] [L1 16 32]
POC   13 LId:  0 TId: 5 ( TRAIL, B-SLICE, QP 46 )        520 bits [Y 32.0760 dB    U 38.3292 dB    V 40.6941 dB] [ET    19 ] [L0 12 8] [L1 14c 16]
POC   15 LId:  0 TId: 5 ( TRAIL, B-SLICE, QP 46 )        560 bits [Y 32.1636 dB    U 38.3316 dB    V 40.7339 dB] [ET    19 ] [L0 14c 12] [L1 16 32]
POC   24 LId:  0 TId: 2 ( TRAIL, B-SLICE, QP 41 )      14232 bits [Y 32.3459 dB    U 38.3876 dB    V 40.7939 dB] [ET    83 ] [L0 16c 8 0] [L1 32]
POC   20 LId:  0 TId: 3 ( TRAIL, B-SLICE, QP 43 )       5040 bits [Y 32.1376 dB    U 38.3250 dB    V 40.7268 dB] [ET    39 ] [L0 16 8 0] [L1 24c 32]
POC   18 LId:  0 TId: 4 ( TRAIL, B-SLICE, QP 45 )       1872 bits [Y 32.1382 dB    U 38.3340 dB    V 40.7302 dB] [ET    28 ] [L0 16 8 0] [L1 20c 24 32]
POC   17 LId:  0 TId: 5 ( TRAIL, B-SLICE, QP 46 )        480 bits [Y 32.1737 dB    U 38.3537 dB    V 40.7581 dB] [ET    16 ] [L0 16 8] [L1 18c 20]
POC   19 LId:  0 TId: 5 ( TRAIL, B-SLICE, QP 46 )        440 bits [Y 32.0417 dB    U 38.3342 dB    V 40.7037 dB] [ET    16 ] [L0 18c 16] [L1 20 24]
POC   22 LId:  0 TId: 4 ( TRAIL, B-SLICE, QP 45 )       1656 bits [Y 32.0924 dB    U 38.3245 dB    V 40.7156 dB] [ET    28 ] [L0 20c 16 0] [L1 24 32 18]
POC   21 LId:  0 TId: 5 ( TRAIL, B-SLICE, QP 46 )        360 bits [Y 32.0488 dB    U 38.3266 dB    V 40.7055 dB] [ET    16 ] [L0 20 16] [L1 22c 24]
POC   23 LId:  0 TId: 5 ( TRAIL, B-SLICE, QP 46 )        600 bits [Y 32.1563 dB    U 38.3529 dB    V 40.7309 dB] [ET    16 ] [L0 22c 20] [L1 24 32]
POC   28 LId:  0 TId: 3 ( TRAIL, B-SLICE, QP 43 )       4528 bits [Y 32.3241 dB    U 38.3729 dB    V 40.7454 dB] [ET    38 ] [L0 24c 20 16 0] [L1 32]
POC   26 LId:  0 TId: 4 ( TRAIL, B-SLICE, QP 45 )       1896 bits [Y 32.0571 dB    U 38.3532 dB    V 40.7381 dB] [ET    28 ] [L0 24 20 16 0] [L1 28c 32]
POC   25 LId:  0 TId: 5 ( TRAIL, B-SLICE, QP 46 )        632 bits [Y 32.1976 dB    U 38.3604 dB    V 40.7471 dB] [ET    16 ] [L0 24 20] [L1 26c 28]
POC   27 LId:  0 TId: 5 ( TRAIL, B-SLICE, QP 46 )        600 bits [Y 32.1015 dB    U 38.3530 dB    V 40.7206 dB] [ET    17 ] [L0 26c 24] [L1 28 32]
POC   30 LId:  0 TId: 4 ( TRAIL, B-SLICE, QP 45 )       1632 bits [Y 32.3317 dB    U 38.4063 dB    V 40.7820 dB] [ET    25 ] [L0 28c 24 16 0] [L1 32]
POC   29 LId:  0 TId: 5 ( TRAIL, B-SLICE, QP 46 )        576 bits [Y 32.1986 dB    U 38.3644 dB    V 40.7342 dB] [ET    17 ] [L0 28 24] [L1 30c 32]
POC   31 LId:  0 TId: 5 ( TRAIL, B-SLICE, QP 46 )        496 bits [Y 32.6017 dB    U 38.4175 dB    V 40.7775 dB] [ET    14 ] [L0 30c 28] [L1 32]

LayerId  0
	Total Frames |  Bitrate      Y-PSNR   U-PSNR   V-PSNR   YUV-PSNR 
	33           a  1355.3018    32.2580  38.3661  40.7319  33.6098  

 finished @ Mon Aug 18 20:11:57 2025
 Total Time:     1368.633 sec. [user]     1368.633 sec. [elapsed]
