
VVCSoftware: VTM Encoder Version 23.11 [Windows][VS 1944][64 bit] [SIMD=AVX2] 

TOOL CFG: IBD:1 HAD:1 RDQ:1 RDQTS:1 LQP:0 SQP:0 ASR:1 MinSearchWindow:96 RestrictMESampling:0 FEN:1 ECU:0 FDM:1 ESD:0 TransformSkip:1 TransformSkipFast:1 TransformSkipLog2MaxSize:5 ChromaTS:1 BDPCM:0 Tiles: 1x1 Slices: 1 MCTS:0 SAO:0 ALF:1 CCALF:1 MaxNumALFAPS 8 AlfapsIDShift 0 ConstantJointCbCrSignFlagWPP:0 WPB:0 PME:2  WaveFrontSynchro:0 WaveFrontSubstreams:1 ScalingList:0 TMVPMode:1  DQ:1  SignBitHidingFlag:0 RecalQP:0 
TOOL CFG: LFNST:1 MMVD:1 Affine:1 AffineType:1 AdaptBypassAffineMe:0 PROF:1 SbTMVP:1 DualITree:1 IMV:1 BIO:1 LMChroma:1 HorCollocatedChroma:1 VerCollocatedChroma:0 MTS:1(explicit intra) SBT:1 ISP:1 SMVD:1 CompositeLTReference:0 Bcw:1 BcwFast:1 LADF:0 CIIP:1 Geo:1 AllowDisFracMMVD:1 AffineAmvr:1 AffineAmvrEncOpt:1 AffineAmvp:1 DMVR:1 MmvdDisNum:6 JointCbCr:1 ACT:0 PLT:0 IBC:0 HashME:0 WrapAround:0 VirtualBoundariesEnabledFlag:0 VirtualBoundariesPresentInSPSFlag:1 vertical virtual boundaries:[ ] horizontal virtual boundaries:[ ] Reshape:1 (Signal:SDR Opt:0 CSoffset:6) MRL:1 MIP:1 EncDbOpt:1 AlfLambdaOpt:0 
FAST TOOL CFG: LCTUFast:1 FastMrg:1 MaxMergeRdCandNumTotal:7 MergeRdCandQuotaRegular:4 MergeRdCandQuotaRegularSmallBlk:4 MergeRdCandQuotaSubBlk:2 MergeRdCandQuotaCiip:1 MergeRdCandQuotaGpm:8 PBIntraFast:1 IMV4PelFast:1 MTSMaxCand: 4(intra) 4(inter) ISPFast:0 FastLFNST:0 AMaxBT:1 E0023FastEnc:1 ContentBasedFastQtbt:0 UseNonLinearAlfLuma:1 UseNonLinearAlfChroma:1 MaxNumAlfAlternativesChroma:8 FastMIP:0 TTFastSkip:31 TTFastSkipThr:1.075 FastLocalDualTree:1 RPR:0 TemporalFilter:4/4 SEI CTI:0 BIM:0 SEI FGC:0 SEI processing Order:0 DPF:0 


 started @ Mon Aug 18 19:50:39 2025
POC    0 LId:  0 TId: 0 ( IDR_N_LP, I-SLICE, QP 29 )    1002456 bits [Y 35.8914 dB    U 40.6156 dB    V 42.9341 dB] [ET   312 ] [L0] [L1]
POC   32 LId:  0 TId: 0 ( TRAIL, B-SLICE, QP 31 )     164568 bits [Y 34.9546 dB    U 40.5955 dB    V 42.9789 dB] [ET   253 ] [L0 0] [L1 0c]
POC   16 LId:  0 TId: 1 ( STSA, B-SLICE, QP 34 )      77400 bits [Y 34.3827 dB    U 40.4678 dB    V 42.9041 dB] [ET   181 ] [L0 0 32] [L1 32c]
POC    8 LId:  0 TId: 2 ( TRAIL, B-SLICE, QP 35 )      47896 bits [Y 34.2497 dB    U 40.4981 dB    V 42.9090 dB] [ET   159 ] [L0 0 16 32] [L1 16c 32]
POC    4 LId:  0 TId: 3 ( TRAIL, B-SLICE, QP 38 )      18328 bits [Y 34.1248 dB    U 40.5373 dB    V 42.9362 dB] [ET    90 ] [L0 0 8 16] [L1 8c 16 32]
POC    2 LId:  0 TId: 4 ( TRAIL, B-SLICE, QP 40 )       7672 bits [Y 34.2778 dB    U 40.5989 dB    V 42.9036 dB] [ET    53 ] [L0 0 4 8] [L1 4c 8 16 32]
POC    1 LId:  0 TId: 5 ( TRAIL, B-SLICE, QP 41 )       2440 bits [Y 34.7458 dB    U 40.6467 dB    V 42.9405 dB] [ET    28 ] [L0 0] [L1 2c 4]
POC    3 LId:  0 TId: 5 ( TRAIL, B-SLICE, QP 41 )       2728 bits [Y 34.0670 dB    U 40.5561 dB    V 42.8862 dB] [ET    30 ] [L0 2c 0] [L1 4 8]
POC    6 LId:  0 TId: 4 ( TRAIL, B-SLICE, QP 40 )       7056 bits [Y 34.2300 dB    U 40.5228 dB    V 42.8239 dB] [ET    51 ] [L0 4c 2 0] [L1 8 16 32]
POC    5 LId:  0 TId: 5 ( TRAIL, B-SLICE, QP 41 )       1840 bits [Y 34.0356 dB    U 40.5500 dB    V 42.8772 dB] [ET    28 ] [L0 4 0] [L1 6c 8]
POC    7 LId:  0 TId: 5 ( TRAIL, B-SLICE, QP 41 )       2464 bits [Y 34.1465 dB    U 40.5215 dB    V 42.8746 dB] [ET    29 ] [L0 6c 4] [L1 8 16]
POC   12 LId:  0 TId: 3 ( TRAIL, B-SLICE, QP 38 )      18688 bits [Y 34.2093 dB    U 40.5044 dB    V 42.8634 dB] [ET    84 ] [L0 8c 4 0] [L1 16 32]
POC   10 LId:  0 TId: 4 ( TRAIL, B-SLICE, QP 40 )       6624 bits [Y 33.9199 dB    U 40.4995 dB    V 42.8315 dB] [ET    54 ] [L0 8 6 4 0] [L1 12c 16 32]
POC    9 LId:  0 TId: 5 ( TRAIL, B-SLICE, QP 41 )       2712 bits [Y 33.9988 dB    U 40.4910 dB    V 42.8714 dB] [ET    33 ] [L0 8 4] [L1 10c 12]
POC   11 LId:  0 TId: 5 ( TRAIL, B-SLICE, QP 41 )       2336 bits [Y 33.9726 dB    U 40.5080 dB    V 42.8293 dB] [ET    35 ] [L0 10c 8] [L1 12 16]
POC   14 LId:  0 TId: 4 ( TRAIL, B-SLICE, QP 40 )       6312 bits [Y 34.0364 dB    U 40.4720 dB    V 42.8465 dB] [ET    55 ] [L0 12c 10 8 0] [L1 16 32]
POC   13 LId:  0 TId: 5 ( TRAIL, B-SLICE, QP 41 )       1632 bits [Y 33.9953 dB    U 40.4945 dB    V 42.8450 dB] [ET    34 ] [L0 12 8] [L1 14c 16]
POC   15 LId:  0 TId: 5 ( TRAIL, B-SLICE, QP 41 )       2104 bits [Y 34.1324 dB    U 40.4827 dB    V 42.8713 dB] [ET    34 ] [L0 14c 12] [L1 16 32]
POC   24 LId:  0 TId: 2 ( TRAIL, B-SLICE, QP 35 )      49152 bits [Y 34.4386 dB    U 40.5393 dB    V 42.9690 dB] [ET   137 ] [L0 16c 8 0] [L1 32]
POC   20 LId:  0 TId: 3 ( TRAIL, B-SLICE, QP 38 )      18520 bits [Y 34.1318 dB    U 40.5006 dB    V 42.8283 dB] [ET   100 ] [L0 16 8 0] [L1 24c 32]
POC   18 LId:  0 TId: 4 ( TRAIL, B-SLICE, QP 40 )       6112 bits [Y 34.0667 dB    U 40.5093 dB    V 42.8472 dB] [ET    57 ] [L0 16 8 0] [L1 20c 24 32]
POC   17 LId:  0 TId: 5 ( TRAIL, B-SLICE, QP 41 )       2368 bits [Y 34.0964 dB    U 40.5077 dB    V 42.8840 dB] [ET    35 ] [L0 16 8] [L1 18c 20]
POC   19 LId:  0 TId: 5 ( TRAIL, B-SLICE, QP 41 )       2480 bits [Y 33.9229 dB    U 40.5185 dB    V 42.8380 dB] [ET    35 ] [L0 18c 16] [L1 20 24]
POC   22 LId:  0 TId: 4 ( TRAIL, B-SLICE, QP 40 )       6464 bits [Y 34.0534 dB    U 40.4758 dB    V 42.8328 dB] [ET    58 ] [L0 20c 16 0] [L1 24 32 18]
POC   21 LId:  0 TId: 5 ( TRAIL, B-SLICE, QP 41 )       2392 bits [Y 33.9672 dB    U 40.5177 dB    V 42.8603 dB] [ET    34 ] [L0 20 16] [L1 22c 24]
POC   23 LId:  0 TId: 5 ( TRAIL, B-SLICE, QP 41 )       1944 bits [Y 34.1371 dB    U 40.5113 dB    V 42.8721 dB] [ET    34 ] [L0 22c 20] [L1 24 32]
POC   28 LId:  0 TId: 3 ( TRAIL, B-SLICE, QP 38 )      18096 bits [Y 34.3016 dB    U 40.5253 dB    V 42.9674 dB] [ET    90 ] [L0 24c 20 16 0] [L1 32]
POC   26 LId:  0 TId: 4 ( TRAIL, B-SLICE, QP 40 )       7632 bits [Y 33.9584 dB    U 40.5044 dB    V 42.8800 dB] [ET    60 ] [L0 24 20 16 0] [L1 28c 32]
POC   25 LId:  0 TId: 5 ( TRAIL, B-SLICE, QP 41 )       2288 bits [Y 34.1445 dB    U 40.5204 dB    V 42.9033 dB] [ET    35 ] [L0 24 20] [L1 26c 28]
POC   27 LId:  0 TId: 5 ( TRAIL, B-SLICE, QP 41 )       2776 bits [Y 33.9680 dB    U 40.5017 dB    V 42.8767 dB] [ET    36 ] [L0 26c 24] [L1 28 32]
POC   30 LId:  0 TId: 4 ( TRAIL, B-SLICE, QP 40 )       7040 bits [Y 34.1036 dB    U 40.6078 dB    V 42.9593 dB] [ET    55 ] [L0 28c 24 16 0] [L1 32]
POC   29 LId:  0 TId: 5 ( TRAIL, B-SLICE, QP 41 )       2288 bits [Y 34.0219 dB    U 40.5359 dB    V 42.8924 dB] [ET    34 ] [L0 28 24] [L1 30c 32]
POC   31 LId:  0 TId: 5 ( TRAIL, B-SLICE, QP 41 )       2096 bits [Y 34.3952 dB    U 40.6058 dB    V 42.9402 dB] [ET    31 ] [L0 30c 28] [L1 32]

LayerId  0
	Total Frames |  Bitrate      Y-PSNR   U-PSNR   V-PSNR   YUV-PSNR 
	33           a  2739.8255    34.2145  40.5286  42.8872  35.5785  

 finished @ Mon Aug 18 20:30:13 2025
 Total Time:     2374.214 sec. [user]     2374.214 sec. [elapsed]
