
VVCSoftware: VTM Encoder Version 23.11 [Windows][VS 1944][64 bit] [SIMD=AVX2] 

TOOL CFG: IBD:1 HAD:1 RDQ:1 RDQTS:1 LQP:0 SQP:0 ASR:1 MinSearchWindow:96 RestrictMESampling:0 FEN:0 ECU:0 FDM:1 ESD:0 TransformSkip:1 TransformSkipFast:1 TransformSkipLog2MaxSize:5 ChromaTS:1 BDPCM:0 Tiles: 1x1 Slices: 1 MCTS:0 SAO:1 ALF:1 CCALF:1 MaxNumALFAPS 8 AlfapsIDShift 0 ConstantJointCbCrSignFlagWPP:0 WPB:0 PME:2  WaveFrontSynchro:0 WaveFrontSubstreams:1 ScalingList:0 TMVPMode:1  DQ:1  SignBitHidingFlag:0 RecalQP:0 
TOOL CFG: LFNST:1 MMVD:1 Affine:1 AffineType:1 AdaptBypassAffineMe:0 PROF:1 SbTMVP:1 DualITree:1 IMV:1 BIO:1 LMChroma:1 HorCollocatedChroma:1 VerCollocatedChroma:0 MTS:1(explicit intra) SBT:1 ISP:1 SMVD:1 CompositeLTReference:0 Bcw:1 BcwFast:1 LADF:0 CIIP:1 Geo:1 AllowDisFracMMVD:1 AffineAmvr:1 AffineAmvrEncOpt:1 AffineAmvp:1 DMVR:1 MmvdDisNum:6 JointCbCr:1 ACT:0 PLT:0 IBC:0 HashME:0 WrapAround:0 VirtualBoundariesEnabledFlag:0 VirtualBoundariesPresentInSPSFlag:1 vertical virtual boundaries:[ ] horizontal virtual boundaries:[ ] Reshape:1 (Signal:SDR Opt:0 CSoffset:6) MRL:1 MIP:1 EncDbOpt:1 AlfLambdaOpt:0 
FAST TOOL CFG: LCTUFast:1 FastMrg:1 MaxMergeRdCandNumTotal:7 MergeRdCandQuotaRegular:4 MergeRdCandQuotaRegularSmallBlk:4 MergeRdCandQuotaSubBlk:2 MergeRdCandQuotaCiip:1 MergeRdCandQuotaGpm:8 PBIntraFast:1 IMV4PelFast:1 MTSMaxCand: 4(intra) 4(inter) ISPFast:0 FastLFNST:0 AMaxBT:1 E0023FastEnc:1 ContentBasedFastQtbt:0 UseNonLinearAlfLuma:1 UseNonLinearAlfChroma:1 MaxNumAlfAlternativesChroma:8 FastMIP:0 TTFastSkip:31 TTFastSkipThr:1.075 FastLocalDualTree:1 RPR:0 TemporalFilter:4/4 SEI CTI:0 BIM:0 SEI FGC:0 SEI processing Order:0 DPF:0 


 started @ Tue Aug 19 00:22:18 2025
POC    0 LId:  0 TId: 0 ( IDR_N_LP, I-SLICE, QP 24 )     512520 bits [Y 39.9053 dB    U 40.0326 dB    V 40.1987 dB] [ET   123 ] [L0] [L1]
POC   32 LId:  0 TId: 0 ( TRAIL, B-SLICE, QP 26 )     303648 bits [Y 38.9616 dB    U 39.2716 dB    V 39.5962 dB] [ET   193 ] [L0 0] [L1 0c]
POC   16 LId:  0 TId: 1 ( STSA, B-SLICE, QP 28 )     213056 bits [Y 38.1571 dB    U 38.4034 dB    V 38.9267 dB] [ET   176 ] [L0 0 32] [L1 32c]
POC    8 LId:  0 TId: 2 ( TRAIL, B-SLICE, QP 29 )     196184 bits [Y 37.8607 dB    U 38.0522 dB    V 38.5045 dB] [ET   180 ] [L0 0 16 32] [L1 16c 32]
POC    4 LId:  0 TId: 3 ( TRAIL, B-SLICE, QP 32 )     128080 bits [Y 37.5454 dB    U 37.1677 dB    V 37.3842 dB] [ET   143 ] [L0 0 8 16] [L1 8c 16 32]
POC    2 LId:  0 TId: 4 ( TRAIL, B-SLICE, QP 34 )      79024 bits [Y 37.0124 dB    U 36.6439 dB    V 36.9979 dB] [ET   119 ] [L0 0 4 8] [L1 4c 8 16 32]
POC    1 LId:  0 TId: 5 ( TRAIL, B-SLICE, QP 36 )      55912 bits [Y 36.2030 dB    U 36.0965 dB    V 36.7347 dB] [ET    72 ] [L0 0] [L1 2c 4]
POC    3 LId:  0 TId: 5 ( TRAIL, B-SLICE, QP 36 )      62344 bits [Y 35.9434 dB    U 36.0044 dB    V 35.9934 dB] [ET    76 ] [L0 2c 0] [L1 4 8]
POC    6 LId:  0 TId: 4 ( TRAIL, B-SLICE, QP 34 )     110816 bits [Y 36.2285 dB    U 35.8675 dB    V 36.0398 dB] [ET   130 ] [L0 4c 2 0] [L1 8 16 32]
POC    5 LId:  0 TId: 5 ( TRAIL, B-SLICE, QP 36 )      75152 bits [Y 35.4055 dB    U 35.3956 dB    V 35.4642 dB] [ET    86 ] [L0 4 0] [L1 6c 8]
POC    7 LId:  0 TId: 5 ( TRAIL, B-SLICE, QP 36 )      79360 bits [Y 35.1958 dB    U 35.2526 dB    V 35.4466 dB] [ET    98 ] [L0 6c 4] [L1 8 16]
POC   12 LId:  0 TId: 3 ( TRAIL, B-SLICE, QP 32 )     134832 bits [Y 37.3072 dB    U 36.8639 dB    V 37.3265 dB] [ET   135 ] [L0 8c 4 0] [L1 16 32]
POC   10 LId:  0 TId: 4 ( TRAIL, B-SLICE, QP 34 )      95032 bits [Y 36.5097 dB    U 35.7939 dB    V 36.4684 dB] [ET   120 ] [L0 8 6 4 0] [L1 12c 16 32]
POC    9 LId:  0 TId: 5 ( TRAIL, B-SLICE, QP 36 )      71696 bits [Y 35.4649 dB    U 35.5315 dB    V 35.8199 dB] [ET    90 ] [L0 8 4] [L1 10c 12]
POC   11 LId:  0 TId: 5 ( TRAIL, B-SLICE, QP 36 )      74368 bits [Y 35.5089 dB    U 35.5199 dB    V 35.7386 dB] [ET    87 ] [L0 10c 8] [L1 12 16]
POC   14 LId:  0 TId: 4 ( TRAIL, B-SLICE, QP 34 )     112264 bits [Y 36.3449 dB    U 35.8993 dB    V 36.0864 dB] [ET   122 ] [L0 12c 10 8 0] [L1 16 32]
POC   13 LId:  0 TId: 5 ( TRAIL, B-SLICE, QP 36 )      76624 bits [Y 35.2475 dB    U 35.0177 dB    V 35.3840 dB] [ET    86 ] [L0 12 8] [L1 14c 16]
POC   15 LId:  0 TId: 5 ( TRAIL, B-SLICE, QP 36 )      77728 bits [Y 35.4328 dB    U 35.1467 dB    V 35.5776 dB] [ET    90 ] [L0 14c 12] [L1 16 32]
POC   24 LId:  0 TId: 2 ( TRAIL, B-SLICE, QP 29 )     178128 bits [Y 37.9940 dB    U 38.0626 dB    V 38.4015 dB] [ET   152 ] [L0 16c 8 0] [L1 32]
POC   20 LId:  0 TId: 3 ( TRAIL, B-SLICE, QP 32 )     106880 bits [Y 37.6103 dB    U 36.4269 dB    V 37.5299 dB] [ET   121 ] [L0 16 8 0] [L1 24c 32]
POC   18 LId:  0 TId: 4 ( TRAIL, B-SLICE, QP 34 )      83616 bits [Y 37.0219 dB    U 36.2653 dB    V 36.7815 dB] [ET   107 ] [L0 16 8 0] [L1 20c 24 32]
POC   17 LId:  0 TId: 5 ( TRAIL, B-SLICE, QP 36 )      68336 bits [Y 35.7108 dB    U 35.6963 dB    V 35.8867 dB] [ET    84 ] [L0 16 8] [L1 18c 20]
POC   19 LId:  0 TId: 5 ( TRAIL, B-SLICE, QP 36 )      56128 bits [Y 36.1392 dB    U 35.9000 dB    V 36.1573 dB] [ET    74 ] [L0 18c 16] [L1 20 24]
POC   22 LId:  0 TId: 4 ( TRAIL, B-SLICE, QP 34 )      89304 bits [Y 35.9977 dB    U 35.4299 dB    V 36.1854 dB] [ET   116 ] [L0 20c 16 0] [L1 24 32 18]
POC   21 LId:  0 TId: 5 ( TRAIL, B-SLICE, QP 36 )      56800 bits [Y 35.8444 dB    U 35.8481 dB    V 35.8686 dB] [ET    76 ] [L0 20 16] [L1 22c 24]
POC   23 LId:  0 TId: 5 ( TRAIL, B-SLICE, QP 36 )      64088 bits [Y 35.6452 dB    U 35.4273 dB    V 35.6082 dB] [ET    79 ] [L0 22c 20] [L1 24 32]
POC   28 LId:  0 TId: 3 ( TRAIL, B-SLICE, QP 32 )     116992 bits [Y 37.4779 dB    U 37.0289 dB    V 37.3929 dB] [ET   126 ] [L0 24c 20 16 0] [L1 32]
POC   26 LId:  0 TId: 4 ( TRAIL, B-SLICE, QP 34 )     103216 bits [Y 36.2082 dB    U 36.1923 dB    V 36.1456 dB] [ET   122 ] [L0 24 20 16 0] [L1 28c 32]
POC   25 LId:  0 TId: 5 ( TRAIL, B-SLICE, QP 36 )      79496 bits [Y 35.2231 dB    U 35.4203 dB    V 35.1891 dB] [ET    90 ] [L0 24 20] [L1 26c 28]
POC   27 LId:  0 TId: 5 ( TRAIL, B-SLICE, QP 36 )      70440 bits [Y 35.5175 dB    U 35.7111 dB    V 35.6921 dB] [ET    85 ] [L0 26c 24] [L1 28 32]
POC   30 LId:  0 TId: 4 ( TRAIL, B-SLICE, QP 34 )     102432 bits [Y 36.2984 dB    U 35.7063 dB    V 36.0575 dB] [ET   113 ] [L0 28c 24 16 0] [L1 32]
POC   29 LId:  0 TId: 5 ( TRAIL, B-SLICE, QP 36 )      65704 bits [Y 35.8064 dB    U 35.3386 dB    V 35.5538 dB] [ET    80 ] [L0 28 24] [L1 30c 32]
POC   31 LId:  0 TId: 5 ( TRAIL, B-SLICE, QP 36 )      76320 bits [Y 35.2866 dB    U 35.2202 dB    V 35.5510 dB] [ET    83 ] [L0 30c 28] [L1 32]

LayerId  0
	Total Frames |  Bitrate      Y-PSNR   U-PSNR   V-PSNR   YUV-PSNR 
	33           a  5722.0000    36.4853  36.2920  36.5966  36.3270  

 finished @ Tue Aug 19 01:22:51 2025
 Total Time:     3633.558 sec. [user]     3633.558 sec. [elapsed]
