  Building Custom Rule C:/Users/LQ Duy/Documents/Project/VVCSoftware_VTM/source/Lib/CommonAnalyserLib/CMakeLists.txt
  AdaptiveLoopFilter.cpp
  AffineGradientSearch.cpp
  BitStream.cpp
  Buffer.cpp
  CacheModel.cpp
  ChromaFormat.cpp
  CodingStructure.cpp
  ConstraintInfo.cpp
  ContextModelling.cpp
  Contexts.cpp
  DeblockingFilter.cpp
  DepQuant.cpp
  HRD.cpp
  Hash.cpp
  IbcHashMap.cpp
  InterPrediction.cpp
  InterpolationFilter.cpp
  IntraPrediction.cpp
  MCTS.cpp
  MatrixIntraPrediction.cpp
  Mv.cpp
  ParameterSetManager.cpp
  PicYuvMD5.cpp
  Picture.cpp
  PictureParameterSet.cpp
  ProfileTierLevel.cpp
  Quant.cpp
  QuantRDOQ.cpp
  RdCost.cpp
  RdCostWeightPrediction.cpp
  Reshape.cpp
  Rom.cpp
  RomLFNST.cpp
  RomTr.cpp
  SEI.cpp
  SEIColourTransform.cpp
  SEIDigitallySignedContent.cpp
  SEIFilmGrainSynthesizer.cpp
  SEINeuralNetworkPostFiltering.cpp
  SEIPackedRegionsInfoProcess.cpp
  SampleAdaptiveOffset.cpp
  SequenceParameterSet.cpp
  Slice.cpp
  TrQuant.cpp
  TrQuant_EMT.cpp
  Unit.cpp
  UnitPartitioner.cpp
  UnitTools.cpp
  VideoParameterSet.cpp
  WeightPrediction.cpp
  dtrace.cpp
  dtrace_blockstatistics.cpp
  CommonDefX86.cpp
  InitX86.cpp
  libmd5.cpp
  AdaptiveLoopFilter_sse41.cpp
  AffineGradientSearch_sse41.cpp
  Buffer_sse41.cpp
  InterpolationFilter_sse41.cpp
  RdCost_sse41.cpp
  TrQuantX86_sse41.cpp
  IbcHashmap_sse42.cpp
  AdaptiveLoopFilter_avx.cpp
  AffineGradientSearch_avx.cpp
  Buffer_avx.cpp
  InterpolationFilter_avx.cpp
  RdCost_avx.cpp
  TrQuantX86_avx.cpp
  AdaptiveLoopFilter_avx2.cpp
  AffineGradientSearch_avx2.cpp
  Buffer_avx2.cpp
  InterpolationFilter_avx2.cpp
  RdCost_avx2.cpp
  TrQuantX86_avx2.cpp
  CommonAnalyserLib.vcxproj -> C:\Users\LQ Duy\Documents\Project\VVCSoftware_VTM\lib\vs17\msvc-19.44\x86_64\release\CommonAnalyserLib.lib
