
VVCSoftware: VTM Encoder Version 23.11 [Windows][VS 1944][64 bit] [SIMD=AVX2] 

TOOL CFG: IBD:1 HAD:1 RDQ:1 RDQTS:1 LQP:0 SQP:0 ASR:1 MinSearchWindow:96 RestrictMESampling:0 FEN:1 ECU:0 FDM:1 ESD:0 TransformSkip:1 TransformSkipFast:1 TransformSkipLog2MaxSize:5 ChromaTS:1 BDPCM:0 Tiles: 1x1 Slices: 1 MCTS:0 SAO:0 ALF:1 CCALF:1 MaxNumALFAPS 8 AlfapsIDShift 0 ConstantJointCbCrSignFlagWPP:0 WPB:0 PME:2  WaveFrontSynchro:0 WaveFrontSubstreams:1 ScalingList:0 TMVPMode:1  DQ:1  SignBitHidingFlag:0 RecalQP:0 
TOOL CFG: LFNST:1 MMVD:1 Affine:1 AffineType:1 AdaptBypassAffineMe:0 PROF:1 SbTMVP:1 DualITree:1 IMV:1 BIO:1 LMChroma:1 HorCollocatedChroma:1 VerCollocatedChroma:0 MTS:1(explicit intra) SBT:1 ISP:1 SMVD:1 CompositeLTReference:0 Bcw:1 BcwFast:1 LADF:0 CIIP:1 Geo:1 AllowDisFracMMVD:1 AffineAmvr:1 AffineAmvrEncOpt:1 AffineAmvp:1 DMVR:1 MmvdDisNum:6 JointCbCr:1 ACT:0 PLT:0 IBC:0 HashME:0 WrapAround:0 VirtualBoundariesEnabledFlag:0 VirtualBoundariesPresentInSPSFlag:1 vertical virtual boundaries:[ ] horizontal virtual boundaries:[ ] Reshape:1 (Signal:SDR Opt:0 CSoffset:6) MRL:1 MIP:1 EncDbOpt:1 AlfLambdaOpt:0 
FAST TOOL CFG: LCTUFast:1 FastMrg:1 MaxMergeRdCandNumTotal:7 MergeRdCandQuotaRegular:4 MergeRdCandQuotaRegularSmallBlk:4 MergeRdCandQuotaSubBlk:2 MergeRdCandQuotaCiip:1 MergeRdCandQuotaGpm:8 PBIntraFast:1 IMV4PelFast:1 MTSMaxCand: 4(intra) 4(inter) ISPFast:0 FastLFNST:0 AMaxBT:1 E0023FastEnc:1 ContentBasedFastQtbt:0 UseNonLinearAlfLuma:1 UseNonLinearAlfChroma:1 MaxNumAlfAlternativesChroma:8 FastMIP:0 TTFastSkip:31 TTFastSkipThr:1.075 FastLocalDualTree:1 RPR:0 TemporalFilter:4/4 SEI CTI:0 BIM:0 SEI FGC:0 SEI processing Order:0 DPF:0 


 started @ Mon Aug 18 19:06:27 2025
POC    0 LId:  0 TId: 0 ( IDR_N_LP, I-SLICE, QP 19 )     915760 bits [Y 41.1354 dB    U 45.8304 dB    V 47.9513 dB] [ET   395 ] [L0] [L1]
POC   32 LId:  0 TId: 0 ( TRAIL, B-SLICE, QP 21 )     617104 bits [Y 40.4098 dB    U 45.2438 dB    V 47.2112 dB] [ET   858 ] [L0 0] [L1 0c]
POC   16 LId:  0 TId: 1 ( STSA, B-SLICE, QP 22 )     378192 bits [Y 40.3569 dB    U 45.5637 dB    V 47.5323 dB] [ET   745 ] [L0 0 32] [L1 32c]
POC    8 LId:  0 TId: 2 ( TRAIL, B-SLICE, QP 23 )     319744 bits [Y 40.2598 dB    U 45.5216 dB    V 47.4088 dB] [ET   654 ] [L0 0 16 32] [L1 16c 32]
POC    4 LId:  0 TId: 3 ( TRAIL, B-SLICE, QP 26 )     224760 bits [Y 40.2233 dB    U 45.3971 dB    V 47.2074 dB] [ET   583 ] [L0 0 8 16] [L1 8c 16 32]
POC    2 LId:  0 TId: 4 ( TRAIL, B-SLICE, QP 28 )     108952 bits [Y 39.9002 dB    U 45.3725 dB    V 46.9614 dB] [ET   375 ] [L0 0 4 8] [L1 4c 8 16 32]
POC    1 LId:  0 TId: 5 ( TRAIL, B-SLICE, QP 29 )      65304 bits [Y 39.8585 dB    U 45.4938 dB    V 47.0959 dB] [ET   168 ] [L0 0] [L1 2c 4]
POC    3 LId:  0 TId: 5 ( TRAIL, B-SLICE, QP 29 )      67128 bits [Y 39.6784 dB    U 45.2288 dB    V 46.7237 dB] [ET   170 ] [L0 2c 0] [L1 4 8]
POC    6 LId:  0 TId: 4 ( TRAIL, B-SLICE, QP 28 )     117840 bits [Y 39.7055 dB    U 45.2286 dB    V 46.6806 dB] [ET   359 ] [L0 4c 2 0] [L1 8 16 32]
POC    5 LId:  0 TId: 5 ( TRAIL, B-SLICE, QP 29 )      72112 bits [Y 39.5675 dB    U 45.1759 dB    V 46.6219 dB] [ET   214 ] [L0 4 0] [L1 6c 8]
POC    7 LId:  0 TId: 5 ( TRAIL, B-SLICE, QP 29 )      69888 bits [Y 39.5952 dB    U 45.2426 dB    V 46.6893 dB] [ET   217 ] [L0 6c 4] [L1 8 16]
POC   12 LId:  0 TId: 3 ( TRAIL, B-SLICE, QP 26 )     205280 bits [Y 40.2103 dB    U 45.3913 dB    V 47.1853 dB] [ET   548 ] [L0 8c 4 0] [L1 16 32]
POC   10 LId:  0 TId: 4 ( TRAIL, B-SLICE, QP 28 )     103080 bits [Y 39.7262 dB    U 45.2607 dB    V 46.8489 dB] [ET   378 ] [L0 8 6 4 0] [L1 12c 16 32]
POC    9 LId:  0 TId: 5 ( TRAIL, B-SLICE, QP 29 )      66024 bits [Y 39.6260 dB    U 45.2775 dB    V 46.7315 dB] [ET   217 ] [L0 8 4] [L1 10c 12]
POC   11 LId:  0 TId: 5 ( TRAIL, B-SLICE, QP 29 )      54864 bits [Y 39.6453 dB    U 45.1834 dB    V 46.7570 dB] [ET   206 ] [L0 10c 8] [L1 12 16]
POC   14 LId:  0 TId: 4 ( TRAIL, B-SLICE, QP 28 )      84608 bits [Y 39.8705 dB    U 45.3164 dB    V 47.0003 dB] [ET   318 ] [L0 12c 10 8 0] [L1 16 32]
POC   13 LId:  0 TId: 5 ( TRAIL, B-SLICE, QP 29 )      47744 bits [Y 39.7142 dB    U 45.2440 dB    V 46.7981 dB] [ET   188 ] [L0 12 8] [L1 14c 16]
POC   15 LId:  0 TId: 5 ( TRAIL, B-SLICE, QP 29 )      51120 bits [Y 39.8516 dB    U 45.3473 dB    V 47.0211 dB] [ET   197 ] [L0 14c 12] [L1 16 32]
POC   24 LId:  0 TId: 2 ( TRAIL, B-SLICE, QP 23 )     310704 bits [Y 40.2965 dB    U 45.3124 dB    V 47.2347 dB] [ET   663 ] [L0 16c 8 0] [L1 32]
POC   20 LId:  0 TId: 3 ( TRAIL, B-SLICE, QP 26 )     176480 bits [Y 40.2446 dB    U 45.3741 dB    V 47.1759 dB] [ET   547 ] [L0 16 8 0] [L1 24c 32]
POC   18 LId:  0 TId: 4 ( TRAIL, B-SLICE, QP 28 )      87968 bits [Y 39.9895 dB    U 45.2592 dB    V 46.9506 dB] [ET   321 ] [L0 16 8 0] [L1 20c 24 32]
POC   17 LId:  0 TId: 5 ( TRAIL, B-SLICE, QP 29 )      47904 bits [Y 39.9254 dB    U 45.3340 dB    V 46.9755 dB] [ET   184 ] [L0 16 8] [L1 18c 20]
POC   19 LId:  0 TId: 5 ( TRAIL, B-SLICE, QP 29 )      50520 bits [Y 39.8955 dB    U 45.2251 dB    V 46.8050 dB] [ET   204 ] [L0 18c 16] [L1 20 24]
POC   22 LId:  0 TId: 4 ( TRAIL, B-SLICE, QP 28 )      94688 bits [Y 39.9394 dB    U 45.1178 dB    V 46.7652 dB] [ET   300 ] [L0 20c 16 0] [L1 24 32 18]
POC   21 LId:  0 TId: 5 ( TRAIL, B-SLICE, QP 29 )      52296 bits [Y 39.8643 dB    U 45.0732 dB    V 46.6660 dB] [ET   185 ] [L0 20 16] [L1 22c 24]
POC   23 LId:  0 TId: 5 ( TRAIL, B-SLICE, QP 29 )      60200 bits [Y 39.8761 dB    U 45.0801 dB    V 46.6833 dB] [ET   196 ] [L0 22c 20] [L1 24 32]
POC   28 LId:  0 TId: 3 ( TRAIL, B-SLICE, QP 26 )     234952 bits [Y 40.1157 dB    U 45.0455 dB    V 46.7574 dB] [ET   613 ] [L0 24c 20 16 0] [L1 32]
POC   26 LId:  0 TId: 4 ( TRAIL, B-SLICE, QP 28 )     116584 bits [Y 39.8461 dB    U 44.9423 dB    V 46.5343 dB] [ET   361 ] [L0 24 20 16 0] [L1 28c 32]
POC   25 LId:  0 TId: 5 ( TRAIL, B-SLICE, QP 29 )      67344 bits [Y 39.7954 dB    U 44.9814 dB    V 46.6214 dB] [ET   204 ] [L0 24 20] [L1 26c 28]
POC   27 LId:  0 TId: 5 ( TRAIL, B-SLICE, QP 29 )      73720 bits [Y 39.6993 dB    U 44.8466 dB    V 46.3758 dB] [ET   210 ] [L0 26c 24] [L1 28 32]
POC   30 LId:  0 TId: 4 ( TRAIL, B-SLICE, QP 28 )     118720 bits [Y 39.8006 dB    U 44.9177 dB    V 46.4862 dB] [ET   361 ] [L0 28c 24 16 0] [L1 32]
POC   29 LId:  0 TId: 5 ( TRAIL, B-SLICE, QP 29 )      72808 bits [Y 39.6528 dB    U 44.8283 dB    V 46.3285 dB] [ET   211 ] [L0 28 24] [L1 30c 32]
POC   31 LId:  0 TId: 5 ( TRAIL, B-SLICE, QP 29 )      67592 bits [Y 39.7209 dB    U 44.9613 dB    V 46.5321 dB] [ET   192 ] [L0 30c 28] [L1 32]

LayerId  0
	Total Frames |  Bitrate      Y-PSNR   U-PSNR   V-PSNR   YUV-PSNR 
	33           a  7881.7939    39.9393  45.2309  46.8884  41.1804  

 finished @ Mon Aug 18 22:18:49 2025
 Total Time:    11541.964 sec. [user]    11541.964 sec. [elapsed]
