
VVCSoftware: VTM Encoder Version 23.11 [Windows][VS 1944][64 bit] [SIMD=AVX2] 

TOOL CFG: IBD:1 HAD:1 RDQ:1 RDQTS:1 LQP:0 SQP:0 ASR:1 MinSearchWindow:96 RestrictMESampling:0 FEN:1 ECU:0 FDM:1 ESD:0 TransformSkip:1 TransformSkipFast:1 TransformSkipLog2MaxSize:5 ChromaTS:1 BDPCM:0 Tiles: 1x1 Slices: 1 MCTS:0 SAO:1 ALF:0 CCALF:0 MaxNumALFAPS 8 AlfapsIDShift 0 ConstantJointCbCrSignFlagWPP:0 WPB:0 PME:2  WaveFrontSynchro:0 WaveFrontSubstreams:1 ScalingList:0 TMVPMode:1  DQ:1  SignBitHidingFlag:0 RecalQP:0 
TOOL CFG: LFNST:1 MMVD:1 Affine:1 AffineType:1 AdaptBypassAffineMe:0 PROF:1 SbTMVP:1 DualITree:1 IMV:1 BIO:1 LMChroma:1 HorCollocatedChroma:1 VerCollocatedChroma:0 MTS:1(explicit intra) SBT:1 ISP:1 SMVD:1 CompositeLTReference:0 Bcw:1 BcwFast:1 LADF:0 CIIP:1 Geo:1 AllowDisFracMMVD:1 AffineAmvr:1 AffineAmvrEncOpt:1 AffineAmvp:1 DMVR:1 MmvdDisNum:6 JointCbCr:1 ACT:0 PLT:0 IBC:0 HashME:0 WrapAround:0 VirtualBoundariesEnabledFlag:0 VirtualBoundariesPresentInSPSFlag:1 vertical virtual boundaries:[ ] horizontal virtual boundaries:[ ] Reshape:1 (Signal:SDR Opt:0 CSoffset:6) MRL:1 MIP:1 EncDbOpt:1 AlfLambdaOpt:0 
FAST TOOL CFG: LCTUFast:1 FastMrg:1 MaxMergeRdCandNumTotal:7 MergeRdCandQuotaRegular:4 MergeRdCandQuotaRegularSmallBlk:4 MergeRdCandQuotaSubBlk:2 MergeRdCandQuotaCiip:1 MergeRdCandQuotaGpm:8 PBIntraFast:1 IMV4PelFast:1 MTSMaxCand: 4(intra) 4(inter) ISPFast:0 FastLFNST:0 AMaxBT:1 E0023FastEnc:1 ContentBasedFastQtbt:0 UseNonLinearAlfLuma:1 UseNonLinearAlfChroma:1 MaxNumAlfAlternativesChroma:8 FastMIP:0 TTFastSkip:31 TTFastSkipThr:1.075 FastLocalDualTree:1 RPR:0 TemporalFilter:4/4 SEI CTI:0 BIM:0 SEI FGC:0 SEI processing Order:0 DPF:0 


 started @ Mon Aug 18 18:10:01 2025
POC    0 LId:  0 TId: 0 ( IDR_N_LP, I-SLICE, QP 19 )     855552 bits [Y 43.4387 dB    U 43.5502 dB    V 43.6406 dB] [ET   133 ] [L0] [L1]
POC   32 LId:  0 TId: 0 ( TRAIL, B-SLICE, QP 21 )     495696 bits [Y 42.3657 dB    U 42.1991 dB    V 42.6300 dB] [ET   203 ] [L0 0] [L1 0c]
POC   16 LId:  0 TId: 1 ( STSA, B-SLICE, QP 22 )     398096 bits [Y 41.8455 dB    U 41.9447 dB    V 42.3541 dB] [ET   203 ] [L0 0 32] [L1 32c]
POC    8 LId:  0 TId: 2 ( TRAIL, B-SLICE, QP 23 )     363912 bits [Y 41.6070 dB    U 41.6971 dB    V 42.1647 dB] [ET   201 ] [L0 0 16 32] [L1 16c 32]
POC    4 LId:  0 TId: 3 ( TRAIL, B-SLICE, QP 26 )     238320 bits [Y 41.4496 dB    U 40.9950 dB    V 41.2804 dB] [ET   158 ] [L0 0 8 16] [L1 8c 16 32]
POC    2 LId:  0 TId: 4 ( TRAIL, B-SLICE, QP 28 )     153784 bits [Y 40.8130 dB    U 40.2938 dB    V 40.7016 dB] [ET   127 ] [L0 0 4 8] [L1 4c 8 16 32]
POC    1 LId:  0 TId: 5 ( TRAIL, B-SLICE, QP 29 )     132488 bits [Y 40.4999 dB    U 39.7867 dB    V 40.2597 dB] [ET    99 ] [L0 0] [L1 2c 4]
POC    3 LId:  0 TId: 5 ( TRAIL, B-SLICE, QP 29 )     142544 bits [Y 40.3705 dB    U 39.7705 dB    V 39.8704 dB] [ET   101 ] [L0 2c 0] [L1 4 8]
POC    6 LId:  0 TId: 4 ( TRAIL, B-SLICE, QP 28 )     217024 bits [Y 40.1731 dB    U 39.6789 dB    V 39.8781 dB] [ET   150 ] [L0 4c 2 0] [L1 8 16 32]
POC    5 LId:  0 TId: 5 ( TRAIL, B-SLICE, QP 29 )     172336 bits [Y 39.9523 dB    U 39.2940 dB    V 39.3268 dB] [ET   111 ] [L0 4 0] [L1 6c 8]
POC    7 LId:  0 TId: 5 ( TRAIL, B-SLICE, QP 29 )     186864 bits [Y 39.6730 dB    U 39.0458 dB    V 39.2113 dB] [ET   129 ] [L0 6c 4] [L1 8 16]
POC   12 LId:  0 TId: 3 ( TRAIL, B-SLICE, QP 26 )     257648 bits [Y 41.2327 dB    U 40.7492 dB    V 41.1047 dB] [ET   158 ] [L0 8c 4 0] [L1 16 32]
POC   10 LId:  0 TId: 4 ( TRAIL, B-SLICE, QP 28 )     193560 bits [Y 40.3028 dB    U 39.6155 dB    V 40.1302 dB] [ET   142 ] [L0 8 6 4 0] [L1 12c 16 32]
POC    9 LId:  0 TId: 5 ( TRAIL, B-SLICE, QP 29 )     168040 bits [Y 39.8544 dB    U 39.3343 dB    V 39.4495 dB] [ET   120 ] [L0 8 4] [L1 10c 12]
POC   11 LId:  0 TId: 5 ( TRAIL, B-SLICE, QP 29 )     168856 bits [Y 39.8132 dB    U 39.1525 dB    V 39.3849 dB] [ET   119 ] [L0 10c 8] [L1 12 16]
POC   14 LId:  0 TId: 4 ( TRAIL, B-SLICE, QP 28 )     218680 bits [Y 40.3702 dB    U 39.6293 dB    V 40.0158 dB] [ET   142 ] [L0 12c 10 8 0] [L1 16 32]
POC   13 LId:  0 TId: 5 ( TRAIL, B-SLICE, QP 29 )     178744 bits [Y 39.6948 dB    U 38.8242 dB    V 39.0757 dB] [ET   114 ] [L0 12 8] [L1 14c 16]
POC   15 LId:  0 TId: 5 ( TRAIL, B-SLICE, QP 29 )     177552 bits [Y 39.8517 dB    U 39.0170 dB    V 39.2305 dB] [ET   117 ] [L0 14c 12] [L1 16 32]
POC   24 LId:  0 TId: 2 ( TRAIL, B-SLICE, QP 23 )     339208 bits [Y 41.7448 dB    U 41.7757 dB    V 42.1027 dB] [ET   175 ] [L0 16c 8 0] [L1 32]
POC   20 LId:  0 TId: 3 ( TRAIL, B-SLICE, QP 26 )     218504 bits [Y 41.4352 dB    U 40.8245 dB    V 41.2438 dB] [ET   146 ] [L0 16 8 0] [L1 24c 32]
POC   18 LId:  0 TId: 4 ( TRAIL, B-SLICE, QP 28 )     162880 bits [Y 40.7864 dB    U 40.0436 dB    V 40.4995 dB] [ET   124 ] [L0 16 8 0] [L1 20c 24 32]
POC   17 LId:  0 TId: 5 ( TRAIL, B-SLICE, QP 29 )     155120 bits [Y 40.0083 dB    U 39.4462 dB    V 39.6314 dB] [ET   110 ] [L0 16 8] [L1 18c 20]
POC   19 LId:  0 TId: 5 ( TRAIL, B-SLICE, QP 29 )     128832 bits [Y 40.3859 dB    U 39.4040 dB    V 39.6349 dB] [ET    96 ] [L0 18c 16] [L1 20 24]
POC   22 LId:  0 TId: 4 ( TRAIL, B-SLICE, QP 28 )     201624 bits [Y 39.8251 dB    U 39.1635 dB    V 39.9048 dB] [ET   144 ] [L0 20c 16 0] [L1 24 32 18]
POC   21 LId:  0 TId: 5 ( TRAIL, B-SLICE, QP 29 )     138008 bits [Y 40.0089 dB    U 39.2925 dB    V 39.5697 dB] [ET   105 ] [L0 20 16] [L1 22c 24]
POC   23 LId:  0 TId: 5 ( TRAIL, B-SLICE, QP 29 )     150752 bits [Y 39.8099 dB    U 38.9258 dB    V 39.2640 dB] [ET   108 ] [L0 22c 20] [L1 24 32]
POC   28 LId:  0 TId: 3 ( TRAIL, B-SLICE, QP 26 )     228488 bits [Y 41.3881 dB    U 40.8014 dB    V 41.1366 dB] [ET   150 ] [L0 24c 20 16 0] [L1 32]
POC   26 LId:  0 TId: 4 ( TRAIL, B-SLICE, QP 28 )     204320 bits [Y 40.2022 dB    U 39.8209 dB    V 39.9507 dB] [ET   145 ] [L0 24 20 16 0] [L1 28c 32]
POC   25 LId:  0 TId: 5 ( TRAIL, B-SLICE, QP 29 )     180920 bits [Y 39.7086 dB    U 39.0578 dB    V 39.0482 dB] [ET   119 ] [L0 24 20] [L1 26c 28]
POC   27 LId:  0 TId: 5 ( TRAIL, B-SLICE, QP 29 )     158352 bits [Y 39.7647 dB    U 39.2339 dB    V 39.2942 dB] [ET   116 ] [L0 26c 24] [L1 28 32]
POC   30 LId:  0 TId: 4 ( TRAIL, B-SLICE, QP 28 )     205464 bits [Y 40.2681 dB    U 39.5969 dB    V 39.8893 dB] [ET   137 ] [L0 28c 24 16 0] [L1 32]
POC   29 LId:  0 TId: 5 ( TRAIL, B-SLICE, QP 29 )     150256 bits [Y 40.1712 dB    U 39.1169 dB    V 39.3328 dB] [ET   108 ] [L0 28 24] [L1 30c 32]
POC   31 LId:  0 TId: 5 ( TRAIL, B-SLICE, QP 29 )     179432 bits [Y 39.8275 dB    U 39.2474 dB    V 39.3124 dB] [ET   113 ] [L0 30c 28] [L1 32]

LayerId  0
	Total Frames |  Bitrate      Y-PSNR   U-PSNR   V-PSNR   YUV-PSNR 
	33           a  11396.7515   40.5649  40.0100  40.2886  40.3190  

 finished @ Mon Aug 18 19:23:45 2025
 Total Time:     4423.615 sec. [user]     4423.615 sec. [elapsed]
