
VVCSoftware: VTM Encoder Version 23.11 [Windows][VS 1944][64 bit] [SIMD=AVX2] 

TOOL CFG: IBD:1 HAD:1 RDQ:1 RDQTS:1 LQP:0 SQP:0 ASR:0 MinSearchWindow:96 RestrictMESampling:0 FEN:1 ECU:0 FDM:1 ESD:0 TransformSkip:1 TransformSkipFast:1 TransformSkipLog2MaxSize:5 ChromaTS:1 BDPCM:0 Tiles: 1x1 Slices: 1 MCTS:0 SAO:1 ALF:1 CCALF:1 MaxNumALFAPS 8 AlfapsIDShift 0 ConstantJointCbCrSignFlagWPP:0 WPB:0 PME:2  WaveFrontSynchro:0 WaveFrontSubstreams:1 ScalingList:0 TMVPMode:1  DQ:1  SignBitHidingFlag:0 RecalQP:0 
TOOL CFG: LFNST:1 MMVD:1 Affine:1 AffineType:1 AdaptBypassAffineMe:0 PROF:1 SbTMVP:1 DualITree:1 IMV:1 BIO:1 LMChroma:1 HorCollocatedChroma:1 VerCollocatedChroma:0 MTS:1(explicit intra) SBT:1 ISP:1 SMVD:1 CompositeLTReference:0 Bcw:1 BcwFast:1 LADF:0 CIIP:1 Geo:1 AllowDisFracMMVD:1 AffineAmvr:1 AffineAmvrEncOpt:1 AffineAmvp:1 DMVR:1 MmvdDisNum:6 JointCbCr:1 ACT:0 PLT:0 IBC:0 HashME:0 WrapAround:0 VirtualBoundariesEnabledFlag:0 VirtualBoundariesPresentInSPSFlag:1 vertical virtual boundaries:[ ] horizontal virtual boundaries:[ ] Reshape:1 (Signal:SDR Opt:0 CSoffset:6) MRL:1 MIP:1 EncDbOpt:1 AlfLambdaOpt:0 
FAST TOOL CFG: LCTUFast:1 FastMrg:1 MaxMergeRdCandNumTotal:7 MergeRdCandQuotaRegular:4 MergeRdCandQuotaRegularSmallBlk:4 MergeRdCandQuotaSubBlk:2 MergeRdCandQuotaCiip:1 MergeRdCandQuotaGpm:8 PBIntraFast:1 IMV4PelFast:1 MTSMaxCand: 4(intra) 4(inter) ISPFast:0 FastLFNST:0 AMaxBT:1 E0023FastEnc:1 ContentBasedFastQtbt:0 UseNonLinearAlfLuma:1 UseNonLinearAlfChroma:1 MaxNumAlfAlternativesChroma:8 FastMIP:0 TTFastSkip:31 TTFastSkipThr:1.075 FastLocalDualTree:1 RPR:0 TemporalFilter:4/4 SEI CTI:0 BIM:0 SEI FGC:0 SEI processing Order:0 DPF:0 


 started @ Wed Sep 24 09:49:59 2025
POC    0 LId:  0 TId: 0 ( IDR_N_LP, I-SLICE, QP 24 )    1686192 bits [Y 38.1641 dB    U 42.1426 dB    V 44.2811 dB] [ET   460 ] [L0] [L1]
POC    8 LId:  0 TId: 2 ( STSA, B-SLICE, QP 29 )     242344 bits [Y 35.9118 dB    U 41.7592 dB    V 44.1385 dB] [ET 11432 ] [L0 0] [L1 0c]
POC    4 LId:  0 TId: 3 ( TRAIL, B-SLICE, QP 32 )      88392 bits [Y 35.6952 dB    U 41.8544 dB    V 44.2089 dB] [ET 16525 ] [L0 0 8] [L1 8c 0]
POC    2 LId:  0 TId: 4 ( TRAIL, B-SLICE, QP 34 )      29192 bits [Y 35.6654 dB    U 41.9421 dB    V 44.1667 dB] [ET 12120 ] [L0 0 4 8] [L1 4c 8 0]
POC    1 LId:  0 TId: 5 ( TRAIL, B-SLICE, QP 36 )       8464 bits [Y 36.0330 dB    U 42.0903 dB    V 44.2596 dB] [ET  4753 ] [L0 0] [L1 2c 4]
POC    3 LId:  0 TId: 5 ( TRAIL, B-SLICE, QP 36 )      10544 bits [Y 35.3692 dB    U 41.9144 dB    V 44.1664 dB] [ET  7131 ] [L0 2c 0] [L1 4 8]
POC    6 LId:  0 TId: 4 ( TRAIL, B-SLICE, QP 34 )      27272 bits [Y 35.6263 dB    U 41.7957 dB    V 44.0784 dB] [ET 14676 ] [L0 4c 2 0] [L1 8 4 2]
POC    5 LId:  0 TId: 5 ( TRAIL, B-SLICE, QP 36 )       7608 bits [Y 35.3531 dB    U 41.8238 dB    V 44.1662 dB] [ET  6030 ] [L0 4 0] [L1 6c 8]
POC    7 LId:  0 TId: 5 ( TRAIL, B-SLICE, QP 36 )       8592 bits [Y 35.4657 dB    U 41.8167 dB    V 44.1506 dB] [ET  4777 ] [L0 6c 4] [L1 8 6]
POC   12 LId:  0 TId: 3 ( TRAIL, B-SLICE, QP 32 )      93968 bits [Y 35.6950 dB    U 41.6963 dB    V 44.1086 dB] [ET 20833 ] [L0 8 4 0] [L1 8c 4]
POC   10 LId:  0 TId: 4 ( TRAIL, B-SLICE, QP 34 )      24728 bits [Y 35.3461 dB    U 41.7109 dB    V 44.0819 dB] [ET 16672 ] [L0 8 6 4 0] [L1 12c 8 6]
POC    9 LId:  0 TId: 5 ( TRAIL, B-SLICE, QP 36 )      10168 bits [Y 35.3123 dB    U 41.7758 dB    V 44.1283 dB] [ET  5983 ] [L0 8 4] [L1 10c 12]
POC   11 LId:  0 TId: 5 ( TRAIL, B-SLICE, QP 36 )       8560 bits [Y 35.2755 dB    U 41.7239 dB    V 44.0943 dB] [ET  3869 ] [L0 10c 8] [L1 12 10]
POC   14 LId:  0 TId: 4 ( TRAIL, B-SLICE, QP 34 )      49120 bits [Y 35.2853 dB    U 41.6066 dB    V 43.9755 dB] [ET 17579 ] [L0 12 10 8 0] [L1 12c 10]
POC   13 LId:  0 TId: 5 ( TRAIL, B-SLICE, QP 36 )       7304 bits [Y 35.2524 dB    U 41.6924 dB    V 44.0331 dB] [ET  2883 ] [L0 12 8] [L1 14c 12]
POC   15 LId:  0 TId: 5 ( TRAIL, B-SLICE, QP 36 )      20528 bits [Y 34.8803 dB    U 41.5459 dB    V 43.9760 dB] [ET  2928 ] [L0 14 12] [L1 14c 12]

LayerId  0
	Total Frames |  Bitrate      Y-PSNR   U-PSNR   V-PSNR   YUV-PSNR 
	16           a  8711.1600    35.6457  41.8057  44.1259  36.9629  

 finished @ Fri Sep 26 03:07:28 2025
 Total Time:   148648.980 sec. [user]   148648.980 sec. [elapsed]
