
VVCSoftware: VTM Encoder Version 23.11 [Windows][VS 1944][64 bit] [SIMD=AVX2] 

TOOL CFG: IBD:1 HAD:1 RDQ:0 RDQTS:0 LQP:0 SQP:0 ASR:1 MinSearchWindow:96 RestrictMESampling:0 FEN:1 ECU:0 FDM:1 ESD:0 TransformSkip:1 TransformSkipFast:1 TransformSkipLog2MaxSize:5 ChromaTS:1 BDPCM:0 Tiles: 1x1 Slices: 1 MCTS:0 SAO:1 ALF:1 CCALF:1 MaxNumALFAPS 8 AlfapsIDShift 0 ConstantJointCbCrSignFlagWPP:0 WPB:0 PME:2  WaveFrontSynchro:0 WaveFrontSubstreams:1 ScalingList:0 TMVPMode:1  DQ:0  SignBitHidingFlag:0 RecalQP:0 
TOOL CFG: LFNST:1 MMVD:1 Affine:1 AffineType:1 AdaptBypassAffineMe:0 PROF:1 SbTMVP:1 DualITree:1 IMV:1 BIO:1 LMChroma:1 HorCollocatedChroma:1 VerCollocatedChroma:0 MTS:1(explicit intra) SBT:1 ISP:1 SMVD:1 CompositeLTReference:0 Bcw:1 BcwFast:1 LADF:0 CIIP:1 Geo:1 AllowDisFracMMVD:1 AffineAmvr:1 AffineAmvrEncOpt:1 AffineAmvp:1 DMVR:1 MmvdDisNum:6 JointCbCr:1 ACT:0 PLT:0 IBC:0 HashME:0 WrapAround:0 VirtualBoundariesEnabledFlag:0 VirtualBoundariesPresentInSPSFlag:1 vertical virtual boundaries:[ ] horizontal virtual boundaries:[ ] Reshape:1 (Signal:SDR Opt:0 CSoffset:6) MRL:1 MIP:1 EncDbOpt:1 AlfLambdaOpt:0 
FAST TOOL CFG: LCTUFast:1 FastMrg:1 MaxMergeRdCandNumTotal:7 MergeRdCandQuotaRegular:4 MergeRdCandQuotaRegularSmallBlk:4 MergeRdCandQuotaSubBlk:2 MergeRdCandQuotaCiip:1 MergeRdCandQuotaGpm:8 PBIntraFast:1 IMV4PelFast:1 MTSMaxCand: 4(intra) 4(inter) ISPFast:0 FastLFNST:0 AMaxBT:1 E0023FastEnc:1 ContentBasedFastQtbt:0 UseNonLinearAlfLuma:1 UseNonLinearAlfChroma:1 MaxNumAlfAlternativesChroma:8 FastMIP:0 TTFastSkip:31 TTFastSkipThr:1.075 FastLocalDualTree:1 RPR:0 TemporalFilter:4/4 SEI CTI:0 BIM:0 SEI FGC:0 SEI processing Order:0 DPF:0 


 started @ Mon Aug 18 17:37:33 2025
POC    0 LId:  0 TId: 0 ( IDR_N_LP, I-SLICE, QP 34 )     176672 bits [Y 33.6569 dB    U 33.6966 dB    V 34.6083 dB] [ET    46 ] [L0] [L1]
POC   32 LId:  0 TId: 0 ( TRAIL, B-SLICE, QP 36 )      99128 bits [Y 32.3758 dB    U 32.6268 dB    V 33.4572 dB] [ET    87 ] [L0 0] [L1 0c]
POC   16 LId:  0 TId: 1 ( STSA, B-SLICE, QP 40 )      55768 bits [Y 31.2064 dB    U 32.1424 dB    V 32.9399 dB] [ET    84 ] [L0 0 32] [L1 32c]
POC    8 LId:  0 TId: 2 ( TRAIL, B-SLICE, QP 41 )      49664 bits [Y 30.7195 dB    U 31.7443 dB    V 32.4152 dB] [ET    86 ] [L0 0 16 32] [L1 16c 32]
POC    4 LId:  0 TId: 3 ( TRAIL, B-SLICE, QP 43 )      36832 bits [Y 30.4160 dB    U 31.4492 dB    V 32.0485 dB] [ET    70 ] [L0 0 8 16] [L1 8c 16 32]
POC    2 LId:  0 TId: 4 ( TRAIL, B-SLICE, QP 45 )      19648 bits [Y 30.3457 dB    U 31.1933 dB    V 32.2863 dB] [ET    52 ] [L0 0 4 8] [L1 4c 8 16 32]
POC    1 LId:  0 TId: 5 ( TRAIL, B-SLICE, QP 46 )      14584 bits [Y 30.4728 dB    U 31.0209 dB    V 32.0727 dB] [ET    30 ] [L0 0] [L1 2c 4]
POC    3 LId:  0 TId: 5 ( TRAIL, B-SLICE, QP 46 )      15736 bits [Y 29.8876 dB    U 30.7997 dB    V 31.2764 dB] [ET    38 ] [L0 2c 0] [L1 4 8]
POC    6 LId:  0 TId: 4 ( TRAIL, B-SLICE, QP 45 )      27616 bits [Y 29.3486 dB    U 30.6559 dB    V 31.0991 dB] [ET    68 ] [L0 4c 2 0] [L1 8 16 32]
POC    5 LId:  0 TId: 5 ( TRAIL, B-SLICE, QP 46 )      18456 bits [Y 29.2111 dB    U 30.3477 dB    V 30.6662 dB] [ET    42 ] [L0 4 0] [L1 6c 8]
POC    7 LId:  0 TId: 5 ( TRAIL, B-SLICE, QP 46 )      20336 bits [Y 29.1336 dB    U 30.3350 dB    V 30.7566 dB] [ET    46 ] [L0 6c 4] [L1 8 16]
POC   12 LId:  0 TId: 3 ( TRAIL, B-SLICE, QP 43 )      37304 bits [Y 30.3405 dB    U 31.3593 dB    V 32.1381 dB] [ET    77 ] [L0 8c 4 0] [L1 16 32]
POC   10 LId:  0 TId: 4 ( TRAIL, B-SLICE, QP 45 )      24000 bits [Y 29.8615 dB    U 30.8910 dB    V 31.6470 dB] [ET    64 ] [L0 8 6 4 0] [L1 12c 16 32]
POC    9 LId:  0 TId: 5 ( TRAIL, B-SLICE, QP 46 )      18504 bits [Y 29.4757 dB    U 30.8085 dB    V 30.9661 dB] [ET    42 ] [L0 8 4] [L1 10c 12]
POC   11 LId:  0 TId: 5 ( TRAIL, B-SLICE, QP 46 )      18256 bits [Y 29.4381 dB    U 30.4687 dB    V 30.9422 dB] [ET    40 ] [L0 10c 8] [L1 12 16]
POC   14 LId:  0 TId: 4 ( TRAIL, B-SLICE, QP 45 )      28776 bits [Y 29.2445 dB    U 30.7425 dB    V 31.1204 dB] [ET    65 ] [L0 12c 10 8 0] [L1 16 32]
POC   13 LId:  0 TId: 5 ( TRAIL, B-SLICE, QP 46 )      18328 bits [Y 29.0081 dB    U 30.2318 dB    V 30.5807 dB] [ET    42 ] [L0 12 8] [L1 14c 16]
POC   15 LId:  0 TId: 5 ( TRAIL, B-SLICE, QP 46 )      19960 bits [Y 29.2481 dB    U 30.2540 dB    V 30.8063 dB] [ET    44 ] [L0 14c 12] [L1 16 32]
POC   24 LId:  0 TId: 2 ( TRAIL, B-SLICE, QP 41 )      44248 bits [Y 30.8649 dB    U 31.7444 dB    V 32.0620 dB] [ET    64 ] [L0 16c 8 0] [L1 32]
POC   20 LId:  0 TId: 3 ( TRAIL, B-SLICE, QP 43 )      29232 bits [Y 30.9764 dB    U 31.5785 dB    V 32.5173 dB] [ET    68 ] [L0 16 8 0] [L1 24c 32]
POC   18 LId:  0 TId: 4 ( TRAIL, B-SLICE, QP 45 )      22344 bits [Y 30.0849 dB    U 31.1398 dB    V 31.8096 dB] [ET    59 ] [L0 16 8 0] [L1 20c 24 32]
POC   17 LId:  0 TId: 5 ( TRAIL, B-SLICE, QP 46 )      17944 bits [Y 29.6851 dB    U 30.7251 dB    V 31.2568 dB] [ET    42 ] [L0 16 8] [L1 18c 20]
POC   19 LId:  0 TId: 5 ( TRAIL, B-SLICE, QP 46 )      14592 bits [Y 29.9584 dB    U 30.9477 dB    V 31.5232 dB] [ET    32 ] [L0 18c 16] [L1 20 24]
POC   22 LId:  0 TId: 4 ( TRAIL, B-SLICE, QP 45 )      22280 bits [Y 29.9101 dB    U 31.2351 dB    V 31.5246 dB] [ET    56 ] [L0 20c 16 0] [L1 24 32 18]
POC   21 LId:  0 TId: 5 ( TRAIL, B-SLICE, QP 46 )      13744 bits [Y 29.9820 dB    U 31.1420 dB    V 31.2803 dB] [ET    34 ] [L0 20 16] [L1 22c 24]
POC   23 LId:  0 TId: 5 ( TRAIL, B-SLICE, QP 46 )      15960 bits [Y 29.7238 dB    U 30.8896 dB    V 30.7550 dB] [ET    40 ] [L0 22c 20] [L1 24 32]
POC   28 LId:  0 TId: 3 ( TRAIL, B-SLICE, QP 43 )      31440 bits [Y 30.5898 dB    U 31.8968 dB    V 32.3146 dB] [ET    69 ] [L0 24c 20 16 0] [L1 32]
POC   26 LId:  0 TId: 4 ( TRAIL, B-SLICE, QP 45 )      26648 bits [Y 29.4120 dB    U 31.1945 dB    V 31.2614 dB] [ET    66 ] [L0 24 20 16 0] [L1 28c 32]
POC   25 LId:  0 TId: 5 ( TRAIL, B-SLICE, QP 46 )      19408 bits [Y 29.1194 dB    U 30.6301 dB    V 30.4123 dB] [ET    45 ] [L0 24 20] [L1 26c 28]
POC   27 LId:  0 TId: 5 ( TRAIL, B-SLICE, QP 46 )      18256 bits [Y 29.5311 dB    U 30.6849 dB    V 31.0636 dB] [ET    40 ] [L0 26c 24] [L1 28 32]
POC   30 LId:  0 TId: 4 ( TRAIL, B-SLICE, QP 45 )      25744 bits [Y 29.5632 dB    U 30.7128 dB    V 31.2209 dB] [ET    60 ] [L0 28c 24 16 0] [L1 32]
POC   29 LId:  0 TId: 5 ( TRAIL, B-SLICE, QP 46 )      16432 bits [Y 29.7075 dB    U 30.5342 dB    V 30.9131 dB] [ET    38 ] [L0 28 24] [L1 30c 32]
POC   31 LId:  0 TId: 5 ( TRAIL, B-SLICE, QP 46 )      18688 bits [Y 29.4491 dB    U 30.3932 dB    V 30.6562 dB] [ET    40 ] [L0 30c 28] [L1 32]

LayerId  0
	Total Frames |  Bitrate      Y-PSNR   U-PSNR   V-PSNR   YUV-PSNR 
	33           a  1570.4970    30.0590  31.0975  31.5878  30.3584  

 finished @ Mon Aug 18 18:07:10 2025
 Total Time:     1777.776 sec. [user]     1777.776 sec. [elapsed]
