
VVCSoftware: VTM Encoder Version 23.11 [Windows][VS 1944][64 bit] [SIMD=AVX2] 

TOOL CFG: IBD:1 HAD:1 RDQ:1 RDQTS:1 LQP:0 SQP:0 ASR:1 MinSearchWindow:96 RestrictMESampling:0 FEN:1 ECU:0 FDM:1 ESD:0 TransformSkip:1 TransformSkipFast:1 TransformSkipLog2MaxSize:5 ChromaTS:1 BDPCM:0 Tiles: 1x1 Slices: 1 MCTS:0 SAO:1 ALF:0 CCALF:0 MaxNumALFAPS 8 AlfapsIDShift 0 ConstantJointCbCrSignFlagWPP:0 WPB:0 PME:2  WaveFrontSynchro:0 WaveFrontSubstreams:1 ScalingList:0 TMVPMode:1  DQ:1  SignBitHidingFlag:0 RecalQP:0 
TOOL CFG: LFNST:1 MMVD:1 Affine:1 AffineType:1 AdaptBypassAffineMe:0 PROF:1 SbTMVP:1 DualITree:1 IMV:1 BIO:1 LMChroma:1 HorCollocatedChroma:1 VerCollocatedChroma:0 MTS:1(explicit intra) SBT:1 ISP:1 SMVD:1 CompositeLTReference:0 Bcw:1 BcwFast:1 LADF:0 CIIP:1 Geo:1 AllowDisFracMMVD:1 AffineAmvr:1 AffineAmvrEncOpt:1 AffineAmvp:1 DMVR:1 MmvdDisNum:6 JointCbCr:1 ACT:0 PLT:0 IBC:0 HashME:0 WrapAround:0 VirtualBoundariesEnabledFlag:0 VirtualBoundariesPresentInSPSFlag:1 vertical virtual boundaries:[ ] horizontal virtual boundaries:[ ] Reshape:1 (Signal:SDR Opt:0 CSoffset:6) MRL:1 MIP:1 EncDbOpt:1 AlfLambdaOpt:0 
FAST TOOL CFG: LCTUFast:1 FastMrg:1 MaxMergeRdCandNumTotal:7 MergeRdCandQuotaRegular:4 MergeRdCandQuotaRegularSmallBlk:4 MergeRdCandQuotaSubBlk:2 MergeRdCandQuotaCiip:1 MergeRdCandQuotaGpm:8 PBIntraFast:1 IMV4PelFast:1 MTSMaxCand: 4(intra) 4(inter) ISPFast:0 FastLFNST:0 AMaxBT:1 E0023FastEnc:1 ContentBasedFastQtbt:0 UseNonLinearAlfLuma:1 UseNonLinearAlfChroma:1 MaxNumAlfAlternativesChroma:8 FastMIP:0 TTFastSkip:31 TTFastSkipThr:1.075 FastLocalDualTree:1 RPR:0 TemporalFilter:4/4 SEI CTI:0 BIM:0 SEI FGC:0 SEI processing Order:0 DPF:0 


 started @ Mon Aug 18 17:41:58 2025
POC    0 LId:  0 TId: 0 ( IDR_N_LP, I-SLICE, QP 29 )     295784 bits [Y 36.3562 dB    U 36.4771 dB    V 36.9308 dB] [ET    89 ] [L0] [L1]
POC   32 LId:  0 TId: 0 ( TRAIL, B-SLICE, QP 31 )     176720 bits [Y 35.4314 dB    U 35.7157 dB    V 36.1635 dB] [ET   155 ] [L0 0] [L1 0c]
POC   16 LId:  0 TId: 1 ( STSA, B-SLICE, QP 34 )     105296 bits [Y 34.4450 dB    U 34.5279 dB    V 35.0740 dB] [ET   121 ] [L0 0 32] [L1 32c]
POC    8 LId:  0 TId: 2 ( TRAIL, B-SLICE, QP 35 )      96352 bits [Y 34.1072 dB    U 34.0497 dB    V 34.5199 dB] [ET   123 ] [L0 0 16 32] [L1 16c 32]
POC    4 LId:  0 TId: 3 ( TRAIL, B-SLICE, QP 38 )      67576 bits [Y 33.5185 dB    U 33.9340 dB    V 34.1741 dB] [ET    98 ] [L0 0 8 16] [L1 8c 16 32]
POC    2 LId:  0 TId: 4 ( TRAIL, B-SLICE, QP 40 )      40968 bits [Y 33.1656 dB    U 33.8618 dB    V 34.4149 dB] [ET    82 ] [L0 0 4 8] [L1 4c 8 16 32]
POC    1 LId:  0 TId: 5 ( TRAIL, B-SLICE, QP 41 )      29720 bits [Y 32.9958 dB    U 33.5583 dB    V 34.1109 dB] [ET    53 ] [L0 0] [L1 2c 4]
POC    3 LId:  0 TId: 5 ( TRAIL, B-SLICE, QP 41 )      33192 bits [Y 32.5202 dB    U 33.2653 dB    V 33.4562 dB] [ET    60 ] [L0 2c 0] [L1 4 8]
POC    6 LId:  0 TId: 4 ( TRAIL, B-SLICE, QP 40 )      54920 bits [Y 32.1345 dB    U 33.1135 dB    V 33.5540 dB] [ET   103 ] [L0 4c 2 0] [L1 8 16 32]
POC    5 LId:  0 TId: 5 ( TRAIL, B-SLICE, QP 41 )      39560 bits [Y 31.9270 dB    U 32.8448 dB    V 32.9586 dB] [ET    72 ] [L0 4 0] [L1 6c 8]
POC    7 LId:  0 TId: 5 ( TRAIL, B-SLICE, QP 41 )      42640 bits [Y 31.8473 dB    U 32.9091 dB    V 32.9530 dB] [ET    82 ] [L0 6c 4] [L1 8 16]
POC   12 LId:  0 TId: 3 ( TRAIL, B-SLICE, QP 38 )      69472 bits [Y 33.3033 dB    U 33.7511 dB    V 34.2605 dB] [ET    88 ] [L0 8c 4 0] [L1 16 32]
POC   10 LId:  0 TId: 4 ( TRAIL, B-SLICE, QP 40 )      48632 bits [Y 32.6774 dB    U 33.3794 dB    V 33.9621 dB] [ET    75 ] [L0 8 6 4 0] [L1 12c 16 32]
POC    9 LId:  0 TId: 5 ( TRAIL, B-SLICE, QP 41 )      38584 bits [Y 32.2170 dB    U 33.0824 dB    V 33.2061 dB] [ET    72 ] [L0 8 4] [L1 10c 12]
POC   11 LId:  0 TId: 5 ( TRAIL, B-SLICE, QP 41 )      40264 bits [Y 32.1810 dB    U 33.0839 dB    V 33.2267 dB] [ET    73 ] [L0 10c 8] [L1 12 16]
POC   14 LId:  0 TId: 4 ( TRAIL, B-SLICE, QP 40 )      58376 bits [Y 32.2196 dB    U 33.3628 dB    V 33.5128 dB] [ET    77 ] [L0 12c 10 8 0] [L1 16 32]
POC   13 LId:  0 TId: 5 ( TRAIL, B-SLICE, QP 41 )      40744 bits [Y 31.7828 dB    U 32.6797 dB    V 32.8616 dB] [ET    72 ] [L0 12 8] [L1 14c 16]
POC   15 LId:  0 TId: 5 ( TRAIL, B-SLICE, QP 41 )      41928 bits [Y 31.9614 dB    U 32.6453 dB    V 33.1142 dB] [ET    58 ] [L0 14c 12] [L1 16 32]
POC   24 LId:  0 TId: 2 ( TRAIL, B-SLICE, QP 35 )      87248 bits [Y 34.1803 dB    U 34.0206 dB    V 34.2581 dB] [ET   105 ] [L0 16c 8 0] [L1 32]
POC   20 LId:  0 TId: 3 ( TRAIL, B-SLICE, QP 38 )      53552 bits [Y 33.8341 dB    U 33.6848 dB    V 34.5088 dB] [ET    79 ] [L0 16 8 0] [L1 24c 32]
POC   18 LId:  0 TId: 4 ( TRAIL, B-SLICE, QP 40 )      44112 bits [Y 33.0262 dB    U 33.7379 dB    V 34.2047 dB] [ET    65 ] [L0 16 8 0] [L1 20c 24 32]
POC   17 LId:  0 TId: 5 ( TRAIL, B-SLICE, QP 41 )      36864 bits [Y 32.3509 dB    U 33.0807 dB    V 33.6059 dB] [ET    74 ] [L0 16 8] [L1 18c 20]
POC   19 LId:  0 TId: 5 ( TRAIL, B-SLICE, QP 41 )      30912 bits [Y 32.7955 dB    U 33.4188 dB    V 33.6904 dB] [ET    58 ] [L0 18c 16] [L1 20 24]
POC   22 LId:  0 TId: 4 ( TRAIL, B-SLICE, QP 40 )      44576 bits [Y 32.5038 dB    U 33.4180 dB    V 33.7669 dB] [ET    70 ] [L0 20c 16 0] [L1 24 32 18]
POC   21 LId:  0 TId: 5 ( TRAIL, B-SLICE, QP 41 )      29800 bits [Y 32.6590 dB    U 33.3173 dB    V 33.4344 dB] [ET    62 ] [L0 20 16] [L1 22c 24]
POC   23 LId:  0 TId: 5 ( TRAIL, B-SLICE, QP 41 )      33992 bits [Y 32.3944 dB    U 33.0519 dB    V 32.9647 dB] [ET    64 ] [L0 22c 20] [L1 24 32]
POC   28 LId:  0 TId: 3 ( TRAIL, B-SLICE, QP 38 )      58440 bits [Y 33.4747 dB    U 33.9580 dB    V 34.4007 dB] [ET    85 ] [L0 24c 20 16 0] [L1 32]
POC   26 LId:  0 TId: 4 ( TRAIL, B-SLICE, QP 40 )      52040 bits [Y 32.1904 dB    U 33.5491 dB    V 33.5556 dB] [ET    77 ] [L0 24 20 16 0] [L1 28c 32]
POC   25 LId:  0 TId: 5 ( TRAIL, B-SLICE, QP 41 )      42160 bits [Y 31.7995 dB    U 32.9869 dB    V 32.7398 dB] [ET    75 ] [L0 24 20] [L1 26c 28]
POC   27 LId:  0 TId: 5 ( TRAIL, B-SLICE, QP 41 )      37888 bits [Y 32.2266 dB    U 33.1883 dB    V 33.1692 dB] [ET    72 ] [L0 26c 24] [L1 28 32]
POC   30 LId:  0 TId: 4 ( TRAIL, B-SLICE, QP 40 )      51832 bits [Y 32.3435 dB    U 33.1922 dB    V 33.5787 dB] [ET    74 ] [L0 28c 24 16 0] [L1 32]
POC   29 LId:  0 TId: 5 ( TRAIL, B-SLICE, QP 41 )      35416 bits [Y 32.4317 dB    U 32.9283 dB    V 33.1860 dB] [ET    66 ] [L0 28 24] [L1 30c 32]
POC   31 LId:  0 TId: 5 ( TRAIL, B-SLICE, QP 41 )      40392 bits [Y 32.0543 dB    U 32.7628 dB    V 33.1373 dB] [ET    66 ] [L0 30c 28] [L1 32]

LayerId  0
	Total Frames |  Bitrate      Y-PSNR   U-PSNR   V-PSNR   YUV-PSNR 
	33           a  3030.2303    32.8805  33.5314  33.8380  33.0310  

 finished @ Mon Aug 18 18:26:05 2025
 Total Time:     2647.664 sec. [user]     2647.664 sec. [elapsed]
