
VVCSoftware: VTM Encoder Version 23.11 [Windows][VS 1944][64 bit] [SIMD=AVX2] 

TOOL CFG: IBD:1 HAD:1 RDQ:0 RDQTS:0 LQP:0 SQP:0 ASR:1 MinSearchWindow:96 RestrictMESampling:0 FEN:1 ECU:0 FDM:1 ESD:0 TransformSkip:1 TransformSkipFast:1 TransformSkipLog2MaxSize:5 ChromaTS:1 BDPCM:0 Tiles: 1x1 Slices: 1 MCTS:0 SAO:1 ALF:1 CCALF:1 MaxNumALFAPS 8 AlfapsIDShift 0 ConstantJointCbCrSignFlagWPP:0 WPB:0 PME:2  WaveFrontSynchro:0 WaveFrontSubstreams:1 ScalingList:0 TMVPMode:1  DQ:0  SignBitHidingFlag:0 RecalQP:0 
TOOL CFG: LFNST:1 MMVD:1 Affine:1 AffineType:1 AdaptBypassAffineMe:0 PROF:1 SbTMVP:1 DualITree:1 IMV:1 BIO:1 LMChroma:1 HorCollocatedChroma:1 VerCollocatedChroma:0 MTS:1(explicit intra) SBT:1 ISP:1 SMVD:1 CompositeLTReference:0 Bcw:1 BcwFast:1 LADF:0 CIIP:1 Geo:1 AllowDisFracMMVD:1 AffineAmvr:1 AffineAmvrEncOpt:1 AffineAmvp:1 DMVR:1 MmvdDisNum:6 JointCbCr:1 ACT:0 PLT:0 IBC:0 HashME:0 WrapAround:0 VirtualBoundariesEnabledFlag:0 VirtualBoundariesPresentInSPSFlag:1 vertical virtual boundaries:[ ] horizontal virtual boundaries:[ ] Reshape:1 (Signal:SDR Opt:0 CSoffset:6) MRL:1 MIP:1 EncDbOpt:1 AlfLambdaOpt:0 
FAST TOOL CFG: LCTUFast:1 FastMrg:1 MaxMergeRdCandNumTotal:7 MergeRdCandQuotaRegular:4 MergeRdCandQuotaRegularSmallBlk:4 MergeRdCandQuotaSubBlk:2 MergeRdCandQuotaCiip:1 MergeRdCandQuotaGpm:8 PBIntraFast:1 IMV4PelFast:1 MTSMaxCand: 4(intra) 4(inter) ISPFast:0 FastLFNST:0 AMaxBT:1 E0023FastEnc:1 ContentBasedFastQtbt:0 UseNonLinearAlfLuma:1 UseNonLinearAlfChroma:1 MaxNumAlfAlternativesChroma:8 FastMIP:0 TTFastSkip:31 TTFastSkipThr:1.075 FastLocalDualTree:1 RPR:0 TemporalFilter:4/4 SEI CTI:0 BIM:0 SEI FGC:0 SEI processing Order:0 DPF:0 


 started @ Mon Aug 18 19:05:47 2025
POC    0 LId:  0 TId: 0 ( IDR_N_LP, I-SLICE, QP 24 )     485192 bits [Y 39.9466 dB    U 45.0204 dB    V 46.6523 dB] [ET   163 ] [L0] [L1]
POC   32 LId:  0 TId: 0 ( TRAIL, B-SLICE, QP 26 )     347880 bits [Y 39.4008 dB    U 44.2893 dB    V 45.6428 dB] [ET   538 ] [L0 0] [L1 0c]
POC   16 LId:  0 TId: 1 ( STSA, B-SLICE, QP 28 )     181008 bits [Y 39.3941 dB    U 44.5050 dB    V 45.7284 dB] [ET   435 ] [L0 0 32] [L1 32c]
POC    8 LId:  0 TId: 2 ( TRAIL, B-SLICE, QP 29 )     133904 bits [Y 39.1562 dB    U 44.4852 dB    V 45.6036 dB] [ET   375 ] [L0 0 16 32] [L1 16c 32]
POC    4 LId:  0 TId: 3 ( TRAIL, B-SLICE, QP 32 )      81728 bits [Y 39.0309 dB    U 44.3253 dB    V 45.2128 dB] [ET   296 ] [L0 0 8 16] [L1 8c 16 32]
POC    2 LId:  0 TId: 4 ( TRAIL, B-SLICE, QP 34 )      48376 bits [Y 38.9932 dB    U 44.3152 dB    V 45.0222 dB] [ET   219 ] [L0 0 4 8] [L1 4c 8 16 32]
POC    1 LId:  0 TId: 5 ( TRAIL, B-SLICE, QP 36 )      25664 bits [Y 38.9578 dB    U 44.5733 dB    V 45.2206 dB] [ET   102 ] [L0 0] [L1 2c 4]
POC    3 LId:  0 TId: 5 ( TRAIL, B-SLICE, QP 36 )      27848 bits [Y 38.7418 dB    U 44.2052 dB    V 44.7006 dB] [ET   114 ] [L0 2c 0] [L1 4 8]
POC    6 LId:  0 TId: 4 ( TRAIL, B-SLICE, QP 34 )      53824 bits [Y 38.7567 dB    U 44.0976 dB    V 44.6357 dB] [ET   200 ] [L0 4c 2 0] [L1 8 16 32]
POC    5 LId:  0 TId: 5 ( TRAIL, B-SLICE, QP 36 )      29096 bits [Y 38.5767 dB    U 44.1269 dB    V 44.5117 dB] [ET   117 ] [L0 4 0] [L1 6c 8]
POC    7 LId:  0 TId: 5 ( TRAIL, B-SLICE, QP 36 )      28408 bits [Y 38.6007 dB    U 44.1894 dB    V 44.6249 dB] [ET   114 ] [L0 6c 4] [L1 8 16]
POC   12 LId:  0 TId: 3 ( TRAIL, B-SLICE, QP 32 )      72312 bits [Y 39.0369 dB    U 44.3037 dB    V 45.2448 dB] [ET   265 ] [L0 8c 4 0] [L1 16 32]
POC   10 LId:  0 TId: 4 ( TRAIL, B-SLICE, QP 34 )      45880 bits [Y 38.7993 dB    U 44.1745 dB    V 44.7669 dB] [ET   216 ] [L0 8 6 4 0] [L1 12c 16 32]
POC    9 LId:  0 TId: 5 ( TRAIL, B-SLICE, QP 36 )      26280 bits [Y 38.6457 dB    U 44.1937 dB    V 44.7506 dB] [ET   114 ] [L0 8 4] [L1 10c 12]
POC   11 LId:  0 TId: 5 ( TRAIL, B-SLICE, QP 36 )      21304 bits [Y 38.6774 dB    U 44.1465 dB    V 44.7904 dB] [ET   106 ] [L0 10c 8] [L1 12 16]
POC   14 LId:  0 TId: 4 ( TRAIL, B-SLICE, QP 34 )      39160 bits [Y 38.9737 dB    U 44.2653 dB    V 45.0359 dB] [ET   193 ] [L0 12c 10 8 0] [L1 16 32]
POC   13 LId:  0 TId: 5 ( TRAIL, B-SLICE, QP 36 )      18856 bits [Y 38.7814 dB    U 44.1954 dB    V 44.9276 dB] [ET    93 ] [L0 12 8] [L1 14c 16]
POC   15 LId:  0 TId: 5 ( TRAIL, B-SLICE, QP 36 )      18640 bits [Y 38.8950 dB    U 44.2985 dB    V 45.1249 dB] [ET    83 ] [L0 14c 12] [L1 16 32]
POC   24 LId:  0 TId: 2 ( TRAIL, B-SLICE, QP 29 )     150272 bits [Y 39.2723 dB    U 44.2125 dB    V 45.3609 dB] [ET   300 ] [L0 16c 8 0] [L1 32]
POC   20 LId:  0 TId: 3 ( TRAIL, B-SLICE, QP 32 )      77504 bits [Y 39.1903 dB    U 44.2242 dB    V 45.1691 dB] [ET   284 ] [L0 16 8 0] [L1 24c 32]
POC   18 LId:  0 TId: 4 ( TRAIL, B-SLICE, QP 34 )      41888 bits [Y 39.0495 dB    U 44.1329 dB    V 44.9565 dB] [ET   197 ] [L0 16 8 0] [L1 20c 24 32]
POC   17 LId:  0 TId: 5 ( TRAIL, B-SLICE, QP 36 )      18152 bits [Y 38.9641 dB    U 44.2242 dB    V 45.1028 dB] [ET    92 ] [L0 16 8] [L1 18c 20]
POC   19 LId:  0 TId: 5 ( TRAIL, B-SLICE, QP 36 )      18896 bits [Y 38.8596 dB    U 44.1058 dB    V 44.9084 dB] [ET    93 ] [L0 18c 16] [L1 20 24]
POC   22 LId:  0 TId: 4 ( TRAIL, B-SLICE, QP 34 )      45552 bits [Y 38.9626 dB    U 44.0060 dB    V 44.8249 dB] [ET   215 ] [L0 20c 16 0] [L1 24 32 18]
POC   21 LId:  0 TId: 5 ( TRAIL, B-SLICE, QP 36 )      20904 bits [Y 38.8213 dB    U 43.9611 dB    V 44.7630 dB] [ET   105 ] [L0 20 16] [L1 22c 24]
POC   23 LId:  0 TId: 5 ( TRAIL, B-SLICE, QP 36 )      23640 bits [Y 38.8026 dB    U 43.9855 dB    V 44.7779 dB] [ET   105 ] [L0 22c 20] [L1 24 32]
POC   28 LId:  0 TId: 3 ( TRAIL, B-SLICE, QP 32 )     107896 bits [Y 38.9257 dB    U 43.7359 dB    V 44.5838 dB] [ET   322 ] [L0 24c 20 16 0] [L1 32]
POC   26 LId:  0 TId: 4 ( TRAIL, B-SLICE, QP 34 )      55760 bits [Y 38.7590 dB    U 43.6719 dB    V 44.5227 dB] [ET   227 ] [L0 24 20 16 0] [L1 28c 32]
POC   25 LId:  0 TId: 5 ( TRAIL, B-SLICE, QP 36 )      25712 bits [Y 38.6465 dB    U 43.8069 dB    V 44.7007 dB] [ET   110 ] [L0 24 20] [L1 26c 28]
POC   27 LId:  0 TId: 5 ( TRAIL, B-SLICE, QP 36 )      28352 bits [Y 38.4631 dB    U 43.6154 dB    V 44.3945 dB] [ET   116 ] [L0 26c 24] [L1 28 32]
POC   30 LId:  0 TId: 4 ( TRAIL, B-SLICE, QP 34 )      55736 bits [Y 38.7195 dB    U 43.7206 dB    V 44.5732 dB] [ET   201 ] [L0 28c 24 16 0] [L1 32]
POC   29 LId:  0 TId: 5 ( TRAIL, B-SLICE, QP 36 )      26896 bits [Y 38.4215 dB    U 43.6113 dB    V 44.3348 dB] [ET   110 ] [L0 28 24] [L1 30c 32]
POC   31 LId:  0 TId: 5 ( TRAIL, B-SLICE, QP 36 )      25080 bits [Y 38.6028 dB    U 43.8963 dB    V 44.7844 dB] [ET   103 ] [L0 30c 28] [L1 32]

LayerId  0
	Total Frames |  Bitrate      Y-PSNR   U-PSNR   V-PSNR   YUV-PSNR 
	33           a  3647.8788    38.9038  44.1400  44.9683  40.0973  

 finished @ Mon Aug 18 20:51:14 2025
 Total Time:     6326.964 sec. [user]     6326.964 sec. [elapsed]
