
VVCSoftware: VTM Encoder Version 23.11 [Windows][VS 1944][64 bit] [SIMD=AVX2] 

TOOL CFG: IBD:1 HAD:1 RDQ:1 RDQTS:1 LQP:0 SQP:0 ASR:1 MinSearchWindow:96 RestrictMESampling:0 FEN:1 ECU:0 FDM:1 ESD:0 TransformSkip:1 TransformSkipFast:1 TransformSkipLog2MaxSize:5 ChromaTS:1 BDPCM:0 Tiles: 1x1 Slices: 1 MCTS:0 SAO:1 ALF:0 CCALF:0 MaxNumALFAPS 8 AlfapsIDShift 0 ConstantJointCbCrSignFlagWPP:0 WPB:0 PME:2  WaveFrontSynchro:0 WaveFrontSubstreams:1 ScalingList:0 TMVPMode:1  DQ:1  SignBitHidingFlag:0 RecalQP:0 
TOOL CFG: LFNST:1 MMVD:1 Affine:1 AffineType:1 AdaptBypassAffineMe:0 PROF:1 SbTMVP:1 DualITree:1 IMV:1 BIO:1 LMChroma:1 HorCollocatedChroma:1 VerCollocatedChroma:0 MTS:1(explicit intra) SBT:1 ISP:1 SMVD:1 CompositeLTReference:0 Bcw:1 BcwFast:1 LADF:0 CIIP:1 Geo:1 AllowDisFracMMVD:1 AffineAmvr:1 AffineAmvrEncOpt:1 AffineAmvp:1 DMVR:1 MmvdDisNum:6 JointCbCr:1 ACT:0 PLT:0 IBC:0 HashME:0 WrapAround:0 VirtualBoundariesEnabledFlag:0 VirtualBoundariesPresentInSPSFlag:1 vertical virtual boundaries:[ ] horizontal virtual boundaries:[ ] Reshape:1 (Signal:SDR Opt:0 CSoffset:6) MRL:1 MIP:1 EncDbOpt:1 AlfLambdaOpt:0 
FAST TOOL CFG: LCTUFast:1 FastMrg:1 MaxMergeRdCandNumTotal:7 MergeRdCandQuotaRegular:4 MergeRdCandQuotaRegularSmallBlk:4 MergeRdCandQuotaSubBlk:2 MergeRdCandQuotaCiip:1 MergeRdCandQuotaGpm:8 PBIntraFast:1 IMV4PelFast:1 MTSMaxCand: 4(intra) 4(inter) ISPFast:0 FastLFNST:0 AMaxBT:1 E0023FastEnc:1 ContentBasedFastQtbt:0 UseNonLinearAlfLuma:1 UseNonLinearAlfChroma:1 MaxNumAlfAlternativesChroma:8 FastMIP:0 TTFastSkip:31 TTFastSkipThr:1.075 FastLocalDualTree:1 RPR:0 TemporalFilter:4/4 SEI CTI:0 BIM:0 SEI FGC:0 SEI processing Order:0 DPF:0 


 started @ Mon Aug 18 20:36:47 2025
POC    0 LId:  0 TId: 0 ( IDR_N_LP, I-SLICE, QP 24 )    1682528 bits [Y 38.1178 dB    U 41.8297 dB    V 43.8530 dB] [ET   438 ] [L0] [L1]
POC   32 LId:  0 TId: 0 ( TRAIL, B-SLICE, QP 26 )     443296 bits [Y 36.6573 dB    U 41.5453 dB    V 43.6863 dB] [ET   435 ] [L0 0] [L1 0c]
POC   16 LId:  0 TId: 1 ( STSA, B-SLICE, QP 28 )     235848 bits [Y 36.0107 dB    U 41.3728 dB    V 43.5410 dB] [ET   336 ] [L0 0 32] [L1 32c]
POC    8 LId:  0 TId: 2 ( TRAIL, B-SLICE, QP 29 )     155920 bits [Y 35.8515 dB    U 41.2258 dB    V 43.4625 dB] [ET   287 ] [L0 0 16 32] [L1 16c 32]
POC    4 LId:  0 TId: 3 ( TRAIL, B-SLICE, QP 32 )      85000 bits [Y 35.6786 dB    U 41.3172 dB    V 43.5042 dB] [ET   249 ] [L0 0 8 16] [L1 8c 16 32]
POC    2 LId:  0 TId: 4 ( TRAIL, B-SLICE, QP 34 )      28128 bits [Y 35.6359 dB    U 41.3807 dB    V 43.5226 dB] [ET   116 ] [L0 0 4 8] [L1 4c 8 16 32]
POC    1 LId:  0 TId: 5 ( TRAIL, B-SLICE, QP 36 )       7848 bits [Y 35.9679 dB    U 41.6356 dB    V 43.7033 dB] [ET    41 ] [L0 0] [L1 2c 4]
POC    3 LId:  0 TId: 5 ( TRAIL, B-SLICE, QP 36 )      10752 bits [Y 35.3384 dB    U 41.3094 dB    V 43.4756 dB] [ET    49 ] [L0 2c 0] [L1 4 8]
POC    6 LId:  0 TId: 4 ( TRAIL, B-SLICE, QP 34 )      27528 bits [Y 35.5810 dB    U 41.2820 dB    V 43.5311 dB] [ET   116 ] [L0 4c 2 0] [L1 8 16 32]
POC    5 LId:  0 TId: 5 ( TRAIL, B-SLICE, QP 36 )       7744 bits [Y 35.2947 dB    U 41.2532 dB    V 43.4766 dB] [ET    41 ] [L0 4 0] [L1 6c 8]
POC    7 LId:  0 TId: 5 ( TRAIL, B-SLICE, QP 36 )       8624 bits [Y 35.4218 dB    U 41.2214 dB    V 43.4774 dB] [ET    46 ] [L0 6c 4] [L1 8 16]
POC   12 LId:  0 TId: 3 ( TRAIL, B-SLICE, QP 32 )      75072 bits [Y 35.7025 dB    U 41.2972 dB    V 43.5562 dB] [ET   200 ] [L0 8c 4 0] [L1 16 32]
POC   10 LId:  0 TId: 4 ( TRAIL, B-SLICE, QP 34 )      25424 bits [Y 35.3734 dB    U 41.1311 dB    V 43.3711 dB] [ET   117 ] [L0 8 6 4 0] [L1 12c 16 32]
POC    9 LId:  0 TId: 5 ( TRAIL, B-SLICE, QP 36 )      10144 bits [Y 35.3087 dB    U 41.1363 dB    V 43.3795 dB] [ET    50 ] [L0 8 4] [L1 10c 12]
POC   11 LId:  0 TId: 5 ( TRAIL, B-SLICE, QP 36 )       8472 bits [Y 35.2752 dB    U 41.1744 dB    V 43.4483 dB] [ET    45 ] [L0 10c 8] [L1 12 16]
POC   14 LId:  0 TId: 4 ( TRAIL, B-SLICE, QP 34 )      31128 bits [Y 35.4395 dB    U 41.2243 dB    V 43.4371 dB] [ET   147 ] [L0 12c 10 8 0] [L1 16 32]
POC   13 LId:  0 TId: 5 ( TRAIL, B-SLICE, QP 36 )       7088 bits [Y 35.2799 dB    U 41.2296 dB    V 43.4462 dB] [ET    41 ] [L0 12 8] [L1 14c 16]
POC   15 LId:  0 TId: 5 ( TRAIL, B-SLICE, QP 36 )       8896 bits [Y 35.3870 dB    U 41.2604 dB    V 43.4402 dB] [ET    47 ] [L0 14c 12] [L1 16 32]
POC   24 LId:  0 TId: 2 ( TRAIL, B-SLICE, QP 29 )     151816 bits [Y 36.0055 dB    U 41.3043 dB    V 43.5758 dB] [ET   263 ] [L0 16c 8 0] [L1 32]
POC   20 LId:  0 TId: 3 ( TRAIL, B-SLICE, QP 32 )      80104 bits [Y 35.6632 dB    U 41.2562 dB    V 43.5075 dB] [ET   212 ] [L0 16 8 0] [L1 24c 32]
POC   18 LId:  0 TId: 4 ( TRAIL, B-SLICE, QP 34 )      27088 bits [Y 35.4971 dB    U 41.2465 dB    V 43.4361 dB] [ET   123 ] [L0 16 8 0] [L1 20c 24 32]
POC   17 LId:  0 TId: 5 ( TRAIL, B-SLICE, QP 36 )       9584 bits [Y 35.4036 dB    U 41.2854 dB    V 43.4507 dB] [ET    42 ] [L0 16 8] [L1 18c 20]
POC   19 LId:  0 TId: 5 ( TRAIL, B-SLICE, QP 36 )       9920 bits [Y 35.2458 dB    U 41.2124 dB    V 43.4136 dB] [ET    43 ] [L0 18c 16] [L1 20 24]
POC   22 LId:  0 TId: 4 ( TRAIL, B-SLICE, QP 34 )      30344 bits [Y 35.4504 dB    U 41.1706 dB    V 43.4345 dB] [ET   116 ] [L0 20c 16 0] [L1 24 32 18]
POC   21 LId:  0 TId: 5 ( TRAIL, B-SLICE, QP 36 )       9160 bits [Y 35.2644 dB    U 41.2013 dB    V 43.4264 dB] [ET    47 ] [L0 20 16] [L1 22c 24]
POC   23 LId:  0 TId: 5 ( TRAIL, B-SLICE, QP 36 )       9200 bits [Y 35.4436 dB    U 41.1682 dB    V 43.3827 dB] [ET    47 ] [L0 22c 20] [L1 24 32]
POC   28 LId:  0 TId: 3 ( TRAIL, B-SLICE, QP 32 )      71352 bits [Y 35.8108 dB    U 41.2279 dB    V 43.4269 dB] [ET   200 ] [L0 24c 20 16 0] [L1 32]
POC   26 LId:  0 TId: 4 ( TRAIL, B-SLICE, QP 34 )      33024 bits [Y 35.3739 dB    U 41.1762 dB    V 43.4683 dB] [ET   132 ] [L0 24 20 16 0] [L1 28c 32]
POC   25 LId:  0 TId: 5 ( TRAIL, B-SLICE, QP 36 )       8472 bits [Y 35.4550 dB    U 41.1732 dB    V 43.4375 dB] [ET    42 ] [L0 24 20] [L1 26c 28]
POC   27 LId:  0 TId: 5 ( TRAIL, B-SLICE, QP 36 )      10320 bits [Y 35.2325 dB    U 41.1502 dB    V 43.4140 dB] [ET    48 ] [L0 26c 24] [L1 28 32]
POC   30 LId:  0 TId: 4 ( TRAIL, B-SLICE, QP 34 )      34512 bits [Y 35.4961 dB    U 41.3599 dB    V 43.5413 dB] [ET   112 ] [L0 28c 24 16 0] [L1 32]
POC   29 LId:  0 TId: 5 ( TRAIL, B-SLICE, QP 36 )      10256 bits [Y 35.2659 dB    U 41.1635 dB    V 43.3585 dB] [ET    51 ] [L0 28 24] [L1 30c 32]
POC   31 LId:  0 TId: 5 ( TRAIL, B-SLICE, QP 36 )       7720 bits [Y 35.5995 dB    U 41.3791 dB    V 43.5086 dB] [ET    39 ] [L0 30c 28] [L1 32]

LayerId  0
	Total Frames |  Bitrate      Y-PSNR   U-PSNR   V-PSNR   YUV-PSNR 
	33           a  6113.2945    35.6221  41.2819  43.4877  36.9086  

 finished @ Mon Aug 18 21:48:46 2025
 Total Time:     4318.771 sec. [user]     4318.771 sec. [elapsed]
