
VVCSoftware: VTM Encoder Version 23.11 [Windows][VS 1944][64 bit] [SIMD=AVX2] 

TOOL CFG: IBD:1 HAD:1 RDQ:1 RDQTS:1 LQP:0 SQP:0 ASR:1 MinSearchWindow:96 RestrictMESampling:0 FEN:1 ECU:0 FDM:1 ESD:0 TransformSkip:1 TransformSkipFast:1 TransformSkipLog2MaxSize:5 ChromaTS:1 BDPCM:0 Tiles: 1x1 Slices: 1 MCTS:0 SAO:1 ALF:1 CCALF:1 MaxNumALFAPS 8 AlfapsIDShift 0 ConstantJointCbCrSignFlagWPP:0 WPB:0 PME:2  WaveFrontSynchro:0 WaveFrontSubstreams:1 ScalingList:0 TMVPMode:1  DQ:1  SignBitHidingFlag:0 RecalQP:0 
TOOL CFG: LFNST:1 MMVD:1 Affine:1 AffineType:1 AdaptBypassAffineMe:0 PROF:1 SbTMVP:1 DualITree:1 IMV:1 BIO:1 LMChroma:1 HorCollocatedChroma:1 VerCollocatedChroma:0 MTS:1(explicit intra) SBT:1 ISP:1 SMVD:1 CompositeLTReference:0 Bcw:1 BcwFast:1 LADF:0 CIIP:1 Geo:1 AllowDisFracMMVD:1 AffineAmvr:1 AffineAmvrEncOpt:1 AffineAmvp:1 DMVR:1 MmvdDisNum:6 JointCbCr:1 ACT:0 PLT:0 IBC:0 HashME:0 WrapAround:0 VirtualBoundariesEnabledFlag:0 VirtualBoundariesPresentInSPSFlag:1 vertical virtual boundaries:[ ] horizontal virtual boundaries:[ ] Reshape:1 (Signal:SDR Opt:0 CSoffset:6) MRL:1 MIP:1 EncDbOpt:1 AlfLambdaOpt:0 
FAST TOOL CFG: LCTUFast:1 FastMrg:1 MaxMergeRdCandNumTotal:7 MergeRdCandQuotaRegular:4 MergeRdCandQuotaRegularSmallBlk:4 MergeRdCandQuotaSubBlk:2 MergeRdCandQuotaCiip:1 MergeRdCandQuotaGpm:8 PBIntraFast:1 IMV4PelFast:1 MTSMaxCand: 4(intra) 4(inter) ISPFast:0 FastLFNST:0 AMaxBT:1 E0023FastEnc:1 ContentBasedFastQtbt:0 UseNonLinearAlfLuma:1 UseNonLinearAlfChroma:1 MaxNumAlfAlternativesChroma:8 FastMIP:0 TTFastSkip:31 TTFastSkipThr:1.075 FastLocalDualTree:1 RPR:0 TemporalFilter:4/4 SEI CTI:0 BIM:0 SEI FGC:0 SEI processing Order:0 DPF:0 


 started @ Tue Aug 19 02:21:03 2025
POC    0 LId:  0 TId: 0 ( IDR_N_LP, I-SLICE, QP 24 )     444432 bits [Y 39.8761 dB    U 44.9419 dB    V 46.4818 dB] [ET   216 ] [L0] [L1]
POC   32 LId:  0 TId: 0 ( TRAIL, B-SLICE, QP 26 )     345384 bits [Y 39.5293 dB    U 44.4496 dB    V 45.9138 dB] [ET   654 ] [L0 0] [L1 0c]
POC   16 LId:  0 TId: 1 ( STSA, B-SLICE, QP 28 )     176920 bits [Y 39.4830 dB    U 44.6664 dB    V 45.9469 dB] [ET   490 ] [L0 0 32] [L1 32c]
POC    8 LId:  0 TId: 2 ( TRAIL, B-SLICE, QP 29 )     130560 bits [Y 39.2404 dB    U 44.5825 dB    V 45.7747 dB] [ET   422 ] [L0 0 16 32] [L1 16c 32]
POC    4 LId:  0 TId: 3 ( TRAIL, B-SLICE, QP 32 )      80520 bits [Y 39.0900 dB    U 44.4091 dB    V 45.3874 dB] [ET   340 ] [L0 0 8 16] [L1 8c 16 32]
POC    2 LId:  0 TId: 4 ( TRAIL, B-SLICE, QP 34 )      47576 bits [Y 39.0321 dB    U 44.3570 dB    V 45.1405 dB] [ET   241 ] [L0 0 4 8] [L1 4c 8 16 32]
POC    1 LId:  0 TId: 5 ( TRAIL, B-SLICE, QP 36 )      25584 bits [Y 38.9831 dB    U 44.4983 dB    V 45.2821 dB] [ET    99 ] [L0 0] [L1 2c 4]
POC    3 LId:  0 TId: 5 ( TRAIL, B-SLICE, QP 36 )      27544 bits [Y 38.7693 dB    U 44.2055 dB    V 44.8015 dB] [ET   103 ] [L0 2c 0] [L1 4 8]
POC    6 LId:  0 TId: 4 ( TRAIL, B-SLICE, QP 34 )      52944 bits [Y 38.8180 dB    U 44.1522 dB    V 44.7697 dB] [ET   234 ] [L0 4c 2 0] [L1 8 16 32]
POC    5 LId:  0 TId: 5 ( TRAIL, B-SLICE, QP 36 )      28632 bits [Y 38.6069 dB    U 44.1690 dB    V 44.5653 dB] [ET   123 ] [L0 4 0] [L1 6c 8]
POC    7 LId:  0 TId: 5 ( TRAIL, B-SLICE, QP 36 )      28240 bits [Y 38.6725 dB    U 44.2554 dB    V 44.7558 dB] [ET   126 ] [L0 6c 4] [L1 8 16]
POC   12 LId:  0 TId: 3 ( TRAIL, B-SLICE, QP 32 )      72192 bits [Y 39.1289 dB    U 44.3596 dB    V 45.3777 dB] [ET   300 ] [L0 8c 4 0] [L1 16 32]
POC   10 LId:  0 TId: 4 ( TRAIL, B-SLICE, QP 34 )      45976 bits [Y 38.8943 dB    U 44.1934 dB    V 44.9479 dB] [ET   243 ] [L0 8 6 4 0] [L1 12c 16 32]
POC    9 LId:  0 TId: 5 ( TRAIL, B-SLICE, QP 36 )      25776 bits [Y 38.7105 dB    U 44.2131 dB    V 44.8500 dB] [ET   123 ] [L0 8 4] [L1 10c 12]
POC   11 LId:  0 TId: 5 ( TRAIL, B-SLICE, QP 36 )      21496 bits [Y 38.7595 dB    U 44.1364 dB    V 44.9053 dB] [ET   113 ] [L0 10c 8] [L1 12 16]
POC   14 LId:  0 TId: 4 ( TRAIL, B-SLICE, QP 34 )      37400 bits [Y 39.0454 dB    U 44.2919 dB    V 45.1787 dB] [ET   198 ] [L0 12c 10 8 0] [L1 16 32]
POC   13 LId:  0 TId: 5 ( TRAIL, B-SLICE, QP 36 )      18712 bits [Y 38.8428 dB    U 44.2263 dB    V 44.9972 dB] [ET   102 ] [L0 12 8] [L1 14c 16]
POC   15 LId:  0 TId: 5 ( TRAIL, B-SLICE, QP 36 )      18576 bits [Y 38.9624 dB    U 44.3563 dB    V 45.2297 dB] [ET    99 ] [L0 14c 12] [L1 16 32]
POC   24 LId:  0 TId: 2 ( TRAIL, B-SLICE, QP 29 )     148632 bits [Y 39.3915 dB    U 44.3341 dB    V 45.5508 dB] [ET   395 ] [L0 16c 8 0] [L1 32]
POC   20 LId:  0 TId: 3 ( TRAIL, B-SLICE, QP 32 )      75368 bits [Y 39.2812 dB    U 44.3133 dB    V 45.3708 dB] [ET   300 ] [L0 16 8 0] [L1 24c 32]
POC   18 LId:  0 TId: 4 ( TRAIL, B-SLICE, QP 34 )      40544 bits [Y 39.1249 dB    U 44.2766 dB    V 45.0971 dB] [ET   216 ] [L0 16 8 0] [L1 20c 24 32]
POC   17 LId:  0 TId: 5 ( TRAIL, B-SLICE, QP 36 )      17888 bits [Y 39.0251 dB    U 44.3778 dB    V 45.1886 dB] [ET   100 ] [L0 16 8] [L1 18c 20]
POC   19 LId:  0 TId: 5 ( TRAIL, B-SLICE, QP 36 )      18752 bits [Y 38.9310 dB    U 44.1864 dB    V 45.0642 dB] [ET   101 ] [L0 18c 16] [L1 20 24]
POC   22 LId:  0 TId: 4 ( TRAIL, B-SLICE, QP 34 )      44160 bits [Y 39.0362 dB    U 44.0297 dB    V 44.9442 dB] [ET   223 ] [L0 20c 16 0] [L1 24 32 18]
POC   21 LId:  0 TId: 5 ( TRAIL, B-SLICE, QP 36 )      20192 bits [Y 38.8844 dB    U 44.0579 dB    V 44.8447 dB] [ET   103 ] [L0 20 16] [L1 22c 24]
POC   23 LId:  0 TId: 5 ( TRAIL, B-SLICE, QP 36 )      23024 bits [Y 38.8790 dB    U 44.0372 dB    V 44.9391 dB] [ET   116 ] [L0 22c 20] [L1 24 32]
POC   28 LId:  0 TId: 3 ( TRAIL, B-SLICE, QP 32 )     106200 bits [Y 39.0546 dB    U 43.8783 dB    V 44.7680 dB] [ET   353 ] [L0 24c 20 16 0] [L1 32]
POC   26 LId:  0 TId: 4 ( TRAIL, B-SLICE, QP 34 )      55168 bits [Y 38.8604 dB    U 43.8230 dB    V 44.6576 dB] [ET   238 ] [L0 24 20 16 0] [L1 28c 32]
POC   25 LId:  0 TId: 5 ( TRAIL, B-SLICE, QP 36 )      26160 bits [Y 38.7460 dB    U 43.9574 dB    V 44.7772 dB] [ET   114 ] [L0 24 20] [L1 26c 28]
POC   27 LId:  0 TId: 5 ( TRAIL, B-SLICE, QP 36 )      27952 bits [Y 38.5566 dB    U 43.7886 dB    V 44.4488 dB] [ET   118 ] [L0 26c 24] [L1 28 32]
POC   30 LId:  0 TId: 4 ( TRAIL, B-SLICE, QP 34 )      54352 bits [Y 38.8172 dB    U 43.8571 dB    V 44.7239 dB] [ET   213 ] [L0 28c 24 16 0] [L1 32]
POC   29 LId:  0 TId: 5 ( TRAIL, B-SLICE, QP 36 )      26280 bits [Y 38.5099 dB    U 43.7144 dB    V 44.4711 dB] [ET   109 ] [L0 28 24] [L1 30c 32]
POC   31 LId:  0 TId: 5 ( TRAIL, B-SLICE, QP 36 )      24784 bits [Y 38.6974 dB    U 44.0538 dB    V 44.9249 dB] [ET   108 ] [L0 30c 28] [L1 32]

LayerId  0
	Total Frames |  Bitrate      Y-PSNR   U-PSNR   V-PSNR   YUV-PSNR 
	33           a  3542.3030    38.9770  44.2167  45.0932  40.1742  

 finished @ Tue Aug 19 04:18:21 2025
 Total Time:     7038.010 sec. [user]     7038.009 sec. [elapsed]
