
VVCSoftware: VTM Encoder Version 23.11 [Windows][VS 1944][64 bit] [SIMD=AVX2] 

TOOL CFG: IBD:1 HAD:1 RDQ:1 RDQTS:1 LQP:0 SQP:0 ASR:1 MinSearchWindow:96 RestrictMESampling:0 FEN:1 ECU:0 FDM:1 ESD:0 TransformSkip:1 TransformSkipFast:1 TransformSkipLog2MaxSize:5 ChromaTS:1 BDPCM:0 Tiles: 1x1 Slices: 1 MCTS:0 SAO:1 ALF:1 CCALF:1 MaxNumALFAPS 8 AlfapsIDShift 0 ConstantJointCbCrSignFlagWPP:0 WPB:0 PME:2  WaveFrontSynchro:0 WaveFrontSubstreams:1 ScalingList:0 TMVPMode:1  DQ:1  SignBitHidingFlag:0 RecalQP:0 
TOOL CFG: LFNST:1 MMVD:1 Affine:1 AffineType:1 AdaptBypassAffineMe:0 PROF:1 SbTMVP:1 DualITree:1 IMV:1 BIO:1 LMChroma:1 HorCollocatedChroma:1 VerCollocatedChroma:0 MTS:1(explicit intra) SBT:1 ISP:1 SMVD:1 CompositeLTReference:0 Bcw:1 BcwFast:1 LADF:0 CIIP:1 Geo:1 AllowDisFracMMVD:1 AffineAmvr:1 AffineAmvrEncOpt:1 AffineAmvp:1 DMVR:1 MmvdDisNum:6 JointCbCr:1 ACT:0 PLT:0 IBC:0 HashME:0 WrapAround:0 VirtualBoundariesEnabledFlag:0 VirtualBoundariesPresentInSPSFlag:1 vertical virtual boundaries:[ ] horizontal virtual boundaries:[ ] Reshape:1 (Signal:SDR Opt:0 CSoffset:6) MRL:1 MIP:1 EncDbOpt:1 AlfLambdaOpt:0 
FAST TOOL CFG: LCTUFast:1 FastMrg:1 MaxMergeRdCandNumTotal:7 MergeRdCandQuotaRegular:4 MergeRdCandQuotaRegularSmallBlk:4 MergeRdCandQuotaSubBlk:2 MergeRdCandQuotaCiip:1 MergeRdCandQuotaGpm:8 PBIntraFast:1 IMV4PelFast:1 MTSMaxCand: 4(intra) 4(inter) ISPFast:0 FastLFNST:0 AMaxBT:1 E0023FastEnc:1 ContentBasedFastQtbt:0 UseNonLinearAlfLuma:1 UseNonLinearAlfChroma:1 MaxNumAlfAlternativesChroma:8 FastMIP:0 TTFastSkip:31 TTFastSkipThr:1.075 FastLocalDualTree:1 RPR:0 TemporalFilter:4/4 SEI CTI:0 BIM:0 SEI FGC:0 SEI processing Order:0 DPF:0 


 started @ Mon Aug 18 20:50:19 2025
POC    0 LId:  0 TId: 0 ( IDR_N_LP, I-SLICE, QP 19 )    2974272 bits [Y 41.4115 dB    U 43.8164 dB    V 45.7314 dB] [ET   482 ] [L0] [L1]
POC   32 LId:  0 TId: 0 ( TRAIL, B-SLICE, QP 21 )    1356384 bits [Y 39.3288 dB    U 43.2001 dB    V 45.4108 dB] [ET   704 ] [L0 0] [L1 0c]
POC   16 LId:  0 TId: 1 ( STSA, B-SLICE, QP 22 )    1018504 bits [Y 38.7825 dB    U 43.1365 dB    V 45.3622 dB] [ET   655 ] [L0 0 32] [L1 32c]
POC    8 LId:  0 TId: 2 ( TRAIL, B-SLICE, QP 23 )     821408 bits [Y 38.7381 dB    U 43.0207 dB    V 45.3150 dB] [ET   616 ] [L0 0 16 32] [L1 16c 32]
POC    4 LId:  0 TId: 3 ( TRAIL, B-SLICE, QP 26 )     732280 bits [Y 39.1181 dB    U 43.0666 dB    V 45.3656 dB] [ET   534 ] [L0 0 8 16] [L1 8c 16 32]
POC    2 LId:  0 TId: 4 ( TRAIL, B-SLICE, QP 28 )     272136 bits [Y 37.6281 dB    U 43.2246 dB    V 45.4117 dB] [ET   403 ] [L0 0 4 8] [L1 4c 8 16 32]
POC    1 LId:  0 TId: 5 ( TRAIL, B-SLICE, QP 29 )     108736 bits [Y 37.2288 dB    U 43.5291 dB    V 45.5962 dB] [ET   193 ] [L0 0] [L1 2c 4]
POC    3 LId:  0 TId: 5 ( TRAIL, B-SLICE, QP 29 )     155360 bits [Y 37.0506 dB    U 43.1559 dB    V 45.3780 dB] [ET   238 ] [L0 2c 0] [L1 4 8]
POC    6 LId:  0 TId: 4 ( TRAIL, B-SLICE, QP 28 )     299856 bits [Y 37.6312 dB    U 43.0155 dB    V 45.3325 dB] [ET   401 ] [L0 4c 2 0] [L1 8 16 32]
POC    5 LId:  0 TId: 5 ( TRAIL, B-SLICE, QP 29 )     153704 bits [Y 37.0435 dB    U 43.0218 dB    V 45.2795 dB] [ET   222 ] [L0 4 0] [L1 6c 8]
POC    7 LId:  0 TId: 5 ( TRAIL, B-SLICE, QP 29 )     121448 bits [Y 37.0386 dB    U 43.0513 dB    V 45.3565 dB] [ET   223 ] [L0 6c 4] [L1 8 16]
POC   12 LId:  0 TId: 3 ( TRAIL, B-SLICE, QP 26 )     717816 bits [Y 39.1118 dB    U 43.0478 dB    V 45.3352 dB] [ET   527 ] [L0 8c 4 0] [L1 16 32]
POC   10 LId:  0 TId: 4 ( TRAIL, B-SLICE, QP 28 )     284696 bits [Y 37.6028 dB    U 42.9307 dB    V 45.2339 dB] [ET   405 ] [L0 8 6 4 0] [L1 12c 16 32]
POC    9 LId:  0 TId: 5 ( TRAIL, B-SLICE, QP 29 )     136784 bits [Y 37.0572 dB    U 42.9938 dB    V 45.2969 dB] [ET   236 ] [L0 8 4] [L1 10c 12]
POC   11 LId:  0 TId: 5 ( TRAIL, B-SLICE, QP 29 )     151720 bits [Y 37.0405 dB    U 42.9895 dB    V 45.2874 dB] [ET   239 ] [L0 10c 8] [L1 12 16]
POC   14 LId:  0 TId: 4 ( TRAIL, B-SLICE, QP 28 )     307272 bits [Y 37.6060 dB    U 42.9651 dB    V 45.2451 dB] [ET   417 ] [L0 12c 10 8 0] [L1 16 32]
POC   13 LId:  0 TId: 5 ( TRAIL, B-SLICE, QP 29 )     137544 bits [Y 37.0181 dB    U 43.0063 dB    V 45.2760 dB] [ET   213 ] [L0 12 8] [L1 14c 16]
POC   15 LId:  0 TId: 5 ( TRAIL, B-SLICE, QP 29 )     132128 bits [Y 37.0713 dB    U 43.0961 dB    V 45.3102 dB] [ET   247 ] [L0 14c 12] [L1 16 32]
POC   24 LId:  0 TId: 2 ( TRAIL, B-SLICE, QP 23 )     794952 bits [Y 38.7666 dB    U 43.0935 dB    V 45.4111 dB] [ET   540 ] [L0 16c 8 0] [L1 32]
POC   20 LId:  0 TId: 3 ( TRAIL, B-SLICE, QP 26 )     725576 bits [Y 39.1090 dB    U 43.0486 dB    V 45.3384 dB] [ET   520 ] [L0 16 8 0] [L1 24c 32]
POC   18 LId:  0 TId: 4 ( TRAIL, B-SLICE, QP 28 )     283736 bits [Y 37.6065 dB    U 43.0511 dB    V 45.2867 dB] [ET   412 ] [L0 16 8 0] [L1 20c 24 32]
POC   17 LId:  0 TId: 5 ( TRAIL, B-SLICE, QP 29 )     129728 bits [Y 37.0864 dB    U 43.0986 dB    V 45.3220 dB] [ET   242 ] [L0 16 8] [L1 18c 20]
POC   19 LId:  0 TId: 5 ( TRAIL, B-SLICE, QP 29 )     153816 bits [Y 37.0459 dB    U 43.0322 dB    V 45.2682 dB] [ET   238 ] [L0 18c 16] [L1 20 24]
POC   22 LId:  0 TId: 4 ( TRAIL, B-SLICE, QP 28 )     307056 bits [Y 37.5937 dB    U 42.9582 dB    V 45.2672 dB] [ET   374 ] [L0 20c 16 0] [L1 24 32 18]
POC   21 LId:  0 TId: 5 ( TRAIL, B-SLICE, QP 29 )     158248 bits [Y 37.0404 dB    U 43.0303 dB    V 45.2889 dB] [ET   207 ] [L0 20 16] [L1 22c 24]
POC   23 LId:  0 TId: 5 ( TRAIL, B-SLICE, QP 29 )     121488 bits [Y 37.0531 dB    U 43.0254 dB    V 45.2792 dB] [ET   218 ] [L0 22c 20] [L1 24 32]
POC   28 LId:  0 TId: 3 ( TRAIL, B-SLICE, QP 26 )     693024 bits [Y 39.0923 dB    U 42.9785 dB    V 45.2939 dB] [ET   430 ] [L0 24c 20 16 0] [L1 32]
POC   26 LId:  0 TId: 4 ( TRAIL, B-SLICE, QP 28 )     312280 bits [Y 37.5880 dB    U 42.9779 dB    V 45.2962 dB] [ET   322 ] [L0 24 20 16 0] [L1 28c 32]
POC   25 LId:  0 TId: 5 ( TRAIL, B-SLICE, QP 29 )     114168 bits [Y 37.0556 dB    U 43.0300 dB    V 45.3155 dB] [ET   205 ] [L0 24 20] [L1 26c 28]
POC   27 LId:  0 TId: 5 ( TRAIL, B-SLICE, QP 29 )     159640 bits [Y 37.0309 dB    U 42.9425 dB    V 45.2680 dB] [ET   187 ] [L0 26c 24] [L1 28 32]
POC   30 LId:  0 TId: 4 ( TRAIL, B-SLICE, QP 28 )     300736 bits [Y 37.6034 dB    U 43.0557 dB    V 45.3241 dB] [ET   305 ] [L0 28c 24 16 0] [L1 32]
POC   29 LId:  0 TId: 5 ( TRAIL, B-SLICE, QP 29 )     157416 bits [Y 37.0318 dB    U 42.9824 dB    V 45.2284 dB] [ET   203 ] [L0 28 24] [L1 30c 32]
POC   31 LId:  0 TId: 5 ( TRAIL, B-SLICE, QP 29 )     113192 bits [Y 37.0849 dB    U 43.1034 dB    V 45.3509 dB] [ET   199 ] [L0 30c 28] [L1 32]

LayerId  0
	Total Frames |  Bitrate      Y-PSNR   U-PSNR   V-PSNR   YUV-PSNR 
	33           a  26194.7345   37.7968  43.0811  45.3352  38.9785  

 finished @ Tue Aug 19 00:02:57 2025
 Total Time:    11558.440 sec. [user]    11558.440 sec. [elapsed]
