
VVCSoftware: VTM Encoder Version 23.11 [Windows][VS 1944][64 bit] [SIMD=AVX2] 

TOOL CFG: IBD:1 HAD:1 RDQ:1 RDQTS:1 LQP:0 SQP:0 ASR:1 MinSearchWindow:96 RestrictMESampling:0 FEN:1 ECU:0 FDM:1 ESD:0 TransformSkip:1 TransformSkipFast:1 TransformSkipLog2MaxSize:5 ChromaTS:1 BDPCM:0 Tiles: 1x1 Slices: 1 MCTS:0 SAO:1 ALF:0 CCALF:0 MaxNumALFAPS 8 AlfapsIDShift 0 ConstantJointCbCrSignFlagWPP:0 WPB:0 PME:2  WaveFrontSynchro:0 WaveFrontSubstreams:1 ScalingList:0 TMVPMode:1  DQ:1  SignBitHidingFlag:0 RecalQP:0 
TOOL CFG: LFNST:1 MMVD:1 Affine:1 AffineType:1 AdaptBypassAffineMe:0 PROF:1 SbTMVP:1 DualITree:1 IMV:1 BIO:1 LMChroma:1 HorCollocatedChroma:1 VerCollocatedChroma:0 MTS:1(explicit intra) SBT:1 ISP:1 SMVD:1 CompositeLTReference:0 Bcw:1 BcwFast:1 LADF:0 CIIP:1 Geo:1 AllowDisFracMMVD:1 AffineAmvr:1 AffineAmvrEncOpt:1 AffineAmvp:1 DMVR:1 MmvdDisNum:6 JointCbCr:1 ACT:0 PLT:0 IBC:0 HashME:0 WrapAround:0 VirtualBoundariesEnabledFlag:0 VirtualBoundariesPresentInSPSFlag:1 vertical virtual boundaries:[ ] horizontal virtual boundaries:[ ] Reshape:1 (Signal:SDR Opt:0 CSoffset:6) MRL:1 MIP:1 EncDbOpt:1 AlfLambdaOpt:0 
FAST TOOL CFG: LCTUFast:1 FastMrg:1 MaxMergeRdCandNumTotal:7 MergeRdCandQuotaRegular:4 MergeRdCandQuotaRegularSmallBlk:4 MergeRdCandQuotaSubBlk:2 MergeRdCandQuotaCiip:1 MergeRdCandQuotaGpm:8 PBIntraFast:1 IMV4PelFast:1 MTSMaxCand: 4(intra) 4(inter) ISPFast:0 FastLFNST:0 AMaxBT:1 E0023FastEnc:1 ContentBasedFastQtbt:0 UseNonLinearAlfLuma:1 UseNonLinearAlfChroma:1 MaxNumAlfAlternativesChroma:8 FastMIP:0 TTFastSkip:31 TTFastSkipThr:1.075 FastLocalDualTree:1 RPR:0 TemporalFilter:4/4 SEI CTI:0 BIM:0 SEI FGC:0 SEI processing Order:0 DPF:0 


 started @ Mon Aug 18 20:51:14 2025
POC    0 LId:  0 TId: 0 ( IDR_N_LP, I-SLICE, QP 19 )    2970448 bits [Y 41.1678 dB    U 43.6555 dB    V 45.5562 dB] [ET   495 ] [L0] [L1]
POC   32 LId:  0 TId: 0 ( TRAIL, B-SLICE, QP 21 )    1321552 bits [Y 39.1903 dB    U 42.9290 dB    V 45.0938 dB] [ET   704 ] [L0 0] [L1 0c]
POC   16 LId:  0 TId: 1 ( STSA, B-SLICE, QP 22 )     993304 bits [Y 38.6801 dB    U 42.8413 dB    V 44.9708 dB] [ET   652 ] [L0 0 32] [L1 32c]
POC    8 LId:  0 TId: 2 ( TRAIL, B-SLICE, QP 23 )     809296 bits [Y 38.6646 dB    U 42.5966 dB    V 44.8153 dB] [ET   614 ] [L0 0 16 32] [L1 16c 32]
POC    4 LId:  0 TId: 3 ( TRAIL, B-SLICE, QP 26 )     729320 bits [Y 39.0714 dB    U 42.6436 dB    V 44.8644 dB] [ET   539 ] [L0 0 8 16] [L1 8c 16 32]
POC    2 LId:  0 TId: 4 ( TRAIL, B-SLICE, QP 28 )     272208 bits [Y 37.5846 dB    U 42.7078 dB    V 44.9114 dB] [ET   406 ] [L0 0 4 8] [L1 4c 8 16 32]
POC    1 LId:  0 TId: 5 ( TRAIL, B-SLICE, QP 29 )     110408 bits [Y 37.1724 dB    U 43.1616 dB    V 45.2195 dB] [ET   195 ] [L0 0] [L1 2c 4]
POC    3 LId:  0 TId: 5 ( TRAIL, B-SLICE, QP 29 )     160360 bits [Y 37.0091 dB    U 42.5662 dB    V 44.7998 dB] [ET   247 ] [L0 2c 0] [L1 4 8]
POC    6 LId:  0 TId: 4 ( TRAIL, B-SLICE, QP 28 )     294624 bits [Y 37.5581 dB    U 42.5625 dB    V 44.8918 dB] [ET   394 ] [L0 4c 2 0] [L1 8 16 32]
POC    5 LId:  0 TId: 5 ( TRAIL, B-SLICE, QP 29 )     159344 bits [Y 36.9772 dB    U 42.4723 dB    V 44.7656 dB] [ET   230 ] [L0 4 0] [L1 6c 8]
POC    7 LId:  0 TId: 5 ( TRAIL, B-SLICE, QP 29 )     127952 bits [Y 36.9872 dB    U 42.5146 dB    V 44.8094 dB] [ET   227 ] [L0 6c 4] [L1 8 16]
POC   12 LId:  0 TId: 3 ( TRAIL, B-SLICE, QP 26 )     712272 bits [Y 39.0604 dB    U 42.6608 dB    V 44.9656 dB] [ET   531 ] [L0 8c 4 0] [L1 16 32]
POC   10 LId:  0 TId: 4 ( TRAIL, B-SLICE, QP 28 )     287216 bits [Y 37.5488 dB    U 42.4039 dB    V 44.6939 dB] [ET   418 ] [L0 8 6 4 0] [L1 12c 16 32]
POC    9 LId:  0 TId: 5 ( TRAIL, B-SLICE, QP 29 )     142960 bits [Y 37.0146 dB    U 42.4057 dB    V 44.6840 dB] [ET   248 ] [L0 8 4] [L1 10c 12]
POC   11 LId:  0 TId: 5 ( TRAIL, B-SLICE, QP 29 )     154008 bits [Y 36.9675 dB    U 42.4431 dB    V 44.7766 dB] [ET   255 ] [L0 10c 8] [L1 12 16]
POC   14 LId:  0 TId: 4 ( TRAIL, B-SLICE, QP 28 )     308104 bits [Y 37.5396 dB    U 42.5126 dB    V 44.7349 dB] [ET   415 ] [L0 12c 10 8 0] [L1 16 32]
POC   13 LId:  0 TId: 5 ( TRAIL, B-SLICE, QP 29 )     143064 bits [Y 36.9523 dB    U 42.4942 dB    V 44.7629 dB] [ET   220 ] [L0 12 8] [L1 14c 16]
POC   15 LId:  0 TId: 5 ( TRAIL, B-SLICE, QP 29 )     137136 bits [Y 37.0195 dB    U 42.5922 dB    V 44.7740 dB] [ET   243 ] [L0 14c 12] [L1 16 32]
POC   24 LId:  0 TId: 2 ( TRAIL, B-SLICE, QP 23 )     783312 bits [Y 38.7028 dB    U 42.7150 dB    V 44.9626 dB] [ET   538 ] [L0 16c 8 0] [L1 32]
POC   20 LId:  0 TId: 3 ( TRAIL, B-SLICE, QP 26 )     725216 bits [Y 39.0782 dB    U 42.5826 dB    V 44.8768 dB] [ET   526 ] [L0 16 8 0] [L1 24c 32]
POC   18 LId:  0 TId: 4 ( TRAIL, B-SLICE, QP 28 )     287464 bits [Y 37.5678 dB    U 42.5393 dB    V 44.7403 dB] [ET   415 ] [L0 16 8 0] [L1 20c 24 32]
POC   17 LId:  0 TId: 5 ( TRAIL, B-SLICE, QP 29 )     134904 bits [Y 37.0465 dB    U 42.5906 dB    V 44.7817 dB] [ET   249 ] [L0 16 8] [L1 18c 20]
POC   19 LId:  0 TId: 5 ( TRAIL, B-SLICE, QP 29 )     158288 bits [Y 36.9901 dB    U 42.4744 dB    V 44.7237 dB] [ET   233 ] [L0 18c 16] [L1 20 24]
POC   22 LId:  0 TId: 4 ( TRAIL, B-SLICE, QP 28 )     310152 bits [Y 37.5501 dB    U 42.4505 dB    V 44.7340 dB] [ET   368 ] [L0 20c 16 0] [L1 24 32 18]
POC   21 LId:  0 TId: 5 ( TRAIL, B-SLICE, QP 29 )     166000 bits [Y 36.9996 dB    U 42.4610 dB    V 44.7243 dB] [ET   212 ] [L0 20 16] [L1 22c 24]
POC   23 LId:  0 TId: 5 ( TRAIL, B-SLICE, QP 29 )     125576 bits [Y 37.0039 dB    U 42.4592 dB    V 44.7015 dB] [ET   222 ] [L0 22c 20] [L1 24 32]
POC   28 LId:  0 TId: 3 ( TRAIL, B-SLICE, QP 26 )     690936 bits [Y 39.0573 dB    U 42.4875 dB    V 44.7350 dB] [ET   428 ] [L0 24c 20 16 0] [L1 32]
POC   26 LId:  0 TId: 4 ( TRAIL, B-SLICE, QP 28 )     315864 bits [Y 37.5456 dB    U 42.4655 dB    V 44.8256 dB] [ET   329 ] [L0 24 20 16 0] [L1 28c 32]
POC   25 LId:  0 TId: 5 ( TRAIL, B-SLICE, QP 29 )     115296 bits [Y 37.0096 dB    U 42.4565 dB    V 44.7158 dB] [ET   200 ] [L0 24 20] [L1 26c 28]
POC   27 LId:  0 TId: 5 ( TRAIL, B-SLICE, QP 29 )     167272 bits [Y 36.9820 dB    U 42.3662 dB    V 44.7272 dB] [ET   197 ] [L0 26c 24] [L1 28 32]
POC   30 LId:  0 TId: 4 ( TRAIL, B-SLICE, QP 28 )     298368 bits [Y 37.5468 dB    U 42.5981 dB    V 44.8600 dB] [ET   309 ] [L0 28c 24 16 0] [L1 32]
POC   29 LId:  0 TId: 5 ( TRAIL, B-SLICE, QP 29 )     162936 bits [Y 36.9832 dB    U 42.3488 dB    V 44.6082 dB] [ET   209 ] [L0 28 24] [L1 30c 32]
POC   31 LId:  0 TId: 5 ( TRAIL, B-SLICE, QP 29 )     113632 bits [Y 37.0289 dB    U 42.5977 dB    V 44.7870 dB] [ET   187 ] [L0 30c 28] [L1 32]

LayerId  0
	Total Frames |  Bitrate      Y-PSNR   U-PSNR   V-PSNR   YUV-PSNR 
	33           a  26161.4400   37.7351  42.5987  44.8362  38.8740  

 finished @ Tue Aug 19 00:05:29 2025
 Total Time:    11655.265 sec. [user]    11655.265 sec. [elapsed]
