
VVCSoftware: VTM Encoder Version 23.11 [Windows][VS 1944][64 bit] [SIMD=AVX2] 

TOOL CFG: IBD:1 HAD:1 RDQ:1 RDQTS:1 LQP:0 SQP:0 ASR:1 MinSearchWindow:96 RestrictMESampling:0 FEN:1 ECU:0 FDM:1 ESD:0 TransformSkip:1 TransformSkipFast:1 TransformSkipLog2MaxSize:5 ChromaTS:1 BDPCM:0 Tiles: 1x1 Slices: 1 MCTS:0 SAO:1 ALF:0 CCALF:0 MaxNumALFAPS 8 AlfapsIDShift 0 ConstantJointCbCrSignFlagWPP:0 WPB:0 PME:2  WaveFrontSynchro:0 WaveFrontSubstreams:1 ScalingList:0 TMVPMode:1  DQ:1  SignBitHidingFlag:0 RecalQP:0 
TOOL CFG: LFNST:1 MMVD:1 Affine:1 AffineType:1 AdaptBypassAffineMe:0 PROF:1 SbTMVP:1 DualITree:1 IMV:1 BIO:1 LMChroma:1 HorCollocatedChroma:1 VerCollocatedChroma:0 MTS:1(explicit intra) SBT:1 ISP:1 SMVD:1 CompositeLTReference:0 Bcw:1 BcwFast:1 LADF:0 CIIP:1 Geo:1 AllowDisFracMMVD:1 AffineAmvr:1 AffineAmvrEncOpt:1 AffineAmvp:1 DMVR:1 MmvdDisNum:6 JointCbCr:1 ACT:0 PLT:0 IBC:0 HashME:0 WrapAround:0 VirtualBoundariesEnabledFlag:0 VirtualBoundariesPresentInSPSFlag:1 vertical virtual boundaries:[ ] horizontal virtual boundaries:[ ] Reshape:1 (Signal:SDR Opt:0 CSoffset:6) MRL:1 MIP:1 EncDbOpt:1 AlfLambdaOpt:0 
FAST TOOL CFG: LCTUFast:1 FastMrg:1 MaxMergeRdCandNumTotal:7 MergeRdCandQuotaRegular:4 MergeRdCandQuotaRegularSmallBlk:4 MergeRdCandQuotaSubBlk:2 MergeRdCandQuotaCiip:1 MergeRdCandQuotaGpm:8 PBIntraFast:1 IMV4PelFast:1 MTSMaxCand: 4(intra) 4(inter) ISPFast:0 FastLFNST:0 AMaxBT:1 E0023FastEnc:1 ContentBasedFastQtbt:0 UseNonLinearAlfLuma:1 UseNonLinearAlfChroma:1 MaxNumAlfAlternativesChroma:8 FastMIP:0 TTFastSkip:31 TTFastSkipThr:1.075 FastLocalDualTree:1 RPR:0 TemporalFilter:4/4 SEI CTI:0 BIM:0 SEI FGC:0 SEI processing Order:0 DPF:0 


 started @ Mon Aug 18 19:02:19 2025
POC    0 LId:  0 TId: 0 ( IDR_N_LP, I-SLICE, QP 24 )     441296 bits [Y 39.8356 dB    U 44.8141 dB    V 46.2824 dB] [ET   202 ] [L0] [L1]
POC   32 LId:  0 TId: 0 ( TRAIL, B-SLICE, QP 26 )     341168 bits [Y 39.4881 dB    U 44.3009 dB    V 45.5895 dB] [ET   631 ] [L0 0] [L1 0c]
POC   16 LId:  0 TId: 1 ( STSA, B-SLICE, QP 28 )     177328 bits [Y 39.4393 dB    U 44.4850 dB    V 45.6579 dB] [ET   466 ] [L0 0 32] [L1 32c]
POC    8 LId:  0 TId: 2 ( TRAIL, B-SLICE, QP 29 )     131608 bits [Y 39.1836 dB    U 44.4182 dB    V 45.3986 dB] [ET   416 ] [L0 0 16 32] [L1 16c 32]
POC    4 LId:  0 TId: 3 ( TRAIL, B-SLICE, QP 32 )      79888 bits [Y 39.0349 dB    U 44.1908 dB    V 45.0167 dB] [ET   338 ] [L0 0 8 16] [L1 8c 16 32]
POC    2 LId:  0 TId: 4 ( TRAIL, B-SLICE, QP 34 )      47464 bits [Y 38.9742 dB    U 44.1719 dB    V 44.8050 dB] [ET   232 ] [L0 0 4 8] [L1 4c 8 16 32]
POC    1 LId:  0 TId: 5 ( TRAIL, B-SLICE, QP 36 )      24992 bits [Y 38.8992 dB    U 44.3665 dB    V 44.9682 dB] [ET   106 ] [L0 0] [L1 2c 4]
POC    3 LId:  0 TId: 5 ( TRAIL, B-SLICE, QP 36 )      26696 bits [Y 38.7059 dB    U 44.0098 dB    V 44.4612 dB] [ET   113 ] [L0 2c 0] [L1 4 8]
POC    6 LId:  0 TId: 4 ( TRAIL, B-SLICE, QP 34 )      53144 bits [Y 38.7442 dB    U 44.0053 dB    V 44.3594 dB] [ET   229 ] [L0 4c 2 0] [L1 8 16 32]
POC    5 LId:  0 TId: 5 ( TRAIL, B-SLICE, QP 36 )      29112 bits [Y 38.5434 dB    U 43.9952 dB    V 44.2635 dB] [ET   120 ] [L0 4 0] [L1 6c 8]
POC    7 LId:  0 TId: 5 ( TRAIL, B-SLICE, QP 36 )      27384 bits [Y 38.5665 dB    U 44.0651 dB    V 44.3933 dB] [ET   118 ] [L0 6c 4] [L1 8 16]
POC   12 LId:  0 TId: 3 ( TRAIL, B-SLICE, QP 32 )      71864 bits [Y 39.0741 dB    U 44.1987 dB    V 45.0476 dB] [ET   304 ] [L0 8c 4 0] [L1 16 32]
POC   10 LId:  0 TId: 4 ( TRAIL, B-SLICE, QP 34 )      45064 bits [Y 38.8113 dB    U 44.0470 dB    V 44.5370 dB] [ET   237 ] [L0 8 6 4 0] [L1 12c 16 32]
POC    9 LId:  0 TId: 5 ( TRAIL, B-SLICE, QP 36 )      25392 bits [Y 38.6287 dB    U 44.0427 dB    V 44.4261 dB] [ET   117 ] [L0 8 4] [L1 10c 12]
POC   11 LId:  0 TId: 5 ( TRAIL, B-SLICE, QP 36 )      21096 bits [Y 38.6852 dB    U 43.9803 dB    V 44.5061 dB] [ET   103 ] [L0 10c 8] [L1 12 16]
POC   14 LId:  0 TId: 4 ( TRAIL, B-SLICE, QP 34 )      37992 bits [Y 38.9926 dB    U 44.1433 dB    V 44.7788 dB] [ET   197 ] [L0 12c 10 8 0] [L1 16 32]
POC   13 LId:  0 TId: 5 ( TRAIL, B-SLICE, QP 36 )      18208 bits [Y 38.7941 dB    U 44.0075 dB    V 44.5717 dB] [ET    81 ] [L0 12 8] [L1 14c 16]
POC   15 LId:  0 TId: 5 ( TRAIL, B-SLICE, QP 36 )      17864 bits [Y 38.8799 dB    U 44.1423 dB    V 44.8669 dB] [ET    81 ] [L0 14c 12] [L1 16 32]
POC   24 LId:  0 TId: 2 ( TRAIL, B-SLICE, QP 29 )     147024 bits [Y 39.3337 dB    U 44.1904 dB    V 45.1888 dB] [ET   368 ] [L0 16c 8 0] [L1 32]
POC   20 LId:  0 TId: 3 ( TRAIL, B-SLICE, QP 32 )      75584 bits [Y 39.2202 dB    U 44.1095 dB    V 45.0084 dB] [ET   307 ] [L0 16 8 0] [L1 24c 32]
POC   18 LId:  0 TId: 4 ( TRAIL, B-SLICE, QP 34 )      40448 bits [Y 39.0458 dB    U 44.0927 dB    V 44.6997 dB] [ET   210 ] [L0 16 8 0] [L1 20c 24 32]
POC   17 LId:  0 TId: 5 ( TRAIL, B-SLICE, QP 36 )      16944 bits [Y 38.9365 dB    U 44.1664 dB    V 44.7621 dB] [ET    91 ] [L0 16 8] [L1 18c 20]
POC   19 LId:  0 TId: 5 ( TRAIL, B-SLICE, QP 36 )      18288 bits [Y 38.8424 dB    U 43.9979 dB    V 44.6822 dB] [ET    97 ] [L0 18c 16] [L1 20 24]
POC   22 LId:  0 TId: 4 ( TRAIL, B-SLICE, QP 34 )      44088 bits [Y 38.9571 dB    U 43.8612 dB    V 44.5223 dB] [ET   224 ] [L0 20c 16 0] [L1 24 32 18]
POC   21 LId:  0 TId: 5 ( TRAIL, B-SLICE, QP 36 )      19680 bits [Y 38.7912 dB    U 43.8359 dB    V 44.4862 dB] [ET    97 ] [L0 20 16] [L1 22c 24]
POC   23 LId:  0 TId: 5 ( TRAIL, B-SLICE, QP 36 )      23008 bits [Y 38.8085 dB    U 43.7941 dB    V 44.3885 dB] [ET   104 ] [L0 22c 20] [L1 24 32]
POC   28 LId:  0 TId: 3 ( TRAIL, B-SLICE, QP 32 )     106016 bits [Y 38.9773 dB    U 43.6996 dB    V 44.4050 dB] [ET   354 ] [L0 24c 20 16 0] [L1 32]
POC   26 LId:  0 TId: 4 ( TRAIL, B-SLICE, QP 34 )      54896 bits [Y 38.7685 dB    U 43.6780 dB    V 44.2973 dB] [ET   241 ] [L0 24 20 16 0] [L1 28c 32]
POC   25 LId:  0 TId: 5 ( TRAIL, B-SLICE, QP 36 )      25720 bits [Y 38.6501 dB    U 43.7542 dB    V 44.3932 dB] [ET   107 ] [L0 24 20] [L1 26c 28]
POC   27 LId:  0 TId: 5 ( TRAIL, B-SLICE, QP 36 )      27920 bits [Y 38.4677 dB    U 43.5835 dB    V 44.0147 dB] [ET   113 ] [L0 26c 24] [L1 28 32]
POC   30 LId:  0 TId: 4 ( TRAIL, B-SLICE, QP 34 )      54720 bits [Y 38.7514 dB    U 43.7003 dB    V 44.3743 dB] [ET   206 ] [L0 28c 24 16 0] [L1 32]
POC   29 LId:  0 TId: 5 ( TRAIL, B-SLICE, QP 36 )      26336 bits [Y 38.4100 dB    U 43.6154 dB    V 44.1104 dB] [ET   108 ] [L0 28 24] [L1 30c 32]
POC   31 LId:  0 TId: 5 ( TRAIL, B-SLICE, QP 36 )      24240 bits [Y 38.6235 dB    U 43.8271 dB    V 44.5536 dB] [ET   102 ] [L0 30c 28] [L1 32]

LayerId  0
	Total Frames |  Bitrate      Y-PSNR   U-PSNR   V-PSNR   YUV-PSNR 
	33           a  3518.8970    38.9050  44.0391  44.7217  40.0776  

 finished @ Mon Aug 18 20:55:58 2025
 Total Time:     6819.648 sec. [user]     6819.647 sec. [elapsed]
