
VVCSoftware: VTM Encoder Version 23.11 [Windows][VS 1944][64 bit] [SIMD=AVX2] 

TOOL CFG: IBD:1 HAD:1 RDQ:1 RDQTS:1 LQP:0 SQP:0 ASR:1 MinSearchWindow:96 RestrictMESampling:0 FEN:1 ECU:0 FDM:1 ESD:0 TransformSkip:1 TransformSkipFast:1 TransformSkipLog2MaxSize:5 ChromaTS:1 BDPCM:0 Tiles: 1x1 Slices: 1 MCTS:0 SAO:1 ALF:1 CCALF:1 MaxNumALFAPS 8 AlfapsIDShift 0 ConstantJointCbCrSignFlagWPP:0 WPB:0 PME:2  WaveFrontSynchro:0 WaveFrontSubstreams:1 ScalingList:0 TMVPMode:1  DQ:1  SignBitHidingFlag:0 RecalQP:0 
TOOL CFG: LFNST:1 MMVD:1 Affine:1 AffineType:1 AdaptBypassAffineMe:0 PROF:1 SbTMVP:1 DualITree:1 IMV:1 BIO:1 LMChroma:1 HorCollocatedChroma:1 VerCollocatedChroma:0 MTS:1(explicit intra) SBT:1 ISP:1 SMVD:1 CompositeLTReference:0 Bcw:1 BcwFast:1 LADF:0 CIIP:1 Geo:1 AllowDisFracMMVD:1 AffineAmvr:1 AffineAmvrEncOpt:1 AffineAmvp:1 DMVR:1 MmvdDisNum:6 JointCbCr:1 ACT:0 PLT:0 IBC:0 HashME:0 WrapAround:0 VirtualBoundariesEnabledFlag:0 VirtualBoundariesPresentInSPSFlag:1 vertical virtual boundaries:[ ] horizontal virtual boundaries:[ ] Reshape:1 (Signal:SDR Opt:0 CSoffset:6) MRL:1 MIP:1 EncDbOpt:1 AlfLambdaOpt:0 
FAST TOOL CFG: LCTUFast:1 FastMrg:1 MaxMergeRdCandNumTotal:7 MergeRdCandQuotaRegular:4 MergeRdCandQuotaRegularSmallBlk:4 MergeRdCandQuotaSubBlk:2 MergeRdCandQuotaCiip:1 MergeRdCandQuotaGpm:8 PBIntraFast:1 IMV4PelFast:1 MTSMaxCand: 4(intra) 4(inter) ISPFast:0 FastLFNST:0 AMaxBT:1 E0023FastEnc:1 ContentBasedFastQtbt:0 UseNonLinearAlfLuma:1 UseNonLinearAlfChroma:1 MaxNumAlfAlternativesChroma:8 FastMIP:0 TTFastSkip:31 TTFastSkipThr:1.075 FastLocalDualTree:1 RPR:0 TemporalFilter:4/4 SEI CTI:0 BIM:0 SEI FGC:0 SEI processing Order:0 DPF:0 


 started @ Mon Aug 18 18:09:12 2025
POC    0 LId:  0 TId: 0 ( IDR_N_LP, I-SLICE, QP 19 )     853176 bits [Y 43.5349 dB    U 43.8398 dB    V 43.8385 dB] [ET   131 ] [L0] [L1]
POC   32 LId:  0 TId: 0 ( TRAIL, B-SLICE, QP 21 )     494616 bits [Y 42.4872 dB    U 42.5387 dB    V 42.8530 dB] [ET   200 ] [L0 0] [L1 0c]
POC   16 LId:  0 TId: 1 ( STSA, B-SLICE, QP 22 )     398608 bits [Y 41.9612 dB    U 42.2705 dB    V 42.6016 dB] [ET   198 ] [L0 0 32] [L1 32c]
POC    8 LId:  0 TId: 2 ( TRAIL, B-SLICE, QP 23 )     364824 bits [Y 41.7194 dB    U 41.9785 dB    V 42.4065 dB] [ET   200 ] [L0 0 16 32] [L1 16c 32]
POC    4 LId:  0 TId: 3 ( TRAIL, B-SLICE, QP 26 )     239320 bits [Y 41.5585 dB    U 41.3538 dB    V 41.5446 dB] [ET   153 ] [L0 0 8 16] [L1 8c 16 32]
POC    2 LId:  0 TId: 4 ( TRAIL, B-SLICE, QP 28 )     155816 bits [Y 40.9116 dB    U 40.5770 dB    V 40.9971 dB] [ET   130 ] [L0 0 4 8] [L1 4c 8 16 32]
POC    1 LId:  0 TId: 5 ( TRAIL, B-SLICE, QP 29 )     134096 bits [Y 40.5783 dB    U 40.1103 dB    V 40.5283 dB] [ET    97 ] [L0 0] [L1 2c 4]
POC    3 LId:  0 TId: 5 ( TRAIL, B-SLICE, QP 29 )     142640 bits [Y 40.4306 dB    U 40.0695 dB    V 40.1100 dB] [ET   102 ] [L0 2c 0] [L1 4 8]
POC    6 LId:  0 TId: 4 ( TRAIL, B-SLICE, QP 28 )     217048 bits [Y 40.2505 dB    U 39.9477 dB    V 40.1745 dB] [ET   148 ] [L0 4c 2 0] [L1 8 16 32]
POC    5 LId:  0 TId: 5 ( TRAIL, B-SLICE, QP 29 )     172960 bits [Y 40.0461 dB    U 39.5415 dB    V 39.5776 dB] [ET   114 ] [L0 4 0] [L1 6c 8]
POC    7 LId:  0 TId: 5 ( TRAIL, B-SLICE, QP 29 )     185896 bits [Y 39.7225 dB    U 39.2350 dB    V 39.4209 dB] [ET   121 ] [L0 6c 4] [L1 8 16]
POC   12 LId:  0 TId: 3 ( TRAIL, B-SLICE, QP 26 )     258024 bits [Y 41.3420 dB    U 41.0306 dB    V 41.3646 dB] [ET   157 ] [L0 8c 4 0] [L1 16 32]
POC   10 LId:  0 TId: 4 ( TRAIL, B-SLICE, QP 28 )     193760 bits [Y 40.3756 dB    U 39.8816 dB    V 40.3758 dB] [ET   140 ] [L0 8 6 4 0] [L1 12c 16 32]
POC    9 LId:  0 TId: 5 ( TRAIL, B-SLICE, QP 29 )     167648 bits [Y 39.9142 dB    U 39.5204 dB    V 39.6676 dB] [ET   120 ] [L0 8 4] [L1 10c 12]
POC   11 LId:  0 TId: 5 ( TRAIL, B-SLICE, QP 29 )     169632 bits [Y 39.9044 dB    U 39.3646 dB    V 39.6302 dB] [ET   117 ] [L0 10c 8] [L1 12 16]
POC   14 LId:  0 TId: 4 ( TRAIL, B-SLICE, QP 28 )     218640 bits [Y 40.4570 dB    U 39.9699 dB    V 40.2623 dB] [ET   143 ] [L0 12c 10 8 0] [L1 16 32]
POC   13 LId:  0 TId: 5 ( TRAIL, B-SLICE, QP 29 )     178176 bits [Y 39.7620 dB    U 39.0777 dB    V 39.3810 dB] [ET   116 ] [L0 12 8] [L1 14c 16]
POC   15 LId:  0 TId: 5 ( TRAIL, B-SLICE, QP 29 )     178336 bits [Y 39.9389 dB    U 39.2271 dB    V 39.5397 dB] [ET   116 ] [L0 14c 12] [L1 16 32]
POC   24 LId:  0 TId: 2 ( TRAIL, B-SLICE, QP 23 )     339616 bits [Y 41.8483 dB    U 42.0791 dB    V 42.3283 dB] [ET   176 ] [L0 16c 8 0] [L1 32]
POC   20 LId:  0 TId: 3 ( TRAIL, B-SLICE, QP 26 )     220216 bits [Y 41.5216 dB    U 41.1286 dB    V 41.5052 dB] [ET   146 ] [L0 16 8 0] [L1 24c 32]
POC   18 LId:  0 TId: 4 ( TRAIL, B-SLICE, QP 28 )     162200 bits [Y 40.8744 dB    U 40.3163 dB    V 40.7441 dB] [ET   122 ] [L0 16 8 0] [L1 20c 24 32]
POC   17 LId:  0 TId: 5 ( TRAIL, B-SLICE, QP 29 )     155600 bits [Y 40.1017 dB    U 39.6711 dB    V 39.8480 dB] [ET   113 ] [L0 16 8] [L1 18c 20]
POC   19 LId:  0 TId: 5 ( TRAIL, B-SLICE, QP 29 )     128576 bits [Y 40.4433 dB    U 39.6043 dB    V 39.7600 dB] [ET   101 ] [L0 18c 16] [L1 20 24]
POC   22 LId:  0 TId: 4 ( TRAIL, B-SLICE, QP 28 )     200968 bits [Y 39.9406 dB    U 39.2199 dB    V 40.0606 dB] [ET   144 ] [L0 20c 16 0] [L1 24 32 18]
POC   21 LId:  0 TId: 5 ( TRAIL, B-SLICE, QP 29 )     138288 bits [Y 40.0574 dB    U 39.4513 dB    V 39.7680 dB] [ET   104 ] [L0 20 16] [L1 22c 24]
POC   23 LId:  0 TId: 5 ( TRAIL, B-SLICE, QP 29 )     150472 bits [Y 39.8907 dB    U 39.1241 dB    V 39.4571 dB] [ET   108 ] [L0 22c 20] [L1 24 32]
POC   28 LId:  0 TId: 3 ( TRAIL, B-SLICE, QP 26 )     229224 bits [Y 41.5110 dB    U 41.1524 dB    V 41.4127 dB] [ET   149 ] [L0 24c 20 16 0] [L1 32]
POC   26 LId:  0 TId: 4 ( TRAIL, B-SLICE, QP 28 )     204184 bits [Y 40.3106 dB    U 40.1050 dB    V 40.1966 dB] [ET   142 ] [L0 24 20 16 0] [L1 28c 32]
POC   25 LId:  0 TId: 5 ( TRAIL, B-SLICE, QP 29 )     181112 bits [Y 39.7864 dB    U 39.2966 dB    V 39.3441 dB] [ET   122 ] [L0 24 20] [L1 26c 28]
POC   27 LId:  0 TId: 5 ( TRAIL, B-SLICE, QP 29 )     158912 bits [Y 39.8401 dB    U 39.4521 dB    V 39.5465 dB] [ET   116 ] [L0 26c 24] [L1 28 32]
POC   30 LId:  0 TId: 4 ( TRAIL, B-SLICE, QP 28 )     205944 bits [Y 40.3879 dB    U 39.8444 dB    V 40.1452 dB] [ET   138 ] [L0 28c 24 16 0] [L1 32]
POC   29 LId:  0 TId: 5 ( TRAIL, B-SLICE, QP 29 )     149848 bits [Y 40.2574 dB    U 39.3325 dB    V 39.5538 dB] [ET   107 ] [L0 28 24] [L1 30c 32]
POC   31 LId:  0 TId: 5 ( TRAIL, B-SLICE, QP 29 )     180392 bits [Y 39.9445 dB    U 39.4893 dB    V 39.5322 dB] [ET   112 ] [L0 30c 28] [L1 32]

LayerId  0
	Total Frames |  Bitrate      Y-PSNR   U-PSNR   V-PSNR   YUV-PSNR 
	33           a  11407.2242   40.6549  40.2667  40.5296  40.4623  

 finished @ Mon Aug 18 19:22:33 2025
 Total Time:     4400.939 sec. [user]     4400.939 sec. [elapsed]
