
VVCSoftware: VTM Encoder Version 23.11 [Windows][VS 1944][64 bit] [SIMD=AVX2] 

TOOL CFG: IBD:1 HAD:1 RDQ:1 RDQTS:1 LQP:0 SQP:0 ASR:1 MinSearchWindow:96 RestrictMESampling:0 FEN:1 ECU:0 FDM:1 ESD:0 TransformSkip:1 TransformSkipFast:1 TransformSkipLog2MaxSize:5 ChromaTS:1 BDPCM:0 Tiles: 1x1 Slices: 1 MCTS:0 SAO:1 ALF:1 CCALF:1 MaxNumALFAPS 8 AlfapsIDShift 0 ConstantJointCbCrSignFlagWPP:0 WPB:0 PME:2  WaveFrontSynchro:0 WaveFrontSubstreams:1 ScalingList:0 TMVPMode:1  DQ:1  SignBitHidingFlag:0 RecalQP:0 
TOOL CFG: LFNST:1 MMVD:1 Affine:1 AffineType:1 AdaptBypassAffineMe:0 PROF:1 SbTMVP:1 DualITree:1 IMV:1 BIO:1 LMChroma:1 HorCollocatedChroma:1 VerCollocatedChroma:0 MTS:1(explicit intra) SBT:1 ISP:1 SMVD:1 CompositeLTReference:0 Bcw:1 BcwFast:1 LADF:0 CIIP:1 Geo:1 AllowDisFracMMVD:1 AffineAmvr:1 AffineAmvrEncOpt:1 AffineAmvp:1 DMVR:1 MmvdDisNum:6 JointCbCr:1 ACT:0 PLT:0 IBC:0 HashME:0 WrapAround:0 VirtualBoundariesEnabledFlag:0 VirtualBoundariesPresentInSPSFlag:1 vertical virtual boundaries:[ ] horizontal virtual boundaries:[ ] Reshape:1 (Signal:SDR Opt:0 CSoffset:6) MRL:1 MIP:1 EncDbOpt:1 AlfLambdaOpt:0 
FAST TOOL CFG: LCTUFast:1 FastMrg:1 MaxMergeRdCandNumTotal:7 MergeRdCandQuotaRegular:4 MergeRdCandQuotaRegularSmallBlk:4 MergeRdCandQuotaSubBlk:2 MergeRdCandQuotaCiip:1 MergeRdCandQuotaGpm:8 PBIntraFast:1 IMV4PelFast:1 MTSMaxCand: 4(intra) 4(inter) ISPFast:0 FastLFNST:0 AMaxBT:1 E0023FastEnc:1 ContentBasedFastQtbt:0 UseNonLinearAlfLuma:1 UseNonLinearAlfChroma:1 MaxNumAlfAlternativesChroma:8 FastMIP:0 TTFastSkip:31 TTFastSkipThr:1.075 FastLocalDualTree:1 RPR:0 TemporalFilter:4/4 SEI CTI:0 BIM:0 SEI FGC:0 SEI processing Order:0 DPF:0 


 started @ Mon Aug 18 18:38:22 2025
POC    0 LId:  0 TId: 0 ( IDR_N_LP, I-SLICE, QP 29 )     243376 bits [Y 38.8183 dB    U 43.8642 dB    V 44.6979 dB] [ET   105 ] [L0] [L1]
POC   32 LId:  0 TId: 0 ( TRAIL, B-SLICE, QP 31 )     194872 bits [Y 38.4694 dB    U 43.2197 dB    V 43.9385 dB] [ET   460 ] [L0 0] [L1 0c]
POC   16 LId:  0 TId: 1 ( STSA, B-SLICE, QP 34 )      87560 bits [Y 38.2994 dB    U 43.1915 dB    V 43.7063 dB] [ET   304 ] [L0 0 32] [L1 32c]
POC    8 LId:  0 TId: 2 ( TRAIL, B-SLICE, QP 35 )      64544 bits [Y 38.0291 dB    U 43.1704 dB    V 43.4410 dB] [ET   245 ] [L0 0 16 32] [L1 16c 32]
POC    4 LId:  0 TId: 3 ( TRAIL, B-SLICE, QP 38 )      39456 bits [Y 37.7626 dB    U 43.1423 dB    V 43.3842 dB] [ET   196 ] [L0 0 8 16] [L1 8c 16 32]
POC    2 LId:  0 TId: 4 ( TRAIL, B-SLICE, QP 40 )      24024 bits [Y 37.6842 dB    U 43.2759 dB    V 43.3973 dB] [ET   139 ] [L0 0 4 8] [L1 4c 8 16 32]
POC    1 LId:  0 TId: 5 ( TRAIL, B-SLICE, QP 41 )      13552 bits [Y 37.7542 dB    U 43.4758 dB    V 43.6391 dB] [ET    69 ] [L0 0] [L1 2c 4]
POC    3 LId:  0 TId: 5 ( TRAIL, B-SLICE, QP 41 )      14176 bits [Y 37.4309 dB    U 43.1176 dB    V 43.0093 dB] [ET    76 ] [L0 2c 0] [L1 4 8]
POC    6 LId:  0 TId: 4 ( TRAIL, B-SLICE, QP 40 )      25872 bits [Y 37.3146 dB    U 42.9679 dB    V 42.9188 dB] [ET   143 ] [L0 4c 2 0] [L1 8 16 32]
POC    5 LId:  0 TId: 5 ( TRAIL, B-SLICE, QP 41 )      14432 bits [Y 37.2253 dB    U 42.9455 dB    V 42.8216 dB] [ET    76 ] [L0 4 0] [L1 6c 8]
POC    7 LId:  0 TId: 5 ( TRAIL, B-SLICE, QP 41 )      14416 bits [Y 37.2702 dB    U 43.0232 dB    V 42.9067 dB] [ET    77 ] [L0 6c 4] [L1 8 16]
POC   12 LId:  0 TId: 3 ( TRAIL, B-SLICE, QP 38 )      35016 bits [Y 37.7758 dB    U 43.0593 dB    V 43.4447 dB] [ET   172 ] [L0 8c 4 0] [L1 16 32]
POC   10 LId:  0 TId: 4 ( TRAIL, B-SLICE, QP 40 )      22168 bits [Y 37.4473 dB    U 42.9901 dB    V 42.9805 dB] [ET   135 ] [L0 8 6 4 0] [L1 12c 16 32]
POC    9 LId:  0 TId: 5 ( TRAIL, B-SLICE, QP 41 )      13608 bits [Y 37.3604 dB    U 43.0050 dB    V 42.8789 dB] [ET    75 ] [L0 8 4] [L1 10c 12]
POC   11 LId:  0 TId: 5 ( TRAIL, B-SLICE, QP 41 )      10888 bits [Y 37.3887 dB    U 42.9635 dB    V 43.0077 dB] [ET    65 ] [L0 10c 8] [L1 12 16]
POC   14 LId:  0 TId: 4 ( TRAIL, B-SLICE, QP 40 )      17824 bits [Y 37.6301 dB    U 42.9770 dB    V 43.2582 dB] [ET   114 ] [L0 12c 10 8 0] [L1 16 32]
POC   13 LId:  0 TId: 5 ( TRAIL, B-SLICE, QP 41 )       9224 bits [Y 37.5135 dB    U 42.9360 dB    V 43.1472 dB] [ET    61 ] [L0 12 8] [L1 14c 16]
POC   15 LId:  0 TId: 5 ( TRAIL, B-SLICE, QP 41 )       8920 bits [Y 37.6514 dB    U 43.0485 dB    V 43.3442 dB] [ET    59 ] [L0 14c 12] [L1 16 32]
POC   24 LId:  0 TId: 2 ( TRAIL, B-SLICE, QP 35 )      71376 bits [Y 38.0365 dB    U 42.7417 dB    V 43.2374 dB] [ET   262 ] [L0 16c 8 0] [L1 32]
POC   20 LId:  0 TId: 3 ( TRAIL, B-SLICE, QP 38 )      36760 bits [Y 37.8210 dB    U 42.9787 dB    V 43.4242 dB] [ET   178 ] [L0 16 8 0] [L1 24c 32]
POC   18 LId:  0 TId: 4 ( TRAIL, B-SLICE, QP 40 )      18704 bits [Y 37.5803 dB    U 42.9220 dB    V 43.2646 dB] [ET   123 ] [L0 16 8 0] [L1 20c 24 32]
POC   17 LId:  0 TId: 5 ( TRAIL, B-SLICE, QP 41 )       8648 bits [Y 37.6322 dB    U 43.0321 dB    V 43.2532 dB] [ET    58 ] [L0 16 8] [L1 18c 20]
POC   19 LId:  0 TId: 5 ( TRAIL, B-SLICE, QP 41 )       9416 bits [Y 37.4839 dB    U 42.8560 dB    V 43.2244 dB] [ET    65 ] [L0 18c 16] [L1 20 24]
POC   22 LId:  0 TId: 4 ( TRAIL, B-SLICE, QP 40 )      20888 bits [Y 37.4808 dB    U 42.6850 dB    V 43.0157 dB] [ET   130 ] [L0 20c 16 0] [L1 24 32 18]
POC   21 LId:  0 TId: 5 ( TRAIL, B-SLICE, QP 41 )       9968 bits [Y 37.4006 dB    U 42.7025 dB    V 43.0274 dB] [ET    63 ] [L0 20 16] [L1 22c 24]
POC   23 LId:  0 TId: 5 ( TRAIL, B-SLICE, QP 41 )      11480 bits [Y 37.4059 dB    U 42.5565 dB    V 42.9764 dB] [ET    69 ] [L0 22c 20] [L1 24 32]
POC   28 LId:  0 TId: 3 ( TRAIL, B-SLICE, QP 38 )      50952 bits [Y 37.4197 dB    U 42.5272 dB    V 42.9265 dB] [ET   212 ] [L0 24c 20 16 0] [L1 32]
POC   26 LId:  0 TId: 4 ( TRAIL, B-SLICE, QP 40 )      24944 bits [Y 37.1535 dB    U 42.5263 dB    V 42.9270 dB] [ET   141 ] [L0 24 20 16 0] [L1 28c 32]
POC   25 LId:  0 TId: 5 ( TRAIL, B-SLICE, QP 41 )      12912 bits [Y 37.2305 dB    U 42.5302 dB    V 42.8865 dB] [ET    71 ] [L0 24 20] [L1 26c 28]
POC   27 LId:  0 TId: 5 ( TRAIL, B-SLICE, QP 41 )      13216 bits [Y 36.9059 dB    U 42.4600 dB    V 42.6777 dB] [ET    73 ] [L0 26c 24] [L1 28 32]
POC   30 LId:  0 TId: 4 ( TRAIL, B-SLICE, QP 40 )      25176 bits [Y 37.1812 dB    U 42.6587 dB    V 43.0235 dB] [ET   136 ] [L0 28c 24 16 0] [L1 32]
POC   29 LId:  0 TId: 5 ( TRAIL, B-SLICE, QP 41 )      12488 bits [Y 36.9237 dB    U 42.5155 dB    V 42.7316 dB] [ET    73 ] [L0 28 24] [L1 30c 32]
POC   31 LId:  0 TId: 5 ( TRAIL, B-SLICE, QP 41 )      11992 bits [Y 37.2961 dB    U 42.8612 dB    V 43.2224 dB] [ET    64 ] [L0 30c 28] [L1 32]

LayerId  0
	Total Frames |  Bitrate      Y-PSNR   U-PSNR   V-PSNR   YUV-PSNR 
	33           a  1807.3455    37.5690  42.9372  43.2043  38.7398  

 finished @ Mon Aug 18 19:49:49 2025
 Total Time:     4286.873 sec. [user]     4286.873 sec. [elapsed]
