
VVCSoftware: VTM Encoder Version 23.11 [Windows][VS 1944][64 bit] [SIMD=AVX2] 

TOOL CFG: IBD:1 HAD:1 RDQ:1 RDQTS:1 LQP:0 SQP:0 ASR:1 MinSearchWindow:96 RestrictMESampling:0 FEN:1 ECU:0 FDM:0 ESD:0 TransformSkip:1 TransformSkipFast:1 TransformSkipLog2MaxSize:5 ChromaTS:1 BDPCM:0 Tiles: 1x1 Slices: 1 MCTS:0 SAO:1 ALF:1 CCALF:1 MaxNumALFAPS 8 AlfapsIDShift 0 ConstantJointCbCrSignFlagWPP:0 WPB:0 PME:2  WaveFrontSynchro:0 WaveFrontSubstreams:1 ScalingList:0 TMVPMode:1  DQ:1  SignBitHidingFlag:0 RecalQP:0 
TOOL CFG: LFNST:1 MMVD:1 Affine:1 AffineType:1 AdaptBypassAffineMe:0 PROF:1 SbTMVP:1 DualITree:1 IMV:1 BIO:1 LMChroma:1 HorCollocatedChroma:1 VerCollocatedChroma:0 MTS:1(explicit intra) SBT:1 ISP:1 SMVD:1 CompositeLTReference:0 Bcw:1 BcwFast:1 LADF:0 CIIP:1 Geo:1 AllowDisFracMMVD:1 AffineAmvr:1 AffineAmvrEncOpt:1 AffineAmvp:1 DMVR:1 MmvdDisNum:6 JointCbCr:1 ACT:0 PLT:0 IBC:0 HashME:0 WrapAround:0 VirtualBoundariesEnabledFlag:0 VirtualBoundariesPresentInSPSFlag:1 vertical virtual boundaries:[ ] horizontal virtual boundaries:[ ] Reshape:1 (Signal:SDR Opt:0 CSoffset:6) MRL:1 MIP:1 EncDbOpt:1 AlfLambdaOpt:0 
FAST TOOL CFG: LCTUFast:1 FastMrg:1 MaxMergeRdCandNumTotal:7 MergeRdCandQuotaRegular:4 MergeRdCandQuotaRegularSmallBlk:4 MergeRdCandQuotaSubBlk:2 MergeRdCandQuotaCiip:1 MergeRdCandQuotaGpm:8 PBIntraFast:1 IMV4PelFast:1 MTSMaxCand: 4(intra) 4(inter) ISPFast:0 FastLFNST:0 AMaxBT:1 E0023FastEnc:1 ContentBasedFastQtbt:0 UseNonLinearAlfLuma:1 UseNonLinearAlfChroma:1 MaxNumAlfAlternativesChroma:8 FastMIP:0 TTFastSkip:31 TTFastSkipThr:1.075 FastLocalDualTree:1 RPR:0 TemporalFilter:4/4 SEI CTI:0 BIM:0 SEI FGC:0 SEI processing Order:0 DPF:0 


 started @ Mon Aug 18 22:34:04 2025
POC    0 LId:  0 TId: 0 ( IDR_N_LP, I-SLICE, QP 19 )     241472 bits [Y 42.5700 dB    U 44.3846 dB    V 46.4102 dB] [ET    39 ] [L0] [L1]
POC   32 LId:  0 TId: 0 ( TRAIL, B-SLICE, QP 21 )     150944 bits [Y 41.1259 dB    U 43.2027 dB    V 44.3906 dB] [ET    75 ] [L0 0] [L1 0c]
POC   16 LId:  0 TId: 1 ( STSA, B-SLICE, QP 22 )      94040 bits [Y 39.8518 dB    U 42.0645 dB    V 44.2458 dB] [ET    53 ] [L0 0 32] [L1 32c]
POC    8 LId:  0 TId: 2 ( TRAIL, B-SLICE, QP 23 )      58232 bits [Y 39.6605 dB    U 42.3140 dB    V 44.4111 dB] [ET    47 ] [L0 0 16 32] [L1 16c 32]
POC    4 LId:  0 TId: 3 ( TRAIL, B-SLICE, QP 26 )      25728 bits [Y 39.0953 dB    U 42.4753 dB    V 44.6641 dB] [ET    34 ] [L0 0 8 16] [L1 8c 16 32]
POC    2 LId:  0 TId: 4 ( TRAIL, B-SLICE, QP 28 )      11648 bits [Y 39.1220 dB    U 43.0316 dB    V 45.0283 dB] [ET    23 ] [L0 0 4 8] [L1 4c 8 16 32]
POC    1 LId:  0 TId: 5 ( TRAIL, B-SLICE, QP 29 )       5000 bits [Y 39.7796 dB    U 43.3989 dB    V 45.4775 dB] [ET     9 ] [L0 0] [L1 2c 4]
POC    3 LId:  0 TId: 5 ( TRAIL, B-SLICE, QP 29 )       5040 bits [Y 38.6444 dB    U 42.5321 dB    V 44.6091 dB] [ET    11 ] [L0 2c 0] [L1 4 8]
POC    6 LId:  0 TId: 4 ( TRAIL, B-SLICE, QP 28 )      10688 bits [Y 38.3446 dB    U 42.0736 dB    V 43.9983 dB] [ET    19 ] [L0 4c 2 0] [L1 8 16 32]
POC    5 LId:  0 TId: 5 ( TRAIL, B-SLICE, QP 29 )       4288 bits [Y 38.2877 dB    U 42.1660 dB    V 44.2572 dB] [ET    11 ] [L0 4 0] [L1 6c 8]
POC    7 LId:  0 TId: 5 ( TRAIL, B-SLICE, QP 29 )       4696 bits [Y 38.4365 dB    U 42.0297 dB    V 44.1584 dB] [ET    11 ] [L0 6c 4] [L1 8 16]
POC   12 LId:  0 TId: 3 ( TRAIL, B-SLICE, QP 26 )      28408 bits [Y 38.8627 dB    U 41.8498 dB    V 44.1401 dB] [ET    29 ] [L0 8c 4 0] [L1 16 32]
POC   10 LId:  0 TId: 4 ( TRAIL, B-SLICE, QP 28 )      11144 bits [Y 38.2618 dB    U 41.5558 dB    V 43.9426 dB] [ET    20 ] [L0 8 6 4 0] [L1 12c 16 32]
POC    9 LId:  0 TId: 5 ( TRAIL, B-SLICE, QP 29 )       5272 bits [Y 38.3147 dB    U 41.8605 dB    V 44.1718 dB] [ET    12 ] [L0 8 4] [L1 10c 12]
POC   11 LId:  0 TId: 5 ( TRAIL, B-SLICE, QP 29 )       5896 bits [Y 37.9883 dB    U 41.5237 dB    V 43.9637 dB] [ET    13 ] [L0 10c 8] [L1 12 16]
POC   14 LId:  0 TId: 4 ( TRAIL, B-SLICE, QP 28 )      12552 bits [Y 38.3189 dB    U 41.6206 dB    V 43.9254 dB] [ET    18 ] [L0 12c 10 8 0] [L1 16 32]
POC   13 LId:  0 TId: 5 ( TRAIL, B-SLICE, QP 29 )       6496 bits [Y 38.0362 dB    U 41.4857 dB    V 44.0083 dB] [ET    12 ] [L0 12 8] [L1 14c 16]
POC   15 LId:  0 TId: 5 ( TRAIL, B-SLICE, QP 29 )       5864 bits [Y 38.4018 dB    U 41.6520 dB    V 43.9853 dB] [ET    12 ] [L0 14c 12] [L1 16 32]
POC   24 LId:  0 TId: 2 ( TRAIL, B-SLICE, QP 23 )      68648 bits [Y 39.5310 dB    U 41.9034 dB    V 43.7363 dB] [ET    45 ] [L0 16c 8 0] [L1 32]
POC   20 LId:  0 TId: 3 ( TRAIL, B-SLICE, QP 26 )      34304 bits [Y 38.6286 dB    U 40.9096 dB    V 43.4090 dB] [ET    31 ] [L0 16 8 0] [L1 24c 32]
POC   18 LId:  0 TId: 4 ( TRAIL, B-SLICE, QP 28 )      13488 bits [Y 38.1601 dB    U 41.3339 dB    V 43.7361 dB] [ET    19 ] [L0 16 8 0] [L1 20c 24 32]
POC   17 LId:  0 TId: 5 ( TRAIL, B-SLICE, QP 29 )       5816 bits [Y 38.4099 dB    U 41.6511 dB    V 44.0407 dB] [ET    12 ] [L0 16 8] [L1 18c 20]
POC   19 LId:  0 TId: 5 ( TRAIL, B-SLICE, QP 29 )       6192 bits [Y 37.8392 dB    U 41.0357 dB    V 43.5389 dB] [ET    12 ] [L0 18c 16] [L1 20 24]
POC   22 LId:  0 TId: 4 ( TRAIL, B-SLICE, QP 28 )      15192 bits [Y 37.9054 dB    U 40.4232 dB    V 43.2245 dB] [ET    23 ] [L0 20c 16 0] [L1 24 32 18]
POC   21 LId:  0 TId: 5 ( TRAIL, B-SLICE, QP 29 )       6312 bits [Y 37.8026 dB    U 40.8309 dB    V 43.4043 dB] [ET    13 ] [L0 20 16] [L1 22c 24]
POC   23 LId:  0 TId: 5 ( TRAIL, B-SLICE, QP 29 )       6848 bits [Y 38.1021 dB    U 40.9029 dB    V 43.5773 dB] [ET    16 ] [L0 22c 20] [L1 24 32]
POC   28 LId:  0 TId: 3 ( TRAIL, B-SLICE, QP 26 )      43784 bits [Y 38.9385 dB    U 41.6692 dB    V 43.0737 dB] [ET    38 ] [L0 24c 20 16 0] [L1 32]
POC   26 LId:  0 TId: 4 ( TRAIL, B-SLICE, QP 28 )      21008 bits [Y 38.1042 dB    U 41.2352 dB    V 43.1445 dB] [ET    24 ] [L0 24 20 16 0] [L1 28c 32]
POC   25 LId:  0 TId: 5 ( TRAIL, B-SLICE, QP 29 )      10712 bits [Y 38.2006 dB    U 41.4034 dB    V 43.3337 dB] [ET    18 ] [L0 24 20] [L1 26c 28]
POC   27 LId:  0 TId: 5 ( TRAIL, B-SLICE, QP 29 )      14552 bits [Y 37.8604 dB    U 41.2062 dB    V 42.8347 dB] [ET    20 ] [L0 26c 24] [L1 28 32]
POC   30 LId:  0 TId: 4 ( TRAIL, B-SLICE, QP 28 )      26248 bits [Y 38.2092 dB    U 41.5040 dB    V 42.4704 dB] [ET    28 ] [L0 28c 24 16 0] [L1 32]
POC   29 LId:  0 TId: 5 ( TRAIL, B-SLICE, QP 29 )      17672 bits [Y 37.9011 dB    U 41.2828 dB    V 42.3452 dB] [ET    21 ] [L0 28 24] [L1 30c 32]
POC   31 LId:  0 TId: 5 ( TRAIL, B-SLICE, QP 29 )      16056 bits [Y 38.3339 dB    U 41.7384 dB    V 42.8648 dB] [ET    19 ] [L0 30c 28] [L1 32]

LayerId  0
	Total Frames |  Bitrate      Y-PSNR   U-PSNR   V-PSNR   YUV-PSNR 
	33           a  1506.4242    38.6979  41.8258  43.8946  39.5848  

 finished @ Mon Aug 18 22:47:09 2025
 Total Time:      784.766 sec. [user]      784.766 sec. [elapsed]
