
VVCSoftware: VTM Encoder Version 23.11 [Windows][VS 1944][64 bit] [SIMD=AVX2] 

TOOL CFG: IBD:1 HAD:1 RDQ:1 RDQTS:1 LQP:0 SQP:0 ASR:1 MinSearchWindow:96 RestrictMESampling:0 FEN:1 ECU:0 FDM:1 ESD:0 TransformSkip:1 TransformSkipFast:1 TransformSkipLog2MaxSize:5 ChromaTS:1 BDPCM:0 Tiles: 1x1 Slices: 1 MCTS:0 SAO:1 ALF:1 CCALF:1 MaxNumALFAPS 8 AlfapsIDShift 0 ConstantJointCbCrSignFlagWPP:0 WPB:0 PME:2  WaveFrontSynchro:0 WaveFrontSubstreams:1 ScalingList:0 TMVPMode:1  DQ:1  SignBitHidingFlag:0 RecalQP:0 
TOOL CFG: LFNST:1 MMVD:1 Affine:1 AffineType:1 AdaptBypassAffineMe:0 PROF:1 SbTMVP:1 DualITree:1 IMV:1 BIO:1 LMChroma:1 HorCollocatedChroma:1 VerCollocatedChroma:0 MTS:1(explicit intra) SBT:1 ISP:1 SMVD:1 CompositeLTReference:0 Bcw:1 BcwFast:1 LADF:0 CIIP:1 Geo:1 AllowDisFracMMVD:1 AffineAmvr:1 AffineAmvrEncOpt:1 AffineAmvp:1 DMVR:1 MmvdDisNum:6 JointCbCr:1 ACT:0 PLT:0 IBC:0 HashME:0 WrapAround:0 VirtualBoundariesEnabledFlag:0 VirtualBoundariesPresentInSPSFlag:1 vertical virtual boundaries:[ ] horizontal virtual boundaries:[ ] Reshape:1 (Signal:SDR Opt:0 CSoffset:6) MRL:1 MIP:1 EncDbOpt:1 AlfLambdaOpt:0 
FAST TOOL CFG: LCTUFast:0 FastMrg:1 MaxMergeRdCandNumTotal:7 MergeRdCandQuotaRegular:4 MergeRdCandQuotaRegularSmallBlk:4 MergeRdCandQuotaSubBlk:2 MergeRdCandQuotaCiip:1 MergeRdCandQuotaGpm:8 PBIntraFast:1 IMV4PelFast:1 MTSMaxCand: 4(intra) 4(inter) ISPFast:0 FastLFNST:0 AMaxBT:1 E0023FastEnc:1 ContentBasedFastQtbt:0 UseNonLinearAlfLuma:1 UseNonLinearAlfChroma:1 MaxNumAlfAlternativesChroma:8 FastMIP:0 TTFastSkip:31 TTFastSkipThr:1.075 FastLocalDualTree:1 RPR:0 TemporalFilter:4/4 SEI CTI:0 BIM:0 SEI FGC:0 SEI processing Order:0 DPF:0 


 started @ Tue Aug 19 08:23:01 2025
POC    0 LId:  0 TId: 0 ( IDR_N_LP, I-SLICE, QP 24 )    1685264 bits [Y 38.1634 dB    U 42.1343 dB    V 44.2650 dB] [ET   423 ] [L0] [L1]
POC   32 LId:  0 TId: 0 ( TRAIL, B-SLICE, QP 26 )     448576 bits [Y 36.7292 dB    U 41.9736 dB    V 44.2363 dB] [ET   427 ] [L0 0] [L1 0c]
POC   16 LId:  0 TId: 1 ( STSA, B-SLICE, QP 28 )     238312 bits [Y 36.0968 dB    U 41.8626 dB    V 44.1896 dB] [ET   330 ] [L0 0 32] [L1 32c]
POC    8 LId:  0 TId: 2 ( TRAIL, B-SLICE, QP 29 )     154640 bits [Y 35.9480 dB    U 41.8203 dB    V 44.1899 dB] [ET   288 ] [L0 0 16 32] [L1 16c 32]
POC    4 LId:  0 TId: 3 ( TRAIL, B-SLICE, QP 32 )      81784 bits [Y 35.7721 dB    U 41.8677 dB    V 44.1821 dB] [ET   242 ] [L0 0 8 16] [L1 8c 16 32]
POC    2 LId:  0 TId: 4 ( TRAIL, B-SLICE, QP 34 )      28416 bits [Y 35.7250 dB    U 41.9596 dB    V 44.1808 dB] [ET   121 ] [L0 0 4 8] [L1 4c 8 16 32]
POC    1 LId:  0 TId: 5 ( TRAIL, B-SLICE, QP 36 )       8728 bits [Y 36.0813 dB    U 42.1061 dB    V 44.2518 dB] [ET    45 ] [L0 0] [L1 2c 4]
POC    3 LId:  0 TId: 5 ( TRAIL, B-SLICE, QP 36 )      10128 bits [Y 35.4451 dB    U 41.9351 dB    V 44.1881 dB] [ET    52 ] [L0 2c 0] [L1 4 8]
POC    6 LId:  0 TId: 4 ( TRAIL, B-SLICE, QP 34 )      27528 bits [Y 35.7002 dB    U 41.8599 dB    V 44.1027 dB] [ET   121 ] [L0 4c 2 0] [L1 8 16 32]
POC    5 LId:  0 TId: 5 ( TRAIL, B-SLICE, QP 36 )       7936 bits [Y 35.4315 dB    U 41.8539 dB    V 44.1267 dB] [ET    47 ] [L0 4 0] [L1 6c 8]
POC    7 LId:  0 TId: 5 ( TRAIL, B-SLICE, QP 36 )       9000 bits [Y 35.5538 dB    U 41.8685 dB    V 44.1611 dB] [ET    49 ] [L0 6c 4] [L1 8 16]
POC   12 LId:  0 TId: 3 ( TRAIL, B-SLICE, QP 32 )      74744 bits [Y 35.8057 dB    U 41.8143 dB    V 44.0964 dB] [ET   201 ] [L0 8c 4 0] [L1 16 32]
POC   10 LId:  0 TId: 4 ( TRAIL, B-SLICE, QP 34 )      24896 bits [Y 35.4904 dB    U 41.7642 dB    V 44.0754 dB] [ET   117 ] [L0 8 6 4 0] [L1 12c 16 32]
POC    9 LId:  0 TId: 5 ( TRAIL, B-SLICE, QP 36 )       9352 bits [Y 35.4357 dB    U 41.7926 dB    V 44.1662 dB] [ET    55 ] [L0 8 4] [L1 10c 12]
POC   11 LId:  0 TId: 5 ( TRAIL, B-SLICE, QP 36 )      10016 bits [Y 35.4089 dB    U 41.8140 dB    V 44.1083 dB] [ET    51 ] [L0 10c 8] [L1 12 16]
POC   14 LId:  0 TId: 4 ( TRAIL, B-SLICE, QP 34 )      31128 bits [Y 35.5372 dB    U 41.7797 dB    V 44.0570 dB] [ET   138 ] [L0 12c 10 8 0] [L1 16 32]
POC   13 LId:  0 TId: 5 ( TRAIL, B-SLICE, QP 36 )       7248 bits [Y 35.4234 dB    U 41.8205 dB    V 44.0642 dB] [ET    47 ] [L0 12 8] [L1 14c 16]
POC   15 LId:  0 TId: 5 ( TRAIL, B-SLICE, QP 36 )       8992 bits [Y 35.5026 dB    U 41.8415 dB    V 44.1277 dB] [ET    55 ] [L0 14c 12] [L1 16 32]
POC   24 LId:  0 TId: 2 ( TRAIL, B-SLICE, QP 29 )     149792 bits [Y 36.0793 dB    U 41.8734 dB    V 44.2435 dB] [ET   253 ] [L0 16c 8 0] [L1 32]
POC   20 LId:  0 TId: 3 ( TRAIL, B-SLICE, QP 32 )      78344 bits [Y 35.7476 dB    U 41.8452 dB    V 44.1318 dB] [ET   217 ] [L0 16 8 0] [L1 24c 32]
POC   18 LId:  0 TId: 4 ( TRAIL, B-SLICE, QP 34 )      27424 bits [Y 35.6071 dB    U 41.8517 dB    V 44.1273 dB] [ET   134 ] [L0 16 8 0] [L1 20c 24 32]
POC   17 LId:  0 TId: 5 ( TRAIL, B-SLICE, QP 36 )       9768 bits [Y 35.5129 dB    U 41.8892 dB    V 44.1770 dB] [ET    55 ] [L0 16 8] [L1 18c 20]
POC   19 LId:  0 TId: 5 ( TRAIL, B-SLICE, QP 36 )      10248 bits [Y 35.3603 dB    U 41.8373 dB    V 44.1183 dB] [ET    56 ] [L0 18c 16] [L1 20 24]
POC   22 LId:  0 TId: 4 ( TRAIL, B-SLICE, QP 34 )      28880 bits [Y 35.5362 dB    U 41.7785 dB    V 44.0915 dB] [ET   130 ] [L0 20c 16 0] [L1 24 32 18]
POC   21 LId:  0 TId: 5 ( TRAIL, B-SLICE, QP 36 )       9232 bits [Y 35.3749 dB    U 41.8554 dB    V 44.1199 dB] [ET    54 ] [L0 20 16] [L1 22c 24]
POC   23 LId:  0 TId: 5 ( TRAIL, B-SLICE, QP 36 )       8768 bits [Y 35.5383 dB    U 41.8304 dB    V 44.1034 dB] [ET    53 ] [L0 22c 20] [L1 24 32]
POC   28 LId:  0 TId: 3 ( TRAIL, B-SLICE, QP 32 )      71696 bits [Y 35.8948 dB    U 41.8083 dB    V 44.1718 dB] [ET   206 ] [L0 24c 20 16 0] [L1 32]
POC   26 LId:  0 TId: 4 ( TRAIL, B-SLICE, QP 34 )      32216 bits [Y 35.4774 dB    U 41.8156 dB    V 44.0965 dB] [ET   129 ] [L0 24 20 16 0] [L1 28c 32]
POC   25 LId:  0 TId: 5 ( TRAIL, B-SLICE, QP 36 )       8568 bits [Y 35.5554 dB    U 41.8512 dB    V 44.1554 dB] [ET    51 ] [L0 24 20] [L1 26c 28]
POC   27 LId:  0 TId: 5 ( TRAIL, B-SLICE, QP 36 )      10568 bits [Y 35.3773 dB    U 41.7793 dB    V 44.1079 dB] [ET    53 ] [L0 26c 24] [L1 28 32]
POC   30 LId:  0 TId: 4 ( TRAIL, B-SLICE, QP 34 )      34144 bits [Y 35.5756 dB    U 41.9113 dB    V 44.1692 dB] [ET   135 ] [L0 28c 24 16 0] [L1 32]
POC   29 LId:  0 TId: 5 ( TRAIL, B-SLICE, QP 36 )      10744 bits [Y 35.3826 dB    U 41.8399 dB    V 44.0928 dB] [ET    57 ] [L0 28 24] [L1 30c 32]
POC   31 LId:  0 TId: 5 ( TRAIL, B-SLICE, QP 36 )       8288 bits [Y 35.6797 dB    U 41.9467 dB    V 44.1693 dB] [ET    47 ] [L0 30c 28] [L1 32]

LayerId  0
	Total Frames |  Bitrate      Y-PSNR   U-PSNR   V-PSNR   YUV-PSNR 
	33           a  6118.8509    35.7258  41.8661  44.1468  37.0609  

 finished @ Tue Aug 19 09:36:58 2025
 Total Time:     4437.374 sec. [user]     4437.375 sec. [elapsed]
