
VVCSoftware: VTM Encoder Version 23.11 [Windows][VS 1944][64 bit] [SIMD=AVX2] 

TOOL CFG: IBD:1 HAD:1 RDQ:1 RDQTS:1 LQP:0 SQP:0 ASR:1 MinSearchWindow:96 RestrictMESampling:0 FEN:1 ECU:0 FDM:1 ESD:0 TransformSkip:1 TransformSkipFast:1 TransformSkipLog2MaxSize:5 ChromaTS:1 BDPCM:0 Tiles: 1x1 Slices: 1 MCTS:0 SAO:1 ALF:1 CCALF:1 MaxNumALFAPS 8 AlfapsIDShift 0 ConstantJointCbCrSignFlagWPP:0 WPB:0 PME:2  WaveFrontSynchro:0 WaveFrontSubstreams:1 ScalingList:0 TMVPMode:1  DQ:1  SignBitHidingFlag:0 RecalQP:0 
TOOL CFG: LFNST:1 MMVD:1 Affine:1 AffineType:1 AdaptBypassAffineMe:0 PROF:1 SbTMVP:1 DualITree:1 IMV:1 BIO:1 LMChroma:1 HorCollocatedChroma:1 VerCollocatedChroma:0 MTS:1(explicit intra) SBT:1 ISP:1 SMVD:1 CompositeLTReference:0 Bcw:1 BcwFast:1 LADF:0 CIIP:1 Geo:1 AllowDisFracMMVD:1 AffineAmvr:1 AffineAmvrEncOpt:1 AffineAmvp:1 DMVR:1 MmvdDisNum:6 JointCbCr:1 ACT:0 PLT:0 IBC:0 HashME:0 WrapAround:0 VirtualBoundariesEnabledFlag:0 VirtualBoundariesPresentInSPSFlag:1 vertical virtual boundaries:[ ] horizontal virtual boundaries:[ ] Reshape:1 (Signal:SDR Opt:0 CSoffset:6) MRL:1 MIP:1 EncDbOpt:1 AlfLambdaOpt:0 
FAST TOOL CFG: LCTUFast:0 FastMrg:1 MaxMergeRdCandNumTotal:7 MergeRdCandQuotaRegular:4 MergeRdCandQuotaRegularSmallBlk:4 MergeRdCandQuotaSubBlk:2 MergeRdCandQuotaCiip:1 MergeRdCandQuotaGpm:8 PBIntraFast:1 IMV4PelFast:1 MTSMaxCand: 4(intra) 4(inter) ISPFast:0 FastLFNST:0 AMaxBT:1 E0023FastEnc:1 ContentBasedFastQtbt:0 UseNonLinearAlfLuma:1 UseNonLinearAlfChroma:1 MaxNumAlfAlternativesChroma:8 FastMIP:0 TTFastSkip:31 TTFastSkipThr:1.075 FastLocalDualTree:1 RPR:0 TemporalFilter:4/4 SEI CTI:0 BIM:0 SEI FGC:0 SEI processing Order:0 DPF:0 


 started @ Tue Aug 19 07:28:33 2025
POC    0 LId:  0 TId: 0 ( IDR_N_LP, I-SLICE, QP 29 )    1003216 bits [Y 35.9091 dB    U 40.6528 dB    V 42.9855 dB] [ET   320 ] [L0] [L1]
POC   32 LId:  0 TId: 0 ( TRAIL, B-SLICE, QP 31 )     163896 bits [Y 34.9617 dB    U 40.6160 dB    V 43.0491 dB] [ET   262 ] [L0 0] [L1 0c]
POC   16 LId:  0 TId: 1 ( STSA, B-SLICE, QP 34 )      78136 bits [Y 34.4057 dB    U 40.4769 dB    V 42.9680 dB] [ET   179 ] [L0 0 32] [L1 32c]
POC    8 LId:  0 TId: 2 ( TRAIL, B-SLICE, QP 35 )      48952 bits [Y 34.2845 dB    U 40.5153 dB    V 42.9752 dB] [ET   159 ] [L0 0 16 32] [L1 16c 32]
POC    4 LId:  0 TId: 3 ( TRAIL, B-SLICE, QP 38 )      17944 bits [Y 34.1316 dB    U 40.5867 dB    V 43.0205 dB] [ET    97 ] [L0 0 8 16] [L1 8c 16 32]
POC    2 LId:  0 TId: 4 ( TRAIL, B-SLICE, QP 40 )       7768 bits [Y 34.2876 dB    U 40.6234 dB    V 42.9879 dB] [ET    59 ] [L0 0 4 8] [L1 4c 8 16 32]
POC    1 LId:  0 TId: 5 ( TRAIL, B-SLICE, QP 41 )       2264 bits [Y 34.7816 dB    U 40.7009 dB    V 43.0132 dB] [ET    31 ] [L0 0] [L1 2c 4]
POC    3 LId:  0 TId: 5 ( TRAIL, B-SLICE, QP 41 )       2664 bits [Y 34.0700 dB    U 40.6101 dB    V 42.9746 dB] [ET    35 ] [L0 2c 0] [L1 4 8]
POC    6 LId:  0 TId: 4 ( TRAIL, B-SLICE, QP 40 )       7456 bits [Y 34.2680 dB    U 40.5369 dB    V 42.9140 dB] [ET    60 ] [L0 4c 2 0] [L1 8 16 32]
POC    5 LId:  0 TId: 5 ( TRAIL, B-SLICE, QP 41 )       1960 bits [Y 34.0725 dB    U 40.5506 dB    V 42.9776 dB] [ET    34 ] [L0 4 0] [L1 6c 8]
POC    7 LId:  0 TId: 5 ( TRAIL, B-SLICE, QP 41 )       2024 bits [Y 34.1816 dB    U 40.5416 dB    V 42.9489 dB] [ET    35 ] [L0 6c 4] [L1 8 16]
POC   12 LId:  0 TId: 3 ( TRAIL, B-SLICE, QP 38 )      18680 bits [Y 34.2208 dB    U 40.5121 dB    V 42.9267 dB] [ET    97 ] [L0 8c 4 0] [L1 16 32]
POC   10 LId:  0 TId: 4 ( TRAIL, B-SLICE, QP 40 )       6696 bits [Y 33.9315 dB    U 40.4764 dB    V 42.9226 dB] [ET    66 ] [L0 8 6 4 0] [L1 12c 16 32]
POC    9 LId:  0 TId: 5 ( TRAIL, B-SLICE, QP 41 )       2544 bits [Y 33.9943 dB    U 40.4717 dB    V 42.9490 dB] [ET    35 ] [L0 8 4] [L1 10c 12]
POC   11 LId:  0 TId: 5 ( TRAIL, B-SLICE, QP 41 )       1808 bits [Y 33.9802 dB    U 40.4859 dB    V 42.9271 dB] [ET    34 ] [L0 10c 8] [L1 12 16]
POC   14 LId:  0 TId: 4 ( TRAIL, B-SLICE, QP 40 )       6864 bits [Y 34.0452 dB    U 40.4998 dB    V 42.9097 dB] [ET    57 ] [L0 12c 10 8 0] [L1 16 32]
POC   13 LId:  0 TId: 5 ( TRAIL, B-SLICE, QP 41 )       1952 bits [Y 34.0102 dB    U 40.5098 dB    V 42.9149 dB] [ET    33 ] [L0 12 8] [L1 14c 16]
POC   15 LId:  0 TId: 5 ( TRAIL, B-SLICE, QP 41 )       2136 bits [Y 34.1397 dB    U 40.4909 dB    V 42.9351 dB] [ET    34 ] [L0 14c 12] [L1 16 32]
POC   24 LId:  0 TId: 2 ( TRAIL, B-SLICE, QP 35 )      49544 bits [Y 34.4540 dB    U 40.5240 dB    V 43.0170 dB] [ET   140 ] [L0 16c 8 0] [L1 32]
POC   20 LId:  0 TId: 3 ( TRAIL, B-SLICE, QP 38 )      19504 bits [Y 34.1511 dB    U 40.4982 dB    V 42.9539 dB] [ET    99 ] [L0 16 8 0] [L1 24c 32]
POC   18 LId:  0 TId: 4 ( TRAIL, B-SLICE, QP 40 )       6280 bits [Y 34.0757 dB    U 40.4807 dB    V 42.9527 dB] [ET    58 ] [L0 16 8 0] [L1 20c 24 32]
POC   17 LId:  0 TId: 5 ( TRAIL, B-SLICE, QP 41 )       2528 bits [Y 34.1141 dB    U 40.5099 dB    V 42.9570 dB] [ET    36 ] [L0 16 8] [L1 18c 20]
POC   19 LId:  0 TId: 5 ( TRAIL, B-SLICE, QP 41 )       2424 bits [Y 33.9379 dB    U 40.4940 dB    V 42.9204 dB] [ET    32 ] [L0 18c 16] [L1 20 24]
POC   22 LId:  0 TId: 4 ( TRAIL, B-SLICE, QP 40 )       6792 bits [Y 34.0491 dB    U 40.4559 dB    V 42.9556 dB] [ET    50 ] [L0 20c 16 0] [L1 24 32 18]
POC   21 LId:  0 TId: 5 ( TRAIL, B-SLICE, QP 41 )       2384 bits [Y 33.9787 dB    U 40.5190 dB    V 42.9592 dB] [ET    29 ] [L0 20 16] [L1 22c 24]
POC   23 LId:  0 TId: 5 ( TRAIL, B-SLICE, QP 41 )       2016 bits [Y 34.1397 dB    U 40.4896 dB    V 42.9084 dB] [ET    29 ] [L0 22c 20] [L1 24 32]
POC   28 LId:  0 TId: 3 ( TRAIL, B-SLICE, QP 38 )      17856 bits [Y 34.3014 dB    U 40.5036 dB    V 43.0155 dB] [ET    80 ] [L0 24c 20 16 0] [L1 32]
POC   26 LId:  0 TId: 4 ( TRAIL, B-SLICE, QP 40 )       8136 bits [Y 33.9733 dB    U 40.5068 dB    V 42.9086 dB] [ET    55 ] [L0 24 20 16 0] [L1 28c 32]
POC   25 LId:  0 TId: 5 ( TRAIL, B-SLICE, QP 41 )       2160 bits [Y 34.1530 dB    U 40.5105 dB    V 42.9529 dB] [ET    34 ] [L0 24 20] [L1 26c 28]
POC   27 LId:  0 TId: 5 ( TRAIL, B-SLICE, QP 41 )       2928 bits [Y 33.9957 dB    U 40.4839 dB    V 42.9186 dB] [ET    33 ] [L0 26c 24] [L1 28 32]
POC   30 LId:  0 TId: 4 ( TRAIL, B-SLICE, QP 40 )       6816 bits [Y 34.1002 dB    U 40.5985 dB    V 43.0094 dB] [ET    48 ] [L0 28c 24 16 0] [L1 32]
POC   29 LId:  0 TId: 5 ( TRAIL, B-SLICE, QP 41 )       2192 bits [Y 34.0307 dB    U 40.5086 dB    V 42.9261 dB] [ET    29 ] [L0 28 24] [L1 30c 32]
POC   31 LId:  0 TId: 5 ( TRAIL, B-SLICE, QP 41 )       2056 bits [Y 34.3934 dB    U 40.6157 dB    V 42.9964 dB] [ET    27 ] [L0 30c 28] [L1 32]

LayerId  0
	Total Frames |  Bitrate      Y-PSNR   U-PSNR   V-PSNR   YUV-PSNR 
	33           a  2746.5018    34.2280  40.5320  42.9591  35.5931  

 finished @ Tue Aug 19 08:08:42 2025
 Total Time:     2408.842 sec. [user]     2408.843 sec. [elapsed]
