
VVCSoftware: VTM Encoder Version 23.11 [Windows][VS 1944][64 bit] [SIMD=AVX2] 

TOOL CFG: IBD:1 HAD:1 RDQ:0 RDQTS:0 LQP:0 SQP:0 ASR:0 MinSearchWindow:96 RestrictMESampling:0 FEN:0 ECU:0 FDM:0 ESD:0 TransformSkip:1 TransformSkipFast:1 TransformSkipLog2MaxSize:5 ChromaTS:1 BDPCM:0 Tiles: 1x1 Slices: 1 MCTS:0 SAO:0 ALF:0 CCALF:0 MaxNumALFAPS 8 AlfapsIDShift 0 ConstantJointCbCrSignFlagWPP:0 WPB:0 PME:2  WaveFrontSynchro:0 WaveFrontSubstreams:1 ScalingList:0 TMVPMode:1  DQ:0  SignBitHidingFlag:0 RecalQP:0 
TOOL CFG: LFNST:1 MMVD:1 Affine:1 AffineType:1 AdaptBypassAffineMe:0 PROF:1 SbTMVP:1 DualITree:1 IMV:1 BIO:1 LMChroma:1 HorCollocatedChroma:1 VerCollocatedChroma:0 MTS:1(explicit intra) SBT:1 ISP:1 SMVD:1 CompositeLTReference:0 Bcw:1 BcwFast:1 LADF:0 CIIP:1 Geo:1 AllowDisFracMMVD:1 AffineAmvr:1 AffineAmvrEncOpt:1 AffineAmvp:1 DMVR:1 MmvdDisNum:6 JointCbCr:1 ACT:0 PLT:0 IBC:0 HashME:0 WrapAround:0 VirtualBoundariesEnabledFlag:0 VirtualBoundariesPresentInSPSFlag:1 vertical virtual boundaries:[ ] horizontal virtual boundaries:[ ] Reshape:1 (Signal:SDR Opt:0 CSoffset:6) MRL:1 MIP:1 EncDbOpt:1 AlfLambdaOpt:0 
FAST TOOL CFG: LCTUFast:0 FastMrg:0 MaxMergeRdCandNumTotal:7 MergeRdCandQuotaRegular:4 MergeRdCandQuotaRegularSmallBlk:4 MergeRdCandQuotaSubBlk:2 MergeRdCandQuotaCiip:1 MergeRdCandQuotaGpm:8 PBIntraFast:1 IMV4PelFast:1 MTSMaxCand: 4(intra) 4(inter) ISPFast:0 FastLFNST:0 AMaxBT:1 E0023FastEnc:1 ContentBasedFastQtbt:0 UseNonLinearAlfLuma:1 UseNonLinearAlfChroma:1 MaxNumAlfAlternativesChroma:8 FastMIP:0 TTFastSkip:31 TTFastSkipThr:1.075 FastLocalDualTree:1 RPR:0 TemporalFilter:4/4 SEI CTI:0 BIM:0 SEI FGC:0 SEI processing Order:0 DPF:0 


 started @ Tue Aug 19 20:12:21 2025
POC    0 LId:  0 TId: 0 ( IDR_N_LP, I-SLICE, QP 24 )      92744 bits [Y 42.0853 dB    U 44.4727 dB    V 44.6250 dB] [ET    18 ] [L0] [L1]
POC   32 LId:  0 TId: 0 ( TRAIL, B-SLICE, QP 26 )      37096 bits [Y 40.8203 dB    U 43.9678 dB    V 43.5232 dB] [ET   472 ] [L0 0] [L1 0c]
POC   16 LId:  0 TId: 1 ( STSA, B-SLICE, QP 28 )      18448 bits [Y 39.8894 dB    U 43.2787 dB    V 42.8617 dB] [ET   564 ] [L0 0 32] [L1 32c]
POC    8 LId:  0 TId: 2 ( TRAIL, B-SLICE, QP 29 )      13264 bits [Y 39.7996 dB    U 43.2101 dB    V 42.9003 dB] [ET   656 ] [L0 0 16 32] [L1 16c 32]
POC    4 LId:  0 TId: 3 ( TRAIL, B-SLICE, QP 32 )       7024 bits [Y 39.1602 dB    U 43.3493 dB    V 42.3728 dB] [ET   776 ] [L0 0 8 16] [L1 8c 16 32]
POC    2 LId:  0 TId: 4 ( TRAIL, B-SLICE, QP 34 )       3000 bits [Y 39.2992 dB    U 43.6245 dB    V 42.9977 dB] [ET   751 ] [L0 0 4 8] [L1 4c 8 16 32]
POC    1 LId:  0 TId: 5 ( TRAIL, B-SLICE, QP 36 )       1000 bits [Y 39.5299 dB    U 43.8361 dB    V 43.1784 dB] [ET   144 ] [L0 0] [L1 2c 4]
POC    3 LId:  0 TId: 5 ( TRAIL, B-SLICE, QP 36 )        904 bits [Y 38.5481 dB    U 43.3354 dB    V 42.3530 dB] [ET   226 ] [L0 2c 0] [L1 4 8]
POC    6 LId:  0 TId: 4 ( TRAIL, B-SLICE, QP 34 )       3208 bits [Y 38.4647 dB    U 43.0953 dB    V 42.3156 dB] [ET   837 ] [L0 4c 2 0] [L1 8 16 32]
POC    5 LId:  0 TId: 5 ( TRAIL, B-SLICE, QP 36 )        728 bits [Y 38.3767 dB    U 43.0639 dB    V 42.1326 dB] [ET   220 ] [L0 4 0] [L1 6c 8]
POC    7 LId:  0 TId: 5 ( TRAIL, B-SLICE, QP 36 )       1128 bits [Y 38.5492 dB    U 42.9739 dB    V 42.2494 dB] [ET   250 ] [L0 6c 4] [L1 8 16]
POC   12 LId:  0 TId: 3 ( TRAIL, B-SLICE, QP 32 )       7064 bits [Y 38.9164 dB    U 43.0874 dB    V 42.3552 dB] [ET   845 ] [L0 8c 4 0] [L1 16 32]
POC   10 LId:  0 TId: 4 ( TRAIL, B-SLICE, QP 34 )       3352 bits [Y 38.6499 dB    U 43.0059 dB    V 42.3126 dB] [ET   952 ] [L0 8 6 4 0] [L1 12c 16 32]
POC    9 LId:  0 TId: 5 ( TRAIL, B-SLICE, QP 36 )       1160 bits [Y 38.4620 dB    U 43.1056 dB    V 42.4375 dB] [ET   233 ] [L0 8 4] [L1 10c 12]
POC   11 LId:  0 TId: 5 ( TRAIL, B-SLICE, QP 36 )       1104 bits [Y 38.2848 dB    U 43.0365 dB    V 42.1257 dB] [ET   249 ] [L0 10c 8] [L1 12 16]
POC   14 LId:  0 TId: 4 ( TRAIL, B-SLICE, QP 34 )       2632 bits [Y 38.6621 dB    U 43.1906 dB    V 42.5413 dB] [ET   749 ] [L0 12c 10 8 0] [L1 16 32]
POC   13 LId:  0 TId: 5 ( TRAIL, B-SLICE, QP 36 )        720 bits [Y 38.3286 dB    U 43.0999 dB    V 42.2274 dB] [ET   202 ] [L0 12 8] [L1 14c 16]
POC   15 LId:  0 TId: 5 ( TRAIL, B-SLICE, QP 36 )        744 bits [Y 38.9514 dB    U 43.2271 dB    V 42.6470 dB] [ET   164 ] [L0 14c 12] [L1 16 32]
POC   24 LId:  0 TId: 2 ( TRAIL, B-SLICE, QP 29 )      14056 bits [Y 39.4787 dB    U 43.3165 dB    V 42.5505 dB] [ET   698 ] [L0 16c 8 0] [L1 32]
POC   20 LId:  0 TId: 3 ( TRAIL, B-SLICE, QP 32 )       6992 bits [Y 38.8445 dB    U 43.2062 dB    V 41.9678 dB] [ET   813 ] [L0 16 8 0] [L1 24c 32]
POC   18 LId:  0 TId: 4 ( TRAIL, B-SLICE, QP 34 )       2528 bits [Y 38.5104 dB    U 43.1946 dB    V 42.1257 dB] [ET   712 ] [L0 16 8 0] [L1 20c 24 32]
POC   17 LId:  0 TId: 5 ( TRAIL, B-SLICE, QP 36 )        592 bits [Y 38.7207 dB    U 43.1334 dB    V 42.3917 dB] [ET   168 ] [L0 16 8] [L1 18c 20]
POC   19 LId:  0 TId: 5 ( TRAIL, B-SLICE, QP 36 )        592 bits [Y 38.3554 dB    U 43.2567 dB    V 41.9329 dB] [ET   157 ] [L0 18c 16] [L1 20 24]
POC   22 LId:  0 TId: 4 ( TRAIL, B-SLICE, QP 34 )       2704 bits [Y 38.4588 dB    U 43.2393 dB    V 41.8224 dB] [ET   701 ] [L0 20c 16 0] [L1 24 32 18]
POC   21 LId:  0 TId: 5 ( TRAIL, B-SLICE, QP 36 )        536 bits [Y 38.3426 dB    U 43.2139 dB    V 41.7081 dB] [ET   183 ] [L0 20 16] [L1 22c 24]
POC   23 LId:  0 TId: 5 ( TRAIL, B-SLICE, QP 36 )        520 bits [Y 38.5744 dB    U 43.2860 dB    V 41.9611 dB] [ET   170 ] [L0 22c 20] [L1 24 32]
POC   28 LId:  0 TId: 3 ( TRAIL, B-SLICE, QP 32 )       6600 bits [Y 38.9114 dB    U 43.3634 dB    V 42.0561 dB] [ET   799 ] [L0 24c 20 16 0] [L1 32]
POC   26 LId:  0 TId: 4 ( TRAIL, B-SLICE, QP 34 )       2496 bits [Y 38.5395 dB    U 43.3500 dB    V 42.0272 dB] [ET   739 ] [L0 24 20 16 0] [L1 28c 32]
POC   25 LId:  0 TId: 5 ( TRAIL, B-SLICE, QP 36 )        440 bits [Y 38.5682 dB    U 43.4221 dB    V 42.0098 dB] [ET   175 ] [L0 24 20] [L1 26c 28]
POC   27 LId:  0 TId: 5 ( TRAIL, B-SLICE, QP 36 )        544 bits [Y 38.3119 dB    U 43.3672 dB    V 41.5753 dB] [ET   174 ] [L0 26c 24] [L1 28 32]
POC   30 LId:  0 TId: 4 ( TRAIL, B-SLICE, QP 34 )       2712 bits [Y 38.8226 dB    U 43.5708 dB    V 42.3166 dB] [ET   563 ] [L0 28c 24 16 0] [L1 32]
POC   29 LId:  0 TId: 5 ( TRAIL, B-SLICE, QP 36 )        720 bits [Y 38.3296 dB    U 43.3980 dB    V 41.5118 dB] [ET   189 ] [L0 28 24] [L1 30c 32]
POC   31 LId:  0 TId: 5 ( TRAIL, B-SLICE, QP 36 )        816 bits [Y 39.0698 dB    U 43.6219 dB    V 41.9525 dB] [ET   146 ] [L0 30c 28] [L1 32]

LayerId  0
	Total Frames |  Bitrate      Y-PSNR   U-PSNR   V-PSNR   YUV-PSNR 
	33           a  360.8606     38.9278  43.3303  42.3656  39.8268  

 finished @ Wed Aug 20 00:17:16 2025
 Total Time:    14695.132 sec. [user]    14695.132 sec. [elapsed]
