
VVCSoftware: VTM Encoder Version 23.11 [Windows][VS 1944][64 bit] [SIMD=AVX2] 

TOOL CFG: IBD:1 HAD:1 RDQ:0 RDQTS:0 LQP:0 SQP:0 ASR:1 MinSearchWindow:96 RestrictMESampling:0 FEN:1 ECU:0 FDM:1 ESD:0 TransformSkip:1 TransformSkipFast:1 TransformSkipLog2MaxSize:5 ChromaTS:1 BDPCM:0 Tiles: 1x1 Slices: 1 MCTS:0 SAO:1 ALF:1 CCALF:1 MaxNumALFAPS 8 AlfapsIDShift 0 ConstantJointCbCrSignFlagWPP:0 WPB:0 PME:2  WaveFrontSynchro:0 WaveFrontSubstreams:1 ScalingList:0 TMVPMode:1  DQ:0  SignBitHidingFlag:0 RecalQP:0 
TOOL CFG: LFNST:1 MMVD:1 Affine:1 AffineType:1 AdaptBypassAffineMe:0 PROF:1 SbTMVP:1 DualITree:1 IMV:1 BIO:1 LMChroma:1 HorCollocatedChroma:1 VerCollocatedChroma:0 MTS:1(explicit intra) SBT:1 ISP:1 SMVD:1 CompositeLTReference:0 Bcw:1 BcwFast:1 LADF:0 CIIP:1 Geo:1 AllowDisFracMMVD:1 AffineAmvr:1 AffineAmvrEncOpt:1 AffineAmvp:1 DMVR:1 MmvdDisNum:6 JointCbCr:1 ACT:0 PLT:0 IBC:0 HashME:0 WrapAround:0 VirtualBoundariesEnabledFlag:0 VirtualBoundariesPresentInSPSFlag:1 vertical virtual boundaries:[ ] horizontal virtual boundaries:[ ] Reshape:1 (Signal:SDR Opt:0 CSoffset:6) MRL:1 MIP:1 EncDbOpt:1 AlfLambdaOpt:0 
FAST TOOL CFG: LCTUFast:1 FastMrg:1 MaxMergeRdCandNumTotal:7 MergeRdCandQuotaRegular:4 MergeRdCandQuotaRegularSmallBlk:4 MergeRdCandQuotaSubBlk:2 MergeRdCandQuotaCiip:1 MergeRdCandQuotaGpm:8 PBIntraFast:1 IMV4PelFast:1 MTSMaxCand: 4(intra) 4(inter) ISPFast:0 FastLFNST:0 AMaxBT:1 E0023FastEnc:1 ContentBasedFastQtbt:0 UseNonLinearAlfLuma:1 UseNonLinearAlfChroma:1 MaxNumAlfAlternativesChroma:8 FastMIP:0 TTFastSkip:31 TTFastSkipThr:1.075 FastLocalDualTree:1 RPR:0 TemporalFilter:4/4 SEI CTI:0 BIM:0 SEI FGC:0 SEI processing Order:0 DPF:0 


 started @ Mon Aug 18 20:55:59 2025
POC    0 LId:  0 TId: 0 ( IDR_N_LP, I-SLICE, QP 19 )    3123304 bits [Y 41.5176 dB    U 43.8704 dB    V 45.8318 dB] [ET   314 ] [L0] [L1]
POC   32 LId:  0 TId: 0 ( TRAIL, B-SLICE, QP 21 )    1235448 bits [Y 38.6375 dB    U 43.1589 dB    V 45.4029 dB] [ET   511 ] [L0 0] [L1 0c]
POC   16 LId:  0 TId: 1 ( STSA, B-SLICE, QP 22 )     932288 bits [Y 38.2324 dB    U 43.1028 dB    V 45.3652 dB] [ET   493 ] [L0 0 32] [L1 32c]
POC    8 LId:  0 TId: 2 ( TRAIL, B-SLICE, QP 23 )     734168 bits [Y 38.1763 dB    U 43.0074 dB    V 45.3321 dB] [ET   476 ] [L0 0 16 32] [L1 16c 32]
POC    4 LId:  0 TId: 3 ( TRAIL, B-SLICE, QP 26 )     619104 bits [Y 38.4008 dB    U 43.0740 dB    V 45.3935 dB] [ET   450 ] [L0 0 8 16] [L1 8c 16 32]
POC    2 LId:  0 TId: 4 ( TRAIL, B-SLICE, QP 28 )     252688 bits [Y 37.4286 dB    U 43.2153 dB    V 45.4470 dB] [ET   302 ] [L0 0 4 8] [L1 4c 8 16 32]
POC    1 LId:  0 TId: 5 ( TRAIL, B-SLICE, QP 29 )     108136 bits [Y 37.1775 dB    U 43.5671 dB    V 45.6634 dB] [ET   159 ] [L0 0] [L1 2c 4]
POC    3 LId:  0 TId: 5 ( TRAIL, B-SLICE, QP 29 )     151912 bits [Y 36.9696 dB    U 43.1567 dB    V 45.4209 dB] [ET   206 ] [L0 2c 0] [L1 4 8]
POC    6 LId:  0 TId: 4 ( TRAIL, B-SLICE, QP 28 )     272256 bits [Y 37.3835 dB    U 43.0333 dB    V 45.3520 dB] [ET   318 ] [L0 4c 2 0] [L1 8 16 32]
POC    5 LId:  0 TId: 5 ( TRAIL, B-SLICE, QP 29 )     145248 bits [Y 36.9245 dB    U 43.0515 dB    V 45.3323 dB] [ET   194 ] [L0 4 0] [L1 6c 8]
POC    7 LId:  0 TId: 5 ( TRAIL, B-SLICE, QP 29 )     125680 bits [Y 36.9531 dB    U 43.0604 dB    V 45.3709 dB] [ET   190 ] [L0 6c 4] [L1 8 16]
POC   12 LId:  0 TId: 3 ( TRAIL, B-SLICE, QP 26 )     604016 bits [Y 38.3989 dB    U 43.0131 dB    V 45.3497 dB] [ET   413 ] [L0 8c 4 0] [L1 16 32]
POC   10 LId:  0 TId: 4 ( TRAIL, B-SLICE, QP 28 )     262896 bits [Y 37.3766 dB    U 42.9449 dB    V 45.2812 dB] [ET   324 ] [L0 8 6 4 0] [L1 12c 16 32]
POC    9 LId:  0 TId: 5 ( TRAIL, B-SLICE, QP 29 )     135264 bits [Y 36.9693 dB    U 43.0017 dB    V 45.3422 dB] [ET   205 ] [L0 8 4] [L1 10c 12]
POC   11 LId:  0 TId: 5 ( TRAIL, B-SLICE, QP 29 )     144720 bits [Y 36.9397 dB    U 43.0017 dB    V 45.3446 dB] [ET   201 ] [L0 10c 8] [L1 12 16]
POC   14 LId:  0 TId: 4 ( TRAIL, B-SLICE, QP 28 )     281160 bits [Y 37.3513 dB    U 42.9407 dB    V 45.2552 dB] [ET   316 ] [L0 12c 10 8 0] [L1 16 32]
POC   13 LId:  0 TId: 5 ( TRAIL, B-SLICE, QP 29 )     131840 bits [Y 36.9154 dB    U 42.9819 dB    V 45.2894 dB] [ET   191 ] [L0 12 8] [L1 14c 16]
POC   15 LId:  0 TId: 5 ( TRAIL, B-SLICE, QP 29 )     132680 bits [Y 36.9713 dB    U 43.0862 dB    V 45.3237 dB] [ET   201 ] [L0 14c 12] [L1 16 32]
POC   24 LId:  0 TId: 2 ( TRAIL, B-SLICE, QP 23 )     704808 bits [Y 38.2245 dB    U 43.0790 dB    V 45.4197 dB] [ET   425 ] [L0 16c 8 0] [L1 32]
POC   20 LId:  0 TId: 3 ( TRAIL, B-SLICE, QP 26 )     614512 bits [Y 38.4078 dB    U 43.0097 dB    V 45.3242 dB] [ET   408 ] [L0 16 8 0] [L1 24c 32]
POC   18 LId:  0 TId: 4 ( TRAIL, B-SLICE, QP 28 )     262144 bits [Y 37.3819 dB    U 43.0063 dB    V 45.3040 dB] [ET   316 ] [L0 16 8 0] [L1 20c 24 32]
POC   17 LId:  0 TId: 5 ( TRAIL, B-SLICE, QP 29 )     131776 bits [Y 37.0014 dB    U 43.0818 dB    V 45.3558 dB] [ET   203 ] [L0 16 8] [L1 18c 20]
POC   19 LId:  0 TId: 5 ( TRAIL, B-SLICE, QP 29 )     153584 bits [Y 36.9539 dB    U 43.0132 dB    V 45.2846 dB] [ET   207 ] [L0 18c 16] [L1 20 24]
POC   22 LId:  0 TId: 4 ( TRAIL, B-SLICE, QP 28 )     282800 bits [Y 37.3527 dB    U 42.9359 dB    V 45.2870 dB] [ET   321 ] [L0 20c 16 0] [L1 24 32 18]
POC   21 LId:  0 TId: 5 ( TRAIL, B-SLICE, QP 29 )     150112 bits [Y 36.9272 dB    U 43.0227 dB    V 45.3257 dB] [ET   210 ] [L0 20 16] [L1 22c 24]
POC   23 LId:  0 TId: 5 ( TRAIL, B-SLICE, QP 29 )     126928 bits [Y 36.9883 dB    U 42.9938 dB    V 45.2838 dB] [ET   209 ] [L0 22c 20] [L1 24 32]
POC   28 LId:  0 TId: 3 ( TRAIL, B-SLICE, QP 26 )     581152 bits [Y 38.4064 dB    U 42.9460 dB    V 45.3082 dB] [ET   425 ] [L0 24c 20 16 0] [L1 32]
POC   26 LId:  0 TId: 4 ( TRAIL, B-SLICE, QP 28 )     289376 bits [Y 37.3454 dB    U 42.9696 dB    V 45.2956 dB] [ET   307 ] [L0 24 20 16 0] [L1 28c 32]
POC   25 LId:  0 TId: 5 ( TRAIL, B-SLICE, QP 29 )     122920 bits [Y 37.0083 dB    U 43.0269 dB    V 45.3377 dB] [ET   195 ] [L0 24 20] [L1 26c 28]
POC   27 LId:  0 TId: 5 ( TRAIL, B-SLICE, QP 29 )     156080 bits [Y 36.9333 dB    U 42.9333 dB    V 45.2526 dB] [ET   186 ] [L0 26c 24] [L1 28 32]
POC   30 LId:  0 TId: 4 ( TRAIL, B-SLICE, QP 28 )     281480 bits [Y 37.3599 dB    U 43.0373 dB    V 45.3191 dB] [ET   258 ] [L0 28c 24 16 0] [L1 32]
POC   29 LId:  0 TId: 5 ( TRAIL, B-SLICE, QP 29 )     155472 bits [Y 36.9383 dB    U 42.9517 dB    V 45.2375 dB] [ET   189 ] [L0 28 24] [L1 30c 32]
POC   31 LId:  0 TId: 5 ( TRAIL, B-SLICE, QP 29 )     123576 bits [Y 37.0138 dB    U 43.0764 dB    V 45.3463 dB] [ET   172 ] [L0 30c 28] [L1 32]

LayerId  0
	Total Frames |  Bitrate      Y-PSNR   U-PSNR   V-PSNR   YUV-PSNR 
	33           a  24599.1418   37.5445  43.0713  45.3570  38.7755  

 finished @ Mon Aug 18 23:34:14 2025
 Total Time:     9495.362 sec. [user]     9495.362 sec. [elapsed]
