
VVCSoftware: VTM Encoder Version 23.11 [Windows][VS 1944][64 bit] [SIMD=AVX2] 

TOOL CFG: IBD:1 HAD:1 RDQ:1 RDQTS:1 LQP:0 SQP:0 ASR:1 MinSearchWindow:96 RestrictMESampling:0 FEN:1 ECU:0 FDM:1 ESD:0 TransformSkip:1 TransformSkipFast:1 TransformSkipLog2MaxSize:5 ChromaTS:1 BDPCM:0 Tiles: 1x1 Slices: 1 MCTS:0 SAO:1 ALF:1 CCALF:1 MaxNumALFAPS 8 AlfapsIDShift 0 ConstantJointCbCrSignFlagWPP:0 WPB:0 PME:2  WaveFrontSynchro:0 WaveFrontSubstreams:1 ScalingList:0 TMVPMode:1  DQ:1  SignBitHidingFlag:0 RecalQP:0 
TOOL CFG: LFNST:1 MMVD:1 Affine:1 AffineType:1 AdaptBypassAffineMe:0 PROF:1 SbTMVP:1 DualITree:1 IMV:1 BIO:1 LMChroma:1 HorCollocatedChroma:1 VerCollocatedChroma:0 MTS:1(explicit intra) SBT:1 ISP:1 SMVD:1 CompositeLTReference:0 Bcw:1 BcwFast:1 LADF:0 CIIP:1 Geo:1 AllowDisFracMMVD:1 AffineAmvr:1 AffineAmvrEncOpt:1 AffineAmvp:1 DMVR:1 MmvdDisNum:6 JointCbCr:1 ACT:0 PLT:0 IBC:0 HashME:0 WrapAround:0 VirtualBoundariesEnabledFlag:0 VirtualBoundariesPresentInSPSFlag:1 vertical virtual boundaries:[ ] horizontal virtual boundaries:[ ] Reshape:1 (Signal:SDR Opt:0 CSoffset:6) MRL:1 MIP:1 EncDbOpt:1 AlfLambdaOpt:0 
FAST TOOL CFG: LCTUFast:0 FastMrg:1 MaxMergeRdCandNumTotal:7 MergeRdCandQuotaRegular:4 MergeRdCandQuotaRegularSmallBlk:4 MergeRdCandQuotaSubBlk:2 MergeRdCandQuotaCiip:1 MergeRdCandQuotaGpm:8 PBIntraFast:1 IMV4PelFast:1 MTSMaxCand: 4(intra) 4(inter) ISPFast:0 FastLFNST:0 AMaxBT:1 E0023FastEnc:1 ContentBasedFastQtbt:0 UseNonLinearAlfLuma:1 UseNonLinearAlfChroma:1 MaxNumAlfAlternativesChroma:8 FastMIP:0 TTFastSkip:31 TTFastSkipThr:1.075 FastLocalDualTree:1 RPR:0 TemporalFilter:4/4 SEI CTI:0 BIM:0 SEI FGC:0 SEI processing Order:0 DPF:0 


 started @ Tue Aug 19 09:45:15 2025
POC    0 LId:  0 TId: 0 ( IDR_N_LP, I-SLICE, QP 19 )    2976968 bits [Y 41.4066 dB    U 43.7858 dB    V 45.7208 dB] [ET   467 ] [L0] [L1]
POC   32 LId:  0 TId: 0 ( TRAIL, B-SLICE, QP 21 )    1354112 bits [Y 39.3191 dB    U 43.1799 dB    V 45.3910 dB] [ET   704 ] [L0 0] [L1 0c]
POC   16 LId:  0 TId: 1 ( STSA, B-SLICE, QP 22 )    1020512 bits [Y 38.7823 dB    U 43.1381 dB    V 45.3549 dB] [ET   644 ] [L0 0 32] [L1 32c]
POC    8 LId:  0 TId: 2 ( TRAIL, B-SLICE, QP 23 )     821416 bits [Y 38.7386 dB    U 42.9980 dB    V 45.3136 dB] [ET   600 ] [L0 0 16 32] [L1 16c 32]
POC    4 LId:  0 TId: 3 ( TRAIL, B-SLICE, QP 26 )     731176 bits [Y 39.1118 dB    U 43.0644 dB    V 45.3708 dB] [ET   563 ] [L0 0 8 16] [L1 8c 16 32]
POC    2 LId:  0 TId: 4 ( TRAIL, B-SLICE, QP 28 )     275832 bits [Y 37.6479 dB    U 43.2010 dB    V 45.4024 dB] [ET   369 ] [L0 0 4 8] [L1 4c 8 16 32]
POC    1 LId:  0 TId: 5 ( TRAIL, B-SLICE, QP 29 )     108416 bits [Y 37.2256 dB    U 43.5166 dB    V 45.5962 dB] [ET   187 ] [L0 0] [L1 2c 4]
POC    3 LId:  0 TId: 5 ( TRAIL, B-SLICE, QP 29 )     154912 bits [Y 37.0514 dB    U 43.1337 dB    V 45.3726 dB] [ET   238 ] [L0 2c 0] [L1 4 8]
POC    6 LId:  0 TId: 4 ( TRAIL, B-SLICE, QP 28 )     297216 bits [Y 37.6207 dB    U 43.0127 dB    V 45.3446 dB] [ET   394 ] [L0 4c 2 0] [L1 8 16 32]
POC    5 LId:  0 TId: 5 ( TRAIL, B-SLICE, QP 29 )     152424 bits [Y 37.0378 dB    U 43.0260 dB    V 45.2982 dB] [ET   222 ] [L0 4 0] [L1 6c 8]
POC    7 LId:  0 TId: 5 ( TRAIL, B-SLICE, QP 29 )     122560 bits [Y 37.0395 dB    U 43.0414 dB    V 45.3430 dB] [ET   222 ] [L0 6c 4] [L1 8 16]
POC   12 LId:  0 TId: 3 ( TRAIL, B-SLICE, QP 26 )     716920 bits [Y 39.1102 dB    U 43.0390 dB    V 45.3625 dB] [ET   530 ] [L0 8c 4 0] [L1 16 32]
POC   10 LId:  0 TId: 4 ( TRAIL, B-SLICE, QP 28 )     282080 bits [Y 37.5894 dB    U 42.9349 dB    V 45.2492 dB] [ET   390 ] [L0 8 6 4 0] [L1 12c 16 32]
POC    9 LId:  0 TId: 5 ( TRAIL, B-SLICE, QP 29 )     138280 bits [Y 37.0610 dB    U 42.9861 dB    V 45.3188 dB] [ET   209 ] [L0 8 4] [L1 10c 12]
POC   11 LId:  0 TId: 5 ( TRAIL, B-SLICE, QP 29 )     150424 bits [Y 37.0350 dB    U 42.9932 dB    V 45.3160 dB] [ET   218 ] [L0 10c 8] [L1 12 16]
POC   14 LId:  0 TId: 4 ( TRAIL, B-SLICE, QP 28 )     307024 bits [Y 37.6013 dB    U 42.9712 dB    V 45.2601 dB] [ET   371 ] [L0 12c 10 8 0] [L1 16 32]
POC   13 LId:  0 TId: 5 ( TRAIL, B-SLICE, QP 29 )     138936 bits [Y 37.0233 dB    U 43.0041 dB    V 45.2962 dB] [ET   219 ] [L0 12 8] [L1 14c 16]
POC   15 LId:  0 TId: 5 ( TRAIL, B-SLICE, QP 29 )     133008 bits [Y 37.0744 dB    U 43.0914 dB    V 45.3125 dB] [ET   241 ] [L0 14c 12] [L1 16 32]
POC   24 LId:  0 TId: 2 ( TRAIL, B-SLICE, QP 23 )     793416 bits [Y 38.7588 dB    U 43.0777 dB    V 45.4232 dB] [ET   549 ] [L0 16c 8 0] [L1 32]
POC   20 LId:  0 TId: 3 ( TRAIL, B-SLICE, QP 26 )     727160 bits [Y 39.1112 dB    U 43.0349 dB    V 45.3365 dB] [ET   531 ] [L0 16 8 0] [L1 24c 32]
POC   18 LId:  0 TId: 4 ( TRAIL, B-SLICE, QP 28 )     283640 bits [Y 37.6093 dB    U 43.0457 dB    V 45.3064 dB] [ET   415 ] [L0 16 8 0] [L1 20c 24 32]
POC   17 LId:  0 TId: 5 ( TRAIL, B-SLICE, QP 29 )     130056 bits [Y 37.0900 dB    U 43.0999 dB    V 45.3377 dB] [ET   248 ] [L0 16 8] [L1 18c 20]
POC   19 LId:  0 TId: 5 ( TRAIL, B-SLICE, QP 29 )     153592 bits [Y 37.0432 dB    U 43.0291 dB    V 45.2888 dB] [ET   242 ] [L0 18c 16] [L1 20 24]
POC   22 LId:  0 TId: 4 ( TRAIL, B-SLICE, QP 28 )     310320 bits [Y 37.6005 dB    U 42.9622 dB    V 45.2903 dB] [ET   407 ] [L0 20c 16 0] [L1 24 32 18]
POC   21 LId:  0 TId: 5 ( TRAIL, B-SLICE, QP 29 )     157592 bits [Y 37.0413 dB    U 43.0376 dB    V 45.3077 dB] [ET   213 ] [L0 20 16] [L1 22c 24]
POC   23 LId:  0 TId: 5 ( TRAIL, B-SLICE, QP 29 )     121952 bits [Y 37.0546 dB    U 43.0161 dB    V 45.2803 dB] [ET   263 ] [L0 22c 20] [L1 24 32]
POC   28 LId:  0 TId: 3 ( TRAIL, B-SLICE, QP 26 )     692744 bits [Y 39.0956 dB    U 42.9624 dB    V 45.2973 dB] [ET   526 ] [L0 24c 20 16 0] [L1 32]
POC   26 LId:  0 TId: 4 ( TRAIL, B-SLICE, QP 28 )     313168 bits [Y 37.5929 dB    U 42.9782 dB    V 45.2916 dB] [ET   409 ] [L0 24 20 16 0] [L1 28c 32]
POC   25 LId:  0 TId: 5 ( TRAIL, B-SLICE, QP 29 )     110592 bits [Y 37.0437 dB    U 43.0292 dB    V 45.3320 dB] [ET   259 ] [L0 24 20] [L1 26c 28]
POC   27 LId:  0 TId: 5 ( TRAIL, B-SLICE, QP 29 )     162888 bits [Y 37.0450 dB    U 42.9273 dB    V 45.2768 dB] [ET   247 ] [L0 26c 24] [L1 28 32]
POC   30 LId:  0 TId: 4 ( TRAIL, B-SLICE, QP 28 )     299232 bits [Y 37.5992 dB    U 43.0329 dB    V 45.3376 dB] [ET   386 ] [L0 28c 24 16 0] [L1 32]
POC   29 LId:  0 TId: 5 ( TRAIL, B-SLICE, QP 29 )     158840 bits [Y 37.0427 dB    U 42.9551 dB    V 45.2203 dB] [ET   268 ] [L0 28 24] [L1 30c 32]
POC   31 LId:  0 TId: 5 ( TRAIL, B-SLICE, QP 29 )     112360 bits [Y 37.0795 dB    U 43.0912 dB    V 45.3217 dB] [ET   257 ] [L0 30c 28] [L1 32]

LayerId  0
	Total Frames |  Bitrate      Y-PSNR   U-PSNR   V-PSNR   YUV-PSNR 
	33           a  26199.5782   37.7965  43.0726  45.3416  38.9781  

 finished @ Tue Aug 19 13:05:26 2025
 Total Time:    12010.000 sec. [user]    12010.000 sec. [elapsed]
