
VVCSoftware: VTM Encoder Version 23.11 [Windows][VS 1944][64 bit] [SIMD=AVX2] 

TOOL CFG: IBD:1 HAD:1 RDQ:1 RDQTS:1 LQP:0 SQP:0 ASR:1 MinSearchWindow:96 RestrictMESampling:0 FEN:1 ECU:0 FDM:1 ESD:0 TransformSkip:1 TransformSkipFast:1 TransformSkipLog2MaxSize:5 ChromaTS:1 BDPCM:0 Tiles: 1x1 Slices: 1 MCTS:0 SAO:1 ALF:1 CCALF:1 MaxNumALFAPS 8 AlfapsIDShift 0 ConstantJointCbCrSignFlagWPP:0 WPB:0 PME:2  WaveFrontSynchro:0 WaveFrontSubstreams:1 ScalingList:0 TMVPMode:1  DQ:1  SignBitHidingFlag:0 RecalQP:0 
TOOL CFG: LFNST:1 MMVD:1 Affine:1 AffineType:1 AdaptBypassAffineMe:0 PROF:1 SbTMVP:1 DualITree:1 IMV:1 BIO:1 LMChroma:1 HorCollocatedChroma:1 VerCollocatedChroma:0 MTS:1(explicit intra) SBT:1 ISP:1 SMVD:1 CompositeLTReference:0 Bcw:1 BcwFast:1 LADF:0 CIIP:1 Geo:1 AllowDisFracMMVD:1 AffineAmvr:1 AffineAmvrEncOpt:1 AffineAmvp:1 DMVR:1 MmvdDisNum:6 JointCbCr:1 ACT:0 PLT:0 IBC:0 HashME:0 WrapAround:0 VirtualBoundariesEnabledFlag:0 VirtualBoundariesPresentInSPSFlag:1 vertical virtual boundaries:[ ] horizontal virtual boundaries:[ ] Reshape:1 (Signal:SDR Opt:0 CSoffset:6) MRL:1 MIP:1 EncDbOpt:1 AlfLambdaOpt:0 
FAST TOOL CFG: LCTUFast:1 FastMrg:1 MaxMergeRdCandNumTotal:7 MergeRdCandQuotaRegular:4 MergeRdCandQuotaRegularSmallBlk:4 MergeRdCandQuotaSubBlk:2 MergeRdCandQuotaCiip:1 MergeRdCandQuotaGpm:8 PBIntraFast:1 IMV4PelFast:1 MTSMaxCand: 4(intra) 4(inter) ISPFast:0 FastLFNST:0 AMaxBT:1 E0023FastEnc:1 ContentBasedFastQtbt:0 UseNonLinearAlfLuma:1 UseNonLinearAlfChroma:1 MaxNumAlfAlternativesChroma:8 FastMIP:0 TTFastSkip:31 TTFastSkipThr:1.075 FastLocalDualTree:1 RPR:0 TemporalFilter:4/4 SEI CTI:0 BIM:0 SEI FGC:0 SEI processing Order:0 DPF:0 


 started @ Mon Aug 18 18:22:56 2025
POC    0 LId:  0 TId: 0 ( IDR_N_LP, I-SLICE, QP 34 )     138504 bits [Y 37.4944 dB    U 42.1199 dB    V 42.3447 dB] [ET    65 ] [L0] [L1]
POC   32 LId:  0 TId: 0 ( TRAIL, B-SLICE, QP 36 )     114056 bits [Y 37.0474 dB    U 41.7241 dB    V 41.8880 dB] [ET   333 ] [L0 0] [L1 0c]
POC   16 LId:  0 TId: 1 ( STSA, B-SLICE, QP 40 )      45080 bits [Y 36.5591 dB    U 41.9395 dB    V 41.8598 dB] [ET   180 ] [L0 0 32] [L1 32c]
POC    8 LId:  0 TId: 2 ( TRAIL, B-SLICE, QP 41 )      33712 bits [Y 36.2975 dB    U 41.7953 dB    V 41.5364 dB] [ET   154 ] [L0 0 16 32] [L1 16c 32]
POC    4 LId:  0 TId: 3 ( TRAIL, B-SLICE, QP 43 )      22416 bits [Y 36.1230 dB    U 41.6595 dB    V 41.3969 dB] [ET   118 ] [L0 0 8 16] [L1 8c 16 32]
POC    2 LId:  0 TId: 4 ( TRAIL, B-SLICE, QP 45 )      12880 bits [Y 36.0275 dB    U 41.6768 dB    V 41.2926 dB] [ET    80 ] [L0 0 4 8] [L1 4c 8 16 32]
POC    1 LId:  0 TId: 5 ( TRAIL, B-SLICE, QP 46 )       6656 bits [Y 36.1249 dB    U 41.8444 dB    V 41.2717 dB] [ET    36 ] [L0 0] [L1 2c 4]
POC    3 LId:  0 TId: 5 ( TRAIL, B-SLICE, QP 46 )       7296 bits [Y 35.7762 dB    U 41.5775 dB    V 40.9197 dB] [ET    44 ] [L0 2c 0] [L1 4 8]
POC    6 LId:  0 TId: 4 ( TRAIL, B-SLICE, QP 45 )      14408 bits [Y 35.5742 dB    U 41.4771 dB    V 40.8438 dB] [ET    81 ] [L0 4c 2 0] [L1 8 16 32]
POC    5 LId:  0 TId: 5 ( TRAIL, B-SLICE, QP 46 )       6920 bits [Y 35.4774 dB    U 41.4901 dB    V 40.7854 dB] [ET    44 ] [L0 4 0] [L1 6c 8]
POC    7 LId:  0 TId: 5 ( TRAIL, B-SLICE, QP 46 )       7224 bits [Y 35.5185 dB    U 41.6244 dB    V 40.9132 dB] [ET    43 ] [L0 6c 4] [L1 8 16]
POC   12 LId:  0 TId: 3 ( TRAIL, B-SLICE, QP 43 )      19304 bits [Y 36.0718 dB    U 41.8230 dB    V 41.5533 dB] [ET   104 ] [L0 8c 4 0] [L1 16 32]
POC   10 LId:  0 TId: 4 ( TRAIL, B-SLICE, QP 45 )      11176 bits [Y 35.6678 dB    U 41.6018 dB    V 41.0537 dB] [ET    79 ] [L0 8 6 4 0] [L1 12c 16 32]
POC    9 LId:  0 TId: 5 ( TRAIL, B-SLICE, QP 46 )       6728 bits [Y 35.6160 dB    U 41.6057 dB    V 40.9372 dB] [ET    43 ] [L0 8 4] [L1 10c 12]
POC   11 LId:  0 TId: 5 ( TRAIL, B-SLICE, QP 46 )       5176 bits [Y 35.6090 dB    U 41.6957 dB    V 41.1357 dB] [ET    35 ] [L0 10c 8] [L1 12 16]
POC   14 LId:  0 TId: 4 ( TRAIL, B-SLICE, QP 45 )       9200 bits [Y 35.8586 dB    U 41.7984 dB    V 41.4311 dB] [ET    65 ] [L0 12c 10 8 0] [L1 16 32]
POC   13 LId:  0 TId: 5 ( TRAIL, B-SLICE, QP 46 )       4552 bits [Y 35.7666 dB    U 41.7278 dB    V 41.3448 dB] [ET    33 ] [L0 12 8] [L1 14c 16]
POC   15 LId:  0 TId: 5 ( TRAIL, B-SLICE, QP 46 )       3848 bits [Y 35.9132 dB    U 41.8358 dB    V 41.3776 dB] [ET    34 ] [L0 14c 12] [L1 16 32]
POC   24 LId:  0 TId: 2 ( TRAIL, B-SLICE, QP 41 )      37056 bits [Y 36.1850 dB    U 41.4232 dB    V 41.4899 dB] [ET   166 ] [L0 16c 8 0] [L1 32]
POC   20 LId:  0 TId: 3 ( TRAIL, B-SLICE, QP 43 )      19960 bits [Y 36.0242 dB    U 41.5409 dB    V 41.6180 dB] [ET   115 ] [L0 16 8 0] [L1 24c 32]
POC   18 LId:  0 TId: 4 ( TRAIL, B-SLICE, QP 45 )       9376 bits [Y 35.7775 dB    U 41.5493 dB    V 41.3073 dB] [ET    70 ] [L0 16 8 0] [L1 20c 24 32]
POC   17 LId:  0 TId: 5 ( TRAIL, B-SLICE, QP 46 )       4312 bits [Y 35.9415 dB    U 41.6958 dB    V 41.2883 dB] [ET    34 ] [L0 16 8] [L1 18c 20]
POC   19 LId:  0 TId: 5 ( TRAIL, B-SLICE, QP 46 )       4392 bits [Y 35.6801 dB    U 41.4705 dB    V 41.2832 dB] [ET    36 ] [L0 18c 16] [L1 20 24]
POC   22 LId:  0 TId: 4 ( TRAIL, B-SLICE, QP 45 )      10840 bits [Y 35.6893 dB    U 41.2410 dB    V 41.1509 dB] [ET    77 ] [L0 20c 16 0] [L1 24 32 18]
POC   21 LId:  0 TId: 5 ( TRAIL, B-SLICE, QP 46 )       4800 bits [Y 35.5759 dB    U 41.2494 dB    V 41.1635 dB] [ET    36 ] [L0 20 16] [L1 22c 24]
POC   23 LId:  0 TId: 5 ( TRAIL, B-SLICE, QP 46 )       5184 bits [Y 35.5682 dB    U 41.2907 dB    V 41.1588 dB] [ET    35 ] [L0 22c 20] [L1 24 32]
POC   28 LId:  0 TId: 3 ( TRAIL, B-SLICE, QP 43 )      27032 bits [Y 35.5241 dB    U 41.2004 dB    V 41.0368 dB] [ET   133 ] [L0 24c 20 16 0] [L1 32]
POC   26 LId:  0 TId: 4 ( TRAIL, B-SLICE, QP 45 )      12584 bits [Y 35.2367 dB    U 41.1542 dB    V 40.9728 dB] [ET    81 ] [L0 24 20 16 0] [L1 28c 32]
POC   25 LId:  0 TId: 5 ( TRAIL, B-SLICE, QP 46 )       5872 bits [Y 35.3447 dB    U 41.2001 dB    V 41.0022 dB] [ET    42 ] [L0 24 20] [L1 26c 28]
POC   27 LId:  0 TId: 5 ( TRAIL, B-SLICE, QP 46 )       6184 bits [Y 35.0231 dB    U 41.1329 dB    V 40.8218 dB] [ET    42 ] [L0 26c 24] [L1 28 32]
POC   30 LId:  0 TId: 4 ( TRAIL, B-SLICE, QP 45 )      12864 bits [Y 35.3733 dB    U 41.2794 dB    V 40.9893 dB] [ET    80 ] [L0 28c 24 16 0] [L1 32]
POC   29 LId:  0 TId: 5 ( TRAIL, B-SLICE, QP 46 )       5776 bits [Y 35.0671 dB    U 41.1894 dB    V 40.6874 dB] [ET    37 ] [L0 28 24] [L1 30c 32]
POC   31 LId:  0 TId: 5 ( TRAIL, B-SLICE, QP 46 )       5568 bits [Y 35.6339 dB    U 41.4597 dB    V 41.3102 dB] [ET    35 ] [L0 30c 28] [L1 32]

LayerId  0
	Total Frames |  Bitrate      Y-PSNR   U-PSNR   V-PSNR   YUV-PSNR 
	33           a  971.1152     35.8233  41.5483  41.2474  36.9953  

 finished @ Mon Aug 18 19:06:07 2025
 Total Time:     2591.005 sec. [user]     2591.005 sec. [elapsed]
