
VVCSoftware: VTM Encoder Version 23.11 [Windows][VS 1944][64 bit] [SIMD=AVX2] 

TOOL CFG: IBD:1 HAD:1 RDQ:1 RDQTS:1 LQP:0 SQP:0 ASR:1 MinSearchWindow:96 RestrictMESampling:0 FEN:1 ECU:0 FDM:1 ESD:0 TransformSkip:1 TransformSkipFast:1 TransformSkipLog2MaxSize:5 ChromaTS:1 BDPCM:0 Tiles: 1x1 Slices: 1 MCTS:0 SAO:1 ALF:1 CCALF:1 MaxNumALFAPS 8 AlfapsIDShift 0 ConstantJointCbCrSignFlagWPP:0 WPB:0 PME:2  WaveFrontSynchro:0 WaveFrontSubstreams:1 ScalingList:0 TMVPMode:1  DQ:1  SignBitHidingFlag:0 RecalQP:0 
TOOL CFG: LFNST:1 MMVD:1 Affine:1 AffineType:1 AdaptBypassAffineMe:0 PROF:1 SbTMVP:1 DualITree:1 IMV:1 BIO:1 LMChroma:1 HorCollocatedChroma:1 VerCollocatedChroma:0 MTS:1(explicit intra) SBT:1 ISP:1 SMVD:1 CompositeLTReference:0 Bcw:1 BcwFast:1 LADF:0 CIIP:1 Geo:1 AllowDisFracMMVD:1 AffineAmvr:1 AffineAmvrEncOpt:1 AffineAmvp:1 DMVR:1 MmvdDisNum:6 JointCbCr:1 ACT:0 PLT:0 IBC:0 HashME:0 WrapAround:0 VirtualBoundariesEnabledFlag:0 VirtualBoundariesPresentInSPSFlag:1 vertical virtual boundaries:[ ] horizontal virtual boundaries:[ ] Reshape:1 (Signal:SDR Opt:0 CSoffset:6) MRL:1 MIP:1 EncDbOpt:1 AlfLambdaOpt:0 
FAST TOOL CFG: LCTUFast:1 FastMrg:1 MaxMergeRdCandNumTotal:7 MergeRdCandQuotaRegular:4 MergeRdCandQuotaRegularSmallBlk:4 MergeRdCandQuotaSubBlk:2 MergeRdCandQuotaCiip:1 MergeRdCandQuotaGpm:8 PBIntraFast:1 IMV4PelFast:1 MTSMaxCand: 4(intra) 4(inter) ISPFast:0 FastLFNST:0 AMaxBT:1 E0023FastEnc:1 ContentBasedFastQtbt:0 UseNonLinearAlfLuma:1 UseNonLinearAlfChroma:1 MaxNumAlfAlternativesChroma:8 FastMIP:0 TTFastSkip:31 TTFastSkipThr:1.075 FastLocalDualTree:1 RPR:0 TemporalFilter:4/4 SEI CTI:0 BIM:0 SEI FGC:0 SEI processing Order:0 DPF:0 


 started @ Mon Aug 18 20:30:13 2025
POC    0 LId:  0 TId: 0 ( IDR_N_LP, I-SLICE, QP 24 )    1684240 bits [Y 38.1615 dB    U 42.1505 dB    V 44.2367 dB] [ET   427 ] [L0] [L1]
POC   32 LId:  0 TId: 0 ( TRAIL, B-SLICE, QP 26 )     450424 bits [Y 36.7249 dB    U 41.9690 dB    V 44.2067 dB] [ET   432 ] [L0 0] [L1 0c]
POC   16 LId:  0 TId: 1 ( STSA, B-SLICE, QP 28 )     237232 bits [Y 36.0900 dB    U 41.8442 dB    V 44.1547 dB] [ET   326 ] [L0 0 32] [L1 32c]
POC    8 LId:  0 TId: 2 ( TRAIL, B-SLICE, QP 29 )     154600 bits [Y 35.9326 dB    U 41.8014 dB    V 44.1719 dB] [ET   280 ] [L0 0 16 32] [L1 16c 32]
POC    4 LId:  0 TId: 3 ( TRAIL, B-SLICE, QP 32 )      81664 bits [Y 35.7526 dB    U 41.8699 dB    V 44.1790 dB] [ET   249 ] [L0 0 8 16] [L1 8c 16 32]
POC    2 LId:  0 TId: 4 ( TRAIL, B-SLICE, QP 34 )      28944 bits [Y 35.7276 dB    U 41.9522 dB    V 44.1747 dB] [ET   119 ] [L0 0 4 8] [L1 4c 8 16 32]
POC    1 LId:  0 TId: 5 ( TRAIL, B-SLICE, QP 36 )       8416 bits [Y 36.0693 dB    U 42.1089 dB    V 44.2298 dB] [ET    45 ] [L0 0] [L1 2c 4]
POC    3 LId:  0 TId: 5 ( TRAIL, B-SLICE, QP 36 )      11136 bits [Y 35.4423 dB    U 41.9044 dB    V 44.1740 dB] [ET    55 ] [L0 2c 0] [L1 4 8]
POC    6 LId:  0 TId: 4 ( TRAIL, B-SLICE, QP 34 )      28400 bits [Y 35.6859 dB    U 41.8439 dB    V 44.1026 dB] [ET   123 ] [L0 4c 2 0] [L1 8 16 32]
POC    5 LId:  0 TId: 5 ( TRAIL, B-SLICE, QP 36 )       7984 bits [Y 35.4154 dB    U 41.8672 dB    V 44.1468 dB] [ET    47 ] [L0 4 0] [L1 6c 8]
POC    7 LId:  0 TId: 5 ( TRAIL, B-SLICE, QP 36 )       9096 bits [Y 35.5442 dB    U 41.8542 dB    V 44.1737 dB] [ET    48 ] [L0 6c 4] [L1 8 16]
POC   12 LId:  0 TId: 3 ( TRAIL, B-SLICE, QP 32 )      73576 bits [Y 35.7878 dB    U 41.8351 dB    V 44.1050 dB] [ET   202 ] [L0 8c 4 0] [L1 16 32]
POC   10 LId:  0 TId: 4 ( TRAIL, B-SLICE, QP 34 )      25400 bits [Y 35.4835 dB    U 41.7814 dB    V 44.0767 dB] [ET   116 ] [L0 8 6 4 0] [L1 12c 16 32]
POC    9 LId:  0 TId: 5 ( TRAIL, B-SLICE, QP 36 )       9920 bits [Y 35.4186 dB    U 41.8034 dB    V 44.1245 dB] [ET    53 ] [L0 8 4] [L1 10c 12]
POC   11 LId:  0 TId: 5 ( TRAIL, B-SLICE, QP 36 )       8376 bits [Y 35.3926 dB    U 41.8368 dB    V 44.0948 dB] [ET    51 ] [L0 10c 8] [L1 12 16]
POC   14 LId:  0 TId: 4 ( TRAIL, B-SLICE, QP 34 )      31032 bits [Y 35.5305 dB    U 41.7756 dB    V 44.0147 dB] [ET   138 ] [L0 12c 10 8 0] [L1 16 32]
POC   13 LId:  0 TId: 5 ( TRAIL, B-SLICE, QP 36 )       7256 bits [Y 35.4062 dB    U 41.8209 dB    V 44.0614 dB] [ET    46 ] [L0 12 8] [L1 14c 16]
POC   15 LId:  0 TId: 5 ( TRAIL, B-SLICE, QP 36 )       8952 bits [Y 35.5060 dB    U 41.8253 dB    V 44.0938 dB] [ET    52 ] [L0 14c 12] [L1 16 32]
POC   24 LId:  0 TId: 2 ( TRAIL, B-SLICE, QP 29 )     151024 bits [Y 36.0693 dB    U 41.8487 dB    V 44.2468 dB] [ET   252 ] [L0 16c 8 0] [L1 32]
POC   20 LId:  0 TId: 3 ( TRAIL, B-SLICE, QP 32 )      78208 bits [Y 35.7507 dB    U 41.8065 dB    V 44.0942 dB] [ET   208 ] [L0 16 8 0] [L1 24c 32]
POC   18 LId:  0 TId: 4 ( TRAIL, B-SLICE, QP 34 )      26992 bits [Y 35.5894 dB    U 41.8154 dB    V 44.1050 dB] [ET   125 ] [L0 16 8 0] [L1 20c 24 32]
POC   17 LId:  0 TId: 5 ( TRAIL, B-SLICE, QP 36 )      10288 bits [Y 35.5026 dB    U 41.8685 dB    V 44.1342 dB] [ET    54 ] [L0 16 8] [L1 18c 20]
POC   19 LId:  0 TId: 5 ( TRAIL, B-SLICE, QP 36 )      10240 bits [Y 35.3569 dB    U 41.8102 dB    V 44.0682 dB] [ET    56 ] [L0 18c 16] [L1 20 24]
POC   22 LId:  0 TId: 4 ( TRAIL, B-SLICE, QP 34 )      28584 bits [Y 35.5294 dB    U 41.7552 dB    V 44.0768 dB] [ET   125 ] [L0 20c 16 0] [L1 24 32 18]
POC   21 LId:  0 TId: 5 ( TRAIL, B-SLICE, QP 36 )       9368 bits [Y 35.3690 dB    U 41.8264 dB    V 44.0911 dB] [ET    54 ] [L0 20 16] [L1 22c 24]
POC   23 LId:  0 TId: 5 ( TRAIL, B-SLICE, QP 36 )       9208 bits [Y 35.5320 dB    U 41.7976 dB    V 44.0846 dB] [ET    55 ] [L0 22c 20] [L1 24 32]
POC   28 LId:  0 TId: 3 ( TRAIL, B-SLICE, QP 32 )      71088 bits [Y 35.8859 dB    U 41.8016 dB    V 44.1146 dB] [ET   171 ] [L0 24c 20 16 0] [L1 32]
POC   26 LId:  0 TId: 4 ( TRAIL, B-SLICE, QP 34 )      31704 bits [Y 35.4647 dB    U 41.8157 dB    V 44.0840 dB] [ET   121 ] [L0 24 20 16 0] [L1 28c 32]
POC   25 LId:  0 TId: 5 ( TRAIL, B-SLICE, QP 36 )       8408 bits [Y 35.5473 dB    U 41.8362 dB    V 44.1466 dB] [ET    51 ] [L0 24 20] [L1 26c 28]
POC   27 LId:  0 TId: 5 ( TRAIL, B-SLICE, QP 36 )      10416 bits [Y 35.3824 dB    U 41.7784 dB    V 44.0563 dB] [ET    53 ] [L0 26c 24] [L1 28 32]
POC   30 LId:  0 TId: 4 ( TRAIL, B-SLICE, QP 34 )      32448 bits [Y 35.5764 dB    U 41.9092 dB    V 44.1525 dB] [ET   123 ] [L0 28c 24 16 0] [L1 32]
POC   29 LId:  0 TId: 5 ( TRAIL, B-SLICE, QP 36 )      10512 bits [Y 35.3756 dB    U 41.8174 dB    V 44.0729 dB] [ET    55 ] [L0 28 24] [L1 30c 32]
POC   31 LId:  0 TId: 5 ( TRAIL, B-SLICE, QP 36 )       8432 bits [Y 35.6933 dB    U 41.9330 dB    V 44.1641 dB] [ET    47 ] [L0 30c 28] [L1 32]

LayerId  0
	Total Frames |  Bitrate      Y-PSNR   U-PSNR   V-PSNR   YUV-PSNR 
	33           a  6115.5782    35.7181  41.8565  44.1277  37.0527  

 finished @ Mon Aug 18 21:42:50 2025
 Total Time:     4357.004 sec. [user]     4357.005 sec. [elapsed]
