
VVCSoftware: VTM Encoder Version 23.11 [Windows][VS 1944][64 bit] [SIMD=AVX2] 

TOOL CFG: IBD:1 HAD:1 RDQ:1 RDQTS:1 LQP:0 SQP:0 ASR:1 MinSearchWindow:96 RestrictMESampling:0 FEN:1 ECU:0 FDM:1 ESD:0 TransformSkip:1 TransformSkipFast:1 TransformSkipLog2MaxSize:5 ChromaTS:1 BDPCM:0 Tiles: 1x1 Slices: 1 MCTS:0 SAO:0 ALF:1 CCALF:1 MaxNumALFAPS 8 AlfapsIDShift 0 ConstantJointCbCrSignFlagWPP:0 WPB:0 PME:2  WaveFrontSynchro:0 WaveFrontSubstreams:1 ScalingList:0 TMVPMode:1  DQ:1  SignBitHidingFlag:0 RecalQP:0 
TOOL CFG: LFNST:1 MMVD:1 Affine:1 AffineType:1 AdaptBypassAffineMe:0 PROF:1 SbTMVP:1 DualITree:1 IMV:1 BIO:1 LMChroma:1 HorCollocatedChroma:1 VerCollocatedChroma:0 MTS:1(explicit intra) SBT:1 ISP:1 SMVD:1 CompositeLTReference:0 Bcw:1 BcwFast:1 LADF:0 CIIP:1 Geo:1 AllowDisFracMMVD:1 AffineAmvr:1 AffineAmvrEncOpt:1 AffineAmvp:1 DMVR:1 MmvdDisNum:6 JointCbCr:1 ACT:0 PLT:0 IBC:0 HashME:0 WrapAround:0 VirtualBoundariesEnabledFlag:0 VirtualBoundariesPresentInSPSFlag:1 vertical virtual boundaries:[ ] horizontal virtual boundaries:[ ] Reshape:1 (Signal:SDR Opt:0 CSoffset:6) MRL:1 MIP:1 EncDbOpt:1 AlfLambdaOpt:0 
FAST TOOL CFG: LCTUFast:1 FastMrg:1 MaxMergeRdCandNumTotal:7 MergeRdCandQuotaRegular:4 MergeRdCandQuotaRegularSmallBlk:4 MergeRdCandQuotaSubBlk:2 MergeRdCandQuotaCiip:1 MergeRdCandQuotaGpm:8 PBIntraFast:1 IMV4PelFast:1 MTSMaxCand: 4(intra) 4(inter) ISPFast:0 FastLFNST:0 AMaxBT:1 E0023FastEnc:1 ContentBasedFastQtbt:0 UseNonLinearAlfLuma:1 UseNonLinearAlfChroma:1 MaxNumAlfAlternativesChroma:8 FastMIP:0 TTFastSkip:31 TTFastSkipThr:1.075 FastLocalDualTree:1 RPR:0 TemporalFilter:4/4 SEI CTI:0 BIM:0 SEI FGC:0 SEI processing Order:0 DPF:0 


 started @ Mon Aug 18 17:45:17 2025
POC    0 LId:  0 TId: 0 ( IDR_N_LP, I-SLICE, QP 24 )     512048 bits [Y 39.8937 dB    U 40.0254 dB    V 40.1778 dB] [ET   115 ] [L0] [L1]
POC   32 LId:  0 TId: 0 ( TRAIL, B-SLICE, QP 26 )     303936 bits [Y 38.9465 dB    U 39.2749 dB    V 39.5660 dB] [ET   185 ] [L0 0] [L1 0c]
POC   16 LId:  0 TId: 1 ( STSA, B-SLICE, QP 28 )     212944 bits [Y 38.1517 dB    U 38.4546 dB    V 38.9427 dB] [ET   164 ] [L0 0 32] [L1 32c]
POC    8 LId:  0 TId: 2 ( TRAIL, B-SLICE, QP 29 )     195464 bits [Y 37.8441 dB    U 37.9846 dB    V 38.5144 dB] [ET   161 ] [L0 0 16 32] [L1 16c 32]
POC    4 LId:  0 TId: 3 ( TRAIL, B-SLICE, QP 32 )     128912 bits [Y 37.5532 dB    U 37.1644 dB    V 37.4143 dB] [ET   128 ] [L0 0 8 16] [L1 8c 16 32]
POC    2 LId:  0 TId: 4 ( TRAIL, B-SLICE, QP 34 )      79096 bits [Y 37.0105 dB    U 36.6177 dB    V 37.0379 dB] [ET    98 ] [L0 0 4 8] [L1 4c 8 16 32]
POC    1 LId:  0 TId: 5 ( TRAIL, B-SLICE, QP 36 )      55320 bits [Y 36.1721 dB    U 36.0542 dB    V 36.6894 dB] [ET    68 ] [L0 0] [L1 2c 4]
POC    3 LId:  0 TId: 5 ( TRAIL, B-SLICE, QP 36 )      62744 bits [Y 35.9410 dB    U 35.9886 dB    V 36.0530 dB] [ET    69 ] [L0 2c 0] [L1 4 8]
POC    6 LId:  0 TId: 4 ( TRAIL, B-SLICE, QP 34 )     110264 bits [Y 36.2053 dB    U 35.8764 dB    V 36.0010 dB] [ET   117 ] [L0 4c 2 0] [L1 8 16 32]
POC    5 LId:  0 TId: 5 ( TRAIL, B-SLICE, QP 36 )      75368 bits [Y 35.4531 dB    U 35.4760 dB    V 35.3822 dB] [ET    78 ] [L0 4 0] [L1 6c 8]
POC    7 LId:  0 TId: 5 ( TRAIL, B-SLICE, QP 36 )      79552 bits [Y 35.1893 dB    U 35.2705 dB    V 35.3966 dB] [ET    86 ] [L0 6c 4] [L1 8 16]
POC   12 LId:  0 TId: 3 ( TRAIL, B-SLICE, QP 32 )     133968 bits [Y 37.2954 dB    U 36.7954 dB    V 37.2326 dB] [ET   123 ] [L0 8c 4 0] [L1 16 32]
POC   10 LId:  0 TId: 4 ( TRAIL, B-SLICE, QP 34 )      93976 bits [Y 36.4811 dB    U 35.7255 dB    V 36.3995 dB] [ET   107 ] [L0 8 6 4 0] [L1 12c 16 32]
POC    9 LId:  0 TId: 5 ( TRAIL, B-SLICE, QP 36 )      71144 bits [Y 35.4726 dB    U 35.4998 dB    V 35.7827 dB] [ET    80 ] [L0 8 4] [L1 10c 12]
POC   11 LId:  0 TId: 5 ( TRAIL, B-SLICE, QP 36 )      74384 bits [Y 35.4865 dB    U 35.5066 dB    V 35.6638 dB] [ET    79 ] [L0 10c 8] [L1 12 16]
POC   14 LId:  0 TId: 4 ( TRAIL, B-SLICE, QP 34 )     112032 bits [Y 36.3219 dB    U 35.7948 dB    V 36.1351 dB] [ET   107 ] [L0 12c 10 8 0] [L1 16 32]
POC   13 LId:  0 TId: 5 ( TRAIL, B-SLICE, QP 36 )      76616 bits [Y 35.2538 dB    U 35.0694 dB    V 35.3698 dB] [ET    78 ] [L0 12 8] [L1 14c 16]
POC   15 LId:  0 TId: 5 ( TRAIL, B-SLICE, QP 36 )      77968 bits [Y 35.4342 dB    U 35.1199 dB    V 35.5548 dB] [ET    81 ] [L0 14c 12] [L1 16 32]
POC   24 LId:  0 TId: 2 ( TRAIL, B-SLICE, QP 29 )     178160 bits [Y 38.0075 dB    U 38.0490 dB    V 38.3237 dB] [ET   143 ] [L0 16c 8 0] [L1 32]
POC   20 LId:  0 TId: 3 ( TRAIL, B-SLICE, QP 32 )     107152 bits [Y 37.6146 dB    U 36.5528 dB    V 37.5224 dB] [ET   113 ] [L0 16 8 0] [L1 24c 32]
POC   18 LId:  0 TId: 4 ( TRAIL, B-SLICE, QP 34 )      83616 bits [Y 37.0340 dB    U 36.2705 dB    V 36.7225 dB] [ET    94 ] [L0 16 8 0] [L1 20c 24 32]
POC   17 LId:  0 TId: 5 ( TRAIL, B-SLICE, QP 36 )      68832 bits [Y 35.7180 dB    U 35.6153 dB    V 36.0828 dB] [ET    78 ] [L0 16 8] [L1 18c 20]
POC   19 LId:  0 TId: 5 ( TRAIL, B-SLICE, QP 36 )      56648 bits [Y 36.1652 dB    U 36.0004 dB    V 36.0764 dB] [ET    68 ] [L0 18c 16] [L1 20 24]
POC   22 LId:  0 TId: 4 ( TRAIL, B-SLICE, QP 34 )      89448 bits [Y 36.0053 dB    U 35.4469 dB    V 36.1745 dB] [ET   102 ] [L0 20c 16 0] [L1 24 32 18]
POC   21 LId:  0 TId: 5 ( TRAIL, B-SLICE, QP 36 )      56864 bits [Y 35.8187 dB    U 35.8562 dB    V 35.9603 dB] [ET    69 ] [L0 20 16] [L1 22c 24]
POC   23 LId:  0 TId: 5 ( TRAIL, B-SLICE, QP 36 )      64304 bits [Y 35.6608 dB    U 35.3766 dB    V 35.5856 dB] [ET    72 ] [L0 22c 20] [L1 24 32]
POC   28 LId:  0 TId: 3 ( TRAIL, B-SLICE, QP 32 )     116808 bits [Y 37.4821 dB    U 37.0258 dB    V 37.3374 dB] [ET   117 ] [L0 24c 20 16 0] [L1 32]
POC   26 LId:  0 TId: 4 ( TRAIL, B-SLICE, QP 34 )     103080 bits [Y 36.2223 dB    U 36.1640 dB    V 36.1392 dB] [ET   110 ] [L0 24 20 16 0] [L1 28c 32]
POC   25 LId:  0 TId: 5 ( TRAIL, B-SLICE, QP 36 )      80160 bits [Y 35.2605 dB    U 35.4352 dB    V 35.1593 dB] [ET    87 ] [L0 24 20] [L1 26c 28]
POC   27 LId:  0 TId: 5 ( TRAIL, B-SLICE, QP 36 )      69680 bits [Y 35.4967 dB    U 35.6275 dB    V 35.6131 dB] [ET    78 ] [L0 26c 24] [L1 28 32]
POC   30 LId:  0 TId: 4 ( TRAIL, B-SLICE, QP 34 )     102464 bits [Y 36.3060 dB    U 35.6785 dB    V 36.0730 dB] [ET   103 ] [L0 28c 24 16 0] [L1 32]
POC   29 LId:  0 TId: 5 ( TRAIL, B-SLICE, QP 36 )      66528 bits [Y 35.8607 dB    U 35.3635 dB    V 35.6396 dB] [ET    69 ] [L0 28 24] [L1 30c 32]
POC   31 LId:  0 TId: 5 ( TRAIL, B-SLICE, QP 36 )      76896 bits [Y 35.2955 dB    U 35.3638 dB    V 35.6290 dB] [ET    76 ] [L0 30c 28] [L1 32]

LayerId  0
	Total Frames |  Bitrate      Y-PSNR   U-PSNR   V-PSNR   YUV-PSNR 
	33           a  5721.7818    36.4865  36.2886  36.5864  36.3267  

 finished @ Mon Aug 18 18:40:20 2025
 Total Time:     3302.898 sec. [user]     3302.898 sec. [elapsed]
