
VVCSoftware: VTM Encoder Version 23.11 [Windows][VS 1944][64 bit] [SIMD=AVX2] 

TOOL CFG: IBD:1 HAD:1 RDQ:0 RDQTS:0 LQP:0 SQP:0 ASR:0 MinSearchWindow:96 RestrictMESampling:0 FEN:0 ECU:0 FDM:0 ESD:0 TransformSkip:1 TransformSkipFast:1 TransformSkipLog2MaxSize:5 ChromaTS:1 BDPCM:0 Tiles: 1x1 Slices: 1 MCTS:0 SAO:1 ALF:0 CCALF:0 MaxNumALFAPS 8 AlfapsIDShift 0 ConstantJointCbCrSignFlagWPP:0 WPB:0 PME:2  WaveFrontSynchro:0 WaveFrontSubstreams:1 ScalingList:0 TMVPMode:1  DQ:0  SignBitHidingFlag:0 RecalQP:0 
TOOL CFG: LFNST:1 MMVD:1 Affine:1 AffineType:1 AdaptBypassAffineMe:0 PROF:1 SbTMVP:1 DualITree:1 IMV:1 BIO:1 LMChroma:1 HorCollocatedChroma:1 VerCollocatedChroma:0 MTS:1(explicit intra) SBT:1 ISP:1 SMVD:1 CompositeLTReference:0 Bcw:1 BcwFast:1 LADF:0 CIIP:1 Geo:1 AllowDisFracMMVD:1 AffineAmvr:1 AffineAmvrEncOpt:1 AffineAmvp:1 DMVR:1 MmvdDisNum:6 JointCbCr:1 ACT:0 PLT:0 IBC:0 HashME:0 WrapAround:0 VirtualBoundariesEnabledFlag:0 VirtualBoundariesPresentInSPSFlag:1 vertical virtual boundaries:[ ] horizontal virtual boundaries:[ ] Reshape:1 (Signal:SDR Opt:0 CSoffset:6) MRL:1 MIP:1 EncDbOpt:1 AlfLambdaOpt:0 
FAST TOOL CFG: LCTUFast:0 FastMrg:0 MaxMergeRdCandNumTotal:7 MergeRdCandQuotaRegular:4 MergeRdCandQuotaRegularSmallBlk:4 MergeRdCandQuotaSubBlk:2 MergeRdCandQuotaCiip:1 MergeRdCandQuotaGpm:8 PBIntraFast:1 IMV4PelFast:1 MTSMaxCand: 4(intra) 4(inter) ISPFast:0 FastLFNST:0 AMaxBT:1 E0023FastEnc:1 ContentBasedFastQtbt:0 UseNonLinearAlfLuma:1 UseNonLinearAlfChroma:1 MaxNumAlfAlternativesChroma:8 FastMIP:0 TTFastSkip:31 TTFastSkipThr:1.075 FastLocalDualTree:1 RPR:0 TemporalFilter:4/4 SEI CTI:0 BIM:0 SEI FGC:0 SEI processing Order:0 DPF:0 


 started @ Tue Aug 19 13:08:24 2025
POC    0 LId:  0 TId: 0 ( IDR_N_LP, I-SLICE, QP 34 )      31456 bits [Y 35.6959 dB    U 39.1037 dB    V 38.8107 dB] [ET    10 ] [L0] [L1]
POC   32 LId:  0 TId: 0 ( TRAIL, B-SLICE, QP 36 )      12136 bits [Y 34.5986 dB    U 39.1605 dB    V 38.5633 dB] [ET   295 ] [L0 0] [L1 0c]
POC   16 LId:  0 TId: 1 ( STSA, B-SLICE, QP 40 )       4592 bits [Y 33.0450 dB    U 38.9210 dB    V 37.9317 dB] [ET   340 ] [L0 0 32] [L1 32c]
POC    8 LId:  0 TId: 2 ( TRAIL, B-SLICE, QP 41 )       2880 bits [Y 33.2455 dB    U 38.9331 dB    V 37.9063 dB] [ET   445 ] [L0 0 16 32] [L1 16c 32]
POC    4 LId:  0 TId: 3 ( TRAIL, B-SLICE, QP 43 )       1672 bits [Y 33.2144 dB    U 39.0157 dB    V 38.4265 dB] [ET   460 ] [L0 0 8 16] [L1 8c 16 32]
POC    2 LId:  0 TId: 4 ( TRAIL, B-SLICE, QP 45 )        688 bits [Y 33.6315 dB    U 39.1181 dB    V 38.4632 dB] [ET   269 ] [L0 0 4 8] [L1 4c 8 16 32]
POC    1 LId:  0 TId: 5 ( TRAIL, B-SLICE, QP 46 )        224 bits [Y 34.2011 dB    U 39.1576 dB    V 38.4649 dB] [ET    56 ] [L0 0] [L1 2c 4]
POC    3 LId:  0 TId: 5 ( TRAIL, B-SLICE, QP 46 )        208 bits [Y 33.2877 dB    U 39.0364 dB    V 38.4497 dB] [ET    79 ] [L0 2c 0] [L1 4 8]
POC    6 LId:  0 TId: 4 ( TRAIL, B-SLICE, QP 45 )        520 bits [Y 32.6217 dB    U 38.9773 dB    V 38.1286 dB] [ET   313 ] [L0 4c 2 0] [L1 8 16 32]
POC    5 LId:  0 TId: 5 ( TRAIL, B-SLICE, QP 46 )        184 bits [Y 32.8750 dB    U 38.9883 dB    V 38.3460 dB] [ET    91 ] [L0 4 0] [L1 6c 8]
POC    7 LId:  0 TId: 5 ( TRAIL, B-SLICE, QP 46 )        216 bits [Y 32.7860 dB    U 38.9003 dB    V 38.0134 dB] [ET    94 ] [L0 6c 4] [L1 8 16]
POC   12 LId:  0 TId: 3 ( TRAIL, B-SLICE, QP 43 )       1784 bits [Y 32.6523 dB    U 38.8640 dB    V 37.8900 dB] [ET   557 ] [L0 8c 4 0] [L1 16 32]
POC   10 LId:  0 TId: 4 ( TRAIL, B-SLICE, QP 45 )        640 bits [Y 32.5787 dB    U 39.0072 dB    V 37.9025 dB] [ET   441 ] [L0 8 6 4 0] [L1 12c 16 32]
POC    9 LId:  0 TId: 5 ( TRAIL, B-SLICE, QP 46 )        272 bits [Y 32.7674 dB    U 39.0926 dB    V 38.0550 dB] [ET    86 ] [L0 8 4] [L1 10c 12]
POC   11 LId:  0 TId: 5 ( TRAIL, B-SLICE, QP 46 )        392 bits [Y 32.6270 dB    U 38.8954 dB    V 37.8527 dB] [ET   105 ] [L0 10c 8] [L1 12 16]
POC   14 LId:  0 TId: 4 ( TRAIL, B-SLICE, QP 45 )        480 bits [Y 32.4474 dB    U 39.0756 dB    V 38.1475 dB] [ET   272 ] [L0 12c 10 8 0] [L1 16 32]
POC   13 LId:  0 TId: 5 ( TRAIL, B-SLICE, QP 46 )        240 bits [Y 32.4541 dB    U 38.9798 dB    V 37.8727 dB] [ET    88 ] [L0 12 8] [L1 14c 16]
POC   15 LId:  0 TId: 5 ( TRAIL, B-SLICE, QP 46 )        160 bits [Y 32.7478 dB    U 39.0509 dB    V 38.2619 dB] [ET    66 ] [L0 14c 12] [L1 16 32]
POC   24 LId:  0 TId: 2 ( TRAIL, B-SLICE, QP 41 )       3064 bits [Y 32.7501 dB    U 38.9656 dB    V 37.7357 dB] [ET   480 ] [L0 16c 8 0] [L1 32]
POC   20 LId:  0 TId: 3 ( TRAIL, B-SLICE, QP 43 )       1760 bits [Y 32.5012 dB    U 39.1559 dB    V 38.0933 dB] [ET   485 ] [L0 16 8 0] [L1 24c 32]
POC   18 LId:  0 TId: 4 ( TRAIL, B-SLICE, QP 45 )        472 bits [Y 32.3383 dB    U 39.0826 dB    V 37.7437 dB] [ET   218 ] [L0 16 8 0] [L1 20c 24 32]
POC   17 LId:  0 TId: 5 ( TRAIL, B-SLICE, QP 46 )        160 bits [Y 32.7090 dB    U 39.0422 dB    V 37.9434 dB] [ET    68 ] [L0 16 8] [L1 18c 20]
POC   19 LId:  0 TId: 5 ( TRAIL, B-SLICE, QP 46 )        136 bits [Y 32.3899 dB    U 39.1842 dB    V 37.8830 dB] [ET    68 ] [L0 18c 16] [L1 20 24]
POC   22 LId:  0 TId: 4 ( TRAIL, B-SLICE, QP 45 )        480 bits [Y 32.3043 dB    U 39.0807 dB    V 37.6676 dB] [ET   281 ] [L0 20c 16 0] [L1 24 32 18]
POC   21 LId:  0 TId: 5 ( TRAIL, B-SLICE, QP 46 )        144 bits [Y 32.4179 dB    U 39.1396 dB    V 37.8620 dB] [ET    72 ] [L0 20 16] [L1 22c 24]
POC   23 LId:  0 TId: 5 ( TRAIL, B-SLICE, QP 46 )        128 bits [Y 32.5104 dB    U 39.0719 dB    V 37.7455 dB] [ET    68 ] [L0 22c 20] [L1 24 32]
POC   28 LId:  0 TId: 3 ( TRAIL, B-SLICE, QP 43 )       1456 bits [Y 32.7808 dB    U 39.0340 dB    V 37.8583 dB] [ET   433 ] [L0 24c 20 16 0] [L1 32]
POC   26 LId:  0 TId: 4 ( TRAIL, B-SLICE, QP 45 )        376 bits [Y 32.5637 dB    U 39.0639 dB    V 37.7237 dB] [ET   207 ] [L0 24 20 16 0] [L1 28c 32]
POC   25 LId:  0 TId: 5 ( TRAIL, B-SLICE, QP 46 )        152 bits [Y 32.7352 dB    U 39.1034 dB    V 37.8176 dB] [ET    70 ] [L0 24 20] [L1 26c 28]
POC   27 LId:  0 TId: 5 ( TRAIL, B-SLICE, QP 46 )        176 bits [Y 32.6337 dB    U 39.0634 dB    V 37.6851 dB] [ET    68 ] [L0 26c 24] [L1 28 32]
POC   30 LId:  0 TId: 4 ( TRAIL, B-SLICE, QP 45 )        536 bits [Y 33.0335 dB    U 39.1559 dB    V 38.2095 dB] [ET   214 ] [L0 28c 24 16 0] [L1 32]
POC   29 LId:  0 TId: 5 ( TRAIL, B-SLICE, QP 46 )        160 bits [Y 32.7418 dB    U 39.1309 dB    V 37.9045 dB] [ET    66 ] [L0 28 24] [L1 30c 32]
POC   31 LId:  0 TId: 5 ( TRAIL, B-SLICE, QP 46 )        184 bits [Y 33.6399 dB    U 39.1866 dB    V 38.4139 dB] [ET    50 ] [L0 30c 28] [L1 32]

LayerId  0
	Total Frames |  Bitrate      Y-PSNR   U-PSNR   V-PSNR   YUV-PSNR 
	33           a  103.2242     32.9554  39.0527  38.0537  34.1070  

 finished @ Tue Aug 19 15:03:40 2025
 Total Time:     6916.536 sec. [user]     6916.536 sec. [elapsed]
