
VVCSoftware: VTM Encoder Version 23.11 [Windows][VS 1944][64 bit] [SIMD=AVX2] 

TOOL CFG: IBD:1 HAD:1 RDQ:1 RDQTS:1 LQP:0 SQP:0 ASR:1 MinSearchWindow:96 RestrictMESampling:0 FEN:0 ECU:0 FDM:1 ESD:0 TransformSkip:1 TransformSkipFast:1 TransformSkipLog2MaxSize:5 ChromaTS:1 BDPCM:0 Tiles: 1x1 Slices: 1 MCTS:0 SAO:1 ALF:1 CCALF:1 MaxNumALFAPS 8 AlfapsIDShift 0 ConstantJointCbCrSignFlagWPP:0 WPB:0 PME:2  WaveFrontSynchro:0 WaveFrontSubstreams:1 ScalingList:0 TMVPMode:1  DQ:1  SignBitHidingFlag:0 RecalQP:0 
TOOL CFG: LFNST:1 MMVD:1 Affine:1 AffineType:1 AdaptBypassAffineMe:0 PROF:1 SbTMVP:1 DualITree:1 IMV:1 BIO:1 LMChroma:1 HorCollocatedChroma:1 VerCollocatedChroma:0 MTS:1(explicit intra) SBT:1 ISP:1 SMVD:1 CompositeLTReference:0 Bcw:1 BcwFast:1 LADF:0 CIIP:1 Geo:1 AllowDisFracMMVD:1 AffineAmvr:1 AffineAmvrEncOpt:1 AffineAmvp:1 DMVR:1 MmvdDisNum:6 JointCbCr:1 ACT:0 PLT:0 IBC:0 HashME:0 WrapAround:0 VirtualBoundariesEnabledFlag:0 VirtualBoundariesPresentInSPSFlag:1 vertical virtual boundaries:[ ] horizontal virtual boundaries:[ ] Reshape:1 (Signal:SDR Opt:0 CSoffset:6) MRL:1 MIP:1 EncDbOpt:1 AlfLambdaOpt:0 
FAST TOOL CFG: LCTUFast:1 FastMrg:1 MaxMergeRdCandNumTotal:7 MergeRdCandQuotaRegular:4 MergeRdCandQuotaRegularSmallBlk:4 MergeRdCandQuotaSubBlk:2 MergeRdCandQuotaCiip:1 MergeRdCandQuotaGpm:8 PBIntraFast:1 IMV4PelFast:1 MTSMaxCand: 4(intra) 4(inter) ISPFast:0 FastLFNST:0 AMaxBT:1 E0023FastEnc:1 ContentBasedFastQtbt:0 UseNonLinearAlfLuma:1 UseNonLinearAlfChroma:1 MaxNumAlfAlternativesChroma:8 FastMIP:0 TTFastSkip:31 TTFastSkipThr:1.075 FastLocalDualTree:1 RPR:0 TemporalFilter:4/4 SEI CTI:0 BIM:0 SEI FGC:0 SEI processing Order:0 DPF:0 


 started @ Tue Aug 19 09:36:59 2025
POC    0 LId:  0 TId: 0 ( IDR_N_LP, I-SLICE, QP 19 )    2974240 bits [Y 41.4097 dB    U 43.7749 dB    V 45.7044 dB] [ET   476 ] [L0] [L1]
POC   32 LId:  0 TId: 0 ( TRAIL, B-SLICE, QP 21 )    1357888 bits [Y 39.3184 dB    U 43.1785 dB    V 45.4019 dB] [ET   708 ] [L0 0] [L1 0c]
POC   16 LId:  0 TId: 1 ( STSA, B-SLICE, QP 22 )    1018376 bits [Y 38.7816 dB    U 43.1299 dB    V 45.3489 dB] [ET   694 ] [L0 0 32] [L1 32c]
POC    8 LId:  0 TId: 2 ( TRAIL, B-SLICE, QP 23 )     823240 bits [Y 38.7447 dB    U 43.0081 dB    V 45.3311 dB] [ET   650 ] [L0 0 16 32] [L1 16c 32]
POC    4 LId:  0 TId: 3 ( TRAIL, B-SLICE, QP 26 )     725160 bits [Y 39.0994 dB    U 43.0731 dB    V 45.3560 dB] [ET   626 ] [L0 0 8 16] [L1 8c 16 32]
POC    2 LId:  0 TId: 4 ( TRAIL, B-SLICE, QP 28 )     274704 bits [Y 37.6442 dB    U 43.2179 dB    V 45.4257 dB] [ET   444 ] [L0 0 4 8] [L1 4c 8 16 32]
POC    1 LId:  0 TId: 5 ( TRAIL, B-SLICE, QP 29 )     111064 bits [Y 37.2380 dB    U 43.5129 dB    V 45.5886 dB] [ET   197 ] [L0 0] [L1 2c 4]
POC    3 LId:  0 TId: 5 ( TRAIL, B-SLICE, QP 29 )     157024 bits [Y 37.0655 dB    U 43.1420 dB    V 45.3802 dB] [ET   262 ] [L0 2c 0] [L1 4 8]
POC    6 LId:  0 TId: 4 ( TRAIL, B-SLICE, QP 28 )     295064 bits [Y 37.6214 dB    U 43.0299 dB    V 45.3427 dB] [ET   438 ] [L0 4c 2 0] [L1 8 16 32]
POC    5 LId:  0 TId: 5 ( TRAIL, B-SLICE, QP 29 )     151176 bits [Y 37.0348 dB    U 43.0360 dB    V 45.2845 dB] [ET   237 ] [L0 4 0] [L1 6c 8]
POC    7 LId:  0 TId: 5 ( TRAIL, B-SLICE, QP 29 )     124384 bits [Y 37.0472 dB    U 43.0574 dB    V 45.3516 dB] [ET   242 ] [L0 6c 4] [L1 8 16]
POC   12 LId:  0 TId: 3 ( TRAIL, B-SLICE, QP 26 )     711416 bits [Y 39.0971 dB    U 43.0217 dB    V 45.3341 dB] [ET   575 ] [L0 8c 4 0] [L1 16 32]
POC   10 LId:  0 TId: 4 ( TRAIL, B-SLICE, QP 28 )     278272 bits [Y 37.5778 dB    U 42.9113 dB    V 45.2467 dB] [ET   449 ] [L0 8 6 4 0] [L1 12c 16 32]
POC    9 LId:  0 TId: 5 ( TRAIL, B-SLICE, QP 29 )     135936 bits [Y 37.0572 dB    U 42.9853 dB    V 45.3083 dB] [ET   237 ] [L0 8 4] [L1 10c 12]
POC   11 LId:  0 TId: 5 ( TRAIL, B-SLICE, QP 29 )     148128 bits [Y 37.0228 dB    U 42.9954 dB    V 45.3087 dB] [ET   243 ] [L0 10c 8] [L1 12 16]
POC   14 LId:  0 TId: 4 ( TRAIL, B-SLICE, QP 28 )     304160 bits [Y 37.5937 dB    U 42.9725 dB    V 45.2509 dB] [ET   418 ] [L0 12c 10 8 0] [L1 16 32]
POC   13 LId:  0 TId: 5 ( TRAIL, B-SLICE, QP 29 )     140048 bits [Y 37.0309 dB    U 43.0009 dB    V 45.2777 dB] [ET   235 ] [L0 12 8] [L1 14c 16]
POC   15 LId:  0 TId: 5 ( TRAIL, B-SLICE, QP 29 )     130416 bits [Y 37.0645 dB    U 43.0897 dB    V 45.3171 dB] [ET   272 ] [L0 14c 12] [L1 16 32]
POC   24 LId:  0 TId: 2 ( TRAIL, B-SLICE, QP 23 )     794936 bits [Y 38.7643 dB    U 43.0788 dB    V 45.4229 dB] [ET   591 ] [L0 16c 8 0] [L1 32]
POC   20 LId:  0 TId: 3 ( TRAIL, B-SLICE, QP 26 )     724232 bits [Y 39.1082 dB    U 43.0474 dB    V 45.3467 dB] [ET   566 ] [L0 16 8 0] [L1 24c 32]
POC   18 LId:  0 TId: 4 ( TRAIL, B-SLICE, QP 28 )     284456 bits [Y 37.6117 dB    U 43.0264 dB    V 45.3061 dB] [ET   458 ] [L0 16 8 0] [L1 20c 24 32]
POC   17 LId:  0 TId: 5 ( TRAIL, B-SLICE, QP 29 )     129120 bits [Y 37.0894 dB    U 43.1072 dB    V 45.3400 dB] [ET   271 ] [L0 16 8] [L1 18c 20]
POC   19 LId:  0 TId: 5 ( TRAIL, B-SLICE, QP 29 )     155232 bits [Y 37.0552 dB    U 43.0307 dB    V 45.3034 dB] [ET   272 ] [L0 18c 16] [L1 20 24]
POC   22 LId:  0 TId: 4 ( TRAIL, B-SLICE, QP 28 )     306328 bits [Y 37.5944 dB    U 42.9472 dB    V 45.2800 dB] [ET   435 ] [L0 20c 16 0] [L1 24 32 18]
POC   21 LId:  0 TId: 5 ( TRAIL, B-SLICE, QP 29 )     159488 bits [Y 37.0506 dB    U 43.0360 dB    V 45.3034 dB] [ET   271 ] [L0 20 16] [L1 22c 24]
POC   23 LId:  0 TId: 5 ( TRAIL, B-SLICE, QP 29 )     118920 bits [Y 37.0398 dB    U 43.0150 dB    V 45.2932 dB] [ET   292 ] [L0 22c 20] [L1 24 32]
POC   28 LId:  0 TId: 3 ( TRAIL, B-SLICE, QP 26 )     690016 bits [Y 39.0862 dB    U 42.9609 dB    V 45.3033 dB] [ET   577 ] [L0 24c 20 16 0] [L1 32]
POC   26 LId:  0 TId: 4 ( TRAIL, B-SLICE, QP 28 )     310472 bits [Y 37.5877 dB    U 42.9720 dB    V 45.3039 dB] [ET   464 ] [L0 24 20 16 0] [L1 28c 32]
POC   25 LId:  0 TId: 5 ( TRAIL, B-SLICE, QP 29 )     112280 bits [Y 37.0589 dB    U 43.0423 dB    V 45.3227 dB] [ET   281 ] [L0 24 20] [L1 26c 28]
POC   27 LId:  0 TId: 5 ( TRAIL, B-SLICE, QP 29 )     158960 bits [Y 37.0346 dB    U 42.9238 dB    V 45.2556 dB] [ET   273 ] [L0 26c 24] [L1 28 32]
POC   30 LId:  0 TId: 4 ( TRAIL, B-SLICE, QP 28 )     295784 bits [Y 37.5897 dB    U 43.0292 dB    V 45.3462 dB] [ET   433 ] [L0 28c 24 16 0] [L1 32]
POC   29 LId:  0 TId: 5 ( TRAIL, B-SLICE, QP 29 )     159272 bits [Y 37.0450 dB    U 42.9668 dB    V 45.2190 dB] [ET   296 ] [L0 28 24] [L1 30c 32]
POC   31 LId:  0 TId: 5 ( TRAIL, B-SLICE, QP 29 )     113672 bits [Y 37.0851 dB    U 43.0886 dB    V 45.3599 dB] [ET   274 ] [L0 30c 28] [L1 32]

LayerId  0
	Total Frames |  Bitrate      Y-PSNR   U-PSNR   V-PSNR   YUV-PSNR 
	33           a  26134.2982   37.7955  43.0730  45.3414  38.9775  

 finished @ Tue Aug 19 13:16:18 2025
 Total Time:    13157.905 sec. [user]    13157.905 sec. [elapsed]
