
VVCSoftware: VTM Encoder Version 23.11 [Windows][VS 1944][64 bit] [SIMD=AVX2] 

TOOL CFG: IBD:1 HAD:1 RDQ:1 RDQTS:1 LQP:0 SQP:0 ASR:1 MinSearchWindow:96 RestrictMESampling:0 FEN:1 ECU:0 FDM:0 ESD:0 TransformSkip:1 TransformSkipFast:1 TransformSkipLog2MaxSize:5 ChromaTS:1 BDPCM:0 Tiles: 1x1 Slices: 1 MCTS:0 SAO:1 ALF:1 CCALF:1 MaxNumALFAPS 8 AlfapsIDShift 0 ConstantJointCbCrSignFlagWPP:0 WPB:0 PME:2  WaveFrontSynchro:0 WaveFrontSubstreams:1 ScalingList:0 TMVPMode:1  DQ:1  SignBitHidingFlag:0 RecalQP:0 
TOOL CFG: LFNST:1 MMVD:1 Affine:1 AffineType:1 AdaptBypassAffineMe:0 PROF:1 SbTMVP:1 DualITree:1 IMV:1 BIO:1 LMChroma:1 HorCollocatedChroma:1 VerCollocatedChroma:0 MTS:1(explicit intra) SBT:1 ISP:1 SMVD:1 CompositeLTReference:0 Bcw:1 BcwFast:1 LADF:0 CIIP:1 Geo:1 AllowDisFracMMVD:1 AffineAmvr:1 AffineAmvrEncOpt:1 AffineAmvp:1 DMVR:1 MmvdDisNum:6 JointCbCr:1 ACT:0 PLT:0 IBC:0 HashME:0 WrapAround:0 VirtualBoundariesEnabledFlag:0 VirtualBoundariesPresentInSPSFlag:1 vertical virtual boundaries:[ ] horizontal virtual boundaries:[ ] Reshape:1 (Signal:SDR Opt:0 CSoffset:6) MRL:1 MIP:1 EncDbOpt:1 AlfLambdaOpt:0 
FAST TOOL CFG: LCTUFast:1 FastMrg:1 MaxMergeRdCandNumTotal:7 MergeRdCandQuotaRegular:4 MergeRdCandQuotaRegularSmallBlk:4 MergeRdCandQuotaSubBlk:2 MergeRdCandQuotaCiip:1 MergeRdCandQuotaGpm:8 PBIntraFast:1 IMV4PelFast:1 MTSMaxCand: 4(intra) 4(inter) ISPFast:0 FastLFNST:0 AMaxBT:1 E0023FastEnc:1 ContentBasedFastQtbt:0 UseNonLinearAlfLuma:1 UseNonLinearAlfChroma:1 MaxNumAlfAlternativesChroma:8 FastMIP:0 TTFastSkip:31 TTFastSkipThr:1.075 FastLocalDualTree:1 RPR:0 TemporalFilter:4/4 SEI CTI:0 BIM:0 SEI FGC:0 SEI processing Order:0 DPF:0 


 started @ Mon Aug 18 21:49:30 2025
POC    0 LId:  0 TId: 0 ( IDR_N_LP, I-SLICE, QP 24 )      87928 bits [Y 42.0691 dB    U 44.4947 dB    V 44.7481 dB] [ET    27 ] [L0] [L1]
POC   32 LId:  0 TId: 0 ( TRAIL, B-SLICE, QP 26 )      37312 bits [Y 41.3081 dB    U 44.2469 dB    V 44.3781 dB] [ET    29 ] [L0 0] [L1 0c]
POC   16 LId:  0 TId: 1 ( STSA, B-SLICE, QP 28 )      18896 bits [Y 40.3480 dB    U 43.3582 dB    V 43.1738 dB] [ET    18 ] [L0 0 32] [L1 32c]
POC    8 LId:  0 TId: 2 ( TRAIL, B-SLICE, QP 29 )      13584 bits [Y 40.2235 dB    U 43.4979 dB    V 43.1841 dB] [ET    15 ] [L0 0 16 32] [L1 16c 32]
POC    4 LId:  0 TId: 3 ( TRAIL, B-SLICE, QP 32 )       7208 bits [Y 39.4268 dB    U 43.4165 dB    V 42.6460 dB] [ET    13 ] [L0 0 8 16] [L1 8c 16 32]
POC    2 LId:  0 TId: 4 ( TRAIL, B-SLICE, QP 34 )       2928 bits [Y 39.3338 dB    U 43.7123 dB    V 43.0872 dB] [ET     9 ] [L0 0 4 8] [L1 4c 8 16 32]
POC    1 LId:  0 TId: 5 ( TRAIL, B-SLICE, QP 36 )       1064 bits [Y 39.6763 dB    U 43.9357 dB    V 43.3271 dB] [ET     3 ] [L0 0] [L1 2c 4]
POC    3 LId:  0 TId: 5 ( TRAIL, B-SLICE, QP 36 )        880 bits [Y 38.6376 dB    U 43.3726 dB    V 42.5189 dB] [ET     3 ] [L0 2c 0] [L1 4 8]
POC    6 LId:  0 TId: 4 ( TRAIL, B-SLICE, QP 34 )       3352 bits [Y 38.6740 dB    U 43.1715 dB    V 42.2996 dB] [ET     9 ] [L0 4c 2 0] [L1 8 16 32]
POC    5 LId:  0 TId: 5 ( TRAIL, B-SLICE, QP 36 )        576 bits [Y 38.4706 dB    U 43.0431 dB    V 42.1216 dB] [ET     3 ] [L0 4 0] [L1 6c 8]
POC    7 LId:  0 TId: 5 ( TRAIL, B-SLICE, QP 36 )       1008 bits [Y 38.7243 dB    U 43.1200 dB    V 42.6712 dB] [ET     3 ] [L0 6c 4] [L1 8 16]
POC   12 LId:  0 TId: 3 ( TRAIL, B-SLICE, QP 32 )       7680 bits [Y 39.3291 dB    U 43.0652 dB    V 42.5707 dB] [ET    11 ] [L0 8c 4 0] [L1 16 32]
POC   10 LId:  0 TId: 4 ( TRAIL, B-SLICE, QP 34 )       3336 bits [Y 38.8218 dB    U 43.2673 dB    V 42.8545 dB] [ET     8 ] [L0 8 6 4 0] [L1 12c 16 32]
POC    9 LId:  0 TId: 5 ( TRAIL, B-SLICE, QP 36 )       1088 bits [Y 38.6643 dB    U 43.3145 dB    V 42.8566 dB] [ET     3 ] [L0 8 4] [L1 10c 12]
POC   11 LId:  0 TId: 5 ( TRAIL, B-SLICE, QP 36 )       1024 bits [Y 38.4360 dB    U 43.1484 dB    V 42.4624 dB] [ET     4 ] [L0 10c 8] [L1 12 16]
POC   14 LId:  0 TId: 4 ( TRAIL, B-SLICE, QP 34 )       2736 bits [Y 38.9793 dB    U 43.1166 dB    V 42.6299 dB] [ET     8 ] [L0 12c 10 8 0] [L1 16 32]
POC   13 LId:  0 TId: 5 ( TRAIL, B-SLICE, QP 36 )        712 bits [Y 38.5133 dB    U 43.0412 dB    V 42.5032 dB] [ET     3 ] [L0 12 8] [L1 14c 16]
POC   15 LId:  0 TId: 5 ( TRAIL, B-SLICE, QP 36 )        576 bits [Y 39.1521 dB    U 43.2311 dB    V 42.8011 dB] [ET     3 ] [L0 14c 12] [L1 16 32]
POC   24 LId:  0 TId: 2 ( TRAIL, B-SLICE, QP 29 )      14648 bits [Y 40.0012 dB    U 43.4541 dB    V 42.9783 dB] [ET    13 ] [L0 16c 8 0] [L1 32]
POC   20 LId:  0 TId: 3 ( TRAIL, B-SLICE, QP 32 )       6960 bits [Y 39.1422 dB    U 43.3228 dB    V 42.2813 dB] [ET    12 ] [L0 16 8 0] [L1 24c 32]
POC   18 LId:  0 TId: 4 ( TRAIL, B-SLICE, QP 34 )       2584 bits [Y 38.7964 dB    U 43.2831 dB    V 42.4135 dB] [ET     8 ] [L0 16 8 0] [L1 20c 24 32]
POC   17 LId:  0 TId: 5 ( TRAIL, B-SLICE, QP 36 )        552 bits [Y 38.9801 dB    U 43.2640 dB    V 42.3986 dB] [ET     2 ] [L0 16 8] [L1 18c 20]
POC   19 LId:  0 TId: 5 ( TRAIL, B-SLICE, QP 36 )        544 bits [Y 38.6020 dB    U 43.3758 dB    V 42.0839 dB] [ET     2 ] [L0 18c 16] [L1 20 24]
POC   22 LId:  0 TId: 4 ( TRAIL, B-SLICE, QP 34 )       2664 bits [Y 38.5951 dB    U 43.3617 dB    V 42.3709 dB] [ET     8 ] [L0 20c 16 0] [L1 24 32 18]
POC   21 LId:  0 TId: 5 ( TRAIL, B-SLICE, QP 36 )        536 bits [Y 38.5218 dB    U 43.3415 dB    V 42.1628 dB] [ET     3 ] [L0 20 16] [L1 22c 24]
POC   23 LId:  0 TId: 5 ( TRAIL, B-SLICE, QP 36 )        440 bits [Y 38.8644 dB    U 43.4063 dB    V 42.3383 dB] [ET     3 ] [L0 22c 20] [L1 24 32]
POC   28 LId:  0 TId: 3 ( TRAIL, B-SLICE, QP 32 )       6760 bits [Y 39.1975 dB    U 43.5099 dB    V 42.5828 dB] [ET    10 ] [L0 24c 20 16 0] [L1 32]
POC   26 LId:  0 TId: 4 ( TRAIL, B-SLICE, QP 34 )       2688 bits [Y 38.7898 dB    U 43.3990 dB    V 42.4227 dB] [ET     8 ] [L0 24 20 16 0] [L1 28c 32]
POC   25 LId:  0 TId: 5 ( TRAIL, B-SLICE, QP 36 )        576 bits [Y 38.9016 dB    U 43.5396 dB    V 42.6389 dB] [ET     3 ] [L0 24 20] [L1 26c 28]
POC   27 LId:  0 TId: 5 ( TRAIL, B-SLICE, QP 36 )        528 bits [Y 38.5202 dB    U 43.4443 dB    V 42.2789 dB] [ET     4 ] [L0 26c 24] [L1 28 32]
POC   30 LId:  0 TId: 4 ( TRAIL, B-SLICE, QP 34 )       2560 bits [Y 38.9494 dB    U 43.7043 dB    V 42.6995 dB] [ET     7 ] [L0 28c 24 16 0] [L1 32]
POC   29 LId:  0 TId: 5 ( TRAIL, B-SLICE, QP 36 )        624 bits [Y 38.4942 dB    U 43.6109 dB    V 42.3410 dB] [ET     3 ] [L0 28 24] [L1 30c 32]
POC   31 LId:  0 TId: 5 ( TRAIL, B-SLICE, QP 36 )        840 bits [Y 39.3266 dB    U 43.8748 dB    V 42.7987 dB] [ET     3 ] [L0 30c 28] [L1 32]

LayerId  0
	Total Frames |  Bitrate      Y-PSNR   U-PSNR   V-PSNR   YUV-PSNR 
	33           a  356.6545     39.1658  43.4377  42.7159  40.0612  

 finished @ Mon Aug 18 21:53:47 2025
 Total Time:      257.303 sec. [user]      257.303 sec. [elapsed]
