
VVCSoftware: VTM Encoder Version 23.11 [Windows][VS 1944][64 bit] [SIMD=AVX2] 

TOOL CFG: IBD:1 HAD:1 RDQ:1 RDQTS:1 LQP:0 SQP:0 ASR:1 MinSearchWindow:96 RestrictMESampling:0 FEN:1 ECU:0 FDM:1 ESD:0 TransformSkip:1 TransformSkipFast:1 TransformSkipLog2MaxSize:5 ChromaTS:1 BDPCM:0 Tiles: 1x1 Slices: 1 MCTS:0 SAO:1 ALF:1 CCALF:1 MaxNumALFAPS 8 AlfapsIDShift 0 ConstantJointCbCrSignFlagWPP:0 WPB:0 PME:2  WaveFrontSynchro:0 WaveFrontSubstreams:1 ScalingList:0 TMVPMode:1  DQ:1  SignBitHidingFlag:0 RecalQP:0 
TOOL CFG: LFNST:1 MMVD:1 Affine:1 AffineType:1 AdaptBypassAffineMe:0 PROF:1 SbTMVP:1 DualITree:1 IMV:1 BIO:1 LMChroma:1 HorCollocatedChroma:1 VerCollocatedChroma:0 MTS:1(explicit intra) SBT:1 ISP:1 SMVD:1 CompositeLTReference:0 Bcw:1 BcwFast:1 LADF:0 CIIP:1 Geo:1 AllowDisFracMMVD:1 AffineAmvr:1 AffineAmvrEncOpt:1 AffineAmvp:1 DMVR:1 MmvdDisNum:6 JointCbCr:1 ACT:0 PLT:0 IBC:0 HashME:0 WrapAround:0 VirtualBoundariesEnabledFlag:0 VirtualBoundariesPresentInSPSFlag:1 vertical virtual boundaries:[ ] horizontal virtual boundaries:[ ] Reshape:1 (Signal:SDR Opt:0 CSoffset:6) MRL:1 MIP:1 EncDbOpt:1 AlfLambdaOpt:0 
FAST TOOL CFG: LCTUFast:1 FastMrg:0 MaxMergeRdCandNumTotal:7 MergeRdCandQuotaRegular:4 MergeRdCandQuotaRegularSmallBlk:4 MergeRdCandQuotaSubBlk:2 MergeRdCandQuotaCiip:1 MergeRdCandQuotaGpm:8 PBIntraFast:1 IMV4PelFast:1 MTSMaxCand: 4(intra) 4(inter) ISPFast:0 FastLFNST:0 AMaxBT:1 E0023FastEnc:1 ContentBasedFastQtbt:0 UseNonLinearAlfLuma:1 UseNonLinearAlfChroma:1 MaxNumAlfAlternativesChroma:8 FastMIP:0 TTFastSkip:31 TTFastSkipThr:1.075 FastLocalDualTree:1 RPR:0 TemporalFilter:4/4 SEI CTI:0 BIM:0 SEI FGC:0 SEI processing Order:0 DPF:0 


 started @ Tue Aug 19 12:16:14 2025
POC    0 LId:  0 TId: 0 ( IDR_N_LP, I-SLICE, QP 19 )    2974240 bits [Y 41.4097 dB    U 43.7749 dB    V 45.7044 dB] [ET   452 ] [L0] [L1]
POC   32 LId:  0 TId: 0 ( TRAIL, B-SLICE, QP 21 )    1353320 bits [Y 39.3193 dB    U 43.1841 dB    V 45.4045 dB] [ET   699 ] [L0 0] [L1 0c]
POC   16 LId:  0 TId: 1 ( STSA, B-SLICE, QP 22 )    1020632 bits [Y 38.7868 dB    U 43.1244 dB    V 45.3288 dB] [ET   655 ] [L0 0 32] [L1 32c]
POC    8 LId:  0 TId: 2 ( TRAIL, B-SLICE, QP 23 )     824024 bits [Y 38.7443 dB    U 42.9962 dB    V 45.3279 dB] [ET   600 ] [L0 0 16 32] [L1 16c 32]
POC    4 LId:  0 TId: 3 ( TRAIL, B-SLICE, QP 26 )     729704 bits [Y 39.1102 dB    U 43.0587 dB    V 45.3543 dB] [ET   569 ] [L0 0 8 16] [L1 8c 16 32]
POC    2 LId:  0 TId: 4 ( TRAIL, B-SLICE, QP 28 )     268952 bits [Y 37.6184 dB    U 43.2067 dB    V 45.4109 dB] [ET   394 ] [L0 0 4 8] [L1 4c 8 16 32]
POC    1 LId:  0 TId: 5 ( TRAIL, B-SLICE, QP 29 )     107568 bits [Y 37.2180 dB    U 43.5041 dB    V 45.5790 dB] [ET   192 ] [L0 0] [L1 2c 4]
POC    3 LId:  0 TId: 5 ( TRAIL, B-SLICE, QP 29 )     158024 bits [Y 37.0616 dB    U 43.1337 dB    V 45.3683 dB] [ET   251 ] [L0 2c 0] [L1 4 8]
POC    6 LId:  0 TId: 4 ( TRAIL, B-SLICE, QP 28 )     298984 bits [Y 37.6268 dB    U 43.0215 dB    V 45.3151 dB] [ET   399 ] [L0 4c 2 0] [L1 8 16 32]
POC    5 LId:  0 TId: 5 ( TRAIL, B-SLICE, QP 29 )     148576 bits [Y 37.0198 dB    U 43.0105 dB    V 45.2772 dB] [ET   203 ] [L0 4 0] [L1 6c 8]
POC    7 LId:  0 TId: 5 ( TRAIL, B-SLICE, QP 29 )     124440 bits [Y 37.0431 dB    U 43.0618 dB    V 45.3461 dB] [ET   235 ] [L0 6c 4] [L1 8 16]
POC   12 LId:  0 TId: 3 ( TRAIL, B-SLICE, QP 26 )     714528 bits [Y 39.1031 dB    U 43.0319 dB    V 45.3289 dB] [ET   481 ] [L0 8c 4 0] [L1 16 32]
POC   10 LId:  0 TId: 4 ( TRAIL, B-SLICE, QP 28 )     282880 bits [Y 37.5925 dB    U 42.9315 dB    V 45.2240 dB] [ET   398 ] [L0 8 6 4 0] [L1 12c 16 32]
POC    9 LId:  0 TId: 5 ( TRAIL, B-SLICE, QP 29 )     136248 bits [Y 37.0568 dB    U 42.9770 dB    V 45.2842 dB] [ET   244 ] [L0 8 4] [L1 10c 12]
POC   11 LId:  0 TId: 5 ( TRAIL, B-SLICE, QP 29 )     150144 bits [Y 37.0392 dB    U 43.0022 dB    V 45.2952 dB] [ET   250 ] [L0 10c 8] [L1 12 16]
POC   14 LId:  0 TId: 4 ( TRAIL, B-SLICE, QP 28 )     309072 bits [Y 37.6099 dB    U 42.9829 dB    V 45.2423 dB] [ET   442 ] [L0 12c 10 8 0] [L1 16 32]
POC   13 LId:  0 TId: 5 ( TRAIL, B-SLICE, QP 29 )     139184 bits [Y 37.0285 dB    U 42.9851 dB    V 45.2676 dB] [ET   201 ] [L0 12 8] [L1 14c 16]
POC   15 LId:  0 TId: 5 ( TRAIL, B-SLICE, QP 29 )     133736 bits [Y 37.0775 dB    U 43.1030 dB    V 45.2845 dB] [ET   215 ] [L0 14c 12] [L1 16 32]
POC   24 LId:  0 TId: 2 ( TRAIL, B-SLICE, QP 23 )     794512 bits [Y 38.7585 dB    U 43.0668 dB    V 45.3986 dB] [ET   497 ] [L0 16c 8 0] [L1 32]
POC   20 LId:  0 TId: 3 ( TRAIL, B-SLICE, QP 26 )     720720 bits [Y 39.0913 dB    U 42.9998 dB    V 45.3136 dB] [ET   471 ] [L0 16 8 0] [L1 24c 32]
POC   18 LId:  0 TId: 4 ( TRAIL, B-SLICE, QP 28 )     283040 bits [Y 37.6053 dB    U 43.0113 dB    V 45.2768 dB] [ET   379 ] [L0 16 8 0] [L1 20c 24 32]
POC   17 LId:  0 TId: 5 ( TRAIL, B-SLICE, QP 29 )     130168 bits [Y 37.0915 dB    U 43.0729 dB    V 45.3150 dB] [ET   218 ] [L0 16 8] [L1 18c 20]
POC   19 LId:  0 TId: 5 ( TRAIL, B-SLICE, QP 29 )     153520 bits [Y 37.0505 dB    U 43.0029 dB    V 45.2654 dB] [ET   221 ] [L0 18c 16] [L1 20 24]
POC   22 LId:  0 TId: 4 ( TRAIL, B-SLICE, QP 28 )     309360 bits [Y 37.5996 dB    U 42.9234 dB    V 45.2461 dB] [ET   382 ] [L0 20c 16 0] [L1 24 32 18]
POC   21 LId:  0 TId: 5 ( TRAIL, B-SLICE, QP 29 )     158328 bits [Y 37.0462 dB    U 42.9970 dB    V 45.2733 dB] [ET   224 ] [L0 20 16] [L1 22c 24]
POC   23 LId:  0 TId: 5 ( TRAIL, B-SLICE, QP 29 )     120176 bits [Y 37.0408 dB    U 42.9996 dB    V 45.2567 dB] [ET   235 ] [L0 22c 20] [L1 24 32]
POC   28 LId:  0 TId: 3 ( TRAIL, B-SLICE, QP 26 )     689824 bits [Y 39.0859 dB    U 42.9500 dB    V 45.2840 dB] [ET   471 ] [L0 24c 20 16 0] [L1 32]
POC   26 LId:  0 TId: 4 ( TRAIL, B-SLICE, QP 28 )     313912 bits [Y 37.6012 dB    U 42.9707 dB    V 45.2609 dB] [ET   353 ] [L0 24 20 16 0] [L1 28c 32]
POC   25 LId:  0 TId: 5 ( TRAIL, B-SLICE, QP 29 )     110656 bits [Y 37.0427 dB    U 43.0247 dB    V 45.3101 dB] [ET   218 ] [L0 24 20] [L1 26c 28]
POC   27 LId:  0 TId: 5 ( TRAIL, B-SLICE, QP 29 )     161192 bits [Y 37.0413 dB    U 42.9193 dB    V 45.2376 dB] [ET   207 ] [L0 26c 24] [L1 28 32]
POC   30 LId:  0 TId: 4 ( TRAIL, B-SLICE, QP 28 )     301544 bits [Y 37.6020 dB    U 43.0204 dB    V 45.3402 dB] [ET   296 ] [L0 28c 24 16 0] [L1 32]
POC   29 LId:  0 TId: 5 ( TRAIL, B-SLICE, QP 29 )     159640 bits [Y 37.0389 dB    U 42.9446 dB    V 45.2245 dB] [ET   226 ] [L0 28 24] [L1 30c 32]
POC   31 LId:  0 TId: 5 ( TRAIL, B-SLICE, QP 29 )     111808 bits [Y 37.0751 dB    U 43.0942 dB    V 45.3207 dB] [ET   212 ] [L0 30c 28] [L1 32]

LayerId  0
	Total Frames |  Bitrate      Y-PSNR   U-PSNR   V-PSNR   YUV-PSNR 
	33           a  26168.4655   37.7950  43.0633  45.3232  38.9756  

 finished @ Tue Aug 19 15:27:44 2025
 Total Time:    11489.619 sec. [user]    11489.619 sec. [elapsed]
