
VVCSoftware: VTM Encoder Version 23.11 [Windows][VS 1944][64 bit] [SIMD=AVX2] 

TOOL CFG: IBD:1 HAD:1 RDQ:1 RDQTS:1 LQP:0 SQP:0 ASR:1 MinSearchWindow:96 RestrictMESampling:0 FEN:1 ECU:0 FDM:0 ESD:0 TransformSkip:1 TransformSkipFast:1 TransformSkipLog2MaxSize:5 ChromaTS:1 BDPCM:0 Tiles: 1x1 Slices: 1 MCTS:0 SAO:1 ALF:1 CCALF:1 MaxNumALFAPS 8 AlfapsIDShift 0 ConstantJointCbCrSignFlagWPP:0 WPB:0 PME:2  WaveFrontSynchro:0 WaveFrontSubstreams:1 ScalingList:0 TMVPMode:1  DQ:1  SignBitHidingFlag:0 RecalQP:0 
TOOL CFG: LFNST:1 MMVD:1 Affine:1 AffineType:1 AdaptBypassAffineMe:0 PROF:1 SbTMVP:1 DualITree:1 IMV:1 BIO:1 LMChroma:1 HorCollocatedChroma:1 VerCollocatedChroma:0 MTS:1(explicit intra) SBT:1 ISP:1 SMVD:1 CompositeLTReference:0 Bcw:1 BcwFast:1 LADF:0 CIIP:1 Geo:1 AllowDisFracMMVD:1 AffineAmvr:1 AffineAmvrEncOpt:1 AffineAmvp:1 DMVR:1 MmvdDisNum:6 JointCbCr:1 ACT:0 PLT:0 IBC:0 HashME:0 WrapAround:0 VirtualBoundariesEnabledFlag:0 VirtualBoundariesPresentInSPSFlag:1 vertical virtual boundaries:[ ] horizontal virtual boundaries:[ ] Reshape:1 (Signal:SDR Opt:0 CSoffset:6) MRL:1 MIP:1 EncDbOpt:1 AlfLambdaOpt:0 
FAST TOOL CFG: LCTUFast:1 FastMrg:1 MaxMergeRdCandNumTotal:7 MergeRdCandQuotaRegular:4 MergeRdCandQuotaRegularSmallBlk:4 MergeRdCandQuotaSubBlk:2 MergeRdCandQuotaCiip:1 MergeRdCandQuotaGpm:8 PBIntraFast:1 IMV4PelFast:1 MTSMaxCand: 4(intra) 4(inter) ISPFast:0 FastLFNST:0 AMaxBT:1 E0023FastEnc:1 ContentBasedFastQtbt:0 UseNonLinearAlfLuma:1 UseNonLinearAlfChroma:1 MaxNumAlfAlternativesChroma:8 FastMIP:0 TTFastSkip:31 TTFastSkipThr:1.075 FastLocalDualTree:1 RPR:0 TemporalFilter:4/4 SEI CTI:0 BIM:0 SEI FGC:0 SEI processing Order:0 DPF:0 


 started @ Tue Aug 19 07:59:01 2025
POC    0 LId:  0 TId: 0 ( IDR_N_LP, I-SLICE, QP 24 )    1686192 bits [Y 38.1641 dB    U 42.1426 dB    V 44.2811 dB] [ET   401 ] [L0] [L1]
POC   32 LId:  0 TId: 0 ( TRAIL, B-SLICE, QP 26 )     450568 bits [Y 36.7247 dB    U 41.9689 dB    V 44.2559 dB] [ET   418 ] [L0 0] [L1 0c]
POC   16 LId:  0 TId: 1 ( STSA, B-SLICE, QP 28 )     237104 bits [Y 36.0973 dB    U 41.8487 dB    V 44.2148 dB] [ET   359 ] [L0 0 32] [L1 32c]
POC    8 LId:  0 TId: 2 ( TRAIL, B-SLICE, QP 29 )     152584 bits [Y 35.9236 dB    U 41.8137 dB    V 44.2026 dB] [ET   301 ] [L0 0 16 32] [L1 16c 32]
POC    4 LId:  0 TId: 3 ( TRAIL, B-SLICE, QP 32 )      82568 bits [Y 35.7665 dB    U 41.8794 dB    V 44.2177 dB] [ET   268 ] [L0 0 8 16] [L1 8c 16 32]
POC    2 LId:  0 TId: 4 ( TRAIL, B-SLICE, QP 34 )      28488 bits [Y 35.7218 dB    U 41.9313 dB    V 44.2074 dB] [ET   139 ] [L0 0 4 8] [L1 4c 8 16 32]
POC    1 LId:  0 TId: 5 ( TRAIL, B-SLICE, QP 36 )       8208 bits [Y 36.0705 dB    U 42.1014 dB    V 44.2997 dB] [ET    49 ] [L0 0] [L1 2c 4]
POC    3 LId:  0 TId: 5 ( TRAIL, B-SLICE, QP 36 )      11016 bits [Y 35.4481 dB    U 41.9312 dB    V 44.2249 dB] [ET    61 ] [L0 2c 0] [L1 4 8]
POC    6 LId:  0 TId: 4 ( TRAIL, B-SLICE, QP 34 )      27512 bits [Y 35.6929 dB    U 41.8570 dB    V 44.1335 dB] [ET   132 ] [L0 4c 2 0] [L1 8 16 32]
POC    5 LId:  0 TId: 5 ( TRAIL, B-SLICE, QP 36 )       7640 bits [Y 35.4269 dB    U 41.8714 dB    V 44.1833 dB] [ET    50 ] [L0 4 0] [L1 6c 8]
POC    7 LId:  0 TId: 5 ( TRAIL, B-SLICE, QP 36 )       8760 bits [Y 35.5423 dB    U 41.8521 dB    V 44.1836 dB] [ET    54 ] [L0 6c 4] [L1 8 16]
POC   12 LId:  0 TId: 3 ( TRAIL, B-SLICE, QP 32 )      74912 bits [Y 35.8089 dB    U 41.7870 dB    V 44.1248 dB] [ET   223 ] [L0 8c 4 0] [L1 16 32]
POC   10 LId:  0 TId: 4 ( TRAIL, B-SLICE, QP 34 )      25168 bits [Y 35.4934 dB    U 41.7604 dB    V 44.1089 dB] [ET   129 ] [L0 8 6 4 0] [L1 12c 16 32]
POC    9 LId:  0 TId: 5 ( TRAIL, B-SLICE, QP 36 )       9648 bits [Y 35.4162 dB    U 41.8108 dB    V 44.1883 dB] [ET    60 ] [L0 8 4] [L1 10c 12]
POC   11 LId:  0 TId: 5 ( TRAIL, B-SLICE, QP 36 )       8272 bits [Y 35.4139 dB    U 41.7874 dB    V 44.1376 dB] [ET    55 ] [L0 10c 8] [L1 12 16]
POC   14 LId:  0 TId: 4 ( TRAIL, B-SLICE, QP 34 )      30232 bits [Y 35.5392 dB    U 41.7643 dB    V 44.0711 dB] [ET   152 ] [L0 12c 10 8 0] [L1 16 32]
POC   13 LId:  0 TId: 5 ( TRAIL, B-SLICE, QP 36 )       7144 bits [Y 35.4164 dB    U 41.7913 dB    V 44.0825 dB] [ET    51 ] [L0 12 8] [L1 14c 16]
POC   15 LId:  0 TId: 5 ( TRAIL, B-SLICE, QP 36 )       8712 bits [Y 35.4949 dB    U 41.8398 dB    V 44.1480 dB] [ET    57 ] [L0 14c 12] [L1 16 32]
POC   24 LId:  0 TId: 2 ( TRAIL, B-SLICE, QP 29 )     152528 bits [Y 36.0789 dB    U 41.8589 dB    V 44.2824 dB] [ET   270 ] [L0 16c 8 0] [L1 32]
POC   20 LId:  0 TId: 3 ( TRAIL, B-SLICE, QP 32 )      77952 bits [Y 35.7454 dB    U 41.8195 dB    V 44.1411 dB] [ET   237 ] [L0 16 8 0] [L1 24c 32]
POC   18 LId:  0 TId: 4 ( TRAIL, B-SLICE, QP 34 )      27320 bits [Y 35.5957 dB    U 41.8302 dB    V 44.1838 dB] [ET   139 ] [L0 16 8 0] [L1 20c 24 32]
POC   17 LId:  0 TId: 5 ( TRAIL, B-SLICE, QP 36 )       9904 bits [Y 35.5015 dB    U 41.8695 dB    V 44.2057 dB] [ET    58 ] [L0 16 8] [L1 18c 20]
POC   19 LId:  0 TId: 5 ( TRAIL, B-SLICE, QP 36 )      10288 bits [Y 35.3573 dB    U 41.8262 dB    V 44.1467 dB] [ET    59 ] [L0 18c 16] [L1 20 24]
POC   22 LId:  0 TId: 4 ( TRAIL, B-SLICE, QP 34 )      30400 bits [Y 35.5447 dB    U 41.7560 dB    V 44.1236 dB] [ET   164 ] [L0 20c 16 0] [L1 24 32 18]
POC   21 LId:  0 TId: 5 ( TRAIL, B-SLICE, QP 36 )       9480 bits [Y 35.3834 dB    U 41.8216 dB    V 44.1324 dB] [ET    59 ] [L0 20 16] [L1 22c 24]
POC   23 LId:  0 TId: 5 ( TRAIL, B-SLICE, QP 36 )       9400 bits [Y 35.5444 dB    U 41.7989 dB    V 44.1428 dB] [ET    61 ] [L0 22c 20] [L1 24 32]
POC   28 LId:  0 TId: 3 ( TRAIL, B-SLICE, QP 32 )      71760 bits [Y 35.8931 dB    U 41.8006 dB    V 44.1811 dB] [ET   230 ] [L0 24c 20 16 0] [L1 32]
POC   26 LId:  0 TId: 4 ( TRAIL, B-SLICE, QP 34 )      32472 bits [Y 35.4694 dB    U 41.7891 dB    V 44.1088 dB] [ET   157 ] [L0 24 20 16 0] [L1 28c 32]
POC   25 LId:  0 TId: 5 ( TRAIL, B-SLICE, QP 36 )       8264 bits [Y 35.5397 dB    U 41.8294 dB    V 44.2022 dB] [ET    56 ] [L0 24 20] [L1 26c 28]
POC   27 LId:  0 TId: 5 ( TRAIL, B-SLICE, QP 36 )      10432 bits [Y 35.3836 dB    U 41.7620 dB    V 44.1190 dB] [ET    58 ] [L0 26c 24] [L1 28 32]
POC   30 LId:  0 TId: 4 ( TRAIL, B-SLICE, QP 34 )      33032 bits [Y 35.5813 dB    U 41.9026 dB    V 44.2050 dB] [ET   133 ] [L0 28c 24 16 0] [L1 32]
POC   29 LId:  0 TId: 5 ( TRAIL, B-SLICE, QP 36 )      10456 bits [Y 35.3742 dB    U 41.8096 dB    V 44.1201 dB] [ET    63 ] [L0 28 24] [L1 30c 32]
POC   31 LId:  0 TId: 5 ( TRAIL, B-SLICE, QP 36 )       7992 bits [Y 35.6878 dB    U 41.9434 dB    V 44.2028 dB] [ET    52 ] [L0 30c 28] [L1 32]

LayerId  0
	Total Frames |  Bitrate      Y-PSNR   U-PSNR   V-PSNR   YUV-PSNR 
	33           a  6120.7418    35.7225  41.8532  44.1746  37.0581  

 finished @ Tue Aug 19 09:18:16 2025
 Total Time:     4754.191 sec. [user]     4754.191 sec. [elapsed]
