
VVCSoftware: VTM Encoder Version 23.11 [Windows][VS 1944][64 bit] [SIMD=AVX2] 

TOOL CFG: IBD:1 HAD:1 RDQ:1 RDQTS:1 LQP:0 SQP:0 ASR:1 MinSearchWindow:96 RestrictMESampling:0 FEN:1 ECU:0 FDM:0 ESD:0 TransformSkip:1 TransformSkipFast:1 TransformSkipLog2MaxSize:5 ChromaTS:1 BDPCM:0 Tiles: 1x1 Slices: 1 MCTS:0 SAO:1 ALF:1 CCALF:1 MaxNumALFAPS 8 AlfapsIDShift 0 ConstantJointCbCrSignFlagWPP:0 WPB:0 PME:2  WaveFrontSynchro:0 WaveFrontSubstreams:1 ScalingList:0 TMVPMode:1  DQ:1  SignBitHidingFlag:0 RecalQP:0 
TOOL CFG: LFNST:1 MMVD:1 Affine:1 AffineType:1 AdaptBypassAffineMe:0 PROF:1 SbTMVP:1 DualITree:1 IMV:1 BIO:1 LMChroma:1 HorCollocatedChroma:1 VerCollocatedChroma:0 MTS:1(explicit intra) SBT:1 ISP:1 SMVD:1 CompositeLTReference:0 Bcw:1 BcwFast:1 LADF:0 CIIP:1 Geo:1 AllowDisFracMMVD:1 AffineAmvr:1 AffineAmvrEncOpt:1 AffineAmvp:1 DMVR:1 MmvdDisNum:6 JointCbCr:1 ACT:0 PLT:0 IBC:0 HashME:0 WrapAround:0 VirtualBoundariesEnabledFlag:0 VirtualBoundariesPresentInSPSFlag:1 vertical virtual boundaries:[ ] horizontal virtual boundaries:[ ] Reshape:1 (Signal:SDR Opt:0 CSoffset:6) MRL:1 MIP:1 EncDbOpt:1 AlfLambdaOpt:0 
FAST TOOL CFG: LCTUFast:1 FastMrg:1 MaxMergeRdCandNumTotal:7 MergeRdCandQuotaRegular:4 MergeRdCandQuotaRegularSmallBlk:4 MergeRdCandQuotaSubBlk:2 MergeRdCandQuotaCiip:1 MergeRdCandQuotaGpm:8 PBIntraFast:1 IMV4PelFast:1 MTSMaxCand: 4(intra) 4(inter) ISPFast:0 FastLFNST:0 AMaxBT:1 E0023FastEnc:1 ContentBasedFastQtbt:0 UseNonLinearAlfLuma:1 UseNonLinearAlfChroma:1 MaxNumAlfAlternativesChroma:8 FastMIP:0 TTFastSkip:31 TTFastSkipThr:1.075 FastLocalDualTree:1 RPR:0 TemporalFilter:4/4 SEI CTI:0 BIM:0 SEI FGC:0 SEI processing Order:0 DPF:0 


 started @ Tue Aug 19 00:49:22 2025
POC    0 LId:  0 TId: 0 ( IDR_N_LP, I-SLICE, QP 19 )     857560 bits [Y 43.5688 dB    U 43.7127 dB    V 43.7968 dB] [ET   139 ] [L0] [L1]
POC   32 LId:  0 TId: 0 ( TRAIL, B-SLICE, QP 21 )     496136 bits [Y 42.5042 dB    U 42.3945 dB    V 42.7908 dB] [ET   221 ] [L0 0] [L1 0c]
POC   16 LId:  0 TId: 1 ( STSA, B-SLICE, QP 22 )     400080 bits [Y 41.9694 dB    U 42.1408 dB    V 42.5819 dB] [ET   210 ] [L0 0 32] [L1 32c]
POC    8 LId:  0 TId: 2 ( TRAIL, B-SLICE, QP 23 )     365584 bits [Y 41.7332 dB    U 41.8478 dB    V 42.3887 dB] [ET   212 ] [L0 0 16 32] [L1 16c 32]
POC    4 LId:  0 TId: 3 ( TRAIL, B-SLICE, QP 26 )     239504 bits [Y 41.5626 dB    U 41.2192 dB    V 41.5813 dB] [ET   166 ] [L0 0 8 16] [L1 8c 16 32]
POC    2 LId:  0 TId: 4 ( TRAIL, B-SLICE, QP 28 )     155064 bits [Y 40.8938 dB    U 40.5169 dB    V 40.9811 dB] [ET   135 ] [L0 0 4 8] [L1 4c 8 16 32]
POC    1 LId:  0 TId: 5 ( TRAIL, B-SLICE, QP 29 )     133232 bits [Y 40.5875 dB    U 40.0564 dB    V 40.4908 dB] [ET   108 ] [L0 0] [L1 2c 4]
POC    3 LId:  0 TId: 5 ( TRAIL, B-SLICE, QP 29 )     141864 bits [Y 40.4088 dB    U 39.9841 dB    V 40.0663 dB] [ET   106 ] [L0 2c 0] [L1 4 8]
POC    6 LId:  0 TId: 4 ( TRAIL, B-SLICE, QP 28 )     217208 bits [Y 40.2897 dB    U 39.8637 dB    V 40.1775 dB] [ET   157 ] [L0 4c 2 0] [L1 8 16 32]
POC    5 LId:  0 TId: 5 ( TRAIL, B-SLICE, QP 29 )     172328 bits [Y 40.0624 dB    U 39.5060 dB    V 39.5750 dB] [ET   120 ] [L0 4 0] [L1 6c 8]
POC    7 LId:  0 TId: 5 ( TRAIL, B-SLICE, QP 29 )     186600 bits [Y 39.7794 dB    U 39.2033 dB    V 39.4233 dB] [ET   135 ] [L0 6c 4] [L1 8 16]
POC   12 LId:  0 TId: 3 ( TRAIL, B-SLICE, QP 26 )     258720 bits [Y 41.3744 dB    U 40.9245 dB    V 41.3350 dB] [ET   167 ] [L0 8c 4 0] [L1 16 32]
POC   10 LId:  0 TId: 4 ( TRAIL, B-SLICE, QP 28 )     193952 bits [Y 40.4076 dB    U 39.8779 dB    V 40.3405 dB] [ET   153 ] [L0 8 6 4 0] [L1 12c 16 32]
POC    9 LId:  0 TId: 5 ( TRAIL, B-SLICE, QP 29 )     167488 bits [Y 39.9468 dB    U 39.5198 dB    V 39.6631 dB] [ET   128 ] [L0 8 4] [L1 10c 12]
POC   11 LId:  0 TId: 5 ( TRAIL, B-SLICE, QP 29 )     170376 bits [Y 39.9180 dB    U 39.3953 dB    V 39.6810 dB] [ET   123 ] [L0 10c 8] [L1 12 16]
POC   14 LId:  0 TId: 4 ( TRAIL, B-SLICE, QP 28 )     218696 bits [Y 40.4965 dB    U 39.8240 dB    V 40.2185 dB] [ET   147 ] [L0 12c 10 8 0] [L1 16 32]
POC   13 LId:  0 TId: 5 ( TRAIL, B-SLICE, QP 29 )     179128 bits [Y 39.7746 dB    U 39.0930 dB    V 39.3829 dB] [ET   125 ] [L0 12 8] [L1 14c 16]
POC   15 LId:  0 TId: 5 ( TRAIL, B-SLICE, QP 29 )     177944 bits [Y 39.9503 dB    U 39.2246 dB    V 39.5772 dB] [ET   125 ] [L0 14c 12] [L1 16 32]
POC   24 LId:  0 TId: 2 ( TRAIL, B-SLICE, QP 23 )     338648 bits [Y 41.8340 dB    U 42.0212 dB    V 42.3901 dB] [ET   186 ] [L0 16c 8 0] [L1 32]
POC   20 LId:  0 TId: 3 ( TRAIL, B-SLICE, QP 26 )     219328 bits [Y 41.5186 dB    U 41.0199 dB    V 41.4487 dB] [ET   151 ] [L0 16 8 0] [L1 24c 32]
POC   18 LId:  0 TId: 4 ( TRAIL, B-SLICE, QP 28 )     162112 bits [Y 40.9010 dB    U 40.2328 dB    V 40.6839 dB] [ET   132 ] [L0 16 8 0] [L1 20c 24 32]
POC   17 LId:  0 TId: 5 ( TRAIL, B-SLICE, QP 29 )     155640 bits [Y 40.1032 dB    U 39.6348 dB    V 39.8591 dB] [ET   118 ] [L0 16 8] [L1 18c 20]
POC   19 LId:  0 TId: 5 ( TRAIL, B-SLICE, QP 29 )     128456 bits [Y 40.4481 dB    U 39.6194 dB    V 39.8364 dB] [ET   106 ] [L0 18c 16] [L1 20 24]
POC   22 LId:  0 TId: 4 ( TRAIL, B-SLICE, QP 28 )     202208 bits [Y 39.9570 dB    U 39.2509 dB    V 40.0826 dB] [ET   154 ] [L0 20c 16 0] [L1 24 32 18]
POC   21 LId:  0 TId: 5 ( TRAIL, B-SLICE, QP 29 )     138688 bits [Y 40.0556 dB    U 39.5194 dB    V 39.8688 dB] [ET   109 ] [L0 20 16] [L1 22c 24]
POC   23 LId:  0 TId: 5 ( TRAIL, B-SLICE, QP 29 )     149720 bits [Y 39.8920 dB    U 39.0951 dB    V 39.4633 dB] [ET   115 ] [L0 22c 20] [L1 24 32]
POC   28 LId:  0 TId: 3 ( TRAIL, B-SLICE, QP 26 )     229144 bits [Y 41.5004 dB    U 41.0667 dB    V 41.3221 dB] [ET   155 ] [L0 24c 20 16 0] [L1 32]
POC   26 LId:  0 TId: 4 ( TRAIL, B-SLICE, QP 28 )     205432 bits [Y 40.3327 dB    U 40.0069 dB    V 40.2124 dB] [ET   148 ] [L0 24 20 16 0] [L1 28c 32]
POC   25 LId:  0 TId: 5 ( TRAIL, B-SLICE, QP 29 )     180928 bits [Y 39.7754 dB    U 39.2820 dB    V 39.3482 dB] [ET   128 ] [L0 24 20] [L1 26c 28]
POC   27 LId:  0 TId: 5 ( TRAIL, B-SLICE, QP 29 )     160288 bits [Y 39.8907 dB    U 39.4596 dB    V 39.5715 dB] [ET   123 ] [L0 26c 24] [L1 28 32]
POC   30 LId:  0 TId: 4 ( TRAIL, B-SLICE, QP 28 )     205496 bits [Y 40.3773 dB    U 39.7291 dB    V 40.0631 dB] [ET   142 ] [L0 28c 24 16 0] [L1 32]
POC   29 LId:  0 TId: 5 ( TRAIL, B-SLICE, QP 29 )     149664 bits [Y 40.2399 dB    U 39.3455 dB    V 39.5216 dB] [ET   114 ] [L0 28 24] [L1 30c 32]
POC   31 LId:  0 TId: 5 ( TRAIL, B-SLICE, QP 29 )     180800 bits [Y 39.9628 dB    U 39.5486 dB    V 39.5008 dB] [ET   119 ] [L0 30c 28] [L1 32]

LayerId  0
	Total Frames |  Bitrate      Y-PSNR   U-PSNR   V-PSNR   YUV-PSNR 
	33           a  11421.2364   40.6672  40.2163  40.5219  40.4625  

 finished @ Tue Aug 19 02:07:20 2025
 Total Time:     4677.484 sec. [user]     4677.484 sec. [elapsed]
