
VVCSoftware: VTM Encoder Version 23.11 [Windows][VS 1944][64 bit] [SIMD=AVX2] 

TOOL CFG: IBD:1 HAD:1 RDQ:1 RDQTS:1 LQP:0 SQP:0 ASR:1 MinSearchWindow:96 RestrictMESampling:0 FEN:1 ECU:0 FDM:1 ESD:0 TransformSkip:1 TransformSkipFast:1 TransformSkipLog2MaxSize:5 ChromaTS:1 BDPCM:0 Tiles: 1x1 Slices: 1 MCTS:0 SAO:1 ALF:1 CCALF:1 MaxNumALFAPS 8 AlfapsIDShift 0 ConstantJointCbCrSignFlagWPP:0 WPB:0 PME:2  WaveFrontSynchro:0 WaveFrontSubstreams:1 ScalingList:0 TMVPMode:1  DQ:1  SignBitHidingFlag:0 RecalQP:0 
TOOL CFG: LFNST:1 MMVD:1 Affine:1 AffineType:1 AdaptBypassAffineMe:0 PROF:1 SbTMVP:1 DualITree:1 IMV:1 BIO:1 LMChroma:1 HorCollocatedChroma:1 VerCollocatedChroma:0 MTS:1(explicit intra) SBT:1 ISP:1 SMVD:1 CompositeLTReference:0 Bcw:1 BcwFast:1 LADF:0 CIIP:1 Geo:1 AllowDisFracMMVD:1 AffineAmvr:1 AffineAmvrEncOpt:1 AffineAmvp:1 DMVR:1 MmvdDisNum:6 JointCbCr:1 ACT:0 PLT:0 IBC:0 HashME:0 WrapAround:0 VirtualBoundariesEnabledFlag:0 VirtualBoundariesPresentInSPSFlag:1 vertical virtual boundaries:[ ] horizontal virtual boundaries:[ ] Reshape:1 (Signal:SDR Opt:0 CSoffset:6) MRL:1 MIP:1 EncDbOpt:1 AlfLambdaOpt:0 
FAST TOOL CFG: LCTUFast:1 FastMrg:1 MaxMergeRdCandNumTotal:7 MergeRdCandQuotaRegular:4 MergeRdCandQuotaRegularSmallBlk:4 MergeRdCandQuotaSubBlk:2 MergeRdCandQuotaCiip:1 MergeRdCandQuotaGpm:8 PBIntraFast:1 IMV4PelFast:1 MTSMaxCand: 4(intra) 4(inter) ISPFast:0 FastLFNST:0 AMaxBT:1 E0023FastEnc:1 ContentBasedFastQtbt:0 UseNonLinearAlfLuma:1 UseNonLinearAlfChroma:1 MaxNumAlfAlternativesChroma:8 FastMIP:0 TTFastSkip:31 TTFastSkipThr:1.075 FastLocalDualTree:1 RPR:0 TemporalFilter:4/4 SEI CTI:0 BIM:0 SEI FGC:0 SEI processing Order:0 DPF:0 


 started @ Mon Aug 18 19:01:36 2025
POC    0 LId:  0 TId: 0 ( IDR_N_LP, I-SLICE, QP 24 )     440920 bits [Y 39.8665 dB    U 44.9612 dB    V 46.4560 dB] [ET   202 ] [L0] [L1]
POC   32 LId:  0 TId: 0 ( TRAIL, B-SLICE, QP 26 )     342976 bits [Y 39.5207 dB    U 44.4234 dB    V 45.9069 dB] [ET   625 ] [L0 0] [L1 0c]
POC   16 LId:  0 TId: 1 ( STSA, B-SLICE, QP 28 )     176752 bits [Y 39.4802 dB    U 44.6084 dB    V 45.9338 dB] [ET   466 ] [L0 0 32] [L1 32c]
POC    8 LId:  0 TId: 2 ( TRAIL, B-SLICE, QP 29 )     131144 bits [Y 39.2170 dB    U 44.5728 dB    V 45.6622 dB] [ET   416 ] [L0 0 16 32] [L1 16c 32]
POC    4 LId:  0 TId: 3 ( TRAIL, B-SLICE, QP 32 )      80384 bits [Y 39.0751 dB    U 44.3419 dB    V 45.2574 dB] [ET   332 ] [L0 0 8 16] [L1 8c 16 32]
POC    2 LId:  0 TId: 4 ( TRAIL, B-SLICE, QP 34 )      48048 bits [Y 39.0172 dB    U 44.3253 dB    V 44.9867 dB] [ET   235 ] [L0 0 4 8] [L1 4c 8 16 32]
POC    1 LId:  0 TId: 5 ( TRAIL, B-SLICE, QP 36 )      25664 bits [Y 38.9528 dB    U 44.5072 dB    V 45.1919 dB] [ET   109 ] [L0 0] [L1 2c 4]
POC    3 LId:  0 TId: 5 ( TRAIL, B-SLICE, QP 36 )      26896 bits [Y 38.7240 dB    U 44.2318 dB    V 44.6508 dB] [ET   121 ] [L0 2c 0] [L1 4 8]
POC    6 LId:  0 TId: 4 ( TRAIL, B-SLICE, QP 34 )      53088 bits [Y 38.7798 dB    U 44.1577 dB    V 44.6751 dB] [ET   239 ] [L0 4c 2 0] [L1 8 16 32]
POC    5 LId:  0 TId: 5 ( TRAIL, B-SLICE, QP 36 )      28456 bits [Y 38.5808 dB    U 44.0775 dB    V 44.4411 dB] [ET   124 ] [L0 4 0] [L1 6c 8]
POC    7 LId:  0 TId: 5 ( TRAIL, B-SLICE, QP 36 )      27552 bits [Y 38.6091 dB    U 44.1668 dB    V 44.6753 dB] [ET   122 ] [L0 6c 4] [L1 8 16]
POC   12 LId:  0 TId: 3 ( TRAIL, B-SLICE, QP 32 )      73264 bits [Y 39.1131 dB    U 44.3388 dB    V 45.4068 dB] [ET   288 ] [L0 8c 4 0] [L1 16 32]
POC   10 LId:  0 TId: 4 ( TRAIL, B-SLICE, QP 34 )      45784 bits [Y 38.8513 dB    U 44.1683 dB    V 44.9132 dB] [ET   242 ] [L0 8 6 4 0] [L1 12c 16 32]
POC    9 LId:  0 TId: 5 ( TRAIL, B-SLICE, QP 36 )      25600 bits [Y 38.6647 dB    U 44.1867 dB    V 44.7238 dB] [ET   124 ] [L0 8 4] [L1 10c 12]
POC   11 LId:  0 TId: 5 ( TRAIL, B-SLICE, QP 36 )      21112 bits [Y 38.7056 dB    U 44.1539 dB    V 44.8237 dB] [ET   109 ] [L0 10c 8] [L1 12 16]
POC   14 LId:  0 TId: 4 ( TRAIL, B-SLICE, QP 34 )      37608 bits [Y 39.0119 dB    U 44.2705 dB    V 45.1466 dB] [ET   196 ] [L0 12c 10 8 0] [L1 16 32]
POC   13 LId:  0 TId: 5 ( TRAIL, B-SLICE, QP 36 )      18376 bits [Y 38.8144 dB    U 44.1697 dB    V 44.9077 dB] [ET    86 ] [L0 12 8] [L1 14c 16]
POC   15 LId:  0 TId: 5 ( TRAIL, B-SLICE, QP 36 )      18152 bits [Y 38.9250 dB    U 44.3310 dB    V 45.1956 dB] [ET    83 ] [L0 14c 12] [L1 16 32]
POC   24 LId:  0 TId: 2 ( TRAIL, B-SLICE, QP 29 )     147776 bits [Y 39.3758 dB    U 44.2916 dB    V 45.5313 dB] [ET   359 ] [L0 16c 8 0] [L1 32]
POC   20 LId:  0 TId: 3 ( TRAIL, B-SLICE, QP 32 )      75520 bits [Y 39.2569 dB    U 44.1853 dB    V 45.3565 dB] [ET   302 ] [L0 16 8 0] [L1 24c 32]
POC   18 LId:  0 TId: 4 ( TRAIL, B-SLICE, QP 34 )      41048 bits [Y 39.0916 dB    U 44.1234 dB    V 45.1126 dB] [ET   212 ] [L0 16 8 0] [L1 20c 24 32]
POC   17 LId:  0 TId: 5 ( TRAIL, B-SLICE, QP 36 )      17440 bits [Y 38.9921 dB    U 44.2697 dB    V 45.1783 dB] [ET    95 ] [L0 16 8] [L1 18c 20]
POC   19 LId:  0 TId: 5 ( TRAIL, B-SLICE, QP 36 )      19192 bits [Y 38.9012 dB    U 44.1050 dB    V 45.0194 dB] [ET   101 ] [L0 18c 16] [L1 20 24]
POC   22 LId:  0 TId: 4 ( TRAIL, B-SLICE, QP 34 )      44792 bits [Y 39.0062 dB    U 43.9843 dB    V 44.8891 dB] [ET   226 ] [L0 20c 16 0] [L1 24 32 18]
POC   21 LId:  0 TId: 5 ( TRAIL, B-SLICE, QP 36 )      20032 bits [Y 38.8344 dB    U 43.9358 dB    V 44.8605 dB] [ET   107 ] [L0 20 16] [L1 22c 24]
POC   23 LId:  0 TId: 5 ( TRAIL, B-SLICE, QP 36 )      23048 bits [Y 38.8294 dB    U 43.9586 dB    V 44.8509 dB] [ET   111 ] [L0 22c 20] [L1 24 32]
POC   28 LId:  0 TId: 3 ( TRAIL, B-SLICE, QP 32 )     105784 bits [Y 39.0212 dB    U 43.8278 dB    V 44.7621 dB] [ET   355 ] [L0 24c 20 16 0] [L1 32]
POC   26 LId:  0 TId: 4 ( TRAIL, B-SLICE, QP 34 )      55232 bits [Y 38.8216 dB    U 43.7654 dB    V 44.6019 dB] [ET   238 ] [L0 24 20 16 0] [L1 28c 32]
POC   25 LId:  0 TId: 5 ( TRAIL, B-SLICE, QP 36 )      26152 bits [Y 38.7054 dB    U 43.8486 dB    V 44.6506 dB] [ET   114 ] [L0 24 20] [L1 26c 28]
POC   27 LId:  0 TId: 5 ( TRAIL, B-SLICE, QP 36 )      28008 bits [Y 38.5162 dB    U 43.6767 dB    V 44.4161 dB] [ET   117 ] [L0 26c 24] [L1 28 32]
POC   30 LId:  0 TId: 4 ( TRAIL, B-SLICE, QP 34 )      55080 bits [Y 38.7952 dB    U 43.7319 dB    V 44.6377 dB] [ET   227 ] [L0 28c 24 16 0] [L1 32]
POC   29 LId:  0 TId: 5 ( TRAIL, B-SLICE, QP 36 )      26504 bits [Y 38.4818 dB    U 43.6667 dB    V 44.3825 dB] [ET   117 ] [L0 28 24] [L1 30c 32]
POC   31 LId:  0 TId: 5 ( TRAIL, B-SLICE, QP 36 )      25280 bits [Y 38.6699 dB    U 43.9647 dB    V 44.8951 dB] [ET   109 ] [L0 30c 28] [L1 32]

LayerId  0
	Total Frames |  Bitrate      Y-PSNR   U-PSNR   V-PSNR   YUV-PSNR 
	33           a  3534.3394    38.9457  44.1615  45.0333  40.1390  

 finished @ Mon Aug 18 20:56:48 2025
 Total Time:     6911.881 sec. [user]     6911.881 sec. [elapsed]
