
VVCSoftware: VTM Encoder Version 23.11 [Windows][VS 1944][64 bit] [SIMD=AVX2] 

TOOL CFG: IBD:1 HAD:1 RDQ:1 RDQTS:1 LQP:0 SQP:0 ASR:1 MinSearchWindow:96 RestrictMESampling:0 FEN:1 ECU:0 FDM:1 ESD:0 TransformSkip:1 TransformSkipFast:1 TransformSkipLog2MaxSize:5 ChromaTS:1 BDPCM:0 Tiles: 1x1 Slices: 1 MCTS:0 SAO:1 ALF:1 CCALF:1 MaxNumALFAPS 8 AlfapsIDShift 0 ConstantJointCbCrSignFlagWPP:0 WPB:0 PME:2  WaveFrontSynchro:0 WaveFrontSubstreams:1 ScalingList:0 TMVPMode:1  DQ:1  SignBitHidingFlag:0 RecalQP:0 
TOOL CFG: LFNST:1 MMVD:1 Affine:1 AffineType:1 AdaptBypassAffineMe:0 PROF:1 SbTMVP:1 DualITree:1 IMV:1 BIO:1 LMChroma:1 HorCollocatedChroma:1 VerCollocatedChroma:0 MTS:1(explicit intra) SBT:1 ISP:1 SMVD:1 CompositeLTReference:0 Bcw:1 BcwFast:1 LADF:0 CIIP:1 Geo:1 AllowDisFracMMVD:1 AffineAmvr:1 AffineAmvrEncOpt:1 AffineAmvp:1 DMVR:1 MmvdDisNum:6 JointCbCr:1 ACT:0 PLT:0 IBC:0 HashME:0 WrapAround:0 VirtualBoundariesEnabledFlag:0 VirtualBoundariesPresentInSPSFlag:1 vertical virtual boundaries:[ ] horizontal virtual boundaries:[ ] Reshape:1 (Signal:SDR Opt:0 CSoffset:6) MRL:1 MIP:1 EncDbOpt:1 AlfLambdaOpt:0 
FAST TOOL CFG: LCTUFast:0 FastMrg:1 MaxMergeRdCandNumTotal:7 MergeRdCandQuotaRegular:4 MergeRdCandQuotaRegularSmallBlk:4 MergeRdCandQuotaSubBlk:2 MergeRdCandQuotaCiip:1 MergeRdCandQuotaGpm:8 PBIntraFast:1 IMV4PelFast:1 MTSMaxCand: 4(intra) 4(inter) ISPFast:0 FastLFNST:0 AMaxBT:1 E0023FastEnc:1 ContentBasedFastQtbt:0 UseNonLinearAlfLuma:1 UseNonLinearAlfChroma:1 MaxNumAlfAlternativesChroma:8 FastMIP:0 TTFastSkip:31 TTFastSkipThr:1.075 FastLocalDualTree:1 RPR:0 TemporalFilter:4/4 SEI CTI:0 BIM:0 SEI FGC:0 SEI processing Order:0 DPF:0 


 started @ Mon Aug 18 22:41:13 2025
POC    0 LId:  0 TId: 0 ( IDR_N_LP, I-SLICE, QP 19 )     241016 bits [Y 42.5804 dB    U 44.3498 dB    V 46.3969 dB] [ET    39 ] [L0] [L1]
POC   32 LId:  0 TId: 0 ( TRAIL, B-SLICE, QP 21 )     150640 bits [Y 41.1324 dB    U 43.2063 dB    V 44.4179 dB] [ET    72 ] [L0 0] [L1 0c]
POC   16 LId:  0 TId: 1 ( STSA, B-SLICE, QP 22 )      93808 bits [Y 39.8624 dB    U 42.0117 dB    V 44.3167 dB] [ET    52 ] [L0 0 32] [L1 32c]
POC    8 LId:  0 TId: 2 ( TRAIL, B-SLICE, QP 23 )      59096 bits [Y 39.7057 dB    U 42.3767 dB    V 44.4968 dB] [ET    45 ] [L0 0 16 32] [L1 16c 32]
POC    4 LId:  0 TId: 3 ( TRAIL, B-SLICE, QP 26 )      25616 bits [Y 39.0836 dB    U 42.4321 dB    V 44.7180 dB] [ET    34 ] [L0 0 8 16] [L1 8c 16 32]
POC    2 LId:  0 TId: 4 ( TRAIL, B-SLICE, QP 28 )      12008 bits [Y 39.1595 dB    U 42.9367 dB    V 45.0131 dB] [ET    22 ] [L0 0 4 8] [L1 4c 8 16 32]
POC    1 LId:  0 TId: 5 ( TRAIL, B-SLICE, QP 29 )       5176 bits [Y 39.8046 dB    U 43.4186 dB    V 45.5460 dB] [ET     9 ] [L0 0] [L1 2c 4]
POC    3 LId:  0 TId: 5 ( TRAIL, B-SLICE, QP 29 )       5224 bits [Y 38.6496 dB    U 42.5526 dB    V 44.6691 dB] [ET    10 ] [L0 2c 0] [L1 4 8]
POC    6 LId:  0 TId: 4 ( TRAIL, B-SLICE, QP 28 )      10672 bits [Y 38.3530 dB    U 42.0751 dB    V 44.0308 dB] [ET    17 ] [L0 4c 2 0] [L1 8 16 32]
POC    5 LId:  0 TId: 5 ( TRAIL, B-SLICE, QP 29 )       4384 bits [Y 38.2555 dB    U 42.1600 dB    V 44.2685 dB] [ET    10 ] [L0 4 0] [L1 6c 8]
POC    7 LId:  0 TId: 5 ( TRAIL, B-SLICE, QP 29 )       4792 bits [Y 38.4523 dB    U 42.1716 dB    V 44.3001 dB] [ET    10 ] [L0 6c 4] [L1 8 16]
POC   12 LId:  0 TId: 3 ( TRAIL, B-SLICE, QP 26 )      28496 bits [Y 38.8941 dB    U 41.8351 dB    V 44.2574 dB] [ET    25 ] [L0 8c 4 0] [L1 16 32]
POC   10 LId:  0 TId: 4 ( TRAIL, B-SLICE, QP 28 )      11224 bits [Y 38.2617 dB    U 41.6595 dB    V 44.0282 dB] [ET    18 ] [L0 8 6 4 0] [L1 12c 16 32]
POC    9 LId:  0 TId: 5 ( TRAIL, B-SLICE, QP 29 )       5160 bits [Y 38.3511 dB    U 41.8504 dB    V 44.2936 dB] [ET    11 ] [L0 8 4] [L1 10c 12]
POC   11 LId:  0 TId: 5 ( TRAIL, B-SLICE, QP 29 )       5832 bits [Y 37.9659 dB    U 41.6401 dB    V 44.1322 dB] [ET    12 ] [L0 10c 8] [L1 12 16]
POC   14 LId:  0 TId: 4 ( TRAIL, B-SLICE, QP 28 )      12512 bits [Y 38.3698 dB    U 41.5533 dB    V 43.9824 dB] [ET    18 ] [L0 12c 10 8 0] [L1 16 32]
POC   13 LId:  0 TId: 5 ( TRAIL, B-SLICE, QP 29 )       6864 bits [Y 38.1112 dB    U 41.5275 dB    V 44.0431 dB] [ET    12 ] [L0 12 8] [L1 14c 16]
POC   15 LId:  0 TId: 5 ( TRAIL, B-SLICE, QP 29 )       5880 bits [Y 38.3996 dB    U 41.6911 dB    V 44.0553 dB] [ET    12 ] [L0 14c 12] [L1 16 32]
POC   24 LId:  0 TId: 2 ( TRAIL, B-SLICE, QP 23 )      69256 bits [Y 39.5290 dB    U 42.0394 dB    V 43.8843 dB] [ET    43 ] [L0 16c 8 0] [L1 32]
POC   20 LId:  0 TId: 3 ( TRAIL, B-SLICE, QP 26 )      34504 bits [Y 38.6090 dB    U 41.0275 dB    V 43.5628 dB] [ET    30 ] [L0 16 8 0] [L1 24c 32]
POC   18 LId:  0 TId: 4 ( TRAIL, B-SLICE, QP 28 )      13336 bits [Y 38.1377 dB    U 41.3959 dB    V 43.7980 dB] [ET    18 ] [L0 16 8 0] [L1 20c 24 32]
POC   17 LId:  0 TId: 5 ( TRAIL, B-SLICE, QP 29 )       5616 bits [Y 38.3711 dB    U 41.6463 dB    V 44.1287 dB] [ET    11 ] [L0 16 8] [L1 18c 20]
POC   19 LId:  0 TId: 5 ( TRAIL, B-SLICE, QP 29 )       6568 bits [Y 37.8938 dB    U 41.1772 dB    V 43.6810 dB] [ET    11 ] [L0 18c 16] [L1 20 24]
POC   22 LId:  0 TId: 4 ( TRAIL, B-SLICE, QP 28 )      14776 bits [Y 37.9371 dB    U 40.4210 dB    V 43.3112 dB] [ET    22 ] [L0 20c 16 0] [L1 24 32 18]
POC   21 LId:  0 TId: 5 ( TRAIL, B-SLICE, QP 29 )       5800 bits [Y 37.7829 dB    U 40.7639 dB    V 43.5458 dB] [ET    11 ] [L0 20 16] [L1 22c 24]
POC   23 LId:  0 TId: 5 ( TRAIL, B-SLICE, QP 29 )       6672 bits [Y 38.0746 dB    U 40.8036 dB    V 43.6587 dB] [ET    16 ] [L0 22c 20] [L1 24 32]
POC   28 LId:  0 TId: 3 ( TRAIL, B-SLICE, QP 26 )      43544 bits [Y 38.9262 dB    U 41.6595 dB    V 43.0727 dB] [ET    37 ] [L0 24c 20 16 0] [L1 32]
POC   26 LId:  0 TId: 4 ( TRAIL, B-SLICE, QP 28 )      21536 bits [Y 38.1608 dB    U 41.2939 dB    V 43.2193 dB] [ET    23 ] [L0 24 20 16 0] [L1 28c 32]
POC   25 LId:  0 TId: 5 ( TRAIL, B-SLICE, QP 29 )      11016 bits [Y 38.2613 dB    U 41.3686 dB    V 43.4320 dB] [ET    17 ] [L0 24 20] [L1 26c 28]
POC   27 LId:  0 TId: 5 ( TRAIL, B-SLICE, QP 29 )      14624 bits [Y 37.8402 dB    U 41.1775 dB    V 42.8916 dB] [ET    19 ] [L0 26c 24] [L1 28 32]
POC   30 LId:  0 TId: 4 ( TRAIL, B-SLICE, QP 28 )      26688 bits [Y 38.2477 dB    U 41.5055 dB    V 42.5657 dB] [ET    28 ] [L0 28c 24 16 0] [L1 32]
POC   29 LId:  0 TId: 5 ( TRAIL, B-SLICE, QP 29 )      17240 bits [Y 37.8696 dB    U 41.2572 dB    V 42.3448 dB] [ET    19 ] [L0 28 24] [L1 30c 32]
POC   31 LId:  0 TId: 5 ( TRAIL, B-SLICE, QP 29 )      16256 bits [Y 38.3378 dB    U 41.8096 dB    V 42.9323 dB] [ET    18 ] [L0 30c 28] [L1 32]

LayerId  0
	Total Frames |  Bitrate      Y-PSNR   U-PSNR   V-PSNR   YUV-PSNR 
	33           a  1508.8364    38.7082  41.8423  43.9696  39.5997  

 finished @ Mon Aug 18 22:53:44 2025
 Total Time:      750.596 sec. [user]      750.596 sec. [elapsed]
