
VVCSoftware: VTM Encoder Version 23.11 [Windows][VS 1944][64 bit] [SIMD=AVX2] 

TOOL CFG: IBD:1 HAD:1 RDQ:1 RDQTS:1 LQP:0 SQP:0 ASR:1 MinSearchWindow:96 RestrictMESampling:0 FEN:1 ECU:0 FDM:1 ESD:0 TransformSkip:1 TransformSkipFast:1 TransformSkipLog2MaxSize:5 ChromaTS:1 BDPCM:0 Tiles: 1x1 Slices: 1 MCTS:0 SAO:1 ALF:1 CCALF:1 MaxNumALFAPS 8 AlfapsIDShift 0 ConstantJointCbCrSignFlagWPP:0 WPB:0 PME:2  WaveFrontSynchro:0 WaveFrontSubstreams:1 ScalingList:0 TMVPMode:1  DQ:1  SignBitHidingFlag:0 RecalQP:0 
TOOL CFG: LFNST:1 MMVD:1 Affine:1 AffineType:1 AdaptBypassAffineMe:0 PROF:1 SbTMVP:1 DualITree:1 IMV:1 BIO:1 LMChroma:1 HorCollocatedChroma:1 VerCollocatedChroma:0 MTS:1(explicit intra) SBT:1 ISP:1 SMVD:1 CompositeLTReference:0 Bcw:1 BcwFast:1 LADF:0 CIIP:1 Geo:1 AllowDisFracMMVD:1 AffineAmvr:1 AffineAmvrEncOpt:1 AffineAmvp:1 DMVR:1 MmvdDisNum:6 JointCbCr:1 ACT:0 PLT:0 IBC:0 HashME:0 WrapAround:0 VirtualBoundariesEnabledFlag:0 VirtualBoundariesPresentInSPSFlag:1 vertical virtual boundaries:[ ] horizontal virtual boundaries:[ ] Reshape:1 (Signal:SDR Opt:0 CSoffset:6) MRL:1 MIP:1 EncDbOpt:1 AlfLambdaOpt:0 
FAST TOOL CFG: LCTUFast:0 FastMrg:1 MaxMergeRdCandNumTotal:7 MergeRdCandQuotaRegular:4 MergeRdCandQuotaRegularSmallBlk:4 MergeRdCandQuotaSubBlk:2 MergeRdCandQuotaCiip:1 MergeRdCandQuotaGpm:8 PBIntraFast:1 IMV4PelFast:1 MTSMaxCand: 4(intra) 4(inter) ISPFast:0 FastLFNST:0 AMaxBT:1 E0023FastEnc:1 ContentBasedFastQtbt:0 UseNonLinearAlfLuma:1 UseNonLinearAlfChroma:1 MaxNumAlfAlternativesChroma:8 FastMIP:0 TTFastSkip:31 TTFastSkipThr:1.075 FastLocalDualTree:1 RPR:0 TemporalFilter:4/4 SEI CTI:0 BIM:0 SEI FGC:0 SEI processing Order:0 DPF:0 


 started @ Mon Aug 18 22:04:05 2025
POC    0 LId:  0 TId: 0 ( IDR_N_LP, I-SLICE, QP 19 )     144232 bits [Y 45.2924 dB    U 47.6873 dB    V 48.0647 dB] [ET    34 ] [L0] [L1]
POC   32 LId:  0 TId: 0 ( TRAIL, B-SLICE, QP 21 )      60328 bits [Y 44.6332 dB    U 46.9395 dB    V 47.1684 dB] [ET    35 ] [L0 0] [L1 0c]
POC   16 LId:  0 TId: 1 ( STSA, B-SLICE, QP 22 )      34872 bits [Y 44.1340 dB    U 46.4915 dB    V 46.6700 dB] [ET    22 ] [L0 0 32] [L1 32c]
POC    8 LId:  0 TId: 2 ( TRAIL, B-SLICE, QP 23 )      25632 bits [Y 43.9290 dB    U 46.4520 dB    V 46.4507 dB] [ET    20 ] [L0 0 16 32] [L1 16c 32]
POC    4 LId:  0 TId: 3 ( TRAIL, B-SLICE, QP 26 )      16184 bits [Y 43.1539 dB    U 46.2445 dB    V 45.7302 dB] [ET    16 ] [L0 0 8 16] [L1 8c 16 32]
POC    2 LId:  0 TId: 4 ( TRAIL, B-SLICE, QP 28 )       7320 bits [Y 42.8643 dB    U 46.4680 dB    V 45.9336 dB] [ET    11 ] [L0 0 4 8] [L1 4c 8 16 32]
POC    1 LId:  0 TId: 5 ( TRAIL, B-SLICE, QP 29 )       3360 bits [Y 42.9936 dB    U 46.9009 dB    V 46.6025 dB] [ET     6 ] [L0 0] [L1 2c 4]
POC    3 LId:  0 TId: 5 ( TRAIL, B-SLICE, QP 29 )       3344 bits [Y 42.3118 dB    U 46.0027 dB    V 45.4142 dB] [ET     6 ] [L0 2c 0] [L1 4 8]
POC    6 LId:  0 TId: 4 ( TRAIL, B-SLICE, QP 28 )       8672 bits [Y 42.2950 dB    U 45.9493 dB    V 45.2633 dB] [ET    12 ] [L0 4c 2 0] [L1 8 16 32]
POC    5 LId:  0 TId: 5 ( TRAIL, B-SLICE, QP 29 )       2696 bits [Y 42.1412 dB    U 45.8204 dB    V 45.0445 dB] [ET     5 ] [L0 4 0] [L1 6c 8]
POC    7 LId:  0 TId: 5 ( TRAIL, B-SLICE, QP 29 )       3632 bits [Y 42.3389 dB    U 45.9268 dB    V 45.4709 dB] [ET     7 ] [L0 6c 4] [L1 8 16]
POC   12 LId:  0 TId: 3 ( TRAIL, B-SLICE, QP 26 )      15488 bits [Y 43.1090 dB    U 46.0329 dB    V 45.5757 dB] [ET    13 ] [L0 8c 4 0] [L1 16 32]
POC   10 LId:  0 TId: 4 ( TRAIL, B-SLICE, QP 28 )       7984 bits [Y 42.5436 dB    U 45.9181 dB    V 45.3648 dB] [ET    11 ] [L0 8 6 4 0] [L1 12c 16 32]
POC    9 LId:  0 TId: 5 ( TRAIL, B-SLICE, QP 29 )       3872 bits [Y 42.4023 dB    U 45.9567 dB    V 45.6227 dB] [ET     6 ] [L0 8 4] [L1 10c 12]
POC   11 LId:  0 TId: 5 ( TRAIL, B-SLICE, QP 29 )       3592 bits [Y 42.2362 dB    U 45.8716 dB    V 45.3294 dB] [ET     5 ] [L0 10c 8] [L1 12 16]
POC   14 LId:  0 TId: 4 ( TRAIL, B-SLICE, QP 28 )       6624 bits [Y 42.6447 dB    U 45.9802 dB    V 45.5585 dB] [ET    10 ] [L0 12c 10 8 0] [L1 16 32]
POC   13 LId:  0 TId: 5 ( TRAIL, B-SLICE, QP 29 )       2624 bits [Y 42.3688 dB    U 45.9724 dB    V 45.3118 dB] [ET     6 ] [L0 12 8] [L1 14c 16]
POC   15 LId:  0 TId: 5 ( TRAIL, B-SLICE, QP 29 )       1960 bits [Y 42.6767 dB    U 46.1328 dB    V 45.7680 dB] [ET     5 ] [L0 14c 12] [L1 16 32]
POC   24 LId:  0 TId: 2 ( TRAIL, B-SLICE, QP 23 )      27224 bits [Y 43.7828 dB    U 46.2662 dB    V 46.1573 dB] [ET    15 ] [L0 16c 8 0] [L1 32]
POC   20 LId:  0 TId: 3 ( TRAIL, B-SLICE, QP 26 )      14856 bits [Y 43.0241 dB    U 45.9377 dB    V 45.4611 dB] [ET    13 ] [L0 16 8 0] [L1 24c 32]
POC   18 LId:  0 TId: 4 ( TRAIL, B-SLICE, QP 28 )       7024 bits [Y 42.4867 dB    U 46.0406 dB    V 45.7834 dB] [ET    10 ] [L0 16 8 0] [L1 20c 24 32]
POC   17 LId:  0 TId: 5 ( TRAIL, B-SLICE, QP 29 )       2136 bits [Y 42.6467 dB    U 46.1508 dB    V 45.8869 dB] [ET     5 ] [L0 16 8] [L1 18c 20]
POC   19 LId:  0 TId: 5 ( TRAIL, B-SLICE, QP 29 )       1888 bits [Y 42.1829 dB    U 45.9602 dB    V 45.3913 dB] [ET     6 ] [L0 18c 16] [L1 20 24]
POC   22 LId:  0 TId: 4 ( TRAIL, B-SLICE, QP 28 )       6720 bits [Y 42.3535 dB    U 45.9565 dB    V 45.1691 dB] [ET     9 ] [L0 20c 16 0] [L1 24 32 18]
POC   21 LId:  0 TId: 5 ( TRAIL, B-SLICE, QP 29 )       1928 bits [Y 42.1140 dB    U 45.9276 dB    V 45.1385 dB] [ET     6 ] [L0 20 16] [L1 22c 24]
POC   23 LId:  0 TId: 5 ( TRAIL, B-SLICE, QP 29 )       1808 bits [Y 42.3943 dB    U 46.1054 dB    V 45.4042 dB] [ET     5 ] [L0 22c 20] [L1 24 32]
POC   28 LId:  0 TId: 3 ( TRAIL, B-SLICE, QP 26 )      15200 bits [Y 42.9665 dB    U 46.2885 dB    V 45.5992 dB] [ET    13 ] [L0 24c 20 16 0] [L1 32]
POC   26 LId:  0 TId: 4 ( TRAIL, B-SLICE, QP 28 )       6352 bits [Y 42.3162 dB    U 46.1257 dB    V 45.1908 dB] [ET     9 ] [L0 24 20 16 0] [L1 28c 32]
POC   25 LId:  0 TId: 5 ( TRAIL, B-SLICE, QP 29 )       2048 bits [Y 42.3278 dB    U 46.2739 dB    V 45.5030 dB] [ET     5 ] [L0 24 20] [L1 26c 28]
POC   27 LId:  0 TId: 5 ( TRAIL, B-SLICE, QP 29 )       2104 bits [Y 42.0945 dB    U 46.1876 dB    V 44.9653 dB] [ET     7 ] [L0 26c 24] [L1 28 32]
POC   30 LId:  0 TId: 4 ( TRAIL, B-SLICE, QP 28 )       6856 bits [Y 42.5436 dB    U 46.2057 dB    V 45.4810 dB] [ET     9 ] [L0 28c 24 16 0] [L1 32]
POC   29 LId:  0 TId: 5 ( TRAIL, B-SLICE, QP 29 )       2792 bits [Y 42.2038 dB    U 46.1484 dB    V 45.2945 dB] [ET     7 ] [L0 28 24] [L1 30c 32]
POC   31 LId:  0 TId: 5 ( TRAIL, B-SLICE, QP 29 )       2744 bits [Y 42.6355 dB    U 46.3750 dB    V 45.4008 dB] [ET     6 ] [L0 30c 28] [L1 32]

LayerId  0
	Total Frames |  Bitrate      Y-PSNR   U-PSNR   V-PSNR   YUV-PSNR 
	33           a  688.0242     42.7922  46.2030  45.7021  43.5591  

 finished @ Mon Aug 18 22:10:00 2025
 Total Time:      355.464 sec. [user]      355.464 sec. [elapsed]
