
VVCSoftware: VTM Encoder Version 23.11 [Windows][VS 1944][64 bit] [SIMD=AVX2] 

TOOL CFG: IBD:1 HAD:1 RDQ:1 RDQTS:1 LQP:0 SQP:0 ASR:1 MinSearchWindow:96 RestrictMESampling:0 FEN:0 ECU:0 FDM:1 ESD:0 TransformSkip:1 TransformSkipFast:1 TransformSkipLog2MaxSize:5 ChromaTS:1 BDPCM:0 Tiles: 1x1 Slices: 1 MCTS:0 SAO:1 ALF:1 CCALF:1 MaxNumALFAPS 8 AlfapsIDShift 0 ConstantJointCbCrSignFlagWPP:0 WPB:0 PME:2  WaveFrontSynchro:0 WaveFrontSubstreams:1 ScalingList:0 TMVPMode:1  DQ:1  SignBitHidingFlag:0 RecalQP:0 
TOOL CFG: LFNST:1 MMVD:1 Affine:1 AffineType:1 AdaptBypassAffineMe:0 PROF:1 SbTMVP:1 DualITree:1 IMV:1 BIO:1 LMChroma:1 HorCollocatedChroma:1 VerCollocatedChroma:0 MTS:1(explicit intra) SBT:1 ISP:1 SMVD:1 CompositeLTReference:0 Bcw:1 BcwFast:1 LADF:0 CIIP:1 Geo:1 AllowDisFracMMVD:1 AffineAmvr:1 AffineAmvrEncOpt:1 AffineAmvp:1 DMVR:1 MmvdDisNum:6 JointCbCr:1 ACT:0 PLT:0 IBC:0 HashME:0 WrapAround:0 VirtualBoundariesEnabledFlag:0 VirtualBoundariesPresentInSPSFlag:1 vertical virtual boundaries:[ ] horizontal virtual boundaries:[ ] Reshape:1 (Signal:SDR Opt:0 CSoffset:6) MRL:1 MIP:1 EncDbOpt:1 AlfLambdaOpt:0 
FAST TOOL CFG: LCTUFast:1 FastMrg:1 MaxMergeRdCandNumTotal:7 MergeRdCandQuotaRegular:4 MergeRdCandQuotaRegularSmallBlk:4 MergeRdCandQuotaSubBlk:2 MergeRdCandQuotaCiip:1 MergeRdCandQuotaGpm:8 PBIntraFast:1 IMV4PelFast:1 MTSMaxCand: 4(intra) 4(inter) ISPFast:0 FastLFNST:0 AMaxBT:1 E0023FastEnc:1 ContentBasedFastQtbt:0 UseNonLinearAlfLuma:1 UseNonLinearAlfChroma:1 MaxNumAlfAlternativesChroma:8 FastMIP:0 TTFastSkip:31 TTFastSkipThr:1.075 FastLocalDualTree:1 RPR:0 TemporalFilter:4/4 SEI CTI:0 BIM:0 SEI FGC:0 SEI processing Order:0 DPF:0 


 started @ Mon Aug 18 22:34:41 2025
POC    0 LId:  0 TId: 0 ( IDR_N_LP, I-SLICE, QP 19 )     241472 bits [Y 42.5700 dB    U 44.3846 dB    V 46.4102 dB] [ET    40 ] [L0] [L1]
POC   32 LId:  0 TId: 0 ( TRAIL, B-SLICE, QP 21 )     150136 bits [Y 41.0998 dB    U 43.2088 dB    V 44.3755 dB] [ET    75 ] [L0 0] [L1 0c]
POC   16 LId:  0 TId: 1 ( STSA, B-SLICE, QP 22 )      94392 bits [Y 39.8883 dB    U 42.0554 dB    V 44.2770 dB] [ET    55 ] [L0 0 32] [L1 32c]
POC    8 LId:  0 TId: 2 ( TRAIL, B-SLICE, QP 23 )      58496 bits [Y 39.7004 dB    U 42.3371 dB    V 44.4621 dB] [ET    50 ] [L0 0 16 32] [L1 16c 32]
POC    4 LId:  0 TId: 3 ( TRAIL, B-SLICE, QP 26 )      25344 bits [Y 39.0975 dB    U 42.4345 dB    V 44.6877 dB] [ET    38 ] [L0 0 8 16] [L1 8c 16 32]
POC    2 LId:  0 TId: 4 ( TRAIL, B-SLICE, QP 28 )      11696 bits [Y 39.1247 dB    U 43.0130 dB    V 45.0649 dB] [ET    27 ] [L0 0 4 8] [L1 4c 8 16 32]
POC    1 LId:  0 TId: 5 ( TRAIL, B-SLICE, QP 29 )       5200 bits [Y 39.8037 dB    U 43.3219 dB    V 45.4687 dB] [ET    10 ] [L0 0] [L1 2c 4]
POC    3 LId:  0 TId: 5 ( TRAIL, B-SLICE, QP 29 )       5040 bits [Y 38.6499 dB    U 42.4938 dB    V 44.7167 dB] [ET    11 ] [L0 2c 0] [L1 4 8]
POC    6 LId:  0 TId: 4 ( TRAIL, B-SLICE, QP 28 )      10592 bits [Y 38.3563 dB    U 42.0535 dB    V 44.0979 dB] [ET    20 ] [L0 4c 2 0] [L1 8 16 32]
POC    5 LId:  0 TId: 5 ( TRAIL, B-SLICE, QP 29 )       4512 bits [Y 38.2912 dB    U 42.1770 dB    V 44.3760 dB] [ET    10 ] [L0 4 0] [L1 6c 8]
POC    7 LId:  0 TId: 5 ( TRAIL, B-SLICE, QP 29 )       5104 bits [Y 38.4837 dB    U 42.0912 dB    V 44.2606 dB] [ET    11 ] [L0 6c 4] [L1 8 16]
POC   12 LId:  0 TId: 3 ( TRAIL, B-SLICE, QP 26 )      27752 bits [Y 38.8523 dB    U 41.8438 dB    V 44.1479 dB] [ET    30 ] [L0 8c 4 0] [L1 16 32]
POC   10 LId:  0 TId: 4 ( TRAIL, B-SLICE, QP 28 )      10664 bits [Y 38.2184 dB    U 41.6231 dB    V 44.0415 dB] [ET    21 ] [L0 8 6 4 0] [L1 12c 16 32]
POC    9 LId:  0 TId: 5 ( TRAIL, B-SLICE, QP 29 )       5152 bits [Y 38.3165 dB    U 41.8020 dB    V 44.1778 dB] [ET    12 ] [L0 8 4] [L1 10c 12]
POC   11 LId:  0 TId: 5 ( TRAIL, B-SLICE, QP 29 )       5968 bits [Y 37.9632 dB    U 41.5810 dB    V 43.9480 dB] [ET    13 ] [L0 10c 8] [L1 12 16]
POC   14 LId:  0 TId: 4 ( TRAIL, B-SLICE, QP 28 )      12640 bits [Y 38.3571 dB    U 41.5264 dB    V 44.0111 dB] [ET    20 ] [L0 12c 10 8 0] [L1 16 32]
POC   13 LId:  0 TId: 5 ( TRAIL, B-SLICE, QP 29 )       6712 bits [Y 38.0977 dB    U 41.4745 dB    V 43.9866 dB] [ET    13 ] [L0 12 8] [L1 14c 16]
POC   15 LId:  0 TId: 5 ( TRAIL, B-SLICE, QP 29 )       5832 bits [Y 38.4403 dB    U 41.6493 dB    V 43.9397 dB] [ET    13 ] [L0 14c 12] [L1 16 32]
POC   24 LId:  0 TId: 2 ( TRAIL, B-SLICE, QP 23 )      68992 bits [Y 39.5088 dB    U 41.9928 dB    V 43.7756 dB] [ET    46 ] [L0 16c 8 0] [L1 32]
POC   20 LId:  0 TId: 3 ( TRAIL, B-SLICE, QP 26 )      34400 bits [Y 38.6326 dB    U 41.0549 dB    V 43.4796 dB] [ET    34 ] [L0 16 8 0] [L1 24c 32]
POC   18 LId:  0 TId: 4 ( TRAIL, B-SLICE, QP 28 )      13256 bits [Y 38.1838 dB    U 41.4825 dB    V 43.7711 dB] [ET    19 ] [L0 16 8 0] [L1 20c 24 32]
POC   17 LId:  0 TId: 5 ( TRAIL, B-SLICE, QP 29 )       5704 bits [Y 38.4250 dB    U 41.7043 dB    V 44.1202 dB] [ET    12 ] [L0 16 8] [L1 18c 20]
POC   19 LId:  0 TId: 5 ( TRAIL, B-SLICE, QP 29 )       6216 bits [Y 37.8725 dB    U 41.1766 dB    V 43.5766 dB] [ET    12 ] [L0 18c 16] [L1 20 24]
POC   22 LId:  0 TId: 4 ( TRAIL, B-SLICE, QP 28 )      14656 bits [Y 37.9036 dB    U 40.4392 dB    V 43.2425 dB] [ET    24 ] [L0 20c 16 0] [L1 24 32 18]
POC   21 LId:  0 TId: 5 ( TRAIL, B-SLICE, QP 29 )       5768 bits [Y 37.7672 dB    U 40.8710 dB    V 43.4759 dB] [ET    12 ] [L0 20 16] [L1 22c 24]
POC   23 LId:  0 TId: 5 ( TRAIL, B-SLICE, QP 29 )       6856 bits [Y 38.1002 dB    U 40.8030 dB    V 43.6555 dB] [ET    16 ] [L0 22c 20] [L1 24 32]
POC   28 LId:  0 TId: 3 ( TRAIL, B-SLICE, QP 26 )      43576 bits [Y 38.9220 dB    U 41.6669 dB    V 43.0350 dB] [ET    40 ] [L0 24c 20 16 0] [L1 32]
POC   26 LId:  0 TId: 4 ( TRAIL, B-SLICE, QP 28 )      21072 bits [Y 38.1210 dB    U 41.2640 dB    V 43.0761 dB] [ET    26 ] [L0 24 20 16 0] [L1 28c 32]
POC   25 LId:  0 TId: 5 ( TRAIL, B-SLICE, QP 29 )      10648 bits [Y 38.1814 dB    U 41.3681 dB    V 43.2899 dB] [ET    18 ] [L0 24 20] [L1 26c 28]
POC   27 LId:  0 TId: 5 ( TRAIL, B-SLICE, QP 29 )      14424 bits [Y 37.8480 dB    U 41.2253 dB    V 42.7591 dB] [ET    21 ] [L0 26c 24] [L1 28 32]
POC   30 LId:  0 TId: 4 ( TRAIL, B-SLICE, QP 28 )      26400 bits [Y 38.2402 dB    U 41.5519 dB    V 42.4856 dB] [ET    30 ] [L0 28c 24 16 0] [L1 32]
POC   29 LId:  0 TId: 5 ( TRAIL, B-SLICE, QP 29 )      17088 bits [Y 37.8270 dB    U 41.2045 dB    V 42.3489 dB] [ET    22 ] [L0 28 24] [L1 30c 32]
POC   31 LId:  0 TId: 5 ( TRAIL, B-SLICE, QP 29 )      16368 bits [Y 38.3572 dB    U 41.8344 dB    V 42.8789 dB] [ET    19 ] [L0 30c 28] [L1 32]

LayerId  0
	Total Frames |  Bitrate      Y-PSNR   U-PSNR   V-PSNR   YUV-PSNR 
	33           a  1503.2242    38.7031  41.8397  43.9218  39.5921  

 finished @ Mon Aug 18 22:48:23 2025
 Total Time:      822.188 sec. [user]      822.188 sec. [elapsed]
