
VVCSoftware: VTM Encoder Version 23.11 [Windows][VS 1944][64 bit] [SIMD=AVX2] 

TOOL CFG: IBD:1 HAD:1 RDQ:1 RDQTS:1 LQP:0 SQP:0 ASR:1 MinSearchWindow:96 RestrictMESampling:0 FEN:1 ECU:0 FDM:1 ESD:0 TransformSkip:1 TransformSkipFast:1 TransformSkipLog2MaxSize:5 ChromaTS:1 BDPCM:0 Tiles: 1x1 Slices: 1 MCTS:0 SAO:1 ALF:0 CCALF:0 MaxNumALFAPS 8 AlfapsIDShift 0 ConstantJointCbCrSignFlagWPP:0 WPB:0 PME:2  WaveFrontSynchro:0 WaveFrontSubstreams:1 ScalingList:0 TMVPMode:1  DQ:1  SignBitHidingFlag:0 RecalQP:0 
TOOL CFG: LFNST:1 MMVD:1 Affine:1 AffineType:1 AdaptBypassAffineMe:0 PROF:1 SbTMVP:1 DualITree:1 IMV:1 BIO:1 LMChroma:1 HorCollocatedChroma:1 VerCollocatedChroma:0 MTS:1(explicit intra) SBT:1 ISP:1 SMVD:1 CompositeLTReference:0 Bcw:1 BcwFast:1 LADF:0 CIIP:1 Geo:1 AllowDisFracMMVD:1 AffineAmvr:1 AffineAmvrEncOpt:1 AffineAmvp:1 DMVR:1 MmvdDisNum:6 JointCbCr:1 ACT:0 PLT:0 IBC:0 HashME:0 WrapAround:0 VirtualBoundariesEnabledFlag:0 VirtualBoundariesPresentInSPSFlag:1 vertical virtual boundaries:[ ] horizontal virtual boundaries:[ ] Reshape:1 (Signal:SDR Opt:0 CSoffset:6) MRL:1 MIP:1 EncDbOpt:1 AlfLambdaOpt:0 
FAST TOOL CFG: LCTUFast:1 FastMrg:1 MaxMergeRdCandNumTotal:7 MergeRdCandQuotaRegular:4 MergeRdCandQuotaRegularSmallBlk:4 MergeRdCandQuotaSubBlk:2 MergeRdCandQuotaCiip:1 MergeRdCandQuotaGpm:8 PBIntraFast:1 IMV4PelFast:1 MTSMaxCand: 4(intra) 4(inter) ISPFast:0 FastLFNST:0 AMaxBT:1 E0023FastEnc:1 ContentBasedFastQtbt:0 UseNonLinearAlfLuma:1 UseNonLinearAlfChroma:1 MaxNumAlfAlternativesChroma:8 FastMIP:0 TTFastSkip:31 TTFastSkipThr:1.075 FastLocalDualTree:1 RPR:0 TemporalFilter:4/4 SEI CTI:0 BIM:0 SEI FGC:0 SEI processing Order:0 DPF:0 


 started @ Mon Aug 18 19:22:15 2025
POC    0 LId:  0 TId: 0 ( IDR_N_LP, I-SLICE, QP 19 )     913632 bits [Y 41.0823 dB    U 45.7810 dB    V 47.8478 dB] [ET   384 ] [L0] [L1]
POC   32 LId:  0 TId: 0 ( TRAIL, B-SLICE, QP 21 )     614184 bits [Y 40.3707 dB    U 45.1753 dB    V 47.0587 dB] [ET   854 ] [L0 0] [L1 0c]
POC   16 LId:  0 TId: 1 ( STSA, B-SLICE, QP 22 )     376992 bits [Y 40.3084 dB    U 45.4789 dB    V 47.3537 dB] [ET   737 ] [L0 0 32] [L1 32c]
POC    8 LId:  0 TId: 2 ( TRAIL, B-SLICE, QP 23 )     318240 bits [Y 40.2118 dB    U 45.4102 dB    V 47.1250 dB] [ET   653 ] [L0 0 16 32] [L1 16c 32]
POC    4 LId:  0 TId: 3 ( TRAIL, B-SLICE, QP 26 )     224584 bits [Y 40.1919 dB    U 45.2741 dB    V 46.8928 dB] [ET   518 ] [L0 0 8 16] [L1 8c 16 32]
POC    2 LId:  0 TId: 4 ( TRAIL, B-SLICE, QP 28 )     107824 bits [Y 39.8546 dB    U 45.2507 dB    V 46.6606 dB] [ET   382 ] [L0 0 4 8] [L1 4c 8 16 32]
POC    1 LId:  0 TId: 5 ( TRAIL, B-SLICE, QP 29 )      64096 bits [Y 39.8003 dB    U 45.3591 dB    V 46.8384 dB] [ET   190 ] [L0 0] [L1 2c 4]
POC    3 LId:  0 TId: 5 ( TRAIL, B-SLICE, QP 29 )      68032 bits [Y 39.6398 dB    U 45.0799 dB    V 46.3383 dB] [ET   193 ] [L0 2c 0] [L1 4 8]
POC    6 LId:  0 TId: 4 ( TRAIL, B-SLICE, QP 28 )     117408 bits [Y 39.6567 dB    U 45.0876 dB    V 46.3821 dB] [ET   356 ] [L0 4c 2 0] [L1 8 16 32]
POC    5 LId:  0 TId: 5 ( TRAIL, B-SLICE, QP 29 )      72712 bits [Y 39.5051 dB    U 45.0270 dB    V 46.2466 dB] [ET   213 ] [L0 4 0] [L1 6c 8]
POC    7 LId:  0 TId: 5 ( TRAIL, B-SLICE, QP 29 )      70480 bits [Y 39.5464 dB    U 45.1306 dB    V 46.3668 dB] [ET   211 ] [L0 6c 4] [L1 8 16]
POC   12 LId:  0 TId: 3 ( TRAIL, B-SLICE, QP 26 )     204744 bits [Y 40.1814 dB    U 45.2595 dB    V 46.9157 dB] [ET   537 ] [L0 8c 4 0] [L1 16 32]
POC   10 LId:  0 TId: 4 ( TRAIL, B-SLICE, QP 28 )     102800 bits [Y 39.6811 dB    U 45.1302 dB    V 46.4256 dB] [ET   380 ] [L0 8 6 4 0] [L1 12c 16 32]
POC    9 LId:  0 TId: 5 ( TRAIL, B-SLICE, QP 29 )      65336 bits [Y 39.5674 dB    U 45.1237 dB    V 46.3333 dB] [ET   216 ] [L0 8 4] [L1 10c 12]
POC   11 LId:  0 TId: 5 ( TRAIL, B-SLICE, QP 29 )      55344 bits [Y 39.5934 dB    U 45.0399 dB    V 46.3459 dB] [ET   204 ] [L0 10c 8] [L1 12 16]
POC   14 LId:  0 TId: 4 ( TRAIL, B-SLICE, QP 28 )      85760 bits [Y 39.8381 dB    U 45.1748 dB    V 46.6717 dB] [ET   323 ] [L0 12c 10 8 0] [L1 16 32]
POC   13 LId:  0 TId: 5 ( TRAIL, B-SLICE, QP 29 )      49672 bits [Y 39.6818 dB    U 45.0627 dB    V 46.4612 dB] [ET   181 ] [L0 12 8] [L1 14c 16]
POC   15 LId:  0 TId: 5 ( TRAIL, B-SLICE, QP 29 )      50720 bits [Y 39.8048 dB    U 45.1960 dB    V 46.6878 dB] [ET   197 ] [L0 14c 12] [L1 16 32]
POC   24 LId:  0 TId: 2 ( TRAIL, B-SLICE, QP 23 )     305544 bits [Y 40.2545 dB    U 45.2213 dB    V 47.0090 dB] [ET   665 ] [L0 16c 8 0] [L1 32]
POC   20 LId:  0 TId: 3 ( TRAIL, B-SLICE, QP 26 )     177392 bits [Y 40.2144 dB    U 45.2463 dB    V 46.8965 dB] [ET   522 ] [L0 16 8 0] [L1 24c 32]
POC   18 LId:  0 TId: 4 ( TRAIL, B-SLICE, QP 28 )      88136 bits [Y 39.9364 dB    U 45.1323 dB    V 46.6721 dB] [ET   290 ] [L0 16 8 0] [L1 20c 24 32]
POC   17 LId:  0 TId: 5 ( TRAIL, B-SLICE, QP 29 )      48632 bits [Y 39.8738 dB    U 45.2065 dB    V 46.7078 dB] [ET   177 ] [L0 16 8] [L1 18c 20]
POC   19 LId:  0 TId: 5 ( TRAIL, B-SLICE, QP 29 )      51736 bits [Y 39.8369 dB    U 45.0744 dB    V 46.4787 dB] [ET   198 ] [L0 18c 16] [L1 20 24]
POC   22 LId:  0 TId: 4 ( TRAIL, B-SLICE, QP 28 )      95904 bits [Y 39.8996 dB    U 44.9913 dB    V 46.4938 dB] [ET   332 ] [L0 20c 16 0] [L1 24 32 18]
POC   21 LId:  0 TId: 5 ( TRAIL, B-SLICE, QP 29 )      53136 bits [Y 39.8069 dB    U 44.9735 dB    V 46.4133 dB] [ET   176 ] [L0 20 16] [L1 22c 24]
POC   23 LId:  0 TId: 5 ( TRAIL, B-SLICE, QP 29 )      59416 bits [Y 39.8194 dB    U 44.9093 dB    V 46.3517 dB] [ET   192 ] [L0 22c 20] [L1 24 32]
POC   28 LId:  0 TId: 3 ( TRAIL, B-SLICE, QP 26 )     235744 bits [Y 40.0824 dB    U 44.9272 dB    V 46.4261 dB] [ET   610 ] [L0 24c 20 16 0] [L1 32]
POC   26 LId:  0 TId: 4 ( TRAIL, B-SLICE, QP 28 )     117152 bits [Y 39.7929 dB    U 44.8416 dB    V 46.2334 dB] [ET   368 ] [L0 24 20 16 0] [L1 28c 32]
POC   25 LId:  0 TId: 5 ( TRAIL, B-SLICE, QP 29 )      67984 bits [Y 39.7462 dB    U 44.8773 dB    V 46.2498 dB] [ET   200 ] [L0 24 20] [L1 26c 28]
POC   27 LId:  0 TId: 5 ( TRAIL, B-SLICE, QP 29 )      73552 bits [Y 39.6270 dB    U 44.7203 dB    V 45.9973 dB] [ET   205 ] [L0 26c 24] [L1 28 32]
POC   30 LId:  0 TId: 4 ( TRAIL, B-SLICE, QP 28 )     117960 bits [Y 39.7404 dB    U 44.7844 dB    V 46.2034 dB] [ET   370 ] [L0 28c 24 16 0] [L1 32]
POC   29 LId:  0 TId: 5 ( TRAIL, B-SLICE, QP 29 )      72240 bits [Y 39.5829 dB    U 44.7253 dB    V 45.9718 dB] [ET   204 ] [L0 28 24] [L1 30c 32]
POC   31 LId:  0 TId: 5 ( TRAIL, B-SLICE, QP 29 )      67936 bits [Y 39.6644 dB    U 44.8585 dB    V 46.2849 dB] [ET   193 ] [L0 30c 28] [L1 32]

LayerId  0
	Total Frames |  Bitrate      Y-PSNR   U-PSNR   V-PSNR   YUV-PSNR 
	33           a  7871.2485    39.8907  45.1070  46.5861  41.1147  

 finished @ Mon Aug 18 22:32:49 2025
 Total Time:    11433.572 sec. [user]    11433.572 sec. [elapsed]
