
VVCSoftware: VTM Encoder Version 23.11 [Windows][VS 1944][64 bit] [SIMD=AVX2] 

TOOL CFG: IBD:1 HAD:1 RDQ:0 RDQTS:0 LQP:0 SQP:0 ASR:1 MinSearchWindow:96 RestrictMESampling:0 FEN:1 ECU:0 FDM:1 ESD:0 TransformSkip:1 TransformSkipFast:1 TransformSkipLog2MaxSize:5 ChromaTS:1 BDPCM:0 Tiles: 1x1 Slices: 1 MCTS:0 SAO:1 ALF:1 CCALF:1 MaxNumALFAPS 8 AlfapsIDShift 0 ConstantJointCbCrSignFlagWPP:0 WPB:0 PME:2  WaveFrontSynchro:0 WaveFrontSubstreams:1 ScalingList:0 TMVPMode:1  DQ:0  SignBitHidingFlag:0 RecalQP:0 
TOOL CFG: LFNST:1 MMVD:1 Affine:1 AffineType:1 AdaptBypassAffineMe:0 PROF:1 SbTMVP:1 DualITree:1 IMV:1 BIO:1 LMChroma:1 HorCollocatedChroma:1 VerCollocatedChroma:0 MTS:1(explicit intra) SBT:1 ISP:1 SMVD:1 CompositeLTReference:0 Bcw:1 BcwFast:1 LADF:0 CIIP:1 Geo:1 AllowDisFracMMVD:1 AffineAmvr:1 AffineAmvrEncOpt:1 AffineAmvp:1 DMVR:1 MmvdDisNum:6 JointCbCr:1 ACT:0 PLT:0 IBC:0 HashME:0 WrapAround:0 VirtualBoundariesEnabledFlag:0 VirtualBoundariesPresentInSPSFlag:1 vertical virtual boundaries:[ ] horizontal virtual boundaries:[ ] Reshape:1 (Signal:SDR Opt:0 CSoffset:6) MRL:1 MIP:1 EncDbOpt:1 AlfLambdaOpt:0 
FAST TOOL CFG: LCTUFast:1 FastMrg:1 MaxMergeRdCandNumTotal:7 MergeRdCandQuotaRegular:4 MergeRdCandQuotaRegularSmallBlk:4 MergeRdCandQuotaSubBlk:2 MergeRdCandQuotaCiip:1 MergeRdCandQuotaGpm:8 PBIntraFast:1 IMV4PelFast:1 MTSMaxCand: 4(intra) 4(inter) ISPFast:0 FastLFNST:0 AMaxBT:1 E0023FastEnc:1 ContentBasedFastQtbt:0 UseNonLinearAlfLuma:1 UseNonLinearAlfChroma:1 MaxNumAlfAlternativesChroma:8 FastMIP:0 TTFastSkip:31 TTFastSkipThr:1.075 FastLocalDualTree:1 RPR:0 TemporalFilter:4/4 SEI CTI:0 BIM:0 SEI FGC:0 SEI processing Order:0 DPF:0 


 started @ Mon Aug 18 17:34:16 2025
POC    0 LId:  0 TId: 0 ( IDR_N_LP, I-SLICE, QP 24 )     158536 bits [Y 39.5764 dB    U 41.2634 dB    V 43.2104 dB] [ET    16 ] [L0] [L1]
POC   32 LId:  0 TId: 0 ( TRAIL, B-SLICE, QP 26 )      84056 bits [Y 37.4673 dB    U 40.4738 dB    V 41.2507 dB] [ET    41 ] [L0 0] [L1 0c]
POC   16 LId:  0 TId: 1 ( STSA, B-SLICE, QP 28 )      40664 bits [Y 36.0397 dB    U 39.2348 dB    V 41.3474 dB] [ET    29 ] [L0 0 32] [L1 32c]
POC    8 LId:  0 TId: 2 ( TRAIL, B-SLICE, QP 29 )      23624 bits [Y 36.0643 dB    U 39.7288 dB    V 41.6243 dB] [ET    23 ] [L0 0 16 32] [L1 16c 32]
POC    4 LId:  0 TId: 3 ( TRAIL, B-SLICE, QP 32 )       9648 bits [Y 36.0327 dB    U 39.9449 dB    V 41.7711 dB] [ET    20 ] [L0 0 8 16] [L1 8c 16 32]
POC    2 LId:  0 TId: 4 ( TRAIL, B-SLICE, QP 34 )       4600 bits [Y 36.4494 dB    U 40.2086 dB    V 42.2104 dB] [ET    13 ] [L0 0 4 8] [L1 4c 8 16 32]
POC    1 LId:  0 TId: 5 ( TRAIL, B-SLICE, QP 36 )       1544 bits [Y 37.1125 dB    U 40.4825 dB    V 42.5888 dB] [ET     4 ] [L0 0] [L1 2c 4]
POC    3 LId:  0 TId: 5 ( TRAIL, B-SLICE, QP 36 )       1848 bits [Y 35.8140 dB    U 39.8966 dB    V 41.9897 dB] [ET     5 ] [L0 2c 0] [L1 4 8]
POC    6 LId:  0 TId: 4 ( TRAIL, B-SLICE, QP 34 )       4008 bits [Y 35.3820 dB    U 39.6575 dB    V 41.3112 dB] [ET    12 ] [L0 4c 2 0] [L1 8 16 32]
POC    5 LId:  0 TId: 5 ( TRAIL, B-SLICE, QP 36 )       1336 bits [Y 35.3695 dB    U 39.6944 dB    V 41.4244 dB] [ET     5 ] [L0 4 0] [L1 6c 8]
POC    7 LId:  0 TId: 5 ( TRAIL, B-SLICE, QP 36 )       1160 bits [Y 35.2301 dB    U 39.6422 dB    V 41.4707 dB] [ET     5 ] [L0 6c 4] [L1 8 16]
POC   12 LId:  0 TId: 3 ( TRAIL, B-SLICE, QP 32 )      10528 bits [Y 35.3999 dB    U 39.4758 dB    V 41.5556 dB] [ET    15 ] [L0 8c 4 0] [L1 16 32]
POC   10 LId:  0 TId: 4 ( TRAIL, B-SLICE, QP 34 )       4208 bits [Y 35.1827 dB    U 39.4317 dB    V 41.5455 dB] [ET    13 ] [L0 8 6 4 0] [L1 12c 16 32]
POC    9 LId:  0 TId: 5 ( TRAIL, B-SLICE, QP 36 )       1048 bits [Y 35.1629 dB    U 39.5421 dB    V 41.6773 dB] [ET     5 ] [L0 8 4] [L1 10c 12]
POC   11 LId:  0 TId: 5 ( TRAIL, B-SLICE, QP 36 )       1280 bits [Y 34.8178 dB    U 39.3094 dB    V 41.5856 dB] [ET     6 ] [L0 10c 8] [L1 12 16]
POC   14 LId:  0 TId: 4 ( TRAIL, B-SLICE, QP 34 )       4888 bits [Y 35.1457 dB    U 39.1450 dB    V 41.3835 dB] [ET    12 ] [L0 12c 10 8 0] [L1 16 32]
POC   13 LId:  0 TId: 5 ( TRAIL, B-SLICE, QP 36 )       1504 bits [Y 34.7974 dB    U 39.1260 dB    V 41.4304 dB] [ET     5 ] [L0 12 8] [L1 14c 16]
POC   15 LId:  0 TId: 5 ( TRAIL, B-SLICE, QP 36 )       1688 bits [Y 35.1013 dB    U 39.2013 dB    V 41.3986 dB] [ET     6 ] [L0 14c 12] [L1 16 32]
POC   24 LId:  0 TId: 2 ( TRAIL, B-SLICE, QP 29 )      29520 bits [Y 35.7440 dB    U 39.0296 dB    V 41.1368 dB] [ET    24 ] [L0 16c 8 0] [L1 32]
POC   20 LId:  0 TId: 3 ( TRAIL, B-SLICE, QP 32 )      13528 bits [Y 34.9903 dB    U 38.2584 dB    V 40.8458 dB] [ET    17 ] [L0 16 8 0] [L1 24c 32]
POC   18 LId:  0 TId: 4 ( TRAIL, B-SLICE, QP 34 )       4992 bits [Y 34.9094 dB    U 38.6966 dB    V 41.1347 dB] [ET    12 ] [L0 16 8 0] [L1 20c 24 32]
POC   17 LId:  0 TId: 5 ( TRAIL, B-SLICE, QP 36 )       1632 bits [Y 35.0796 dB    U 39.0081 dB    V 41.4166 dB] [ET     5 ] [L0 16 8] [L1 18c 20]
POC   19 LId:  0 TId: 5 ( TRAIL, B-SLICE, QP 36 )       1936 bits [Y 34.5949 dB    U 38.3921 dB    V 41.0170 dB] [ET     5 ] [L0 18c 16] [L1 20 24]
POC   22 LId:  0 TId: 4 ( TRAIL, B-SLICE, QP 34 )       5400 bits [Y 34.6160 dB    U 37.6521 dB    V 40.7247 dB] [ET    16 ] [L0 20c 16 0] [L1 24 32 18]
POC   21 LId:  0 TId: 5 ( TRAIL, B-SLICE, QP 36 )       1696 bits [Y 34.3910 dB    U 38.0523 dB    V 40.8729 dB] [ET     6 ] [L0 20 16] [L1 22c 24]
POC   23 LId:  0 TId: 5 ( TRAIL, B-SLICE, QP 36 )       2096 bits [Y 34.7690 dB    U 38.2290 dB    V 41.0507 dB] [ET     7 ] [L0 22c 20] [L1 24 32]
POC   28 LId:  0 TId: 3 ( TRAIL, B-SLICE, QP 32 )      18776 bits [Y 35.2901 dB    U 38.8689 dB    V 40.3277 dB] [ET    22 ] [L0 24c 20 16 0] [L1 32]
POC   26 LId:  0 TId: 4 ( TRAIL, B-SLICE, QP 34 )       8824 bits [Y 34.7493 dB    U 38.4652 dB    V 40.6936 dB] [ET    18 ] [L0 24 20 16 0] [L1 28c 32]
POC   25 LId:  0 TId: 5 ( TRAIL, B-SLICE, QP 36 )       3568 bits [Y 34.6856 dB    U 38.6732 dB    V 40.9917 dB] [ET     8 ] [L0 24 20] [L1 26c 28]
POC   27 LId:  0 TId: 5 ( TRAIL, B-SLICE, QP 36 )       5120 bits [Y 34.2725 dB    U 38.4276 dB    V 40.3042 dB] [ET    12 ] [L0 26c 24] [L1 28 32]
POC   30 LId:  0 TId: 4 ( TRAIL, B-SLICE, QP 34 )      11200 bits [Y 34.8268 dB    U 38.7556 dB    V 40.1039 dB] [ET    16 ] [L0 28c 24 16 0] [L1 32]
POC   29 LId:  0 TId: 5 ( TRAIL, B-SLICE, QP 36 )       5736 bits [Y 34.1501 dB    U 38.6443 dB    V 39.9282 dB] [ET    13 ] [L0 28 24] [L1 30c 32]
POC   31 LId:  0 TId: 5 ( TRAIL, B-SLICE, QP 36 )       5840 bits [Y 34.7820 dB    U 39.1818 dB    V 40.0541 dB] [ET    11 ] [L0 30c 28] [L1 32]

LayerId  0
	Total Frames |  Bitrate      Y-PSNR   U-PSNR   V-PSNR   YUV-PSNR 
	33           a  721.2606     35.3938  39.2059  41.2539  36.3773  

 finished @ Mon Aug 18 17:41:23 2025
 Total Time:      427.284 sec. [user]      427.284 sec. [elapsed]
