
VVCSoftware: VTM Encoder Version 23.11 [Windows][VS 1944][64 bit] [SIMD=AVX2] 

TOOL CFG: IBD:1 HAD:1 RDQ:1 RDQTS:1 LQP:0 SQP:0 ASR:1 MinSearchWindow:96 RestrictMESampling:0 FEN:1 ECU:0 FDM:1 ESD:0 TransformSkip:1 TransformSkipFast:1 TransformSkipLog2MaxSize:5 ChromaTS:1 BDPCM:0 Tiles: 1x1 Slices: 1 MCTS:0 SAO:1 ALF:1 CCALF:1 MaxNumALFAPS 8 AlfapsIDShift 0 ConstantJointCbCrSignFlagWPP:0 WPB:0 PME:2  WaveFrontSynchro:0 WaveFrontSubstreams:1 ScalingList:0 TMVPMode:1  DQ:1  SignBitHidingFlag:0 RecalQP:0 
TOOL CFG: LFNST:1 MMVD:1 Affine:1 AffineType:1 AdaptBypassAffineMe:0 PROF:1 SbTMVP:1 DualITree:1 IMV:1 BIO:1 LMChroma:1 HorCollocatedChroma:1 VerCollocatedChroma:0 MTS:1(explicit intra) SBT:1 ISP:1 SMVD:1 CompositeLTReference:0 Bcw:1 BcwFast:1 LADF:0 CIIP:1 Geo:1 AllowDisFracMMVD:1 AffineAmvr:1 AffineAmvrEncOpt:1 AffineAmvp:1 DMVR:1 MmvdDisNum:6 JointCbCr:1 ACT:0 PLT:0 IBC:0 HashME:0 WrapAround:0 VirtualBoundariesEnabledFlag:0 VirtualBoundariesPresentInSPSFlag:1 vertical virtual boundaries:[ ] horizontal virtual boundaries:[ ] Reshape:1 (Signal:SDR Opt:0 CSoffset:6) MRL:1 MIP:1 EncDbOpt:1 AlfLambdaOpt:0 
FAST TOOL CFG: LCTUFast:1 FastMrg:1 MaxMergeRdCandNumTotal:7 MergeRdCandQuotaRegular:4 MergeRdCandQuotaRegularSmallBlk:4 MergeRdCandQuotaSubBlk:2 MergeRdCandQuotaCiip:1 MergeRdCandQuotaGpm:8 PBIntraFast:1 IMV4PelFast:1 MTSMaxCand: 4(intra) 4(inter) ISPFast:0 FastLFNST:0 AMaxBT:1 E0023FastEnc:1 ContentBasedFastQtbt:0 UseNonLinearAlfLuma:1 UseNonLinearAlfChroma:1 MaxNumAlfAlternativesChroma:8 FastMIP:0 TTFastSkip:31 TTFastSkipThr:1.075 FastLocalDualTree:1 RPR:0 TemporalFilter:4/4 SEI CTI:0 BIM:0 SEI FGC:0 SEI processing Order:0 DPF:0 


 started @ Mon Aug 18 17:46:38 2025
POC    0 LId:  0 TId: 0 ( IDR_N_LP, I-SLICE, QP 24 )     513336 bits [Y 39.9098 dB    U 40.0980 dB    V 40.1862 dB] [ET   110 ] [L0] [L1]
POC   32 LId:  0 TId: 0 ( TRAIL, B-SLICE, QP 26 )     304144 bits [Y 38.9479 dB    U 39.3855 dB    V 39.6911 dB] [ET   180 ] [L0 0] [L1 0c]
POC   16 LId:  0 TId: 1 ( STSA, B-SLICE, QP 28 )     212352 bits [Y 38.1432 dB    U 38.4640 dB    V 38.9418 dB] [ET   159 ] [L0 0 32] [L1 32c]
POC    8 LId:  0 TId: 2 ( TRAIL, B-SLICE, QP 29 )     195888 bits [Y 37.8264 dB    U 38.1310 dB    V 38.5262 dB] [ET   157 ] [L0 0 16 32] [L1 16c 32]
POC    4 LId:  0 TId: 3 ( TRAIL, B-SLICE, QP 32 )     128824 bits [Y 37.5418 dB    U 37.1567 dB    V 37.3592 dB] [ET   124 ] [L0 0 8 16] [L1 8c 16 32]
POC    2 LId:  0 TId: 4 ( TRAIL, B-SLICE, QP 34 )      79864 bits [Y 37.0156 dB    U 36.7342 dB    V 37.0333 dB] [ET    99 ] [L0 0 4 8] [L1 4c 8 16 32]
POC    1 LId:  0 TId: 5 ( TRAIL, B-SLICE, QP 36 )      55480 bits [Y 36.1239 dB    U 36.1194 dB    V 36.6015 dB] [ET    66 ] [L0 0] [L1 2c 4]
POC    3 LId:  0 TId: 5 ( TRAIL, B-SLICE, QP 36 )      63096 bits [Y 35.9131 dB    U 36.0377 dB    V 36.0256 dB] [ET    68 ] [L0 2c 0] [L1 4 8]
POC    6 LId:  0 TId: 4 ( TRAIL, B-SLICE, QP 34 )     109712 bits [Y 36.1875 dB    U 35.7269 dB    V 35.9128 dB] [ET   115 ] [L0 4c 2 0] [L1 8 16 32]
POC    5 LId:  0 TId: 5 ( TRAIL, B-SLICE, QP 36 )      75200 bits [Y 35.3520 dB    U 35.3998 dB    V 35.3594 dB] [ET    75 ] [L0 4 0] [L1 6c 8]
POC    7 LId:  0 TId: 5 ( TRAIL, B-SLICE, QP 36 )      79488 bits [Y 35.1200 dB    U 35.2368 dB    V 35.3687 dB] [ET    85 ] [L0 6c 4] [L1 8 16]
POC   12 LId:  0 TId: 3 ( TRAIL, B-SLICE, QP 32 )     134776 bits [Y 37.2722 dB    U 36.8800 dB    V 37.2943 dB] [ET   119 ] [L0 8c 4 0] [L1 16 32]
POC   10 LId:  0 TId: 4 ( TRAIL, B-SLICE, QP 34 )      93912 bits [Y 36.4286 dB    U 35.8134 dB    V 36.3698 dB] [ET   106 ] [L0 8 6 4 0] [L1 12c 16 32]
POC    9 LId:  0 TId: 5 ( TRAIL, B-SLICE, QP 36 )      71368 bits [Y 35.4248 dB    U 35.5373 dB    V 35.7005 dB] [ET    76 ] [L0 8 4] [L1 10c 12]
POC   11 LId:  0 TId: 5 ( TRAIL, B-SLICE, QP 36 )      74560 bits [Y 35.4608 dB    U 35.4120 dB    V 35.7109 dB] [ET    79 ] [L0 10c 8] [L1 12 16]
POC   14 LId:  0 TId: 4 ( TRAIL, B-SLICE, QP 34 )     112752 bits [Y 36.3238 dB    U 35.7795 dB    V 36.1090 dB] [ET   108 ] [L0 12c 10 8 0] [L1 16 32]
POC   13 LId:  0 TId: 5 ( TRAIL, B-SLICE, QP 36 )      76424 bits [Y 35.1771 dB    U 35.0804 dB    V 35.2748 dB] [ET    77 ] [L0 12 8] [L1 14c 16]
POC   15 LId:  0 TId: 5 ( TRAIL, B-SLICE, QP 36 )      77880 bits [Y 35.4013 dB    U 35.0852 dB    V 35.5639 dB] [ET    80 ] [L0 14c 12] [L1 16 32]
POC   24 LId:  0 TId: 2 ( TRAIL, B-SLICE, QP 29 )     178256 bits [Y 38.0039 dB    U 38.0891 dB    V 38.3286 dB] [ET   136 ] [L0 16c 8 0] [L1 32]
POC   20 LId:  0 TId: 3 ( TRAIL, B-SLICE, QP 32 )     106416 bits [Y 37.5599 dB    U 36.4723 dB    V 37.4769 dB] [ET   110 ] [L0 16 8 0] [L1 24c 32]
POC   18 LId:  0 TId: 4 ( TRAIL, B-SLICE, QP 34 )      82936 bits [Y 36.9456 dB    U 36.2706 dB    V 36.7269 dB] [ET    93 ] [L0 16 8 0] [L1 20c 24 32]
POC   17 LId:  0 TId: 5 ( TRAIL, B-SLICE, QP 36 )      68768 bits [Y 35.6628 dB    U 35.6209 dB    V 35.9121 dB] [ET    75 ] [L0 16 8] [L1 18c 20]
POC   19 LId:  0 TId: 5 ( TRAIL, B-SLICE, QP 36 )      56304 bits [Y 36.1007 dB    U 35.9309 dB    V 36.1011 dB] [ET    64 ] [L0 18c 16] [L1 20 24]
POC   22 LId:  0 TId: 4 ( TRAIL, B-SLICE, QP 34 )      90048 bits [Y 35.9966 dB    U 35.4518 dB    V 36.1323 dB] [ET   101 ] [L0 20c 16 0] [L1 24 32 18]
POC   21 LId:  0 TId: 5 ( TRAIL, B-SLICE, QP 36 )      56864 bits [Y 35.7722 dB    U 35.8311 dB    V 35.8844 dB] [ET    69 ] [L0 20 16] [L1 22c 24]
POC   23 LId:  0 TId: 5 ( TRAIL, B-SLICE, QP 36 )      64136 bits [Y 35.6312 dB    U 35.3440 dB    V 35.5368 dB] [ET    68 ] [L0 22c 20] [L1 24 32]
POC   28 LId:  0 TId: 3 ( TRAIL, B-SLICE, QP 32 )     117720 bits [Y 37.4689 dB    U 37.0271 dB    V 37.4560 dB] [ET   114 ] [L0 24c 20 16 0] [L1 32]
POC   26 LId:  0 TId: 4 ( TRAIL, B-SLICE, QP 34 )     103800 bits [Y 36.2092 dB    U 36.2113 dB    V 36.1354 dB] [ET   110 ] [L0 24 20 16 0] [L1 28c 32]
POC   25 LId:  0 TId: 5 ( TRAIL, B-SLICE, QP 36 )      80248 bits [Y 35.1696 dB    U 35.4984 dB    V 35.2012 dB] [ET    83 ] [L0 24 20] [L1 26c 28]
POC   27 LId:  0 TId: 5 ( TRAIL, B-SLICE, QP 36 )      69936 bits [Y 35.4697 dB    U 35.6610 dB    V 35.5913 dB] [ET    75 ] [L0 26c 24] [L1 28 32]
POC   30 LId:  0 TId: 4 ( TRAIL, B-SLICE, QP 34 )     102720 bits [Y 36.2877 dB    U 35.6941 dB    V 36.0553 dB] [ET   101 ] [L0 28c 24 16 0] [L1 32]
POC   29 LId:  0 TId: 5 ( TRAIL, B-SLICE, QP 36 )      65736 bits [Y 35.7668 dB    U 35.4157 dB    V 35.5895 dB] [ET    69 ] [L0 28 24] [L1 30c 32]
POC   31 LId:  0 TId: 5 ( TRAIL, B-SLICE, QP 36 )      76160 bits [Y 35.2221 dB    U 35.2893 dB    V 35.4564 dB] [ET    76 ] [L0 30c 28] [L1 32]

LayerId  0
	Total Frames |  Bitrate      Y-PSNR   U-PSNR   V-PSNR   YUV-PSNR 
	33           a  5725.9152    36.4496  36.2996  36.5640  36.2952  

 finished @ Mon Aug 18 18:40:27 2025
 Total Time:     3228.511 sec. [user]     3228.511 sec. [elapsed]
