
VVCSoftware: VTM Encoder Version 23.11 [Windows][VS 1944][64 bit] [SIMD=AVX2] 

TOOL CFG: IBD:1 HAD:1 RDQ:0 RDQTS:0 LQP:0 SQP:0 ASR:0 MinSearchWindow:96 RestrictMESampling:0 FEN:0 ECU:0 FDM:0 ESD:0 TransformSkip:1 TransformSkipFast:1 TransformSkipLog2MaxSize:5 ChromaTS:1 BDPCM:0 Tiles: 1x1 Slices: 1 MCTS:0 SAO:0 ALF:0 CCALF:0 MaxNumALFAPS 8 AlfapsIDShift 0 ConstantJointCbCrSignFlagWPP:0 WPB:0 PME:2  WaveFrontSynchro:0 WaveFrontSubstreams:1 ScalingList:0 TMVPMode:1  DQ:0  SignBitHidingFlag:0 RecalQP:0 
TOOL CFG: LFNST:1 MMVD:1 Affine:1 AffineType:1 AdaptBypassAffineMe:0 PROF:1 SbTMVP:1 DualITree:1 IMV:1 BIO:1 LMChroma:1 HorCollocatedChroma:1 VerCollocatedChroma:0 MTS:1(explicit intra) SBT:1 ISP:1 SMVD:1 CompositeLTReference:0 Bcw:1 BcwFast:1 LADF:0 CIIP:1 Geo:1 AllowDisFracMMVD:1 AffineAmvr:1 AffineAmvrEncOpt:1 AffineAmvp:1 DMVR:1 MmvdDisNum:6 JointCbCr:1 ACT:0 PLT:0 IBC:0 HashME:0 WrapAround:0 VirtualBoundariesEnabledFlag:0 VirtualBoundariesPresentInSPSFlag:1 vertical virtual boundaries:[ ] horizontal virtual boundaries:[ ] Reshape:1 (Signal:SDR Opt:0 CSoffset:6) MRL:1 MIP:1 EncDbOpt:1 AlfLambdaOpt:0 
FAST TOOL CFG: LCTUFast:0 FastMrg:0 MaxMergeRdCandNumTotal:7 MergeRdCandQuotaRegular:4 MergeRdCandQuotaRegularSmallBlk:4 MergeRdCandQuotaSubBlk:2 MergeRdCandQuotaCiip:1 MergeRdCandQuotaGpm:8 PBIntraFast:1 IMV4PelFast:1 MTSMaxCand: 4(intra) 4(inter) ISPFast:0 FastLFNST:0 AMaxBT:1 E0023FastEnc:1 ContentBasedFastQtbt:0 UseNonLinearAlfLuma:1 UseNonLinearAlfChroma:1 MaxNumAlfAlternativesChroma:8 FastMIP:0 TTFastSkip:31 TTFastSkipThr:1.075 FastLocalDualTree:1 RPR:0 TemporalFilter:4/4 SEI CTI:0 BIM:0 SEI FGC:0 SEI processing Order:0 DPF:0 


 started @ Wed Sep 24 06:17:33 2025
POC    0 LId:  0 TId: 0 ( IDR_N_LP, I-SLICE, QP 34 )     612368 bits [Y 33.4348 dB    U 38.5044 dB    V 40.8655 dB] [ET   175 ] [L0] [L1]
POC    8 LId:  0 TId: 2 ( STSA, B-SLICE, QP 41 )      21360 bits [Y 32.0870 dB    U 38.4403 dB    V 40.8102 dB] [ET  4634 ] [L0 0] [L1 0c]
POC    4 LId:  0 TId: 3 ( TRAIL, B-SLICE, QP 43 )       5344 bits [Y 32.2041 dB    U 38.5049 dB    V 40.8656 dB] [ET  5943 ] [L0 0 8] [L1 8c 0]
POC    2 LId:  0 TId: 4 ( TRAIL, B-SLICE, QP 45 )       2336 bits [Y 32.4222 dB    U 38.5108 dB    V 40.8615 dB] [ET  6802 ] [L0 0 4 8] [L1 4c 8 0]
POC    1 LId:  0 TId: 5 ( TRAIL, B-SLICE, QP 46 )        720 bits [Y 32.8247 dB    U 38.5290 dB    V 40.8662 dB] [ET  4269 ] [L0 0] [L1 2c 4]
POC    3 LId:  0 TId: 5 ( TRAIL, B-SLICE, QP 46 )        696 bits [Y 32.2587 dB    U 38.4836 dB    V 40.8499 dB] [ET  5662 ] [L0 2c 0] [L1 4 8]
POC    6 LId:  0 TId: 4 ( TRAIL, B-SLICE, QP 45 )       2032 bits [Y 32.2737 dB    U 38.4378 dB    V 40.8189 dB] [ET  9007 ] [L0 4c 2 0] [L1 8 4 2]
POC    5 LId:  0 TId: 5 ( TRAIL, B-SLICE, QP 46 )        384 bits [Y 32.1972 dB    U 38.4598 dB    V 40.8287 dB] [ET  5635 ] [L0 4 0] [L1 6c 8]
POC    7 LId:  0 TId: 5 ( TRAIL, B-SLICE, QP 46 )        680 bits [Y 32.1621 dB    U 38.4437 dB    V 40.8180 dB] [ET  4621 ] [L0 6c 4] [L1 8 6]
POC   12 LId:  0 TId: 3 ( TRAIL, B-SLICE, QP 43 )      10616 bits [Y 32.0428 dB    U 38.4201 dB    V 40.8241 dB] [ET 12096 ] [L0 8 4 0] [L1 8c 4]
POC   10 LId:  0 TId: 4 ( TRAIL, B-SLICE, QP 45 )       2040 bits [Y 31.8749 dB    U 38.4392 dB    V 40.8202 dB] [ET 11393 ] [L0 8 6 4 0] [L1 12c 8 6]
POC    9 LId:  0 TId: 5 ( TRAIL, B-SLICE, QP 46 )        712 bits [Y 32.0045 dB    U 38.4359 dB    V 40.8273 dB] [ET  5670 ] [L0 8 4] [L1 10c 12]
POC   11 LId:  0 TId: 5 ( TRAIL, B-SLICE, QP 46 )        576 bits [Y 31.9638 dB    U 38.4126 dB    V 40.8138 dB] [ET  4120 ] [L0 10c 8] [L1 12 10]
POC   14 LId:  0 TId: 4 ( TRAIL, B-SLICE, QP 45 )       3368 bits [Y 31.7034 dB    U 38.3921 dB    V 40.7928 dB] [ET  9353 ] [L0 12 10 8 0] [L1 12c 10]
POC   13 LId:  0 TId: 5 ( TRAIL, B-SLICE, QP 46 )        528 bits [Y 31.8620 dB    U 38.4140 dB    V 40.8070 dB] [ET  4291 ] [L0 12 8] [L1 14c 12]
POC   15 LId:  0 TId: 5 ( TRAIL, B-SLICE, QP 46 )       1384 bits [Y 31.5156 dB    U 38.3865 dB    V 40.7928 dB] [ET  3066 ] [L0 14 12] [L1 14c 12]

LayerId  0
	Total Frames |  Bitrate      Y-PSNR   U-PSNR   V-PSNR   YUV-PSNR 
	16           a  2494.2900    32.1770  38.4509  40.8289  33.5323  

 finished @ Thu Sep 25 09:09:50 2025
 Total Time:    96737.138 sec. [user]    96737.138 sec. [elapsed]
