
VVCSoftware: VTM Encoder Version 23.11 [Windows][VS 1944][64 bit] [SIMD=AVX2] 

TOOL CFG: IBD:1 HAD:1 RDQ:1 RDQTS:1 LQP:0 SQP:0 ASR:1 MinSearchWindow:96 RestrictMESampling:0 FEN:0 ECU:0 FDM:1 ESD:0 TransformSkip:1 TransformSkipFast:1 TransformSkipLog2MaxSize:5 ChromaTS:1 BDPCM:0 Tiles: 1x1 Slices: 1 MCTS:0 SAO:1 ALF:1 CCALF:1 MaxNumALFAPS 8 AlfapsIDShift 0 ConstantJointCbCrSignFlagWPP:0 WPB:0 PME:2  WaveFrontSynchro:0 WaveFrontSubstreams:1 ScalingList:0 TMVPMode:1  DQ:1  SignBitHidingFlag:0 RecalQP:0 
TOOL CFG: LFNST:1 MMVD:1 Affine:1 AffineType:1 AdaptBypassAffineMe:0 PROF:1 SbTMVP:1 DualITree:1 IMV:1 BIO:1 LMChroma:1 HorCollocatedChroma:1 VerCollocatedChroma:0 MTS:1(explicit intra) SBT:1 ISP:1 SMVD:1 CompositeLTReference:0 Bcw:1 BcwFast:1 LADF:0 CIIP:1 Geo:1 AllowDisFracMMVD:1 AffineAmvr:1 AffineAmvrEncOpt:1 AffineAmvp:1 DMVR:1 MmvdDisNum:6 JointCbCr:1 ACT:0 PLT:0 IBC:0 HashME:0 WrapAround:0 VirtualBoundariesEnabledFlag:0 VirtualBoundariesPresentInSPSFlag:1 vertical virtual boundaries:[ ] horizontal virtual boundaries:[ ] Reshape:1 (Signal:SDR Opt:0 CSoffset:6) MRL:1 MIP:1 EncDbOpt:1 AlfLambdaOpt:0 
FAST TOOL CFG: LCTUFast:1 FastMrg:1 MaxMergeRdCandNumTotal:7 MergeRdCandQuotaRegular:4 MergeRdCandQuotaRegularSmallBlk:4 MergeRdCandQuotaSubBlk:2 MergeRdCandQuotaCiip:1 MergeRdCandQuotaGpm:8 PBIntraFast:1 IMV4PelFast:1 MTSMaxCand: 4(intra) 4(inter) ISPFast:0 FastLFNST:0 AMaxBT:1 E0023FastEnc:1 ContentBasedFastQtbt:0 UseNonLinearAlfLuma:1 UseNonLinearAlfChroma:1 MaxNumAlfAlternativesChroma:8 FastMIP:0 TTFastSkip:31 TTFastSkipThr:1.075 FastLocalDualTree:1 RPR:0 TemporalFilter:4/4 SEI CTI:0 BIM:0 SEI FGC:0 SEI processing Order:0 DPF:0 


 started @ Tue Aug 19 04:18:21 2025
POC    0 LId:  0 TId: 0 ( IDR_N_LP, I-SLICE, QP 19 )     917312 bits [Y 41.1322 dB    U 45.8374 dB    V 47.9483 dB] [ET   405 ] [L0] [L1]
POC   32 LId:  0 TId: 0 ( TRAIL, B-SLICE, QP 21 )     619648 bits [Y 40.4138 dB    U 45.2572 dB    V 47.2402 dB] [ET   886 ] [L0 0] [L1 0c]
POC   16 LId:  0 TId: 1 ( STSA, B-SLICE, QP 22 )     380488 bits [Y 40.3608 dB    U 45.5718 dB    V 47.5660 dB] [ET   839 ] [L0 0 32] [L1 32c]
POC    8 LId:  0 TId: 2 ( TRAIL, B-SLICE, QP 23 )     318216 bits [Y 40.2639 dB    U 45.5064 dB    V 47.3868 dB] [ET   746 ] [L0 0 16 32] [L1 16c 32]
POC    4 LId:  0 TId: 3 ( TRAIL, B-SLICE, QP 26 )     223960 bits [Y 40.2148 dB    U 45.4004 dB    V 47.2354 dB] [ET   686 ] [L0 0 8 16] [L1 8c 16 32]
POC    2 LId:  0 TId: 4 ( TRAIL, B-SLICE, QP 28 )     108488 bits [Y 39.8987 dB    U 45.3984 dB    V 46.9919 dB] [ET   463 ] [L0 0 4 8] [L1 4c 8 16 32]
POC    1 LId:  0 TId: 5 ( TRAIL, B-SLICE, QP 29 )      64808 bits [Y 39.8596 dB    U 45.5044 dB    V 47.1089 dB] [ET   214 ] [L0 0] [L1 2c 4]
POC    3 LId:  0 TId: 5 ( TRAIL, B-SLICE, QP 29 )      67040 bits [Y 39.6834 dB    U 45.2221 dB    V 46.6962 dB] [ET   224 ] [L0 2c 0] [L1 4 8]
POC    6 LId:  0 TId: 4 ( TRAIL, B-SLICE, QP 28 )     117760 bits [Y 39.7067 dB    U 45.2425 dB    V 46.7172 dB] [ET   416 ] [L0 4c 2 0] [L1 8 16 32]
POC    5 LId:  0 TId: 5 ( TRAIL, B-SLICE, QP 29 )      71024 bits [Y 39.5671 dB    U 45.1606 dB    V 46.5788 dB] [ET   241 ] [L0 4 0] [L1 6c 8]
POC    7 LId:  0 TId: 5 ( TRAIL, B-SLICE, QP 29 )      69856 bits [Y 39.6010 dB    U 45.2649 dB    V 46.6897 dB] [ET   239 ] [L0 6c 4] [L1 8 16]
POC   12 LId:  0 TId: 3 ( TRAIL, B-SLICE, QP 26 )     204344 bits [Y 40.2109 dB    U 45.4073 dB    V 47.1797 dB] [ET   595 ] [L0 8c 4 0] [L1 16 32]
POC   10 LId:  0 TId: 4 ( TRAIL, B-SLICE, QP 28 )     103904 bits [Y 39.7313 dB    U 45.2683 dB    V 46.8158 dB] [ET   450 ] [L0 8 6 4 0] [L1 12c 16 32]
POC    9 LId:  0 TId: 5 ( TRAIL, B-SLICE, QP 29 )      65088 bits [Y 39.6258 dB    U 45.2768 dB    V 46.6667 dB] [ET   242 ] [L0 8 4] [L1 10c 12]
POC   11 LId:  0 TId: 5 ( TRAIL, B-SLICE, QP 29 )      55144 bits [Y 39.6524 dB    U 45.1973 dB    V 46.7072 dB] [ET   237 ] [L0 10c 8] [L1 12 16]
POC   14 LId:  0 TId: 4 ( TRAIL, B-SLICE, QP 28 )      84472 bits [Y 39.8638 dB    U 45.3127 dB    V 47.0021 dB] [ET   377 ] [L0 12c 10 8 0] [L1 16 32]
POC   13 LId:  0 TId: 5 ( TRAIL, B-SLICE, QP 29 )      48992 bits [Y 39.7276 dB    U 45.2292 dB    V 46.7740 dB] [ET   235 ] [L0 12 8] [L1 14c 16]
POC   15 LId:  0 TId: 5 ( TRAIL, B-SLICE, QP 29 )      50168 bits [Y 39.8470 dB    U 45.3308 dB    V 47.0130 dB] [ET   230 ] [L0 14c 12] [L1 16 32]
POC   24 LId:  0 TId: 2 ( TRAIL, B-SLICE, QP 23 )     310736 bits [Y 40.3018 dB    U 45.3208 dB    V 47.2382 dB] [ET   737 ] [L0 16c 8 0] [L1 32]
POC   20 LId:  0 TId: 3 ( TRAIL, B-SLICE, QP 26 )     177208 bits [Y 40.2500 dB    U 45.3711 dB    V 47.2011 dB] [ET   613 ] [L0 16 8 0] [L1 24c 32]
POC   18 LId:  0 TId: 4 ( TRAIL, B-SLICE, QP 28 )      88856 bits [Y 39.9929 dB    U 45.2885 dB    V 46.9899 dB] [ET   381 ] [L0 16 8 0] [L1 20c 24 32]
POC   17 LId:  0 TId: 5 ( TRAIL, B-SLICE, QP 29 )      48120 bits [Y 39.9332 dB    U 45.3453 dB    V 47.0048 dB] [ET   219 ] [L0 16 8] [L1 18c 20]
POC   19 LId:  0 TId: 5 ( TRAIL, B-SLICE, QP 29 )      50448 bits [Y 39.8976 dB    U 45.2255 dB    V 46.8005 dB] [ET   229 ] [L0 18c 16] [L1 20 24]
POC   22 LId:  0 TId: 4 ( TRAIL, B-SLICE, QP 28 )      95616 bits [Y 39.9545 dB    U 45.1561 dB    V 46.8161 dB] [ET   390 ] [L0 20c 16 0] [L1 24 32 18]
POC   21 LId:  0 TId: 5 ( TRAIL, B-SLICE, QP 29 )      53448 bits [Y 39.8744 dB    U 45.1030 dB    V 46.7579 dB] [ET   218 ] [L0 20 16] [L1 22c 24]
POC   23 LId:  0 TId: 5 ( TRAIL, B-SLICE, QP 29 )      59080 bits [Y 39.8739 dB    U 45.0957 dB    V 46.6975 dB] [ET   237 ] [L0 22c 20] [L1 24 32]
POC   28 LId:  0 TId: 3 ( TRAIL, B-SLICE, QP 26 )     233584 bits [Y 40.1161 dB    U 45.0350 dB    V 46.7034 dB] [ET   683 ] [L0 24c 20 16 0] [L1 32]
POC   26 LId:  0 TId: 4 ( TRAIL, B-SLICE, QP 28 )     115696 bits [Y 39.8456 dB    U 44.9632 dB    V 46.5007 dB] [ET   433 ] [L0 24 20 16 0] [L1 28c 32]
POC   25 LId:  0 TId: 5 ( TRAIL, B-SLICE, QP 29 )      67952 bits [Y 39.8106 dB    U 44.9749 dB    V 46.5884 dB] [ET   232 ] [L0 24 20] [L1 26c 28]
POC   27 LId:  0 TId: 5 ( TRAIL, B-SLICE, QP 29 )      74968 bits [Y 39.7066 dB    U 44.8712 dB    V 46.3757 dB] [ET   240 ] [L0 26c 24] [L1 28 32]
POC   30 LId:  0 TId: 4 ( TRAIL, B-SLICE, QP 28 )     119200 bits [Y 39.8125 dB    U 44.9061 dB    V 46.4822 dB] [ET   428 ] [L0 28c 24 16 0] [L1 32]
POC   29 LId:  0 TId: 5 ( TRAIL, B-SLICE, QP 29 )      72592 bits [Y 39.6549 dB    U 44.8263 dB    V 46.3168 dB] [ET   248 ] [L0 28 24] [L1 30c 32]
POC   31 LId:  0 TId: 5 ( TRAIL, B-SLICE, QP 29 )      67872 bits [Y 39.7268 dB    U 44.9597 dB    V 46.5662 dB] [ET   228 ] [L0 30c 28] [L1 32]

LayerId  0
	Total Frames |  Bitrate      Y-PSNR   U-PSNR   V-PSNR   YUV-PSNR 
	33           a  7888.0121    39.9428  45.2373  46.8896  41.1840  

 finished @ Tue Aug 19 07:59:01 2025
 Total Time:    13240.265 sec. [user]    13240.265 sec. [elapsed]
