
VVCSoftware: VTM Encoder Version 23.11 [Windows][VS 1944][64 bit] [SIMD=AVX2] 

TOOL CFG: IBD:1 HAD:1 RDQ:0 RDQTS:0 LQP:0 SQP:0 ASR:1 MinSearchWindow:96 RestrictMESampling:0 FEN:1 ECU:0 FDM:1 ESD:0 TransformSkip:1 TransformSkipFast:1 TransformSkipLog2MaxSize:5 ChromaTS:1 BDPCM:0 Tiles: 1x1 Slices: 1 MCTS:0 SAO:1 ALF:1 CCALF:1 MaxNumALFAPS 8 AlfapsIDShift 0 ConstantJointCbCrSignFlagWPP:0 WPB:0 PME:2  WaveFrontSynchro:0 WaveFrontSubstreams:1 ScalingList:0 TMVPMode:1  DQ:0  SignBitHidingFlag:0 RecalQP:0 
TOOL CFG: LFNST:1 MMVD:1 Affine:1 AffineType:1 AdaptBypassAffineMe:0 PROF:1 SbTMVP:1 DualITree:1 IMV:1 BIO:1 LMChroma:1 HorCollocatedChroma:1 VerCollocatedChroma:0 MTS:1(explicit intra) SBT:1 ISP:1 SMVD:1 CompositeLTReference:0 Bcw:1 BcwFast:1 LADF:0 CIIP:1 Geo:1 AllowDisFracMMVD:1 AffineAmvr:1 AffineAmvrEncOpt:1 AffineAmvp:1 DMVR:1 MmvdDisNum:6 JointCbCr:1 ACT:0 PLT:0 IBC:0 HashME:0 WrapAround:0 VirtualBoundariesEnabledFlag:0 VirtualBoundariesPresentInSPSFlag:1 vertical virtual boundaries:[ ] horizontal virtual boundaries:[ ] Reshape:1 (Signal:SDR Opt:0 CSoffset:6) MRL:1 MIP:1 EncDbOpt:1 AlfLambdaOpt:0 
FAST TOOL CFG: LCTUFast:1 FastMrg:1 MaxMergeRdCandNumTotal:7 MergeRdCandQuotaRegular:4 MergeRdCandQuotaRegularSmallBlk:4 MergeRdCandQuotaSubBlk:2 MergeRdCandQuotaCiip:1 MergeRdCandQuotaGpm:8 PBIntraFast:1 IMV4PelFast:1 MTSMaxCand: 4(intra) 4(inter) ISPFast:0 FastLFNST:0 AMaxBT:1 E0023FastEnc:1 ContentBasedFastQtbt:0 UseNonLinearAlfLuma:1 UseNonLinearAlfChroma:1 MaxNumAlfAlternativesChroma:8 FastMIP:0 TTFastSkip:31 TTFastSkipThr:1.075 FastLocalDualTree:1 RPR:0 TemporalFilter:4/4 SEI CTI:0 BIM:0 SEI FGC:0 SEI processing Order:0 DPF:0 


 started @ Mon Aug 18 20:11:57 2025
POC    0 LId:  0 TId: 0 ( IDR_N_LP, I-SLICE, QP 29 )    1064568 bits [Y 36.0000 dB    U 40.8245 dB    V 43.0904 dB] [ET   215 ] [L0] [L1]
POC   32 LId:  0 TId: 0 ( TRAIL, B-SLICE, QP 31 )     166088 bits [Y 34.9197 dB    U 40.7060 dB    V 43.1281 dB] [ET   212 ] [L0 0] [L1 0c]
POC   16 LId:  0 TId: 1 ( STSA, B-SLICE, QP 34 )      79280 bits [Y 34.3853 dB    U 40.5799 dB    V 43.0415 dB] [ET   159 ] [L0 0 32] [L1 32c]
POC    8 LId:  0 TId: 2 ( TRAIL, B-SLICE, QP 35 )      49488 bits [Y 34.2739 dB    U 40.6058 dB    V 43.0485 dB] [ET   143 ] [L0 0 16 32] [L1 16c 32]
POC    4 LId:  0 TId: 3 ( TRAIL, B-SLICE, QP 38 )      19296 bits [Y 34.1644 dB    U 40.7011 dB    V 43.0797 dB] [ET    91 ] [L0 0 8 16] [L1 8c 16 32]
POC    2 LId:  0 TId: 4 ( TRAIL, B-SLICE, QP 40 )       7544 bits [Y 34.3229 dB    U 40.7671 dB    V 43.0815 dB] [ET    56 ] [L0 0 4 8] [L1 4c 8 16 32]
POC    1 LId:  0 TId: 5 ( TRAIL, B-SLICE, QP 41 )       2192 bits [Y 34.8239 dB    U 40.8378 dB    V 43.1181 dB] [ET    32 ] [L0 0] [L1 2c 4]
POC    3 LId:  0 TId: 5 ( TRAIL, B-SLICE, QP 41 )       2872 bits [Y 34.1149 dB    U 40.7200 dB    V 43.0728 dB] [ET    33 ] [L0 2c 0] [L1 4 8]
POC    6 LId:  0 TId: 4 ( TRAIL, B-SLICE, QP 40 )       7424 bits [Y 34.2766 dB    U 40.6550 dB    V 42.9879 dB] [ET    58 ] [L0 4c 2 0] [L1 8 16 32]
POC    5 LId:  0 TId: 5 ( TRAIL, B-SLICE, QP 41 )       1864 bits [Y 34.0925 dB    U 40.6854 dB    V 43.0182 dB] [ET    33 ] [L0 4 0] [L1 6c 8]
POC    7 LId:  0 TId: 5 ( TRAIL, B-SLICE, QP 41 )       1976 bits [Y 34.1910 dB    U 40.6615 dB    V 43.0232 dB] [ET    33 ] [L0 6c 4] [L1 8 16]
POC   12 LId:  0 TId: 3 ( TRAIL, B-SLICE, QP 38 )      18408 bits [Y 34.2267 dB    U 40.6219 dB    V 42.9940 dB] [ET    89 ] [L0 8c 4 0] [L1 16 32]
POC   10 LId:  0 TId: 4 ( TRAIL, B-SLICE, QP 40 )       6632 bits [Y 33.9331 dB    U 40.6067 dB    V 42.9889 dB] [ET    60 ] [L0 8 6 4 0] [L1 12c 16 32]
POC    9 LId:  0 TId: 5 ( TRAIL, B-SLICE, QP 41 )       2576 bits [Y 33.9957 dB    U 40.6235 dB    V 43.0270 dB] [ET    34 ] [L0 8 4] [L1 10c 12]
POC   11 LId:  0 TId: 5 ( TRAIL, B-SLICE, QP 41 )       2328 bits [Y 34.0052 dB    U 40.6145 dB    V 42.9754 dB] [ET    35 ] [L0 10c 8] [L1 12 16]
POC   14 LId:  0 TId: 4 ( TRAIL, B-SLICE, QP 40 )       7016 bits [Y 34.0500 dB    U 40.5911 dB    V 42.9999 dB] [ET    57 ] [L0 12c 10 8 0] [L1 16 32]
POC   13 LId:  0 TId: 5 ( TRAIL, B-SLICE, QP 41 )       1848 bits [Y 33.9952 dB    U 40.6140 dB    V 42.9824 dB] [ET    33 ] [L0 12 8] [L1 14c 16]
POC   15 LId:  0 TId: 5 ( TRAIL, B-SLICE, QP 41 )       2008 bits [Y 34.1277 dB    U 40.5843 dB    V 43.0206 dB] [ET    34 ] [L0 14c 12] [L1 16 32]
POC   24 LId:  0 TId: 2 ( TRAIL, B-SLICE, QP 35 )      50008 bits [Y 34.4378 dB    U 40.6100 dB    V 43.0876 dB] [ET   122 ] [L0 16c 8 0] [L1 32]
POC   20 LId:  0 TId: 3 ( TRAIL, B-SLICE, QP 38 )      19832 bits [Y 34.1578 dB    U 40.6162 dB    V 42.9552 dB] [ET    92 ] [L0 16 8 0] [L1 24c 32]
POC   18 LId:  0 TId: 4 ( TRAIL, B-SLICE, QP 40 )       6824 bits [Y 34.0823 dB    U 40.6085 dB    V 43.0134 dB] [ET    56 ] [L0 16 8 0] [L1 20c 24 32]
POC   17 LId:  0 TId: 5 ( TRAIL, B-SLICE, QP 41 )       2648 bits [Y 34.1047 dB    U 40.6058 dB    V 43.0448 dB] [ET    35 ] [L0 16 8] [L1 18c 20]
POC   19 LId:  0 TId: 5 ( TRAIL, B-SLICE, QP 41 )       2464 bits [Y 33.9297 dB    U 40.5999 dB    V 42.9854 dB] [ET    34 ] [L0 18c 16] [L1 20 24]
POC   22 LId:  0 TId: 4 ( TRAIL, B-SLICE, QP 40 )       6464 bits [Y 34.0584 dB    U 40.5613 dB    V 43.0052 dB] [ET    56 ] [L0 20c 16 0] [L1 24 32 18]
POC   21 LId:  0 TId: 5 ( TRAIL, B-SLICE, QP 41 )       2192 bits [Y 33.9719 dB    U 40.5988 dB    V 42.9857 dB] [ET    34 ] [L0 20 16] [L1 22c 24]
POC   23 LId:  0 TId: 5 ( TRAIL, B-SLICE, QP 41 )       1888 bits [Y 34.1305 dB    U 40.6150 dB    V 42.9907 dB] [ET    34 ] [L0 22c 20] [L1 24 32]
POC   28 LId:  0 TId: 3 ( TRAIL, B-SLICE, QP 38 )      18032 bits [Y 34.2944 dB    U 40.5993 dB    V 43.0503 dB] [ET    86 ] [L0 24c 20 16 0] [L1 32]
POC   26 LId:  0 TId: 4 ( TRAIL, B-SLICE, QP 40 )       8064 bits [Y 33.9677 dB    U 40.6229 dB    V 42.9911 dB] [ET    62 ] [L0 24 20 16 0] [L1 28c 32]
POC   25 LId:  0 TId: 5 ( TRAIL, B-SLICE, QP 41 )       1968 bits [Y 34.1389 dB    U 40.6129 dB    V 43.0301 dB] [ET    33 ] [L0 24 20] [L1 26c 28]
POC   27 LId:  0 TId: 5 ( TRAIL, B-SLICE, QP 41 )       2584 bits [Y 33.9722 dB    U 40.5804 dB    V 42.9890 dB] [ET    35 ] [L0 26c 24] [L1 28 32]
POC   30 LId:  0 TId: 4 ( TRAIL, B-SLICE, QP 40 )       7480 bits [Y 34.0967 dB    U 40.6964 dB    V 43.0611 dB] [ET    53 ] [L0 28c 24 16 0] [L1 32]
POC   29 LId:  0 TId: 5 ( TRAIL, B-SLICE, QP 41 )       2184 bits [Y 34.0330 dB    U 40.6100 dB    V 42.9828 dB] [ET    34 ] [L0 28 24] [L1 30c 32]
POC   31 LId:  0 TId: 5 ( TRAIL, B-SLICE, QP 41 )       2096 bits [Y 34.3848 dB    U 40.6919 dB    V 43.0468 dB] [ET    31 ] [L0 30c 28] [L1 32]

LayerId  0
	Total Frames |  Bitrate      Y-PSNR   U-PSNR   V-PSNR   YUV-PSNR 
	33           a  2869.3382    34.2321  40.6433  43.0272  35.6041  

 finished @ Mon Aug 18 20:48:43 2025
 Total Time:     2205.906 sec. [user]     2205.906 sec. [elapsed]
