
VVCSoftware: VTM Encoder Version 23.11 [Windows][VS 1944][64 bit] [SIMD=AVX2] 

TOOL CFG: IBD:1 HAD:1 RDQ:0 RDQTS:0 LQP:0 SQP:0 ASR:1 MinSearchWindow:96 RestrictMESampling:0 FEN:1 ECU:0 FDM:1 ESD:0 TransformSkip:1 TransformSkipFast:1 TransformSkipLog2MaxSize:5 ChromaTS:1 BDPCM:0 Tiles: 1x1 Slices: 1 MCTS:0 SAO:1 ALF:1 CCALF:1 MaxNumALFAPS 8 AlfapsIDShift 0 ConstantJointCbCrSignFlagWPP:0 WPB:0 PME:2  WaveFrontSynchro:0 WaveFrontSubstreams:1 ScalingList:0 TMVPMode:1  DQ:0  SignBitHidingFlag:0 RecalQP:0 
TOOL CFG: LFNST:1 MMVD:1 Affine:1 AffineType:1 AdaptBypassAffineMe:0 PROF:1 SbTMVP:1 DualITree:1 IMV:1 BIO:1 LMChroma:1 HorCollocatedChroma:1 VerCollocatedChroma:0 MTS:1(explicit intra) SBT:1 ISP:1 SMVD:1 CompositeLTReference:0 Bcw:1 BcwFast:1 LADF:0 CIIP:1 Geo:1 AllowDisFracMMVD:1 AffineAmvr:1 AffineAmvrEncOpt:1 AffineAmvp:1 DMVR:1 MmvdDisNum:6 JointCbCr:1 ACT:0 PLT:0 IBC:0 HashME:0 WrapAround:0 VirtualBoundariesEnabledFlag:0 VirtualBoundariesPresentInSPSFlag:1 vertical virtual boundaries:[ ] horizontal virtual boundaries:[ ] Reshape:1 (Signal:SDR Opt:0 CSoffset:6) MRL:1 MIP:1 EncDbOpt:1 AlfLambdaOpt:0 
FAST TOOL CFG: LCTUFast:1 FastMrg:1 MaxMergeRdCandNumTotal:7 MergeRdCandQuotaRegular:4 MergeRdCandQuotaRegularSmallBlk:4 MergeRdCandQuotaSubBlk:2 MergeRdCandQuotaCiip:1 MergeRdCandQuotaGpm:8 PBIntraFast:1 IMV4PelFast:1 MTSMaxCand: 4(intra) 4(inter) ISPFast:0 FastLFNST:0 AMaxBT:1 E0023FastEnc:1 ContentBasedFastQtbt:0 UseNonLinearAlfLuma:1 UseNonLinearAlfChroma:1 MaxNumAlfAlternativesChroma:8 FastMIP:0 TTFastSkip:31 TTFastSkipThr:1.075 FastLocalDualTree:1 RPR:0 TemporalFilter:4/4 SEI CTI:0 BIM:0 SEI FGC:0 SEI processing Order:0 DPF:0 


 started @ Mon Aug 18 19:49:34 2025
POC    0 LId:  0 TId: 0 ( IDR_N_LP, I-SLICE, QP 34 )     616392 bits [Y 33.6463 dB    U 38.7022 dB    V 40.9583 dB] [ET   177 ] [L0] [L1]
POC   32 LId:  0 TId: 0 ( TRAIL, B-SLICE, QP 36 )      73152 bits [Y 33.0797 dB    U 38.5740 dB    V 40.9618 dB] [ET   143 ] [L0 0] [L1 0c]
POC   16 LId:  0 TId: 1 ( STSA, B-SLICE, QP 40 )      28072 bits [Y 32.4887 dB    U 38.6122 dB    V 40.9078 dB] [ET   105 ] [L0 0 32] [L1 32c]
POC    8 LId:  0 TId: 2 ( TRAIL, B-SLICE, QP 41 )      15416 bits [Y 32.4185 dB    U 38.6199 dB    V 40.8686 dB] [ET    90 ] [L0 0 16 32] [L1 16c 32]
POC    4 LId:  0 TId: 3 ( TRAIL, B-SLICE, QP 43 )       5608 bits [Y 32.4620 dB    U 38.6648 dB    V 40.9145 dB] [ET    52 ] [L0 0 8 16] [L1 8c 16 32]
POC    2 LId:  0 TId: 4 ( TRAIL, B-SLICE, QP 45 )       2192 bits [Y 32.5968 dB    U 38.6635 dB    V 40.8896 dB] [ET    37 ] [L0 0 4 8] [L1 4c 8 16 32]
POC    1 LId:  0 TId: 5 ( TRAIL, B-SLICE, QP 46 )        864 bits [Y 33.0287 dB    U 38.6973 dB    V 40.9211 dB] [ET    23 ] [L0 0] [L1 2c 4]
POC    3 LId:  0 TId: 5 ( TRAIL, B-SLICE, QP 46 )        744 bits [Y 32.5044 dB    U 38.6406 dB    V 40.9060 dB] [ET    24 ] [L0 2c 0] [L1 4 8]
POC    6 LId:  0 TId: 4 ( TRAIL, B-SLICE, QP 45 )       2352 bits [Y 32.4425 dB    U 38.6340 dB    V 40.8708 dB] [ET    39 ] [L0 4c 2 0] [L1 8 16 32]
POC    5 LId:  0 TId: 5 ( TRAIL, B-SLICE, QP 46 )        432 bits [Y 32.3999 dB    U 38.6367 dB    V 40.8826 dB] [ET    24 ] [L0 4 0] [L1 6c 8]
POC    7 LId:  0 TId: 5 ( TRAIL, B-SLICE, QP 46 )        680 bits [Y 32.4054 dB    U 38.6199 dB    V 40.8755 dB] [ET    26 ] [L0 6c 4] [L1 8 16]
POC   12 LId:  0 TId: 3 ( TRAIL, B-SLICE, QP 43 )       5712 bits [Y 32.3749 dB    U 38.6071 dB    V 40.8767 dB] [ET    50 ] [L0 8c 4 0] [L1 16 32]
POC   10 LId:  0 TId: 4 ( TRAIL, B-SLICE, QP 45 )       2056 bits [Y 32.1892 dB    U 38.5921 dB    V 40.8443 dB] [ET    41 ] [L0 8 6 4 0] [L1 12c 16 32]
POC    9 LId:  0 TId: 5 ( TRAIL, B-SLICE, QP 46 )        688 bits [Y 32.2709 dB    U 38.5902 dB    V 40.8660 dB] [ET    26 ] [L0 8 4] [L1 10c 12]
POC   11 LId:  0 TId: 5 ( TRAIL, B-SLICE, QP 46 )        672 bits [Y 32.2544 dB    U 38.5749 dB    V 40.8691 dB] [ET    26 ] [L0 10c 8] [L1 12 16]
POC   14 LId:  0 TId: 4 ( TRAIL, B-SLICE, QP 45 )       1552 bits [Y 32.3174 dB    U 38.5802 dB    V 40.8776 dB] [ET    38 ] [L0 12c 10 8 0] [L1 16 32]
POC   13 LId:  0 TId: 5 ( TRAIL, B-SLICE, QP 46 )        544 bits [Y 32.2922 dB    U 38.5960 dB    V 40.8716 dB] [ET    25 ] [L0 12 8] [L1 14c 16]
POC   15 LId:  0 TId: 5 ( TRAIL, B-SLICE, QP 46 )        552 bits [Y 32.3723 dB    U 38.5998 dB    V 40.9114 dB] [ET    25 ] [L0 14c 12] [L1 16 32]
POC   24 LId:  0 TId: 2 ( TRAIL, B-SLICE, QP 41 )      15448 bits [Y 32.5520 dB    U 38.6078 dB    V 40.9666 dB] [ET    78 ] [L0 16c 8 0] [L1 32]
POC   20 LId:  0 TId: 3 ( TRAIL, B-SLICE, QP 43 )       5832 bits [Y 32.3512 dB    U 38.5773 dB    V 40.9114 dB] [ET    45 ] [L0 16 8 0] [L1 24c 32]
POC   18 LId:  0 TId: 4 ( TRAIL, B-SLICE, QP 45 )       1896 bits [Y 32.3217 dB    U 38.5824 dB    V 40.8869 dB] [ET    34 ] [L0 16 8 0] [L1 20c 24 32]
POC   17 LId:  0 TId: 5 ( TRAIL, B-SLICE, QP 46 )        632 bits [Y 32.3716 dB    U 38.6079 dB    V 40.9066 dB] [ET    21 ] [L0 16 8] [L1 18c 20]
POC   19 LId:  0 TId: 5 ( TRAIL, B-SLICE, QP 46 )        440 bits [Y 32.2241 dB    U 38.5849 dB    V 40.8883 dB] [ET    21 ] [L0 18c 16] [L1 20 24]
POC   22 LId:  0 TId: 4 ( TRAIL, B-SLICE, QP 45 )       1688 bits [Y 32.2917 dB    U 38.5604 dB    V 40.8931 dB] [ET    33 ] [L0 20c 16 0] [L1 24 32 18]
POC   21 LId:  0 TId: 5 ( TRAIL, B-SLICE, QP 46 )        648 bits [Y 32.2499 dB    U 38.5711 dB    V 40.8908 dB] [ET    22 ] [L0 20 16] [L1 22c 24]
POC   23 LId:  0 TId: 5 ( TRAIL, B-SLICE, QP 46 )        768 bits [Y 32.3574 dB    U 38.5673 dB    V 40.8974 dB] [ET    21 ] [L0 22c 20] [L1 24 32]
POC   28 LId:  0 TId: 3 ( TRAIL, B-SLICE, QP 43 )       5176 bits [Y 32.4916 dB    U 38.5937 dB    V 40.9075 dB] [ET    42 ] [L0 24c 20 16 0] [L1 32]
POC   26 LId:  0 TId: 4 ( TRAIL, B-SLICE, QP 45 )       2256 bits [Y 32.2574 dB    U 38.5888 dB    V 40.9132 dB] [ET    31 ] [L0 24 20 16 0] [L1 28c 32]
POC   25 LId:  0 TId: 5 ( TRAIL, B-SLICE, QP 46 )        768 bits [Y 32.4021 dB    U 38.5773 dB    V 40.9255 dB] [ET    21 ] [L0 24 20] [L1 26c 28]
POC   27 LId:  0 TId: 5 ( TRAIL, B-SLICE, QP 46 )        872 bits [Y 32.2906 dB    U 38.5827 dB    V 40.8903 dB] [ET    23 ] [L0 26c 24] [L1 28 32]
POC   30 LId:  0 TId: 4 ( TRAIL, B-SLICE, QP 45 )       1680 bits [Y 32.4811 dB    U 38.6057 dB    V 40.9472 dB] [ET    30 ] [L0 28c 24 16 0] [L1 32]
POC   29 LId:  0 TId: 5 ( TRAIL, B-SLICE, QP 46 )        656 bits [Y 32.3777 dB    U 38.5725 dB    V 40.8893 dB] [ET    22 ] [L0 28 24] [L1 30c 32]
POC   31 LId:  0 TId: 5 ( TRAIL, B-SLICE, QP 46 )        528 bits [Y 32.7506 dB    U 38.5903 dB    V 40.9392 dB] [ET    22 ] [L0 30c 28] [L1 32]

LayerId  0
	Total Frames |  Bitrate      Y-PSNR   U-PSNR   V-PSNR   YUV-PSNR 
	33           a  1449.0327    32.4641  38.6053  40.9008  33.8163  

 finished @ Mon Aug 18 20:13:33 2025
 Total Time:     1438.883 sec. [user]     1438.882 sec. [elapsed]
