
VVCSoftware: VTM Encoder Version 23.11 [Windows][VS 1944][64 bit] [SIMD=AVX2] 

TOOL CFG: IBD:1 HAD:1 RDQ:0 RDQTS:0 LQP:0 SQP:0 ASR:1 MinSearchWindow:96 RestrictMESampling:0 FEN:1 ECU:0 FDM:1 ESD:0 TransformSkip:1 TransformSkipFast:1 TransformSkipLog2MaxSize:5 ChromaTS:1 BDPCM:0 Tiles: 1x1 Slices: 1 MCTS:0 SAO:1 ALF:1 CCALF:1 MaxNumALFAPS 8 AlfapsIDShift 0 ConstantJointCbCrSignFlagWPP:0 WPB:0 PME:2  WaveFrontSynchro:0 WaveFrontSubstreams:1 ScalingList:0 TMVPMode:1  DQ:0  SignBitHidingFlag:0 RecalQP:0 
TOOL CFG: LFNST:1 MMVD:1 Affine:1 AffineType:1 AdaptBypassAffineMe:0 PROF:1 SbTMVP:1 DualITree:1 IMV:1 BIO:1 LMChroma:1 HorCollocatedChroma:1 VerCollocatedChroma:0 MTS:1(explicit intra) SBT:1 ISP:1 SMVD:1 CompositeLTReference:0 Bcw:1 BcwFast:1 LADF:0 CIIP:1 Geo:1 AllowDisFracMMVD:1 AffineAmvr:1 AffineAmvrEncOpt:1 AffineAmvp:1 DMVR:1 MmvdDisNum:6 JointCbCr:1 ACT:0 PLT:0 IBC:0 HashME:0 WrapAround:0 VirtualBoundariesEnabledFlag:0 VirtualBoundariesPresentInSPSFlag:1 vertical virtual boundaries:[ ] horizontal virtual boundaries:[ ] Reshape:1 (Signal:SDR Opt:0 CSoffset:6) MRL:1 MIP:1 EncDbOpt:1 AlfLambdaOpt:0 
FAST TOOL CFG: LCTUFast:1 FastMrg:1 MaxMergeRdCandNumTotal:7 MergeRdCandQuotaRegular:4 MergeRdCandQuotaRegularSmallBlk:4 MergeRdCandQuotaSubBlk:2 MergeRdCandQuotaCiip:1 MergeRdCandQuotaGpm:8 PBIntraFast:1 IMV4PelFast:1 MTSMaxCand: 4(intra) 4(inter) ISPFast:0 FastLFNST:0 AMaxBT:1 E0023FastEnc:1 ContentBasedFastQtbt:0 UseNonLinearAlfLuma:1 UseNonLinearAlfChroma:1 MaxNumAlfAlternativesChroma:8 FastMIP:0 TTFastSkip:31 TTFastSkipThr:1.075 FastLocalDualTree:1 RPR:0 TemporalFilter:4/4 SEI CTI:0 BIM:0 SEI FGC:0 SEI processing Order:0 DPF:0 


 started @ Mon Aug 18 17:35:50 2025
POC    0 LId:  0 TId: 0 ( IDR_N_LP, I-SLICE, QP 19 )     252392 bits [Y 42.5999 dB    U 44.3200 dB    V 46.4071 dB] [ET    18 ] [L0] [L1]
POC   32 LId:  0 TId: 0 ( TRAIL, B-SLICE, QP 21 )     147944 bits [Y 40.4369 dB    U 42.6200 dB    V 43.8200 dB] [ET    46 ] [L0 0] [L1 0c]
POC   16 LId:  0 TId: 1 ( STSA, B-SLICE, QP 22 )      90104 bits [Y 39.1388 dB    U 41.7469 dB    V 44.1607 dB] [ET    36 ] [L0 0 32] [L1 32c]
POC    8 LId:  0 TId: 2 ( TRAIL, B-SLICE, QP 23 )      55904 bits [Y 39.0829 dB    U 42.1983 dB    V 44.2423 dB] [ET    32 ] [L0 0 16 32] [L1 16c 32]
POC    4 LId:  0 TId: 3 ( TRAIL, B-SLICE, QP 26 )      24768 bits [Y 38.7929 dB    U 42.3624 dB    V 44.5719 dB] [ET    26 ] [L0 0 8 16] [L1 8c 16 32]
POC    2 LId:  0 TId: 4 ( TRAIL, B-SLICE, QP 28 )      11808 bits [Y 38.9659 dB    U 42.9518 dB    V 45.0621 dB] [ET    17 ] [L0 0 4 8] [L1 4c 8 16 32]
POC    1 LId:  0 TId: 5 ( TRAIL, B-SLICE, QP 29 )       5192 bits [Y 39.7189 dB    U 43.3374 dB    V 45.5783 dB] [ET     8 ] [L0 0] [L1 2c 4]
POC    3 LId:  0 TId: 5 ( TRAIL, B-SLICE, QP 29 )       5512 bits [Y 38.4953 dB    U 42.5004 dB    V 44.6365 dB] [ET     9 ] [L0 2c 0] [L1 4 8]
POC    6 LId:  0 TId: 4 ( TRAIL, B-SLICE, QP 28 )      10704 bits [Y 38.0411 dB    U 41.9625 dB    V 43.9732 dB] [ET    15 ] [L0 4c 2 0] [L1 8 16 32]
POC    5 LId:  0 TId: 5 ( TRAIL, B-SLICE, QP 29 )       4600 bits [Y 38.0426 dB    U 42.0814 dB    V 44.1581 dB] [ET     8 ] [L0 4 0] [L1 6c 8]
POC    7 LId:  0 TId: 5 ( TRAIL, B-SLICE, QP 29 )       4880 bits [Y 38.1100 dB    U 41.9671 dB    V 44.1085 dB] [ET     9 ] [L0 6c 4] [L1 8 16]
POC   12 LId:  0 TId: 3 ( TRAIL, B-SLICE, QP 26 )      27968 bits [Y 38.4722 dB    U 41.6218 dB    V 43.9360 dB] [ET    20 ] [L0 8c 4 0] [L1 16 32]
POC   10 LId:  0 TId: 4 ( TRAIL, B-SLICE, QP 28 )      11384 bits [Y 37.9895 dB    U 41.5345 dB    V 43.8914 dB] [ET    15 ] [L0 8 6 4 0] [L1 12c 16 32]
POC    9 LId:  0 TId: 5 ( TRAIL, B-SLICE, QP 29 )       5208 bits [Y 38.0212 dB    U 41.6964 dB    V 44.0968 dB] [ET     9 ] [L0 8 4] [L1 10c 12]
POC   11 LId:  0 TId: 5 ( TRAIL, B-SLICE, QP 29 )       6248 bits [Y 37.7515 dB    U 41.4111 dB    V 43.8529 dB] [ET    11 ] [L0 10c 8] [L1 12 16]
POC   14 LId:  0 TId: 4 ( TRAIL, B-SLICE, QP 28 )      12664 bits [Y 38.0061 dB    U 41.3836 dB    V 43.7550 dB] [ET    14 ] [L0 12c 10 8 0] [L1 16 32]
POC   13 LId:  0 TId: 5 ( TRAIL, B-SLICE, QP 29 )       6624 bits [Y 37.8041 dB    U 41.4194 dB    V 43.7185 dB] [ET    10 ] [L0 12 8] [L1 14c 16]
POC   15 LId:  0 TId: 5 ( TRAIL, B-SLICE, QP 29 )       5992 bits [Y 38.0529 dB    U 41.5880 dB    V 43.9407 dB] [ET    10 ] [L0 14c 12] [L1 16 32]
POC   24 LId:  0 TId: 2 ( TRAIL, B-SLICE, QP 23 )      68520 bits [Y 38.9132 dB    U 41.5118 dB    V 43.5061 dB] [ET    31 ] [L0 16c 8 0] [L1 32]
POC   20 LId:  0 TId: 3 ( TRAIL, B-SLICE, QP 26 )      33616 bits [Y 38.1252 dB    U 40.7434 dB    V 43.3583 dB] [ET    23 ] [L0 16 8 0] [L1 24c 32]
POC   18 LId:  0 TId: 4 ( TRAIL, B-SLICE, QP 28 )      13512 bits [Y 37.8051 dB    U 41.2060 dB    V 43.6569 dB] [ET    15 ] [L0 16 8 0] [L1 20c 24 32]
POC   17 LId:  0 TId: 5 ( TRAIL, B-SLICE, QP 29 )       5504 bits [Y 38.0001 dB    U 41.4719 dB    V 43.9788 dB] [ET     9 ] [L0 16 8] [L1 18c 20]
POC   19 LId:  0 TId: 5 ( TRAIL, B-SLICE, QP 29 )       6568 bits [Y 37.5882 dB    U 40.8888 dB    V 43.4677 dB] [ET    10 ] [L0 18c 16] [L1 20 24]
POC   22 LId:  0 TId: 4 ( TRAIL, B-SLICE, QP 28 )      15312 bits [Y 37.5951 dB    U 40.2665 dB    V 43.1311 dB] [ET    17 ] [L0 20c 16 0] [L1 24 32 18]
POC   21 LId:  0 TId: 5 ( TRAIL, B-SLICE, QP 29 )       6048 bits [Y 37.4486 dB    U 40.5886 dB    V 43.3148 dB] [ET     9 ] [L0 20 16] [L1 22c 24]
POC   23 LId:  0 TId: 5 ( TRAIL, B-SLICE, QP 29 )       6912 bits [Y 37.7551 dB    U 40.5226 dB    V 43.4378 dB] [ET    13 ] [L0 22c 20] [L1 24 32]
POC   28 LId:  0 TId: 3 ( TRAIL, B-SLICE, QP 26 )      43168 bits [Y 38.4011 dB    U 41.3148 dB    V 42.8097 dB] [ET    27 ] [L0 24c 20 16 0] [L1 32]
POC   26 LId:  0 TId: 4 ( TRAIL, B-SLICE, QP 28 )      21424 bits [Y 37.7700 dB    U 40.9169 dB    V 42.9666 dB] [ET    19 ] [L0 24 20 16 0] [L1 28c 32]
POC   25 LId:  0 TId: 5 ( TRAIL, B-SLICE, QP 29 )      10464 bits [Y 37.8416 dB    U 41.0527 dB    V 43.1761 dB] [ET    12 ] [L0 24 20] [L1 26c 28]
POC   27 LId:  0 TId: 5 ( TRAIL, B-SLICE, QP 29 )      14536 bits [Y 37.5361 dB    U 40.8294 dB    V 42.5620 dB] [ET    13 ] [L0 26c 24] [L1 28 32]
POC   30 LId:  0 TId: 4 ( TRAIL, B-SLICE, QP 28 )      26232 bits [Y 37.7530 dB    U 41.0559 dB    V 42.1651 dB] [ET    23 ] [L0 28c 24 16 0] [L1 32]
POC   29 LId:  0 TId: 5 ( TRAIL, B-SLICE, QP 29 )      16968 bits [Y 37.4427 dB    U 40.9413 dB    V 42.1218 dB] [ET    15 ] [L0 28 24] [L1 30c 32]
POC   31 LId:  0 TId: 5 ( TRAIL, B-SLICE, QP 29 )      15816 bits [Y 37.8947 dB    U 41.4807 dB    V 42.6310 dB] [ET    15 ] [L0 30c 28] [L1 32]

LayerId  0
	Total Frames |  Bitrate      Y-PSNR   U-PSNR   V-PSNR   YUV-PSNR 
	33           a  1506.8121    38.3452  41.6210  43.7635  39.2594  

 finished @ Mon Aug 18 17:45:17 2025
 Total Time:      566.508 sec. [user]      566.508 sec. [elapsed]
