
VVCSoftware: VTM Encoder Version 23.11 [Windows][VS 1944][64 bit] [SIMD=AVX2] 

TOOL CFG: IBD:1 HAD:1 RDQ:1 RDQTS:1 LQP:0 SQP:0 ASR:1 MinSearchWindow:96 RestrictMESampling:0 FEN:1 ECU:0 FDM:1 ESD:0 TransformSkip:1 TransformSkipFast:1 TransformSkipLog2MaxSize:5 ChromaTS:1 BDPCM:0 Tiles: 1x1 Slices: 1 MCTS:0 SAO:1 ALF:0 CCALF:0 MaxNumALFAPS 8 AlfapsIDShift 0 ConstantJointCbCrSignFlagWPP:0 WPB:0 PME:2  WaveFrontSynchro:0 WaveFrontSubstreams:1 ScalingList:0 TMVPMode:1  DQ:1  SignBitHidingFlag:0 RecalQP:0 
TOOL CFG: LFNST:1 MMVD:1 Affine:1 AffineType:1 AdaptBypassAffineMe:0 PROF:1 SbTMVP:1 DualITree:1 IMV:1 BIO:1 LMChroma:1 HorCollocatedChroma:1 VerCollocatedChroma:0 MTS:1(explicit intra) SBT:1 ISP:1 SMVD:1 CompositeLTReference:0 Bcw:1 BcwFast:1 LADF:0 CIIP:1 Geo:1 AllowDisFracMMVD:1 AffineAmvr:1 AffineAmvrEncOpt:1 AffineAmvp:1 DMVR:1 MmvdDisNum:6 JointCbCr:1 ACT:0 PLT:0 IBC:0 HashME:0 WrapAround:0 VirtualBoundariesEnabledFlag:0 VirtualBoundariesPresentInSPSFlag:1 vertical virtual boundaries:[ ] horizontal virtual boundaries:[ ] Reshape:1 (Signal:SDR Opt:0 CSoffset:6) MRL:1 MIP:1 EncDbOpt:1 AlfLambdaOpt:0 
FAST TOOL CFG: LCTUFast:1 FastMrg:1 MaxMergeRdCandNumTotal:7 MergeRdCandQuotaRegular:4 MergeRdCandQuotaRegularSmallBlk:4 MergeRdCandQuotaSubBlk:2 MergeRdCandQuotaCiip:1 MergeRdCandQuotaGpm:8 PBIntraFast:1 IMV4PelFast:1 MTSMaxCand: 4(intra) 4(inter) ISPFast:0 FastLFNST:0 AMaxBT:1 E0023FastEnc:1 ContentBasedFastQtbt:0 UseNonLinearAlfLuma:1 UseNonLinearAlfChroma:1 MaxNumAlfAlternativesChroma:8 FastMIP:0 TTFastSkip:31 TTFastSkipThr:1.075 FastLocalDualTree:1 RPR:0 TemporalFilter:4/4 SEI CTI:0 BIM:0 SEI FGC:0 SEI processing Order:0 DPF:0 


 started @ Mon Aug 18 17:37:24 2025
POC    0 LId:  0 TId: 0 ( IDR_N_LP, I-SLICE, QP 34 )     162752 bits [Y 33.1795 dB    U 33.1261 dB    V 34.0537 dB] [ET    62 ] [L0] [L1]
POC   32 LId:  0 TId: 0 ( TRAIL, B-SLICE, QP 36 )     101424 bits [Y 32.2658 dB    U 32.8045 dB    V 33.5493 dB] [ET   120 ] [L0 0] [L1 0c]
POC   16 LId:  0 TId: 1 ( STSA, B-SLICE, QP 40 )      55376 bits [Y 31.1135 dB    U 32.1971 dB    V 32.9236 dB] [ET    99 ] [L0 0 32] [L1 32c]
POC    8 LId:  0 TId: 2 ( TRAIL, B-SLICE, QP 41 )      49640 bits [Y 30.6464 dB    U 31.9095 dB    V 32.4329 dB] [ET    97 ] [L0 0 16 32] [L1 16c 32]
POC    4 LId:  0 TId: 3 ( TRAIL, B-SLICE, QP 43 )      37480 bits [Y 30.3147 dB    U 31.5958 dB    V 31.9967 dB] [ET    82 ] [L0 0 8 16] [L1 8c 16 32]
POC    2 LId:  0 TId: 4 ( TRAIL, B-SLICE, QP 45 )      20256 bits [Y 30.2191 dB    U 31.3938 dB    V 32.1451 dB] [ET    55 ] [L0 0 4 8] [L1 4c 8 16 32]
POC    1 LId:  0 TId: 5 ( TRAIL, B-SLICE, QP 46 )      14800 bits [Y 30.2348 dB    U 31.0783 dB    V 31.8983 dB] [ET    33 ] [L0 0] [L1 2c 4]
POC    3 LId:  0 TId: 5 ( TRAIL, B-SLICE, QP 46 )      16312 bits [Y 29.6843 dB    U 30.9081 dB    V 31.1742 dB] [ET    37 ] [L0 2c 0] [L1 4 8]
POC    6 LId:  0 TId: 4 ( TRAIL, B-SLICE, QP 45 )      27704 bits [Y 29.2553 dB    U 30.6647 dB    V 31.2266 dB] [ET    78 ] [L0 4c 2 0] [L1 8 16 32]
POC    5 LId:  0 TId: 5 ( TRAIL, B-SLICE, QP 46 )      18312 bits [Y 29.0360 dB    U 30.4838 dB    V 30.6513 dB] [ET    44 ] [L0 4 0] [L1 6c 8]
POC    7 LId:  0 TId: 5 ( TRAIL, B-SLICE, QP 46 )      20632 bits [Y 28.9928 dB    U 30.3641 dB    V 30.8466 dB] [ET    47 ] [L0 6c 4] [L1 8 16]
POC   12 LId:  0 TId: 3 ( TRAIL, B-SLICE, QP 43 )      37272 bits [Y 30.1938 dB    U 31.4806 dB    V 32.0977 dB] [ET    85 ] [L0 8c 4 0] [L1 16 32]
POC   10 LId:  0 TId: 4 ( TRAIL, B-SLICE, QP 45 )      24544 bits [Y 29.7685 dB    U 30.9118 dB    V 31.5568 dB] [ET    65 ] [L0 8 6 4 0] [L1 12c 16 32]
POC    9 LId:  0 TId: 5 ( TRAIL, B-SLICE, QP 46 )      18960 bits [Y 29.2844 dB    U 30.7487 dB    V 31.0277 dB] [ET    47 ] [L0 8 4] [L1 10c 12]
POC   11 LId:  0 TId: 5 ( TRAIL, B-SLICE, QP 46 )      18352 bits [Y 29.2828 dB    U 30.5086 dB    V 30.7730 dB] [ET    45 ] [L0 10c 8] [L1 12 16]
POC   14 LId:  0 TId: 4 ( TRAIL, B-SLICE, QP 45 )      29144 bits [Y 29.1583 dB    U 30.8311 dB    V 31.1418 dB] [ET    65 ] [L0 12c 10 8 0] [L1 16 32]
POC   13 LId:  0 TId: 5 ( TRAIL, B-SLICE, QP 46 )      18488 bits [Y 28.8441 dB    U 30.2075 dB    V 30.5578 dB] [ET    43 ] [L0 12 8] [L1 14c 16]
POC   15 LId:  0 TId: 5 ( TRAIL, B-SLICE, QP 46 )      20440 bits [Y 29.0680 dB    U 30.3983 dB    V 30.8680 dB] [ET    46 ] [L0 14c 12] [L1 16 32]
POC   24 LId:  0 TId: 2 ( TRAIL, B-SLICE, QP 41 )      45736 bits [Y 30.7724 dB    U 31.8275 dB    V 32.1832 dB] [ET    73 ] [L0 16c 8 0] [L1 32]
POC   20 LId:  0 TId: 3 ( TRAIL, B-SLICE, QP 43 )      29008 bits [Y 30.7877 dB    U 31.6353 dB    V 32.5087 dB] [ET    79 ] [L0 16 8 0] [L1 24c 32]
POC   18 LId:  0 TId: 4 ( TRAIL, B-SLICE, QP 45 )      22656 bits [Y 30.0091 dB    U 31.1947 dB    V 31.7603 dB] [ET    62 ] [L0 16 8 0] [L1 20c 24 32]
POC   17 LId:  0 TId: 5 ( TRAIL, B-SLICE, QP 46 )      18008 bits [Y 29.5228 dB    U 30.7617 dB    V 31.3003 dB] [ET    45 ] [L0 16 8] [L1 18c 20]
POC   19 LId:  0 TId: 5 ( TRAIL, B-SLICE, QP 46 )      15192 bits [Y 29.8710 dB    U 31.0398 dB    V 31.4168 dB] [ET    36 ] [L0 18c 16] [L1 20 24]
POC   22 LId:  0 TId: 4 ( TRAIL, B-SLICE, QP 45 )      22376 bits [Y 29.7843 dB    U 31.2207 dB    V 31.4959 dB] [ET    64 ] [L0 20c 16 0] [L1 24 32 18]
POC   21 LId:  0 TId: 5 ( TRAIL, B-SLICE, QP 46 )      13744 bits [Y 29.8053 dB    U 31.1190 dB    V 31.3077 dB] [ET    35 ] [L0 20 16] [L1 22c 24]
POC   23 LId:  0 TId: 5 ( TRAIL, B-SLICE, QP 46 )      16224 bits [Y 29.4835 dB    U 30.8768 dB    V 30.7824 dB] [ET    40 ] [L0 22c 20] [L1 24 32]
POC   28 LId:  0 TId: 3 ( TRAIL, B-SLICE, QP 43 )      31608 bits [Y 30.4089 dB    U 31.8355 dB    V 32.3669 dB] [ET    81 ] [L0 24c 20 16 0] [L1 32]
POC   26 LId:  0 TId: 4 ( TRAIL, B-SLICE, QP 45 )      26648 bits [Y 29.3760 dB    U 31.0355 dB    V 31.2532 dB] [ET    70 ] [L0 24 20 16 0] [L1 28c 32]
POC   25 LId:  0 TId: 5 ( TRAIL, B-SLICE, QP 46 )      19872 bits [Y 29.0247 dB    U 30.7270 dB    V 30.4470 dB] [ET    48 ] [L0 24 20] [L1 26c 28]
POC   27 LId:  0 TId: 5 ( TRAIL, B-SLICE, QP 46 )      18544 bits [Y 29.4008 dB    U 30.6637 dB    V 31.0412 dB] [ET    45 ] [L0 26c 24] [L1 28 32]
POC   30 LId:  0 TId: 4 ( TRAIL, B-SLICE, QP 45 )      25984 bits [Y 29.4534 dB    U 30.7973 dB    V 31.3115 dB] [ET    65 ] [L0 28c 24 16 0] [L1 32]
POC   29 LId:  0 TId: 5 ( TRAIL, B-SLICE, QP 46 )      16816 bits [Y 29.5627 dB    U 30.5521 dB    V 31.0346 dB] [ET    42 ] [L0 28 24] [L1 30c 32]
POC   31 LId:  0 TId: 5 ( TRAIL, B-SLICE, QP 46 )      18632 bits [Y 29.2245 dB    U 30.3452 dB    V 30.8070 dB] [ET    43 ] [L0 30c 28] [L1 32]

LayerId  0
	Total Frames |  Bitrate      Y-PSNR   U-PSNR   V-PSNR   YUV-PSNR 
	33           a  1565.0545    29.9100  31.1286  31.5739  30.2571  

 finished @ Mon Aug 18 18:10:23 2025
 Total Time:     1979.317 sec. [user]     1979.317 sec. [elapsed]
