
VVCSoftware: VTM Encoder Version 23.11 [Windows][VS 1944][64 bit] [SIMD=AVX2] 

TOOL CFG: IBD:1 HAD:1 RDQ:1 RDQTS:1 LQP:0 SQP:0 ASR:1 MinSearchWindow:96 RestrictMESampling:0 FEN:1 ECU:0 FDM:1 ESD:0 TransformSkip:1 TransformSkipFast:1 TransformSkipLog2MaxSize:5 ChromaTS:1 BDPCM:0 Tiles: 1x1 Slices: 1 MCTS:0 SAO:0 ALF:1 CCALF:1 MaxNumALFAPS 8 AlfapsIDShift 0 ConstantJointCbCrSignFlagWPP:0 WPB:0 PME:2  WaveFrontSynchro:0 WaveFrontSubstreams:1 ScalingList:0 TMVPMode:1  DQ:1  SignBitHidingFlag:0 RecalQP:0 
TOOL CFG: LFNST:1 MMVD:1 Affine:1 AffineType:1 AdaptBypassAffineMe:0 PROF:1 SbTMVP:1 DualITree:1 IMV:1 BIO:1 LMChroma:1 HorCollocatedChroma:1 VerCollocatedChroma:0 MTS:1(explicit intra) SBT:1 ISP:1 SMVD:1 CompositeLTReference:0 Bcw:1 BcwFast:1 LADF:0 CIIP:1 Geo:1 AllowDisFracMMVD:1 AffineAmvr:1 AffineAmvrEncOpt:1 AffineAmvp:1 DMVR:1 MmvdDisNum:6 JointCbCr:1 ACT:0 PLT:0 IBC:0 HashME:0 WrapAround:0 VirtualBoundariesEnabledFlag:0 VirtualBoundariesPresentInSPSFlag:1 vertical virtual boundaries:[ ] horizontal virtual boundaries:[ ] Reshape:1 (Signal:SDR Opt:0 CSoffset:6) MRL:1 MIP:1 EncDbOpt:1 AlfLambdaOpt:0 
FAST TOOL CFG: LCTUFast:1 FastMrg:1 MaxMergeRdCandNumTotal:7 MergeRdCandQuotaRegular:4 MergeRdCandQuotaRegularSmallBlk:4 MergeRdCandQuotaSubBlk:2 MergeRdCandQuotaCiip:1 MergeRdCandQuotaGpm:8 PBIntraFast:1 IMV4PelFast:1 MTSMaxCand: 4(intra) 4(inter) ISPFast:0 FastLFNST:0 AMaxBT:1 E0023FastEnc:1 ContentBasedFastQtbt:0 UseNonLinearAlfLuma:1 UseNonLinearAlfChroma:1 MaxNumAlfAlternativesChroma:8 FastMIP:0 TTFastSkip:31 TTFastSkipThr:1.075 FastLocalDualTree:1 RPR:0 TemporalFilter:4/4 SEI CTI:0 BIM:0 SEI FGC:0 SEI processing Order:0 DPF:0 


 started @ Mon Aug 18 17:41:21 2025
POC    0 LId:  0 TId: 0 ( IDR_N_LP, I-SLICE, QP 29 )     297864 bits [Y 36.5841 dB    U 36.7216 dB    V 37.1974 dB] [ET    90 ] [L0] [L1]
POC   32 LId:  0 TId: 0 ( TRAIL, B-SLICE, QP 31 )     175696 bits [Y 35.6501 dB    U 35.9499 dB    V 36.4663 dB] [ET   151 ] [L0 0] [L1 0c]
POC   16 LId:  0 TId: 1 ( STSA, B-SLICE, QP 34 )     106416 bits [Y 34.6727 dB    U 34.7580 dB    V 35.3581 dB] [ET   120 ] [L0 0 32] [L1 32c]
POC    8 LId:  0 TId: 2 ( TRAIL, B-SLICE, QP 35 )      96256 bits [Y 34.2555 dB    U 34.3496 dB    V 34.8396 dB] [ET   121 ] [L0 0 16 32] [L1 16c 32]
POC    4 LId:  0 TId: 3 ( TRAIL, B-SLICE, QP 38 )      67952 bits [Y 33.7025 dB    U 34.1498 dB    V 34.5299 dB] [ET   108 ] [L0 0 8 16] [L1 8c 16 32]
POC    2 LId:  0 TId: 4 ( TRAIL, B-SLICE, QP 40 )      41512 bits [Y 33.3454 dB    U 34.1838 dB    V 34.8057 dB] [ET    85 ] [L0 0 4 8] [L1 4c 8 16 32]
POC    1 LId:  0 TId: 5 ( TRAIL, B-SLICE, QP 41 )      30288 bits [Y 33.1368 dB    U 33.9369 dB    V 34.5313 dB] [ET    54 ] [L0 0] [L1 2c 4]
POC    3 LId:  0 TId: 5 ( TRAIL, B-SLICE, QP 41 )      33496 bits [Y 32.6384 dB    U 33.6522 dB    V 33.9238 dB] [ET    60 ] [L0 2c 0] [L1 4 8]
POC    6 LId:  0 TId: 4 ( TRAIL, B-SLICE, QP 40 )      55512 bits [Y 32.2795 dB    U 33.5022 dB    V 33.9196 dB] [ET   108 ] [L0 4c 2 0] [L1 8 16 32]
POC    5 LId:  0 TId: 5 ( TRAIL, B-SLICE, QP 41 )      39792 bits [Y 32.0302 dB    U 33.1478 dB    V 33.3244 dB] [ET    73 ] [L0 4 0] [L1 6c 8]
POC    7 LId:  0 TId: 5 ( TRAIL, B-SLICE, QP 41 )      42824 bits [Y 31.9741 dB    U 33.1456 dB    V 33.2636 dB] [ET    82 ] [L0 6c 4] [L1 8 16]
POC   12 LId:  0 TId: 3 ( TRAIL, B-SLICE, QP 38 )      70104 bits [Y 33.5183 dB    U 34.0107 dB    V 34.6268 dB] [ET    86 ] [L0 8c 4 0] [L1 16 32]
POC   10 LId:  0 TId: 4 ( TRAIL, B-SLICE, QP 40 )      48296 bits [Y 32.7996 dB    U 33.5889 dB    V 34.2376 dB] [ET    75 ] [L0 8 6 4 0] [L1 12c 16 32]
POC    9 LId:  0 TId: 5 ( TRAIL, B-SLICE, QP 41 )      38760 bits [Y 32.3118 dB    U 33.3815 dB    V 33.6554 dB] [ET    72 ] [L0 8 4] [L1 10c 12]
POC   11 LId:  0 TId: 5 ( TRAIL, B-SLICE, QP 41 )      40304 bits [Y 32.2753 dB    U 33.2814 dB    V 33.6988 dB] [ET    70 ] [L0 10c 8] [L1 12 16]
POC   14 LId:  0 TId: 4 ( TRAIL, B-SLICE, QP 40 )      58632 bits [Y 32.3908 dB    U 33.6357 dB    V 33.9311 dB] [ET    78 ] [L0 12c 10 8 0] [L1 16 32]
POC   13 LId:  0 TId: 5 ( TRAIL, B-SLICE, QP 41 )      40448 bits [Y 31.8830 dB    U 33.0263 dB    V 33.1911 dB] [ET    69 ] [L0 12 8] [L1 14c 16]
POC   15 LId:  0 TId: 5 ( TRAIL, B-SLICE, QP 41 )      42240 bits [Y 32.1699 dB    U 32.9721 dB    V 33.5391 dB] [ET    77 ] [L0 14c 12] [L1 16 32]
POC   24 LId:  0 TId: 2 ( TRAIL, B-SLICE, QP 35 )      86864 bits [Y 34.3390 dB    U 34.3419 dB    V 34.6395 dB] [ET   104 ] [L0 16c 8 0] [L1 32]
POC   20 LId:  0 TId: 3 ( TRAIL, B-SLICE, QP 38 )      53296 bits [Y 33.9604 dB    U 33.8457 dB    V 34.9054 dB] [ET    79 ] [L0 16 8 0] [L1 24c 32]
POC   18 LId:  0 TId: 4 ( TRAIL, B-SLICE, QP 40 )      44552 bits [Y 33.2056 dB    U 33.9420 dB    V 34.6199 dB] [ET    68 ] [L0 16 8 0] [L1 20c 24 32]
POC   17 LId:  0 TId: 5 ( TRAIL, B-SLICE, QP 41 )      36480 bits [Y 32.4366 dB    U 33.3499 dB    V 33.9094 dB] [ET    77 ] [L0 16 8] [L1 18c 20]
POC   19 LId:  0 TId: 5 ( TRAIL, B-SLICE, QP 41 )      30984 bits [Y 32.9388 dB    U 33.6211 dB    V 34.0565 dB] [ET    61 ] [L0 18c 16] [L1 20 24]
POC   22 LId:  0 TId: 4 ( TRAIL, B-SLICE, QP 40 )      44352 bits [Y 32.6558 dB    U 33.4936 dB    V 34.1653 dB] [ET    93 ] [L0 20c 16 0] [L1 24 32 18]
POC   21 LId:  0 TId: 5 ( TRAIL, B-SLICE, QP 41 )      29968 bits [Y 32.7708 dB    U 33.5964 dB    V 34.0686 dB] [ET    66 ] [L0 20 16] [L1 22c 24]
POC   23 LId:  0 TId: 5 ( TRAIL, B-SLICE, QP 41 )      33720 bits [Y 32.5048 dB    U 33.3458 dB    V 33.3833 dB] [ET    65 ] [L0 22c 20] [L1 24 32]
POC   28 LId:  0 TId: 3 ( TRAIL, B-SLICE, QP 38 )      59184 bits [Y 33.6648 dB    U 34.2596 dB    V 34.7674 dB] [ET    82 ] [L0 24c 20 16 0] [L1 32]
POC   26 LId:  0 TId: 4 ( TRAIL, B-SLICE, QP 40 )      52912 bits [Y 32.4055 dB    U 33.8266 dB    V 33.9572 dB] [ET    79 ] [L0 24 20 16 0] [L1 28c 32]
POC   25 LId:  0 TId: 5 ( TRAIL, B-SLICE, QP 41 )      41800 bits [Y 31.9240 dB    U 33.2207 dB    V 33.1009 dB] [ET    79 ] [L0 24 20] [L1 26c 28]
POC   27 LId:  0 TId: 5 ( TRAIL, B-SLICE, QP 41 )      38424 bits [Y 32.3911 dB    U 33.4300 dB    V 33.5726 dB] [ET    71 ] [L0 26c 24] [L1 28 32]
POC   30 LId:  0 TId: 4 ( TRAIL, B-SLICE, QP 40 )      53064 bits [Y 32.5429 dB    U 33.4127 dB    V 33.9311 dB] [ET    73 ] [L0 28c 24 16 0] [L1 32]
POC   29 LId:  0 TId: 5 ( TRAIL, B-SLICE, QP 41 )      35408 bits [Y 32.5400 dB    U 33.2484 dB    V 33.6494 dB] [ET    68 ] [L0 28 24] [L1 30c 32]
POC   31 LId:  0 TId: 5 ( TRAIL, B-SLICE, QP 41 )      40376 bits [Y 32.1296 dB    U 33.0632 dB    V 33.4737 dB] [ET    69 ] [L0 30c 28] [L1 32]

LayerId  0
	Total Frames |  Bitrate      Y-PSNR   U-PSNR   V-PSNR   YUV-PSNR 
	33           a  3042.0848    33.0311  33.7997  34.2194  33.2281  

 finished @ Mon Aug 18 18:26:35 2025
 Total Time:     2713.890 sec. [user]     2713.889 sec. [elapsed]
