
VVCSoftware: VTM Encoder Version 23.11 [Windows][VS 1944][64 bit] [SIMD=AVX2] 

TOOL CFG: IBD:1 HAD:1 RDQ:1 RDQTS:1 LQP:0 SQP:0 ASR:1 MinSearchWindow:96 RestrictMESampling:0 FEN:1 ECU:0 FDM:1 ESD:0 TransformSkip:1 TransformSkipFast:1 TransformSkipLog2MaxSize:5 ChromaTS:1 BDPCM:0 Tiles: 1x1 Slices: 1 MCTS:0 SAO:1 ALF:0 CCALF:0 MaxNumALFAPS 8 AlfapsIDShift 0 ConstantJointCbCrSignFlagWPP:0 WPB:0 PME:2  WaveFrontSynchro:0 WaveFrontSubstreams:1 ScalingList:0 TMVPMode:1  DQ:1  SignBitHidingFlag:0 RecalQP:0 
TOOL CFG: LFNST:1 MMVD:1 Affine:1 AffineType:1 AdaptBypassAffineMe:0 PROF:1 SbTMVP:1 DualITree:1 IMV:1 BIO:1 LMChroma:1 HorCollocatedChroma:1 VerCollocatedChroma:0 MTS:1(explicit intra) SBT:1 ISP:1 SMVD:1 CompositeLTReference:0 Bcw:1 BcwFast:1 LADF:0 CIIP:1 Geo:1 AllowDisFracMMVD:1 AffineAmvr:1 AffineAmvrEncOpt:1 AffineAmvp:1 DMVR:1 MmvdDisNum:6 JointCbCr:1 ACT:0 PLT:0 IBC:0 HashME:0 WrapAround:0 VirtualBoundariesEnabledFlag:0 VirtualBoundariesPresentInSPSFlag:1 vertical virtual boundaries:[ ] horizontal virtual boundaries:[ ] Reshape:1 (Signal:SDR Opt:0 CSoffset:6) MRL:1 MIP:1 EncDbOpt:1 AlfLambdaOpt:0 
FAST TOOL CFG: LCTUFast:1 FastMrg:1 MaxMergeRdCandNumTotal:7 MergeRdCandQuotaRegular:4 MergeRdCandQuotaRegularSmallBlk:4 MergeRdCandQuotaSubBlk:2 MergeRdCandQuotaCiip:1 MergeRdCandQuotaGpm:8 PBIntraFast:1 IMV4PelFast:1 MTSMaxCand: 4(intra) 4(inter) ISPFast:0 FastLFNST:0 AMaxBT:1 E0023FastEnc:1 ContentBasedFastQtbt:0 UseNonLinearAlfLuma:1 UseNonLinearAlfChroma:1 MaxNumAlfAlternativesChroma:8 FastMIP:0 TTFastSkip:31 TTFastSkipThr:1.075 FastLocalDualTree:1 RPR:0 TemporalFilter:4/4 SEI CTI:0 BIM:0 SEI FGC:0 SEI processing Order:0 DPF:0 


 started @ Mon Aug 18 17:46:39 2025
POC    0 LId:  0 TId: 0 ( IDR_N_LP, I-SLICE, QP 24 )     510136 bits [Y 39.7137 dB    U 39.8113 dB    V 39.9476 dB] [ET   115 ] [L0] [L1]
POC   32 LId:  0 TId: 0 ( TRAIL, B-SLICE, QP 26 )     304360 bits [Y 38.7628 dB    U 39.0310 dB    V 39.3676 dB] [ET   180 ] [L0 0] [L1 0c]
POC   16 LId:  0 TId: 1 ( STSA, B-SLICE, QP 28 )     212032 bits [Y 37.9753 dB    U 38.2127 dB    V 38.6563 dB] [ET   166 ] [L0 0 32] [L1 32c]
POC    8 LId:  0 TId: 2 ( TRAIL, B-SLICE, QP 29 )     194840 bits [Y 37.6854 dB    U 37.7865 dB    V 38.2065 dB] [ET   164 ] [L0 0 16 32] [L1 16c 32]
POC    4 LId:  0 TId: 3 ( TRAIL, B-SLICE, QP 32 )     127824 bits [Y 37.4027 dB    U 36.8644 dB    V 37.0963 dB] [ET   124 ] [L0 0 8 16] [L1 8c 16 32]
POC    2 LId:  0 TId: 4 ( TRAIL, B-SLICE, QP 34 )      78784 bits [Y 36.9096 dB    U 36.3185 dB    V 36.8478 dB] [ET   103 ] [L0 0 4 8] [L1 4c 8 16 32]
POC    1 LId:  0 TId: 5 ( TRAIL, B-SLICE, QP 36 )      55496 bits [Y 36.0952 dB    U 35.8340 dB    V 36.3688 dB] [ET    66 ] [L0 0] [L1 2c 4]
POC    3 LId:  0 TId: 5 ( TRAIL, B-SLICE, QP 36 )      63584 bits [Y 35.9154 dB    U 35.7502 dB    V 35.8671 dB] [ET    65 ] [L0 2c 0] [L1 4 8]
POC    6 LId:  0 TId: 4 ( TRAIL, B-SLICE, QP 34 )     110680 bits [Y 36.1259 dB    U 35.6055 dB    V 35.7391 dB] [ET   113 ] [L0 4c 2 0] [L1 8 16 32]
POC    5 LId:  0 TId: 5 ( TRAIL, B-SLICE, QP 36 )      75872 bits [Y 35.3250 dB    U 35.1471 dB    V 35.1395 dB] [ET    76 ] [L0 4 0] [L1 6c 8]
POC    7 LId:  0 TId: 5 ( TRAIL, B-SLICE, QP 36 )      79776 bits [Y 35.0691 dB    U 35.0396 dB    V 35.1529 dB] [ET    81 ] [L0 6c 4] [L1 8 16]
POC   12 LId:  0 TId: 3 ( TRAIL, B-SLICE, QP 32 )     134336 bits [Y 37.1507 dB    U 36.5555 dB    V 36.9045 dB] [ET   118 ] [L0 8c 4 0] [L1 16 32]
POC   10 LId:  0 TId: 4 ( TRAIL, B-SLICE, QP 34 )      94232 bits [Y 36.3231 dB    U 35.5345 dB    V 36.1753 dB] [ET   107 ] [L0 8 6 4 0] [L1 12c 16 32]
POC    9 LId:  0 TId: 5 ( TRAIL, B-SLICE, QP 36 )      70736 bits [Y 35.3104 dB    U 35.3139 dB    V 35.4982 dB] [ET    79 ] [L0 8 4] [L1 10c 12]
POC   11 LId:  0 TId: 5 ( TRAIL, B-SLICE, QP 36 )      75016 bits [Y 35.4086 dB    U 35.2481 dB    V 35.4100 dB] [ET    76 ] [L0 10c 8] [L1 12 16]
POC   14 LId:  0 TId: 4 ( TRAIL, B-SLICE, QP 34 )     111976 bits [Y 36.1699 dB    U 35.6247 dB    V 35.8157 dB] [ET   106 ] [L0 12c 10 8 0] [L1 16 32]
POC   13 LId:  0 TId: 5 ( TRAIL, B-SLICE, QP 36 )      76712 bits [Y 35.1304 dB    U 34.8102 dB    V 35.0420 dB] [ET    74 ] [L0 12 8] [L1 14c 16]
POC   15 LId:  0 TId: 5 ( TRAIL, B-SLICE, QP 36 )      77784 bits [Y 35.2869 dB    U 34.8337 dB    V 35.2509 dB] [ET    78 ] [L0 14c 12] [L1 16 32]
POC   24 LId:  0 TId: 2 ( TRAIL, B-SLICE, QP 29 )     178528 bits [Y 37.8725 dB    U 37.8477 dB    V 38.0897 dB] [ET   145 ] [L0 16c 8 0] [L1 32]
POC   20 LId:  0 TId: 3 ( TRAIL, B-SLICE, QP 32 )     106944 bits [Y 37.4788 dB    U 36.3233 dB    V 37.2083 dB] [ET   111 ] [L0 16 8 0] [L1 24c 32]
POC   18 LId:  0 TId: 4 ( TRAIL, B-SLICE, QP 34 )      83808 bits [Y 36.8902 dB    U 36.0958 dB    V 36.5107 dB] [ET    91 ] [L0 16 8 0] [L1 20c 24 32]
POC   17 LId:  0 TId: 5 ( TRAIL, B-SLICE, QP 36 )      68480 bits [Y 35.6106 dB    U 35.3690 dB    V 35.8151 dB] [ET    76 ] [L0 16 8] [L1 18c 20]
POC   19 LId:  0 TId: 5 ( TRAIL, B-SLICE, QP 36 )      56304 bits [Y 36.0371 dB    U 35.7547 dB    V 35.8086 dB] [ET    64 ] [L0 18c 16] [L1 20 24]
POC   22 LId:  0 TId: 4 ( TRAIL, B-SLICE, QP 34 )      88552 bits [Y 35.8537 dB    U 35.2153 dB    V 35.8358 dB] [ET   101 ] [L0 20c 16 0] [L1 24 32 18]
POC   21 LId:  0 TId: 5 ( TRAIL, B-SLICE, QP 36 )      56440 bits [Y 35.7262 dB    U 35.6084 dB    V 35.6794 dB] [ET    65 ] [L0 20 16] [L1 22c 24]
POC   23 LId:  0 TId: 5 ( TRAIL, B-SLICE, QP 36 )      64296 bits [Y 35.5542 dB    U 35.3433 dB    V 35.3077 dB] [ET    69 ] [L0 22c 20] [L1 24 32]
POC   28 LId:  0 TId: 3 ( TRAIL, B-SLICE, QP 32 )     116712 bits [Y 37.3246 dB    U 36.8118 dB    V 37.0512 dB] [ET   114 ] [L0 24c 20 16 0] [L1 32]
POC   26 LId:  0 TId: 4 ( TRAIL, B-SLICE, QP 34 )     102784 bits [Y 36.0821 dB    U 35.9437 dB    V 35.8233 dB] [ET   109 ] [L0 24 20 16 0] [L1 28c 32]
POC   25 LId:  0 TId: 5 ( TRAIL, B-SLICE, QP 36 )      79896 bits [Y 35.1210 dB    U 35.2656 dB    V 34.9741 dB] [ET    81 ] [L0 24 20] [L1 26c 28]
POC   27 LId:  0 TId: 5 ( TRAIL, B-SLICE, QP 36 )      70072 bits [Y 35.3763 dB    U 35.4961 dB    V 35.4509 dB] [ET    76 ] [L0 26c 24] [L1 28 32]
POC   30 LId:  0 TId: 4 ( TRAIL, B-SLICE, QP 34 )     102560 bits [Y 36.1815 dB    U 35.4977 dB    V 35.7900 dB] [ET    99 ] [L0 28c 24 16 0] [L1 32]
POC   29 LId:  0 TId: 5 ( TRAIL, B-SLICE, QP 36 )      65552 bits [Y 35.6747 dB    U 35.1117 dB    V 35.3632 dB] [ET    69 ] [L0 28 24] [L1 30c 32]
POC   31 LId:  0 TId: 5 ( TRAIL, B-SLICE, QP 36 )      76104 bits [Y 35.1422 dB    U 35.0628 dB    V 35.2257 dB] [ET    75 ] [L0 30c 28] [L1 32]

LayerId  0
	Total Frames |  Bitrate      Y-PSNR   U-PSNR   V-PSNR   YUV-PSNR 
	33           a  5713.9515    36.3541  36.0627  36.3158  36.1571  

 finished @ Mon Aug 18 18:40:38 2025
 Total Time:     3238.737 sec. [user]     3238.737 sec. [elapsed]
