
VVCSoftware: VTM Encoder Version 23.11 [Windows][VS 1944][64 bit] [SIMD=AVX2] 

TOOL CFG: IBD:1 HAD:1 RDQ:1 RDQTS:1 LQP:0 SQP:0 ASR:1 MinSearchWindow:96 RestrictMESampling:0 FEN:1 ECU:0 FDM:1 ESD:0 TransformSkip:1 TransformSkipFast:1 TransformSkipLog2MaxSize:5 ChromaTS:1 BDPCM:0 Tiles: 1x1 Slices: 1 MCTS:0 SAO:0 ALF:1 CCALF:1 MaxNumALFAPS 8 AlfapsIDShift 0 ConstantJointCbCrSignFlagWPP:0 WPB:0 PME:2  WaveFrontSynchro:0 WaveFrontSubstreams:1 ScalingList:0 TMVPMode:1  DQ:1  SignBitHidingFlag:0 RecalQP:0 
TOOL CFG: LFNST:1 MMVD:1 Affine:1 AffineType:1 AdaptBypassAffineMe:0 PROF:1 SbTMVP:1 DualITree:1 IMV:1 BIO:1 LMChroma:1 HorCollocatedChroma:1 VerCollocatedChroma:0 MTS:1(explicit intra) SBT:1 ISP:1 SMVD:1 CompositeLTReference:0 Bcw:1 BcwFast:1 LADF:0 CIIP:1 Geo:1 AllowDisFracMMVD:1 AffineAmvr:1 AffineAmvrEncOpt:1 AffineAmvp:1 DMVR:1 MmvdDisNum:6 JointCbCr:1 ACT:0 PLT:0 IBC:0 HashME:0 WrapAround:0 VirtualBoundariesEnabledFlag:0 VirtualBoundariesPresentInSPSFlag:1 vertical virtual boundaries:[ ] horizontal virtual boundaries:[ ] Reshape:1 (Signal:SDR Opt:0 CSoffset:6) MRL:1 MIP:1 EncDbOpt:1 AlfLambdaOpt:0 
FAST TOOL CFG: LCTUFast:1 FastMrg:1 MaxMergeRdCandNumTotal:7 MergeRdCandQuotaRegular:4 MergeRdCandQuotaRegularSmallBlk:4 MergeRdCandQuotaSubBlk:2 MergeRdCandQuotaCiip:1 MergeRdCandQuotaGpm:8 PBIntraFast:1 IMV4PelFast:1 MTSMaxCand: 4(intra) 4(inter) ISPFast:0 FastLFNST:0 AMaxBT:1 E0023FastEnc:1 ContentBasedFastQtbt:0 UseNonLinearAlfLuma:1 UseNonLinearAlfChroma:1 MaxNumAlfAlternativesChroma:8 FastMIP:0 TTFastSkip:31 TTFastSkipThr:1.075 FastLocalDualTree:1 RPR:0 TemporalFilter:4/4 SEI CTI:0 BIM:0 SEI FGC:0 SEI processing Order:0 DPF:0 


 started @ Mon Aug 18 20:29:23 2025
POC    0 LId:  0 TId: 0 ( IDR_N_LP, I-SLICE, QP 24 )    1684640 bits [Y 38.1620 dB    U 42.1388 dB    V 44.2721 dB] [ET   441 ] [L0] [L1]
POC   32 LId:  0 TId: 0 ( TRAIL, B-SLICE, QP 26 )     449872 bits [Y 36.7218 dB    U 41.9666 dB    V 44.2413 dB] [ET   444 ] [L0 0] [L1 0c]
POC   16 LId:  0 TId: 1 ( STSA, B-SLICE, QP 28 )     235976 bits [Y 36.0859 dB    U 41.8373 dB    V 44.1971 dB] [ET   330 ] [L0 0 32] [L1 32c]
POC    8 LId:  0 TId: 2 ( TRAIL, B-SLICE, QP 29 )     152960 bits [Y 35.9186 dB    U 41.8053 dB    V 44.2078 dB] [ET   286 ] [L0 0 16 32] [L1 16c 32]
POC    4 LId:  0 TId: 3 ( TRAIL, B-SLICE, QP 32 )      82512 bits [Y 35.7494 dB    U 41.8476 dB    V 44.2042 dB] [ET   255 ] [L0 0 8 16] [L1 8c 16 32]
POC    2 LId:  0 TId: 4 ( TRAIL, B-SLICE, QP 34 )      28000 bits [Y 35.7232 dB    U 41.9439 dB    V 44.1962 dB] [ET   118 ] [L0 0 4 8] [L1 4c 8 16 32]
POC    1 LId:  0 TId: 5 ( TRAIL, B-SLICE, QP 36 )       8504 bits [Y 36.0696 dB    U 42.0905 dB    V 44.2842 dB] [ET    45 ] [L0 0] [L1 2c 4]
POC    3 LId:  0 TId: 5 ( TRAIL, B-SLICE, QP 36 )      10168 bits [Y 35.4407 dB    U 41.9101 dB    V 44.1971 dB] [ET    52 ] [L0 2c 0] [L1 4 8]
POC    6 LId:  0 TId: 4 ( TRAIL, B-SLICE, QP 34 )      26480 bits [Y 35.6701 dB    U 41.8378 dB    V 44.1084 dB] [ET   119 ] [L0 4c 2 0] [L1 8 16 32]
POC    5 LId:  0 TId: 5 ( TRAIL, B-SLICE, QP 36 )       7768 bits [Y 35.4168 dB    U 41.8450 dB    V 44.1643 dB] [ET    47 ] [L0 4 0] [L1 6c 8]
POC    7 LId:  0 TId: 5 ( TRAIL, B-SLICE, QP 36 )       8408 bits [Y 35.5342 dB    U 41.8449 dB    V 44.1881 dB] [ET    49 ] [L0 6c 4] [L1 8 16]
POC   12 LId:  0 TId: 3 ( TRAIL, B-SLICE, QP 32 )      73976 bits [Y 35.7925 dB    U 41.7939 dB    V 44.1142 dB] [ET   204 ] [L0 8c 4 0] [L1 16 32]
POC   10 LId:  0 TId: 4 ( TRAIL, B-SLICE, QP 34 )      25008 bits [Y 35.4833 dB    U 41.7618 dB    V 44.0879 dB] [ET   118 ] [L0 8 6 4 0] [L1 12c 16 32]
POC    9 LId:  0 TId: 5 ( TRAIL, B-SLICE, QP 36 )       9216 bits [Y 35.4118 dB    U 41.8168 dB    V 44.1664 dB] [ET    53 ] [L0 8 4] [L1 10c 12]
POC   11 LId:  0 TId: 5 ( TRAIL, B-SLICE, QP 36 )       8408 bits [Y 35.4001 dB    U 41.8066 dB    V 44.1172 dB] [ET    49 ] [L0 10c 8] [L1 12 16]
POC   14 LId:  0 TId: 4 ( TRAIL, B-SLICE, QP 34 )      30344 bits [Y 35.5302 dB    U 41.7800 dB    V 44.0733 dB] [ET   138 ] [L0 12c 10 8 0] [L1 16 32]
POC   13 LId:  0 TId: 5 ( TRAIL, B-SLICE, QP 36 )       7176 bits [Y 35.4031 dB    U 41.8057 dB    V 44.0848 dB] [ET    46 ] [L0 12 8] [L1 14c 16]
POC   15 LId:  0 TId: 5 ( TRAIL, B-SLICE, QP 36 )       9032 bits [Y 35.4970 dB    U 41.8380 dB    V 44.1397 dB] [ET    53 ] [L0 14c 12] [L1 16 32]
POC   24 LId:  0 TId: 2 ( TRAIL, B-SLICE, QP 29 )     149656 bits [Y 36.0631 dB    U 41.8637 dB    V 44.2622 dB] [ET   255 ] [L0 16c 8 0] [L1 32]
POC   20 LId:  0 TId: 3 ( TRAIL, B-SLICE, QP 32 )      77744 bits [Y 35.7391 dB    U 41.8272 dB    V 44.1371 dB] [ET   219 ] [L0 16 8 0] [L1 24c 32]
POC   18 LId:  0 TId: 4 ( TRAIL, B-SLICE, QP 34 )      27688 bits [Y 35.5805 dB    U 41.8320 dB    V 44.1591 dB] [ET   129 ] [L0 16 8 0] [L1 20c 24 32]
POC   17 LId:  0 TId: 5 ( TRAIL, B-SLICE, QP 36 )       9536 bits [Y 35.4934 dB    U 41.8585 dB    V 44.1631 dB] [ET    54 ] [L0 16 8] [L1 18c 20]
POC   19 LId:  0 TId: 5 ( TRAIL, B-SLICE, QP 36 )      10064 bits [Y 35.3516 dB    U 41.8166 dB    V 44.1247 dB] [ET    54 ] [L0 18c 16] [L1 20 24]
POC   22 LId:  0 TId: 4 ( TRAIL, B-SLICE, QP 34 )      29024 bits [Y 35.5122 dB    U 41.7603 dB    V 44.1102 dB] [ET   131 ] [L0 20c 16 0] [L1 24 32 18]
POC   21 LId:  0 TId: 5 ( TRAIL, B-SLICE, QP 36 )       9368 bits [Y 35.3695 dB    U 41.8138 dB    V 44.1276 dB] [ET    52 ] [L0 20 16] [L1 22c 24]
POC   23 LId:  0 TId: 5 ( TRAIL, B-SLICE, QP 36 )       8952 bits [Y 35.5393 dB    U 41.8075 dB    V 44.1542 dB] [ET    54 ] [L0 22c 20] [L1 24 32]
POC   28 LId:  0 TId: 3 ( TRAIL, B-SLICE, QP 32 )      71400 bits [Y 35.8772 dB    U 41.8025 dB    V 44.1803 dB] [ET   179 ] [L0 24c 20 16 0] [L1 32]
POC   26 LId:  0 TId: 4 ( TRAIL, B-SLICE, QP 34 )      31480 bits [Y 35.4525 dB    U 41.7885 dB    V 44.1181 dB] [ET   119 ] [L0 24 20 16 0] [L1 28c 32]
POC   25 LId:  0 TId: 5 ( TRAIL, B-SLICE, QP 36 )       8456 bits [Y 35.5338 dB    U 41.8316 dB    V 44.1793 dB] [ET    50 ] [L0 24 20] [L1 26c 28]
POC   27 LId:  0 TId: 5 ( TRAIL, B-SLICE, QP 36 )       9976 bits [Y 35.3556 dB    U 41.7239 dB    V 44.0895 dB] [ET    53 ] [L0 26c 24] [L1 28 32]
POC   30 LId:  0 TId: 4 ( TRAIL, B-SLICE, QP 34 )      32768 bits [Y 35.5769 dB    U 41.9019 dB    V 44.1863 dB] [ET   131 ] [L0 28c 24 16 0] [L1 32]
POC   29 LId:  0 TId: 5 ( TRAIL, B-SLICE, QP 36 )      10656 bits [Y 35.3724 dB    U 41.8105 dB    V 44.1289 dB] [ET    57 ] [L0 28 24] [L1 30c 32]
POC   31 LId:  0 TId: 5 ( TRAIL, B-SLICE, QP 36 )       8488 bits [Y 35.6831 dB    U 41.9379 dB    V 44.1717 dB] [ET    49 ] [L0 30c 28] [L1 32]

LayerId  0
	Total Frames |  Bitrate      Y-PSNR   U-PSNR   V-PSNR   YUV-PSNR 
	33           a  6097.6436    35.7124  41.8499  44.1617  37.0482  

 finished @ Mon Aug 18 21:43:16 2025
 Total Time:     4433.622 sec. [user]     4433.622 sec. [elapsed]
