
VVCSoftware: VTM Encoder Version 23.11 [Windows][VS 1944][64 bit] [SIMD=AVX2] 

TOOL CFG: IBD:1 HAD:1 RDQ:1 RDQTS:1 LQP:0 SQP:0 ASR:1 MinSearchWindow:96 RestrictMESampling:0 FEN:1 ECU:0 FDM:0 ESD:0 TransformSkip:1 TransformSkipFast:1 TransformSkipLog2MaxSize:5 ChromaTS:1 BDPCM:0 Tiles: 1x1 Slices: 1 MCTS:0 SAO:1 ALF:1 CCALF:1 MaxNumALFAPS 8 AlfapsIDShift 0 ConstantJointCbCrSignFlagWPP:0 WPB:0 PME:2  WaveFrontSynchro:0 WaveFrontSubstreams:1 ScalingList:0 TMVPMode:1  DQ:1  SignBitHidingFlag:0 RecalQP:0 
TOOL CFG: LFNST:1 MMVD:1 Affine:1 AffineType:1 AdaptBypassAffineMe:0 PROF:1 SbTMVP:1 DualITree:1 IMV:1 BIO:1 LMChroma:1 HorCollocatedChroma:1 VerCollocatedChroma:0 MTS:1(explicit intra) SBT:1 ISP:1 SMVD:1 CompositeLTReference:0 Bcw:1 BcwFast:1 LADF:0 CIIP:1 Geo:1 AllowDisFracMMVD:1 AffineAmvr:1 AffineAmvrEncOpt:1 AffineAmvp:1 DMVR:1 MmvdDisNum:6 JointCbCr:1 ACT:0 PLT:0 IBC:0 HashME:0 WrapAround:0 VirtualBoundariesEnabledFlag:0 VirtualBoundariesPresentInSPSFlag:1 vertical virtual boundaries:[ ] horizontal virtual boundaries:[ ] Reshape:1 (Signal:SDR Opt:0 CSoffset:6) MRL:1 MIP:1 EncDbOpt:1 AlfLambdaOpt:0 
FAST TOOL CFG: LCTUFast:1 FastMrg:1 MaxMergeRdCandNumTotal:7 MergeRdCandQuotaRegular:4 MergeRdCandQuotaRegularSmallBlk:4 MergeRdCandQuotaSubBlk:2 MergeRdCandQuotaCiip:1 MergeRdCandQuotaGpm:8 PBIntraFast:1 IMV4PelFast:1 MTSMaxCand: 4(intra) 4(inter) ISPFast:0 FastLFNST:0 AMaxBT:1 E0023FastEnc:1 ContentBasedFastQtbt:0 UseNonLinearAlfLuma:1 UseNonLinearAlfChroma:1 MaxNumAlfAlternativesChroma:8 FastMIP:0 TTFastSkip:31 TTFastSkipThr:1.075 FastLocalDualTree:1 RPR:0 TemporalFilter:4/4 SEI CTI:0 BIM:0 SEI FGC:0 SEI processing Order:0 DPF:0 


 started @ Tue Aug 19 05:48:22 2025
POC    0 LId:  0 TId: 0 ( IDR_N_LP, I-SLICE, QP 34 )     577048 bits [Y 33.5032 dB    U 38.4859 dB    V 40.7935 dB] [ET   244 ] [L0] [L1]
POC   32 LId:  0 TId: 0 ( TRAIL, B-SLICE, QP 36 )      72192 bits [Y 33.0346 dB    U 38.4500 dB    V 40.7791 dB] [ET   182 ] [L0 0] [L1 0c]
POC   16 LId:  0 TId: 1 ( STSA, B-SLICE, QP 40 )      27456 bits [Y 32.4567 dB    U 38.4106 dB    V 40.7356 dB] [ET   112 ] [L0 0 32] [L1 32c]
POC    8 LId:  0 TId: 2 ( TRAIL, B-SLICE, QP 41 )      15048 bits [Y 32.3553 dB    U 38.4252 dB    V 40.7137 dB] [ET    96 ] [L0 0 16 32] [L1 16c 32]
POC    4 LId:  0 TId: 3 ( TRAIL, B-SLICE, QP 43 )       5512 bits [Y 32.3779 dB    U 38.4647 dB    V 40.7512 dB] [ET    58 ] [L0 0 8 16] [L1 8c 16 32]
POC    2 LId:  0 TId: 4 ( TRAIL, B-SLICE, QP 45 )       2008 bits [Y 32.5219 dB    U 38.4717 dB    V 40.7270 dB] [ET    42 ] [L0 0 4 8] [L1 4c 8 16 32]
POC    1 LId:  0 TId: 5 ( TRAIL, B-SLICE, QP 46 )        904 bits [Y 32.9287 dB    U 38.4820 dB    V 40.7470 dB] [ET    25 ] [L0 0] [L1 2c 4]
POC    3 LId:  0 TId: 5 ( TRAIL, B-SLICE, QP 46 )        672 bits [Y 32.3696 dB    U 38.4475 dB    V 40.7339 dB] [ET    27 ] [L0 2c 0] [L1 4 8]
POC    6 LId:  0 TId: 4 ( TRAIL, B-SLICE, QP 45 )       2032 bits [Y 32.3829 dB    U 38.4208 dB    V 40.7202 dB] [ET    41 ] [L0 4c 2 0] [L1 8 16 32]
POC    5 LId:  0 TId: 5 ( TRAIL, B-SLICE, QP 46 )        560 bits [Y 32.3174 dB    U 38.4304 dB    V 40.7235 dB] [ET    27 ] [L0 4 0] [L1 6c 8]
POC    7 LId:  0 TId: 5 ( TRAIL, B-SLICE, QP 46 )        568 bits [Y 32.3157 dB    U 38.4115 dB    V 40.7230 dB] [ET    27 ] [L0 6c 4] [L1 8 16]
POC   12 LId:  0 TId: 3 ( TRAIL, B-SLICE, QP 43 )       5336 bits [Y 32.3345 dB    U 38.4101 dB    V 40.7327 dB] [ET    57 ] [L0 8c 4 0] [L1 16 32]
POC   10 LId:  0 TId: 4 ( TRAIL, B-SLICE, QP 45 )       1704 bits [Y 32.1198 dB    U 38.3959 dB    V 40.6975 dB] [ET    43 ] [L0 8 6 4 0] [L1 12c 16 32]
POC    9 LId:  0 TId: 5 ( TRAIL, B-SLICE, QP 46 )        664 bits [Y 32.2095 dB    U 38.4033 dB    V 40.7183 dB] [ET    26 ] [L0 8 4] [L1 10c 12]
POC   11 LId:  0 TId: 5 ( TRAIL, B-SLICE, QP 46 )        640 bits [Y 32.1956 dB    U 38.3893 dB    V 40.7203 dB] [ET    27 ] [L0 10c 8] [L1 12 16]
POC   14 LId:  0 TId: 4 ( TRAIL, B-SLICE, QP 45 )       1696 bits [Y 32.2569 dB    U 38.3809 dB    V 40.7033 dB] [ET    40 ] [L0 12c 10 8 0] [L1 16 32]
POC   13 LId:  0 TId: 5 ( TRAIL, B-SLICE, QP 46 )        520 bits [Y 32.2236 dB    U 38.3862 dB    V 40.6964 dB] [ET    28 ] [L0 12 8] [L1 14c 16]
POC   15 LId:  0 TId: 5 ( TRAIL, B-SLICE, QP 46 )        616 bits [Y 32.3212 dB    U 38.3852 dB    V 40.7289 dB] [ET    27 ] [L0 14c 12] [L1 16 32]
POC   24 LId:  0 TId: 2 ( TRAIL, B-SLICE, QP 41 )      14912 bits [Y 32.4883 dB    U 38.4386 dB    V 40.7885 dB] [ET    93 ] [L0 16c 8 0] [L1 32]
POC   20 LId:  0 TId: 3 ( TRAIL, B-SLICE, QP 43 )       5152 bits [Y 32.2738 dB    U 38.3756 dB    V 40.7265 dB] [ET    57 ] [L0 16 8 0] [L1 24c 32]
POC   18 LId:  0 TId: 4 ( TRAIL, B-SLICE, QP 45 )       1736 bits [Y 32.2733 dB    U 38.3811 dB    V 40.7187 dB] [ET    40 ] [L0 16 8 0] [L1 20c 24 32]
POC   17 LId:  0 TId: 5 ( TRAIL, B-SLICE, QP 46 )        544 bits [Y 32.3310 dB    U 38.4050 dB    V 40.7411 dB] [ET    27 ] [L0 16 8] [L1 18c 20]
POC   19 LId:  0 TId: 5 ( TRAIL, B-SLICE, QP 46 )        576 bits [Y 32.1684 dB    U 38.3850 dB    V 40.7014 dB] [ET    27 ] [L0 18c 16] [L1 20 24]
POC   22 LId:  0 TId: 4 ( TRAIL, B-SLICE, QP 45 )       1952 bits [Y 32.2228 dB    U 38.3787 dB    V 40.7224 dB] [ET    41 ] [L0 20c 16 0] [L1 24 32 18]
POC   21 LId:  0 TId: 5 ( TRAIL, B-SLICE, QP 46 )        584 bits [Y 32.1950 dB    U 38.3779 dB    V 40.7058 dB] [ET    27 ] [L0 20 16] [L1 22c 24]
POC   23 LId:  0 TId: 5 ( TRAIL, B-SLICE, QP 46 )        784 bits [Y 32.3065 dB    U 38.4008 dB    V 40.7209 dB] [ET    29 ] [L0 22c 20] [L1 24 32]
POC   28 LId:  0 TId: 3 ( TRAIL, B-SLICE, QP 43 )       5328 bits [Y 32.4610 dB    U 38.4176 dB    V 40.7253 dB] [ET    56 ] [L0 24c 20 16 0] [L1 32]
POC   26 LId:  0 TId: 4 ( TRAIL, B-SLICE, QP 45 )       2296 bits [Y 32.2114 dB    U 38.4106 dB    V 40.7387 dB] [ET    40 ] [L0 24 20 16 0] [L1 28c 32]
POC   25 LId:  0 TId: 5 ( TRAIL, B-SLICE, QP 46 )        616 bits [Y 32.3457 dB    U 38.4170 dB    V 40.7505 dB] [ET    27 ] [L0 24 20] [L1 26c 28]
POC   27 LId:  0 TId: 5 ( TRAIL, B-SLICE, QP 46 )        768 bits [Y 32.2555 dB    U 38.4023 dB    V 40.7116 dB] [ET    29 ] [L0 26c 24] [L1 28 32]
POC   30 LId:  0 TId: 4 ( TRAIL, B-SLICE, QP 45 )       1912 bits [Y 32.4584 dB    U 38.4437 dB    V 40.7762 dB] [ET    38 ] [L0 28c 24 16 0] [L1 32]
POC   29 LId:  0 TId: 5 ( TRAIL, B-SLICE, QP 46 )        752 bits [Y 32.3608 dB    U 38.4096 dB    V 40.7242 dB] [ET    28 ] [L0 28 24] [L1 30c 32]
POC   31 LId:  0 TId: 5 ( TRAIL, B-SLICE, QP 46 )        480 bits [Y 32.7146 dB    U 38.4519 dB    V 40.7734 dB] [ET    22 ] [L0 30c 28] [L1 32]

LayerId  0
	Total Frames |  Bitrate      Y-PSNR   U-PSNR   V-PSNR   YUV-PSNR 
	33           a  1370.1236    32.4028  38.4166  40.7324  33.7449  

 finished @ Tue Aug 19 06:16:55 2025
 Total Time:     1712.766 sec. [user]     1712.766 sec. [elapsed]
