
VVCSoftware: VTM Encoder Version 23.11 [Windows][VS 1944][64 bit] [SIMD=AVX2] 

TOOL CFG: IBD:1 HAD:1 RDQ:1 RDQTS:1 LQP:0 SQP:0 ASR:1 MinSearchWindow:96 RestrictMESampling:0 FEN:1 ECU:0 FDM:0 ESD:0 TransformSkip:1 TransformSkipFast:1 TransformSkipLog2MaxSize:5 ChromaTS:1 BDPCM:0 Tiles: 1x1 Slices: 1 MCTS:0 SAO:1 ALF:1 CCALF:1 MaxNumALFAPS 8 AlfapsIDShift 0 ConstantJointCbCrSignFlagWPP:0 WPB:0 PME:2  WaveFrontSynchro:0 WaveFrontSubstreams:1 ScalingList:0 TMVPMode:1  DQ:1  SignBitHidingFlag:0 RecalQP:0 
TOOL CFG: LFNST:1 MMVD:1 Affine:1 AffineType:1 AdaptBypassAffineMe:0 PROF:1 SbTMVP:1 DualITree:1 IMV:1 BIO:1 LMChroma:1 HorCollocatedChroma:1 VerCollocatedChroma:0 MTS:1(explicit intra) SBT:1 ISP:1 SMVD:1 CompositeLTReference:0 Bcw:1 BcwFast:1 LADF:0 CIIP:1 Geo:1 AllowDisFracMMVD:1 AffineAmvr:1 AffineAmvrEncOpt:1 AffineAmvp:1 DMVR:1 MmvdDisNum:6 JointCbCr:1 ACT:0 PLT:0 IBC:0 HashME:0 WrapAround:0 VirtualBoundariesEnabledFlag:0 VirtualBoundariesPresentInSPSFlag:1 vertical virtual boundaries:[ ] horizontal virtual boundaries:[ ] Reshape:1 (Signal:SDR Opt:0 CSoffset:6) MRL:1 MIP:1 EncDbOpt:1 AlfLambdaOpt:0 
FAST TOOL CFG: LCTUFast:1 FastMrg:1 MaxMergeRdCandNumTotal:7 MergeRdCandQuotaRegular:4 MergeRdCandQuotaRegularSmallBlk:4 MergeRdCandQuotaSubBlk:2 MergeRdCandQuotaCiip:1 MergeRdCandQuotaGpm:8 PBIntraFast:1 IMV4PelFast:1 MTSMaxCand: 4(intra) 4(inter) ISPFast:0 FastLFNST:0 AMaxBT:1 E0023FastEnc:1 ContentBasedFastQtbt:0 UseNonLinearAlfLuma:1 UseNonLinearAlfChroma:1 MaxNumAlfAlternativesChroma:8 FastMIP:0 TTFastSkip:31 TTFastSkipThr:1.075 FastLocalDualTree:1 RPR:0 TemporalFilter:4/4 SEI CTI:0 BIM:0 SEI FGC:0 SEI processing Order:0 DPF:0 


 started @ Mon Aug 18 23:37:19 2025
POC    0 LId:  0 TId: 0 ( IDR_N_LP, I-SLICE, QP 29 )     298160 bits [Y 36.5968 dB    U 36.7442 dB    V 37.2240 dB] [ET   102 ] [L0] [L1]
POC   32 LId:  0 TId: 0 ( TRAIL, B-SLICE, QP 31 )     176608 bits [Y 35.6699 dB    U 36.0463 dB    V 36.4437 dB] [ET   166 ] [L0 0] [L1 0c]
POC   16 LId:  0 TId: 1 ( STSA, B-SLICE, QP 34 )     105600 bits [Y 34.6354 dB    U 34.8455 dB    V 35.3911 dB] [ET   138 ] [L0 0 32] [L1 32c]
POC    8 LId:  0 TId: 2 ( TRAIL, B-SLICE, QP 35 )      96776 bits [Y 34.2675 dB    U 34.3049 dB    V 34.8507 dB] [ET   132 ] [L0 0 16 32] [L1 16c 32]
POC    4 LId:  0 TId: 3 ( TRAIL, B-SLICE, QP 38 )      68288 bits [Y 33.7062 dB    U 34.2275 dB    V 34.4972 dB] [ET   116 ] [L0 0 8 16] [L1 8c 16 32]
POC    2 LId:  0 TId: 4 ( TRAIL, B-SLICE, QP 40 )      40952 bits [Y 33.3037 dB    U 34.1322 dB    V 34.7828 dB] [ET    90 ] [L0 0 4 8] [L1 4c 8 16 32]
POC    1 LId:  0 TId: 5 ( TRAIL, B-SLICE, QP 41 )      29976 bits [Y 33.1252 dB    U 33.9530 dB    V 34.4677 dB] [ET    61 ] [L0 0] [L1 2c 4]
POC    3 LId:  0 TId: 5 ( TRAIL, B-SLICE, QP 41 )      33600 bits [Y 32.6819 dB    U 33.6515 dB    V 33.8926 dB] [ET    73 ] [L0 2c 0] [L1 4 8]
POC    6 LId:  0 TId: 4 ( TRAIL, B-SLICE, QP 40 )      55832 bits [Y 32.3203 dB    U 33.4976 dB    V 33.8620 dB] [ET   117 ] [L0 4c 2 0] [L1 8 16 32]
POC    5 LId:  0 TId: 5 ( TRAIL, B-SLICE, QP 41 )      40024 bits [Y 32.0947 dB    U 33.1556 dB    V 33.3648 dB] [ET    83 ] [L0 4 0] [L1 6c 8]
POC    7 LId:  0 TId: 5 ( TRAIL, B-SLICE, QP 41 )      42568 bits [Y 31.9423 dB    U 33.1864 dB    V 33.3307 dB] [ET    89 ] [L0 6c 4] [L1 8 16]
POC   12 LId:  0 TId: 3 ( TRAIL, B-SLICE, QP 38 )      69128 bits [Y 33.4935 dB    U 34.0013 dB    V 34.6069 dB] [ET    97 ] [L0 8c 4 0] [L1 16 32]
POC   10 LId:  0 TId: 4 ( TRAIL, B-SLICE, QP 40 )      48632 bits [Y 32.8336 dB    U 33.6231 dB    V 34.3031 dB] [ET    86 ] [L0 8 6 4 0] [L1 12c 16 32]
POC    9 LId:  0 TId: 5 ( TRAIL, B-SLICE, QP 41 )      38704 bits [Y 32.3379 dB    U 33.3518 dB    V 33.5446 dB] [ET    85 ] [L0 8 4] [L1 10c 12]
POC   11 LId:  0 TId: 5 ( TRAIL, B-SLICE, QP 41 )      39976 bits [Y 32.2552 dB    U 33.3085 dB    V 33.6621 dB] [ET    80 ] [L0 10c 8] [L1 12 16]
POC   14 LId:  0 TId: 4 ( TRAIL, B-SLICE, QP 40 )      58824 bits [Y 32.4114 dB    U 33.6707 dB    V 33.8872 dB] [ET    90 ] [L0 12c 10 8 0] [L1 16 32]
POC   13 LId:  0 TId: 5 ( TRAIL, B-SLICE, QP 41 )      40416 bits [Y 31.8999 dB    U 32.9262 dB    V 33.2180 dB] [ET    78 ] [L0 12 8] [L1 14c 16]
POC   15 LId:  0 TId: 5 ( TRAIL, B-SLICE, QP 41 )      42032 bits [Y 32.1603 dB    U 32.9626 dB    V 33.4888 dB] [ET    67 ] [L0 14c 12] [L1 16 32]
POC   24 LId:  0 TId: 2 ( TRAIL, B-SLICE, QP 35 )      87240 bits [Y 34.3546 dB    U 34.3243 dB    V 34.5843 dB] [ET   115 ] [L0 16c 8 0] [L1 32]
POC   20 LId:  0 TId: 3 ( TRAIL, B-SLICE, QP 38 )      54008 bits [Y 34.0418 dB    U 33.8385 dB    V 34.9154 dB] [ET    89 ] [L0 16 8 0] [L1 24c 32]
POC   18 LId:  0 TId: 4 ( TRAIL, B-SLICE, QP 40 )      44504 bits [Y 33.2025 dB    U 33.9861 dB    V 34.6201 dB] [ET    76 ] [L0 16 8 0] [L1 20c 24 32]
POC   17 LId:  0 TId: 5 ( TRAIL, B-SLICE, QP 41 )      36712 bits [Y 32.4626 dB    U 33.3985 dB    V 33.9124 dB] [ET    81 ] [L0 16 8] [L1 18c 20]
POC   19 LId:  0 TId: 5 ( TRAIL, B-SLICE, QP 41 )      31208 bits [Y 32.9359 dB    U 33.6954 dB    V 34.1312 dB] [ET    69 ] [L0 18c 16] [L1 20 24]
POC   22 LId:  0 TId: 4 ( TRAIL, B-SLICE, QP 40 )      44936 bits [Y 32.6669 dB    U 33.5392 dB    V 34.2020 dB] [ET    78 ] [L0 20c 16 0] [L1 24 32 18]
POC   21 LId:  0 TId: 5 ( TRAIL, B-SLICE, QP 41 )      29648 bits [Y 32.7638 dB    U 33.6345 dB    V 33.9678 dB] [ET    68 ] [L0 20 16] [L1 22c 24]
POC   23 LId:  0 TId: 5 ( TRAIL, B-SLICE, QP 41 )      33904 bits [Y 32.5303 dB    U 33.3359 dB    V 33.3770 dB] [ET    70 ] [L0 22c 20] [L1 24 32]
POC   28 LId:  0 TId: 3 ( TRAIL, B-SLICE, QP 38 )      59080 bits [Y 33.6901 dB    U 34.2346 dB    V 34.7752 dB] [ET    91 ] [L0 24c 20 16 0] [L1 32]
POC   26 LId:  0 TId: 4 ( TRAIL, B-SLICE, QP 40 )      51848 bits [Y 32.3213 dB    U 33.8122 dB    V 33.8852 dB] [ET    86 ] [L0 24 20 16 0] [L1 28c 32]
POC   25 LId:  0 TId: 5 ( TRAIL, B-SLICE, QP 41 )      41720 bits [Y 31.8774 dB    U 33.1957 dB    V 33.1828 dB] [ET    83 ] [L0 24 20] [L1 26c 28]
POC   27 LId:  0 TId: 5 ( TRAIL, B-SLICE, QP 41 )      38056 bits [Y 32.3214 dB    U 33.4778 dB    V 33.5815 dB] [ET    75 ] [L0 26c 24] [L1 28 32]
POC   30 LId:  0 TId: 4 ( TRAIL, B-SLICE, QP 40 )      52400 bits [Y 32.5404 dB    U 33.4006 dB    V 33.8502 dB] [ET    78 ] [L0 28c 24 16 0] [L1 32]
POC   29 LId:  0 TId: 5 ( TRAIL, B-SLICE, QP 41 )      35424 bits [Y 32.5744 dB    U 33.2330 dB    V 33.4820 dB] [ET    71 ] [L0 28 24] [L1 30c 32]
POC   31 LId:  0 TId: 5 ( TRAIL, B-SLICE, QP 41 )      39872 bits [Y 32.1330 dB    U 33.0665 dB    V 33.4700 dB] [ET    75 ] [L0 30c 28] [L1 32]

LayerId  0
	Total Frames |  Bitrate      Y-PSNR   U-PSNR   V-PSNR   YUV-PSNR 
	33           a  3040.3879    33.0349  33.8110  34.2047  33.2294  

 finished @ Tue Aug 19 00:26:33 2025
 Total Time:     2954.633 sec. [user]     2954.633 sec. [elapsed]
