
VVCSoftware: VTM Encoder Version 23.11 [Windows][VS 1944][64 bit] [SIMD=AVX2] 

TOOL CFG: IBD:1 HAD:1 RDQ:1 RDQTS:1 LQP:0 SQP:0 ASR:1 MinSearchWindow:96 RestrictMESampling:0 FEN:1 ECU:0 FDM:1 ESD:0 TransformSkip:1 TransformSkipFast:1 TransformSkipLog2MaxSize:5 ChromaTS:1 BDPCM:0 Tiles: 1x1 Slices: 1 MCTS:0 SAO:0 ALF:1 CCALF:1 MaxNumALFAPS 8 AlfapsIDShift 0 ConstantJointCbCrSignFlagWPP:0 WPB:0 PME:2  WaveFrontSynchro:0 WaveFrontSubstreams:1 ScalingList:0 TMVPMode:1  DQ:1  SignBitHidingFlag:0 RecalQP:0 
TOOL CFG: LFNST:1 MMVD:1 Affine:1 AffineType:1 AdaptBypassAffineMe:0 PROF:1 SbTMVP:1 DualITree:1 IMV:1 BIO:1 LMChroma:1 HorCollocatedChroma:1 VerCollocatedChroma:0 MTS:1(explicit intra) SBT:1 ISP:1 SMVD:1 CompositeLTReference:0 Bcw:1 BcwFast:1 LADF:0 CIIP:1 Geo:1 AllowDisFracMMVD:1 AffineAmvr:1 AffineAmvrEncOpt:1 AffineAmvp:1 DMVR:1 MmvdDisNum:6 JointCbCr:1 ACT:0 PLT:0 IBC:0 HashME:0 WrapAround:0 VirtualBoundariesEnabledFlag:0 VirtualBoundariesPresentInSPSFlag:1 vertical virtual boundaries:[ ] horizontal virtual boundaries:[ ] Reshape:1 (Signal:SDR Opt:0 CSoffset:6) MRL:1 MIP:1 EncDbOpt:1 AlfLambdaOpt:0 
FAST TOOL CFG: LCTUFast:1 FastMrg:1 MaxMergeRdCandNumTotal:7 MergeRdCandQuotaRegular:4 MergeRdCandQuotaRegularSmallBlk:4 MergeRdCandQuotaSubBlk:2 MergeRdCandQuotaCiip:1 MergeRdCandQuotaGpm:8 PBIntraFast:1 IMV4PelFast:1 MTSMaxCand: 4(intra) 4(inter) ISPFast:0 FastLFNST:0 AMaxBT:1 E0023FastEnc:1 ContentBasedFastQtbt:0 UseNonLinearAlfLuma:1 UseNonLinearAlfChroma:1 MaxNumAlfAlternativesChroma:8 FastMIP:0 TTFastSkip:31 TTFastSkipThr:1.075 FastLocalDualTree:1 RPR:0 TemporalFilter:4/4 SEI CTI:0 BIM:0 SEI FGC:0 SEI processing Order:0 DPF:0 


 started @ Mon Aug 18 18:30:22 2025
POC    0 LId:  0 TId: 0 ( IDR_N_LP, I-SLICE, QP 29 )     244488 bits [Y 38.8432 dB    U 43.8144 dB    V 44.6539 dB] [ET   107 ] [L0] [L1]
POC   32 LId:  0 TId: 0 ( TRAIL, B-SLICE, QP 31 )     194992 bits [Y 38.4944 dB    U 43.2319 dB    V 44.1089 dB] [ET   478 ] [L0 0] [L1 0c]
POC   16 LId:  0 TId: 1 ( STSA, B-SLICE, QP 34 )      87920 bits [Y 38.3339 dB    U 43.2328 dB    V 43.8638 dB] [ET   302 ] [L0 0 32] [L1 32c]
POC    8 LId:  0 TId: 2 ( TRAIL, B-SLICE, QP 35 )      63656 bits [Y 38.0504 dB    U 43.1774 dB    V 43.5861 dB] [ET   254 ] [L0 0 16 32] [L1 16c 32]
POC    4 LId:  0 TId: 3 ( TRAIL, B-SLICE, QP 38 )      39224 bits [Y 37.8178 dB    U 43.1939 dB    V 43.4337 dB] [ET   199 ] [L0 0 8 16] [L1 8c 16 32]
POC    2 LId:  0 TId: 4 ( TRAIL, B-SLICE, QP 40 )      23560 bits [Y 37.7382 dB    U 43.2734 dB    V 43.5243 dB] [ET   131 ] [L0 0 4 8] [L1 4c 8 16 32]
POC    1 LId:  0 TId: 5 ( TRAIL, B-SLICE, QP 41 )      13408 bits [Y 37.8199 dB    U 43.4825 dB    V 43.6694 dB] [ET    67 ] [L0 0] [L1 2c 4]
POC    3 LId:  0 TId: 5 ( TRAIL, B-SLICE, QP 41 )      14512 bits [Y 37.5038 dB    U 43.1643 dB    V 43.0881 dB] [ET    75 ] [L0 2c 0] [L1 4 8]
POC    6 LId:  0 TId: 4 ( TRAIL, B-SLICE, QP 40 )      26576 bits [Y 37.3950 dB    U 43.0406 dB    V 43.0450 dB] [ET   149 ] [L0 4c 2 0] [L1 8 16 32]
POC    5 LId:  0 TId: 5 ( TRAIL, B-SLICE, QP 41 )      14736 bits [Y 37.3002 dB    U 42.9772 dB    V 42.9364 dB] [ET    79 ] [L0 4 0] [L1 6c 8]
POC    7 LId:  0 TId: 5 ( TRAIL, B-SLICE, QP 41 )      14624 bits [Y 37.3465 dB    U 43.0676 dB    V 43.0995 dB] [ET    80 ] [L0 6c 4] [L1 8 16]
POC   12 LId:  0 TId: 3 ( TRAIL, B-SLICE, QP 38 )      34752 bits [Y 37.8117 dB    U 43.1622 dB    V 43.6446 dB] [ET   174 ] [L0 8c 4 0] [L1 16 32]
POC   10 LId:  0 TId: 4 ( TRAIL, B-SLICE, QP 40 )      21920 bits [Y 37.5012 dB    U 43.0479 dB    V 43.1491 dB] [ET   139 ] [L0 8 6 4 0] [L1 12c 16 32]
POC    9 LId:  0 TId: 5 ( TRAIL, B-SLICE, QP 41 )      13136 bits [Y 37.4003 dB    U 42.9666 dB    V 42.9881 dB] [ET    75 ] [L0 8 4] [L1 10c 12]
POC   11 LId:  0 TId: 5 ( TRAIL, B-SLICE, QP 41 )      11056 bits [Y 37.4372 dB    U 43.0003 dB    V 43.1847 dB] [ET    65 ] [L0 10c 8] [L1 12 16]
POC   14 LId:  0 TId: 4 ( TRAIL, B-SLICE, QP 40 )      18032 bits [Y 37.6838 dB    U 43.0749 dB    V 43.4825 dB] [ET   117 ] [L0 12c 10 8 0] [L1 16 32]
POC   13 LId:  0 TId: 5 ( TRAIL, B-SLICE, QP 41 )       9272 bits [Y 37.5375 dB    U 43.0305 dB    V 43.2874 dB] [ET    62 ] [L0 12 8] [L1 14c 16]
POC   15 LId:  0 TId: 5 ( TRAIL, B-SLICE, QP 41 )       9096 bits [Y 37.7076 dB    U 43.1688 dB    V 43.4995 dB] [ET    62 ] [L0 14c 12] [L1 16 32]
POC   24 LId:  0 TId: 2 ( TRAIL, B-SLICE, QP 35 )      71824 bits [Y 38.0839 dB    U 42.8471 dB    V 43.4349 dB] [ET   271 ] [L0 16c 8 0] [L1 32]
POC   20 LId:  0 TId: 3 ( TRAIL, B-SLICE, QP 38 )      36000 bits [Y 37.8602 dB    U 42.9948 dB    V 43.5139 dB] [ET   180 ] [L0 16 8 0] [L1 24c 32]
POC   18 LId:  0 TId: 4 ( TRAIL, B-SLICE, QP 40 )      18640 bits [Y 37.6590 dB    U 42.9728 dB    V 43.3624 dB] [ET   119 ] [L0 16 8 0] [L1 20c 24 32]
POC   17 LId:  0 TId: 5 ( TRAIL, B-SLICE, QP 41 )       8400 bits [Y 37.7051 dB    U 43.0993 dB    V 43.3887 dB] [ET    56 ] [L0 16 8] [L1 18c 20]
POC   19 LId:  0 TId: 5 ( TRAIL, B-SLICE, QP 41 )       9480 bits [Y 37.5457 dB    U 42.8955 dB    V 43.3172 dB] [ET    58 ] [L0 18c 16] [L1 20 24]
POC   22 LId:  0 TId: 4 ( TRAIL, B-SLICE, QP 40 )      20968 bits [Y 37.5546 dB    U 42.7754 dB    V 43.2717 dB] [ET   136 ] [L0 20c 16 0] [L1 24 32 18]
POC   21 LId:  0 TId: 5 ( TRAIL, B-SLICE, QP 41 )      10288 bits [Y 37.4884 dB    U 42.7199 dB    V 43.1539 dB] [ET    62 ] [L0 20 16] [L1 22c 24]
POC   23 LId:  0 TId: 5 ( TRAIL, B-SLICE, QP 41 )      11352 bits [Y 37.4772 dB    U 42.6766 dB    V 43.1022 dB] [ET    68 ] [L0 22c 20] [L1 24 32]
POC   28 LId:  0 TId: 3 ( TRAIL, B-SLICE, QP 38 )      50520 bits [Y 37.4507 dB    U 42.6074 dB    V 43.0143 dB] [ET   213 ] [L0 24c 20 16 0] [L1 32]
POC   26 LId:  0 TId: 4 ( TRAIL, B-SLICE, QP 40 )      24616 bits [Y 37.2042 dB    U 42.5935 dB    V 43.0007 dB] [ET   149 ] [L0 24 20 16 0] [L1 28c 32]
POC   25 LId:  0 TId: 5 ( TRAIL, B-SLICE, QP 41 )      12456 bits [Y 37.2820 dB    U 42.6103 dB    V 42.9880 dB] [ET    72 ] [L0 24 20] [L1 26c 28]
POC   27 LId:  0 TId: 5 ( TRAIL, B-SLICE, QP 41 )      13576 bits [Y 36.9726 dB    U 42.5509 dB    V 42.8563 dB] [ET    74 ] [L0 26c 24] [L1 28 32]
POC   30 LId:  0 TId: 4 ( TRAIL, B-SLICE, QP 40 )      25712 bits [Y 37.2455 dB    U 42.6940 dB    V 43.1605 dB] [ET   140 ] [L0 28c 24 16 0] [L1 32]
POC   29 LId:  0 TId: 5 ( TRAIL, B-SLICE, QP 41 )      12600 bits [Y 36.9854 dB    U 42.6126 dB    V 42.8188 dB] [ET    67 ] [L0 28 24] [L1 30c 32]
POC   31 LId:  0 TId: 5 ( TRAIL, B-SLICE, QP 41 )      11736 bits [Y 37.3722 dB    U 42.9177 dB    V 43.3801 dB] [ET    63 ] [L0 30c 28] [L1 32]

LayerId  0
	Total Frames |  Bitrate      Y-PSNR   U-PSNR   V-PSNR   YUV-PSNR 
	33           a  1807.7697    37.6245  42.9902  43.3336  38.8005  

 finished @ Mon Aug 18 19:42:46 2025
 Total Time:     4344.643 sec. [user]     4344.643 sec. [elapsed]
