
VVCSoftware: VTM Encoder Version 23.11 [Windows][VS 1944][64 bit] [SIMD=AVX2] 

TOOL CFG: IBD:1 HAD:1 RDQ:1 RDQTS:1 LQP:0 SQP:0 ASR:1 MinSearchWindow:96 RestrictMESampling:0 FEN:1 ECU:0 FDM:0 ESD:0 TransformSkip:1 TransformSkipFast:1 TransformSkipLog2MaxSize:5 ChromaTS:1 BDPCM:0 Tiles: 1x1 Slices: 1 MCTS:0 SAO:1 ALF:1 CCALF:1 MaxNumALFAPS 8 AlfapsIDShift 0 ConstantJointCbCrSignFlagWPP:0 WPB:0 PME:2  WaveFrontSynchro:0 WaveFrontSubstreams:1 ScalingList:0 TMVPMode:1  DQ:1  SignBitHidingFlag:0 RecalQP:0 
TOOL CFG: LFNST:1 MMVD:1 Affine:1 AffineType:1 AdaptBypassAffineMe:0 PROF:1 SbTMVP:1 DualITree:1 IMV:1 BIO:1 LMChroma:1 HorCollocatedChroma:1 VerCollocatedChroma:0 MTS:1(explicit intra) SBT:1 ISP:1 SMVD:1 CompositeLTReference:0 Bcw:1 BcwFast:1 LADF:0 CIIP:1 Geo:1 AllowDisFracMMVD:1 AffineAmvr:1 AffineAmvrEncOpt:1 AffineAmvp:1 DMVR:1 MmvdDisNum:6 JointCbCr:1 ACT:0 PLT:0 IBC:0 HashME:0 WrapAround:0 VirtualBoundariesEnabledFlag:0 VirtualBoundariesPresentInSPSFlag:1 vertical virtual boundaries:[ ] horizontal virtual boundaries:[ ] Reshape:1 (Signal:SDR Opt:0 CSoffset:6) MRL:1 MIP:1 EncDbOpt:1 AlfLambdaOpt:0 
FAST TOOL CFG: LCTUFast:1 FastMrg:1 MaxMergeRdCandNumTotal:7 MergeRdCandQuotaRegular:4 MergeRdCandQuotaRegularSmallBlk:4 MergeRdCandQuotaSubBlk:2 MergeRdCandQuotaCiip:1 MergeRdCandQuotaGpm:8 PBIntraFast:1 IMV4PelFast:1 MTSMaxCand: 4(intra) 4(inter) ISPFast:0 FastLFNST:0 AMaxBT:1 E0023FastEnc:1 ContentBasedFastQtbt:0 UseNonLinearAlfLuma:1 UseNonLinearAlfChroma:1 MaxNumAlfAlternativesChroma:8 FastMIP:0 TTFastSkip:31 TTFastSkipThr:1.075 FastLocalDualTree:1 RPR:0 TemporalFilter:4/4 SEI CTI:0 BIM:0 SEI FGC:0 SEI processing Order:0 DPF:0 


 started @ Tue Aug 19 02:07:59 2025
POC    0 LId:  0 TId: 0 ( IDR_N_LP, I-SLICE, QP 29 )     245144 bits [Y 38.8432 dB    U 43.8226 dB    V 44.6787 dB] [ET   111 ] [L0] [L1]
POC   32 LId:  0 TId: 0 ( TRAIL, B-SLICE, QP 31 )     195264 bits [Y 38.4950 dB    U 43.2354 dB    V 44.0682 dB] [ET   480 ] [L0 0] [L1 0c]
POC   16 LId:  0 TId: 1 ( STSA, B-SLICE, QP 34 )      87288 bits [Y 38.3436 dB    U 43.2379 dB    V 43.8608 dB] [ET   323 ] [L0 0 32] [L1 32c]
POC    8 LId:  0 TId: 2 ( TRAIL, B-SLICE, QP 35 )      63968 bits [Y 38.0557 dB    U 43.1994 dB    V 43.5982 dB] [ET   264 ] [L0 0 16 32] [L1 16c 32]
POC    4 LId:  0 TId: 3 ( TRAIL, B-SLICE, QP 38 )      39128 bits [Y 37.8122 dB    U 43.1811 dB    V 43.5267 dB] [ET   210 ] [L0 0 8 16] [L1 8c 16 32]
POC    2 LId:  0 TId: 4 ( TRAIL, B-SLICE, QP 40 )      23432 bits [Y 37.7343 dB    U 43.2941 dB    V 43.5053 dB] [ET   145 ] [L0 0 4 8] [L1 4c 8 16 32]
POC    1 LId:  0 TId: 5 ( TRAIL, B-SLICE, QP 41 )      13720 bits [Y 37.8255 dB    U 43.4774 dB    V 43.6675 dB] [ET    73 ] [L0 0] [L1 2c 4]
POC    3 LId:  0 TId: 5 ( TRAIL, B-SLICE, QP 41 )      14208 bits [Y 37.4891 dB    U 43.1675 dB    V 43.0745 dB] [ET    81 ] [L0 2c 0] [L1 4 8]
POC    6 LId:  0 TId: 4 ( TRAIL, B-SLICE, QP 40 )      26424 bits [Y 37.3934 dB    U 43.0689 dB    V 43.1487 dB] [ET   152 ] [L0 4c 2 0] [L1 8 16 32]
POC    5 LId:  0 TId: 5 ( TRAIL, B-SLICE, QP 41 )      14816 bits [Y 37.3067 dB    U 43.0068 dB    V 42.9411 dB] [ET    83 ] [L0 4 0] [L1 6c 8]
POC    7 LId:  0 TId: 5 ( TRAIL, B-SLICE, QP 41 )      14392 bits [Y 37.3489 dB    U 43.1289 dB    V 42.9981 dB] [ET    79 ] [L0 6c 4] [L1 8 16]
POC   12 LId:  0 TId: 3 ( TRAIL, B-SLICE, QP 38 )      34512 bits [Y 37.8447 dB    U 43.1630 dB    V 43.5126 dB] [ET   180 ] [L0 8c 4 0] [L1 16 32]
POC   10 LId:  0 TId: 4 ( TRAIL, B-SLICE, QP 40 )      21744 bits [Y 37.5078 dB    U 43.0269 dB    V 43.2146 dB] [ET   141 ] [L0 8 6 4 0] [L1 12c 16 32]
POC    9 LId:  0 TId: 5 ( TRAIL, B-SLICE, QP 41 )      13128 bits [Y 37.3888 dB    U 42.9957 dB    V 43.0191 dB] [ET    79 ] [L0 8 4] [L1 10c 12]
POC   11 LId:  0 TId: 5 ( TRAIL, B-SLICE, QP 41 )      10744 bits [Y 37.4370 dB    U 43.0576 dB    V 43.0851 dB] [ET    68 ] [L0 10c 8] [L1 12 16]
POC   14 LId:  0 TId: 4 ( TRAIL, B-SLICE, QP 40 )      17896 bits [Y 37.7056 dB    U 43.0881 dB    V 43.4721 dB] [ET   124 ] [L0 12c 10 8 0] [L1 16 32]
POC   13 LId:  0 TId: 5 ( TRAIL, B-SLICE, QP 41 )       8992 bits [Y 37.5664 dB    U 43.0577 dB    V 43.2430 dB] [ET    62 ] [L0 12 8] [L1 14c 16]
POC   15 LId:  0 TId: 5 ( TRAIL, B-SLICE, QP 41 )       8888 bits [Y 37.7109 dB    U 43.1563 dB    V 43.4260 dB] [ET    63 ] [L0 14c 12] [L1 16 32]
POC   24 LId:  0 TId: 2 ( TRAIL, B-SLICE, QP 35 )      72776 bits [Y 38.0900 dB    U 42.8258 dB    V 43.4355 dB] [ET   277 ] [L0 16c 8 0] [L1 32]
POC   20 LId:  0 TId: 3 ( TRAIL, B-SLICE, QP 38 )      36256 bits [Y 37.8792 dB    U 43.0800 dB    V 43.5499 dB] [ET   186 ] [L0 16 8 0] [L1 24c 32]
POC   18 LId:  0 TId: 4 ( TRAIL, B-SLICE, QP 40 )      18472 bits [Y 37.6705 dB    U 43.0102 dB    V 43.3473 dB] [ET   111 ] [L0 16 8 0] [L1 20c 24 32]
POC   17 LId:  0 TId: 5 ( TRAIL, B-SLICE, QP 41 )       8184 bits [Y 37.7033 dB    U 43.0994 dB    V 43.3395 dB] [ET    52 ] [L0 16 8] [L1 18c 20]
POC   19 LId:  0 TId: 5 ( TRAIL, B-SLICE, QP 41 )       9112 bits [Y 37.5310 dB    U 43.0154 dB    V 43.3638 dB] [ET    55 ] [L0 18c 16] [L1 20 24]
POC   22 LId:  0 TId: 4 ( TRAIL, B-SLICE, QP 40 )      20744 bits [Y 37.5535 dB    U 42.8354 dB    V 43.2473 dB] [ET   133 ] [L0 20c 16 0] [L1 24 32 18]
POC   21 LId:  0 TId: 5 ( TRAIL, B-SLICE, QP 41 )      10000 bits [Y 37.4748 dB    U 42.8066 dB    V 43.2171 dB] [ET    64 ] [L0 20 16] [L1 22c 24]
POC   23 LId:  0 TId: 5 ( TRAIL, B-SLICE, QP 41 )      11624 bits [Y 37.4939 dB    U 42.7400 dB    V 43.1947 dB] [ET    73 ] [L0 22c 20] [L1 24 32]
POC   28 LId:  0 TId: 3 ( TRAIL, B-SLICE, QP 38 )      50392 bits [Y 37.4617 dB    U 42.5776 dB    V 42.9934 dB] [ET   227 ] [L0 24c 20 16 0] [L1 32]
POC   26 LId:  0 TId: 4 ( TRAIL, B-SLICE, QP 40 )      25000 bits [Y 37.2162 dB    U 42.6393 dB    V 43.0808 dB] [ET   146 ] [L0 24 20 16 0] [L1 28c 32]
POC   25 LId:  0 TId: 5 ( TRAIL, B-SLICE, QP 41 )      12664 bits [Y 37.2735 dB    U 42.6678 dB    V 43.1227 dB] [ET    76 ] [L0 24 20] [L1 26c 28]
POC   27 LId:  0 TId: 5 ( TRAIL, B-SLICE, QP 41 )      13304 bits [Y 36.9790 dB    U 42.5150 dB    V 42.8801 dB] [ET    75 ] [L0 26c 24] [L1 28 32]
POC   30 LId:  0 TId: 4 ( TRAIL, B-SLICE, QP 40 )      24888 bits [Y 37.2493 dB    U 42.6978 dB    V 43.1414 dB] [ET   145 ] [L0 28c 24 16 0] [L1 32]
POC   29 LId:  0 TId: 5 ( TRAIL, B-SLICE, QP 41 )      12744 bits [Y 36.9706 dB    U 42.5728 dB    V 42.8718 dB] [ET    74 ] [L0 28 24] [L1 30c 32]
POC   31 LId:  0 TId: 5 ( TRAIL, B-SLICE, QP 41 )      12168 bits [Y 37.3891 dB    U 42.9215 dB    V 43.3762 dB] [ET    68 ] [L0 30c 28] [L1 32]

LayerId  0
	Total Frames |  Bitrate      Y-PSNR   U-PSNR   V-PSNR   YUV-PSNR 
	33           a  1806.0848    37.6286  43.0112  43.3395  38.8057  

 finished @ Tue Aug 19 03:22:42 2025
 Total Time:     4482.891 sec. [user]     4482.891 sec. [elapsed]
