
VVCSoftware: VTM Encoder Version 23.11 [Windows][VS 1944][64 bit] [SIMD=AVX2] 

TOOL CFG: IBD:1 HAD:1 RDQ:1 RDQTS:1 LQP:0 SQP:0 ASR:0 MinSearchWindow:96 RestrictMESampling:0 FEN:1 ECU:0 FDM:1 ESD:0 TransformSkip:1 TransformSkipFast:1 TransformSkipLog2MaxSize:5 ChromaTS:1 BDPCM:0 Tiles: 1x1 Slices: 1 MCTS:0 SAO:1 ALF:1 CCALF:1 MaxNumALFAPS 8 AlfapsIDShift 0 ConstantJointCbCrSignFlagWPP:0 WPB:0 PME:2  WaveFrontSynchro:0 WaveFrontSubstreams:1 ScalingList:0 TMVPMode:1  DQ:1  SignBitHidingFlag:0 RecalQP:0 
TOOL CFG: LFNST:1 MMVD:1 Affine:1 AffineType:1 AdaptBypassAffineMe:0 PROF:1 SbTMVP:1 DualITree:1 IMV:1 BIO:1 LMChroma:1 HorCollocatedChroma:1 VerCollocatedChroma:0 MTS:1(explicit intra) SBT:1 ISP:1 SMVD:1 CompositeLTReference:0 Bcw:1 BcwFast:1 LADF:0 CIIP:1 Geo:1 AllowDisFracMMVD:1 AffineAmvr:1 AffineAmvrEncOpt:1 AffineAmvp:1 DMVR:1 MmvdDisNum:6 JointCbCr:1 ACT:0 PLT:0 IBC:0 HashME:0 WrapAround:0 VirtualBoundariesEnabledFlag:0 VirtualBoundariesPresentInSPSFlag:1 vertical virtual boundaries:[ ] horizontal virtual boundaries:[ ] Reshape:1 (Signal:SDR Opt:0 CSoffset:6) MRL:1 MIP:1 EncDbOpt:1 AlfLambdaOpt:0 
FAST TOOL CFG: LCTUFast:1 FastMrg:1 MaxMergeRdCandNumTotal:7 MergeRdCandQuotaRegular:4 MergeRdCandQuotaRegularSmallBlk:4 MergeRdCandQuotaSubBlk:2 MergeRdCandQuotaCiip:1 MergeRdCandQuotaGpm:8 PBIntraFast:1 IMV4PelFast:1 MTSMaxCand: 4(intra) 4(inter) ISPFast:0 FastLFNST:0 AMaxBT:1 E0023FastEnc:1 ContentBasedFastQtbt:0 UseNonLinearAlfLuma:1 UseNonLinearAlfChroma:1 MaxNumAlfAlternativesChroma:8 FastMIP:0 TTFastSkip:31 TTFastSkipThr:1.075 FastLocalDualTree:1 RPR:0 TemporalFilter:4/4 SEI CTI:0 BIM:0 SEI FGC:0 SEI processing Order:0 DPF:0 


 started @ Mon Aug 18 21:39:05 2025
POC    0 LId:  0 TId: 0 ( IDR_N_LP, I-SLICE, QP 29 )      52784 bits [Y 38.9162 dB    U 41.9833 dB    V 41.9847 dB] [ET    21 ] [L0] [L1]
POC   32 LId:  0 TId: 0 ( TRAIL, B-SLICE, QP 31 )      22320 bits [Y 38.1357 dB    U 42.0391 dB    V 41.6940 dB] [ET   315 ] [L0 0] [L1 0c]
POC   16 LId:  0 TId: 1 ( STSA, B-SLICE, QP 34 )       9352 bits [Y 36.7956 dB    U 41.1481 dB    V 39.9743 dB] [ET   340 ] [L0 0 32] [L1 32c]
POC    8 LId:  0 TId: 2 ( TRAIL, B-SLICE, QP 35 )       6296 bits [Y 36.6615 dB    U 41.2045 dB    V 39.9626 dB] [ET   421 ] [L0 0 16 32] [L1 16c 32]
POC    4 LId:  0 TId: 3 ( TRAIL, B-SLICE, QP 38 )       3240 bits [Y 36.0386 dB    U 41.3089 dB    V 40.5857 dB] [ET   460 ] [L0 0 8 16] [L1 8c 16 32]
POC    2 LId:  0 TId: 4 ( TRAIL, B-SLICE, QP 40 )       1176 bits [Y 36.2738 dB    U 41.5794 dB    V 40.7660 dB] [ET   306 ] [L0 0 4 8] [L1 4c 8 16 32]
POC    1 LId:  0 TId: 5 ( TRAIL, B-SLICE, QP 41 )        520 bits [Y 36.9183 dB    U 41.7664 dB    V 41.1714 dB] [ET    56 ] [L0 0] [L1 2c 4]
POC    3 LId:  0 TId: 5 ( TRAIL, B-SLICE, QP 41 )        368 bits [Y 35.7819 dB    U 41.4525 dB    V 40.4685 dB] [ET    74 ] [L0 2c 0] [L1 4 8]
POC    6 LId:  0 TId: 4 ( TRAIL, B-SLICE, QP 40 )       1240 bits [Y 35.4099 dB    U 41.1669 dB    V 40.0596 dB] [ET   351 ] [L0 4c 2 0] [L1 8 16 32]
POC    5 LId:  0 TId: 5 ( TRAIL, B-SLICE, QP 41 )        304 bits [Y 35.5363 dB    U 41.2085 dB    V 40.2660 dB] [ET    69 ] [L0 4 0] [L1 6c 8]
POC    7 LId:  0 TId: 5 ( TRAIL, B-SLICE, QP 41 )        408 bits [Y 35.6069 dB    U 41.1246 dB    V 39.9438 dB] [ET    91 ] [L0 6c 4] [L1 8 16]
POC   12 LId:  0 TId: 3 ( TRAIL, B-SLICE, QP 38 )       3552 bits [Y 35.8333 dB    U 41.0695 dB    V 39.9029 dB] [ET   557 ] [L0 8c 4 0] [L1 16 32]
POC   10 LId:  0 TId: 4 ( TRAIL, B-SLICE, QP 40 )       1360 bits [Y 35.4734 dB    U 41.2372 dB    V 40.0702 dB] [ET   329 ] [L0 8 6 4 0] [L1 12c 16 32]
POC    9 LId:  0 TId: 5 ( TRAIL, B-SLICE, QP 41 )        416 bits [Y 35.5504 dB    U 41.2850 dB    V 40.1533 dB] [ET    87 ] [L0 8 4] [L1 10c 12]
POC   11 LId:  0 TId: 5 ( TRAIL, B-SLICE, QP 41 )        592 bits [Y 35.3779 dB    U 41.0802 dB    V 39.9152 dB] [ET   106 ] [L0 10c 8] [L1 12 16]
POC   14 LId:  0 TId: 4 ( TRAIL, B-SLICE, QP 40 )        896 bits [Y 35.4551 dB    U 41.2084 dB    V 39.8735 dB] [ET   267 ] [L0 12c 10 8 0] [L1 16 32]
POC   13 LId:  0 TId: 5 ( TRAIL, B-SLICE, QP 41 )        344 bits [Y 35.3284 dB    U 41.2047 dB    V 39.8208 dB] [ET    81 ] [L0 12 8] [L1 14c 16]
POC   15 LId:  0 TId: 5 ( TRAIL, B-SLICE, QP 41 )        240 bits [Y 35.7849 dB    U 41.2242 dB    V 39.8592 dB] [ET    62 ] [L0 14c 12] [L1 16 32]
POC   24 LId:  0 TId: 2 ( TRAIL, B-SLICE, QP 35 )       6680 bits [Y 36.3505 dB    U 41.3653 dB    V 39.8203 dB] [ET   556 ] [L0 16c 8 0] [L1 32]
POC   20 LId:  0 TId: 3 ( TRAIL, B-SLICE, QP 38 )       3160 bits [Y 35.6672 dB    U 41.4354 dB    V 40.2688 dB] [ET   538 ] [L0 16 8 0] [L1 24c 32]
POC   18 LId:  0 TId: 4 ( TRAIL, B-SLICE, QP 40 )       1024 bits [Y 35.3980 dB    U 41.4779 dB    V 39.8995 dB] [ET   327 ] [L0 16 8 0] [L1 20c 24 32]
POC   17 LId:  0 TId: 5 ( TRAIL, B-SLICE, QP 41 )        344 bits [Y 35.9294 dB    U 41.3174 dB    V 39.8491 dB] [ET    75 ] [L0 16 8] [L1 18c 20]
POC   19 LId:  0 TId: 5 ( TRAIL, B-SLICE, QP 41 )        312 bits [Y 35.4104 dB    U 41.4944 dB    V 40.0478 dB] [ET    70 ] [L0 18c 16] [L1 20 24]
POC   22 LId:  0 TId: 4 ( TRAIL, B-SLICE, QP 40 )        952 bits [Y 35.3121 dB    U 41.3870 dB    V 39.9354 dB] [ET   370 ] [L0 20c 16 0] [L1 24 32 18]
POC   21 LId:  0 TId: 5 ( TRAIL, B-SLICE, QP 41 )        280 bits [Y 35.3567 dB    U 41.3722 dB    V 39.8816 dB] [ET    67 ] [L0 20 16] [L1 22c 24]
POC   23 LId:  0 TId: 5 ( TRAIL, B-SLICE, QP 41 )        304 bits [Y 35.7174 dB    U 41.3739 dB    V 39.9451 dB] [ET    74 ] [L0 22c 20] [L1 24 32]
POC   28 LId:  0 TId: 3 ( TRAIL, B-SLICE, QP 38 )       2832 bits [Y 35.7991 dB    U 41.5064 dB    V 40.3671 dB] [ET   395 ] [L0 24c 20 16 0] [L1 32]
POC   26 LId:  0 TId: 4 ( TRAIL, B-SLICE, QP 40 )        832 bits [Y 35.3062 dB    U 41.5010 dB    V 40.0246 dB] [ET   226 ] [L0 24 20 16 0] [L1 28c 32]
POC   25 LId:  0 TId: 5 ( TRAIL, B-SLICE, QP 41 )        288 bits [Y 35.7676 dB    U 41.5412 dB    V 40.0908 dB] [ET    56 ] [L0 24 20] [L1 26c 28]
POC   27 LId:  0 TId: 5 ( TRAIL, B-SLICE, QP 41 )        304 bits [Y 35.3884 dB    U 41.5525 dB    V 40.0929 dB] [ET    62 ] [L0 26c 24] [L1 28 32]
POC   30 LId:  0 TId: 4 ( TRAIL, B-SLICE, QP 40 )       1032 bits [Y 35.8848 dB    U 41.8274 dB    V 40.9137 dB] [ET   195 ] [L0 28c 24 16 0] [L1 32]
POC   29 LId:  0 TId: 5 ( TRAIL, B-SLICE, QP 41 )        216 bits [Y 35.4949 dB    U 41.6359 dB    V 40.1552 dB] [ET    49 ] [L0 28 24] [L1 30c 32]
POC   31 LId:  0 TId: 5 ( TRAIL, B-SLICE, QP 41 )        336 bits [Y 36.4901 dB    U 41.9244 dB    V 40.9080 dB] [ET    38 ] [L0 30c 28] [L1 32]

LayerId  0
	Total Frames |  Bitrate      Y-PSNR   U-PSNR   V-PSNR   YUV-PSNR 
	33           a  188.3394     35.9440  41.4244  40.2628  36.9905  

 finished @ Mon Aug 18 23:37:19 2025
 Total Time:     7093.536 sec. [user]     7093.536 sec. [elapsed]
