
VVCSoftware: VTM Encoder Version 23.11 [Windows][VS 1944][64 bit] [SIMD=AVX2] 

TOOL CFG: IBD:1 HAD:1 RDQ:1 RDQTS:1 LQP:0 SQP:0 ASR:1 MinSearchWindow:96 RestrictMESampling:0 FEN:1 ECU:0 FDM:1 ESD:0 TransformSkip:1 TransformSkipFast:1 TransformSkipLog2MaxSize:5 ChromaTS:1 BDPCM:0 Tiles: 1x1 Slices: 1 MCTS:0 SAO:1 ALF:0 CCALF:0 MaxNumALFAPS 8 AlfapsIDShift 0 ConstantJointCbCrSignFlagWPP:0 WPB:0 PME:2  WaveFrontSynchro:0 WaveFrontSubstreams:1 ScalingList:0 TMVPMode:1  DQ:1  SignBitHidingFlag:0 RecalQP:0 
TOOL CFG: LFNST:1 MMVD:1 Affine:1 AffineType:1 AdaptBypassAffineMe:0 PROF:1 SbTMVP:1 DualITree:1 IMV:1 BIO:1 LMChroma:1 HorCollocatedChroma:1 VerCollocatedChroma:0 MTS:1(explicit intra) SBT:1 ISP:1 SMVD:1 CompositeLTReference:0 Bcw:1 BcwFast:1 LADF:0 CIIP:1 Geo:1 AllowDisFracMMVD:1 AffineAmvr:1 AffineAmvrEncOpt:1 AffineAmvp:1 DMVR:1 MmvdDisNum:6 JointCbCr:1 ACT:0 PLT:0 IBC:0 HashME:0 WrapAround:0 VirtualBoundariesEnabledFlag:0 VirtualBoundariesPresentInSPSFlag:1 vertical virtual boundaries:[ ] horizontal virtual boundaries:[ ] Reshape:1 (Signal:SDR Opt:0 CSoffset:6) MRL:1 MIP:1 EncDbOpt:1 AlfLambdaOpt:0 
FAST TOOL CFG: LCTUFast:1 FastMrg:1 MaxMergeRdCandNumTotal:7 MergeRdCandQuotaRegular:4 MergeRdCandQuotaRegularSmallBlk:4 MergeRdCandQuotaSubBlk:2 MergeRdCandQuotaCiip:1 MergeRdCandQuotaGpm:8 PBIntraFast:1 IMV4PelFast:1 MTSMaxCand: 4(intra) 4(inter) ISPFast:0 FastLFNST:0 AMaxBT:1 E0023FastEnc:1 ContentBasedFastQtbt:0 UseNonLinearAlfLuma:1 UseNonLinearAlfChroma:1 MaxNumAlfAlternativesChroma:8 FastMIP:0 TTFastSkip:31 TTFastSkipThr:1.075 FastLocalDualTree:1 RPR:0 TemporalFilter:4/4 SEI CTI:0 BIM:0 SEI FGC:0 SEI processing Order:0 DPF:0 


 started @ Mon Aug 18 20:08:45 2025
POC    0 LId:  0 TId: 0 ( IDR_N_LP, I-SLICE, QP 29 )    1000720 bits [Y 35.8382 dB    U 40.1024 dB    V 42.2972 dB] [ET   276 ] [L0] [L1]
POC   32 LId:  0 TId: 0 ( TRAIL, B-SLICE, QP 31 )     163264 bits [Y 34.8826 dB    U 39.9614 dB    V 42.2387 dB] [ET   258 ] [L0 0] [L1 0c]
POC   16 LId:  0 TId: 1 ( STSA, B-SLICE, QP 34 )      77048 bits [Y 34.2832 dB    U 39.8418 dB    V 42.1492 dB] [ET   177 ] [L0 0 32] [L1 32c]
POC    8 LId:  0 TId: 2 ( TRAIL, B-SLICE, QP 35 )      48568 bits [Y 34.1484 dB    U 39.8379 dB    V 42.1045 dB] [ET   158 ] [L0 0 16 32] [L1 16c 32]
POC    4 LId:  0 TId: 3 ( TRAIL, B-SLICE, QP 38 )      17536 bits [Y 33.9825 dB    U 39.9078 dB    V 42.1438 dB] [ET    92 ] [L0 0 8 16] [L1 8c 16 32]
POC    2 LId:  0 TId: 4 ( TRAIL, B-SLICE, QP 40 )       7040 bits [Y 34.1481 dB    U 39.9553 dB    V 42.1620 dB] [ET    54 ] [L0 0 4 8] [L1 4c 8 16 32]
POC    1 LId:  0 TId: 5 ( TRAIL, B-SLICE, QP 41 )       2680 bits [Y 34.6523 dB    U 40.0498 dB    V 42.2314 dB] [ET    27 ] [L0 0] [L1 2c 4]
POC    3 LId:  0 TId: 5 ( TRAIL, B-SLICE, QP 41 )       2864 bits [Y 33.9430 dB    U 39.9084 dB    V 42.1267 dB] [ET    28 ] [L0 2c 0] [L1 4 8]
POC    6 LId:  0 TId: 4 ( TRAIL, B-SLICE, QP 40 )       6696 bits [Y 34.1372 dB    U 39.8796 dB    V 42.1314 dB] [ET    54 ] [L0 4c 2 0] [L1 8 16 32]
POC    5 LId:  0 TId: 5 ( TRAIL, B-SLICE, QP 41 )       1944 bits [Y 33.9262 dB    U 39.8783 dB    V 42.1140 dB] [ET    28 ] [L0 4 0] [L1 6c 8]
POC    7 LId:  0 TId: 5 ( TRAIL, B-SLICE, QP 41 )       2056 bits [Y 34.0097 dB    U 39.8390 dB    V 42.1127 dB] [ET    28 ] [L0 6c 4] [L1 8 16]
POC   12 LId:  0 TId: 3 ( TRAIL, B-SLICE, QP 38 )      17904 bits [Y 34.0967 dB    U 39.8616 dB    V 42.1464 dB] [ET    89 ] [L0 8c 4 0] [L1 16 32]
POC   10 LId:  0 TId: 4 ( TRAIL, B-SLICE, QP 40 )       6152 bits [Y 33.7812 dB    U 39.8086 dB    V 42.0733 dB] [ET    59 ] [L0 8 6 4 0] [L1 12c 16 32]
POC    9 LId:  0 TId: 5 ( TRAIL, B-SLICE, QP 41 )       2208 bits [Y 33.8476 dB    U 39.7974 dB    V 42.0826 dB] [ET    27 ] [L0 8 4] [L1 10c 12]
POC   11 LId:  0 TId: 5 ( TRAIL, B-SLICE, QP 41 )       1888 bits [Y 33.8468 dB    U 39.8129 dB    V 42.0984 dB] [ET    28 ] [L0 10c 8] [L1 12 16]
POC   14 LId:  0 TId: 4 ( TRAIL, B-SLICE, QP 40 )       6168 bits [Y 33.9312 dB    U 39.8111 dB    V 42.1037 dB] [ET    52 ] [L0 12c 10 8 0] [L1 16 32]
POC   13 LId:  0 TId: 5 ( TRAIL, B-SLICE, QP 41 )       1688 bits [Y 33.8729 dB    U 39.8258 dB    V 42.1058 dB] [ET    27 ] [L0 12 8] [L1 14c 16]
POC   15 LId:  0 TId: 5 ( TRAIL, B-SLICE, QP 41 )       2000 bits [Y 34.0076 dB    U 39.8193 dB    V 42.1181 dB] [ET    28 ] [L0 14c 12] [L1 16 32]
POC   24 LId:  0 TId: 2 ( TRAIL, B-SLICE, QP 35 )      48312 bits [Y 34.3257 dB    U 39.8510 dB    V 42.2042 dB] [ET   138 ] [L0 16c 8 0] [L1 32]
POC   20 LId:  0 TId: 3 ( TRAIL, B-SLICE, QP 38 )      18712 bits [Y 34.0217 dB    U 39.8189 dB    V 42.1286 dB] [ET    90 ] [L0 16 8 0] [L1 24c 32]
POC   18 LId:  0 TId: 4 ( TRAIL, B-SLICE, QP 40 )       5832 bits [Y 33.9395 dB    U 39.8012 dB    V 42.1012 dB] [ET    51 ] [L0 16 8 0] [L1 20c 24 32]
POC   17 LId:  0 TId: 5 ( TRAIL, B-SLICE, QP 41 )       2096 bits [Y 33.9638 dB    U 39.8275 dB    V 42.1299 dB] [ET    29 ] [L0 16 8] [L1 18c 20]
POC   19 LId:  0 TId: 5 ( TRAIL, B-SLICE, QP 41 )       2088 bits [Y 33.7808 dB    U 39.8000 dB    V 42.1010 dB] [ET    27 ] [L0 18c 16] [L1 20 24]
POC   22 LId:  0 TId: 4 ( TRAIL, B-SLICE, QP 40 )       6144 bits [Y 33.9358 dB    U 39.7870 dB    V 42.1145 dB] [ET    52 ] [L0 20c 16 0] [L1 24 32 18]
POC   21 LId:  0 TId: 5 ( TRAIL, B-SLICE, QP 41 )       2048 bits [Y 33.8448 dB    U 39.7972 dB    V 42.1091 dB] [ET    28 ] [L0 20 16] [L1 22c 24]
POC   23 LId:  0 TId: 5 ( TRAIL, B-SLICE, QP 41 )       2072 bits [Y 34.0011 dB    U 39.7865 dB    V 42.0983 dB] [ET    28 ] [L0 22c 20] [L1 24 32]
POC   28 LId:  0 TId: 3 ( TRAIL, B-SLICE, QP 38 )      16864 bits [Y 34.1982 dB    U 39.8237 dB    V 42.1042 dB] [ET    83 ] [L0 24c 20 16 0] [L1 32]
POC   26 LId:  0 TId: 4 ( TRAIL, B-SLICE, QP 40 )       7368 bits [Y 33.8260 dB    U 39.8208 dB    V 42.1468 dB] [ET    57 ] [L0 24 20 16 0] [L1 28c 32]
POC   25 LId:  0 TId: 5 ( TRAIL, B-SLICE, QP 41 )       2000 bits [Y 34.0087 dB    U 39.8042 dB    V 42.1347 dB] [ET    27 ] [L0 24 20] [L1 26c 28]
POC   27 LId:  0 TId: 5 ( TRAIL, B-SLICE, QP 41 )       2400 bits [Y 33.8359 dB    U 39.7998 dB    V 42.1016 dB] [ET    29 ] [L0 26c 24] [L1 28 32]
POC   30 LId:  0 TId: 4 ( TRAIL, B-SLICE, QP 40 )       6680 bits [Y 33.9952 dB    U 39.8995 dB    V 42.1762 dB] [ET    51 ] [L0 28c 24 16 0] [L1 32]
POC   29 LId:  0 TId: 5 ( TRAIL, B-SLICE, QP 41 )       2024 bits [Y 33.8959 dB    U 39.7986 dB    V 42.0689 dB] [ET    28 ] [L0 28 24] [L1 30c 32]
POC   31 LId:  0 TId: 5 ( TRAIL, B-SLICE, QP 41 )       1968 bits [Y 34.3073 dB    U 39.9051 dB    V 42.1726 dB] [ET    25 ] [L0 30c 28] [L1 32]

LayerId  0
	Total Frames |  Bitrate      Y-PSNR   U-PSNR   V-PSNR   YUV-PSNR 
	33           a  2718.2400    34.0974  39.8551  42.1343  35.4077  

 finished @ Mon Aug 18 20:46:02 2025
 Total Time:     2236.529 sec. [user]     2236.529 sec. [elapsed]
