
VVCSoftware: VTM Encoder Version 23.11 [Windows][VS 1944][64 bit] [SIMD=AVX2] 

TOOL CFG: IBD:1 HAD:1 RDQ:1 RDQTS:1 LQP:0 SQP:0 ASR:1 MinSearchWindow:96 RestrictMESampling:0 FEN:1 ECU:0 FDM:1 ESD:0 TransformSkip:1 TransformSkipFast:1 TransformSkipLog2MaxSize:5 ChromaTS:1 BDPCM:0 Tiles: 1x1 Slices: 1 MCTS:0 SAO:0 ALF:1 CCALF:1 MaxNumALFAPS 8 AlfapsIDShift 0 ConstantJointCbCrSignFlagWPP:0 WPB:0 PME:2  WaveFrontSynchro:0 WaveFrontSubstreams:1 ScalingList:0 TMVPMode:1  DQ:1  SignBitHidingFlag:0 RecalQP:0 
TOOL CFG: LFNST:1 MMVD:1 Affine:1 AffineType:1 AdaptBypassAffineMe:0 PROF:1 SbTMVP:1 DualITree:1 IMV:1 BIO:1 LMChroma:1 HorCollocatedChroma:1 VerCollocatedChroma:0 MTS:1(explicit intra) SBT:1 ISP:1 SMVD:1 CompositeLTReference:0 Bcw:1 BcwFast:1 LADF:0 CIIP:1 Geo:1 AllowDisFracMMVD:1 AffineAmvr:1 AffineAmvrEncOpt:1 AffineAmvp:1 DMVR:1 MmvdDisNum:6 JointCbCr:1 ACT:0 PLT:0 IBC:0 HashME:0 WrapAround:0 VirtualBoundariesEnabledFlag:0 VirtualBoundariesPresentInSPSFlag:1 vertical virtual boundaries:[ ] horizontal virtual boundaries:[ ] Reshape:1 (Signal:SDR Opt:0 CSoffset:6) MRL:1 MIP:1 EncDbOpt:1 AlfLambdaOpt:0 
FAST TOOL CFG: LCTUFast:1 FastMrg:1 MaxMergeRdCandNumTotal:7 MergeRdCandQuotaRegular:4 MergeRdCandQuotaRegularSmallBlk:4 MergeRdCandQuotaSubBlk:2 MergeRdCandQuotaCiip:1 MergeRdCandQuotaGpm:8 PBIntraFast:1 IMV4PelFast:1 MTSMaxCand: 4(intra) 4(inter) ISPFast:0 FastLFNST:0 AMaxBT:1 E0023FastEnc:1 ContentBasedFastQtbt:0 UseNonLinearAlfLuma:1 UseNonLinearAlfChroma:1 MaxNumAlfAlternativesChroma:8 FastMIP:0 TTFastSkip:31 TTFastSkipThr:1.075 FastLocalDualTree:1 RPR:0 TemporalFilter:4/4 SEI CTI:0 BIM:0 SEI FGC:0 SEI processing Order:0 DPF:0 


 started @ Mon Aug 18 17:29:31 2025
POC    0 LId:  0 TId: 0 ( IDR_N_LP, I-SLICE, QP 19 )     144104 bits [Y 45.2854 dB    U 47.7776 dB    V 48.0019 dB] [ET    37 ] [L0] [L1]
POC   32 LId:  0 TId: 0 ( TRAIL, B-SLICE, QP 21 )      60984 bits [Y 44.6524 dB    U 46.9638 dB    V 47.0696 dB] [ET    40 ] [L0 0] [L1 0c]
POC   16 LId:  0 TId: 1 ( STSA, B-SLICE, QP 22 )      34408 bits [Y 44.0858 dB    U 46.4651 dB    V 46.5738 dB] [ET    22 ] [L0 0 32] [L1 32c]
POC    8 LId:  0 TId: 2 ( TRAIL, B-SLICE, QP 23 )      25776 bits [Y 43.9191 dB    U 46.4631 dB    V 46.4736 dB] [ET    20 ] [L0 0 16 32] [L1 16c 32]
POC    4 LId:  0 TId: 3 ( TRAIL, B-SLICE, QP 26 )      15560 bits [Y 43.0998 dB    U 46.0698 dB    V 45.6369 dB] [ET    16 ] [L0 0 8 16] [L1 8c 16 32]
POC    2 LId:  0 TId: 4 ( TRAIL, B-SLICE, QP 28 )       7376 bits [Y 42.8426 dB    U 46.4824 dB    V 45.9021 dB] [ET    11 ] [L0 0 4 8] [L1 4c 8 16 32]
POC    1 LId:  0 TId: 5 ( TRAIL, B-SLICE, QP 29 )       2992 bits [Y 42.8654 dB    U 46.8038 dB    V 46.2285 dB] [ET     5 ] [L0 0] [L1 2c 4]
POC    3 LId:  0 TId: 5 ( TRAIL, B-SLICE, QP 29 )       3432 bits [Y 42.3365 dB    U 46.0868 dB    V 45.4090 dB] [ET     7 ] [L0 2c 0] [L1 4 8]
POC    6 LId:  0 TId: 4 ( TRAIL, B-SLICE, QP 28 )       8504 bits [Y 42.3047 dB    U 45.8073 dB    V 45.3025 dB] [ET    12 ] [L0 4c 2 0] [L1 8 16 32]
POC    5 LId:  0 TId: 5 ( TRAIL, B-SLICE, QP 29 )       2848 bits [Y 42.1287 dB    U 45.6286 dB    V 45.2055 dB] [ET     6 ] [L0 4 0] [L1 6c 8]
POC    7 LId:  0 TId: 5 ( TRAIL, B-SLICE, QP 29 )       3328 bits [Y 42.2282 dB    U 45.8133 dB    V 45.3943 dB] [ET     6 ] [L0 6c 4] [L1 8 16]
POC   12 LId:  0 TId: 3 ( TRAIL, B-SLICE, QP 26 )      15256 bits [Y 43.0788 dB    U 46.0939 dB    V 45.2824 dB] [ET    14 ] [L0 8c 4 0] [L1 16 32]
POC   10 LId:  0 TId: 4 ( TRAIL, B-SLICE, QP 28 )       7936 bits [Y 42.4953 dB    U 45.9528 dB    V 45.3360 dB] [ET    20 ] [L0 8 6 4 0] [L1 12c 16 32]
POC    9 LId:  0 TId: 5 ( TRAIL, B-SLICE, QP 29 )       3728 bits [Y 42.3458 dB    U 46.0989 dB    V 45.7757 dB] [ET     9 ] [L0 8 4] [L1 10c 12]
POC   11 LId:  0 TId: 5 ( TRAIL, B-SLICE, QP 29 )       3576 bits [Y 42.1228 dB    U 45.9098 dB    V 45.0084 dB] [ET     8 ] [L0 10c 8] [L1 12 16]
POC   14 LId:  0 TId: 4 ( TRAIL, B-SLICE, QP 28 )       6880 bits [Y 42.6127 dB    U 46.1144 dB    V 45.5405 dB] [ET    10 ] [L0 12c 10 8 0] [L1 16 32]
POC   13 LId:  0 TId: 5 ( TRAIL, B-SLICE, QP 29 )       2584 bits [Y 42.2913 dB    U 46.0101 dB    V 45.1894 dB] [ET     6 ] [L0 12 8] [L1 14c 16]
POC   15 LId:  0 TId: 5 ( TRAIL, B-SLICE, QP 29 )       2040 bits [Y 42.7409 dB    U 46.2034 dB    V 45.8293 dB] [ET     5 ] [L0 14c 12] [L1 16 32]
POC   24 LId:  0 TId: 2 ( TRAIL, B-SLICE, QP 23 )      26928 bits [Y 43.7843 dB    U 46.2673 dB    V 46.1593 dB] [ET    15 ] [L0 16c 8 0] [L1 32]
POC   20 LId:  0 TId: 3 ( TRAIL, B-SLICE, QP 26 )      15288 bits [Y 43.0677 dB    U 45.8604 dB    V 45.3611 dB] [ET    13 ] [L0 16 8 0] [L1 24c 32]
POC   18 LId:  0 TId: 4 ( TRAIL, B-SLICE, QP 28 )       6800 bits [Y 42.4312 dB    U 46.0660 dB    V 45.6194 dB] [ET    10 ] [L0 16 8 0] [L1 20c 24 32]
POC   17 LId:  0 TId: 5 ( TRAIL, B-SLICE, QP 29 )       2168 bits [Y 42.6327 dB    U 46.1386 dB    V 45.7560 dB] [ET     6 ] [L0 16 8] [L1 18c 20]
POC   19 LId:  0 TId: 5 ( TRAIL, B-SLICE, QP 29 )       2048 bits [Y 42.2485 dB    U 45.9544 dB    V 45.3810 dB] [ET     6 ] [L0 18c 16] [L1 20 24]
POC   22 LId:  0 TId: 4 ( TRAIL, B-SLICE, QP 28 )       6696 bits [Y 42.3796 dB    U 45.8222 dB    V 44.9606 dB] [ET     9 ] [L0 20c 16 0] [L1 24 32 18]
POC   21 LId:  0 TId: 5 ( TRAIL, B-SLICE, QP 29 )       2072 bits [Y 42.1909 dB    U 45.8688 dB    V 44.9924 dB] [ET     5 ] [L0 20 16] [L1 22c 24]
POC   23 LId:  0 TId: 5 ( TRAIL, B-SLICE, QP 29 )       1712 bits [Y 42.3409 dB    U 46.1249 dB    V 45.2649 dB] [ET     6 ] [L0 22c 20] [L1 24 32]
POC   28 LId:  0 TId: 3 ( TRAIL, B-SLICE, QP 26 )      15248 bits [Y 42.9708 dB    U 46.2132 dB    V 45.6363 dB] [ET    13 ] [L0 24c 20 16 0] [L1 32]
POC   26 LId:  0 TId: 4 ( TRAIL, B-SLICE, QP 28 )       6584 bits [Y 42.3545 dB    U 46.0116 dB    V 45.2813 dB] [ET     9 ] [L0 24 20 16 0] [L1 28c 32]
POC   25 LId:  0 TId: 5 ( TRAIL, B-SLICE, QP 29 )       1872 bits [Y 42.2941 dB    U 46.2854 dB    V 45.6351 dB] [ET     5 ] [L0 24 20] [L1 26c 28]
POC   27 LId:  0 TId: 5 ( TRAIL, B-SLICE, QP 29 )       2088 bits [Y 42.0362 dB    U 46.1333 dB    V 45.1653 dB] [ET     6 ] [L0 26c 24] [L1 28 32]
POC   30 LId:  0 TId: 4 ( TRAIL, B-SLICE, QP 28 )       6880 bits [Y 42.5140 dB    U 46.2710 dB    V 45.3374 dB] [ET     9 ] [L0 28c 24 16 0] [L1 32]
POC   29 LId:  0 TId: 5 ( TRAIL, B-SLICE, QP 29 )       2752 bits [Y 42.1511 dB    U 46.2403 dB    V 45.4399 dB] [ET     6 ] [L0 28 24] [L1 30c 32]
POC   31 LId:  0 TId: 5 ( TRAIL, B-SLICE, QP 29 )       2776 bits [Y 42.6274 dB    U 46.3294 dB    V 45.5793 dB] [ET     6 ] [L0 30c 28] [L1 32]

LayerId  0
	Total Frames |  Bitrate      Y-PSNR   U-PSNR   V-PSNR   YUV-PSNR 
	33           a  686.7030     42.7715  46.1919  45.6585  43.5365  

 finished @ Mon Aug 18 17:35:51 2025
 Total Time:      376.374 sec. [user]      376.374 sec. [elapsed]
