
VVCSoftware: VTM Encoder Version 23.11 [Windows][VS 1944][64 bit] [SIMD=AVX2] 

TOOL CFG: IBD:1 HAD:1 RDQ:1 RDQTS:1 LQP:0 SQP:0 ASR:1 MinSearchWindow:96 RestrictMESampling:0 FEN:1 ECU:0 FDM:1 ESD:0 TransformSkip:1 TransformSkipFast:1 TransformSkipLog2MaxSize:5 ChromaTS:1 BDPCM:0 Tiles: 1x1 Slices: 1 MCTS:0 SAO:1 ALF:1 CCALF:1 MaxNumALFAPS 8 AlfapsIDShift 0 ConstantJointCbCrSignFlagWPP:0 WPB:0 PME:2  WaveFrontSynchro:0 WaveFrontSubstreams:1 ScalingList:0 TMVPMode:1  DQ:1  SignBitHidingFlag:0 RecalQP:0 
TOOL CFG: LFNST:1 MMVD:1 Affine:1 AffineType:1 AdaptBypassAffineMe:0 PROF:1 SbTMVP:1 DualITree:1 IMV:1 BIO:1 LMChroma:1 HorCollocatedChroma:1 VerCollocatedChroma:0 MTS:1(explicit intra) SBT:1 ISP:1 SMVD:1 CompositeLTReference:0 Bcw:1 BcwFast:1 LADF:0 CIIP:1 Geo:1 AllowDisFracMMVD:1 AffineAmvr:1 AffineAmvrEncOpt:1 AffineAmvp:1 DMVR:1 MmvdDisNum:6 JointCbCr:1 ACT:0 PLT:0 IBC:0 HashME:0 WrapAround:0 VirtualBoundariesEnabledFlag:0 VirtualBoundariesPresentInSPSFlag:1 vertical virtual boundaries:[ ] horizontal virtual boundaries:[ ] Reshape:1 (Signal:SDR Opt:0 CSoffset:6) MRL:1 MIP:1 EncDbOpt:1 AlfLambdaOpt:0 
FAST TOOL CFG: LCTUFast:1 FastMrg:1 MaxMergeRdCandNumTotal:7 MergeRdCandQuotaRegular:4 MergeRdCandQuotaRegularSmallBlk:4 MergeRdCandQuotaSubBlk:2 MergeRdCandQuotaCiip:1 MergeRdCandQuotaGpm:8 PBIntraFast:1 IMV4PelFast:1 MTSMaxCand: 4(intra) 4(inter) ISPFast:0 FastLFNST:0 AMaxBT:1 E0023FastEnc:1 ContentBasedFastQtbt:0 UseNonLinearAlfLuma:1 UseNonLinearAlfChroma:1 MaxNumAlfAlternativesChroma:8 FastMIP:0 TTFastSkip:31 TTFastSkipThr:1.075 FastLocalDualTree:1 RPR:0 TemporalFilter:4/4 SEI CTI:0 BIM:0 SEI FGC:0 SEI processing Order:0 DPF:0 


 started @ Mon Aug 18 17:34:08 2025
POC    0 LId:  0 TId: 0 ( IDR_N_LP, I-SLICE, QP 24 )     150608 bits [Y 39.5105 dB    U 41.3586 dB    V 43.3458 dB] [ET    30 ] [L0] [L1]
POC   32 LId:  0 TId: 0 ( TRAIL, B-SLICE, QP 26 )      86320 bits [Y 38.0387 dB    U 40.8920 dB    V 41.7758 dB] [ET    59 ] [L0 0] [L1 0c]
POC   16 LId:  0 TId: 1 ( STSA, B-SLICE, QP 28 )      41104 bits [Y 36.3701 dB    U 39.2805 dB    V 41.5870 dB] [ET    38 ] [L0 0 32] [L1 32c]
POC    8 LId:  0 TId: 2 ( TRAIL, B-SLICE, QP 29 )      24752 bits [Y 36.3453 dB    U 39.8459 dB    V 41.6989 dB] [ET    30 ] [L0 0 16 32] [L1 16c 32]
POC    4 LId:  0 TId: 3 ( TRAIL, B-SLICE, QP 32 )       9528 bits [Y 36.0893 dB    U 40.0471 dB    V 41.9056 dB] [ET    24 ] [L0 0 8 16] [L1 8c 16 32]
POC    2 LId:  0 TId: 4 ( TRAIL, B-SLICE, QP 34 )       4544 bits [Y 36.4657 dB    U 40.4422 dB    V 42.4223 dB] [ET    13 ] [L0 0 4 8] [L1 4c 8 16 32]
POC    1 LId:  0 TId: 5 ( TRAIL, B-SLICE, QP 36 )       1592 bits [Y 37.0899 dB    U 40.7039 dB    V 42.7657 dB] [ET     5 ] [L0 0] [L1 2c 4]
POC    3 LId:  0 TId: 5 ( TRAIL, B-SLICE, QP 36 )       1584 bits [Y 35.7562 dB    U 40.1417 dB    V 42.1326 dB] [ET     5 ] [L0 2c 0] [L1 4 8]
POC    6 LId:  0 TId: 4 ( TRAIL, B-SLICE, QP 34 )       3872 bits [Y 35.5096 dB    U 39.7493 dB    V 41.4375 dB] [ET    12 ] [L0 4c 2 0] [L1 8 16 32]
POC    5 LId:  0 TId: 5 ( TRAIL, B-SLICE, QP 36 )       1376 bits [Y 35.4479 dB    U 39.7912 dB    V 41.5262 dB] [ET     6 ] [L0 4 0] [L1 6c 8]
POC    7 LId:  0 TId: 5 ( TRAIL, B-SLICE, QP 36 )       1224 bits [Y 35.4219 dB    U 39.6886 dB    V 41.5878 dB] [ET     5 ] [L0 6c 4] [L1 8 16]
POC   12 LId:  0 TId: 3 ( TRAIL, B-SLICE, QP 32 )      10992 bits [Y 35.5720 dB    U 39.3822 dB    V 41.6610 dB] [ET    18 ] [L0 8c 4 0] [L1 16 32]
POC   10 LId:  0 TId: 4 ( TRAIL, B-SLICE, QP 34 )       4056 bits [Y 35.2923 dB    U 39.3744 dB    V 41.6653 dB] [ET    13 ] [L0 8 6 4 0] [L1 12c 16 32]
POC    9 LId:  0 TId: 5 ( TRAIL, B-SLICE, QP 36 )        960 bits [Y 35.2968 dB    U 39.5759 dB    V 41.7222 dB] [ET     5 ] [L0 8 4] [L1 10c 12]
POC   11 LId:  0 TId: 5 ( TRAIL, B-SLICE, QP 36 )       1144 bits [Y 34.8840 dB    U 39.2821 dB    V 41.6333 dB] [ET     5 ] [L0 10c 8] [L1 12 16]
POC   14 LId:  0 TId: 4 ( TRAIL, B-SLICE, QP 34 )       4432 bits [Y 35.3161 dB    U 39.1670 dB    V 41.5085 dB] [ET    13 ] [L0 12c 10 8 0] [L1 16 32]
POC   13 LId:  0 TId: 5 ( TRAIL, B-SLICE, QP 36 )       1384 bits [Y 34.9031 dB    U 39.1152 dB    V 41.5253 dB] [ET     6 ] [L0 12 8] [L1 14c 16]
POC   15 LId:  0 TId: 5 ( TRAIL, B-SLICE, QP 36 )       1640 bits [Y 35.2750 dB    U 39.1232 dB    V 41.5017 dB] [ET     6 ] [L0 14c 12] [L1 16 32]
POC   24 LId:  0 TId: 2 ( TRAIL, B-SLICE, QP 29 )      29664 bits [Y 36.0895 dB    U 39.3455 dB    V 41.1864 dB] [ET    30 ] [L0 16c 8 0] [L1 32]
POC   20 LId:  0 TId: 3 ( TRAIL, B-SLICE, QP 32 )      13624 bits [Y 35.2159 dB    U 38.2829 dB    V 40.9606 dB] [ET    20 ] [L0 16 8 0] [L1 24c 32]
POC   18 LId:  0 TId: 4 ( TRAIL, B-SLICE, QP 34 )       4952 bits [Y 35.0773 dB    U 38.8644 dB    V 41.3200 dB] [ET    14 ] [L0 16 8 0] [L1 20c 24 32]
POC   17 LId:  0 TId: 5 ( TRAIL, B-SLICE, QP 36 )       1568 bits [Y 35.2412 dB    U 39.1009 dB    V 41.4962 dB] [ET     6 ] [L0 16 8] [L1 18c 20]
POC   19 LId:  0 TId: 5 ( TRAIL, B-SLICE, QP 36 )       2048 bits [Y 34.7717 dB    U 38.4241 dB    V 41.2078 dB] [ET     7 ] [L0 18c 16] [L1 20 24]
POC   22 LId:  0 TId: 4 ( TRAIL, B-SLICE, QP 34 )       5208 bits [Y 34.7609 dB    U 37.8505 dB    V 40.9095 dB] [ET    19 ] [L0 20c 16 0] [L1 24 32 18]
POC   21 LId:  0 TId: 5 ( TRAIL, B-SLICE, QP 36 )       1616 bits [Y 34.5819 dB    U 38.1793 dB    V 41.0222 dB] [ET     7 ] [L0 20 16] [L1 22c 24]
POC   23 LId:  0 TId: 5 ( TRAIL, B-SLICE, QP 36 )       1984 bits [Y 34.9111 dB    U 38.2904 dB    V 41.1399 dB] [ET     8 ] [L0 22c 20] [L1 24 32]
POC   28 LId:  0 TId: 3 ( TRAIL, B-SLICE, QP 32 )      18768 bits [Y 35.5187 dB    U 38.9838 dB    V 40.2304 dB] [ET    24 ] [L0 24c 20 16 0] [L1 32]
POC   26 LId:  0 TId: 4 ( TRAIL, B-SLICE, QP 34 )       8520 bits [Y 34.8988 dB    U 38.6910 dB    V 40.5061 dB] [ET    21 ] [L0 24 20 16 0] [L1 28c 32]
POC   25 LId:  0 TId: 5 ( TRAIL, B-SLICE, QP 36 )       3368 bits [Y 34.8189 dB    U 38.8480 dB    V 40.9543 dB] [ET    10 ] [L0 24 20] [L1 26c 28]
POC   27 LId:  0 TId: 5 ( TRAIL, B-SLICE, QP 36 )       5032 bits [Y 34.3706 dB    U 38.6859 dB    V 40.3435 dB] [ET    13 ] [L0 26c 24] [L1 28 32]
POC   30 LId:  0 TId: 4 ( TRAIL, B-SLICE, QP 34 )      11184 bits [Y 35.0621 dB    U 38.8833 dB    V 40.0127 dB] [ET    22 ] [L0 28c 24 16 0] [L1 32]
POC   29 LId:  0 TId: 5 ( TRAIL, B-SLICE, QP 36 )       5560 bits [Y 34.2093 dB    U 38.7959 dB    V 39.7212 dB] [ET    15 ] [L0 28 24] [L1 30c 32]
POC   31 LId:  0 TId: 5 ( TRAIL, B-SLICE, QP 36 )       5696 bits [Y 34.9981 dB    U 39.3734 dB    V 40.1540 dB] [ET    11 ] [L0 30c 28] [L1 32]

LayerId  0
	Total Frames |  Bitrate      Y-PSNR   U-PSNR   V-PSNR   YUV-PSNR 
	33           a  711.9758     35.5488  39.3200  41.3505  36.5239  

 finished @ Mon Aug 18 17:42:51 2025
 Total Time:      523.441 sec. [user]      523.441 sec. [elapsed]
