
VVCSoftware: VTM Encoder Version 23.11 [Windows][VS 1944][64 bit] [SIMD=AVX2] 

TOOL CFG: IBD:1 HAD:1 RDQ:1 RDQTS:1 LQP:0 SQP:0 ASR:1 MinSearchWindow:96 RestrictMESampling:0 FEN:1 ECU:0 FDM:1 ESD:0 TransformSkip:1 TransformSkipFast:1 TransformSkipLog2MaxSize:5 ChromaTS:1 BDPCM:0 Tiles: 1x1 Slices: 1 MCTS:0 SAO:1 ALF:0 CCALF:0 MaxNumALFAPS 8 AlfapsIDShift 0 ConstantJointCbCrSignFlagWPP:0 WPB:0 PME:2  WaveFrontSynchro:0 WaveFrontSubstreams:1 ScalingList:0 TMVPMode:1  DQ:1  SignBitHidingFlag:0 RecalQP:0 
TOOL CFG: LFNST:1 MMVD:1 Affine:1 AffineType:1 AdaptBypassAffineMe:0 PROF:1 SbTMVP:1 DualITree:1 IMV:1 BIO:1 LMChroma:1 HorCollocatedChroma:1 VerCollocatedChroma:0 MTS:1(explicit intra) SBT:1 ISP:1 SMVD:1 CompositeLTReference:0 Bcw:1 BcwFast:1 LADF:0 CIIP:1 Geo:1 AllowDisFracMMVD:1 AffineAmvr:1 AffineAmvrEncOpt:1 AffineAmvp:1 DMVR:1 MmvdDisNum:6 JointCbCr:1 ACT:0 PLT:0 IBC:0 HashME:0 WrapAround:0 VirtualBoundariesEnabledFlag:0 VirtualBoundariesPresentInSPSFlag:1 vertical virtual boundaries:[ ] horizontal virtual boundaries:[ ] Reshape:1 (Signal:SDR Opt:0 CSoffset:6) MRL:1 MIP:1 EncDbOpt:1 AlfLambdaOpt:0 
FAST TOOL CFG: LCTUFast:1 FastMrg:1 MaxMergeRdCandNumTotal:7 MergeRdCandQuotaRegular:4 MergeRdCandQuotaRegularSmallBlk:4 MergeRdCandQuotaSubBlk:2 MergeRdCandQuotaCiip:1 MergeRdCandQuotaGpm:8 PBIntraFast:1 IMV4PelFast:1 MTSMaxCand: 4(intra) 4(inter) ISPFast:0 FastLFNST:0 AMaxBT:1 E0023FastEnc:1 ContentBasedFastQtbt:0 UseNonLinearAlfLuma:1 UseNonLinearAlfChroma:1 MaxNumAlfAlternativesChroma:8 FastMIP:0 TTFastSkip:31 TTFastSkipThr:1.075 FastLocalDualTree:1 RPR:0 TemporalFilter:4/4 SEI CTI:0 BIM:0 SEI FGC:0 SEI processing Order:0 DPF:0 


 started @ Mon Aug 18 18:26:02 2025
POC    0 LId:  0 TId: 0 ( IDR_N_LP, I-SLICE, QP 34 )     137800 bits [Y 37.4488 dB    U 42.1235 dB    V 42.3148 dB] [ET    60 ] [L0] [L1]
POC   32 LId:  0 TId: 0 ( TRAIL, B-SLICE, QP 36 )     114000 bits [Y 37.0035 dB    U 41.6876 dB    V 41.8111 dB] [ET   325 ] [L0 0] [L1 0c]
POC   16 LId:  0 TId: 1 ( STSA, B-SLICE, QP 40 )      44912 bits [Y 36.5247 dB    U 41.9682 dB    V 41.9269 dB] [ET   182 ] [L0 0 32] [L1 32c]
POC    8 LId:  0 TId: 2 ( TRAIL, B-SLICE, QP 41 )      33816 bits [Y 36.2858 dB    U 41.9249 dB    V 41.7104 dB] [ET   150 ] [L0 0 16 32] [L1 16c 32]
POC    4 LId:  0 TId: 3 ( TRAIL, B-SLICE, QP 43 )      22368 bits [Y 36.1507 dB    U 41.8341 dB    V 41.5461 dB] [ET   118 ] [L0 0 8 16] [L1 8c 16 32]
POC    2 LId:  0 TId: 4 ( TRAIL, B-SLICE, QP 45 )      12888 bits [Y 36.0208 dB    U 41.7367 dB    V 41.3180 dB] [ET    74 ] [L0 0 4 8] [L1 4c 8 16 32]
POC    1 LId:  0 TId: 5 ( TRAIL, B-SLICE, QP 46 )       7008 bits [Y 36.1512 dB    U 41.9187 dB    V 41.5513 dB] [ET    33 ] [L0 0] [L1 2c 4]
POC    3 LId:  0 TId: 5 ( TRAIL, B-SLICE, QP 46 )       7304 bits [Y 35.7974 dB    U 41.7795 dB    V 41.0653 dB] [ET    36 ] [L0 2c 0] [L1 4 8]
POC    6 LId:  0 TId: 4 ( TRAIL, B-SLICE, QP 45 )      13960 bits [Y 35.5944 dB    U 41.7149 dB    V 41.0426 dB] [ET    80 ] [L0 4c 2 0] [L1 8 16 32]
POC    5 LId:  0 TId: 5 ( TRAIL, B-SLICE, QP 46 )       6912 bits [Y 35.4979 dB    U 41.7427 dB    V 40.9844 dB] [ET    37 ] [L0 4 0] [L1 6c 8]
POC    7 LId:  0 TId: 5 ( TRAIL, B-SLICE, QP 46 )       6696 bits [Y 35.4847 dB    U 41.8388 dB    V 41.0924 dB] [ET    36 ] [L0 6c 4] [L1 8 16]
POC   12 LId:  0 TId: 3 ( TRAIL, B-SLICE, QP 43 )      19232 bits [Y 36.1180 dB    U 41.8769 dB    V 41.6666 dB] [ET   106 ] [L0 8c 4 0] [L1 16 32]
POC   10 LId:  0 TId: 4 ( TRAIL, B-SLICE, QP 45 )      11368 bits [Y 35.7189 dB    U 41.7656 dB    V 41.2017 dB] [ET    76 ] [L0 8 6 4 0] [L1 12c 16 32]
POC    9 LId:  0 TId: 5 ( TRAIL, B-SLICE, QP 46 )       6384 bits [Y 35.6145 dB    U 41.7550 dB    V 41.1562 dB] [ET    38 ] [L0 8 4] [L1 10c 12]
POC   11 LId:  0 TId: 5 ( TRAIL, B-SLICE, QP 46 )       4944 bits [Y 35.6532 dB    U 41.8255 dB    V 41.3296 dB] [ET    32 ] [L0 10c 8] [L1 12 16]
POC   14 LId:  0 TId: 4 ( TRAIL, B-SLICE, QP 45 )       9112 bits [Y 35.8900 dB    U 41.7638 dB    V 41.4718 dB] [ET    58 ] [L0 12c 10 8 0] [L1 16 32]
POC   13 LId:  0 TId: 5 ( TRAIL, B-SLICE, QP 46 )       4488 bits [Y 35.8008 dB    U 41.7800 dB    V 41.3888 dB] [ET    30 ] [L0 12 8] [L1 14c 16]
POC   15 LId:  0 TId: 5 ( TRAIL, B-SLICE, QP 46 )       3640 bits [Y 35.8581 dB    U 41.8272 dB    V 41.5221 dB] [ET    26 ] [L0 14c 12] [L1 16 32]
POC   24 LId:  0 TId: 2 ( TRAIL, B-SLICE, QP 41 )      36432 bits [Y 36.1488 dB    U 41.5802 dB    V 41.4879 dB] [ET   161 ] [L0 16c 8 0] [L1 32]
POC   20 LId:  0 TId: 3 ( TRAIL, B-SLICE, QP 43 )      19840 bits [Y 36.0420 dB    U 41.6766 dB    V 41.7009 dB] [ET   107 ] [L0 16 8 0] [L1 24c 32]
POC   18 LId:  0 TId: 4 ( TRAIL, B-SLICE, QP 45 )       9192 bits [Y 35.7407 dB    U 41.5882 dB    V 41.4134 dB] [ET    61 ] [L0 16 8 0] [L1 20c 24 32]
POC   17 LId:  0 TId: 5 ( TRAIL, B-SLICE, QP 46 )       3840 bits [Y 35.8325 dB    U 41.7899 dB    V 41.4236 dB] [ET    27 ] [L0 16 8] [L1 18c 20]
POC   19 LId:  0 TId: 5 ( TRAIL, B-SLICE, QP 46 )       4336 bits [Y 35.6821 dB    U 41.6135 dB    V 41.4869 dB] [ET    29 ] [L0 18c 16] [L1 20 24]
POC   22 LId:  0 TId: 4 ( TRAIL, B-SLICE, QP 45 )      10152 bits [Y 35.6351 dB    U 41.4491 dB    V 41.1859 dB] [ET    69 ] [L0 20c 16 0] [L1 24 32 18]
POC   21 LId:  0 TId: 5 ( TRAIL, B-SLICE, QP 46 )       4616 bits [Y 35.6069 dB    U 41.4533 dB    V 41.3031 dB] [ET    27 ] [L0 20 16] [L1 22c 24]
POC   23 LId:  0 TId: 5 ( TRAIL, B-SLICE, QP 46 )       5096 bits [Y 35.5456 dB    U 41.5086 dB    V 41.2032 dB] [ET    32 ] [L0 22c 20] [L1 24 32]
POC   28 LId:  0 TId: 3 ( TRAIL, B-SLICE, QP 43 )      27088 bits [Y 35.4978 dB    U 41.3172 dB    V 41.0808 dB] [ET   135 ] [L0 24c 20 16 0] [L1 32]
POC   26 LId:  0 TId: 4 ( TRAIL, B-SLICE, QP 45 )      12280 bits [Y 35.2093 dB    U 41.3356 dB    V 41.0183 dB] [ET    72 ] [L0 24 20 16 0] [L1 28c 32]
POC   25 LId:  0 TId: 5 ( TRAIL, B-SLICE, QP 46 )       5768 bits [Y 35.3072 dB    U 41.3960 dB    V 41.1298 dB] [ET    35 ] [L0 24 20] [L1 26c 28]
POC   27 LId:  0 TId: 5 ( TRAIL, B-SLICE, QP 46 )       6168 bits [Y 35.0063 dB    U 41.2637 dB    V 40.9135 dB] [ET    38 ] [L0 26c 24] [L1 28 32]
POC   30 LId:  0 TId: 4 ( TRAIL, B-SLICE, QP 45 )      12768 bits [Y 35.3434 dB    U 41.4176 dB    V 41.0896 dB] [ET    71 ] [L0 28c 24 16 0] [L1 32]
POC   29 LId:  0 TId: 5 ( TRAIL, B-SLICE, QP 46 )       5744 bits [Y 35.0328 dB    U 41.3212 dB    V 40.7937 dB] [ET    34 ] [L0 28 24] [L1 30c 32]
POC   31 LId:  0 TId: 5 ( TRAIL, B-SLICE, QP 46 )       5424 bits [Y 35.6095 dB    U 41.5308 dB    V 41.3392 dB] [ET    31 ] [L0 30c 28] [L1 32]

LayerId  0
	Total Frames |  Bitrate      Y-PSNR   U-PSNR   V-PSNR   YUV-PSNR 
	33           a  962.9939     35.8137  41.6699  41.3536  37.0010  

 finished @ Mon Aug 18 19:06:27 2025
 Total Time:     2425.385 sec. [user]     2425.385 sec. [elapsed]
