
VVCSoftware: VTM Encoder Version 23.11 [Windows][VS 1944][64 bit] [SIMD=AVX2] 

TOOL CFG: IBD:1 HAD:1 RDQ:1 RDQTS:1 LQP:0 SQP:0 ASR:1 MinSearchWindow:96 RestrictMESampling:0 FEN:0 ECU:0 FDM:1 ESD:0 TransformSkip:1 TransformSkipFast:1 TransformSkipLog2MaxSize:5 ChromaTS:1 BDPCM:0 Tiles: 1x1 Slices: 1 MCTS:0 SAO:1 ALF:1 CCALF:1 MaxNumALFAPS 8 AlfapsIDShift 0 ConstantJointCbCrSignFlagWPP:0 WPB:0 PME:2  WaveFrontSynchro:0 WaveFrontSubstreams:1 ScalingList:0 TMVPMode:1  DQ:1  SignBitHidingFlag:0 RecalQP:0 
TOOL CFG: LFNST:1 MMVD:1 Affine:1 AffineType:1 AdaptBypassAffineMe:0 PROF:1 SbTMVP:1 DualITree:1 IMV:1 BIO:1 LMChroma:1 HorCollocatedChroma:1 VerCollocatedChroma:0 MTS:1(explicit intra) SBT:1 ISP:1 SMVD:1 CompositeLTReference:0 Bcw:1 BcwFast:1 LADF:0 CIIP:1 Geo:1 AllowDisFracMMVD:1 AffineAmvr:1 AffineAmvrEncOpt:1 AffineAmvp:1 DMVR:1 MmvdDisNum:6 JointCbCr:1 ACT:0 PLT:0 IBC:0 HashME:0 WrapAround:0 VirtualBoundariesEnabledFlag:0 VirtualBoundariesPresentInSPSFlag:1 vertical virtual boundaries:[ ] horizontal virtual boundaries:[ ] Reshape:1 (Signal:SDR Opt:0 CSoffset:6) MRL:1 MIP:1 EncDbOpt:1 AlfLambdaOpt:0 
FAST TOOL CFG: LCTUFast:1 FastMrg:1 MaxMergeRdCandNumTotal:7 MergeRdCandQuotaRegular:4 MergeRdCandQuotaRegularSmallBlk:4 MergeRdCandQuotaSubBlk:2 MergeRdCandQuotaCiip:1 MergeRdCandQuotaGpm:8 PBIntraFast:1 IMV4PelFast:1 MTSMaxCand: 4(intra) 4(inter) ISPFast:0 FastLFNST:0 AMaxBT:1 E0023FastEnc:1 ContentBasedFastQtbt:0 UseNonLinearAlfLuma:1 UseNonLinearAlfChroma:1 MaxNumAlfAlternativesChroma:8 FastMIP:0 TTFastSkip:31 TTFastSkipThr:1.075 FastLocalDualTree:1 RPR:0 TemporalFilter:4/4 SEI CTI:0 BIM:0 SEI FGC:0 SEI processing Order:0 DPF:0 


 started @ Tue Aug 19 08:08:42 2025
POC    0 LId:  0 TId: 0 ( IDR_N_LP, I-SLICE, QP 24 )    1686192 bits [Y 38.1641 dB    U 42.1426 dB    V 44.2811 dB] [ET   409 ] [L0] [L1]
POC   32 LId:  0 TId: 0 ( TRAIL, B-SLICE, QP 26 )     451584 bits [Y 36.7253 dB    U 41.9675 dB    V 44.2616 dB] [ET   428 ] [L0 0] [L1 0c]
POC   16 LId:  0 TId: 1 ( STSA, B-SLICE, QP 28 )     237816 bits [Y 36.0974 dB    U 41.8453 dB    V 44.1984 dB] [ET   365 ] [L0 0 32] [L1 32c]
POC    8 LId:  0 TId: 2 ( TRAIL, B-SLICE, QP 29 )     153192 bits [Y 35.9344 dB    U 41.8087 dB    V 44.2127 dB] [ET   330 ] [L0 0 16 32] [L1 16c 32]
POC    4 LId:  0 TId: 3 ( TRAIL, B-SLICE, QP 32 )      81032 bits [Y 35.7633 dB    U 41.8683 dB    V 44.2217 dB] [ET   291 ] [L0 0 8 16] [L1 8c 16 32]
POC    2 LId:  0 TId: 4 ( TRAIL, B-SLICE, QP 34 )      27984 bits [Y 35.7352 dB    U 41.9471 dB    V 44.2083 dB] [ET   149 ] [L0 0 4 8] [L1 4c 8 16 32]
POC    1 LId:  0 TId: 5 ( TRAIL, B-SLICE, QP 36 )       8704 bits [Y 36.0766 dB    U 42.1017 dB    V 44.2865 dB] [ET    50 ] [L0 0] [L1 2c 4]
POC    3 LId:  0 TId: 5 ( TRAIL, B-SLICE, QP 36 )      10360 bits [Y 35.4562 dB    U 41.9328 dB    V 44.2255 dB] [ET    63 ] [L0 2c 0] [L1 4 8]
POC    6 LId:  0 TId: 4 ( TRAIL, B-SLICE, QP 34 )      27760 bits [Y 35.6930 dB    U 41.8535 dB    V 44.1271 dB] [ET   144 ] [L0 4c 2 0] [L1 8 16 32]
POC    5 LId:  0 TId: 5 ( TRAIL, B-SLICE, QP 36 )       7688 bits [Y 35.4287 dB    U 41.8491 dB    V 44.1758 dB] [ET    52 ] [L0 4 0] [L1 6c 8]
POC    7 LId:  0 TId: 5 ( TRAIL, B-SLICE, QP 36 )       8712 bits [Y 35.5529 dB    U 41.8571 dB    V 44.1893 dB] [ET    57 ] [L0 6c 4] [L1 8 16]
POC   12 LId:  0 TId: 3 ( TRAIL, B-SLICE, QP 32 )      74472 bits [Y 35.8077 dB    U 41.7966 dB    V 44.1178 dB] [ET   232 ] [L0 8c 4 0] [L1 16 32]
POC   10 LId:  0 TId: 4 ( TRAIL, B-SLICE, QP 34 )      25056 bits [Y 35.4837 dB    U 41.7583 dB    V 44.0922 dB] [ET   142 ] [L0 8 6 4 0] [L1 12c 16 32]
POC    9 LId:  0 TId: 5 ( TRAIL, B-SLICE, QP 36 )       9808 bits [Y 35.4294 dB    U 41.7977 dB    V 44.1783 dB] [ET    62 ] [L0 8 4] [L1 10c 12]
POC   11 LId:  0 TId: 5 ( TRAIL, B-SLICE, QP 36 )       8440 bits [Y 35.4115 dB    U 41.7907 dB    V 44.1296 dB] [ET    58 ] [L0 10c 8] [L1 12 16]
POC   14 LId:  0 TId: 4 ( TRAIL, B-SLICE, QP 34 )      31096 bits [Y 35.5535 dB    U 41.7792 dB    V 44.0893 dB] [ET   172 ] [L0 12c 10 8 0] [L1 16 32]
POC   13 LId:  0 TId: 5 ( TRAIL, B-SLICE, QP 36 )       7624 bits [Y 35.4099 dB    U 41.8102 dB    V 44.1149 dB] [ET    54 ] [L0 12 8] [L1 14c 16]
POC   15 LId:  0 TId: 5 ( TRAIL, B-SLICE, QP 36 )       9208 bits [Y 35.5044 dB    U 41.8375 dB    V 44.1582 dB] [ET    62 ] [L0 14c 12] [L1 16 32]
POC   24 LId:  0 TId: 2 ( TRAIL, B-SLICE, QP 29 )     151400 bits [Y 36.0771 dB    U 41.8611 dB    V 44.2501 dB] [ET   288 ] [L0 16c 8 0] [L1 32]
POC   20 LId:  0 TId: 3 ( TRAIL, B-SLICE, QP 32 )      77792 bits [Y 35.7506 dB    U 41.8131 dB    V 44.1483 dB] [ET   244 ] [L0 16 8 0] [L1 24c 32]
POC   18 LId:  0 TId: 4 ( TRAIL, B-SLICE, QP 34 )      26912 bits [Y 35.5928 dB    U 41.8320 dB    V 44.1327 dB] [ET   155 ] [L0 16 8 0] [L1 20c 24 32]
POC   17 LId:  0 TId: 5 ( TRAIL, B-SLICE, QP 36 )      10296 bits [Y 35.5139 dB    U 41.8591 dB    V 44.1647 dB] [ET    64 ] [L0 16 8] [L1 18c 20]
POC   19 LId:  0 TId: 5 ( TRAIL, B-SLICE, QP 36 )      10288 bits [Y 35.3669 dB    U 41.8182 dB    V 44.1293 dB] [ET    64 ] [L0 18c 16] [L1 20 24]
POC   22 LId:  0 TId: 4 ( TRAIL, B-SLICE, QP 34 )      28912 bits [Y 35.5428 dB    U 41.7470 dB    V 44.1121 dB] [ET   165 ] [L0 20c 16 0] [L1 24 32 18]
POC   21 LId:  0 TId: 5 ( TRAIL, B-SLICE, QP 36 )       9032 bits [Y 35.3758 dB    U 41.7983 dB    V 44.1218 dB] [ET    63 ] [L0 20 16] [L1 22c 24]
POC   23 LId:  0 TId: 5 ( TRAIL, B-SLICE, QP 36 )       8872 bits [Y 35.5425 dB    U 41.7921 dB    V 44.1108 dB] [ET    63 ] [L0 22c 20] [L1 24 32]
POC   28 LId:  0 TId: 3 ( TRAIL, B-SLICE, QP 32 )      71152 bits [Y 35.8909 dB    U 41.8042 dB    V 44.1785 dB] [ET   236 ] [L0 24c 20 16 0] [L1 32]
POC   26 LId:  0 TId: 4 ( TRAIL, B-SLICE, QP 34 )      31848 bits [Y 35.4835 dB    U 41.8116 dB    V 44.1127 dB] [ET   175 ] [L0 24 20 16 0] [L1 28c 32]
POC   25 LId:  0 TId: 5 ( TRAIL, B-SLICE, QP 36 )       8800 bits [Y 35.5464 dB    U 41.8407 dB    V 44.1698 dB] [ET    59 ] [L0 24 20] [L1 26c 28]
POC   27 LId:  0 TId: 5 ( TRAIL, B-SLICE, QP 36 )      10472 bits [Y 35.3808 dB    U 41.7614 dB    V 44.1192 dB] [ET    65 ] [L0 26c 24] [L1 28 32]
POC   30 LId:  0 TId: 4 ( TRAIL, B-SLICE, QP 34 )      33384 bits [Y 35.5842 dB    U 41.8973 dB    V 44.1809 dB] [ET   161 ] [L0 28c 24 16 0] [L1 32]
POC   29 LId:  0 TId: 5 ( TRAIL, B-SLICE, QP 36 )      10768 bits [Y 35.3973 dB    U 41.8285 dB    V 44.1233 dB] [ET    62 ] [L0 28 24] [L1 30c 32]
POC   31 LId:  0 TId: 5 ( TRAIL, B-SLICE, QP 36 )       8264 bits [Y 35.6959 dB    U 41.9407 dB    V 44.1938 dB] [ET    55 ] [L0 30c 28] [L1 32]

LayerId  0
	Total Frames |  Bitrate      Y-PSNR   U-PSNR   V-PSNR   YUV-PSNR 
	33           a  6118.0364    35.7263  41.8530  44.1672  37.0615  

 finished @ Tue Aug 19 09:32:42 2025
 Total Time:     5039.799 sec. [user]     5039.798 sec. [elapsed]
