
VVCSoftware: VTM Encoder Version 23.11 [Windows][VS 1944][64 bit] [SIMD=AVX2] 

TOOL CFG: IBD:1 HAD:1 RDQ:1 RDQTS:1 LQP:0 SQP:0 ASR:1 MinSearchWindow:96 RestrictMESampling:0 FEN:1 ECU:0 FDM:1 ESD:0 TransformSkip:1 TransformSkipFast:1 TransformSkipLog2MaxSize:5 ChromaTS:1 BDPCM:0 Tiles: 1x1 Slices: 1 MCTS:0 SAO:1 ALF:1 CCALF:1 MaxNumALFAPS 8 AlfapsIDShift 0 ConstantJointCbCrSignFlagWPP:0 WPB:0 PME:2  WaveFrontSynchro:0 WaveFrontSubstreams:1 ScalingList:0 TMVPMode:1  DQ:1  SignBitHidingFlag:0 RecalQP:0 
TOOL CFG: LFNST:1 MMVD:1 Affine:1 AffineType:1 AdaptBypassAffineMe:0 PROF:1 SbTMVP:1 DualITree:1 IMV:1 BIO:1 LMChroma:1 HorCollocatedChroma:1 VerCollocatedChroma:0 MTS:1(explicit intra) SBT:1 ISP:1 SMVD:1 CompositeLTReference:0 Bcw:1 BcwFast:1 LADF:0 CIIP:1 Geo:1 AllowDisFracMMVD:1 AffineAmvr:1 AffineAmvrEncOpt:1 AffineAmvp:1 DMVR:1 MmvdDisNum:6 JointCbCr:1 ACT:0 PLT:0 IBC:0 HashME:0 WrapAround:0 VirtualBoundariesEnabledFlag:0 VirtualBoundariesPresentInSPSFlag:1 vertical virtual boundaries:[ ] horizontal virtual boundaries:[ ] Reshape:1 (Signal:SDR Opt:0 CSoffset:6) MRL:1 MIP:1 EncDbOpt:1 AlfLambdaOpt:0 
FAST TOOL CFG: LCTUFast:1 FastMrg:0 MaxMergeRdCandNumTotal:7 MergeRdCandQuotaRegular:4 MergeRdCandQuotaRegularSmallBlk:4 MergeRdCandQuotaSubBlk:2 MergeRdCandQuotaCiip:1 MergeRdCandQuotaGpm:8 PBIntraFast:1 IMV4PelFast:1 MTSMaxCand: 4(intra) 4(inter) ISPFast:0 FastLFNST:0 AMaxBT:1 E0023FastEnc:1 ContentBasedFastQtbt:0 UseNonLinearAlfLuma:1 UseNonLinearAlfChroma:1 MaxNumAlfAlternativesChroma:8 FastMIP:0 TTFastSkip:31 TTFastSkipThr:1.075 FastLocalDualTree:1 RPR:0 TemporalFilter:4/4 SEI CTI:0 BIM:0 SEI FGC:0 SEI processing Order:0 DPF:0 


 started @ Mon Aug 18 22:45:29 2025
POC    0 LId:  0 TId: 0 ( IDR_N_LP, I-SLICE, QP 19 )     241472 bits [Y 42.5700 dB    U 44.3846 dB    V 46.4102 dB] [ET    39 ] [L0] [L1]
POC   32 LId:  0 TId: 0 ( TRAIL, B-SLICE, QP 21 )     150496 bits [Y 41.1145 dB    U 43.1704 dB    V 44.3739 dB] [ET    75 ] [L0 0] [L1 0c]
POC   16 LId:  0 TId: 1 ( STSA, B-SLICE, QP 22 )      93976 bits [Y 39.8520 dB    U 42.0396 dB    V 44.3506 dB] [ET    52 ] [L0 0 32] [L1 32c]
POC    8 LId:  0 TId: 2 ( TRAIL, B-SLICE, QP 23 )      58280 bits [Y 39.6727 dB    U 42.3862 dB    V 44.5299 dB] [ET    43 ] [L0 0 16 32] [L1 16c 32]
POC    4 LId:  0 TId: 3 ( TRAIL, B-SLICE, QP 26 )      25432 bits [Y 39.0866 dB    U 42.5372 dB    V 44.7263 dB] [ET    33 ] [L0 0 8 16] [L1 8c 16 32]
POC    2 LId:  0 TId: 4 ( TRAIL, B-SLICE, QP 28 )      11616 bits [Y 39.0872 dB    U 43.0002 dB    V 45.1031 dB] [ET    21 ] [L0 0 4 8] [L1 4c 8 16 32]
POC    1 LId:  0 TId: 5 ( TRAIL, B-SLICE, QP 29 )       4984 bits [Y 39.7534 dB    U 43.3608 dB    V 45.4957 dB] [ET     9 ] [L0 0] [L1 2c 4]
POC    3 LId:  0 TId: 5 ( TRAIL, B-SLICE, QP 29 )       4960 bits [Y 38.6073 dB    U 42.5168 dB    V 44.6647 dB] [ET    10 ] [L0 2c 0] [L1 4 8]
POC    6 LId:  0 TId: 4 ( TRAIL, B-SLICE, QP 28 )      10664 bits [Y 38.3148 dB    U 42.0661 dB    V 44.1566 dB] [ET    18 ] [L0 4c 2 0] [L1 8 16 32]
POC    5 LId:  0 TId: 5 ( TRAIL, B-SLICE, QP 29 )       4368 bits [Y 38.2775 dB    U 42.1108 dB    V 44.3075 dB] [ET    10 ] [L0 4 0] [L1 6c 8]
POC    7 LId:  0 TId: 5 ( TRAIL, B-SLICE, QP 29 )       4808 bits [Y 38.4058 dB    U 42.1131 dB    V 44.2620 dB] [ET    10 ] [L0 6c 4] [L1 8 16]
POC   12 LId:  0 TId: 3 ( TRAIL, B-SLICE, QP 26 )      28168 bits [Y 38.8668 dB    U 41.8621 dB    V 44.2921 dB] [ET    27 ] [L0 8c 4 0] [L1 16 32]
POC   10 LId:  0 TId: 4 ( TRAIL, B-SLICE, QP 28 )      11704 bits [Y 38.3255 dB    U 41.6980 dB    V 44.1144 dB] [ET    18 ] [L0 8 6 4 0] [L1 12c 16 32]
POC    9 LId:  0 TId: 5 ( TRAIL, B-SLICE, QP 29 )       5104 bits [Y 38.3445 dB    U 41.8931 dB    V 44.3066 dB] [ET    10 ] [L0 8 4] [L1 10c 12]
POC   11 LId:  0 TId: 5 ( TRAIL, B-SLICE, QP 29 )       5888 bits [Y 37.9943 dB    U 41.6120 dB    V 44.0839 dB] [ET    12 ] [L0 10c 8] [L1 12 16]
POC   14 LId:  0 TId: 4 ( TRAIL, B-SLICE, QP 28 )      12368 bits [Y 38.2756 dB    U 41.5401 dB    V 44.0816 dB] [ET    17 ] [L0 12c 10 8 0] [L1 16 32]
POC   13 LId:  0 TId: 5 ( TRAIL, B-SLICE, QP 29 )       6640 bits [Y 38.0637 dB    U 41.5596 dB    V 44.1101 dB] [ET    12 ] [L0 12 8] [L1 14c 16]
POC   15 LId:  0 TId: 5 ( TRAIL, B-SLICE, QP 29 )       5768 bits [Y 38.3920 dB    U 41.6809 dB    V 44.0589 dB] [ET    11 ] [L0 14c 12] [L1 16 32]
POC   24 LId:  0 TId: 2 ( TRAIL, B-SLICE, QP 23 )      69552 bits [Y 39.5262 dB    U 42.0665 dB    V 43.9114 dB] [ET    43 ] [L0 16c 8 0] [L1 32]
POC   20 LId:  0 TId: 3 ( TRAIL, B-SLICE, QP 26 )      34192 bits [Y 38.6193 dB    U 40.9313 dB    V 43.5034 dB] [ET    31 ] [L0 16 8 0] [L1 24c 32]
POC   18 LId:  0 TId: 4 ( TRAIL, B-SLICE, QP 28 )      13104 bits [Y 38.1409 dB    U 41.4087 dB    V 43.7898 dB] [ET    18 ] [L0 16 8 0] [L1 20c 24 32]
POC   17 LId:  0 TId: 5 ( TRAIL, B-SLICE, QP 29 )       5744 bits [Y 38.3889 dB    U 41.6783 dB    V 44.1465 dB] [ET    11 ] [L0 16 8] [L1 18c 20]
POC   19 LId:  0 TId: 5 ( TRAIL, B-SLICE, QP 29 )       6416 bits [Y 37.8784 dB    U 41.1185 dB    V 43.6177 dB] [ET    11 ] [L0 18c 16] [L1 20 24]
POC   22 LId:  0 TId: 4 ( TRAIL, B-SLICE, QP 28 )      15192 bits [Y 37.8858 dB    U 40.4605 dB    V 43.2979 dB] [ET    21 ] [L0 20c 16 0] [L1 24 32 18]
POC   21 LId:  0 TId: 5 ( TRAIL, B-SLICE, QP 29 )       5704 bits [Y 37.7609 dB    U 40.8343 dB    V 43.4835 dB] [ET    11 ] [L0 20 16] [L1 22c 24]
POC   23 LId:  0 TId: 5 ( TRAIL, B-SLICE, QP 29 )       6776 bits [Y 38.0744 dB    U 40.9003 dB    V 43.6851 dB] [ET    15 ] [L0 22c 20] [L1 24 32]
POC   28 LId:  0 TId: 3 ( TRAIL, B-SLICE, QP 26 )      43576 bits [Y 38.9143 dB    U 41.7728 dB    V 43.2316 dB] [ET    36 ] [L0 24c 20 16 0] [L1 32]
POC   26 LId:  0 TId: 4 ( TRAIL, B-SLICE, QP 28 )      21456 bits [Y 38.1435 dB    U 41.3932 dB    V 43.2047 dB] [ET    23 ] [L0 24 20 16 0] [L1 28c 32]
POC   25 LId:  0 TId: 5 ( TRAIL, B-SLICE, QP 29 )      10752 bits [Y 38.2017 dB    U 41.4200 dB    V 43.4776 dB] [ET    16 ] [L0 24 20] [L1 26c 28]
POC   27 LId:  0 TId: 5 ( TRAIL, B-SLICE, QP 29 )      14432 bits [Y 37.8716 dB    U 41.1389 dB    V 42.9226 dB] [ET    21 ] [L0 26c 24] [L1 28 32]
POC   30 LId:  0 TId: 4 ( TRAIL, B-SLICE, QP 28 )      26632 bits [Y 38.2299 dB    U 41.6133 dB    V 42.5372 dB] [ET    28 ] [L0 28c 24 16 0] [L1 32]
POC   29 LId:  0 TId: 5 ( TRAIL, B-SLICE, QP 29 )      16744 bits [Y 37.8079 dB    U 41.1734 dB    V 42.4213 dB] [ET    23 ] [L0 28 24] [L1 30c 32]
POC   31 LId:  0 TId: 5 ( TRAIL, B-SLICE, QP 29 )      15560 bits [Y 38.2710 dB    U 41.7633 dB    V 42.8608 dB] [ET    19 ] [L0 30c 28] [L1 32]

LayerId  0
	Total Frames |  Bitrate      Y-PSNR   U-PSNR   V-PSNR   YUV-PSNR 
	33           a  1503.8303    38.6884  41.8547  43.9854  39.5856  

 finished @ Mon Aug 18 22:58:08 2025
 Total Time:      758.650 sec. [user]      758.652 sec. [elapsed]
