
VVCSoftware: VTM Encoder Version 23.11 [Windows][VS 1944][64 bit] [SIMD=AVX2] 

TOOL CFG: IBD:1 HAD:1 RDQ:0 RDQTS:0 LQP:0 SQP:0 ASR:0 MinSearchWindow:96 RestrictMESampling:0 FEN:0 ECU:0 FDM:0 ESD:0 TransformSkip:1 TransformSkipFast:1 TransformSkipLog2MaxSize:5 ChromaTS:1 BDPCM:0 Tiles: 1x1 Slices: 1 MCTS:0 SAO:1 ALF:0 CCALF:0 MaxNumALFAPS 8 AlfapsIDShift 0 ConstantJointCbCrSignFlagWPP:0 WPB:0 PME:2  WaveFrontSynchro:0 WaveFrontSubstreams:1 ScalingList:0 TMVPMode:1  DQ:0  SignBitHidingFlag:0 RecalQP:0 
TOOL CFG: LFNST:1 MMVD:1 Affine:1 AffineType:1 AdaptBypassAffineMe:0 PROF:1 SbTMVP:1 DualITree:1 IMV:1 BIO:1 LMChroma:1 HorCollocatedChroma:1 VerCollocatedChroma:0 MTS:1(explicit intra) SBT:1 ISP:1 SMVD:1 CompositeLTReference:0 Bcw:1 BcwFast:1 LADF:0 CIIP:1 Geo:1 AllowDisFracMMVD:1 AffineAmvr:1 AffineAmvrEncOpt:1 AffineAmvp:1 DMVR:1 MmvdDisNum:6 JointCbCr:1 ACT:0 PLT:0 IBC:0 HashME:0 WrapAround:0 VirtualBoundariesEnabledFlag:0 VirtualBoundariesPresentInSPSFlag:1 vertical virtual boundaries:[ ] horizontal virtual boundaries:[ ] Reshape:1 (Signal:SDR Opt:0 CSoffset:6) MRL:1 MIP:1 EncDbOpt:1 AlfLambdaOpt:0 
FAST TOOL CFG: LCTUFast:0 FastMrg:0 MaxMergeRdCandNumTotal:7 MergeRdCandQuotaRegular:4 MergeRdCandQuotaRegularSmallBlk:4 MergeRdCandQuotaSubBlk:2 MergeRdCandQuotaCiip:1 MergeRdCandQuotaGpm:8 PBIntraFast:1 IMV4PelFast:1 MTSMaxCand: 4(intra) 4(inter) ISPFast:0 FastLFNST:0 AMaxBT:1 E0023FastEnc:1 ContentBasedFastQtbt:0 UseNonLinearAlfLuma:1 UseNonLinearAlfChroma:1 MaxNumAlfAlternativesChroma:8 FastMIP:0 TTFastSkip:31 TTFastSkipThr:1.075 FastLocalDualTree:1 RPR:0 TemporalFilter:4/4 SEI CTI:0 BIM:0 SEI FGC:0 SEI processing Order:0 DPF:0 


 started @ Wed Aug 20 00:17:16 2025
POC    0 LId:  0 TId: 0 ( IDR_N_LP, I-SLICE, QP 19 )     150888 bits [Y 45.2886 dB    U 47.6518 dB    V 47.8821 dB] [ET    20 ] [L0] [L1]
POC   32 LId:  0 TId: 0 ( TRAIL, B-SLICE, QP 21 )      59904 bits [Y 44.0898 dB    U 46.6100 dB    V 46.5915 dB] [ET   528 ] [L0 0] [L1 0c]
POC   16 LId:  0 TId: 1 ( STSA, B-SLICE, QP 22 )      34480 bits [Y 43.5435 dB    U 46.1145 dB    V 46.0638 dB] [ET   670 ] [L0 0 32] [L1 32c]
POC    8 LId:  0 TId: 2 ( TRAIL, B-SLICE, QP 23 )      25480 bits [Y 43.3630 dB    U 46.0738 dB    V 45.9981 dB] [ET   787 ] [L0 0 16 32] [L1 16c 32]
POC    4 LId:  0 TId: 3 ( TRAIL, B-SLICE, QP 26 )      15480 bits [Y 42.6755 dB    U 46.0003 dB    V 45.3257 dB] [ET  1007 ] [L0 0 8 16] [L1 8c 16 32]
POC    2 LId:  0 TId: 4 ( TRAIL, B-SLICE, QP 28 )       7096 bits [Y 42.5556 dB    U 46.3837 dB    V 45.6475 dB] [ET   948 ] [L0 0 4 8] [L1 4c 8 16 32]
POC    1 LId:  0 TId: 5 ( TRAIL, B-SLICE, QP 29 )       3264 bits [Y 42.8557 dB    U 46.7516 dB    V 45.9673 dB] [ET   315 ] [L0 0] [L1 2c 4]
POC    3 LId:  0 TId: 5 ( TRAIL, B-SLICE, QP 29 )       3344 bits [Y 42.0833 dB    U 45.7993 dB    V 44.8355 dB] [ET   473 ] [L0 2c 0] [L1 4 8]
POC    6 LId:  0 TId: 4 ( TRAIL, B-SLICE, QP 28 )       8136 bits [Y 41.9108 dB    U 45.5885 dB    V 44.8956 dB] [ET  1046 ] [L0 4c 2 0] [L1 8 16 32]
POC    5 LId:  0 TId: 5 ( TRAIL, B-SLICE, QP 29 )       3000 bits [Y 41.8869 dB    U 45.4373 dB    V 44.5451 dB] [ET   450 ] [L0 4 0] [L1 6c 8]
POC    7 LId:  0 TId: 5 ( TRAIL, B-SLICE, QP 29 )       3528 bits [Y 41.9586 dB    U 45.5282 dB    V 44.9083 dB] [ET   436 ] [L0 6c 4] [L1 8 16]
POC   12 LId:  0 TId: 3 ( TRAIL, B-SLICE, QP 26 )      14968 bits [Y 42.6008 dB    U 45.7389 dB    V 45.1578 dB] [ET   967 ] [L0 8c 4 0] [L1 16 32]
POC   10 LId:  0 TId: 4 ( TRAIL, B-SLICE, QP 28 )       7824 bits [Y 42.0630 dB    U 45.6418 dB    V 45.2305 dB] [ET  1192 ] [L0 8 6 4 0] [L1 12c 16 32]
POC    9 LId:  0 TId: 5 ( TRAIL, B-SLICE, QP 29 )       4000 bits [Y 41.9949 dB    U 45.6908 dB    V 45.3349 dB] [ET   417 ] [L0 8 4] [L1 10c 12]
POC   11 LId:  0 TId: 5 ( TRAIL, B-SLICE, QP 29 )       3488 bits [Y 41.8617 dB    U 45.6290 dB    V 44.8493 dB] [ET   431 ] [L0 10c 8] [L1 12 16]
POC   14 LId:  0 TId: 4 ( TRAIL, B-SLICE, QP 28 )       6432 bits [Y 42.1830 dB    U 45.8179 dB    V 45.1310 dB] [ET  1024 ] [L0 12c 10 8 0] [L1 16 32]
POC   13 LId:  0 TId: 5 ( TRAIL, B-SLICE, QP 29 )       2672 bits [Y 41.9812 dB    U 45.6560 dB    V 44.7195 dB] [ET   325 ] [L0 12 8] [L1 14c 16]
POC   15 LId:  0 TId: 5 ( TRAIL, B-SLICE, QP 29 )       2112 bits [Y 42.3772 dB    U 45.8939 dB    V 45.2420 dB] [ET   306 ] [L0 14c 12] [L1 16 32]
POC   24 LId:  0 TId: 2 ( TRAIL, B-SLICE, QP 23 )      26744 bits [Y 43.1055 dB    U 46.0171 dB    V 45.7911 dB] [ET   777 ] [L0 16c 8 0] [L1 32]
POC   20 LId:  0 TId: 3 ( TRAIL, B-SLICE, QP 26 )      14520 bits [Y 42.4981 dB    U 45.8104 dB    V 45.0778 dB] [ET   808 ] [L0 16 8 0] [L1 24c 32]
POC   18 LId:  0 TId: 4 ( TRAIL, B-SLICE, QP 28 )       6872 bits [Y 42.0330 dB    U 45.7925 dB    V 45.1588 dB] [ET  1025 ] [L0 16 8 0] [L1 20c 24 32]
POC   17 LId:  0 TId: 5 ( TRAIL, B-SLICE, QP 29 )       2376 bits [Y 42.2757 dB    U 45.8214 dB    V 45.2842 dB] [ET   345 ] [L0 16 8] [L1 18c 20]
POC   19 LId:  0 TId: 5 ( TRAIL, B-SLICE, QP 29 )       2152 bits [Y 41.8901 dB    U 45.7757 dB    V 44.5736 dB] [ET   308 ] [L0 18c 16] [L1 20 24]
POC   22 LId:  0 TId: 4 ( TRAIL, B-SLICE, QP 28 )       6664 bits [Y 41.9460 dB    U 45.7791 dB    V 44.7144 dB] [ET   857 ] [L0 20c 16 0] [L1 24 32 18]
POC   21 LId:  0 TId: 5 ( TRAIL, B-SLICE, QP 29 )       2192 bits [Y 41.8429 dB    U 45.7207 dB    V 44.5766 dB] [ET   334 ] [L0 20 16] [L1 22c 24]
POC   23 LId:  0 TId: 5 ( TRAIL, B-SLICE, QP 29 )       2104 bits [Y 42.0263 dB    U 45.8687 dB    V 44.8709 dB] [ET   305 ] [L0 22c 20] [L1 24 32]
POC   28 LId:  0 TId: 3 ( TRAIL, B-SLICE, QP 26 )      14720 bits [Y 42.4298 dB    U 45.9335 dB    V 45.2027 dB] [ET   881 ] [L0 24c 20 16 0] [L1 32]
POC   26 LId:  0 TId: 4 ( TRAIL, B-SLICE, QP 28 )       6256 bits [Y 41.8640 dB    U 45.8530 dB    V 44.7960 dB] [ET   879 ] [L0 24 20 16 0] [L1 28c 32]
POC   25 LId:  0 TId: 5 ( TRAIL, B-SLICE, QP 29 )       2016 bits [Y 41.9178 dB    U 45.9692 dB    V 45.0556 dB] [ET   329 ] [L0 24 20] [L1 26c 28]
POC   27 LId:  0 TId: 5 ( TRAIL, B-SLICE, QP 29 )       2472 bits [Y 41.7759 dB    U 45.8631 dB    V 44.5497 dB] [ET   390 ] [L0 26c 24] [L1 28 32]
POC   30 LId:  0 TId: 4 ( TRAIL, B-SLICE, QP 28 )       6776 bits [Y 42.1544 dB    U 45.8534 dB    V 44.8737 dB] [ET   770 ] [L0 28c 24 16 0] [L1 32]
POC   29 LId:  0 TId: 5 ( TRAIL, B-SLICE, QP 29 )       3048 bits [Y 41.8988 dB    U 45.7288 dB    V 44.4562 dB] [ET   389 ] [L0 28 24] [L1 30c 32]
POC   31 LId:  0 TId: 5 ( TRAIL, B-SLICE, QP 29 )       2808 bits [Y 42.2610 dB    U 45.9281 dB    V 44.8590 dB] [ET   272 ] [L0 30c 28] [L1 32]

LayerId  0
	Total Frames |  Bitrate      Y-PSNR   U-PSNR   V-PSNR   YUV-PSNR 
	33           a  693.6606     42.3998  45.9310  45.2172  43.1691  

 finished @ Wed Aug 20 05:50:46 2025
 Total Time:    20009.657 sec. [user]    20009.657 sec. [elapsed]
