
VVCSoftware: VTM Encoder Version 23.11 [Windows][VS 1944][64 bit] [SIMD=AVX2] 

TOOL CFG: IBD:1 HAD:1 RDQ:1 RDQTS:1 LQP:0 SQP:0 ASR:1 MinSearchWindow:96 RestrictMESampling:0 FEN:1 ECU:0 FDM:1 ESD:0 TransformSkip:1 TransformSkipFast:1 TransformSkipLog2MaxSize:5 ChromaTS:1 BDPCM:0 Tiles: 1x1 Slices: 1 MCTS:0 SAO:1 ALF:1 CCALF:1 MaxNumALFAPS 8 AlfapsIDShift 0 ConstantJointCbCrSignFlagWPP:0 WPB:0 PME:2  WaveFrontSynchro:0 WaveFrontSubstreams:1 ScalingList:0 TMVPMode:1  DQ:1  SignBitHidingFlag:0 RecalQP:0 
TOOL CFG: LFNST:1 MMVD:1 Affine:1 AffineType:1 AdaptBypassAffineMe:0 PROF:1 SbTMVP:1 DualITree:1 IMV:1 BIO:1 LMChroma:1 HorCollocatedChroma:1 VerCollocatedChroma:0 MTS:1(explicit intra) SBT:1 ISP:1 SMVD:1 CompositeLTReference:0 Bcw:1 BcwFast:1 LADF:0 CIIP:1 Geo:1 AllowDisFracMMVD:1 AffineAmvr:1 AffineAmvrEncOpt:1 AffineAmvp:1 DMVR:1 MmvdDisNum:6 JointCbCr:1 ACT:0 PLT:0 IBC:0 HashME:0 WrapAround:0 VirtualBoundariesEnabledFlag:0 VirtualBoundariesPresentInSPSFlag:1 vertical virtual boundaries:[ ] horizontal virtual boundaries:[ ] Reshape:1 (Signal:SDR Opt:0 CSoffset:6) MRL:1 MIP:1 EncDbOpt:1 AlfLambdaOpt:0 
FAST TOOL CFG: LCTUFast:1 FastMrg:1 MaxMergeRdCandNumTotal:7 MergeRdCandQuotaRegular:4 MergeRdCandQuotaRegularSmallBlk:4 MergeRdCandQuotaSubBlk:2 MergeRdCandQuotaCiip:1 MergeRdCandQuotaGpm:8 PBIntraFast:1 IMV4PelFast:1 MTSMaxCand: 4(intra) 4(inter) ISPFast:0 FastLFNST:0 AMaxBT:1 E0023FastEnc:1 ContentBasedFastQtbt:0 UseNonLinearAlfLuma:1 UseNonLinearAlfChroma:1 MaxNumAlfAlternativesChroma:8 FastMIP:0 TTFastSkip:31 TTFastSkipThr:1.075 FastLocalDualTree:1 RPR:0 TemporalFilter:4/4 SEI CTI:0 BIM:0 SEI FGC:0 SEI processing Order:0 DPF:0 


 started @ Tue Aug 19 07:44:12 2025
POC    0 LId:  0 TId: 0 ( IDR_N_LP, I-SLICE, QP 24 )    1686192 bits [Y 38.1641 dB    U 42.1426 dB    V 44.2811 dB] [ET   433 ] [L0] [L1]
POC   32 LId:  0 TId: 0 ( TRAIL, B-SLICE, QP 26 )     456144 bits [Y 36.7420 dB    U 41.9748 dB    V 44.2526 dB] [ET   433 ] [L0 0] [L1 0c]
POC   16 LId:  0 TId: 1 ( STSA, B-SLICE, QP 28 )     236384 bits [Y 36.0937 dB    U 41.8476 dB    V 44.1927 dB] [ET   314 ] [L0 0 32] [L1 32c]
POC    8 LId:  0 TId: 2 ( TRAIL, B-SLICE, QP 29 )     153384 bits [Y 35.9365 dB    U 41.8079 dB    V 44.2085 dB] [ET   255 ] [L0 0 16 32] [L1 16c 32]
POC    4 LId:  0 TId: 3 ( TRAIL, B-SLICE, QP 32 )      82304 bits [Y 35.7710 dB    U 41.8714 dB    V 44.2233 dB] [ET   213 ] [L0 0 8 16] [L1 8c 16 32]
POC    2 LId:  0 TId: 4 ( TRAIL, B-SLICE, QP 34 )      28192 bits [Y 35.7390 dB    U 41.9338 dB    V 44.1982 dB] [ET   115 ] [L0 0 4 8] [L1 4c 8 16 32]
POC    1 LId:  0 TId: 5 ( TRAIL, B-SLICE, QP 36 )       8536 bits [Y 36.0852 dB    U 42.0936 dB    V 44.2988 dB] [ET    44 ] [L0 0] [L1 2c 4]
POC    3 LId:  0 TId: 5 ( TRAIL, B-SLICE, QP 36 )      10360 bits [Y 35.4474 dB    U 41.9253 dB    V 44.2229 dB] [ET    51 ] [L0 2c 0] [L1 4 8]
POC    6 LId:  0 TId: 4 ( TRAIL, B-SLICE, QP 34 )      27760 bits [Y 35.6942 dB    U 41.8418 dB    V 44.1162 dB] [ET   119 ] [L0 4c 2 0] [L1 8 16 32]
POC    5 LId:  0 TId: 5 ( TRAIL, B-SLICE, QP 36 )       8304 bits [Y 35.4434 dB    U 41.8473 dB    V 44.1757 dB] [ET    47 ] [L0 4 0] [L1 6c 8]
POC    7 LId:  0 TId: 5 ( TRAIL, B-SLICE, QP 36 )       8368 bits [Y 35.5517 dB    U 41.8563 dB    V 44.1914 dB] [ET    49 ] [L0 6c 4] [L1 8 16]
POC   12 LId:  0 TId: 3 ( TRAIL, B-SLICE, QP 32 )      73928 bits [Y 35.7999 dB    U 41.8126 dB    V 44.1220 dB] [ET   204 ] [L0 8c 4 0] [L1 16 32]
POC   10 LId:  0 TId: 4 ( TRAIL, B-SLICE, QP 34 )      25656 bits [Y 35.4924 dB    U 41.7811 dB    V 44.1088 dB] [ET   118 ] [L0 8 6 4 0] [L1 12c 16 32]
POC    9 LId:  0 TId: 5 ( TRAIL, B-SLICE, QP 36 )       9496 bits [Y 35.4295 dB    U 41.8225 dB    V 44.1821 dB] [ET    52 ] [L0 8 4] [L1 10c 12]
POC   11 LId:  0 TId: 5 ( TRAIL, B-SLICE, QP 36 )       8488 bits [Y 35.4054 dB    U 41.8121 dB    V 44.1294 dB] [ET    47 ] [L0 10c 8] [L1 12 16]
POC   14 LId:  0 TId: 4 ( TRAIL, B-SLICE, QP 34 )      30408 bits [Y 35.5398 dB    U 41.7794 dB    V 44.0710 dB] [ET   129 ] [L0 12c 10 8 0] [L1 16 32]
POC   13 LId:  0 TId: 5 ( TRAIL, B-SLICE, QP 36 )       7024 bits [Y 35.4075 dB    U 41.8101 dB    V 44.0822 dB] [ET    45 ] [L0 12 8] [L1 14c 16]
POC   15 LId:  0 TId: 5 ( TRAIL, B-SLICE, QP 36 )       9168 bits [Y 35.5010 dB    U 41.8359 dB    V 44.1217 dB] [ET    50 ] [L0 14c 12] [L1 16 32]
POC   24 LId:  0 TId: 2 ( TRAIL, B-SLICE, QP 29 )     151808 bits [Y 36.0877 dB    U 41.8825 dB    V 44.2895 dB] [ET   249 ] [L0 16c 8 0] [L1 32]
POC   20 LId:  0 TId: 3 ( TRAIL, B-SLICE, QP 32 )      78584 bits [Y 35.7473 dB    U 41.8322 dB    V 44.1373 dB] [ET   209 ] [L0 16 8 0] [L1 24c 32]
POC   18 LId:  0 TId: 4 ( TRAIL, B-SLICE, QP 34 )      27032 bits [Y 35.5892 dB    U 41.8325 dB    V 44.1613 dB] [ET   125 ] [L0 16 8 0] [L1 20c 24 32]
POC   17 LId:  0 TId: 5 ( TRAIL, B-SLICE, QP 36 )      10096 bits [Y 35.5097 dB    U 41.8593 dB    V 44.1681 dB] [ET    53 ] [L0 16 8] [L1 18c 20]
POC   19 LId:  0 TId: 5 ( TRAIL, B-SLICE, QP 36 )      10296 bits [Y 35.3622 dB    U 41.8104 dB    V 44.1229 dB] [ET    55 ] [L0 18c 16] [L1 20 24]
POC   22 LId:  0 TId: 4 ( TRAIL, B-SLICE, QP 34 )      29136 bits [Y 35.5480 dB    U 41.7664 dB    V 44.1230 dB] [ET   133 ] [L0 20c 16 0] [L1 24 32 18]
POC   21 LId:  0 TId: 5 ( TRAIL, B-SLICE, QP 36 )       9440 bits [Y 35.3729 dB    U 41.8282 dB    V 44.1312 dB] [ET    54 ] [L0 20 16] [L1 22c 24]
POC   23 LId:  0 TId: 5 ( TRAIL, B-SLICE, QP 36 )       9368 bits [Y 35.5443 dB    U 41.8104 dB    V 44.1497 dB] [ET    55 ] [L0 22c 20] [L1 24 32]
POC   28 LId:  0 TId: 3 ( TRAIL, B-SLICE, QP 32 )      71544 bits [Y 35.9000 dB    U 41.8263 dB    V 44.2129 dB] [ET   203 ] [L0 24c 20 16 0] [L1 32]
POC   26 LId:  0 TId: 4 ( TRAIL, B-SLICE, QP 34 )      32336 bits [Y 35.4711 dB    U 41.7994 dB    V 44.1142 dB] [ET   134 ] [L0 24 20 16 0] [L1 28c 32]
POC   25 LId:  0 TId: 5 ( TRAIL, B-SLICE, QP 36 )       7928 bits [Y 35.5547 dB    U 41.8435 dB    V 44.2047 dB] [ET    49 ] [L0 24 20] [L1 26c 28]
POC   27 LId:  0 TId: 5 ( TRAIL, B-SLICE, QP 36 )      10496 bits [Y 35.3856 dB    U 41.7898 dB    V 44.1163 dB] [ET    53 ] [L0 26c 24] [L1 28 32]
POC   30 LId:  0 TId: 4 ( TRAIL, B-SLICE, QP 34 )      33528 bits [Y 35.5836 dB    U 41.9054 dB    V 44.2017 dB] [ET   130 ] [L0 28c 24 16 0] [L1 32]
POC   29 LId:  0 TId: 5 ( TRAIL, B-SLICE, QP 36 )      10512 bits [Y 35.3861 dB    U 41.8303 dB    V 44.1435 dB] [ET    55 ] [L0 28 24] [L1 30c 32]
POC   31 LId:  0 TId: 5 ( TRAIL, B-SLICE, QP 36 )       8496 bits [Y 35.6972 dB    U 41.9365 dB    V 44.1876 dB] [ET    46 ] [L0 30c 28] [L1 32]

LayerId  0
	Total Frames |  Bitrate      Y-PSNR   U-PSNR   V-PSNR   YUV-PSNR 
	33           a  6128.5382    35.7268  41.8591  44.1710  37.0621  

 finished @ Tue Aug 19 08:56:13 2025
 Total Time:     4320.893 sec. [user]     4320.892 sec. [elapsed]
