
VVCSoftware: VTM Encoder Version 23.11 [Windows][VS 1944][64 bit] [SIMD=AVX2] 

TOOL CFG: IBD:1 HAD:1 RDQ:1 RDQTS:1 LQP:0 SQP:0 ASR:1 MinSearchWindow:96 RestrictMESampling:0 FEN:1 ECU:0 FDM:0 ESD:0 TransformSkip:1 TransformSkipFast:1 TransformSkipLog2MaxSize:5 ChromaTS:1 BDPCM:0 Tiles: 1x1 Slices: 1 MCTS:0 SAO:1 ALF:1 CCALF:1 MaxNumALFAPS 8 AlfapsIDShift 0 ConstantJointCbCrSignFlagWPP:0 WPB:0 PME:2  WaveFrontSynchro:0 WaveFrontSubstreams:1 ScalingList:0 TMVPMode:1  DQ:1  SignBitHidingFlag:0 RecalQP:0 
TOOL CFG: LFNST:1 MMVD:1 Affine:1 AffineType:1 AdaptBypassAffineMe:0 PROF:1 SbTMVP:1 DualITree:1 IMV:1 BIO:1 LMChroma:1 HorCollocatedChroma:1 VerCollocatedChroma:0 MTS:1(explicit intra) SBT:1 ISP:1 SMVD:1 CompositeLTReference:0 Bcw:1 BcwFast:1 LADF:0 CIIP:1 Geo:1 AllowDisFracMMVD:1 AffineAmvr:1 AffineAmvrEncOpt:1 AffineAmvp:1 DMVR:1 MmvdDisNum:6 JointCbCr:1 ACT:0 PLT:0 IBC:0 HashME:0 WrapAround:0 VirtualBoundariesEnabledFlag:0 VirtualBoundariesPresentInSPSFlag:1 vertical virtual boundaries:[ ] horizontal virtual boundaries:[ ] Reshape:1 (Signal:SDR Opt:0 CSoffset:6) MRL:1 MIP:1 EncDbOpt:1 AlfLambdaOpt:0 
FAST TOOL CFG: LCTUFast:1 FastMrg:1 MaxMergeRdCandNumTotal:7 MergeRdCandQuotaRegular:4 MergeRdCandQuotaRegularSmallBlk:4 MergeRdCandQuotaSubBlk:2 MergeRdCandQuotaCiip:1 MergeRdCandQuotaGpm:8 PBIntraFast:1 IMV4PelFast:1 MTSMaxCand: 4(intra) 4(inter) ISPFast:0 FastLFNST:0 AMaxBT:1 E0023FastEnc:1 ContentBasedFastQtbt:0 UseNonLinearAlfLuma:1 UseNonLinearAlfChroma:1 MaxNumAlfAlternativesChroma:8 FastMIP:0 TTFastSkip:31 TTFastSkipThr:1.075 FastLocalDualTree:1 RPR:0 TemporalFilter:4/4 SEI CTI:0 BIM:0 SEI FGC:0 SEI processing Order:0 DPF:0 


 started @ Tue Aug 19 03:38:27 2025
POC    0 LId:  0 TId: 0 ( IDR_N_LP, I-SLICE, QP 19 )     917312 bits [Y 41.1322 dB    U 45.8374 dB    V 47.9483 dB] [ET   403 ] [L0] [L1]
POC   32 LId:  0 TId: 0 ( TRAIL, B-SLICE, QP 21 )     621016 bits [Y 40.4152 dB    U 45.2553 dB    V 47.2405 dB] [ET   877 ] [L0 0] [L1 0c]
POC   16 LId:  0 TId: 1 ( STSA, B-SLICE, QP 22 )     382784 bits [Y 40.3628 dB    U 45.5637 dB    V 47.5455 dB] [ET   755 ] [L0 0 32] [L1 32c]
POC    8 LId:  0 TId: 2 ( TRAIL, B-SLICE, QP 23 )     318440 bits [Y 40.2571 dB    U 45.5230 dB    V 47.4146 dB] [ET   679 ] [L0 0 16 32] [L1 16c 32]
POC    4 LId:  0 TId: 3 ( TRAIL, B-SLICE, QP 26 )     225568 bits [Y 40.2211 dB    U 45.4105 dB    V 47.1940 dB] [ET   606 ] [L0 0 8 16] [L1 8c 16 32]
POC    2 LId:  0 TId: 4 ( TRAIL, B-SLICE, QP 28 )     108848 bits [Y 39.8970 dB    U 45.3820 dB    V 46.9854 dB] [ET   399 ] [L0 0 4 8] [L1 4c 8 16 32]
POC    1 LId:  0 TId: 5 ( TRAIL, B-SLICE, QP 29 )      64768 bits [Y 39.8564 dB    U 45.5034 dB    V 47.0879 dB] [ET   210 ] [L0 0] [L1 2c 4]
POC    3 LId:  0 TId: 5 ( TRAIL, B-SLICE, QP 29 )      67856 bits [Y 39.6858 dB    U 45.2474 dB    V 46.7009 dB] [ET   205 ] [L0 2c 0] [L1 4 8]
POC    6 LId:  0 TId: 4 ( TRAIL, B-SLICE, QP 28 )     116648 bits [Y 39.6921 dB    U 45.2204 dB    V 46.6926 dB] [ET   377 ] [L0 4c 2 0] [L1 8 16 32]
POC    5 LId:  0 TId: 5 ( TRAIL, B-SLICE, QP 29 )      73176 bits [Y 39.5750 dB    U 45.1858 dB    V 46.5580 dB] [ET   223 ] [L0 4 0] [L1 6c 8]
POC    7 LId:  0 TId: 5 ( TRAIL, B-SLICE, QP 29 )      69696 bits [Y 39.5974 dB    U 45.2683 dB    V 46.6925 dB] [ET   225 ] [L0 6c 4] [L1 8 16]
POC   12 LId:  0 TId: 3 ( TRAIL, B-SLICE, QP 26 )     203752 bits [Y 40.2022 dB    U 45.3745 dB    V 47.2456 dB] [ET   556 ] [L0 8c 4 0] [L1 16 32]
POC   10 LId:  0 TId: 4 ( TRAIL, B-SLICE, QP 28 )     102920 bits [Y 39.7243 dB    U 45.2611 dB    V 46.8304 dB] [ET   392 ] [L0 8 6 4 0] [L1 12c 16 32]
POC    9 LId:  0 TId: 5 ( TRAIL, B-SLICE, QP 29 )      65216 bits [Y 39.6218 dB    U 45.2812 dB    V 46.7198 dB] [ET   223 ] [L0 8 4] [L1 10c 12]
POC   11 LId:  0 TId: 5 ( TRAIL, B-SLICE, QP 29 )      55920 bits [Y 39.6510 dB    U 45.2008 dB    V 46.7679 dB] [ET   220 ] [L0 10c 8] [L1 12 16]
POC   14 LId:  0 TId: 4 ( TRAIL, B-SLICE, QP 28 )      86000 bits [Y 39.8712 dB    U 45.3157 dB    V 47.0075 dB] [ET   332 ] [L0 12c 10 8 0] [L1 16 32]
POC   13 LId:  0 TId: 5 ( TRAIL, B-SLICE, QP 29 )      48632 bits [Y 39.7200 dB    U 45.2250 dB    V 46.8240 dB] [ET   193 ] [L0 12 8] [L1 14c 16]
POC   15 LId:  0 TId: 5 ( TRAIL, B-SLICE, QP 29 )      50008 bits [Y 39.8457 dB    U 45.3346 dB    V 47.0379 dB] [ET   212 ] [L0 14c 12] [L1 16 32]
POC   24 LId:  0 TId: 2 ( TRAIL, B-SLICE, QP 23 )     309744 bits [Y 40.2956 dB    U 45.3341 dB    V 47.2670 dB] [ET   664 ] [L0 16c 8 0] [L1 32]
POC   20 LId:  0 TId: 3 ( TRAIL, B-SLICE, QP 26 )     176200 bits [Y 40.2442 dB    U 45.3569 dB    V 47.1842 dB] [ET   556 ] [L0 16 8 0] [L1 24c 32]
POC   18 LId:  0 TId: 4 ( TRAIL, B-SLICE, QP 28 )      89160 bits [Y 39.9955 dB    U 45.2501 dB    V 46.9159 dB] [ET   328 ] [L0 16 8 0] [L1 20c 24 32]
POC   17 LId:  0 TId: 5 ( TRAIL, B-SLICE, QP 29 )      47560 bits [Y 39.9266 dB    U 45.3043 dB    V 46.9831 dB] [ET   195 ] [L0 16 8] [L1 18c 20]
POC   19 LId:  0 TId: 5 ( TRAIL, B-SLICE, QP 29 )      50648 bits [Y 39.8941 dB    U 45.1984 dB    V 46.8154 dB] [ET   204 ] [L0 18c 16] [L1 20 24]
POC   22 LId:  0 TId: 4 ( TRAIL, B-SLICE, QP 28 )      95600 bits [Y 39.9504 dB    U 45.1161 dB    V 46.8122 dB] [ET   350 ] [L0 20c 16 0] [L1 24 32 18]
POC   21 LId:  0 TId: 5 ( TRAIL, B-SLICE, QP 29 )      53200 bits [Y 39.8623 dB    U 45.1071 dB    V 46.7323 dB] [ET   209 ] [L0 20 16] [L1 22c 24]
POC   23 LId:  0 TId: 5 ( TRAIL, B-SLICE, QP 29 )      58448 bits [Y 39.8632 dB    U 45.0785 dB    V 46.7034 dB] [ET   219 ] [L0 22c 20] [L1 24 32]
POC   28 LId:  0 TId: 3 ( TRAIL, B-SLICE, QP 26 )     234424 bits [Y 40.1158 dB    U 45.0511 dB    V 46.7122 dB] [ET   623 ] [L0 24c 20 16 0] [L1 32]
POC   26 LId:  0 TId: 4 ( TRAIL, B-SLICE, QP 28 )     117544 bits [Y 39.8512 dB    U 44.9417 dB    V 46.5575 dB] [ET   387 ] [L0 24 20 16 0] [L1 28c 32]
POC   25 LId:  0 TId: 5 ( TRAIL, B-SLICE, QP 29 )      68056 bits [Y 39.8032 dB    U 45.0036 dB    V 46.6153 dB] [ET   206 ] [L0 24 20] [L1 26c 28]
POC   27 LId:  0 TId: 5 ( TRAIL, B-SLICE, QP 29 )      73776 bits [Y 39.6999 dB    U 44.8585 dB    V 46.3296 dB] [ET   221 ] [L0 26c 24] [L1 28 32]
POC   30 LId:  0 TId: 4 ( TRAIL, B-SLICE, QP 28 )     118840 bits [Y 39.8050 dB    U 44.9156 dB    V 46.4893 dB] [ET   386 ] [L0 28c 24 16 0] [L1 32]
POC   29 LId:  0 TId: 5 ( TRAIL, B-SLICE, QP 29 )      72840 bits [Y 39.6557 dB    U 44.8393 dB    V 46.2754 dB] [ET   223 ] [L0 28 24] [L1 30c 32]
POC   31 LId:  0 TId: 5 ( TRAIL, B-SLICE, QP 29 )      68152 bits [Y 39.7262 dB    U 44.9572 dB    V 46.5666 dB] [ET   209 ] [L0 30c 28] [L1 32]

LayerId  0
	Total Frames |  Bitrate      Y-PSNR   U-PSNR   V-PSNR   YUV-PSNR 
	33           a  7898.1091    39.9399  45.2334  46.8925  41.1813  

 finished @ Tue Aug 19 06:59:33 2025
 Total Time:    12065.895 sec. [user]    12065.895 sec. [elapsed]
