
VVCSoftware: VTM Encoder Version 23.11 [Windows][VS 1944][64 bit] [SIMD=AVX2] 

TOOL CFG: IBD:1 HAD:1 RDQ:0 RDQTS:0 LQP:0 SQP:0 ASR:0 MinSearchWindow:96 RestrictMESampling:0 FEN:0 ECU:0 FDM:0 ESD:0 TransformSkip:1 TransformSkipFast:1 TransformSkipLog2MaxSize:5 ChromaTS:1 BDPCM:0 Tiles: 1x1 Slices: 1 MCTS:0 SAO:1 ALF:0 CCALF:0 MaxNumALFAPS 8 AlfapsIDShift 0 ConstantJointCbCrSignFlagWPP:0 WPB:0 PME:2  WaveFrontSynchro:0 WaveFrontSubstreams:1 ScalingList:0 TMVPMode:1  DQ:0  SignBitHidingFlag:0 RecalQP:0 
TOOL CFG: LFNST:1 MMVD:1 Affine:1 AffineType:1 AdaptBypassAffineMe:0 PROF:1 SbTMVP:1 DualITree:1 IMV:1 BIO:1 LMChroma:1 HorCollocatedChroma:1 VerCollocatedChroma:0 MTS:1(explicit intra) SBT:1 ISP:1 SMVD:1 CompositeLTReference:0 Bcw:1 BcwFast:1 LADF:0 CIIP:1 Geo:1 AllowDisFracMMVD:1 AffineAmvr:1 AffineAmvrEncOpt:1 AffineAmvp:1 DMVR:1 MmvdDisNum:6 JointCbCr:1 ACT:0 PLT:0 IBC:0 HashME:0 WrapAround:0 VirtualBoundariesEnabledFlag:0 VirtualBoundariesPresentInSPSFlag:1 vertical virtual boundaries:[ ] horizontal virtual boundaries:[ ] Reshape:1 (Signal:SDR Opt:0 CSoffset:6) MRL:1 MIP:1 EncDbOpt:1 AlfLambdaOpt:0 
FAST TOOL CFG: LCTUFast:0 FastMrg:0 MaxMergeRdCandNumTotal:7 MergeRdCandQuotaRegular:4 MergeRdCandQuotaRegularSmallBlk:4 MergeRdCandQuotaSubBlk:2 MergeRdCandQuotaCiip:1 MergeRdCandQuotaGpm:8 PBIntraFast:1 IMV4PelFast:1 MTSMaxCand: 4(intra) 4(inter) ISPFast:0 FastLFNST:0 AMaxBT:1 E0023FastEnc:1 ContentBasedFastQtbt:0 UseNonLinearAlfLuma:1 UseNonLinearAlfChroma:1 MaxNumAlfAlternativesChroma:8 FastMIP:0 TTFastSkip:31 TTFastSkipThr:1.075 FastLocalDualTree:1 RPR:0 TemporalFilter:4/4 SEI CTI:0 BIM:0 SEI FGC:0 SEI processing Order:0 DPF:0 


 started @ Tue Aug 19 20:08:09 2025
POC    0 LId:  0 TId: 0 ( IDR_N_LP, I-SLICE, QP 24 )      93104 bits [Y 42.0550 dB    U 44.5575 dB    V 44.7546 dB] [ET    17 ] [L0] [L1]
POC   32 LId:  0 TId: 0 ( TRAIL, B-SLICE, QP 26 )      37200 bits [Y 40.8290 dB    U 43.9348 dB    V 43.7250 dB] [ET   453 ] [L0 0] [L1 0c]
POC   16 LId:  0 TId: 1 ( STSA, B-SLICE, QP 28 )      18664 bits [Y 39.9092 dB    U 43.2364 dB    V 42.8681 dB] [ET   529 ] [L0 0 32] [L1 32c]
POC    8 LId:  0 TId: 2 ( TRAIL, B-SLICE, QP 29 )      13208 bits [Y 39.7362 dB    U 43.3717 dB    V 42.8792 dB] [ET   636 ] [L0 0 16 32] [L1 16c 32]
POC    4 LId:  0 TId: 3 ( TRAIL, B-SLICE, QP 32 )       7248 bits [Y 39.1555 dB    U 43.4662 dB    V 42.6058 dB] [ET   809 ] [L0 0 8 16] [L1 8c 16 32]
POC    2 LId:  0 TId: 4 ( TRAIL, B-SLICE, QP 34 )       2936 bits [Y 39.2761 dB    U 43.8831 dB    V 43.0982 dB] [ET   726 ] [L0 0 4 8] [L1 4c 8 16 32]
POC    1 LId:  0 TId: 5 ( TRAIL, B-SLICE, QP 36 )        984 bits [Y 39.5148 dB    U 44.1725 dB    V 43.3893 dB] [ET   160 ] [L0 0] [L1 2c 4]
POC    3 LId:  0 TId: 5 ( TRAIL, B-SLICE, QP 36 )        848 bits [Y 38.5330 dB    U 43.5291 dB    V 42.2145 dB] [ET   214 ] [L0 2c 0] [L1 4 8]
POC    6 LId:  0 TId: 4 ( TRAIL, B-SLICE, QP 34 )       3528 bits [Y 38.5622 dB    U 43.2371 dB    V 42.1997 dB] [ET   935 ] [L0 4c 2 0] [L1 8 16 32]
POC    5 LId:  0 TId: 5 ( TRAIL, B-SLICE, QP 36 )        768 bits [Y 38.3902 dB    U 43.1994 dB    V 42.0649 dB] [ET   223 ] [L0 4 0] [L1 6c 8]
POC    7 LId:  0 TId: 5 ( TRAIL, B-SLICE, QP 36 )       1040 bits [Y 38.5466 dB    U 43.1295 dB    V 42.2895 dB] [ET   235 ] [L0 6c 4] [L1 8 16]
POC   12 LId:  0 TId: 3 ( TRAIL, B-SLICE, QP 32 )       7592 bits [Y 38.9592 dB    U 43.0778 dB    V 42.1323 dB] [ET   830 ] [L0 8c 4 0] [L1 16 32]
POC   10 LId:  0 TId: 4 ( TRAIL, B-SLICE, QP 34 )       3296 bits [Y 38.5575 dB    U 43.1229 dB    V 42.4703 dB] [ET   900 ] [L0 8 6 4 0] [L1 12c 16 32]
POC    9 LId:  0 TId: 5 ( TRAIL, B-SLICE, QP 36 )       1192 bits [Y 38.4643 dB    U 43.2947 dB    V 42.6449 dB] [ET   233 ] [L0 8 4] [L1 10c 12]
POC   11 LId:  0 TId: 5 ( TRAIL, B-SLICE, QP 36 )       1128 bits [Y 38.2628 dB    U 43.1785 dB    V 42.0968 dB] [ET   248 ] [L0 10c 8] [L1 12 16]
POC   14 LId:  0 TId: 4 ( TRAIL, B-SLICE, QP 34 )       2720 bits [Y 38.7019 dB    U 43.1761 dB    V 42.3102 dB] [ET   786 ] [L0 12c 10 8 0] [L1 16 32]
POC   13 LId:  0 TId: 5 ( TRAIL, B-SLICE, QP 36 )        760 bits [Y 38.3833 dB    U 43.1901 dB    V 42.1129 dB] [ET   219 ] [L0 12 8] [L1 14c 16]
POC   15 LId:  0 TId: 5 ( TRAIL, B-SLICE, QP 36 )        616 bits [Y 38.9388 dB    U 43.3151 dB    V 42.5752 dB] [ET   175 ] [L0 14c 12] [L1 16 32]
POC   24 LId:  0 TId: 2 ( TRAIL, B-SLICE, QP 29 )      13816 bits [Y 39.4314 dB    U 43.3661 dB    V 42.5443 dB] [ET   704 ] [L0 16c 8 0] [L1 32]
POC   20 LId:  0 TId: 3 ( TRAIL, B-SLICE, QP 32 )       7080 bits [Y 38.7843 dB    U 43.2979 dB    V 42.2300 dB] [ET   842 ] [L0 16 8 0] [L1 24c 32]
POC   18 LId:  0 TId: 4 ( TRAIL, B-SLICE, QP 34 )       2728 bits [Y 38.5548 dB    U 43.2256 dB    V 42.1474 dB] [ET   715 ] [L0 16 8 0] [L1 20c 24 32]
POC   17 LId:  0 TId: 5 ( TRAIL, B-SLICE, QP 36 )        624 bits [Y 38.6831 dB    U 43.3043 dB    V 42.3429 dB] [ET   169 ] [L0 16 8] [L1 18c 20]
POC   19 LId:  0 TId: 5 ( TRAIL, B-SLICE, QP 36 )        528 bits [Y 38.3643 dB    U 43.2922 dB    V 41.9957 dB] [ET   170 ] [L0 18c 16] [L1 20 24]
POC   22 LId:  0 TId: 4 ( TRAIL, B-SLICE, QP 34 )       2576 bits [Y 38.3543 dB    U 43.2939 dB    V 41.9668 dB] [ET   656 ] [L0 20c 16 0] [L1 24 32 18]
POC   21 LId:  0 TId: 5 ( TRAIL, B-SLICE, QP 36 )        504 bits [Y 38.2708 dB    U 43.2950 dB    V 41.8846 dB] [ET   190 ] [L0 20 16] [L1 22c 24]
POC   23 LId:  0 TId: 5 ( TRAIL, B-SLICE, QP 36 )        416 bits [Y 38.4754 dB    U 43.3577 dB    V 41.8744 dB] [ET   169 ] [L0 22c 20] [L1 24 32]
POC   28 LId:  0 TId: 3 ( TRAIL, B-SLICE, QP 32 )       6872 bits [Y 38.8706 dB    U 43.4541 dB    V 42.3071 dB] [ET   766 ] [L0 24c 20 16 0] [L1 32]
POC   26 LId:  0 TId: 4 ( TRAIL, B-SLICE, QP 34 )       2544 bits [Y 38.5241 dB    U 43.3553 dB    V 42.0179 dB] [ET   757 ] [L0 24 20 16 0] [L1 28c 32]
POC   25 LId:  0 TId: 5 ( TRAIL, B-SLICE, QP 36 )        480 bits [Y 38.5389 dB    U 43.4480 dB    V 41.9429 dB] [ET   164 ] [L0 24 20] [L1 26c 28]
POC   27 LId:  0 TId: 5 ( TRAIL, B-SLICE, QP 36 )        480 bits [Y 38.3367 dB    U 43.4177 dB    V 41.7578 dB] [ET   171 ] [L0 26c 24] [L1 28 32]
POC   30 LId:  0 TId: 4 ( TRAIL, B-SLICE, QP 34 )       2656 bits [Y 38.7111 dB    U 43.6123 dB    V 42.6350 dB] [ET   616 ] [L0 28c 24 16 0] [L1 32]
POC   29 LId:  0 TId: 5 ( TRAIL, B-SLICE, QP 36 )        688 bits [Y 38.2124 dB    U 43.5205 dB    V 41.8696 dB] [ET   179 ] [L0 28 24] [L1 30c 32]
POC   31 LId:  0 TId: 5 ( TRAIL, B-SLICE, QP 36 )        744 bits [Y 38.9593 dB    U 43.6756 dB    V 42.2912 dB] [ET   146 ] [L0 30c 28] [L1 32]

LayerId  0
	Total Frames |  Bitrate      Y-PSNR   U-PSNR   V-PSNR   YUV-PSNR 
	33           a  362.9818     38.9045  43.4239  42.4315  39.8202  

 finished @ Wed Aug 20 00:13:53 2025
 Total Time:    14744.388 sec. [user]    14744.389 sec. [elapsed]
