
VVCSoftware: VTM Encoder Version 23.11 [Windows][VS 1944][64 bit] [SIMD=AVX2] 

TOOL CFG: IBD:1 HAD:1 RDQ:1 RDQTS:1 LQP:0 SQP:0 ASR:1 MinSearchWindow:96 RestrictMESampling:0 FEN:1 ECU:0 FDM:1 ESD:0 TransformSkip:1 TransformSkipFast:1 TransformSkipLog2MaxSize:5 ChromaTS:1 BDPCM:0 Tiles: 1x1 Slices: 1 MCTS:0 SAO:0 ALF:1 CCALF:1 MaxNumALFAPS 8 AlfapsIDShift 0 ConstantJointCbCrSignFlagWPP:0 WPB:0 PME:2  WaveFrontSynchro:0 WaveFrontSubstreams:1 ScalingList:0 TMVPMode:1  DQ:1  SignBitHidingFlag:0 RecalQP:0 
TOOL CFG: LFNST:1 MMVD:1 Affine:1 AffineType:1 AdaptBypassAffineMe:0 PROF:1 SbTMVP:1 DualITree:1 IMV:1 BIO:1 LMChroma:1 HorCollocatedChroma:1 VerCollocatedChroma:0 MTS:1(explicit intra) SBT:1 ISP:1 SMVD:1 CompositeLTReference:0 Bcw:1 BcwFast:1 LADF:0 CIIP:1 Geo:1 AllowDisFracMMVD:1 AffineAmvr:1 AffineAmvrEncOpt:1 AffineAmvp:1 DMVR:1 MmvdDisNum:6 JointCbCr:1 ACT:0 PLT:0 IBC:0 HashME:0 WrapAround:0 VirtualBoundariesEnabledFlag:0 VirtualBoundariesPresentInSPSFlag:1 vertical virtual boundaries:[ ] horizontal virtual boundaries:[ ] Reshape:1 (Signal:SDR Opt:0 CSoffset:6) MRL:1 MIP:1 EncDbOpt:1 AlfLambdaOpt:0 
FAST TOOL CFG: LCTUFast:1 FastMrg:1 MaxMergeRdCandNumTotal:7 MergeRdCandQuotaRegular:4 MergeRdCandQuotaRegularSmallBlk:4 MergeRdCandQuotaSubBlk:2 MergeRdCandQuotaCiip:1 MergeRdCandQuotaGpm:8 PBIntraFast:1 IMV4PelFast:1 MTSMaxCand: 4(intra) 4(inter) ISPFast:0 FastLFNST:0 AMaxBT:1 E0023FastEnc:1 ContentBasedFastQtbt:0 UseNonLinearAlfLuma:1 UseNonLinearAlfChroma:1 MaxNumAlfAlternativesChroma:8 FastMIP:0 TTFastSkip:31 TTFastSkipThr:1.075 FastLocalDualTree:1 RPR:0 TemporalFilter:4/4 SEI CTI:0 BIM:0 SEI FGC:0 SEI processing Order:0 DPF:0 


 started @ Mon Aug 18 20:48:43 2025
POC    0 LId:  0 TId: 0 ( IDR_N_LP, I-SLICE, QP 19 )    2972224 bits [Y 41.4149 dB    U 43.7730 dB    V 45.6956 dB] [ET   498 ] [L0] [L1]
POC   32 LId:  0 TId: 0 ( TRAIL, B-SLICE, QP 21 )    1358128 bits [Y 39.3185 dB    U 43.1753 dB    V 45.3827 dB] [ET   721 ] [L0 0] [L1 0c]
POC   16 LId:  0 TId: 1 ( STSA, B-SLICE, QP 22 )    1020920 bits [Y 38.7922 dB    U 43.1198 dB    V 45.3460 dB] [ET   667 ] [L0 0 32] [L1 32c]
POC    8 LId:  0 TId: 2 ( TRAIL, B-SLICE, QP 23 )     821728 bits [Y 38.7330 dB    U 42.9967 dB    V 45.3125 dB] [ET   622 ] [L0 0 16 32] [L1 16c 32]
POC    4 LId:  0 TId: 3 ( TRAIL, B-SLICE, QP 26 )     731760 bits [Y 39.1193 dB    U 43.0478 dB    V 45.3589 dB] [ET   552 ] [L0 0 8 16] [L1 8c 16 32]
POC    2 LId:  0 TId: 4 ( TRAIL, B-SLICE, QP 28 )     272088 bits [Y 37.6312 dB    U 43.2049 dB    V 45.4116 dB] [ET   404 ] [L0 0 4 8] [L1 4c 8 16 32]
POC    1 LId:  0 TId: 5 ( TRAIL, B-SLICE, QP 29 )     109136 bits [Y 37.2353 dB    U 43.5110 dB    V 45.5815 dB] [ET   196 ] [L0 0] [L1 2c 4]
POC    3 LId:  0 TId: 5 ( TRAIL, B-SLICE, QP 29 )     153504 bits [Y 37.0517 dB    U 43.1317 dB    V 45.3685 dB] [ET   251 ] [L0 2c 0] [L1 4 8]
POC    6 LId:  0 TId: 4 ( TRAIL, B-SLICE, QP 28 )     297984 bits [Y 37.6278 dB    U 43.0118 dB    V 45.3172 dB] [ET   401 ] [L0 4c 2 0] [L1 8 16 32]
POC    5 LId:  0 TId: 5 ( TRAIL, B-SLICE, QP 29 )     148600 bits [Y 37.0249 dB    U 43.0040 dB    V 45.2695 dB] [ET   220 ] [L0 4 0] [L1 6c 8]
POC    7 LId:  0 TId: 5 ( TRAIL, B-SLICE, QP 29 )     125056 bits [Y 37.0390 dB    U 43.0384 dB    V 45.3321 dB] [ET   239 ] [L0 6c 4] [L1 8 16]
POC   12 LId:  0 TId: 3 ( TRAIL, B-SLICE, QP 26 )     715536 bits [Y 39.1055 dB    U 43.0047 dB    V 45.3502 dB] [ET   541 ] [L0 8c 4 0] [L1 16 32]
POC   10 LId:  0 TId: 4 ( TRAIL, B-SLICE, QP 28 )     281832 bits [Y 37.5909 dB    U 42.9099 dB    V 45.2281 dB] [ET   416 ] [L0 8 6 4 0] [L1 12c 16 32]
POC    9 LId:  0 TId: 5 ( TRAIL, B-SLICE, QP 29 )     137296 bits [Y 37.0637 dB    U 42.9744 dB    V 45.2935 dB] [ET   253 ] [L0 8 4] [L1 10c 12]
POC   11 LId:  0 TId: 5 ( TRAIL, B-SLICE, QP 29 )     148456 bits [Y 37.0231 dB    U 42.9752 dB    V 45.2974 dB] [ET   241 ] [L0 10c 8] [L1 12 16]
POC   14 LId:  0 TId: 4 ( TRAIL, B-SLICE, QP 28 )     307352 bits [Y 37.6046 dB    U 42.9593 dB    V 45.2566 dB] [ET   420 ] [L0 12c 10 8 0] [L1 16 32]
POC   13 LId:  0 TId: 5 ( TRAIL, B-SLICE, QP 29 )     138880 bits [Y 37.0229 dB    U 42.9784 dB    V 45.2793 dB] [ET   222 ] [L0 12 8] [L1 14c 16]
POC   15 LId:  0 TId: 5 ( TRAIL, B-SLICE, QP 29 )     133160 bits [Y 37.0744 dB    U 43.0843 dB    V 45.3147 dB] [ET   244 ] [L0 14c 12] [L1 16 32]
POC   24 LId:  0 TId: 2 ( TRAIL, B-SLICE, QP 23 )     794136 bits [Y 38.7661 dB    U 43.0777 dB    V 45.4044 dB] [ET   554 ] [L0 16c 8 0] [L1 32]
POC   20 LId:  0 TId: 3 ( TRAIL, B-SLICE, QP 26 )     721888 bits [Y 39.0929 dB    U 43.0278 dB    V 45.3313 dB] [ET   536 ] [L0 16 8 0] [L1 24c 32]
POC   18 LId:  0 TId: 4 ( TRAIL, B-SLICE, QP 28 )     284760 bits [Y 37.6100 dB    U 43.0287 dB    V 45.2784 dB] [ET   420 ] [L0 16 8 0] [L1 20c 24 32]
POC   17 LId:  0 TId: 5 ( TRAIL, B-SLICE, QP 29 )     127344 bits [Y 37.0763 dB    U 43.0846 dB    V 45.3306 dB] [ET   246 ] [L0 16 8] [L1 18c 20]
POC   19 LId:  0 TId: 5 ( TRAIL, B-SLICE, QP 29 )     154328 bits [Y 37.0476 dB    U 43.0185 dB    V 45.2595 dB] [ET   244 ] [L0 18c 16] [L1 20 24]
POC   22 LId:  0 TId: 4 ( TRAIL, B-SLICE, QP 28 )     306120 bits [Y 37.5914 dB    U 42.9313 dB    V 45.2712 dB] [ET   374 ] [L0 20c 16 0] [L1 24 32 18]
POC   21 LId:  0 TId: 5 ( TRAIL, B-SLICE, QP 29 )     157472 bits [Y 37.0347 dB    U 43.0259 dB    V 45.2995 dB] [ET   203 ] [L0 20 16] [L1 22c 24]
POC   23 LId:  0 TId: 5 ( TRAIL, B-SLICE, QP 29 )     122584 bits [Y 37.0574 dB    U 42.9939 dB    V 45.2833 dB] [ET   223 ] [L0 22c 20] [L1 24 32]
POC   28 LId:  0 TId: 3 ( TRAIL, B-SLICE, QP 26 )     689840 bits [Y 39.0814 dB    U 42.9618 dB    V 45.2829 dB] [ET   430 ] [L0 24c 20 16 0] [L1 32]
POC   26 LId:  0 TId: 4 ( TRAIL, B-SLICE, QP 28 )     312000 bits [Y 37.5955 dB    U 42.9724 dB    V 45.2788 dB] [ET   336 ] [L0 24 20 16 0] [L1 28c 32]
POC   25 LId:  0 TId: 5 ( TRAIL, B-SLICE, QP 29 )     111864 bits [Y 37.0531 dB    U 43.0287 dB    V 45.3218 dB] [ET   212 ] [L0 24 20] [L1 26c 28]
POC   27 LId:  0 TId: 5 ( TRAIL, B-SLICE, QP 29 )     160880 bits [Y 37.0417 dB    U 42.9157 dB    V 45.2558 dB] [ET   193 ] [L0 26c 24] [L1 28 32]
POC   30 LId:  0 TId: 4 ( TRAIL, B-SLICE, QP 28 )     298264 bits [Y 37.6021 dB    U 43.0389 dB    V 45.3328 dB] [ET   308 ] [L0 28c 24 16 0] [L1 32]
POC   29 LId:  0 TId: 5 ( TRAIL, B-SLICE, QP 29 )     157280 bits [Y 37.0334 dB    U 42.9546 dB    V 45.2194 dB] [ET   208 ] [L0 28 24] [L1 30c 32]
POC   31 LId:  0 TId: 5 ( TRAIL, B-SLICE, QP 29 )     115288 bits [Y 37.0986 dB    U 43.1033 dB    V 45.3163 dB] [ET   195 ] [L0 30c 28] [L1 32]

LayerId  0
	Total Frames |  Bitrate      Y-PSNR   U-PSNR   V-PSNR   YUV-PSNR 
	33           a  26159.4327   37.7956  43.0626  45.3291  38.9762  

 finished @ Tue Aug 19 00:05:14 2025
 Total Time:    11791.242 sec. [user]    11791.242 sec. [elapsed]
