
VVCSoftware: VTM Encoder Version 23.11 [Windows][VS 1944][64 bit] [SIMD=AVX2] 

TOOL CFG: IBD:1 HAD:1 RDQ:0 RDQTS:0 LQP:0 SQP:0 ASR:0 MinSearchWindow:96 RestrictMESampling:0 FEN:0 ECU:0 FDM:0 ESD:0 TransformSkip:1 TransformSkipFast:1 TransformSkipLog2MaxSize:5 ChromaTS:1 BDPCM:0 Tiles: 1x1 Slices: 1 MCTS:0 SAO:0 ALF:0 CCALF:0 MaxNumALFAPS 8 AlfapsIDShift 0 ConstantJointCbCrSignFlagWPP:0 WPB:0 PME:2  WaveFrontSynchro:0 WaveFrontSubstreams:1 ScalingList:0 TMVPMode:1  DQ:0  SignBitHidingFlag:0 RecalQP:0 
TOOL CFG: LFNST:1 MMVD:1 Affine:1 AffineType:1 AdaptBypassAffineMe:0 PROF:1 SbTMVP:1 DualITree:1 IMV:1 BIO:1 LMChroma:1 HorCollocatedChroma:1 VerCollocatedChroma:0 MTS:1(explicit intra) SBT:1 ISP:1 SMVD:1 CompositeLTReference:0 Bcw:1 BcwFast:1 LADF:0 CIIP:1 Geo:1 AllowDisFracMMVD:1 AffineAmvr:1 AffineAmvrEncOpt:1 AffineAmvp:1 DMVR:1 MmvdDisNum:6 JointCbCr:1 ACT:0 PLT:0 IBC:0 HashME:0 WrapAround:0 VirtualBoundariesEnabledFlag:0 VirtualBoundariesPresentInSPSFlag:1 vertical virtual boundaries:[ ] horizontal virtual boundaries:[ ] Reshape:1 (Signal:SDR Opt:0 CSoffset:6) MRL:1 MIP:1 EncDbOpt:1 AlfLambdaOpt:0 
FAST TOOL CFG: LCTUFast:0 FastMrg:0 MaxMergeRdCandNumTotal:7 MergeRdCandQuotaRegular:4 MergeRdCandQuotaRegularSmallBlk:4 MergeRdCandQuotaSubBlk:2 MergeRdCandQuotaCiip:1 MergeRdCandQuotaGpm:8 PBIntraFast:1 IMV4PelFast:1 MTSMaxCand: 4(intra) 4(inter) ISPFast:0 FastLFNST:0 AMaxBT:1 E0023FastEnc:1 ContentBasedFastQtbt:0 UseNonLinearAlfLuma:1 UseNonLinearAlfChroma:1 MaxNumAlfAlternativesChroma:8 FastMIP:0 TTFastSkip:31 TTFastSkipThr:1.075 FastLocalDualTree:1 RPR:0 TemporalFilter:4/4 SEI CTI:0 BIM:0 SEI FGC:0 SEI processing Order:0 DPF:0 


 started @ Tue Aug 19 13:05:26 2025
POC    0 LId:  0 TId: 0 ( IDR_N_LP, I-SLICE, QP 34 )      31432 bits [Y 35.6797 dB    U 39.1037 dB    V 38.8107 dB] [ET    10 ] [L0] [L1]
POC   32 LId:  0 TId: 0 ( TRAIL, B-SLICE, QP 36 )      12208 bits [Y 34.6235 dB    U 39.1710 dB    V 38.3982 dB] [ET   299 ] [L0 0] [L1 0c]
POC   16 LId:  0 TId: 1 ( STSA, B-SLICE, QP 40 )       4856 bits [Y 33.1880 dB    U 38.9880 dB    V 38.0234 dB] [ET   331 ] [L0 0 32] [L1 32c]
POC    8 LId:  0 TId: 2 ( TRAIL, B-SLICE, QP 41 )       3008 bits [Y 33.2418 dB    U 38.9374 dB    V 37.8464 dB] [ET   448 ] [L0 0 16 32] [L1 16c 32]
POC    4 LId:  0 TId: 3 ( TRAIL, B-SLICE, QP 43 )       1568 bits [Y 33.1529 dB    U 38.9138 dB    V 38.3330 dB] [ET   423 ] [L0 0 8 16] [L1 8c 16 32]
POC    2 LId:  0 TId: 4 ( TRAIL, B-SLICE, QP 45 )        736 bits [Y 33.6153 dB    U 39.1037 dB    V 38.5759 dB] [ET   271 ] [L0 0 4 8] [L1 4c 8 16 32]
POC    1 LId:  0 TId: 5 ( TRAIL, B-SLICE, QP 46 )        216 bits [Y 34.1897 dB    U 39.1196 dB    V 38.5652 dB] [ET    59 ] [L0 0] [L1 2c 4]
POC    3 LId:  0 TId: 5 ( TRAIL, B-SLICE, QP 46 )        248 bits [Y 33.2297 dB    U 39.0473 dB    V 38.3891 dB] [ET    81 ] [L0 2c 0] [L1 4 8]
POC    6 LId:  0 TId: 4 ( TRAIL, B-SLICE, QP 45 )        616 bits [Y 32.6551 dB    U 38.9561 dB    V 37.9487 dB] [ET   306 ] [L0 4c 2 0] [L1 8 16 32]
POC    5 LId:  0 TId: 5 ( TRAIL, B-SLICE, QP 46 )        208 bits [Y 32.8481 dB    U 38.9107 dB    V 38.2825 dB] [ET    79 ] [L0 4 0] [L1 6c 8]
POC    7 LId:  0 TId: 5 ( TRAIL, B-SLICE, QP 46 )        264 bits [Y 32.8911 dB    U 38.9207 dB    V 37.9565 dB] [ET    97 ] [L0 6c 4] [L1 8 16]
POC   12 LId:  0 TId: 3 ( TRAIL, B-SLICE, QP 43 )       1872 bits [Y 32.7534 dB    U 38.9345 dB    V 37.9720 dB] [ET   595 ] [L0 8c 4 0] [L1 16 32]
POC   10 LId:  0 TId: 4 ( TRAIL, B-SLICE, QP 45 )        648 bits [Y 32.6093 dB    U 39.0305 dB    V 38.0353 dB] [ET   487 ] [L0 8 6 4 0] [L1 12c 16 32]
POC    9 LId:  0 TId: 5 ( TRAIL, B-SLICE, QP 46 )        272 bits [Y 32.8596 dB    U 39.0574 dB    V 38.0789 dB] [ET    98 ] [L0 8 4] [L1 10c 12]
POC   11 LId:  0 TId: 5 ( TRAIL, B-SLICE, QP 46 )        352 bits [Y 32.5584 dB    U 38.9325 dB    V 37.9351 dB] [ET   104 ] [L0 10c 8] [L1 12 16]
POC   14 LId:  0 TId: 4 ( TRAIL, B-SLICE, QP 45 )        456 bits [Y 32.5865 dB    U 39.0357 dB    V 37.9668 dB] [ET   266 ] [L0 12c 10 8 0] [L1 16 32]
POC   13 LId:  0 TId: 5 ( TRAIL, B-SLICE, QP 46 )        232 bits [Y 32.5736 dB    U 39.0140 dB    V 37.9744 dB] [ET    78 ] [L0 12 8] [L1 14c 16]
POC   15 LId:  0 TId: 5 ( TRAIL, B-SLICE, QP 46 )        176 bits [Y 32.8713 dB    U 39.1014 dB    V 38.1263 dB] [ET    76 ] [L0 14c 12] [L1 16 32]
POC   24 LId:  0 TId: 2 ( TRAIL, B-SLICE, QP 41 )       2992 bits [Y 32.7148 dB    U 39.0750 dB    V 37.7987 dB] [ET   435 ] [L0 16c 8 0] [L1 32]
POC   20 LId:  0 TId: 3 ( TRAIL, B-SLICE, QP 43 )       1712 bits [Y 32.4372 dB    U 39.2188 dB    V 38.1646 dB] [ET   510 ] [L0 16 8 0] [L1 24c 32]
POC   18 LId:  0 TId: 4 ( TRAIL, B-SLICE, QP 45 )        512 bits [Y 32.4805 dB    U 39.1739 dB    V 37.7898 dB] [ET   250 ] [L0 16 8 0] [L1 20c 24 32]
POC   17 LId:  0 TId: 5 ( TRAIL, B-SLICE, QP 46 )        176 bits [Y 32.8495 dB    U 39.1167 dB    V 37.9775 dB] [ET    73 ] [L0 16 8] [L1 18c 20]
POC   19 LId:  0 TId: 5 ( TRAIL, B-SLICE, QP 46 )        168 bits [Y 32.4769 dB    U 39.2735 dB    V 37.9591 dB] [ET    70 ] [L0 18c 16] [L1 20 24]
POC   22 LId:  0 TId: 4 ( TRAIL, B-SLICE, QP 45 )        488 bits [Y 32.2349 dB    U 39.1872 dB    V 38.0260 dB] [ET   279 ] [L0 20c 16 0] [L1 24 32 18]
POC   21 LId:  0 TId: 5 ( TRAIL, B-SLICE, QP 46 )        152 bits [Y 32.3987 dB    U 39.2380 dB    V 38.0998 dB] [ET    72 ] [L0 20 16] [L1 22c 24]
POC   23 LId:  0 TId: 5 ( TRAIL, B-SLICE, QP 46 )        144 bits [Y 32.5008 dB    U 39.1923 dB    V 37.8960 dB] [ET    65 ] [L0 22c 20] [L1 24 32]
POC   28 LId:  0 TId: 3 ( TRAIL, B-SLICE, QP 43 )       1432 bits [Y 32.8382 dB    U 39.0964 dB    V 37.6982 dB] [ET   333 ] [L0 24c 20 16 0] [L1 32]
POC   26 LId:  0 TId: 4 ( TRAIL, B-SLICE, QP 45 )        456 bits [Y 32.5606 dB    U 39.1431 dB    V 37.7927 dB] [ET   231 ] [L0 24 20 16 0] [L1 28c 32]
POC   25 LId:  0 TId: 5 ( TRAIL, B-SLICE, QP 46 )        160 bits [Y 32.6738 dB    U 39.2214 dB    V 37.8257 dB] [ET    74 ] [L0 24 20] [L1 26c 28]
POC   27 LId:  0 TId: 5 ( TRAIL, B-SLICE, QP 46 )        176 bits [Y 32.6295 dB    U 39.1580 dB    V 37.7941 dB] [ET    68 ] [L0 26c 24] [L1 28 32]
POC   30 LId:  0 TId: 4 ( TRAIL, B-SLICE, QP 45 )        536 bits [Y 33.1337 dB    U 39.2215 dB    V 37.9783 dB] [ET   226 ] [L0 28c 24 16 0] [L1 32]
POC   29 LId:  0 TId: 5 ( TRAIL, B-SLICE, QP 46 )        168 bits [Y 32.8889 dB    U 39.1751 dB    V 37.6862 dB] [ET    69 ] [L0 28 24] [L1 30c 32]
POC   31 LId:  0 TId: 5 ( TRAIL, B-SLICE, QP 46 )        216 bits [Y 33.6666 dB    U 39.2057 dB    V 38.0738 dB] [ET    53 ] [L0 30c 28] [L1 32]

LayerId  0
	Total Frames |  Bitrate      Y-PSNR   U-PSNR   V-PSNR   YUV-PSNR 
	33           a  104.3273     32.9882  39.0901  38.0539  34.1393  

 finished @ Tue Aug 19 15:00:41 2025
 Total Time:     6914.323 sec. [user]     6914.323 sec. [elapsed]
