
VVCSoftware: VTM Encoder Version 23.11 [Windows][VS 1944][64 bit] [SIMD=AVX2] 

TOOL CFG: IBD:1 HAD:1 RDQ:1 RDQTS:1 LQP:0 SQP:0 ASR:1 MinSearchWindow:96 RestrictMESampling:0 FEN:1 ECU:0 FDM:0 ESD:0 TransformSkip:1 TransformSkipFast:1 TransformSkipLog2MaxSize:5 ChromaTS:1 BDPCM:0 Tiles: 1x1 Slices: 1 MCTS:0 SAO:1 ALF:1 CCALF:1 MaxNumALFAPS 8 AlfapsIDShift 0 ConstantJointCbCrSignFlagWPP:0 WPB:0 PME:2  WaveFrontSynchro:0 WaveFrontSubstreams:1 ScalingList:0 TMVPMode:1  DQ:1  SignBitHidingFlag:0 RecalQP:0 
TOOL CFG: LFNST:1 MMVD:1 Affine:1 AffineType:1 AdaptBypassAffineMe:0 PROF:1 SbTMVP:1 DualITree:1 IMV:1 BIO:1 LMChroma:1 HorCollocatedChroma:1 VerCollocatedChroma:0 MTS:1(explicit intra) SBT:1 ISP:1 SMVD:1 CompositeLTReference:0 Bcw:1 BcwFast:1 LADF:0 CIIP:1 Geo:1 AllowDisFracMMVD:1 AffineAmvr:1 AffineAmvrEncOpt:1 AffineAmvp:1 DMVR:1 MmvdDisNum:6 JointCbCr:1 ACT:0 PLT:0 IBC:0 HashME:0 WrapAround:0 VirtualBoundariesEnabledFlag:0 VirtualBoundariesPresentInSPSFlag:1 vertical virtual boundaries:[ ] horizontal virtual boundaries:[ ] Reshape:1 (Signal:SDR Opt:0 CSoffset:6) MRL:1 MIP:1 EncDbOpt:1 AlfLambdaOpt:0 
FAST TOOL CFG: LCTUFast:1 FastMrg:1 MaxMergeRdCandNumTotal:7 MergeRdCandQuotaRegular:4 MergeRdCandQuotaRegularSmallBlk:4 MergeRdCandQuotaSubBlk:2 MergeRdCandQuotaCiip:1 MergeRdCandQuotaGpm:8 PBIntraFast:1 IMV4PelFast:1 MTSMaxCand: 4(intra) 4(inter) ISPFast:0 FastLFNST:0 AMaxBT:1 E0023FastEnc:1 ContentBasedFastQtbt:0 UseNonLinearAlfLuma:1 UseNonLinearAlfChroma:1 MaxNumAlfAlternativesChroma:8 FastMIP:0 TTFastSkip:31 TTFastSkipThr:1.075 FastLocalDualTree:1 RPR:0 TemporalFilter:4/4 SEI CTI:0 BIM:0 SEI FGC:0 SEI processing Order:0 DPF:0 


 started @ Tue Aug 19 09:32:42 2025
POC    0 LId:  0 TId: 0 ( IDR_N_LP, I-SLICE, QP 19 )    2974240 bits [Y 41.4097 dB    U 43.7749 dB    V 45.7044 dB] [ET   481 ] [L0] [L1]
POC   32 LId:  0 TId: 0 ( TRAIL, B-SLICE, QP 21 )    1359560 bits [Y 39.3236 dB    U 43.1734 dB    V 45.4050 dB] [ET   727 ] [L0 0] [L1 0c]
POC   16 LId:  0 TId: 1 ( STSA, B-SLICE, QP 22 )    1020072 bits [Y 38.7843 dB    U 43.1338 dB    V 45.3388 dB] [ET   671 ] [L0 0 32] [L1 32c]
POC    8 LId:  0 TId: 2 ( TRAIL, B-SLICE, QP 23 )     826984 bits [Y 38.7465 dB    U 43.0073 dB    V 45.3271 dB] [ET   633 ] [L0 0 16 32] [L1 16c 32]
POC    4 LId:  0 TId: 3 ( TRAIL, B-SLICE, QP 26 )     728200 bits [Y 39.1067 dB    U 43.0540 dB    V 45.3624 dB] [ET   591 ] [L0 0 8 16] [L1 8c 16 32]
POC    2 LId:  0 TId: 4 ( TRAIL, B-SLICE, QP 28 )     273056 bits [Y 37.6345 dB    U 43.2004 dB    V 45.4035 dB] [ET   443 ] [L0 0 4 8] [L1 4c 8 16 32]
POC    1 LId:  0 TId: 5 ( TRAIL, B-SLICE, QP 29 )     108936 bits [Y 37.2320 dB    U 43.5091 dB    V 45.5924 dB] [ET   216 ] [L0 0] [L1 2c 4]
POC    3 LId:  0 TId: 5 ( TRAIL, B-SLICE, QP 29 )     158040 bits [Y 37.0701 dB    U 43.1376 dB    V 45.3700 dB] [ET   243 ] [L0 2c 0] [L1 4 8]
POC    6 LId:  0 TId: 4 ( TRAIL, B-SLICE, QP 28 )     299672 bits [Y 37.6280 dB    U 43.0226 dB    V 45.3477 dB] [ET   426 ] [L0 4c 2 0] [L1 8 16 32]
POC    5 LId:  0 TId: 5 ( TRAIL, B-SLICE, QP 29 )     151088 bits [Y 37.0329 dB    U 43.0130 dB    V 45.2801 dB] [ET   252 ] [L0 4 0] [L1 6c 8]
POC    7 LId:  0 TId: 5 ( TRAIL, B-SLICE, QP 29 )     125768 bits [Y 37.0417 dB    U 43.0594 dB    V 45.3565 dB] [ET   246 ] [L0 6c 4] [L1 8 16]
POC   12 LId:  0 TId: 3 ( TRAIL, B-SLICE, QP 26 )     717968 bits [Y 39.1134 dB    U 43.0215 dB    V 45.3473 dB] [ET   551 ] [L0 8c 4 0] [L1 16 32]
POC   10 LId:  0 TId: 4 ( TRAIL, B-SLICE, QP 28 )     286336 bits [Y 37.6009 dB    U 42.9205 dB    V 45.2275 dB] [ET   437 ] [L0 8 6 4 0] [L1 12c 16 32]
POC    9 LId:  0 TId: 5 ( TRAIL, B-SLICE, QP 29 )     138752 bits [Y 37.0681 dB    U 42.9851 dB    V 45.3105 dB] [ET   256 ] [L0 8 4] [L1 10c 12]
POC   11 LId:  0 TId: 5 ( TRAIL, B-SLICE, QP 29 )     149600 bits [Y 37.0327 dB    U 42.9998 dB    V 45.3051 dB] [ET   243 ] [L0 10c 8] [L1 12 16]
POC   14 LId:  0 TId: 4 ( TRAIL, B-SLICE, QP 28 )     307312 bits [Y 37.6061 dB    U 42.9753 dB    V 45.2652 dB] [ET   404 ] [L0 12c 10 8 0] [L1 16 32]
POC   13 LId:  0 TId: 5 ( TRAIL, B-SLICE, QP 29 )     139824 bits [Y 37.0337 dB    U 42.9894 dB    V 45.2856 dB] [ET   217 ] [L0 12 8] [L1 14c 16]
POC   15 LId:  0 TId: 5 ( TRAIL, B-SLICE, QP 29 )     134600 bits [Y 37.0763 dB    U 43.0992 dB    V 45.3101 dB] [ET   269 ] [L0 14c 12] [L1 16 32]
POC   24 LId:  0 TId: 2 ( TRAIL, B-SLICE, QP 23 )     796288 bits [Y 38.7674 dB    U 43.0761 dB    V 45.4331 dB] [ET   561 ] [L0 16c 8 0] [L1 32]
POC   20 LId:  0 TId: 3 ( TRAIL, B-SLICE, QP 26 )     724304 bits [Y 39.1070 dB    U 43.0097 dB    V 45.3260 dB] [ET   544 ] [L0 16 8 0] [L1 24c 32]
POC   18 LId:  0 TId: 4 ( TRAIL, B-SLICE, QP 28 )     283920 bits [Y 37.6077 dB    U 43.0281 dB    V 45.3042 dB] [ET   447 ] [L0 16 8 0] [L1 20c 24 32]
POC   17 LId:  0 TId: 5 ( TRAIL, B-SLICE, QP 29 )     130208 bits [Y 37.0930 dB    U 43.0812 dB    V 45.3304 dB] [ET   277 ] [L0 16 8] [L1 18c 20]
POC   19 LId:  0 TId: 5 ( TRAIL, B-SLICE, QP 29 )     153528 bits [Y 37.0483 dB    U 43.0185 dB    V 45.2955 dB] [ET   276 ] [L0 18c 16] [L1 20 24]
POC   22 LId:  0 TId: 4 ( TRAIL, B-SLICE, QP 28 )     307936 bits [Y 37.6061 dB    U 42.9320 dB    V 45.2816 dB] [ET   445 ] [L0 20c 16 0] [L1 24 32 18]
POC   21 LId:  0 TId: 5 ( TRAIL, B-SLICE, QP 29 )     160816 bits [Y 37.0524 dB    U 43.0029 dB    V 45.3004 dB] [ET   245 ] [L0 20 16] [L1 22c 24]
POC   23 LId:  0 TId: 5 ( TRAIL, B-SLICE, QP 29 )     124096 bits [Y 37.0598 dB    U 43.0023 dB    V 45.2913 dB] [ET   283 ] [L0 22c 20] [L1 24 32]
POC   28 LId:  0 TId: 3 ( TRAIL, B-SLICE, QP 26 )     692736 bits [Y 39.0965 dB    U 42.9577 dB    V 45.3069 dB] [ET   545 ] [L0 24c 20 16 0] [L1 32]
POC   26 LId:  0 TId: 4 ( TRAIL, B-SLICE, QP 28 )     312928 bits [Y 37.6026 dB    U 42.9693 dB    V 45.2924 dB] [ET   442 ] [L0 24 20 16 0] [L1 28c 32]
POC   25 LId:  0 TId: 5 ( TRAIL, B-SLICE, QP 29 )     114360 bits [Y 37.0599 dB    U 43.0354 dB    V 45.3305 dB] [ET   291 ] [L0 24 20] [L1 26c 28]
POC   27 LId:  0 TId: 5 ( TRAIL, B-SLICE, QP 29 )     161576 bits [Y 37.0350 dB    U 42.9152 dB    V 45.2439 dB] [ET   274 ] [L0 26c 24] [L1 28 32]
POC   30 LId:  0 TId: 4 ( TRAIL, B-SLICE, QP 28 )     302448 bits [Y 37.6118 dB    U 43.0249 dB    V 45.3363 dB] [ET   426 ] [L0 28c 24 16 0] [L1 32]
POC   29 LId:  0 TId: 5 ( TRAIL, B-SLICE, QP 29 )     160536 bits [Y 37.0450 dB    U 42.9507 dB    V 45.2559 dB] [ET   298 ] [L0 28 24] [L1 30c 32]
POC   31 LId:  0 TId: 5 ( TRAIL, B-SLICE, QP 29 )     114112 bits [Y 37.0941 dB    U 43.0764 dB    V 45.3253 dB] [ET   280 ] [L0 30c 28] [L1 32]

LayerId  0
	Total Frames |  Bitrate      Y-PSNR   U-PSNR   V-PSNR   YUV-PSNR 
	33           a  26254.1818   37.8008  43.0654  45.3392  38.9817  

 finished @ Tue Aug 19 13:08:23 2025
 Total Time:    12939.901 sec. [user]    12939.901 sec. [elapsed]
