
VVCSoftware: VTM Encoder Version 23.11 [Windows][VS 1944][64 bit] [SIMD=AVX2] 

TOOL CFG: IBD:1 HAD:1 RDQ:1 RDQTS:1 LQP:0 SQP:0 ASR:1 MinSearchWindow:96 RestrictMESampling:0 FEN:1 ECU:0 FDM:1 ESD:0 TransformSkip:1 TransformSkipFast:1 TransformSkipLog2MaxSize:5 ChromaTS:1 BDPCM:0 Tiles: 1x1 Slices: 1 MCTS:0 SAO:1 ALF:1 CCALF:1 MaxNumALFAPS 8 AlfapsIDShift 0 ConstantJointCbCrSignFlagWPP:0 WPB:0 PME:2  WaveFrontSynchro:0 WaveFrontSubstreams:1 ScalingList:0 TMVPMode:1  DQ:1  SignBitHidingFlag:0 RecalQP:0 
TOOL CFG: LFNST:1 MMVD:1 Affine:1 AffineType:1 AdaptBypassAffineMe:0 PROF:1 SbTMVP:1 DualITree:1 IMV:1 BIO:1 LMChroma:1 HorCollocatedChroma:1 VerCollocatedChroma:0 MTS:1(explicit intra) SBT:1 ISP:1 SMVD:1 CompositeLTReference:0 Bcw:1 BcwFast:1 LADF:0 CIIP:1 Geo:1 AllowDisFracMMVD:1 AffineAmvr:1 AffineAmvrEncOpt:1 AffineAmvp:1 DMVR:1 MmvdDisNum:6 JointCbCr:1 ACT:0 PLT:0 IBC:0 HashME:0 WrapAround:0 VirtualBoundariesEnabledFlag:0 VirtualBoundariesPresentInSPSFlag:1 vertical virtual boundaries:[ ] horizontal virtual boundaries:[ ] Reshape:1 (Signal:SDR Opt:0 CSoffset:6) MRL:1 MIP:1 EncDbOpt:1 AlfLambdaOpt:0 
FAST TOOL CFG: LCTUFast:1 FastMrg:1 MaxMergeRdCandNumTotal:7 MergeRdCandQuotaRegular:4 MergeRdCandQuotaRegularSmallBlk:4 MergeRdCandQuotaSubBlk:2 MergeRdCandQuotaCiip:1 MergeRdCandQuotaGpm:8 PBIntraFast:1 IMV4PelFast:1 MTSMaxCand: 4(intra) 4(inter) ISPFast:0 FastLFNST:0 AMaxBT:1 E0023FastEnc:1 ContentBasedFastQtbt:0 UseNonLinearAlfLuma:1 UseNonLinearAlfChroma:1 MaxNumAlfAlternativesChroma:8 FastMIP:0 TTFastSkip:31 TTFastSkipThr:1.075 FastLocalDualTree:1 RPR:0 TemporalFilter:4/4 SEI CTI:0 BIM:0 SEI FGC:0 SEI processing Order:0 DPF:0 


 started @ Mon Aug 18 19:08:27 2025
POC    0 LId:  0 TId: 0 ( IDR_N_LP, I-SLICE, QP 19 )     916824 bits [Y 41.1364 dB    U 45.8499 dB    V 47.9621 dB] [ET   386 ] [L0] [L1]
POC   32 LId:  0 TId: 0 ( TRAIL, B-SLICE, QP 21 )     616024 bits [Y 40.4130 dB    U 45.2563 dB    V 47.2392 dB] [ET   846 ] [L0 0] [L1 0c]
POC   16 LId:  0 TId: 1 ( STSA, B-SLICE, QP 22 )     381360 bits [Y 40.3511 dB    U 45.5776 dB    V 47.5748 dB] [ET   737 ] [L0 0 32] [L1 32c]
POC    8 LId:  0 TId: 2 ( TRAIL, B-SLICE, QP 23 )     319384 bits [Y 40.2503 dB    U 45.5124 dB    V 47.3560 dB] [ET   641 ] [L0 0 16 32] [L1 16c 32]
POC    4 LId:  0 TId: 3 ( TRAIL, B-SLICE, QP 26 )     225424 bits [Y 40.2165 dB    U 45.3841 dB    V 47.1621 dB] [ET   582 ] [L0 0 8 16] [L1 8c 16 32]
POC    2 LId:  0 TId: 4 ( TRAIL, B-SLICE, QP 28 )     109080 bits [Y 39.8951 dB    U 45.3654 dB    V 46.9231 dB] [ET   363 ] [L0 0 4 8] [L1 4c 8 16 32]
POC    1 LId:  0 TId: 5 ( TRAIL, B-SLICE, QP 29 )      64976 bits [Y 39.8426 dB    U 45.4711 dB    V 47.0415 dB] [ET   167 ] [L0 0] [L1 2c 4]
POC    3 LId:  0 TId: 5 ( TRAIL, B-SLICE, QP 29 )      69040 bits [Y 39.6750 dB    U 45.2106 dB    V 46.6580 dB] [ET   162 ] [L0 2c 0] [L1 4 8]
POC    6 LId:  0 TId: 4 ( TRAIL, B-SLICE, QP 28 )     118072 bits [Y 39.7007 dB    U 45.2000 dB    V 46.6444 dB] [ET   362 ] [L0 4c 2 0] [L1 8 16 32]
POC    5 LId:  0 TId: 5 ( TRAIL, B-SLICE, QP 29 )      73872 bits [Y 39.5570 dB    U 45.1508 dB    V 46.5578 dB] [ET   212 ] [L0 4 0] [L1 6c 8]
POC    7 LId:  0 TId: 5 ( TRAIL, B-SLICE, QP 29 )      70736 bits [Y 39.5903 dB    U 45.2271 dB    V 46.6512 dB] [ET   214 ] [L0 6c 4] [L1 8 16]
POC   12 LId:  0 TId: 3 ( TRAIL, B-SLICE, QP 26 )     204824 bits [Y 40.1976 dB    U 45.3695 dB    V 47.1784 dB] [ET   535 ] [L0 8c 4 0] [L1 16 32]
POC   10 LId:  0 TId: 4 ( TRAIL, B-SLICE, QP 28 )     101200 bits [Y 39.7015 dB    U 45.2460 dB    V 46.7526 dB] [ET   369 ] [L0 8 6 4 0] [L1 12c 16 32]
POC    9 LId:  0 TId: 5 ( TRAIL, B-SLICE, QP 29 )      65288 bits [Y 39.6082 dB    U 45.2577 dB    V 46.7061 dB] [ET   218 ] [L0 8 4] [L1 10c 12]
POC   11 LId:  0 TId: 5 ( TRAIL, B-SLICE, QP 29 )      55800 bits [Y 39.6365 dB    U 45.1856 dB    V 46.7541 dB] [ET   208 ] [L0 10c 8] [L1 12 16]
POC   14 LId:  0 TId: 4 ( TRAIL, B-SLICE, QP 28 )      87456 bits [Y 39.8658 dB    U 45.3334 dB    V 46.9714 dB] [ET   312 ] [L0 12c 10 8 0] [L1 16 32]
POC   13 LId:  0 TId: 5 ( TRAIL, B-SLICE, QP 29 )      48856 bits [Y 39.7116 dB    U 45.2095 dB    V 46.7699 dB] [ET   198 ] [L0 12 8] [L1 14c 16]
POC   15 LId:  0 TId: 5 ( TRAIL, B-SLICE, QP 29 )      51320 bits [Y 39.8458 dB    U 45.3268 dB    V 46.9834 dB] [ET   195 ] [L0 14c 12] [L1 16 32]
POC   24 LId:  0 TId: 2 ( TRAIL, B-SLICE, QP 23 )     310536 bits [Y 40.2869 dB    U 45.3006 dB    V 47.2152 dB] [ET   647 ] [L0 16c 8 0] [L1 32]
POC   20 LId:  0 TId: 3 ( TRAIL, B-SLICE, QP 26 )     179048 bits [Y 40.2452 dB    U 45.3359 dB    V 47.1848 dB] [ET   540 ] [L0 16 8 0] [L1 24c 32]
POC   18 LId:  0 TId: 4 ( TRAIL, B-SLICE, QP 28 )      89168 bits [Y 39.9816 dB    U 45.2439 dB    V 46.9493 dB] [ET   319 ] [L0 16 8 0] [L1 20c 24 32]
POC   17 LId:  0 TId: 5 ( TRAIL, B-SLICE, QP 29 )      49320 bits [Y 39.9218 dB    U 45.3326 dB    V 46.9950 dB] [ET   183 ] [L0 16 8] [L1 18c 20]
POC   19 LId:  0 TId: 5 ( TRAIL, B-SLICE, QP 29 )      50552 bits [Y 39.8819 dB    U 45.1859 dB    V 46.8029 dB] [ET   201 ] [L0 18c 16] [L1 20 24]
POC   22 LId:  0 TId: 4 ( TRAIL, B-SLICE, QP 28 )      96888 bits [Y 39.9362 dB    U 45.1005 dB    V 46.7739 dB] [ET   300 ] [L0 20c 16 0] [L1 24 32 18]
POC   21 LId:  0 TId: 5 ( TRAIL, B-SLICE, QP 29 )      53800 bits [Y 39.8544 dB    U 45.0871 dB    V 46.7040 dB] [ET   199 ] [L0 20 16] [L1 22c 24]
POC   23 LId:  0 TId: 5 ( TRAIL, B-SLICE, QP 29 )      59656 bits [Y 39.8586 dB    U 45.0515 dB    V 46.6840 dB] [ET   204 ] [L0 22c 20] [L1 24 32]
POC   28 LId:  0 TId: 3 ( TRAIL, B-SLICE, QP 26 )     236816 bits [Y 40.1182 dB    U 44.9995 dB    V 46.7131 dB] [ET   588 ] [L0 24c 20 16 0] [L1 32]
POC   26 LId:  0 TId: 4 ( TRAIL, B-SLICE, QP 28 )     116744 bits [Y 39.8358 dB    U 44.8852 dB    V 46.5142 dB] [ET   357 ] [L0 24 20 16 0] [L1 28c 32]
POC   25 LId:  0 TId: 5 ( TRAIL, B-SLICE, QP 29 )      67728 bits [Y 39.7927 dB    U 44.9516 dB    V 46.5501 dB] [ET   197 ] [L0 24 20] [L1 26c 28]
POC   27 LId:  0 TId: 5 ( TRAIL, B-SLICE, QP 29 )      74104 bits [Y 39.6857 dB    U 44.8068 dB    V 46.2890 dB] [ET   209 ] [L0 26c 24] [L1 28 32]
POC   30 LId:  0 TId: 4 ( TRAIL, B-SLICE, QP 28 )     119080 bits [Y 39.7897 dB    U 44.8819 dB    V 46.4440 dB] [ET   361 ] [L0 28c 24 16 0] [L1 32]
POC   29 LId:  0 TId: 5 ( TRAIL, B-SLICE, QP 29 )      73136 bits [Y 39.6387 dB    U 44.7815 dB    V 46.2916 dB] [ET   208 ] [L0 28 24] [L1 30c 32]
POC   31 LId:  0 TId: 5 ( TRAIL, B-SLICE, QP 29 )      68704 bits [Y 39.7088 dB    U 44.9336 dB    V 46.5043 dB] [ET   192 ] [L0 30c 28] [L1 32]

LayerId  0
	Total Frames |  Bitrate      Y-PSNR   U-PSNR   V-PSNR   YUV-PSNR 
	33           a  7916.3879    39.9312  45.2125  46.8637  41.1706  

 finished @ Mon Aug 18 22:18:38 2025
 Total Time:    11410.397 sec. [user]    11410.397 sec. [elapsed]
