
VVCSoftware: VTM Encoder Version 23.11 [Windows][VS 1944][64 bit] [SIMD=AVX2] 

TOOL CFG: IBD:1 HAD:1 RDQ:0 RDQTS:0 LQP:0 SQP:0 ASR:0 MinSearchWindow:96 RestrictMESampling:0 FEN:0 ECU:0 FDM:0 ESD:0 TransformSkip:1 TransformSkipFast:1 TransformSkipLog2MaxSize:5 ChromaTS:1 BDPCM:0 Tiles: 1x1 Slices: 1 MCTS:0 SAO:0 ALF:0 CCALF:0 MaxNumALFAPS 8 AlfapsIDShift 0 ConstantJointCbCrSignFlagWPP:0 WPB:0 PME:2  WaveFrontSynchro:0 WaveFrontSubstreams:1 ScalingList:0 TMVPMode:1  DQ:0  SignBitHidingFlag:0 RecalQP:0 
TOOL CFG: LFNST:1 MMVD:1 Affine:1 AffineType:1 AdaptBypassAffineMe:0 PROF:1 SbTMVP:1 DualITree:1 IMV:1 BIO:1 LMChroma:1 HorCollocatedChroma:1 VerCollocatedChroma:0 MTS:1(explicit intra) SBT:1 ISP:1 SMVD:1 CompositeLTReference:0 Bcw:1 BcwFast:1 LADF:0 CIIP:1 Geo:1 AllowDisFracMMVD:1 AffineAmvr:1 AffineAmvrEncOpt:1 AffineAmvp:1 DMVR:1 MmvdDisNum:6 JointCbCr:1 ACT:0 PLT:0 IBC:0 HashME:0 WrapAround:0 VirtualBoundariesEnabledFlag:0 VirtualBoundariesPresentInSPSFlag:1 vertical virtual boundaries:[ ] horizontal virtual boundaries:[ ] Reshape:1 (Signal:SDR Opt:0 CSoffset:6) MRL:1 MIP:1 EncDbOpt:1 AlfLambdaOpt:0 
FAST TOOL CFG: LCTUFast:0 FastMrg:0 MaxMergeRdCandNumTotal:7 MergeRdCandQuotaRegular:4 MergeRdCandQuotaRegularSmallBlk:4 MergeRdCandQuotaSubBlk:2 MergeRdCandQuotaCiip:1 MergeRdCandQuotaGpm:8 PBIntraFast:1 IMV4PelFast:1 MTSMaxCand: 4(intra) 4(inter) ISPFast:0 FastLFNST:0 AMaxBT:1 E0023FastEnc:1 ContentBasedFastQtbt:0 UseNonLinearAlfLuma:1 UseNonLinearAlfChroma:1 MaxNumAlfAlternativesChroma:8 FastMIP:0 TTFastSkip:31 TTFastSkipThr:1.075 FastLocalDualTree:1 RPR:0 TemporalFilter:4/4 SEI CTI:0 BIM:0 SEI FGC:0 SEI processing Order:0 DPF:0 


 started @ Wed Sep 24 03:48:13 2025
POC    0 LId:  0 TId: 0 ( IDR_N_LP, I-SLICE, QP 29 )    1055464 bits [Y 35.8616 dB    U 40.2411 dB    V 42.3811 dB] [ET   220 ] [L0] [L1]
POC    8 LId:  0 TId: 2 ( STSA, B-SLICE, QP 35 )      69344 bits [Y 33.9361 dB    U 40.0199 dB    V 42.2373 dB] [ET  8285 ] [L0 0] [L1 0c]
POC    4 LId:  0 TId: 3 ( TRAIL, B-SLICE, QP 38 )      18376 bits [Y 33.9012 dB    U 40.1055 dB    V 42.2690 dB] [ET  9556 ] [L0 0 8] [L1 8c 0]
POC    2 LId:  0 TId: 4 ( TRAIL, B-SLICE, QP 40 )       7536 bits [Y 34.0877 dB    U 40.1717 dB    V 42.3204 dB] [ET 10312 ] [L0 0 4 8] [L1 4c 8 0]
POC    1 LId:  0 TId: 5 ( TRAIL, B-SLICE, QP 41 )       2536 bits [Y 34.6342 dB    U 40.2349 dB    V 42.3484 dB] [ET  5826 ] [L0 0] [L1 2c 4]
POC    3 LId:  0 TId: 5 ( TRAIL, B-SLICE, QP 41 )       2848 bits [Y 33.8925 dB    U 40.1123 dB    V 42.2681 dB] [ET  8080 ] [L0 2c 0] [L1 4 8]
POC    6 LId:  0 TId: 4 ( TRAIL, B-SLICE, QP 40 )       7152 bits [Y 34.0665 dB    U 40.0420 dB    V 42.2625 dB] [ET 13122 ] [L0 4c 2 0] [L1 8 4 2]
POC    5 LId:  0 TId: 5 ( TRAIL, B-SLICE, QP 41 )       1976 bits [Y 33.8744 dB    U 40.0560 dB    V 42.2408 dB] [ET  7730 ] [L0 4 0] [L1 6c 8]
POC    7 LId:  0 TId: 5 ( TRAIL, B-SLICE, QP 41 )       2408 bits [Y 33.9192 dB    U 40.0234 dB    V 42.2518 dB] [ET  6078 ] [L0 6c 4] [L1 8 6]
POC   12 LId:  0 TId: 3 ( TRAIL, B-SLICE, QP 38 )      28504 bits [Y 33.8962 dB    U 40.0101 dB    V 42.2509 dB] [ET 18582 ] [L0 8 4 0] [L1 8c 4]
POC   10 LId:  0 TId: 4 ( TRAIL, B-SLICE, QP 40 )       6056 bits [Y 33.6236 dB    U 40.0072 dB    V 42.2196 dB] [ET 15749 ] [L0 8 6 4 0] [L1 12c 8 6]
POC    9 LId:  0 TId: 5 ( TRAIL, B-SLICE, QP 41 )       2448 bits [Y 33.7139 dB    U 40.0003 dB    V 42.2248 dB] [ET  7269 ] [L0 8 4] [L1 10c 12]
POC   11 LId:  0 TId: 5 ( TRAIL, B-SLICE, QP 41 )       2152 bits [Y 33.6980 dB    U 39.9819 dB    V 42.2216 dB] [ET  5614 ] [L0 10c 8] [L1 12 10]
POC   14 LId:  0 TId: 4 ( TRAIL, B-SLICE, QP 40 )      13208 bits [Y 33.4962 dB    U 39.9402 dB    V 42.1897 dB] [ET 15413 ] [L0 12 10 8 0] [L1 12c 10]
POC   13 LId:  0 TId: 5 ( TRAIL, B-SLICE, QP 41 )       1696 bits [Y 33.6145 dB    U 39.9817 dB    V 42.2115 dB] [ET  5295 ] [L0 12 8] [L1 14c 12]
POC   15 LId:  0 TId: 5 ( TRAIL, B-SLICE, QP 41 )       5856 bits [Y 33.2216 dB    U 39.9139 dB    V 42.1606 dB] [ET  4098 ] [L0 14 12] [L1 14c 12]

LayerId  0
	Total Frames |  Bitrate      Y-PSNR   U-PSNR   V-PSNR   YUV-PSNR 
	16           a  4603.3500    33.9648  40.0526  42.2536  35.2859  

 finished @ Thu Sep 25 19:02:03 2025
 Total Time:   141229.941 sec. [user]   141229.942 sec. [elapsed]
