
VVCSoftware: VTM Encoder Version 23.11 [Windows][VS 1944][64 bit] [SIMD=AVX2] 

TOOL CFG: IBD:1 HAD:1 RDQ:1 RDQTS:1 LQP:0 SQP:0 ASR:1 MinSearchWindow:96 RestrictMESampling:0 FEN:0 ECU:0 FDM:1 ESD:0 TransformSkip:1 TransformSkipFast:1 TransformSkipLog2MaxSize:5 ChromaTS:1 BDPCM:0 Tiles: 1x1 Slices: 1 MCTS:0 SAO:1 ALF:1 CCALF:1 MaxNumALFAPS 8 AlfapsIDShift 0 ConstantJointCbCrSignFlagWPP:0 WPB:0 PME:2  WaveFrontSynchro:0 WaveFrontSubstreams:1 ScalingList:0 TMVPMode:1  DQ:1  SignBitHidingFlag:0 RecalQP:0 
TOOL CFG: LFNST:1 MMVD:1 Affine:1 AffineType:1 AdaptBypassAffineMe:0 PROF:1 SbTMVP:1 DualITree:1 IMV:1 BIO:1 LMChroma:1 HorCollocatedChroma:1 VerCollocatedChroma:0 MTS:1(explicit intra) SBT:1 ISP:1 SMVD:1 CompositeLTReference:0 Bcw:1 BcwFast:1 LADF:0 CIIP:1 Geo:1 AllowDisFracMMVD:1 AffineAmvr:1 AffineAmvrEncOpt:1 AffineAmvp:1 DMVR:1 MmvdDisNum:6 JointCbCr:1 ACT:0 PLT:0 IBC:0 HashME:0 WrapAround:0 VirtualBoundariesEnabledFlag:0 VirtualBoundariesPresentInSPSFlag:1 vertical virtual boundaries:[ ] horizontal virtual boundaries:[ ] Reshape:1 (Signal:SDR Opt:0 CSoffset:6) MRL:1 MIP:1 EncDbOpt:1 AlfLambdaOpt:0 
FAST TOOL CFG: LCTUFast:1 FastMrg:1 MaxMergeRdCandNumTotal:7 MergeRdCandQuotaRegular:4 MergeRdCandQuotaRegularSmallBlk:4 MergeRdCandQuotaSubBlk:2 MergeRdCandQuotaCiip:1 MergeRdCandQuotaGpm:8 PBIntraFast:1 IMV4PelFast:1 MTSMaxCand: 4(intra) 4(inter) ISPFast:0 FastLFNST:0 AMaxBT:1 E0023FastEnc:1 ContentBasedFastQtbt:0 UseNonLinearAlfLuma:1 UseNonLinearAlfChroma:1 MaxNumAlfAlternativesChroma:8 FastMIP:0 TTFastSkip:31 TTFastSkipThr:1.075 FastLocalDualTree:1 RPR:0 TemporalFilter:4/4 SEI CTI:0 BIM:0 SEI FGC:0 SEI processing Order:0 DPF:0 


 started @ Tue Aug 19 06:16:55 2025
POC    0 LId:  0 TId: 0 ( IDR_N_LP, I-SLICE, QP 34 )     577048 bits [Y 33.5032 dB    U 38.4859 dB    V 40.7935 dB] [ET   243 ] [L0] [L1]
POC   32 LId:  0 TId: 0 ( TRAIL, B-SLICE, QP 36 )      71984 bits [Y 33.0433 dB    U 38.4418 dB    V 40.7887 dB] [ET   171 ] [L0 0] [L1 0c]
POC   16 LId:  0 TId: 1 ( STSA, B-SLICE, QP 40 )      27496 bits [Y 32.4484 dB    U 38.3986 dB    V 40.7433 dB] [ET   127 ] [L0 0 32] [L1 32c]
POC    8 LId:  0 TId: 2 ( TRAIL, B-SLICE, QP 41 )      14408 bits [Y 32.3477 dB    U 38.4172 dB    V 40.7146 dB] [ET   106 ] [L0 0 16 32] [L1 16c 32]
POC    4 LId:  0 TId: 3 ( TRAIL, B-SLICE, QP 43 )       5752 bits [Y 32.3718 dB    U 38.4829 dB    V 40.7756 dB] [ET    68 ] [L0 0 8 16] [L1 8c 16 32]
POC    2 LId:  0 TId: 4 ( TRAIL, B-SLICE, QP 45 )       2120 bits [Y 32.5397 dB    U 38.4716 dB    V 40.7290 dB] [ET    48 ] [L0 0 4 8] [L1 4c 8 16 32]
POC    1 LId:  0 TId: 5 ( TRAIL, B-SLICE, QP 46 )        840 bits [Y 32.8966 dB    U 38.4812 dB    V 40.7465 dB] [ET    26 ] [L0 0] [L1 2c 4]
POC    3 LId:  0 TId: 5 ( TRAIL, B-SLICE, QP 46 )        776 bits [Y 32.3783 dB    U 38.4562 dB    V 40.7346 dB] [ET    29 ] [L0 2c 0] [L1 4 8]
POC    6 LId:  0 TId: 4 ( TRAIL, B-SLICE, QP 45 )       2240 bits [Y 32.3903 dB    U 38.4320 dB    V 40.7096 dB] [ET    46 ] [L0 4c 2 0] [L1 8 16 32]
POC    5 LId:  0 TId: 5 ( TRAIL, B-SLICE, QP 46 )        512 bits [Y 32.3424 dB    U 38.4595 dB    V 40.7298 dB] [ET    27 ] [L0 4 0] [L1 6c 8]
POC    7 LId:  0 TId: 5 ( TRAIL, B-SLICE, QP 46 )        648 bits [Y 32.3126 dB    U 38.4117 dB    V 40.7162 dB] [ET    30 ] [L0 6c 4] [L1 8 16]
POC   12 LId:  0 TId: 3 ( TRAIL, B-SLICE, QP 43 )       5624 bits [Y 32.3254 dB    U 38.4013 dB    V 40.7345 dB] [ET    65 ] [L0 8c 4 0] [L1 16 32]
POC   10 LId:  0 TId: 4 ( TRAIL, B-SLICE, QP 45 )       1776 bits [Y 32.1200 dB    U 38.3877 dB    V 40.7043 dB] [ET    50 ] [L0 8 6 4 0] [L1 12c 16 32]
POC    9 LId:  0 TId: 5 ( TRAIL, B-SLICE, QP 46 )        920 bits [Y 32.2464 dB    U 38.4031 dB    V 40.7215 dB] [ET    30 ] [L0 8 4] [L1 10c 12]
POC   11 LId:  0 TId: 5 ( TRAIL, B-SLICE, QP 46 )        544 bits [Y 32.1936 dB    U 38.3755 dB    V 40.7182 dB] [ET    30 ] [L0 10c 8] [L1 12 16]
POC   14 LId:  0 TId: 4 ( TRAIL, B-SLICE, QP 45 )       1888 bits [Y 32.2758 dB    U 38.3753 dB    V 40.7157 dB] [ET    47 ] [L0 12c 10 8 0] [L1 16 32]
POC   13 LId:  0 TId: 5 ( TRAIL, B-SLICE, QP 46 )        560 bits [Y 32.2317 dB    U 38.3806 dB    V 40.7096 dB] [ET    28 ] [L0 12 8] [L1 14c 16]
POC   15 LId:  0 TId: 5 ( TRAIL, B-SLICE, QP 46 )        896 bits [Y 32.3422 dB    U 38.3779 dB    V 40.7423 dB] [ET    30 ] [L0 14c 12] [L1 16 32]
POC   24 LId:  0 TId: 2 ( TRAIL, B-SLICE, QP 41 )      14408 bits [Y 32.4781 dB    U 38.4223 dB    V 40.7932 dB] [ET   107 ] [L0 16c 8 0] [L1 32]
POC   20 LId:  0 TId: 3 ( TRAIL, B-SLICE, QP 43 )       5248 bits [Y 32.2771 dB    U 38.3669 dB    V 40.7264 dB] [ET    66 ] [L0 16 8 0] [L1 24c 32]
POC   18 LId:  0 TId: 4 ( TRAIL, B-SLICE, QP 45 )       1976 bits [Y 32.2776 dB    U 38.3771 dB    V 40.7293 dB] [ET    47 ] [L0 16 8 0] [L1 20c 24 32]
POC   17 LId:  0 TId: 5 ( TRAIL, B-SLICE, QP 46 )        680 bits [Y 32.3281 dB    U 38.3979 dB    V 40.7528 dB] [ET    30 ] [L0 16 8] [L1 18c 20]
POC   19 LId:  0 TId: 5 ( TRAIL, B-SLICE, QP 46 )        432 bits [Y 32.1775 dB    U 38.3765 dB    V 40.7073 dB] [ET    29 ] [L0 18c 16] [L1 20 24]
POC   22 LId:  0 TId: 4 ( TRAIL, B-SLICE, QP 45 )       1960 bits [Y 32.2360 dB    U 38.3695 dB    V 40.7287 dB] [ET    46 ] [L0 20c 16 0] [L1 24 32 18]
POC   21 LId:  0 TId: 5 ( TRAIL, B-SLICE, QP 46 )        488 bits [Y 32.2052 dB    U 38.3670 dB    V 40.7074 dB] [ET    29 ] [L0 20 16] [L1 22c 24]
POC   23 LId:  0 TId: 5 ( TRAIL, B-SLICE, QP 46 )        824 bits [Y 32.3121 dB    U 38.3872 dB    V 40.7289 dB] [ET    30 ] [L0 22c 20] [L1 24 32]
POC   28 LId:  0 TId: 3 ( TRAIL, B-SLICE, QP 43 )       5048 bits [Y 32.4641 dB    U 38.4111 dB    V 40.7487 dB] [ET    61 ] [L0 24c 20 16 0] [L1 32]
POC   26 LId:  0 TId: 4 ( TRAIL, B-SLICE, QP 45 )       2408 bits [Y 32.2152 dB    U 38.3938 dB    V 40.7475 dB] [ET    48 ] [L0 24 20 16 0] [L1 28c 32]
POC   25 LId:  0 TId: 5 ( TRAIL, B-SLICE, QP 46 )        624 bits [Y 32.3412 dB    U 38.3945 dB    V 40.7482 dB] [ET    29 ] [L0 24 20] [L1 26c 28]
POC   27 LId:  0 TId: 5 ( TRAIL, B-SLICE, QP 46 )        784 bits [Y 32.2430 dB    U 38.3905 dB    V 40.7228 dB] [ET    32 ] [L0 26c 24] [L1 28 32]
POC   30 LId:  0 TId: 4 ( TRAIL, B-SLICE, QP 45 )       1688 bits [Y 32.4253 dB    U 38.4366 dB    V 40.7869 dB] [ET    43 ] [L0 28c 24 16 0] [L1 32]
POC   29 LId:  0 TId: 5 ( TRAIL, B-SLICE, QP 46 )        728 bits [Y 32.3422 dB    U 38.3993 dB    V 40.7378 dB] [ET    29 ] [L0 28 24] [L1 30c 32]
POC   31 LId:  0 TId: 5 ( TRAIL, B-SLICE, QP 46 )        352 bits [Y 32.7077 dB    U 38.4395 dB    V 40.7761 dB] [ET    25 ] [L0 30c 28] [L1 32]

LayerId  0
	Total Frames |  Bitrate      Y-PSNR   U-PSNR   V-PSNR   YUV-PSNR 
	33           a  1370.3273    32.4042  38.4112  40.7385  33.7463  

 finished @ Tue Aug 19 06:47:48 2025
 Total Time:     1852.444 sec. [user]     1852.445 sec. [elapsed]
