
VVCSoftware: VTM Encoder Version 23.11 [Windows][VS 1944][64 bit] [SIMD=AVX2] 

TOOL CFG: IBD:1 HAD:1 RDQ:1 RDQTS:1 LQP:0 SQP:0 ASR:1 MinSearchWindow:96 RestrictMESampling:0 FEN:0 ECU:0 FDM:1 ESD:0 TransformSkip:1 TransformSkipFast:1 TransformSkipLog2MaxSize:5 ChromaTS:1 BDPCM:0 Tiles: 1x1 Slices: 1 MCTS:0 SAO:1 ALF:1 CCALF:1 MaxNumALFAPS 8 AlfapsIDShift 0 ConstantJointCbCrSignFlagWPP:0 WPB:0 PME:2  WaveFrontSynchro:0 WaveFrontSubstreams:1 ScalingList:0 TMVPMode:1  DQ:1  SignBitHidingFlag:0 RecalQP:0 
TOOL CFG: LFNST:1 MMVD:1 Affine:1 AffineType:1 AdaptBypassAffineMe:0 PROF:1 SbTMVP:1 DualITree:1 IMV:1 BIO:1 LMChroma:1 HorCollocatedChroma:1 VerCollocatedChroma:0 MTS:1(explicit intra) SBT:1 ISP:1 SMVD:1 CompositeLTReference:0 Bcw:1 BcwFast:1 LADF:0 CIIP:1 Geo:1 AllowDisFracMMVD:1 AffineAmvr:1 AffineAmvrEncOpt:1 AffineAmvp:1 DMVR:1 MmvdDisNum:6 JointCbCr:1 ACT:0 PLT:0 IBC:0 HashME:0 WrapAround:0 VirtualBoundariesEnabledFlag:0 VirtualBoundariesPresentInSPSFlag:1 vertical virtual boundaries:[ ] horizontal virtual boundaries:[ ] Reshape:1 (Signal:SDR Opt:0 CSoffset:6) MRL:1 MIP:1 EncDbOpt:1 AlfLambdaOpt:0 
FAST TOOL CFG: LCTUFast:1 FastMrg:1 MaxMergeRdCandNumTotal:7 MergeRdCandQuotaRegular:4 MergeRdCandQuotaRegularSmallBlk:4 MergeRdCandQuotaSubBlk:2 MergeRdCandQuotaCiip:1 MergeRdCandQuotaGpm:8 PBIntraFast:1 IMV4PelFast:1 MTSMaxCand: 4(intra) 4(inter) ISPFast:0 FastLFNST:0 AMaxBT:1 E0023FastEnc:1 ContentBasedFastQtbt:0 UseNonLinearAlfLuma:1 UseNonLinearAlfChroma:1 MaxNumAlfAlternativesChroma:8 FastMIP:0 TTFastSkip:31 TTFastSkipThr:1.075 FastLocalDualTree:1 RPR:0 TemporalFilter:4/4 SEI CTI:0 BIM:0 SEI FGC:0 SEI processing Order:0 DPF:0 


 started @ Mon Aug 18 22:00:34 2025
POC    0 LId:  0 TId: 0 ( IDR_N_LP, I-SLICE, QP 19 )     143960 bits [Y 45.2791 dB    U 47.7721 dB    V 48.0001 dB] [ET    35 ] [L0] [L1]
POC   32 LId:  0 TId: 0 ( TRAIL, B-SLICE, QP 21 )      60848 bits [Y 44.6473 dB    U 46.9659 dB    V 47.0925 dB] [ET    36 ] [L0 0] [L1 0c]
POC   16 LId:  0 TId: 1 ( STSA, B-SLICE, QP 22 )      34816 bits [Y 44.1585 dB    U 46.4475 dB    V 46.5306 dB] [ET    24 ] [L0 0 32] [L1 32c]
POC    8 LId:  0 TId: 2 ( TRAIL, B-SLICE, QP 23 )      25616 bits [Y 43.9255 dB    U 46.4851 dB    V 46.4022 dB] [ET    20 ] [L0 0 16 32] [L1 16c 32]
POC    4 LId:  0 TId: 3 ( TRAIL, B-SLICE, QP 26 )      15896 bits [Y 43.2010 dB    U 46.0960 dB    V 45.5638 dB] [ET    19 ] [L0 0 8 16] [L1 8c 16 32]
POC    2 LId:  0 TId: 4 ( TRAIL, B-SLICE, QP 28 )       7520 bits [Y 42.8693 dB    U 46.5621 dB    V 45.7944 dB] [ET    14 ] [L0 0 4 8] [L1 4c 8 16 32]
POC    1 LId:  0 TId: 5 ( TRAIL, B-SLICE, QP 29 )       3152 bits [Y 42.9139 dB    U 46.8934 dB    V 46.5027 dB] [ET     6 ] [L0 0] [L1 2c 4]
POC    3 LId:  0 TId: 5 ( TRAIL, B-SLICE, QP 29 )       3320 bits [Y 42.3698 dB    U 46.2339 dB    V 45.3457 dB] [ET     8 ] [L0 2c 0] [L1 4 8]
POC    6 LId:  0 TId: 4 ( TRAIL, B-SLICE, QP 28 )       8544 bits [Y 42.3597 dB    U 45.8378 dB    V 45.0972 dB] [ET    14 ] [L0 4c 2 0] [L1 8 16 32]
POC    5 LId:  0 TId: 5 ( TRAIL, B-SLICE, QP 29 )       2792 bits [Y 42.2043 dB    U 45.7499 dB    V 44.9527 dB] [ET     8 ] [L0 4 0] [L1 6c 8]
POC    7 LId:  0 TId: 5 ( TRAIL, B-SLICE, QP 29 )       3536 bits [Y 42.3002 dB    U 45.8601 dB    V 45.3398 dB] [ET     8 ] [L0 6c 4] [L1 8 16]
POC   12 LId:  0 TId: 3 ( TRAIL, B-SLICE, QP 26 )      15376 bits [Y 43.1482 dB    U 46.0036 dB    V 45.6603 dB] [ET    14 ] [L0 8c 4 0] [L1 16 32]
POC   10 LId:  0 TId: 4 ( TRAIL, B-SLICE, QP 28 )       7936 bits [Y 42.5065 dB    U 45.8775 dB    V 45.4248 dB] [ET    14 ] [L0 8 6 4 0] [L1 12c 16 32]
POC    9 LId:  0 TId: 5 ( TRAIL, B-SLICE, QP 29 )       3712 bits [Y 42.2896 dB    U 45.9275 dB    V 45.6519 dB] [ET     7 ] [L0 8 4] [L1 10c 12]
POC   11 LId:  0 TId: 5 ( TRAIL, B-SLICE, QP 29 )       3488 bits [Y 42.1542 dB    U 45.9250 dB    V 45.2137 dB] [ET     6 ] [L0 10c 8] [L1 12 16]
POC   14 LId:  0 TId: 4 ( TRAIL, B-SLICE, QP 28 )       6904 bits [Y 42.6847 dB    U 45.9848 dB    V 45.5568 dB] [ET    12 ] [L0 12c 10 8 0] [L1 16 32]
POC   13 LId:  0 TId: 5 ( TRAIL, B-SLICE, QP 29 )       2432 bits [Y 42.2987 dB    U 46.0131 dB    V 45.4166 dB] [ET     5 ] [L0 12 8] [L1 14c 16]
POC   15 LId:  0 TId: 5 ( TRAIL, B-SLICE, QP 29 )       2064 bits [Y 42.7379 dB    U 46.1008 dB    V 45.6794 dB] [ET     7 ] [L0 14c 12] [L1 16 32]
POC   24 LId:  0 TId: 2 ( TRAIL, B-SLICE, QP 23 )      27448 bits [Y 43.8196 dB    U 46.2435 dB    V 46.2784 dB] [ET    15 ] [L0 16c 8 0] [L1 32]
POC   20 LId:  0 TId: 3 ( TRAIL, B-SLICE, QP 26 )      15104 bits [Y 43.0901 dB    U 45.8767 dB    V 45.3256 dB] [ET    15 ] [L0 16 8 0] [L1 24c 32]
POC   18 LId:  0 TId: 4 ( TRAIL, B-SLICE, QP 28 )       6760 bits [Y 42.4730 dB    U 46.0585 dB    V 45.5438 dB] [ET    12 ] [L0 16 8 0] [L1 20c 24 32]
POC   17 LId:  0 TId: 5 ( TRAIL, B-SLICE, QP 29 )       2136 bits [Y 42.6062 dB    U 46.1541 dB    V 45.7400 dB] [ET     7 ] [L0 16 8] [L1 18c 20]
POC   19 LId:  0 TId: 5 ( TRAIL, B-SLICE, QP 29 )       2144 bits [Y 42.2607 dB    U 45.8427 dB    V 45.1380 dB] [ET     5 ] [L0 18c 16] [L1 20 24]
POC   22 LId:  0 TId: 4 ( TRAIL, B-SLICE, QP 28 )       6376 bits [Y 42.2996 dB    U 46.0016 dB    V 45.0201 dB] [ET    11 ] [L0 20c 16 0] [L1 24 32 18]
POC   21 LId:  0 TId: 5 ( TRAIL, B-SLICE, QP 29 )       2064 bits [Y 42.2109 dB    U 45.9118 dB    V 44.9818 dB] [ET     7 ] [L0 20 16] [L1 22c 24]
POC   23 LId:  0 TId: 5 ( TRAIL, B-SLICE, QP 29 )       1880 bits [Y 42.4496 dB    U 46.0996 dB    V 45.2683 dB] [ET     7 ] [L0 22c 20] [L1 24 32]
POC   28 LId:  0 TId: 3 ( TRAIL, B-SLICE, QP 26 )      15328 bits [Y 43.0526 dB    U 46.1988 dB    V 45.4917 dB] [ET    15 ] [L0 24c 20 16 0] [L1 32]
POC   26 LId:  0 TId: 4 ( TRAIL, B-SLICE, QP 28 )       6600 bits [Y 42.3888 dB    U 46.0255 dB    V 45.1539 dB] [ET    11 ] [L0 24 20 16 0] [L1 28c 32]
POC   25 LId:  0 TId: 5 ( TRAIL, B-SLICE, QP 29 )       1824 bits [Y 42.3621 dB    U 46.2281 dB    V 45.5736 dB] [ET     6 ] [L0 24 20] [L1 26c 28]
POC   27 LId:  0 TId: 5 ( TRAIL, B-SLICE, QP 29 )       2128 bits [Y 42.0797 dB    U 46.1218 dB    V 44.9574 dB] [ET     7 ] [L0 26c 24] [L1 28 32]
POC   30 LId:  0 TId: 4 ( TRAIL, B-SLICE, QP 28 )       6888 bits [Y 42.5568 dB    U 46.1836 dB    V 45.4626 dB] [ET    10 ] [L0 28c 24 16 0] [L1 32]
POC   29 LId:  0 TId: 5 ( TRAIL, B-SLICE, QP 29 )       2400 bits [Y 42.1211 dB    U 46.1314 dB    V 45.1466 dB] [ET     7 ] [L0 28 24] [L1 30c 32]
POC   31 LId:  0 TId: 5 ( TRAIL, B-SLICE, QP 29 )       2856 bits [Y 42.7157 dB    U 46.2962 dB    V 45.3574 dB] [ET     5 ] [L0 30c 28] [L1 32]

LayerId  0
	Total Frames |  Bitrate      Y-PSNR   U-PSNR   V-PSNR   YUV-PSNR 
	33           a  687.6485     42.8041  46.1852  45.6262  43.5584  

 finished @ Mon Aug 18 22:07:12 2025
 Total Time:      397.794 sec. [user]      397.794 sec. [elapsed]
