
VVCSoftware: VTM Encoder Version 23.11 [Windows][VS 1944][64 bit] [SIMD=AVX2] 

TOOL CFG: IBD:1 HAD:1 RDQ:1 RDQTS:1 LQP:0 SQP:0 ASR:1 MinSearchWindow:96 RestrictMESampling:0 FEN:1 ECU:0 FDM:1 ESD:0 TransformSkip:1 TransformSkipFast:1 TransformSkipLog2MaxSize:5 ChromaTS:1 BDPCM:0 Tiles: 1x1 Slices: 1 MCTS:0 SAO:1 ALF:1 CCALF:1 MaxNumALFAPS 8 AlfapsIDShift 0 ConstantJointCbCrSignFlagWPP:0 WPB:0 PME:2  WaveFrontSynchro:0 WaveFrontSubstreams:1 ScalingList:0 TMVPMode:1  DQ:1  SignBitHidingFlag:0 RecalQP:0 
TOOL CFG: LFNST:1 MMVD:1 Affine:1 AffineType:1 AdaptBypassAffineMe:0 PROF:1 SbTMVP:1 DualITree:1 IMV:1 BIO:1 LMChroma:1 HorCollocatedChroma:1 VerCollocatedChroma:0 MTS:1(explicit intra) SBT:1 ISP:1 SMVD:1 CompositeLTReference:0 Bcw:1 BcwFast:1 LADF:0 CIIP:1 Geo:1 AllowDisFracMMVD:1 AffineAmvr:1 AffineAmvrEncOpt:1 AffineAmvp:1 DMVR:1 MmvdDisNum:6 JointCbCr:1 ACT:0 PLT:0 IBC:0 HashME:0 WrapAround:0 VirtualBoundariesEnabledFlag:0 VirtualBoundariesPresentInSPSFlag:1 vertical virtual boundaries:[ ] horizontal virtual boundaries:[ ] Reshape:1 (Signal:SDR Opt:0 CSoffset:6) MRL:1 MIP:1 EncDbOpt:1 AlfLambdaOpt:0 
FAST TOOL CFG: LCTUFast:1 FastMrg:1 MaxMergeRdCandNumTotal:7 MergeRdCandQuotaRegular:4 MergeRdCandQuotaRegularSmallBlk:4 MergeRdCandQuotaSubBlk:2 MergeRdCandQuotaCiip:1 MergeRdCandQuotaGpm:8 PBIntraFast:1 IMV4PelFast:1 MTSMaxCand: 4(intra) 4(inter) ISPFast:0 FastLFNST:0 AMaxBT:1 E0023FastEnc:1 ContentBasedFastQtbt:0 UseNonLinearAlfLuma:1 UseNonLinearAlfChroma:1 MaxNumAlfAlternativesChroma:8 FastMIP:0 TTFastSkip:31 TTFastSkipThr:1.075 FastLocalDualTree:1 RPR:0 TemporalFilter:4/4 SEI CTI:0 BIM:0 SEI FGC:0 SEI processing Order:0 DPF:0 


 started @ Wed Sep 24 04:36:51 2025
POC    0 LId:  0 TId: 0 ( IDR_N_LP, I-SLICE, QP 24 )    1686192 bits [Y 38.1641 dB    U 42.1426 dB    V 44.2811 dB] [ET   450 ] [L0] [L1]
POC    8 LId:  0 TId: 2 ( STSA, B-SLICE, QP 29 )     242424 bits [Y 35.8927 dB    U 41.7395 dB    V 44.1469 dB] [ET   308 ] [L0 0] [L1 0c]
POC    4 LId:  0 TId: 3 ( TRAIL, B-SLICE, QP 32 )      86352 bits [Y 35.6825 dB    U 41.8767 dB    V 44.2081 dB] [ET   225 ] [L0 0 8] [L1 8c 0]
POC    2 LId:  0 TId: 4 ( TRAIL, B-SLICE, QP 34 )      28160 bits [Y 35.6382 dB    U 41.9356 dB    V 44.1587 dB] [ET   111 ] [L0 0 4 8] [L1 4c 8 0]
POC    1 LId:  0 TId: 5 ( TRAIL, B-SLICE, QP 36 )       8816 bits [Y 36.0380 dB    U 42.0962 dB    V 44.2531 dB] [ET    46 ] [L0 0] [L1 2c 4]
POC    3 LId:  0 TId: 5 ( TRAIL, B-SLICE, QP 36 )      10712 bits [Y 35.3622 dB    U 41.9223 dB    V 44.1943 dB] [ET    56 ] [L0 2c 0] [L1 4 8]
POC    6 LId:  0 TId: 4 ( TRAIL, B-SLICE, QP 34 )      28000 bits [Y 35.6283 dB    U 41.8078 dB    V 44.1101 dB] [ET   121 ] [L0 4c 2 0] [L1 8 4 2]
POC    5 LId:  0 TId: 5 ( TRAIL, B-SLICE, QP 36 )       7880 bits [Y 35.3418 dB    U 41.8441 dB    V 44.1760 dB] [ET    49 ] [L0 4 0] [L1 6c 8]
POC    7 LId:  0 TId: 5 ( TRAIL, B-SLICE, QP 36 )       9024 bits [Y 35.4591 dB    U 41.8055 dB    V 44.1542 dB] [ET    52 ] [L0 6c 4] [L1 8 6]
POC   12 LId:  0 TId: 3 ( TRAIL, B-SLICE, QP 32 )      93288 bits [Y 35.6776 dB    U 41.6706 dB    V 44.0869 dB] [ET   201 ] [L0 8 4 0] [L1 8c 4]
POC   10 LId:  0 TId: 4 ( TRAIL, B-SLICE, QP 34 )      25664 bits [Y 35.3390 dB    U 41.7089 dB    V 44.0371 dB] [ET   118 ] [L0 8 6 4 0] [L1 12c 8 6]
POC    9 LId:  0 TId: 5 ( TRAIL, B-SLICE, QP 36 )      10336 bits [Y 35.3103 dB    U 41.7493 dB    V 44.1158 dB] [ET    57 ] [L0 8 4] [L1 10c 12]
POC   11 LId:  0 TId: 5 ( TRAIL, B-SLICE, QP 36 )       8824 bits [Y 35.2658 dB    U 41.7133 dB    V 44.0624 dB] [ET    53 ] [L0 10c 8] [L1 12 10]
POC   14 LId:  0 TId: 4 ( TRAIL, B-SLICE, QP 34 )      49736 bits [Y 35.2780 dB    U 41.5526 dB    V 44.0075 dB] [ET   170 ] [L0 12 10 8 0] [L1 12c 10]
POC   13 LId:  0 TId: 5 ( TRAIL, B-SLICE, QP 36 )       7240 bits [Y 35.2455 dB    U 41.6496 dB    V 44.0401 dB] [ET    47 ] [L0 12 8] [L1 14c 12]
POC   15 LId:  0 TId: 5 ( TRAIL, B-SLICE, QP 36 )      19960 bits [Y 34.8665 dB    U 41.4915 dB    V 43.9388 dB] [ET    72 ] [L0 14 12] [L1 14c 12]

LayerId  0
	Total Frames |  Bitrate      Y-PSNR   U-PSNR   V-PSNR   YUV-PSNR 
	16           a  8709.7800    35.6369  41.7941  44.1232  36.9538  

 finished @ Wed Sep 24 05:12:28 2025
 Total Time:     2137.533 sec. [user]     2137.534 sec. [elapsed]
